BSAI_flats 1 2018 Cabc 38.5606
BSAI_flats 1 2018 Cofl 42.1726
BSAI_flats 1 2018 CLCI 11.305
BSAI_flats 1 2018 CUCI 11.305
BSAI_flats 1 2018 CMedian 11.305
BSAI_flats 1 2018 CMean 11.305
BSAI_flats 1 2018 CStdn 1.66978e-13
BSAI_flats 1 2019 Cabc 38.5606
BSAI_flats 1 2019 Cofl 42.1726
BSAI_flats 1 2019 CLCI 12.936
BSAI_flats 1 2019 CUCI 12.936
BSAI_flats 1 2019 CMedian 12.936
BSAI_flats 1 2019 CMean 12.936
BSAI_flats 1 2019 CStdn 6.76913e-10
BSAI_flats 1 2020 Cabc 38.5606
BSAI_flats 1 2020 Cofl 42.1726
BSAI_flats 1 2020 CLCI 12.936
BSAI_flats 1 2020 CUCI 12.936
BSAI_flats 1 2020 CMedian 12.936
BSAI_flats 1 2020 CMean 12.936
BSAI_flats 1 2020 CStdn 7.86693e-09
BSAI_flats 1 2021 Cabc 38.5606
BSAI_flats 1 2021 Cofl 42.1726
BSAI_flats 1 2021 CLCI 70.9727
BSAI_flats 1 2021 CUCI 71.4436
BSAI_flats 1 2021 CMedian 71.1329
BSAI_flats 1 2021 CMean 71.1604
BSAI_flats 1 2021 CStdn 0.158497
BSAI_flats 1 2022 Cabc 38.5606
BSAI_flats 1 2022 Cofl 42.1726
BSAI_flats 1 2022 CLCI 64.2997
BSAI_flats 1 2022 CUCI 65.8519
BSAI_flats 1 2022 CMedian 64.8606
BSAI_flats 1 2022 CMean 64.9477
BSAI_flats 1 2022 CStdn 0.528471
BSAI_flats 1 2023 Cabc 38.5606
BSAI_flats 1 2023 Cofl 42.1726
BSAI_flats 1 2023 CLCI 58.7272
BSAI_flats 1 2023 CUCI 62.45
BSAI_flats 1 2023 CMedian 60.09
BSAI_flats 1 2023 CMean 60.29
BSAI_flats 1 2023 CStdn 1.24764
BSAI_flats 1 2024 Cabc 38.5606
BSAI_flats 1 2024 Cofl 42.1726
BSAI_flats 1 2024 CLCI 53.377
BSAI_flats 1 2024 CUCI 60.1974
BSAI_flats 1 2024 CMedian 55.9978
BSAI_flats 1 2024 CMean 56.2854
BSAI_flats 1 2024 CStdn 2.26873
BSAI_flats 1 2025 Cabc 38.5606
BSAI_flats 1 2025 Cofl 42.1726
BSAI_flats 1 2025 CLCI 48.206
BSAI_flats 1 2025 CUCI 58.7208
BSAI_flats 1 2025 CMedian 52.1763
BSAI_flats 1 2025 CMean 52.6033
BSAI_flats 1 2025 CStdn 3.38756
BSAI_flats 1 2026 Cabc 38.5606
BSAI_flats 1 2026 Cofl 42.1726
BSAI_flats 1 2026 CLCI 43.4719
BSAI_flats 1 2026 CUCI 56.8042
BSAI_flats 1 2026 CMedian 48.6646
BSAI_flats 1 2026 CMean 49.3194
BSAI_flats 1 2026 CStdn 4.37565
BSAI_flats 1 2027 Cabc 38.5606
BSAI_flats 1 2027 Cofl 42.1726
BSAI_flats 1 2027 CLCI 39.285
BSAI_flats 1 2027 CUCI 55.4106
BSAI_flats 1 2027 CMedian 45.9275
BSAI_flats 1 2027 CMean 46.4998
BSAI_flats 1 2027 CStdn 5.1054
BSAI_flats 1 2028 Cabc 38.5606
BSAI_flats 1 2028 Cofl 42.1726
BSAI_flats 1 2028 CLCI 34.9577
BSAI_flats 1 2028 CUCI 54.0705
BSAI_flats 1 2028 CMedian 43.5599
BSAI_flats 1 2028 CMean 44.0845
BSAI_flats 1 2028 CStdn 5.78582
BSAI_flats 1 2029 Cabc 38.5606
BSAI_flats 1 2029 Cofl 42.1726
BSAI_flats 1 2029 CLCI 30.4196
BSAI_flats 1 2029 CUCI 52.3679
BSAI_flats 1 2029 CMedian 41.9661
BSAI_flats 1 2029 CMean 41.9647
BSAI_flats 1 2029 CStdn 6.55173
BSAI_flats 1 2030 Cabc 38.5606
BSAI_flats 1 2030 Cofl 42.1726
BSAI_flats 1 2030 CLCI 28.3292
BSAI_flats 1 2030 CUCI 51.426
BSAI_flats 1 2030 CMedian 40.612
BSAI_flats 1 2030 CMean 40.3841
BSAI_flats 1 2030 CStdn 6.99214
BSAI_flats 1 2031 Cabc 38.5606
BSAI_flats 1 2031 Cofl 42.1726
BSAI_flats 1 2031 CLCI 27.5304
BSAI_flats 1 2031 CUCI 50.7352
BSAI_flats 1 2031 CMedian 39.5568
BSAI_flats 1 2031 CMean 39.3396
BSAI_flats 1 2031 CStdn 7.14651
BSAI_flats 1 2018 SSBF100 212.06
BSAI_flats 1 2018 SSBFabc 84.824
BSAI_flats 1 2018 SSBFofl 74.221
BSAI_flats 1 2018 SSBLCI 154.355
BSAI_flats 1 2018 SSBUCI 154.355
BSAI_flats 1 2018 SSBMedian 154.355
BSAI_flats 1 2018 SSBMean 154.355
BSAI_flats 1 2019 SSBF100 212.06
BSAI_flats 1 2019 SSBFabc 84.824
BSAI_flats 1 2019 SSBFofl 74.221
BSAI_flats 1 2019 SSBLCI 153.197
BSAI_flats 1 2019 SSBUCI 153.213
BSAI_flats 1 2019 SSBMedian 153.202
BSAI_flats 1 2019 SSBMean 153.203
BSAI_flats 1 2020 SSBF100 212.06
BSAI_flats 1 2020 SSBFabc 84.824
BSAI_flats 1 2020 SSBFofl 74.221
BSAI_flats 1 2020 SSBLCI 155.001
BSAI_flats 1 2020 SSBUCI 155.08
BSAI_flats 1 2020 SSBMedian 155.028
BSAI_flats 1 2020 SSBMean 155.032
BSAI_flats 1 2021 SSBF100 212.06
BSAI_flats 1 2021 SSBFabc 84.824
BSAI_flats 1 2021 SSBFofl 74.221
BSAI_flats 1 2021 SSBLCI 160.955
BSAI_flats 1 2021 SSBUCI 161.264
BSAI_flats 1 2021 SSBMedian 161.065
BSAI_flats 1 2021 SSBMean 161.082
BSAI_flats 1 2022 SSBF100 212.06
BSAI_flats 1 2022 SSBFabc 84.824
BSAI_flats 1 2022 SSBFofl 74.221
BSAI_flats 1 2022 SSBLCI 145.034
BSAI_flats 1 2022 SSBUCI 146.032
BSAI_flats 1 2022 SSBMedian 145.397
BSAI_flats 1 2022 SSBMean 145.453
BSAI_flats 1 2023 SSBF100 212.06
BSAI_flats 1 2023 SSBFabc 84.824
BSAI_flats 1 2023 SSBFofl 74.221
BSAI_flats 1 2023 SSBLCI 134.63
BSAI_flats 1 2023 SSBUCI 137.474
BSAI_flats 1 2023 SSBMedian 135.675
BSAI_flats 1 2023 SSBMean 135.823
BSAI_flats 1 2024 SSBF100 212.06
BSAI_flats 1 2024 SSBFabc 84.824
BSAI_flats 1 2024 SSBFofl 74.221
BSAI_flats 1 2024 SSBLCI 125.651
BSAI_flats 1 2024 SSBUCI 132.793
BSAI_flats 1 2024 SSBMedian 128.308
BSAI_flats 1 2024 SSBMean 128.672
BSAI_flats 1 2025 SSBF100 212.06
BSAI_flats 1 2025 SSBFabc 84.824
BSAI_flats 1 2025 SSBFofl 74.221
BSAI_flats 1 2025 SSBLCI 114.897
BSAI_flats 1 2025 SSBUCI 129.696
BSAI_flats 1 2025 SSBMedian 120.475
BSAI_flats 1 2025 SSBMean 121.19
BSAI_flats 1 2026 SSBF100 212.06
BSAI_flats 1 2026 SSBFabc 84.824
BSAI_flats 1 2026 SSBFofl 74.221
BSAI_flats 1 2026 SSBLCI 102.56
BSAI_flats 1 2026 SSBUCI 127.818
BSAI_flats 1 2026 SSBMedian 112.202
BSAI_flats 1 2026 SSBMean 113.218
BSAI_flats 1 2027 SSBF100 212.06
BSAI_flats 1 2027 SSBFabc 84.824
BSAI_flats 1 2027 SSBFofl 74.221
BSAI_flats 1 2027 SSBLCI 91.3326
BSAI_flats 1 2027 SSBUCI 124.779
BSAI_flats 1 2027 SSBMedian 104.096
BSAI_flats 1 2027 SSBMean 105.791
BSAI_flats 1 2028 SSBF100 212.06
BSAI_flats 1 2028 SSBFabc 84.824
BSAI_flats 1 2028 SSBFofl 74.221
BSAI_flats 1 2028 SSBLCI 82.3302
BSAI_flats 1 2028 SSBUCI 121.891
BSAI_flats 1 2028 SSBMedian 98.1237
BSAI_flats 1 2028 SSBMean 99.7085
BSAI_flats 1 2029 SSBF100 212.06
BSAI_flats 1 2029 SSBFabc 84.824
BSAI_flats 1 2029 SSBFofl 74.221
BSAI_flats 1 2029 SSBLCI 75.8371
BSAI_flats 1 2029 SSBUCI 119.064
BSAI_flats 1 2029 SSBMedian 93.5208
BSAI_flats 1 2029 SSBMean 95.1571
BSAI_flats 1 2030 SSBF100 212.06
BSAI_flats 1 2030 SSBFabc 84.824
BSAI_flats 1 2030 SSBFofl 74.221
BSAI_flats 1 2030 SSBLCI 72.8624
BSAI_flats 1 2030 SSBUCI 115.575
BSAI_flats 1 2030 SSBMedian 90.4888
BSAI_flats 1 2030 SSBMean 92.0079
BSAI_flats 1 2031 SSBF100 212.06
BSAI_flats 1 2031 SSBFabc 84.824
BSAI_flats 1 2031 SSBFofl 74.221
BSAI_flats 1 2031 SSBLCI 71.1388
BSAI_flats 1 2031 SSBUCI 114.595
BSAI_flats 1 2031 SSBMedian 88.1524
BSAI_flats 1 2031 SSBMean 89.9721
BSAI_flats 1 2018 F0 0 
BSAI_flats 1 2018 Fabc 0.380297
BSAI_flats 1 2018 Fofl 0.472195
BSAI_flats 1 2018  F_LCI 0.0603301
BSAI_flats 1 2018  F_UCI 0.0603301
BSAI_flats 1 2018  F_Median 0.0603301
BSAI_flats 1 2018  F_Mean 0.0603301
BSAI_flats 1 2019 F0 0 
BSAI_flats 1 2019 Fabc 0.380297
BSAI_flats 1 2019 Fofl 0.472195
BSAI_flats 1 2019  F_LCI 0.0683303
BSAI_flats 1 2019  F_UCI 0.068339
BSAI_flats 1 2019  F_Median 0.0683363
BSAI_flats 1 2019  F_Mean 0.0683357
BSAI_flats 1 2020 F0 0 
BSAI_flats 1 2020 Fabc 0.380297
BSAI_flats 1 2020 Fofl 0.472195
BSAI_flats 1 2020  F_LCI 0.0665986
BSAI_flats 1 2020  F_UCI 0.0666808
BSAI_flats 1 2020  F_Median 0.0666541
BSAI_flats 1 2020  F_Mean 0.0666489
BSAI_flats 1 2021 F0 0 
BSAI_flats 1 2021 Fabc 0.380297
BSAI_flats 1 2021 Fofl 0.472195
BSAI_flats 1 2021  F_LCI 0.380297
BSAI_flats 1 2021  F_UCI 0.380297
BSAI_flats 1 2021  F_Median 0.380297
BSAI_flats 1 2021  F_Mean 0.380297
BSAI_flats 1 2022 F0 0 
BSAI_flats 1 2022 Fabc 0.380297
BSAI_flats 1 2022 Fofl 0.472195
BSAI_flats 1 2022  F_LCI 0.380297
BSAI_flats 1 2022  F_UCI 0.380297
BSAI_flats 1 2022  F_Median 0.380297
BSAI_flats 1 2022  F_Mean 0.380297
BSAI_flats 1 2023 F0 0 
BSAI_flats 1 2023 Fabc 0.380297
BSAI_flats 1 2023 Fofl 0.472195
BSAI_flats 1 2023  F_LCI 0.380297
BSAI_flats 1 2023  F_UCI 0.380297
BSAI_flats 1 2023  F_Median 0.380297
BSAI_flats 1 2023  F_Mean 0.380297
BSAI_flats 1 2024 F0 0 
BSAI_flats 1 2024 Fabc 0.380297
BSAI_flats 1 2024 Fofl 0.472195
BSAI_flats 1 2024  F_LCI 0.380297
BSAI_flats 1 2024  F_UCI 0.380297
BSAI_flats 1 2024  F_Median 0.380297
BSAI_flats 1 2024  F_Mean 0.380297
BSAI_flats 1 2025 F0 0 
BSAI_flats 1 2025 Fabc 0.380297
BSAI_flats 1 2025 Fofl 0.472195
BSAI_flats 1 2025  F_LCI 0.380297
BSAI_flats 1 2025  F_UCI 0.380297
BSAI_flats 1 2025  F_Median 0.380297
BSAI_flats 1 2025  F_Mean 0.380297
BSAI_flats 1 2026 F0 0 
BSAI_flats 1 2026 Fabc 0.380297
BSAI_flats 1 2026 Fofl 0.472195
BSAI_flats 1 2026  F_LCI 0.380297
BSAI_flats 1 2026  F_UCI 0.380297
BSAI_flats 1 2026  F_Median 0.380297
BSAI_flats 1 2026  F_Mean 0.380297
BSAI_flats 1 2027 F0 0 
BSAI_flats 1 2027 Fabc 0.380297
BSAI_flats 1 2027 Fofl 0.472195
BSAI_flats 1 2027  F_LCI 0.380297
BSAI_flats 1 2027  F_UCI 0.380297
BSAI_flats 1 2027  F_Median 0.380297
BSAI_flats 1 2027  F_Mean 0.380287
BSAI_flats 1 2028 F0 0 
BSAI_flats 1 2028 Fabc 0.380297
BSAI_flats 1 2028 Fofl 0.472195
BSAI_flats 1 2028  F_LCI 0.368528
BSAI_flats 1 2028  F_UCI 0.380297
BSAI_flats 1 2028  F_Median 0.380297
BSAI_flats 1 2028  F_Mean 0.378771
BSAI_flats 1 2029 F0 0 
BSAI_flats 1 2029 Fabc 0.380297
BSAI_flats 1 2029 Fofl 0.472195
BSAI_flats 1 2029  F_LCI 0.337885
BSAI_flats 1 2029  F_UCI 0.380297
BSAI_flats 1 2029  F_Median 0.380297
BSAI_flats 1 2029  F_Mean 0.374123
BSAI_flats 1 2030 F0 0 
BSAI_flats 1 2030 Fabc 0.380297
BSAI_flats 1 2030 Fofl 0.472195
BSAI_flats 1 2030  F_LCI 0.323846
BSAI_flats 1 2030  F_UCI 0.380297
BSAI_flats 1 2030  F_Median 0.380297
BSAI_flats 1 2030  F_Mean 0.369599
BSAI_flats 1 2031 F0 0 
BSAI_flats 1 2031 Fabc 0.380297
BSAI_flats 1 2031 Fofl 0.472195
BSAI_flats 1 2031  F_LCI 0.315712
BSAI_flats 1 2031  F_UCI 0.380297
BSAI_flats 1 2031  F_Median 0.380297
BSAI_flats 1 2031  F_Mean 0.366552
BSAI_flats 2 2018 Cabc 38.5606
BSAI_flats 2 2018 Cofl 42.1726
BSAI_flats 2 2018 CLCI 11.305
BSAI_flats 2 2018 CUCI 11.305
BSAI_flats 2 2018 CMedian 11.305
BSAI_flats 2 2018 CMean 11.305
BSAI_flats 2 2018 CStdn 1.66978e-13
BSAI_flats 2 2019 Cabc 38.5606
BSAI_flats 2 2019 Cofl 42.1726
BSAI_flats 2 2019 CLCI 12.936
BSAI_flats 2 2019 CUCI 12.936
BSAI_flats 2 2019 CMedian 12.936
BSAI_flats 2 2019 CMean 12.936
BSAI_flats 2 2019 CStdn 6.76913e-10
BSAI_flats 2 2020 Cabc 38.5606
BSAI_flats 2 2020 Cofl 42.1726
BSAI_flats 2 2020 CLCI 12.936
BSAI_flats 2 2020 CUCI 12.936
BSAI_flats 2 2020 CMedian 12.936
BSAI_flats 2 2020 CMean 12.936
BSAI_flats 2 2020 CStdn 7.86693e-09
BSAI_flats 2 2021 Cabc 38.5606
BSAI_flats 2 2021 Cofl 42.1726
BSAI_flats 2 2021 CLCI 70.9727
BSAI_flats 2 2021 CUCI 71.4436
BSAI_flats 2 2021 CMedian 71.1329
BSAI_flats 2 2021 CMean 71.1604
BSAI_flats 2 2021 CStdn 0.158497
BSAI_flats 2 2022 Cabc 38.5606
BSAI_flats 2 2022 Cofl 42.1726
BSAI_flats 2 2022 CLCI 64.2997
BSAI_flats 2 2022 CUCI 65.8519
BSAI_flats 2 2022 CMedian 64.8606
BSAI_flats 2 2022 CMean 64.9477
BSAI_flats 2 2022 CStdn 0.528471
BSAI_flats 2 2023 Cabc 38.5606
BSAI_flats 2 2023 Cofl 42.1726
BSAI_flats 2 2023 CLCI 58.7272
BSAI_flats 2 2023 CUCI 62.45
BSAI_flats 2 2023 CMedian 60.09
BSAI_flats 2 2023 CMean 60.29
BSAI_flats 2 2023 CStdn 1.24764
BSAI_flats 2 2024 Cabc 38.5606
BSAI_flats 2 2024 Cofl 42.1726
BSAI_flats 2 2024 CLCI 53.377
BSAI_flats 2 2024 CUCI 60.1974
BSAI_flats 2 2024 CMedian 55.9978
BSAI_flats 2 2024 CMean 56.2854
BSAI_flats 2 2024 CStdn 2.26873
BSAI_flats 2 2025 Cabc 38.5606
BSAI_flats 2 2025 Cofl 42.1726
BSAI_flats 2 2025 CLCI 48.206
BSAI_flats 2 2025 CUCI 58.7208
BSAI_flats 2 2025 CMedian 52.1763
BSAI_flats 2 2025 CMean 52.6033
BSAI_flats 2 2025 CStdn 3.38756
BSAI_flats 2 2026 Cabc 38.5606
BSAI_flats 2 2026 Cofl 42.1726
BSAI_flats 2 2026 CLCI 43.4719
BSAI_flats 2 2026 CUCI 56.8042
BSAI_flats 2 2026 CMedian 48.6646
BSAI_flats 2 2026 CMean 49.3194
BSAI_flats 2 2026 CStdn 4.37565
BSAI_flats 2 2027 Cabc 38.5606
BSAI_flats 2 2027 Cofl 42.1726
BSAI_flats 2 2027 CLCI 39.285
BSAI_flats 2 2027 CUCI 55.4106
BSAI_flats 2 2027 CMedian 45.9275
BSAI_flats 2 2027 CMean 46.4998
BSAI_flats 2 2027 CStdn 5.1054
BSAI_flats 2 2028 Cabc 38.5606
BSAI_flats 2 2028 Cofl 42.1726
BSAI_flats 2 2028 CLCI 34.9577
BSAI_flats 2 2028 CUCI 54.0705
BSAI_flats 2 2028 CMedian 43.5599
BSAI_flats 2 2028 CMean 44.0845
BSAI_flats 2 2028 CStdn 5.78582
BSAI_flats 2 2029 Cabc 38.5606
BSAI_flats 2 2029 Cofl 42.1726
BSAI_flats 2 2029 CLCI 30.4196
BSAI_flats 2 2029 CUCI 52.3679
BSAI_flats 2 2029 CMedian 41.9661
BSAI_flats 2 2029 CMean 41.9647
BSAI_flats 2 2029 CStdn 6.55173
BSAI_flats 2 2030 Cabc 38.5606
BSAI_flats 2 2030 Cofl 42.1726
BSAI_flats 2 2030 CLCI 28.3292
BSAI_flats 2 2030 CUCI 51.426
BSAI_flats 2 2030 CMedian 40.612
BSAI_flats 2 2030 CMean 40.3841
BSAI_flats 2 2030 CStdn 6.99214
BSAI_flats 2 2031 Cabc 38.5606
BSAI_flats 2 2031 Cofl 42.1726
BSAI_flats 2 2031 CLCI 27.5304
BSAI_flats 2 2031 CUCI 50.7352
BSAI_flats 2 2031 CMedian 39.5568
BSAI_flats 2 2031 CMean 39.3396
BSAI_flats 2 2031 CStdn 7.14651
BSAI_flats 2 2018 SSBF100 212.06
BSAI_flats 2 2018 SSBFabc 84.824
BSAI_flats 2 2018 SSBFofl 74.221
BSAI_flats 2 2018 SSBLCI 154.355
BSAI_flats 2 2018 SSBUCI 154.355
BSAI_flats 2 2018 SSBMedian 154.355
BSAI_flats 2 2018 SSBMean 154.355
BSAI_flats 2 2019 SSBF100 212.06
BSAI_flats 2 2019 SSBFabc 84.824
BSAI_flats 2 2019 SSBFofl 74.221
BSAI_flats 2 2019 SSBLCI 153.197
BSAI_flats 2 2019 SSBUCI 153.213
BSAI_flats 2 2019 SSBMedian 153.202
BSAI_flats 2 2019 SSBMean 153.203
BSAI_flats 2 2020 SSBF100 212.06
BSAI_flats 2 2020 SSBFabc 84.824
BSAI_flats 2 2020 SSBFofl 74.221
BSAI_flats 2 2020 SSBLCI 155.001
BSAI_flats 2 2020 SSBUCI 155.08
BSAI_flats 2 2020 SSBMedian 155.028
BSAI_flats 2 2020 SSBMean 155.032
BSAI_flats 2 2021 SSBF100 212.06
BSAI_flats 2 2021 SSBFabc 84.824
BSAI_flats 2 2021 SSBFofl 74.221
BSAI_flats 2 2021 SSBLCI 160.955
BSAI_flats 2 2021 SSBUCI 161.264
BSAI_flats 2 2021 SSBMedian 161.065
BSAI_flats 2 2021 SSBMean 161.082
BSAI_flats 2 2022 SSBF100 212.06
BSAI_flats 2 2022 SSBFabc 84.824
BSAI_flats 2 2022 SSBFofl 74.221
BSAI_flats 2 2022 SSBLCI 145.034
BSAI_flats 2 2022 SSBUCI 146.032
BSAI_flats 2 2022 SSBMedian 145.397
BSAI_flats 2 2022 SSBMean 145.453
BSAI_flats 2 2023 SSBF100 212.06
BSAI_flats 2 2023 SSBFabc 84.824
BSAI_flats 2 2023 SSBFofl 74.221
BSAI_flats 2 2023 SSBLCI 134.63
BSAI_flats 2 2023 SSBUCI 137.474
BSAI_flats 2 2023 SSBMedian 135.675
BSAI_flats 2 2023 SSBMean 135.823
BSAI_flats 2 2024 SSBF100 212.06
BSAI_flats 2 2024 SSBFabc 84.824
BSAI_flats 2 2024 SSBFofl 74.221
BSAI_flats 2 2024 SSBLCI 125.651
BSAI_flats 2 2024 SSBUCI 132.793
BSAI_flats 2 2024 SSBMedian 128.308
BSAI_flats 2 2024 SSBMean 128.672
BSAI_flats 2 2025 SSBF100 212.06
BSAI_flats 2 2025 SSBFabc 84.824
BSAI_flats 2 2025 SSBFofl 74.221
BSAI_flats 2 2025 SSBLCI 114.897
BSAI_flats 2 2025 SSBUCI 129.696
BSAI_flats 2 2025 SSBMedian 120.475
BSAI_flats 2 2025 SSBMean 121.19
BSAI_flats 2 2026 SSBF100 212.06
BSAI_flats 2 2026 SSBFabc 84.824
BSAI_flats 2 2026 SSBFofl 74.221
BSAI_flats 2 2026 SSBLCI 102.56
BSAI_flats 2 2026 SSBUCI 127.818
BSAI_flats 2 2026 SSBMedian 112.202
BSAI_flats 2 2026 SSBMean 113.218
BSAI_flats 2 2027 SSBF100 212.06
BSAI_flats 2 2027 SSBFabc 84.824
BSAI_flats 2 2027 SSBFofl 74.221
BSAI_flats 2 2027 SSBLCI 91.3326
BSAI_flats 2 2027 SSBUCI 124.779
BSAI_flats 2 2027 SSBMedian 104.096
BSAI_flats 2 2027 SSBMean 105.791
BSAI_flats 2 2028 SSBF100 212.06
BSAI_flats 2 2028 SSBFabc 84.824
BSAI_flats 2 2028 SSBFofl 74.221
BSAI_flats 2 2028 SSBLCI 82.3302
BSAI_flats 2 2028 SSBUCI 121.891
BSAI_flats 2 2028 SSBMedian 98.1237
BSAI_flats 2 2028 SSBMean 99.7085
BSAI_flats 2 2029 SSBF100 212.06
BSAI_flats 2 2029 SSBFabc 84.824
BSAI_flats 2 2029 SSBFofl 74.221
BSAI_flats 2 2029 SSBLCI 75.8371
BSAI_flats 2 2029 SSBUCI 119.064
BSAI_flats 2 2029 SSBMedian 93.5208
BSAI_flats 2 2029 SSBMean 95.1571
BSAI_flats 2 2030 SSBF100 212.06
BSAI_flats 2 2030 SSBFabc 84.824
BSAI_flats 2 2030 SSBFofl 74.221
BSAI_flats 2 2030 SSBLCI 72.8624
BSAI_flats 2 2030 SSBUCI 115.575
BSAI_flats 2 2030 SSBMedian 90.4888
BSAI_flats 2 2030 SSBMean 92.0079
BSAI_flats 2 2031 SSBF100 212.06
BSAI_flats 2 2031 SSBFabc 84.824
BSAI_flats 2 2031 SSBFofl 74.221
BSAI_flats 2 2031 SSBLCI 71.1388
BSAI_flats 2 2031 SSBUCI 114.595
BSAI_flats 2 2031 SSBMedian 88.1524
BSAI_flats 2 2031 SSBMean 89.9721
BSAI_flats 2 2018 F0 0 
BSAI_flats 2 2018 Fabc 0.380297
BSAI_flats 2 2018 Fofl 0.472195
BSAI_flats 2 2018  F_LCI 0.0603301
BSAI_flats 2 2018  F_UCI 0.0603301
BSAI_flats 2 2018  F_Median 0.0603301
BSAI_flats 2 2018  F_Mean 0.0603301
BSAI_flats 2 2019 F0 0 
BSAI_flats 2 2019 Fabc 0.380297
BSAI_flats 2 2019 Fofl 0.472195
BSAI_flats 2 2019  F_LCI 0.0683303
BSAI_flats 2 2019  F_UCI 0.068339
BSAI_flats 2 2019  F_Median 0.0683363
BSAI_flats 2 2019  F_Mean 0.0683357
BSAI_flats 2 2020 F0 0 
BSAI_flats 2 2020 Fabc 0.380297
BSAI_flats 2 2020 Fofl 0.472195
BSAI_flats 2 2020  F_LCI 0.0665986
BSAI_flats 2 2020  F_UCI 0.0666808
BSAI_flats 2 2020  F_Median 0.0666541
BSAI_flats 2 2020  F_Mean 0.0666489
BSAI_flats 2 2021 F0 0 
BSAI_flats 2 2021 Fabc 0.380297
BSAI_flats 2 2021 Fofl 0.472195
BSAI_flats 2 2021  F_LCI 0.380297
BSAI_flats 2 2021  F_UCI 0.380297
BSAI_flats 2 2021  F_Median 0.380297
BSAI_flats 2 2021  F_Mean 0.380297
BSAI_flats 2 2022 F0 0 
BSAI_flats 2 2022 Fabc 0.380297
BSAI_flats 2 2022 Fofl 0.472195
BSAI_flats 2 2022  F_LCI 0.380297
BSAI_flats 2 2022  F_UCI 0.380297
BSAI_flats 2 2022  F_Median 0.380297
BSAI_flats 2 2022  F_Mean 0.380297
BSAI_flats 2 2023 F0 0 
BSAI_flats 2 2023 Fabc 0.380297
BSAI_flats 2 2023 Fofl 0.472195
BSAI_flats 2 2023  F_LCI 0.380297
BSAI_flats 2 2023  F_UCI 0.380297
BSAI_flats 2 2023  F_Median 0.380297
BSAI_flats 2 2023  F_Mean 0.380297
BSAI_flats 2 2024 F0 0 
BSAI_flats 2 2024 Fabc 0.380297
BSAI_flats 2 2024 Fofl 0.472195
BSAI_flats 2 2024  F_LCI 0.380297
BSAI_flats 2 2024  F_UCI 0.380297
BSAI_flats 2 2024  F_Median 0.380297
BSAI_flats 2 2024  F_Mean 0.380297
BSAI_flats 2 2025 F0 0 
BSAI_flats 2 2025 Fabc 0.380297
BSAI_flats 2 2025 Fofl 0.472195
BSAI_flats 2 2025  F_LCI 0.380297
BSAI_flats 2 2025  F_UCI 0.380297
BSAI_flats 2 2025  F_Median 0.380297
BSAI_flats 2 2025  F_Mean 0.380297
BSAI_flats 2 2026 F0 0 
BSAI_flats 2 2026 Fabc 0.380297
BSAI_flats 2 2026 Fofl 0.472195
BSAI_flats 2 2026  F_LCI 0.380297
BSAI_flats 2 2026  F_UCI 0.380297
BSAI_flats 2 2026  F_Median 0.380297
BSAI_flats 2 2026  F_Mean 0.380297
BSAI_flats 2 2027 F0 0 
BSAI_flats 2 2027 Fabc 0.380297
BSAI_flats 2 2027 Fofl 0.472195
BSAI_flats 2 2027  F_LCI 0.380297
BSAI_flats 2 2027  F_UCI 0.380297
BSAI_flats 2 2027  F_Median 0.380297
BSAI_flats 2 2027  F_Mean 0.380287
BSAI_flats 2 2028 F0 0 
BSAI_flats 2 2028 Fabc 0.380297
BSAI_flats 2 2028 Fofl 0.472195
BSAI_flats 2 2028  F_LCI 0.368528
BSAI_flats 2 2028  F_UCI 0.380297
BSAI_flats 2 2028  F_Median 0.380297
BSAI_flats 2 2028  F_Mean 0.378771
BSAI_flats 2 2029 F0 0 
BSAI_flats 2 2029 Fabc 0.380297
BSAI_flats 2 2029 Fofl 0.472195
BSAI_flats 2 2029  F_LCI 0.337885
BSAI_flats 2 2029  F_UCI 0.380297
BSAI_flats 2 2029  F_Median 0.380297
BSAI_flats 2 2029  F_Mean 0.374123
BSAI_flats 2 2030 F0 0 
BSAI_flats 2 2030 Fabc 0.380297
BSAI_flats 2 2030 Fofl 0.472195
BSAI_flats 2 2030  F_LCI 0.323846
BSAI_flats 2 2030  F_UCI 0.380297
BSAI_flats 2 2030  F_Median 0.380297
BSAI_flats 2 2030  F_Mean 0.369599
BSAI_flats 2 2031 F0 0 
BSAI_flats 2 2031 Fabc 0.380297
BSAI_flats 2 2031 Fofl 0.472195
BSAI_flats 2 2031  F_LCI 0.315712
BSAI_flats 2 2031  F_UCI 0.380297
BSAI_flats 2 2031  F_Median 0.380297
BSAI_flats 2 2031  F_Mean 0.366552
BSAI_flats 3 2018 Cabc 38.5606
BSAI_flats 3 2018 Cofl 42.1726
BSAI_flats 3 2018 CLCI 11.305
BSAI_flats 3 2018 CUCI 11.305
BSAI_flats 3 2018 CMedian 11.305
BSAI_flats 3 2018 CMean 11.305
BSAI_flats 3 2018 CStdn 1.66978e-13
BSAI_flats 3 2019 Cabc 38.5606
BSAI_flats 3 2019 Cofl 42.1726
BSAI_flats 3 2019 CLCI 12.936
BSAI_flats 3 2019 CUCI 12.936
BSAI_flats 3 2019 CMedian 12.936
BSAI_flats 3 2019 CMean 12.936
BSAI_flats 3 2019 CStdn 6.76913e-10
BSAI_flats 3 2020 Cabc 38.5606
BSAI_flats 3 2020 Cofl 42.1726
BSAI_flats 3 2020 CLCI 12.936
BSAI_flats 3 2020 CUCI 12.936
BSAI_flats 3 2020 CMedian 12.936
BSAI_flats 3 2020 CMean 12.936
BSAI_flats 3 2020 CStdn 7.86693e-09
BSAI_flats 3 2021 Cabc 38.5606
BSAI_flats 3 2021 Cofl 42.1726
BSAI_flats 3 2021 CLCI 12.0539
BSAI_flats 3 2021 CUCI 12.1283
BSAI_flats 3 2021 CMedian 12.0792
BSAI_flats 3 2021 CMean 12.0835
BSAI_flats 3 2021 CStdn 0.0250404
BSAI_flats 3 2022 Cabc 38.5606
BSAI_flats 3 2022 Cofl 42.1726
BSAI_flats 3 2022 CLCI 12.5109
BSAI_flats 3 2022 CUCI 12.7585
BSAI_flats 3 2022 CMedian 12.6003
BSAI_flats 3 2022 CMean 12.6142
BSAI_flats 3 2022 CStdn 0.0842272
BSAI_flats 3 2023 Cabc 38.5606
BSAI_flats 3 2023 Cofl 42.1726
BSAI_flats 3 2023 CLCI 12.8357
BSAI_flats 3 2023 CUCI 13.4367
BSAI_flats 3 2023 CMedian 13.0566
BSAI_flats 3 2023 CMean 13.0895
BSAI_flats 3 2023 CStdn 0.20247
BSAI_flats 3 2024 Cabc 38.5606
BSAI_flats 3 2024 Cofl 42.1726
BSAI_flats 3 2024 CLCI 12.9481
BSAI_flats 3 2024 CUCI 14.0972
BSAI_flats 3 2024 CMedian 13.3818
BSAI_flats 3 2024 CMean 13.4339
BSAI_flats 3 2024 CStdn 0.37954
BSAI_flats 3 2025 Cabc 38.5606
BSAI_flats 3 2025 Cofl 42.1726
BSAI_flats 3 2025 CLCI 12.8453
BSAI_flats 3 2025 CUCI 14.7022
BSAI_flats 3 2025 CMedian 13.5379
BSAI_flats 3 2025 CMean 13.6167
BSAI_flats 3 2025 CStdn 0.592114
BSAI_flats 3 2026 Cabc 38.5606
BSAI_flats 3 2026 Cofl 42.1726
BSAI_flats 3 2026 CLCI 12.6178
BSAI_flats 3 2026 CUCI 15.0654
BSAI_flats 3 2026 CMedian 13.5628
BSAI_flats 3 2026 CMean 13.6816
BSAI_flats 3 2026 CStdn 0.808412
BSAI_flats 3 2027 Cabc 38.5606
BSAI_flats 3 2027 Cofl 42.1726
BSAI_flats 3 2027 CLCI 12.2887
BSAI_flats 3 2027 CUCI 15.4439
BSAI_flats 3 2027 CMedian 13.5155
BSAI_flats 3 2027 CMean 13.6451
BSAI_flats 3 2027 CStdn 1.00329
BSAI_flats 3 2028 Cabc 38.5606
BSAI_flats 3 2028 Cofl 42.1726
BSAI_flats 3 2028 CLCI 11.8829
BSAI_flats 3 2028 CUCI 15.646
BSAI_flats 3 2028 CMedian 13.4195
BSAI_flats 3 2028 CMean 13.5416
BSAI_flats 3 2028 CStdn 1.1634
BSAI_flats 3 2029 Cabc 38.5606
BSAI_flats 3 2029 Cofl 42.1726
BSAI_flats 3 2029 CLCI 11.5213
BSAI_flats 3 2029 CUCI 15.6862
BSAI_flats 3 2029 CMedian 13.2653
BSAI_flats 3 2029 CMean 13.4078
BSAI_flats 3 2029 CStdn 1.28533
BSAI_flats 3 2030 Cabc 38.5606
BSAI_flats 3 2030 Cofl 42.1726
BSAI_flats 3 2030 CLCI 11.2271
BSAI_flats 3 2030 CUCI 15.6609
BSAI_flats 3 2030 CMedian 13.1192
BSAI_flats 3 2030 CMean 13.2608
BSAI_flats 3 2030 CStdn 1.3728
BSAI_flats 3 2031 Cabc 38.5606
BSAI_flats 3 2031 Cofl 42.1726
BSAI_flats 3 2031 CLCI 11.0112
BSAI_flats 3 2031 CUCI 15.6794
BSAI_flats 3 2031 CMedian 12.9736
BSAI_flats 3 2031 CMean 13.1131
BSAI_flats 3 2031 CStdn 1.4339
BSAI_flats 3 2018 SSBF100 212.06
BSAI_flats 3 2018 SSBFabc 84.824
BSAI_flats 3 2018 SSBFofl 74.221
BSAI_flats 3 2018 SSBLCI 154.355
BSAI_flats 3 2018 SSBUCI 154.355
BSAI_flats 3 2018 SSBMedian 154.355
BSAI_flats 3 2018 SSBMean 154.355
BSAI_flats 3 2019 SSBF100 212.06
BSAI_flats 3 2019 SSBFabc 84.824
BSAI_flats 3 2019 SSBFofl 74.221
BSAI_flats 3 2019 SSBLCI 153.197
BSAI_flats 3 2019 SSBUCI 153.213
BSAI_flats 3 2019 SSBMedian 153.202
BSAI_flats 3 2019 SSBMean 153.203
BSAI_flats 3 2020 SSBF100 212.06
BSAI_flats 3 2020 SSBFabc 84.824
BSAI_flats 3 2020 SSBFofl 74.221
BSAI_flats 3 2020 SSBLCI 155.001
BSAI_flats 3 2020 SSBUCI 155.08
BSAI_flats 3 2020 SSBMedian 155.028
BSAI_flats 3 2020 SSBMean 155.032
BSAI_flats 3 2021 SSBF100 212.06
BSAI_flats 3 2021 SSBFabc 84.824
BSAI_flats 3 2021 SSBFofl 74.221
BSAI_flats 3 2021 SSBLCI 160.955
BSAI_flats 3 2021 SSBUCI 161.264
BSAI_flats 3 2021 SSBMedian 161.065
BSAI_flats 3 2021 SSBMean 161.082
BSAI_flats 3 2022 SSBF100 212.06
BSAI_flats 3 2022 SSBFabc 84.824
BSAI_flats 3 2022 SSBFofl 74.221
BSAI_flats 3 2022 SSBLCI 169.712
BSAI_flats 3 2022 SSBUCI 170.713
BSAI_flats 3 2022 SSBMedian 170.076
BSAI_flats 3 2022 SSBMean 170.132
BSAI_flats 3 2023 SSBF100 212.06
BSAI_flats 3 2023 SSBFabc 84.824
BSAI_flats 3 2023 SSBFofl 74.221
BSAI_flats 3 2023 SSBLCI 178.691
BSAI_flats 3 2023 SSBUCI 181.567
BSAI_flats 3 2023 SSBMedian 179.746
BSAI_flats 3 2023 SSBMean 179.897
BSAI_flats 3 2024 SSBF100 212.06
BSAI_flats 3 2024 SSBFabc 84.824
BSAI_flats 3 2024 SSBFofl 74.221
BSAI_flats 3 2024 SSBLCI 185.285
BSAI_flats 3 2024 SSBUCI 192.651
BSAI_flats 3 2024 SSBMedian 188.022
BSAI_flats 3 2024 SSBMean 188.396
BSAI_flats 3 2025 SSBF100 212.06
BSAI_flats 3 2025 SSBFabc 84.824
BSAI_flats 3 2025 SSBFofl 74.221
BSAI_flats 3 2025 SSBLCI 186.591
BSAI_flats 3 2025 SSBUCI 202.503
BSAI_flats 3 2025 SSBMedian 192.517
BSAI_flats 3 2025 SSBMean 193.318
BSAI_flats 3 2026 SSBF100 212.06
BSAI_flats 3 2026 SSBFabc 84.824
BSAI_flats 3 2026 SSBFofl 74.221
BSAI_flats 3 2026 SSBLCI 182.765
BSAI_flats 3 2026 SSBUCI 210.747
BSAI_flats 3 2026 SSBMedian 193.554
BSAI_flats 3 2026 SSBMean 194.739
BSAI_flats 3 2027 SSBF100 212.06
BSAI_flats 3 2027 SSBFabc 84.824
BSAI_flats 3 2027 SSBFofl 74.221
BSAI_flats 3 2027 SSBLCI 176.445
BSAI_flats 3 2027 SSBUCI 217.195
BSAI_flats 3 2027 SSBMedian 191.809
BSAI_flats 3 2027 SSBMean 193.708
BSAI_flats 3 2028 SSBF100 212.06
BSAI_flats 3 2028 SSBFabc 84.824
BSAI_flats 3 2028 SSBFofl 74.221
BSAI_flats 3 2028 SSBLCI 169.331
BSAI_flats 3 2028 SSBUCI 220.017
BSAI_flats 3 2028 SSBMedian 189.29
BSAI_flats 3 2028 SSBMean 191.502
BSAI_flats 3 2029 SSBF100 212.06
BSAI_flats 3 2029 SSBFabc 84.824
BSAI_flats 3 2029 SSBFofl 74.221
BSAI_flats 3 2029 SSBLCI 162.094
BSAI_flats 3 2029 SSBUCI 222.161
BSAI_flats 3 2029 SSBMedian 187.037
BSAI_flats 3 2029 SSBMean 188.949
BSAI_flats 3 2030 SSBF100 212.06
BSAI_flats 3 2030 SSBFabc 84.824
BSAI_flats 3 2030 SSBFofl 74.221
BSAI_flats 3 2030 SSBLCI 156.291
BSAI_flats 3 2030 SSBUCI 222.314
BSAI_flats 3 2030 SSBMedian 184.144
BSAI_flats 3 2030 SSBMean 186.331
BSAI_flats 3 2031 SSBF100 212.06
BSAI_flats 3 2031 SSBFabc 84.824
BSAI_flats 3 2031 SSBFofl 74.221
BSAI_flats 3 2031 SSBLCI 152.622
BSAI_flats 3 2031 SSBUCI 221.116
BSAI_flats 3 2031 SSBMedian 182.092
BSAI_flats 3 2031 SSBMean 183.842
BSAI_flats 3 2018 F0 0 
BSAI_flats 3 2018 Fabc 0.380297
BSAI_flats 3 2018 Fofl 0.472195
BSAI_flats 3 2018  F_LCI 0.0603301
BSAI_flats 3 2018  F_UCI 0.0603301
BSAI_flats 3 2018  F_Median 0.0603301
BSAI_flats 3 2018  F_Mean 0.0603301
BSAI_flats 3 2019 F0 0 
BSAI_flats 3 2019 Fabc 0.380297
BSAI_flats 3 2019 Fofl 0.472195
BSAI_flats 3 2019  F_LCI 0.0683303
BSAI_flats 3 2019  F_UCI 0.068339
BSAI_flats 3 2019  F_Median 0.0683363
BSAI_flats 3 2019  F_Mean 0.0683357
BSAI_flats 3 2020 F0 0 
BSAI_flats 3 2020 Fabc 0.380297
BSAI_flats 3 2020 Fofl 0.472195
BSAI_flats 3 2020  F_LCI 0.0665986
BSAI_flats 3 2020  F_UCI 0.0666808
BSAI_flats 3 2020  F_Median 0.0666541
BSAI_flats 3 2020  F_Mean 0.0666489
BSAI_flats 3 2021 F0 0 
BSAI_flats 3 2021 Fabc 0.380297
BSAI_flats 3 2021 Fofl 0.472195
BSAI_flats 3 2021  F_LCI 0.0598946
BSAI_flats 3 2021  F_UCI 0.0598946
BSAI_flats 3 2021  F_Median 0.0598946
BSAI_flats 3 2021  F_Mean 0.0598946
BSAI_flats 3 2022 F0 0 
BSAI_flats 3 2022 Fabc 0.380297
BSAI_flats 3 2022 Fofl 0.472195
BSAI_flats 3 2022  F_LCI 0.0598946
BSAI_flats 3 2022  F_UCI 0.0598946
BSAI_flats 3 2022  F_Median 0.0598946
BSAI_flats 3 2022  F_Mean 0.0598946
BSAI_flats 3 2023 F0 0 
BSAI_flats 3 2023 Fabc 0.380297
BSAI_flats 3 2023 Fofl 0.472195
BSAI_flats 3 2023  F_LCI 0.0598946
BSAI_flats 3 2023  F_UCI 0.0598946
BSAI_flats 3 2023  F_Median 0.0598946
BSAI_flats 3 2023  F_Mean 0.0598946
BSAI_flats 3 2024 F0 0 
BSAI_flats 3 2024 Fabc 0.380297
BSAI_flats 3 2024 Fofl 0.472195
BSAI_flats 3 2024  F_LCI 0.0598946
BSAI_flats 3 2024  F_UCI 0.0598946
BSAI_flats 3 2024  F_Median 0.0598946
BSAI_flats 3 2024  F_Mean 0.0598946
BSAI_flats 3 2025 F0 0 
BSAI_flats 3 2025 Fabc 0.380297
BSAI_flats 3 2025 Fofl 0.472195
BSAI_flats 3 2025  F_LCI 0.0598946
BSAI_flats 3 2025  F_UCI 0.0598946
BSAI_flats 3 2025  F_Median 0.0598946
BSAI_flats 3 2025  F_Mean 0.0598946
BSAI_flats 3 2026 F0 0 
BSAI_flats 3 2026 Fabc 0.380297
BSAI_flats 3 2026 Fofl 0.472195
BSAI_flats 3 2026  F_LCI 0.0598946
BSAI_flats 3 2026  F_UCI 0.0598946
BSAI_flats 3 2026  F_Median 0.0598946
BSAI_flats 3 2026  F_Mean 0.0598946
BSAI_flats 3 2027 F0 0 
BSAI_flats 3 2027 Fabc 0.380297
BSAI_flats 3 2027 Fofl 0.472195
BSAI_flats 3 2027  F_LCI 0.0598946
BSAI_flats 3 2027  F_UCI 0.0598946
BSAI_flats 3 2027  F_Median 0.0598946
BSAI_flats 3 2027  F_Mean 0.0598946
BSAI_flats 3 2028 F0 0 
BSAI_flats 3 2028 Fabc 0.380297
BSAI_flats 3 2028 Fofl 0.472195
BSAI_flats 3 2028  F_LCI 0.0598946
BSAI_flats 3 2028  F_UCI 0.0598946
BSAI_flats 3 2028  F_Median 0.0598946
BSAI_flats 3 2028  F_Mean 0.0598946
BSAI_flats 3 2029 F0 0 
BSAI_flats 3 2029 Fabc 0.380297
BSAI_flats 3 2029 Fofl 0.472195
BSAI_flats 3 2029  F_LCI 0.0598946
BSAI_flats 3 2029  F_UCI 0.0598946
BSAI_flats 3 2029  F_Median 0.0598946
BSAI_flats 3 2029  F_Mean 0.0598946
BSAI_flats 3 2030 F0 0 
BSAI_flats 3 2030 Fabc 0.380297
BSAI_flats 3 2030 Fofl 0.472195
BSAI_flats 3 2030  F_LCI 0.0598946
BSAI_flats 3 2030  F_UCI 0.0598946
BSAI_flats 3 2030  F_Median 0.0598946
BSAI_flats 3 2030  F_Mean 0.0598946
BSAI_flats 3 2031 F0 0 
BSAI_flats 3 2031 Fabc 0.380297
BSAI_flats 3 2031 Fofl 0.472195
BSAI_flats 3 2031  F_LCI 0.0598946
BSAI_flats 3 2031  F_UCI 0.0598946
BSAI_flats 3 2031  F_Median 0.0598946
BSAI_flats 3 2031  F_Mean 0.0598946
BSAI_flats 4 2018 Cabc 38.5606
BSAI_flats 4 2018 Cofl 42.1726
BSAI_flats 4 2018 CLCI 11.305
BSAI_flats 4 2018 CUCI 11.305
BSAI_flats 4 2018 CMedian 11.305
BSAI_flats 4 2018 CMean 11.305
BSAI_flats 4 2018 CStdn 1.66978e-13
BSAI_flats 4 2019 Cabc 38.5606
BSAI_flats 4 2019 Cofl 42.1726
BSAI_flats 4 2019 CLCI 12.936
BSAI_flats 4 2019 CUCI 12.936
BSAI_flats 4 2019 CMedian 12.936
BSAI_flats 4 2019 CMean 12.936
BSAI_flats 4 2019 CStdn 6.76913e-10
BSAI_flats 4 2020 Cabc 38.5606
BSAI_flats 4 2020 Cofl 42.1726
BSAI_flats 4 2020 CLCI 12.936
BSAI_flats 4 2020 CUCI 12.936
BSAI_flats 4 2020 CMedian 12.936
BSAI_flats 4 2020 CMean 12.936
BSAI_flats 4 2020 CStdn 7.86693e-09
BSAI_flats 4 2021 Cabc 38.5606
BSAI_flats 4 2021 Cofl 42.1726
BSAI_flats 4 2021 CLCI 16.4976
BSAI_flats 4 2021 CUCI 16.6
BSAI_flats 4 2021 CMedian 16.5324
BSAI_flats 4 2021 CMean 16.5384
BSAI_flats 4 2021 CStdn 0.0344508
BSAI_flats 4 2022 Cabc 38.5606
BSAI_flats 4 2022 Cofl 42.1726
BSAI_flats 4 2022 CLCI 16.9537
BSAI_flats 4 2022 CUCI 17.2941
BSAI_flats 4 2022 CMedian 17.0766
BSAI_flats 4 2022 CMean 17.0958
BSAI_flats 4 2022 CStdn 0.115809
BSAI_flats 4 2023 Cabc 38.5606
BSAI_flats 4 2023 Cofl 42.1726
BSAI_flats 4 2023 CLCI 17.2396
BSAI_flats 4 2023 CUCI 18.0647
BSAI_flats 4 2023 CMedian 17.5429
BSAI_flats 4 2023 CMean 17.588
BSAI_flats 4 2023 CStdn 0.278032
BSAI_flats 4 2024 Cabc 38.5606
BSAI_flats 4 2024 Cofl 42.1726
BSAI_flats 4 2024 CLCI 17.2465
BSAI_flats 4 2024 CUCI 18.8201
BSAI_flats 4 2024 CMedian 17.8415
BSAI_flats 4 2024 CMean 17.912
BSAI_flats 4 2024 CStdn 0.520057
BSAI_flats 4 2025 Cabc 38.5606
BSAI_flats 4 2025 Cofl 42.1726
BSAI_flats 4 2025 CLCI 16.9761
BSAI_flats 4 2025 CUCI 19.5093
BSAI_flats 4 2025 CMedian 17.9233
BSAI_flats 4 2025 CMean 18.029
BSAI_flats 4 2025 CStdn 0.80877
BSAI_flats 4 2026 Cabc 38.5606
BSAI_flats 4 2026 Cofl 42.1726
BSAI_flats 4 2026 CLCI 16.5479
BSAI_flats 4 2026 CUCI 19.8747
BSAI_flats 4 2026 CMedian 17.8348
BSAI_flats 4 2026 CMean 17.999
BSAI_flats 4 2026 CStdn 1.0997
BSAI_flats 4 2027 Cabc 38.5606
BSAI_flats 4 2027 Cofl 42.1726
BSAI_flats 4 2027 CLCI 16.0103
BSAI_flats 4 2027 CUCI 20.2953
BSAI_flats 4 2027 CMedian 17.6714
BSAI_flats 4 2027 CMean 17.8483
BSAI_flats 4 2027 CStdn 1.35831
BSAI_flats 4 2028 Cabc 38.5606
BSAI_flats 4 2028 Cofl 42.1726
BSAI_flats 4 2028 CLCI 15.387
BSAI_flats 4 2028 CUCI 20.4576
BSAI_flats 4 2028 CMedian 17.4547
BSAI_flats 4 2028 CMean 17.625
BSAI_flats 4 2028 CStdn 1.56708
BSAI_flats 4 2029 Cabc 38.5606
BSAI_flats 4 2029 Cofl 42.1726
BSAI_flats 4 2029 CLCI 14.8555
BSAI_flats 4 2029 CUCI 20.4271
BSAI_flats 4 2029 CMedian 17.1849
BSAI_flats 4 2029 CMean 17.3776
BSAI_flats 4 2029 CStdn 1.72252
BSAI_flats 4 2030 Cabc 38.5606
BSAI_flats 4 2030 Cofl 42.1726
BSAI_flats 4 2030 CLCI 14.4081
BSAI_flats 4 2030 CUCI 20.3265
BSAI_flats 4 2030 CMedian 16.958
BSAI_flats 4 2030 CMean 17.1285
BSAI_flats 4 2030 CStdn 1.83104
BSAI_flats 4 2031 Cabc 38.5606
BSAI_flats 4 2031 Cofl 42.1726
BSAI_flats 4 2031 CLCI 14.1036
BSAI_flats 4 2031 CUCI 20.3248
BSAI_flats 4 2031 CMedian 16.71
BSAI_flats 4 2031 CMean 16.8929
BSAI_flats 4 2031 CStdn 1.90471
BSAI_flats 4 2018 SSBF100 212.06
BSAI_flats 4 2018 SSBFabc 84.824
BSAI_flats 4 2018 SSBFofl 74.221
BSAI_flats 4 2018 SSBLCI 154.355
BSAI_flats 4 2018 SSBUCI 154.355
BSAI_flats 4 2018 SSBMedian 154.355
BSAI_flats 4 2018 SSBMean 154.355
BSAI_flats 4 2019 SSBF100 212.06
BSAI_flats 4 2019 SSBFabc 84.824
BSAI_flats 4 2019 SSBFofl 74.221
BSAI_flats 4 2019 SSBLCI 153.197
BSAI_flats 4 2019 SSBUCI 153.213
BSAI_flats 4 2019 SSBMedian 153.202
BSAI_flats 4 2019 SSBMean 153.203
BSAI_flats 4 2020 SSBF100 212.06
BSAI_flats 4 2020 SSBFabc 84.824
BSAI_flats 4 2020 SSBFofl 74.221
BSAI_flats 4 2020 SSBLCI 155.001
BSAI_flats 4 2020 SSBUCI 155.08
BSAI_flats 4 2020 SSBMedian 155.028
BSAI_flats 4 2020 SSBMean 155.032
BSAI_flats 4 2021 SSBF100 212.06
BSAI_flats 4 2021 SSBFabc 84.824
BSAI_flats 4 2021 SSBFofl 74.221
BSAI_flats 4 2021 SSBLCI 160.955
BSAI_flats 4 2021 SSBUCI 161.264
BSAI_flats 4 2021 SSBMedian 161.065
BSAI_flats 4 2021 SSBMean 161.082
BSAI_flats 4 2022 SSBF100 212.06
BSAI_flats 4 2022 SSBFabc 84.824
BSAI_flats 4 2022 SSBFofl 74.221
BSAI_flats 4 2022 SSBLCI 167.81
BSAI_flats 4 2022 SSBUCI 168.812
BSAI_flats 4 2022 SSBMedian 168.175
BSAI_flats 4 2022 SSBMean 168.23
BSAI_flats 4 2023 SSBF100 212.06
BSAI_flats 4 2023 SSBFabc 84.824
BSAI_flats 4 2023 SSBFofl 74.221
BSAI_flats 4 2023 SSBLCI 175.017
BSAI_flats 4 2023 SSBUCI 177.89
BSAI_flats 4 2023 SSBMedian 176.07
BSAI_flats 4 2023 SSBMean 176.221
BSAI_flats 4 2024 SSBF100 212.06
BSAI_flats 4 2024 SSBFabc 84.824
BSAI_flats 4 2024 SSBFofl 74.221
BSAI_flats 4 2024 SSBLCI 179.96
BSAI_flats 4 2024 SSBUCI 187.31
BSAI_flats 4 2024 SSBMedian 182.693
BSAI_flats 4 2024 SSBMean 183.064
BSAI_flats 4 2025 SSBF100 212.06
BSAI_flats 4 2025 SSBFabc 84.824
BSAI_flats 4 2025 SSBFofl 74.221
BSAI_flats 4 2025 SSBLCI 179.79
BSAI_flats 4 2025 SSBUCI 195.629
BSAI_flats 4 2025 SSBMedian 185.698
BSAI_flats 4 2025 SSBMean 186.485
BSAI_flats 4 2026 SSBF100 212.06
BSAI_flats 4 2026 SSBFabc 84.824
BSAI_flats 4 2026 SSBFofl 74.221
BSAI_flats 4 2026 SSBLCI 174.711
BSAI_flats 4 2026 SSBUCI 202.532
BSAI_flats 4 2026 SSBMedian 185.425
BSAI_flats 4 2026 SSBMean 186.584
BSAI_flats 4 2027 SSBF100 212.06
BSAI_flats 4 2027 SSBFabc 84.824
BSAI_flats 4 2027 SSBFofl 74.221
BSAI_flats 4 2027 SSBLCI 167.414
BSAI_flats 4 2027 SSBUCI 207.558
BSAI_flats 4 2027 SSBMedian 182.565
BSAI_flats 4 2027 SSBMean 184.459
BSAI_flats 4 2028 SSBF100 212.06
BSAI_flats 4 2028 SSBFabc 84.824
BSAI_flats 4 2028 SSBFofl 74.221
BSAI_flats 4 2028 SSBLCI 159.578
BSAI_flats 4 2028 SSBUCI 209.184
BSAI_flats 4 2028 SSBMedian 179.256
BSAI_flats 4 2028 SSBMean 181.386
BSAI_flats 4 2029 SSBF100 212.06
BSAI_flats 4 2029 SSBFabc 84.824
BSAI_flats 4 2029 SSBFofl 74.221
BSAI_flats 4 2029 SSBLCI 152.01
BSAI_flats 4 2029 SSBUCI 210.456
BSAI_flats 4 2029 SSBMedian 176.296
BSAI_flats 4 2029 SSBMean 178.163
BSAI_flats 4 2030 SSBF100 212.06
BSAI_flats 4 2030 SSBFabc 84.824
BSAI_flats 4 2030 SSBFofl 74.221
BSAI_flats 4 2030 SSBLCI 145.729
BSAI_flats 4 2030 SSBUCI 209.377
BSAI_flats 4 2030 SSBMedian 172.817
BSAI_flats 4 2030 SSBMean 175.054
BSAI_flats 4 2031 SSBF100 212.06
BSAI_flats 4 2031 SSBFabc 84.824
BSAI_flats 4 2031 SSBFofl 74.221
BSAI_flats 4 2031 SSBLCI 141.757
BSAI_flats 4 2031 SSBUCI 208.254
BSAI_flats 4 2031 SSBMedian 170.286
BSAI_flats 4 2031 SSBMean 172.227
BSAI_flats 4 2018 F0 0 
BSAI_flats 4 2018 Fabc 0.380297
BSAI_flats 4 2018 Fofl 0.472195
BSAI_flats 4 2018  F_LCI 0.0603301
BSAI_flats 4 2018  F_UCI 0.0603301
BSAI_flats 4 2018  F_Median 0.0603301
BSAI_flats 4 2018  F_Mean 0.0603301
BSAI_flats 4 2019 F0 0 
BSAI_flats 4 2019 Fabc 0.380297
BSAI_flats 4 2019 Fofl 0.472195
BSAI_flats 4 2019  F_LCI 0.0683303
BSAI_flats 4 2019  F_UCI 0.068339
BSAI_flats 4 2019  F_Median 0.0683363
BSAI_flats 4 2019  F_Mean 0.0683357
BSAI_flats 4 2020 F0 0 
BSAI_flats 4 2020 Fabc 0.380297
BSAI_flats 4 2020 Fofl 0.472195
BSAI_flats 4 2020  F_LCI 0.0665986
BSAI_flats 4 2020  F_UCI 0.0666808
BSAI_flats 4 2020  F_Median 0.0666541
BSAI_flats 4 2020  F_Mean 0.0666489
BSAI_flats 4 2021 F0 0 
BSAI_flats 4 2021 Fabc 0.380297
BSAI_flats 4 2021 Fofl 0.472195
BSAI_flats 4 2021  F_LCI 0.0824217
BSAI_flats 4 2021  F_UCI 0.0824217
BSAI_flats 4 2021  F_Median 0.0824217
BSAI_flats 4 2021  F_Mean 0.0824217
BSAI_flats 4 2022 F0 0 
BSAI_flats 4 2022 Fabc 0.380297
BSAI_flats 4 2022 Fofl 0.472195
BSAI_flats 4 2022  F_LCI 0.0824217
BSAI_flats 4 2022  F_UCI 0.0824217
BSAI_flats 4 2022  F_Median 0.0824217
BSAI_flats 4 2022  F_Mean 0.0824217
BSAI_flats 4 2023 F0 0 
BSAI_flats 4 2023 Fabc 0.380297
BSAI_flats 4 2023 Fofl 0.472195
BSAI_flats 4 2023  F_LCI 0.0824217
BSAI_flats 4 2023  F_UCI 0.0824217
BSAI_flats 4 2023  F_Median 0.0824217
BSAI_flats 4 2023  F_Mean 0.0824217
BSAI_flats 4 2024 F0 0 
BSAI_flats 4 2024 Fabc 0.380297
BSAI_flats 4 2024 Fofl 0.472195
BSAI_flats 4 2024  F_LCI 0.0824217
BSAI_flats 4 2024  F_UCI 0.0824217
BSAI_flats 4 2024  F_Median 0.0824217
BSAI_flats 4 2024  F_Mean 0.0824217
BSAI_flats 4 2025 F0 0 
BSAI_flats 4 2025 Fabc 0.380297
BSAI_flats 4 2025 Fofl 0.472195
BSAI_flats 4 2025  F_LCI 0.0824217
BSAI_flats 4 2025  F_UCI 0.0824217
BSAI_flats 4 2025  F_Median 0.0824217
BSAI_flats 4 2025  F_Mean 0.0824217
BSAI_flats 4 2026 F0 0 
BSAI_flats 4 2026 Fabc 0.380297
BSAI_flats 4 2026 Fofl 0.472195
BSAI_flats 4 2026  F_LCI 0.0824217
BSAI_flats 4 2026  F_UCI 0.0824217
BSAI_flats 4 2026  F_Median 0.0824217
BSAI_flats 4 2026  F_Mean 0.0824217
BSAI_flats 4 2027 F0 0 
BSAI_flats 4 2027 Fabc 0.380297
BSAI_flats 4 2027 Fofl 0.472195
BSAI_flats 4 2027  F_LCI 0.0824217
BSAI_flats 4 2027  F_UCI 0.0824217
BSAI_flats 4 2027  F_Median 0.0824217
BSAI_flats 4 2027  F_Mean 0.0824217
BSAI_flats 4 2028 F0 0 
BSAI_flats 4 2028 Fabc 0.380297
BSAI_flats 4 2028 Fofl 0.472195
BSAI_flats 4 2028  F_LCI 0.0824217
BSAI_flats 4 2028  F_UCI 0.0824217
BSAI_flats 4 2028  F_Median 0.0824217
BSAI_flats 4 2028  F_Mean 0.0824217
BSAI_flats 4 2029 F0 0 
BSAI_flats 4 2029 Fabc 0.380297
BSAI_flats 4 2029 Fofl 0.472195
BSAI_flats 4 2029  F_LCI 0.0824217
BSAI_flats 4 2029  F_UCI 0.0824217
BSAI_flats 4 2029  F_Median 0.0824217
BSAI_flats 4 2029  F_Mean 0.0824217
BSAI_flats 4 2030 F0 0 
BSAI_flats 4 2030 Fabc 0.380297
BSAI_flats 4 2030 Fofl 0.472195
BSAI_flats 4 2030  F_LCI 0.0824217
BSAI_flats 4 2030  F_UCI 0.0824217
BSAI_flats 4 2030  F_Median 0.0824217
BSAI_flats 4 2030  F_Mean 0.0824217
BSAI_flats 4 2031 F0 0 
BSAI_flats 4 2031 Fabc 0.380297
BSAI_flats 4 2031 Fofl 0.472195
BSAI_flats 4 2031  F_LCI 0.0824217
BSAI_flats 4 2031  F_UCI 0.0824217
BSAI_flats 4 2031  F_Median 0.0824217
BSAI_flats 4 2031  F_Mean 0.0824217
BSAI_flats 5 2018 Cabc 38.5606
BSAI_flats 5 2018 Cofl 42.1726
BSAI_flats 5 2018 CLCI 11.305
BSAI_flats 5 2018 CUCI 11.305
BSAI_flats 5 2018 CMedian 11.305
BSAI_flats 5 2018 CMean 11.305
BSAI_flats 5 2018 CStdn 1.66978e-13
BSAI_flats 5 2019 Cabc 38.5606
BSAI_flats 5 2019 Cofl 42.1726
BSAI_flats 5 2019 CLCI 12.936
BSAI_flats 5 2019 CUCI 12.936
BSAI_flats 5 2019 CMedian 12.936
BSAI_flats 5 2019 CMean 12.936
BSAI_flats 5 2019 CStdn 6.76913e-10
BSAI_flats 5 2020 Cabc 38.5606
BSAI_flats 5 2020 Cofl 42.1726
BSAI_flats 5 2020 CLCI 12.936
BSAI_flats 5 2020 CUCI 12.936
BSAI_flats 5 2020 CMedian 12.936
BSAI_flats 5 2020 CMean 12.936
BSAI_flats 5 2020 CStdn 7.86693e-09
BSAI_flats 5 2021 Cabc 38.5606
BSAI_flats 5 2021 Cofl 42.1726
BSAI_flats 5 2021 CLCI 0
BSAI_flats 5 2021 CUCI 0
BSAI_flats 5 2021 CMedian 0
BSAI_flats 5 2021 CMean 0
BSAI_flats 5 2021 CStdn 0
BSAI_flats 5 2022 Cabc 38.5606
BSAI_flats 5 2022 Cofl 42.1726
BSAI_flats 5 2022 CLCI 0
BSAI_flats 5 2022 CUCI 0
BSAI_flats 5 2022 CMedian 0
BSAI_flats 5 2022 CMean 0
BSAI_flats 5 2022 CStdn 0
BSAI_flats 5 2023 Cabc 38.5606
BSAI_flats 5 2023 Cofl 42.1726
BSAI_flats 5 2023 CLCI 0
BSAI_flats 5 2023 CUCI 0
BSAI_flats 5 2023 CMedian 0
BSAI_flats 5 2023 CMean 0
BSAI_flats 5 2023 CStdn 0
BSAI_flats 5 2024 Cabc 38.5606
BSAI_flats 5 2024 Cofl 42.1726
BSAI_flats 5 2024 CLCI 0
BSAI_flats 5 2024 CUCI 0
BSAI_flats 5 2024 CMedian 0
BSAI_flats 5 2024 CMean 0
BSAI_flats 5 2024 CStdn 0
BSAI_flats 5 2025 Cabc 38.5606
BSAI_flats 5 2025 Cofl 42.1726
BSAI_flats 5 2025 CLCI 0
BSAI_flats 5 2025 CUCI 0
BSAI_flats 5 2025 CMedian 0
BSAI_flats 5 2025 CMean 0
BSAI_flats 5 2025 CStdn 0
BSAI_flats 5 2026 Cabc 38.5606
BSAI_flats 5 2026 Cofl 42.1726
BSAI_flats 5 2026 CLCI 0
BSAI_flats 5 2026 CUCI 0
BSAI_flats 5 2026 CMedian 0
BSAI_flats 5 2026 CMean 0
BSAI_flats 5 2026 CStdn 0
BSAI_flats 5 2027 Cabc 38.5606
BSAI_flats 5 2027 Cofl 42.1726
BSAI_flats 5 2027 CLCI 0
BSAI_flats 5 2027 CUCI 0
BSAI_flats 5 2027 CMedian 0
BSAI_flats 5 2027 CMean 0
BSAI_flats 5 2027 CStdn 0
BSAI_flats 5 2028 Cabc 38.5606
BSAI_flats 5 2028 Cofl 42.1726
BSAI_flats 5 2028 CLCI 0
BSAI_flats 5 2028 CUCI 0
BSAI_flats 5 2028 CMedian 0
BSAI_flats 5 2028 CMean 0
BSAI_flats 5 2028 CStdn 0
BSAI_flats 5 2029 Cabc 38.5606
BSAI_flats 5 2029 Cofl 42.1726
BSAI_flats 5 2029 CLCI 0
BSAI_flats 5 2029 CUCI 0
BSAI_flats 5 2029 CMedian 0
BSAI_flats 5 2029 CMean 0
BSAI_flats 5 2029 CStdn 0
BSAI_flats 5 2030 Cabc 38.5606
BSAI_flats 5 2030 Cofl 42.1726
BSAI_flats 5 2030 CLCI 0
BSAI_flats 5 2030 CUCI 0
BSAI_flats 5 2030 CMedian 0
BSAI_flats 5 2030 CMean 0
BSAI_flats 5 2030 CStdn 0
BSAI_flats 5 2031 Cabc 38.5606
BSAI_flats 5 2031 Cofl 42.1726
BSAI_flats 5 2031 CLCI 0
BSAI_flats 5 2031 CUCI 0
BSAI_flats 5 2031 CMedian 0
BSAI_flats 5 2031 CMean 0
BSAI_flats 5 2031 CStdn 0
BSAI_flats 5 2018 SSBF100 212.06
BSAI_flats 5 2018 SSBFabc 84.824
BSAI_flats 5 2018 SSBFofl 74.221
BSAI_flats 5 2018 SSBLCI 154.355
BSAI_flats 5 2018 SSBUCI 154.355
BSAI_flats 5 2018 SSBMedian 154.355
BSAI_flats 5 2018 SSBMean 154.355
BSAI_flats 5 2019 SSBF100 212.06
BSAI_flats 5 2019 SSBFabc 84.824
BSAI_flats 5 2019 SSBFofl 74.221
BSAI_flats 5 2019 SSBLCI 153.197
BSAI_flats 5 2019 SSBUCI 153.213
BSAI_flats 5 2019 SSBMedian 153.202
BSAI_flats 5 2019 SSBMean 153.203
BSAI_flats 5 2020 SSBF100 212.06
BSAI_flats 5 2020 SSBFabc 84.824
BSAI_flats 5 2020 SSBFofl 74.221
BSAI_flats 5 2020 SSBLCI 155.001
BSAI_flats 5 2020 SSBUCI 155.08
BSAI_flats 5 2020 SSBMedian 155.028
BSAI_flats 5 2020 SSBMean 155.032
BSAI_flats 5 2021 SSBF100 212.06
BSAI_flats 5 2021 SSBFabc 84.824
BSAI_flats 5 2021 SSBFofl 74.221
BSAI_flats 5 2021 SSBLCI 160.955
BSAI_flats 5 2021 SSBUCI 161.264
BSAI_flats 5 2021 SSBMedian 161.065
BSAI_flats 5 2021 SSBMean 161.082
BSAI_flats 5 2022 SSBF100 212.06
BSAI_flats 5 2022 SSBFabc 84.824
BSAI_flats 5 2022 SSBFofl 74.221
BSAI_flats 5 2022 SSBLCI 174.901
BSAI_flats 5 2022 SSBUCI 175.903
BSAI_flats 5 2022 SSBMedian 175.265
BSAI_flats 5 2022 SSBMean 175.321
BSAI_flats 5 2023 SSBF100 212.06
BSAI_flats 5 2023 SSBFabc 84.824
BSAI_flats 5 2023 SSBFofl 74.221
BSAI_flats 5 2023 SSBLCI 188.963
BSAI_flats 5 2023 SSBUCI 191.844
BSAI_flats 5 2023 SSBMedian 190.021
BSAI_flats 5 2023 SSBMean 190.171
BSAI_flats 5 2024 SSBF100 212.06
BSAI_flats 5 2024 SSBFabc 84.824
BSAI_flats 5 2024 SSBFofl 74.221
BSAI_flats 5 2024 SSBLCI 200.505
BSAI_flats 5 2024 SSBUCI 207.913
BSAI_flats 5 2024 SSBMedian 203.256
BSAI_flats 5 2024 SSBMean 203.632
BSAI_flats 5 2025 SSBF100 212.06
BSAI_flats 5 2025 SSBFabc 84.824
BSAI_flats 5 2025 SSBFofl 74.221
BSAI_flats 5 2025 SSBLCI 206.445
BSAI_flats 5 2025 SSBUCI 222.54
BSAI_flats 5 2025 SSBMedian 212.442
BSAI_flats 5 2025 SSBMean 213.253
BSAI_flats 5 2026 SSBF100 212.06
BSAI_flats 5 2026 SSBFabc 84.824
BSAI_flats 5 2026 SSBFofl 74.221
BSAI_flats 5 2026 SSBLCI 206.768
BSAI_flats 5 2026 SSBUCI 235.298
BSAI_flats 5 2026 SSBMedian 217.782
BSAI_flats 5 2026 SSBMean 219.005
BSAI_flats 5 2027 SSBF100 212.06
BSAI_flats 5 2027 SSBFabc 84.824
BSAI_flats 5 2027 SSBFofl 74.221
BSAI_flats 5 2027 SSBLCI 203.944
BSAI_flats 5 2027 SSBUCI 246.325
BSAI_flats 5 2027 SSBMedian 219.925
BSAI_flats 5 2027 SSBMean 221.775
BSAI_flats 5 2028 SSBF100 212.06
BSAI_flats 5 2028 SSBFabc 84.824
BSAI_flats 5 2028 SSBFofl 74.221
BSAI_flats 5 2028 SSBLCI 199.613
BSAI_flats 5 2028 SSBUCI 252.842
BSAI_flats 5 2028 SSBMedian 220.438
BSAI_flats 5 2028 SSBMean 222.787
BSAI_flats 5 2029 SSBF100 212.06
BSAI_flats 5 2029 SSBFabc 84.824
BSAI_flats 5 2029 SSBFofl 74.221
BSAI_flats 5 2029 SSBLCI 194.539
BSAI_flats 5 2029 SSBUCI 258.704
BSAI_flats 5 2029 SSBMedian 220.855
BSAI_flats 5 2029 SSBMean 222.924
BSAI_flats 5 2030 SSBF100 212.06
BSAI_flats 5 2030 SSBFabc 84.824
BSAI_flats 5 2030 SSBFofl 74.221
BSAI_flats 5 2030 SSBLCI 190.251
BSAI_flats 5 2030 SSBUCI 261.753
BSAI_flats 5 2030 SSBMedian 219.49
BSAI_flats 5 2030 SSBMean 222.478
BSAI_flats 5 2031 SSBF100 212.06
BSAI_flats 5 2031 SSBFabc 84.824
BSAI_flats 5 2031 SSBFofl 74.221
BSAI_flats 5 2031 SSBLCI 187.301
BSAI_flats 5 2031 SSBUCI 262.467
BSAI_flats 5 2031 SSBMedian 219.653
BSAI_flats 5 2031 SSBMean 221.683
BSAI_flats 5 2018 F0 0 
BSAI_flats 5 2018 Fabc 0.380297
BSAI_flats 5 2018 Fofl 0.472195
BSAI_flats 5 2018  F_LCI 0.0603301
BSAI_flats 5 2018  F_UCI 0.0603301
BSAI_flats 5 2018  F_Median 0.0603301
BSAI_flats 5 2018  F_Mean 0.0603301
BSAI_flats 5 2019 F0 0 
BSAI_flats 5 2019 Fabc 0.380297
BSAI_flats 5 2019 Fofl 0.472195
BSAI_flats 5 2019  F_LCI 0.0683303
BSAI_flats 5 2019  F_UCI 0.068339
BSAI_flats 5 2019  F_Median 0.0683363
BSAI_flats 5 2019  F_Mean 0.0683357
BSAI_flats 5 2020 F0 0 
BSAI_flats 5 2020 Fabc 0.380297
BSAI_flats 5 2020 Fofl 0.472195
BSAI_flats 5 2020  F_LCI 0.0665986
BSAI_flats 5 2020  F_UCI 0.0666808
BSAI_flats 5 2020  F_Median 0.0666541
BSAI_flats 5 2020  F_Mean 0.0666489
BSAI_flats 5 2021 F0 0 
BSAI_flats 5 2021 Fabc 0.380297
BSAI_flats 5 2021 Fofl 0.472195
BSAI_flats 5 2021  F_LCI 0
BSAI_flats 5 2021  F_UCI 0
BSAI_flats 5 2021  F_Median 0
BSAI_flats 5 2021  F_Mean 0
BSAI_flats 5 2022 F0 0 
BSAI_flats 5 2022 Fabc 0.380297
BSAI_flats 5 2022 Fofl 0.472195
BSAI_flats 5 2022  F_LCI 0
BSAI_flats 5 2022  F_UCI 0
BSAI_flats 5 2022  F_Median 0
BSAI_flats 5 2022  F_Mean 0
BSAI_flats 5 2023 F0 0 
BSAI_flats 5 2023 Fabc 0.380297
BSAI_flats 5 2023 Fofl 0.472195
BSAI_flats 5 2023  F_LCI 0
BSAI_flats 5 2023  F_UCI 0
BSAI_flats 5 2023  F_Median 0
BSAI_flats 5 2023  F_Mean 0
BSAI_flats 5 2024 F0 0 
BSAI_flats 5 2024 Fabc 0.380297
BSAI_flats 5 2024 Fofl 0.472195
BSAI_flats 5 2024  F_LCI 0
BSAI_flats 5 2024  F_UCI 0
BSAI_flats 5 2024  F_Median 0
BSAI_flats 5 2024  F_Mean 0
BSAI_flats 5 2025 F0 0 
BSAI_flats 5 2025 Fabc 0.380297
BSAI_flats 5 2025 Fofl 0.472195
BSAI_flats 5 2025  F_LCI 0
BSAI_flats 5 2025  F_UCI 0
BSAI_flats 5 2025  F_Median 0
BSAI_flats 5 2025  F_Mean 0
BSAI_flats 5 2026 F0 0 
BSAI_flats 5 2026 Fabc 0.380297
BSAI_flats 5 2026 Fofl 0.472195
BSAI_flats 5 2026  F_LCI 0
BSAI_flats 5 2026  F_UCI 0
BSAI_flats 5 2026  F_Median 0
BSAI_flats 5 2026  F_Mean 0
BSAI_flats 5 2027 F0 0 
BSAI_flats 5 2027 Fabc 0.380297
BSAI_flats 5 2027 Fofl 0.472195
BSAI_flats 5 2027  F_LCI 0
BSAI_flats 5 2027  F_UCI 0
BSAI_flats 5 2027  F_Median 0
BSAI_flats 5 2027  F_Mean 0
BSAI_flats 5 2028 F0 0 
BSAI_flats 5 2028 Fabc 0.380297
BSAI_flats 5 2028 Fofl 0.472195
BSAI_flats 5 2028  F_LCI 0
BSAI_flats 5 2028  F_UCI 0
BSAI_flats 5 2028  F_Median 0
BSAI_flats 5 2028  F_Mean 0
BSAI_flats 5 2029 F0 0 
BSAI_flats 5 2029 Fabc 0.380297
BSAI_flats 5 2029 Fofl 0.472195
BSAI_flats 5 2029  F_LCI 0
BSAI_flats 5 2029  F_UCI 0
BSAI_flats 5 2029  F_Median 0
BSAI_flats 5 2029  F_Mean 0
BSAI_flats 5 2030 F0 0 
BSAI_flats 5 2030 Fabc 0.380297
BSAI_flats 5 2030 Fofl 0.472195
BSAI_flats 5 2030  F_LCI 0
BSAI_flats 5 2030  F_UCI 0
BSAI_flats 5 2030  F_Median 0
BSAI_flats 5 2030  F_Mean 0
BSAI_flats 5 2031 F0 0 
BSAI_flats 5 2031 Fabc 0.380297
BSAI_flats 5 2031 Fofl 0.472195
BSAI_flats 5 2031  F_LCI 0
BSAI_flats 5 2031  F_UCI 0
BSAI_flats 5 2031  F_Median 0
BSAI_flats 5 2031  F_Mean 0
BSAI_flats 6 2018 Cabc 38.5606
BSAI_flats 6 2018 Cofl 42.1726
BSAI_flats 6 2018 CLCI 11.305
BSAI_flats 6 2018 CUCI 11.305
BSAI_flats 6 2018 CMedian 11.305
BSAI_flats 6 2018 CMean 11.305
BSAI_flats 6 2018 CStdn 1.66978e-13
BSAI_flats 6 2019 Cabc 38.5606
BSAI_flats 6 2019 Cofl 42.1726
BSAI_flats 6 2019 CLCI 80.9135
BSAI_flats 6 2019 CUCI 80.9246
BSAI_flats 6 2019 CMedian 80.917
BSAI_flats 6 2019 CMean 80.9178
BSAI_flats 6 2019 CStdn 0.0036792
BSAI_flats 6 2020 Cabc 38.5606
BSAI_flats 6 2020 Cofl 42.1726
BSAI_flats 6 2020 CLCI 69.6966
BSAI_flats 6 2020 CUCI 69.8072
BSAI_flats 6 2020 CMedian 69.7327
BSAI_flats 6 2020 CMean 69.7397
BSAI_flats 6 2020 CStdn 0.0367963
BSAI_flats 6 2021 Cabc 38.5606
BSAI_flats 6 2021 Cofl 42.1726
BSAI_flats 6 2021 CLCI 63.3777
BSAI_flats 6 2021 CUCI 63.9573
BSAI_flats 6 2021 CMedian 63.575
BSAI_flats 6 2021 CMean 63.6088
BSAI_flats 6 2021 CStdn 0.195115
BSAI_flats 6 2022 Cabc 38.5606
BSAI_flats 6 2022 Cofl 42.1726
BSAI_flats 6 2022 CLCI 59.4058
BSAI_flats 6 2022 CUCI 61.3204
BSAI_flats 6 2022 CMedian 60.0972
BSAI_flats 6 2022 CMean 60.2055
BSAI_flats 6 2022 CStdn 0.652009
BSAI_flats 6 2023 Cabc 38.5606
BSAI_flats 6 2023 Cofl 42.1726
BSAI_flats 6 2023 CLCI 55.8659
BSAI_flats 6 2023 CUCI 60.4555
BSAI_flats 6 2023 CMedian 57.5391
BSAI_flats 6 2023 CMean 57.7867
BSAI_flats 6 2023 CStdn 1.53307
BSAI_flats 6 2024 Cabc 38.5606
BSAI_flats 6 2024 Cofl 42.1726
BSAI_flats 6 2024 CLCI 51.8602
BSAI_flats 6 2024 CUCI 60.152
BSAI_flats 6 2024 CMedian 55.0674
BSAI_flats 6 2024 CMean 55.4053
BSAI_flats 6 2024 CStdn 2.76535
BSAI_flats 6 2025 Cabc 38.5606
BSAI_flats 6 2025 Cofl 42.1726
BSAI_flats 6 2025 CLCI 47.5597
BSAI_flats 6 2025 CUCI 60.1528
BSAI_flats 6 2025 CMedian 52.3137
BSAI_flats 6 2025 CMean 52.8353
BSAI_flats 6 2025 CStdn 4.08077
BSAI_flats 6 2026 Cabc 38.5606
BSAI_flats 6 2026 Cofl 42.1726
BSAI_flats 6 2026 CLCI 42.594
BSAI_flats 6 2026 CUCI 59.2598
BSAI_flats 6 2026 CMedian 49.5424
BSAI_flats 6 2026 CMean 50.1825
BSAI_flats 6 2026 CStdn 5.35628
BSAI_flats 6 2027 Cabc 38.5606
BSAI_flats 6 2027 Cofl 42.1726
BSAI_flats 6 2027 CLCI 35.441
BSAI_flats 6 2027 CUCI 58.5236
BSAI_flats 6 2027 CMedian 47.1145
BSAI_flats 6 2027 CMean 46.8768
BSAI_flats 6 2027 CStdn 7.21714
BSAI_flats 6 2028 Cabc 38.5606
BSAI_flats 6 2028 Cofl 42.1726
BSAI_flats 6 2028 CLCI 30.7941
BSAI_flats 6 2028 CUCI 57.352
BSAI_flats 6 2028 CMedian 44.414
BSAI_flats 6 2028 CMean 44.1249
BSAI_flats 6 2028 CStdn 8.28671
BSAI_flats 6 2029 Cabc 38.5606
BSAI_flats 6 2029 Cofl 42.1726
BSAI_flats 6 2029 CLCI 28.6664
BSAI_flats 6 2029 CUCI 56.0642
BSAI_flats 6 2029 CMedian 42.0875
BSAI_flats 6 2029 CMean 42.3348
BSAI_flats 6 2029 CStdn 8.66353
BSAI_flats 6 2030 Cabc 38.5606
BSAI_flats 6 2030 Cofl 42.1726
BSAI_flats 6 2030 CLCI 27.5037
BSAI_flats 6 2030 CUCI 55.7112
BSAI_flats 6 2030 CMedian 40.8293
BSAI_flats 6 2030 CMean 41.2828
BSAI_flats 6 2030 CStdn 8.71308
BSAI_flats 6 2031 Cabc 38.5606
BSAI_flats 6 2031 Cofl 42.1726
BSAI_flats 6 2031 CLCI 27.4401
BSAI_flats 6 2031 CUCI 55.0537
BSAI_flats 6 2031 CMedian 40.0754
BSAI_flats 6 2031 CMean 40.7503
BSAI_flats 6 2031 CStdn 8.69196
BSAI_flats 6 2018 SSBF100 212.06
BSAI_flats 6 2018 SSBFabc 84.824
BSAI_flats 6 2018 SSBFofl 74.221
BSAI_flats 6 2018 SSBLCI 154.355
BSAI_flats 6 2018 SSBUCI 154.355
BSAI_flats 6 2018 SSBMedian 154.355
BSAI_flats 6 2018 SSBMean 154.355
BSAI_flats 6 2019 SSBF100 212.06
BSAI_flats 6 2019 SSBFabc 84.824
BSAI_flats 6 2019 SSBFofl 74.221
BSAI_flats 6 2019 SSBLCI 153.197
BSAI_flats 6 2019 SSBUCI 153.213
BSAI_flats 6 2019 SSBMedian 153.202
BSAI_flats 6 2019 SSBMean 153.203
BSAI_flats 6 2020 SSBF100 212.06
BSAI_flats 6 2020 SSBFabc 84.824
BSAI_flats 6 2020 SSBFofl 74.221
BSAI_flats 6 2020 SSBLCI 125.6
BSAI_flats 6 2020 SSBUCI 125.678
BSAI_flats 6 2020 SSBMedian 125.627
BSAI_flats 6 2020 SSBMean 125.631
BSAI_flats 6 2021 SSBF100 212.06
BSAI_flats 6 2021 SSBFabc 84.824
BSAI_flats 6 2021 SSBFofl 74.221
BSAI_flats 6 2021 SSBLCI 111.543
BSAI_flats 6 2021 SSBUCI 111.845
BSAI_flats 6 2021 SSBMedian 111.65
BSAI_flats 6 2021 SSBMean 111.667
BSAI_flats 6 2022 SSBF100 212.06
BSAI_flats 6 2022 SSBFabc 84.824
BSAI_flats 6 2022 SSBFofl 74.221
BSAI_flats 6 2022 SSBLCI 105.081
BSAI_flats 6 2022 SSBUCI 106.072
BSAI_flats 6 2022 SSBMedian 105.442
BSAI_flats 6 2022 SSBMean 105.497
BSAI_flats 6 2023 SSBF100 212.06
BSAI_flats 6 2023 SSBFabc 84.824
BSAI_flats 6 2023 SSBFofl 74.221
BSAI_flats 6 2023 SSBLCI 101.981
BSAI_flats 6 2023 SSBUCI 104.81
BSAI_flats 6 2023 SSBMedian 103.021
BSAI_flats 6 2023 SSBMean 103.167
BSAI_flats 6 2024 SSBF100 212.06
BSAI_flats 6 2024 SSBFabc 84.824
BSAI_flats 6 2024 SSBFofl 74.221
BSAI_flats 6 2024 SSBLCI 98.5118
BSAI_flats 6 2024 SSBUCI 105.58
BSAI_flats 6 2024 SSBMedian 101.144
BSAI_flats 6 2024 SSBMean 101.501
BSAI_flats 6 2025 SSBF100 212.06
BSAI_flats 6 2025 SSBFabc 84.824
BSAI_flats 6 2025 SSBFofl 74.221
BSAI_flats 6 2025 SSBLCI 91.9281
BSAI_flats 6 2025 SSBUCI 106.479
BSAI_flats 6 2025 SSBMedian 97.3631
BSAI_flats 6 2025 SSBMean 98.0986
BSAI_flats 6 2026 SSBF100 212.06
BSAI_flats 6 2026 SSBFabc 84.824
BSAI_flats 6 2026 SSBFofl 74.221
BSAI_flats 6 2026 SSBLCI 82.8539
BSAI_flats 6 2026 SSBUCI 107.446
BSAI_flats 6 2026 SSBMedian 92.1247
BSAI_flats 6 2026 SSBMean 93.1556
BSAI_flats 6 2027 SSBF100 212.06
BSAI_flats 6 2027 SSBFabc 84.824
BSAI_flats 6 2027 SSBFofl 74.221
BSAI_flats 6 2027 SSBLCI 74.6493
BSAI_flats 6 2027 SSBUCI 106.109
BSAI_flats 6 2027 SSBMedian 86.5024
BSAI_flats 6 2027 SSBMean 88.1277
BSAI_flats 6 2028 SSBF100 212.06
BSAI_flats 6 2028 SSBFabc 84.824
BSAI_flats 6 2028 SSBFofl 74.221
BSAI_flats 6 2028 SSBLCI 69.1939
BSAI_flats 6 2028 SSBUCI 104.868
BSAI_flats 6 2028 SSBMedian 82.3608
BSAI_flats 6 2028 SSBMean 84.3129
BSAI_flats 6 2029 SSBF100 212.06
BSAI_flats 6 2029 SSBFabc 84.824
BSAI_flats 6 2029 SSBFofl 74.221
BSAI_flats 6 2029 SSBLCI 66.3035
BSAI_flats 6 2029 SSBUCI 102.265
BSAI_flats 6 2029 SSBMedian 79.9239
BSAI_flats 6 2029 SSBMean 81.8327
BSAI_flats 6 2030 SSBF100 212.06
BSAI_flats 6 2030 SSBFabc 84.824
BSAI_flats 6 2030 SSBFofl 74.221
BSAI_flats 6 2030 SSBLCI 64.4906
BSAI_flats 6 2030 SSBUCI 100.208
BSAI_flats 6 2030 SSBMedian 78.6516
BSAI_flats 6 2030 SSBMean 80.3468
BSAI_flats 6 2031 SSBF100 212.06
BSAI_flats 6 2031 SSBFabc 84.824
BSAI_flats 6 2031 SSBFofl 74.221
BSAI_flats 6 2031 SSBLCI 64.135
BSAI_flats 6 2031 SSBUCI 99.5749
BSAI_flats 6 2031 SSBMedian 78.0533
BSAI_flats 6 2031 SSBMean 79.546
BSAI_flats 6 2018 F0 0 
BSAI_flats 6 2018 Fabc 0.380297
BSAI_flats 6 2018 Fofl 0.472195
BSAI_flats 6 2018  F_LCI 0.0603301
BSAI_flats 6 2018  F_UCI 0.0603301
BSAI_flats 6 2018  F_Median 0.0603301
BSAI_flats 6 2018  F_Mean 0.0603301
BSAI_flats 6 2019 F0 0 
BSAI_flats 6 2019 Fabc 0.380297
BSAI_flats 6 2019 Fofl 0.472195
BSAI_flats 6 2019  F_LCI 0.472195
BSAI_flats 6 2019  F_UCI 0.472195
BSAI_flats 6 2019  F_Median 0.472195
BSAI_flats 6 2019  F_Mean 0.472195
BSAI_flats 6 2020 F0 0 
BSAI_flats 6 2020 Fabc 0.380297
BSAI_flats 6 2020 Fofl 0.472195
BSAI_flats 6 2020  F_LCI 0.472195
BSAI_flats 6 2020  F_UCI 0.472195
BSAI_flats 6 2020  F_Median 0.472195
BSAI_flats 6 2020  F_Mean 0.472195
BSAI_flats 6 2021 F0 0 
BSAI_flats 6 2021 Fabc 0.380297
BSAI_flats 6 2021 Fofl 0.472195
BSAI_flats 6 2021  F_LCI 0.472195
BSAI_flats 6 2021  F_UCI 0.472195
BSAI_flats 6 2021  F_Median 0.472195
BSAI_flats 6 2021  F_Mean 0.472195
BSAI_flats 6 2022 F0 0 
BSAI_flats 6 2022 Fabc 0.380297
BSAI_flats 6 2022 Fofl 0.472195
BSAI_flats 6 2022  F_LCI 0.472195
BSAI_flats 6 2022  F_UCI 0.472195
BSAI_flats 6 2022  F_Median 0.472195
BSAI_flats 6 2022  F_Mean 0.472195
BSAI_flats 6 2023 F0 0 
BSAI_flats 6 2023 Fabc 0.380297
BSAI_flats 6 2023 Fofl 0.472195
BSAI_flats 6 2023  F_LCI 0.472195
BSAI_flats 6 2023  F_UCI 0.472195
BSAI_flats 6 2023  F_Median 0.472195
BSAI_flats 6 2023  F_Mean 0.472195
BSAI_flats 6 2024 F0 0 
BSAI_flats 6 2024 Fabc 0.380297
BSAI_flats 6 2024 Fofl 0.472195
BSAI_flats 6 2024  F_LCI 0.472195
BSAI_flats 6 2024  F_UCI 0.472195
BSAI_flats 6 2024  F_Median 0.472195
BSAI_flats 6 2024  F_Mean 0.472195
BSAI_flats 6 2025 F0 0 
BSAI_flats 6 2025 Fabc 0.380297
BSAI_flats 6 2025 Fofl 0.472195
BSAI_flats 6 2025  F_LCI 0.472195
BSAI_flats 6 2025  F_UCI 0.472195
BSAI_flats 6 2025  F_Median 0.472195
BSAI_flats 6 2025  F_Mean 0.472195
BSAI_flats 6 2026 F0 0 
BSAI_flats 6 2026 Fabc 0.380297
BSAI_flats 6 2026 Fofl 0.472195
BSAI_flats 6 2026  F_LCI 0.460651
BSAI_flats 6 2026  F_UCI 0.472195
BSAI_flats 6 2026  F_Median 0.472195
BSAI_flats 6 2026  F_Mean 0.470914
BSAI_flats 6 2027 F0 0 
BSAI_flats 6 2027 Fabc 0.380297
BSAI_flats 6 2027 Fofl 0.472195
BSAI_flats 6 2027  F_LCI 0.412574
BSAI_flats 6 2027  F_UCI 0.472195
BSAI_flats 6 2027  F_Median 0.472195
BSAI_flats 6 2027  F_Mean 0.458125
BSAI_flats 6 2028 F0 0 
BSAI_flats 6 2028 Fabc 0.380297
BSAI_flats 6 2028 Fofl 0.472195
BSAI_flats 6 2028  F_LCI 0.380607
BSAI_flats 6 2028  F_UCI 0.472195
BSAI_flats 6 2028  F_Median 0.457762
BSAI_flats 6 2028  F_Mean 0.444366
BSAI_flats 6 2029 F0 0 
BSAI_flats 6 2029 Fabc 0.380297
BSAI_flats 6 2029 Fofl 0.472195
BSAI_flats 6 2029  F_LCI 0.36367
BSAI_flats 6 2029  F_UCI 0.472195
BSAI_flats 6 2029  F_Median 0.443482
BSAI_flats 6 2029  F_Mean 0.435128
BSAI_flats 6 2030 F0 0 
BSAI_flats 6 2030 Fabc 0.380297
BSAI_flats 6 2030 Fofl 0.472195
BSAI_flats 6 2030  F_LCI 0.353047
BSAI_flats 6 2030  F_UCI 0.472195
BSAI_flats 6 2030  F_Median 0.436027
BSAI_flats 6 2030  F_Mean 0.429765
BSAI_flats 6 2031 F0 0 
BSAI_flats 6 2031 Fabc 0.380297
BSAI_flats 6 2031 Fofl 0.472195
BSAI_flats 6 2031  F_LCI 0.350963
BSAI_flats 6 2031  F_UCI 0.472195
BSAI_flats 6 2031  F_Median 0.432521
BSAI_flats 6 2031  F_Mean 0.427287
BSAI_flats 7 2018 Cabc 38.5606
BSAI_flats 7 2018 Cofl 42.1726
BSAI_flats 7 2018 CLCI 11.305
BSAI_flats 7 2018 CUCI 11.305
BSAI_flats 7 2018 CMedian 11.305
BSAI_flats 7 2018 CMean 11.305
BSAI_flats 7 2018 CStdn 1.66978e-13
BSAI_flats 7 2019 Cabc 38.5606
BSAI_flats 7 2019 Cofl 42.1726
BSAI_flats 7 2019 CLCI 66.6211
BSAI_flats 7 2019 CUCI 66.63
BSAI_flats 7 2019 CMedian 66.6239
BSAI_flats 7 2019 CMean 66.6245
BSAI_flats 7 2019 CStdn 0.00296325
BSAI_flats 7 2020 Cabc 38.5606
BSAI_flats 7 2020 Cofl 42.1726
BSAI_flats 7 2020 CLCI 59.5867
BSAI_flats 7 2020 CUCI 59.6758
BSAI_flats 7 2020 CMedian 59.6158
BSAI_flats 7 2020 CMean 59.6215
BSAI_flats 7 2020 CStdn 0.0296428
BSAI_flats 7 2021 Cabc 38.5606
BSAI_flats 7 2021 Cofl 42.1726
BSAI_flats 7 2021 CLCI 67.7104
BSAI_flats 7 2021 CUCI 68.2902
BSAI_flats 7 2021 CMedian 67.9077
BSAI_flats 7 2021 CMean 67.9416
BSAI_flats 7 2021 CStdn 0.195204
BSAI_flats 7 2022 Cabc 38.5606
BSAI_flats 7 2022 Cofl 42.1726
BSAI_flats 7 2022 CLCI 62.4701
BSAI_flats 7 2022 CUCI 64.3855
BSAI_flats 7 2022 CMedian 63.1618
BSAI_flats 7 2022 CMean 63.2701
BSAI_flats 7 2022 CStdn 0.652278
BSAI_flats 7 2023 Cabc 38.5606
BSAI_flats 7 2023 Cofl 42.1726
BSAI_flats 7 2023 CLCI 58.0047
BSAI_flats 7 2023 CUCI 62.5953
BSAI_flats 7 2023 CMedian 59.6787
BSAI_flats 7 2023 CMean 59.9262
BSAI_flats 7 2023 CStdn 1.53362
BSAI_flats 7 2024 Cabc 38.5606
BSAI_flats 7 2024 Cofl 42.1726
BSAI_flats 7 2024 CLCI 53.3237
BSAI_flats 7 2024 CUCI 61.6185
BSAI_flats 7 2024 CMedian 56.5317
BSAI_flats 7 2024 CMean 56.8698
BSAI_flats 7 2024 CStdn 2.76616
BSAI_flats 7 2025 Cabc 38.5606
BSAI_flats 7 2025 Cofl 42.1726
BSAI_flats 7 2025 CLCI 48.5366
BSAI_flats 7 2025 CUCI 61.1339
BSAI_flats 7 2025 CMedian 53.2925
BSAI_flats 7 2025 CMean 53.8138
BSAI_flats 7 2025 CStdn 4.0817
BSAI_flats 7 2026 Cabc 38.5606
BSAI_flats 7 2026 Cofl 42.1726
BSAI_flats 7 2026 CLCI 43.7455
BSAI_flats 7 2026 CUCI 59.9027
BSAI_flats 7 2026 CMedian 50.1828
BSAI_flats 7 2026 CMean 50.8765
BSAI_flats 7 2026 CStdn 5.27956
BSAI_flats 7 2027 Cabc 38.5606
BSAI_flats 7 2027 Cofl 42.1726
BSAI_flats 7 2027 CLCI 35.9561
BSAI_flats 7 2027 CUCI 58.9326
BSAI_flats 7 2027 CMedian 47.6015
BSAI_flats 7 2027 CMean 47.4122
BSAI_flats 7 2027 CStdn 7.12235
BSAI_flats 7 2028 Cabc 38.5606
BSAI_flats 7 2028 Cofl 42.1726
BSAI_flats 7 2028 CLCI 31.0666
BSAI_flats 7 2028 CUCI 57.6102
BSAI_flats 7 2028 CMedian 44.8339
BSAI_flats 7 2028 CMean 44.4385
BSAI_flats 7 2028 CStdn 8.27058
BSAI_flats 7 2029 Cabc 38.5606
BSAI_flats 7 2029 Cofl 42.1726
BSAI_flats 7 2029 CLCI 28.7649
BSAI_flats 7 2029 CUCI 56.2226
BSAI_flats 7 2029 CMedian 42.2648
BSAI_flats 7 2029 CMean 42.498
BSAI_flats 7 2029 CStdn 8.67289
BSAI_flats 7 2030 Cabc 38.5606
BSAI_flats 7 2030 Cofl 42.1726
BSAI_flats 7 2030 CLCI 27.5322
BSAI_flats 7 2030 CUCI 55.7922
BSAI_flats 7 2030 CMedian 40.8979
BSAI_flats 7 2030 CMean 41.3601
BSAI_flats 7 2030 CStdn 8.72489
BSAI_flats 7 2031 Cabc 38.5606
BSAI_flats 7 2031 Cofl 42.1726
BSAI_flats 7 2031 CLCI 27.4562
BSAI_flats 7 2031 CUCI 55.0633
BSAI_flats 7 2031 CMedian 40.0789
BSAI_flats 7 2031 CMean 40.7826
BSAI_flats 7 2031 CStdn 8.70025
BSAI_flats 7 2018 SSBF100 212.06
BSAI_flats 7 2018 SSBFabc 84.824
BSAI_flats 7 2018 SSBFofl 74.221
BSAI_flats 7 2018 SSBLCI 154.355
BSAI_flats 7 2018 SSBUCI 154.355
BSAI_flats 7 2018 SSBMedian 154.355
BSAI_flats 7 2018 SSBMean 154.355
BSAI_flats 7 2019 SSBF100 212.06
BSAI_flats 7 2019 SSBFabc 84.824
BSAI_flats 7 2019 SSBFofl 74.221
BSAI_flats 7 2019 SSBLCI 153.197
BSAI_flats 7 2019 SSBUCI 153.213
BSAI_flats 7 2019 SSBMedian 153.202
BSAI_flats 7 2019 SSBMean 153.203
BSAI_flats 7 2020 SSBF100 212.06
BSAI_flats 7 2020 SSBFabc 84.824
BSAI_flats 7 2020 SSBFofl 74.221
BSAI_flats 7 2020 SSBLCI 131.627
BSAI_flats 7 2020 SSBUCI 131.705
BSAI_flats 7 2020 SSBMedian 131.653
BSAI_flats 7 2020 SSBMean 131.658
BSAI_flats 7 2021 SSBF100 212.06
BSAI_flats 7 2021 SSBFabc 84.824
BSAI_flats 7 2021 SSBFofl 74.221
BSAI_flats 7 2021 SSBLCI 120.714
BSAI_flats 7 2021 SSBUCI 121.016
BSAI_flats 7 2021 SSBMedian 120.821
BSAI_flats 7 2021 SSBMean 120.838
BSAI_flats 7 2022 SSBF100 212.06
BSAI_flats 7 2022 SSBFabc 84.824
BSAI_flats 7 2022 SSBFofl 74.221
BSAI_flats 7 2022 SSBLCI 111.466
BSAI_flats 7 2022 SSBUCI 112.457
BSAI_flats 7 2022 SSBMedian 111.827
BSAI_flats 7 2022 SSBMean 111.883
BSAI_flats 7 2023 SSBF100 212.06
BSAI_flats 7 2023 SSBFabc 84.824
BSAI_flats 7 2023 SSBFofl 74.221
BSAI_flats 7 2023 SSBLCI 106.367
BSAI_flats 7 2023 SSBUCI 109.197
BSAI_flats 7 2023 SSBMedian 107.408
BSAI_flats 7 2023 SSBMean 107.554
BSAI_flats 7 2024 SSBF100 212.06
BSAI_flats 7 2024 SSBFabc 84.824
BSAI_flats 7 2024 SSBFofl 74.221
BSAI_flats 7 2024 SSBLCI 101.456
BSAI_flats 7 2024 SSBUCI 108.525
BSAI_flats 7 2024 SSBMedian 104.088
BSAI_flats 7 2024 SSBMean 104.446
BSAI_flats 7 2025 SSBF100 212.06
BSAI_flats 7 2025 SSBFabc 84.824
BSAI_flats 7 2025 SSBFofl 74.221
BSAI_flats 7 2025 SSBLCI 93.8463
BSAI_flats 7 2025 SSBUCI 108.399
BSAI_flats 7 2025 SSBMedian 99.2821
BSAI_flats 7 2025 SSBMean 100.018
BSAI_flats 7 2026 SSBF100 212.06
BSAI_flats 7 2026 SSBFabc 84.824
BSAI_flats 7 2026 SSBFofl 74.221
BSAI_flats 7 2026 SSBLCI 84.0705
BSAI_flats 7 2026 SSBUCI 108.664
BSAI_flats 7 2026 SSBMedian 93.343
BSAI_flats 7 2026 SSBMean 94.3738
BSAI_flats 7 2027 SSBF100 212.06
BSAI_flats 7 2027 SSBFabc 84.824
BSAI_flats 7 2027 SSBFofl 74.221
BSAI_flats 7 2027 SSBLCI 75.2366
BSAI_flats 7 2027 SSBUCI 106.862
BSAI_flats 7 2027 SSBMedian 87.2557
BSAI_flats 7 2027 SSBMean 88.8592
BSAI_flats 7 2028 SSBF100 212.06
BSAI_flats 7 2028 SSBFabc 84.824
BSAI_flats 7 2028 SSBFofl 74.221
BSAI_flats 7 2028 SSBLCI 69.471
BSAI_flats 7 2028 SSBUCI 105.322
BSAI_flats 7 2028 SSBMedian 82.8138
BSAI_flats 7 2028 SSBMean 84.7013
BSAI_flats 7 2029 SSBF100 212.06
BSAI_flats 7 2029 SSBFabc 84.824
BSAI_flats 7 2029 SSBFofl 74.221
BSAI_flats 7 2029 SSBLCI 66.4295
BSAI_flats 7 2029 SSBUCI 102.536
BSAI_flats 7 2029 SSBMedian 80.0515
BSAI_flats 7 2029 SSBMean 82.0208
BSAI_flats 7 2030 SSBF100 212.06
BSAI_flats 7 2030 SSBFabc 84.824
BSAI_flats 7 2030 SSBFofl 74.221
BSAI_flats 7 2030 SSBLCI 64.5273
BSAI_flats 7 2030 SSBUCI 100.323
BSAI_flats 7 2030 SSBMedian 78.7138
BSAI_flats 7 2030 SSBMean 80.4274
BSAI_flats 7 2031 SSBF100 212.06
BSAI_flats 7 2031 SSBFabc 84.824
BSAI_flats 7 2031 SSBFofl 74.221
BSAI_flats 7 2031 SSBLCI 64.1563
BSAI_flats 7 2031 SSBUCI 99.6644
BSAI_flats 7 2031 SSBMedian 78.0625
BSAI_flats 7 2031 SSBMean 79.5737
BSAI_flats 7 2018 F0 0 
BSAI_flats 7 2018 Fabc 0.380297
BSAI_flats 7 2018 Fofl 0.472195
BSAI_flats 7 2018  F_LCI 0.0603301
BSAI_flats 7 2018  F_UCI 0.0603301
BSAI_flats 7 2018  F_Median 0.0603301
BSAI_flats 7 2018  F_Mean 0.0603301
BSAI_flats 7 2019 F0 0 
BSAI_flats 7 2019 Fabc 0.380297
BSAI_flats 7 2019 Fofl 0.472195
BSAI_flats 7 2019  F_LCI 0.380297
BSAI_flats 7 2019  F_UCI 0.380297
BSAI_flats 7 2019  F_Median 0.380297
BSAI_flats 7 2019  F_Mean 0.380297
BSAI_flats 7 2020 F0 0 
BSAI_flats 7 2020 Fabc 0.380297
BSAI_flats 7 2020 Fofl 0.472195
BSAI_flats 7 2020  F_LCI 0.380297
BSAI_flats 7 2020  F_UCI 0.380297
BSAI_flats 7 2020  F_Median 0.380297
BSAI_flats 7 2020  F_Mean 0.380297
BSAI_flats 7 2021 F0 0 
BSAI_flats 7 2021 Fabc 0.380297
BSAI_flats 7 2021 Fofl 0.472195
BSAI_flats 7 2021  F_LCI 0.472195
BSAI_flats 7 2021  F_UCI 0.472195
BSAI_flats 7 2021  F_Median 0.472195
BSAI_flats 7 2021  F_Mean 0.472195
BSAI_flats 7 2022 F0 0 
BSAI_flats 7 2022 Fabc 0.380297
BSAI_flats 7 2022 Fofl 0.472195
BSAI_flats 7 2022  F_LCI 0.472195
BSAI_flats 7 2022  F_UCI 0.472195
BSAI_flats 7 2022  F_Median 0.472195
BSAI_flats 7 2022  F_Mean 0.472195
BSAI_flats 7 2023 F0 0 
BSAI_flats 7 2023 Fabc 0.380297
BSAI_flats 7 2023 Fofl 0.472195
BSAI_flats 7 2023  F_LCI 0.472195
BSAI_flats 7 2023  F_UCI 0.472195
BSAI_flats 7 2023  F_Median 0.472195
BSAI_flats 7 2023  F_Mean 0.472195
BSAI_flats 7 2024 F0 0 
BSAI_flats 7 2024 Fabc 0.380297
BSAI_flats 7 2024 Fofl 0.472195
BSAI_flats 7 2024  F_LCI 0.472195
BSAI_flats 7 2024  F_UCI 0.472195
BSAI_flats 7 2024  F_Median 0.472195
BSAI_flats 7 2024  F_Mean 0.472195
BSAI_flats 7 2025 F0 0 
BSAI_flats 7 2025 Fabc 0.380297
BSAI_flats 7 2025 Fofl 0.472195
BSAI_flats 7 2025  F_LCI 0.472195
BSAI_flats 7 2025  F_UCI 0.472195
BSAI_flats 7 2025  F_Median 0.472195
BSAI_flats 7 2025  F_Mean 0.472195
BSAI_flats 7 2026 F0 0 
BSAI_flats 7 2026 Fabc 0.380297
BSAI_flats 7 2026 Fofl 0.472195
BSAI_flats 7 2026  F_LCI 0.46778
BSAI_flats 7 2026  F_UCI 0.472195
BSAI_flats 7 2026  F_Median 0.472195
BSAI_flats 7 2026  F_Mean 0.47157
BSAI_flats 7 2027 F0 0 
BSAI_flats 7 2027 Fabc 0.380297
BSAI_flats 7 2027 Fofl 0.472195
BSAI_flats 7 2027  F_LCI 0.416015
BSAI_flats 7 2027  F_UCI 0.472195
BSAI_flats 7 2027  F_Median 0.472195
BSAI_flats 7 2027  F_Mean 0.459838
BSAI_flats 7 2028 F0 0 
BSAI_flats 7 2028 Fabc 0.380297
BSAI_flats 7 2028 Fofl 0.472195
BSAI_flats 7 2028  F_LCI 0.382231
BSAI_flats 7 2028  F_UCI 0.472195
BSAI_flats 7 2028  F_Median 0.460416
BSAI_flats 7 2028  F_Mean 0.445521
BSAI_flats 7 2029 F0 0 
BSAI_flats 7 2029 Fabc 0.380297
BSAI_flats 7 2029 Fofl 0.472195
BSAI_flats 7 2029  F_LCI 0.364408
BSAI_flats 7 2029  F_UCI 0.472195
BSAI_flats 7 2029  F_Median 0.444229
BSAI_flats 7 2029  F_Mean 0.435714
BSAI_flats 7 2030 F0 0 
BSAI_flats 7 2030 Fabc 0.380297
BSAI_flats 7 2030 Fofl 0.472195
BSAI_flats 7 2030  F_LCI 0.353262
BSAI_flats 7 2030  F_UCI 0.472195
BSAI_flats 7 2030  F_Median 0.436391
BSAI_flats 7 2030  F_Mean 0.430004
BSAI_flats 7 2031 F0 0 
BSAI_flats 7 2031 Fabc 0.380297
BSAI_flats 7 2031 Fofl 0.472195
BSAI_flats 7 2031  F_LCI 0.351088
BSAI_flats 7 2031  F_UCI 0.472195
BSAI_flats 7 2031  F_Median 0.432575
BSAI_flats 7 2031  F_Mean 0.42735
