
SB0 SB40 SB35 MeanRec HarMeanRec Bnow
196683 78673.1 68839 449257 353905 165466 
CV Recruit
0.519065 
Alternative 1 Alternative  Stock: Model_Proj.dat
Catch Model_Proj.dat
Year C0 Cabc Cofl LowCI_Catch Median_Catch Mean_Catch UpperCI_Catch Stdev_Catch 
2008  0 35838.1 39114.6 24539.8 24539.8 24539.8 24539.8 6.18456e-11 
2009  0 35838.1 39114.6 19557.9 19557.9 19557.9 19557.9 3.40425e-07 
2010  0 35838.1 39114.6 20127.1 20127.1 20127.1 20127.1 2.44626e-06 
2011  0 35838.1 39114.6 13558 13558 13558 13558 9.04317e-05 
2012  0 35838.1 39114.6 11367.5 11367.5 11367.5 11367.5 0.0022562 

Spawning_Biomass Model_Proj.dat
Year SSB100 SSBabc SSBofl LowCI_SSB Median_SSB Mean_SSB UpperCI_SSB Stdev_SSB 
2008 196683 78673.1 68839 165466 165466 165466 165466 2.91038e-10 
2009 196683 78673.1 68839 160228 160232 160233 160239 3.9152 
2010 196683 78673.1 68839 158656 158681 158685 158717 21.4573 
2011 196683 78673.1 68839 158588 158695 158709 158844 87.1044 
2012 196683 78673.1 68839 161955 162320 162368 162829 291.398 

Fishing_mortalityModel_Proj.dat
Year F0 Fabc Fofl LowCI_F Median_F Mean_F UpperCI_F Stdev_F 
2008  0 0.406856 0.503663 0.134 0.134 0.134 0.134 2.498e-16 
2009  0 0.406856 0.503663 0.108698 0.108708 0.108707 0.108714 5.47903e-06 
2010  0 0.406856 0.503663 0.112451 0.112539 0.112528 0.11259 4.92755e-05 
2011  0 0.406856 0.503663 0.0754878 0.075783 0.0757578 0.0759734 0.000160682 
2012  0 0.406856 0.503663 0.0624813 0.0633026 0.0632363 0.063798 0.000421172 

Total_BiomassModel_Proj.dat
Year B100 Babc Bofl LowCI_Biom Median_Biom Mean_Biom UpperCI_Biom Stdev_Biom 
2008 1.26636e+06 420330 399944 614572 614572 614572 614572 1.39698e-09 
2009 1.26636e+06 420330 399944 587221 594725 596038 606552 6984.86 
2010 1.26636e+06 420330 399944 560511 580330 582175 609715 14948.3 
2011 1.26636e+06 420330 399944 533530 565673 568192 605539 23483 
2012 1.26636e+06 420330 399944 516277 560253 560622 615497 31885.8 
Alternative 2 Alternative  Stock: Model_Proj.dat
Catch Model_Proj.dat
Year C0 Cabc Cofl LowCI_Catch Median_Catch Mean_Catch UpperCI_Catch Stdev_Catch 
2008  0 35838.1 39114.6 24539.8 24539.8 24539.8 24539.8 6.18456e-11 
2009  0 35838.1 39114.6 19557.9 19557.9 19557.9 19557.9 3.40425e-07 
2010  0 35838.1 39114.6 20127.1 20127.1 20127.1 20127.1 2.44626e-06 
2011  0 35838.1 39114.6 13558 13558 13558 13558 9.04317e-05 
2012  0 35838.1 39114.6 11367.5 11367.5 11367.5 11367.5 0.0022562 

Spawning_Biomass Model_Proj.dat
Year SSB100 SSBabc SSBofl LowCI_SSB Median_SSB Mean_SSB UpperCI_SSB Stdev_SSB 
2008 196683 78673.1 68839 165466 165466 165466 165466 2.91038e-10 
2009 196683 78673.1 68839 160228 160232 160233 160239 3.9152 
2010 196683 78673.1 68839 158656 158681 158685 158717 21.4573 
2011 196683 78673.1 68839 158588 158695 158709 158844 87.1044 
2012 196683 78673.1 68839 161955 162320 162368 162829 291.398 

Fishing_mortalityModel_Proj.dat
Year F0 Fabc Fofl LowCI_F Median_F Mean_F UpperCI_F Stdev_F 
2008  0 0.406856 0.503663 0.134 0.134 0.134 0.134 2.498e-16 
2009  0 0.406856 0.503663 0.108698 0.108708 0.108707 0.108714 5.47903e-06 
2010  0 0.406856 0.503663 0.112451 0.112539 0.112528 0.11259 4.92755e-05 
2011  0 0.406856 0.503663 0.0754878 0.075783 0.0757578 0.0759734 0.000160682 
2012  0 0.406856 0.503663 0.0624813 0.0633026 0.0632363 0.063798 0.000421172 

Total_BiomassModel_Proj.dat
Year B100 Babc Bofl LowCI_Biom Median_Biom Mean_Biom UpperCI_Biom Stdev_Biom 
2008 1.26636e+06 420330 399944 614572 614572 614572 614572 1.39698e-09 
2009 1.26636e+06 420330 399944 587221 594725 596038 606552 6984.86 
2010 1.26636e+06 420330 399944 560511 580330 582175 609715 14948.3 
2011 1.26636e+06 420330 399944 533530 565673 568192 605539 23483 
2012 1.26636e+06 420330 399944 516277 560253 560622 615497 31885.8 
Alternative 3 Alternative  Stock: Model_Proj.dat
Catch Model_Proj.dat
Year C0 Cabc Cofl LowCI_Catch Median_Catch Mean_Catch UpperCI_Catch Stdev_Catch 
2008  0 35838.1 39114.6 24539.8 24539.8 24539.8 24539.8 6.18456e-11 
2009  0 35838.1 39114.6 19557.9 19557.9 19557.9 19557.9 3.40425e-07 
2010  0 35838.1 39114.6 20127.1 20127.1 20127.1 20127.1 2.44626e-06 
2011  0 35838.1 39114.6 13558 13558 13558 13558 9.04317e-05 
2012  0 35838.1 39114.6 11367.5 11367.5 11367.5 11367.5 0.0022562 

Spawning_Biomass Model_Proj.dat
Year SSB100 SSBabc SSBofl LowCI_SSB Median_SSB Mean_SSB UpperCI_SSB Stdev_SSB 
2008 196683 78673.1 68839 165466 165466 165466 165466 2.91038e-10 
2009 196683 78673.1 68839 160228 160232 160233 160239 3.9152 
2010 196683 78673.1 68839 158656 158681 158685 158717 21.4573 
2011 196683 78673.1 68839 158588 158695 158709 158844 87.1044 
2012 196683 78673.1 68839 161955 162320 162368 162829 291.398 

Fishing_mortalityModel_Proj.dat
Year F0 Fabc Fofl LowCI_F Median_F Mean_F UpperCI_F Stdev_F 
2008  0 0.406856 0.503663 0.134 0.134 0.134 0.134 2.498e-16 
2009  0 0.406856 0.503663 0.108698 0.108708 0.108707 0.108714 5.47903e-06 
2010  0 0.406856 0.503663 0.112451 0.112539 0.112528 0.11259 4.92755e-05 
2011  0 0.406856 0.503663 0.0754878 0.075783 0.0757578 0.0759734 0.000160682 
2012  0 0.406856 0.503663 0.0624813 0.0633026 0.0632363 0.063798 0.000421172 

Total_BiomassModel_Proj.dat
Year B100 Babc Bofl LowCI_Biom Median_Biom Mean_Biom UpperCI_Biom Stdev_Biom 
2008 1.26636e+06 420330 399944 614572 614572 614572 614572 1.39698e-09 
2009 1.26636e+06 420330 399944 587221 594725 596038 606552 6984.86 
2010 1.26636e+06 420330 399944 560511 580330 582175 609715 14948.3 
2011 1.26636e+06 420330 399944 533530 565673 568192 605539 23483 
2012 1.26636e+06 420330 399944 516277 560253 560622 615497 31885.8 
Alternative 4 Alternative  Stock: Model_Proj.dat
Catch Model_Proj.dat
Year C0 Cabc Cofl LowCI_Catch Median_Catch Mean_Catch UpperCI_Catch Stdev_Catch 
2008  0 35838.1 39114.6 24539.8 24539.8 24539.8 24539.8 6.18456e-11 
2009  0 35838.1 39114.6 19557.9 19557.9 19557.9 19557.9 3.40425e-07 
2010  0 35838.1 39114.6 20127.1 20127.1 20127.1 20127.1 2.44626e-06 
2011  0 35838.1 39114.6 13558 13558 13558 13558 9.04317e-05 
2012  0 35838.1 39114.6 11367.5 11367.5 11367.5 11367.5 0.0022562 

Spawning_Biomass Model_Proj.dat
Year SSB100 SSBabc SSBofl LowCI_SSB Median_SSB Mean_SSB UpperCI_SSB Stdev_SSB 
2008 196683 78673.1 68839 165466 165466 165466 165466 2.91038e-10 
2009 196683 78673.1 68839 160228 160232 160233 160239 3.9152 
2010 196683 78673.1 68839 158656 158681 158685 158717 21.4573 
2011 196683 78673.1 68839 158588 158695 158709 158844 87.1044 
2012 196683 78673.1 68839 161955 162320 162368 162829 291.398 

Fishing_mortalityModel_Proj.dat
Year F0 Fabc Fofl LowCI_F Median_F Mean_F UpperCI_F Stdev_F 
2008  0 0.406856 0.503663 0.134 0.134 0.134 0.134 2.498e-16 
2009  0 0.406856 0.503663 0.108698 0.108708 0.108707 0.108714 5.47903e-06 
2010  0 0.406856 0.503663 0.112451 0.112539 0.112528 0.11259 4.92755e-05 
2011  0 0.406856 0.503663 0.0754878 0.075783 0.0757578 0.0759734 0.000160682 
2012  0 0.406856 0.503663 0.0624813 0.0633026 0.0632363 0.063798 0.000421172 

Total_BiomassModel_Proj.dat
Year B100 Babc Bofl LowCI_Biom Median_Biom Mean_Biom UpperCI_Biom Stdev_Biom 
2008 1.26636e+06 420330 399944 614572 614572 614572 614572 1.39698e-09 
2009 1.26636e+06 420330 399944 587221 594725 596038 606552 6984.86 
2010 1.26636e+06 420330 399944 560511 580330 582175 609715 14948.3 
2011 1.26636e+06 420330 399944 533530 565673 568192 605539 23483 
2012 1.26636e+06 420330 399944 516277 560253 560622 615497 31885.8 
Alternative 5 Alternative  Stock: Model_Proj.dat
Catch Model_Proj.dat
Year C0 Cabc Cofl LowCI_Catch Median_Catch Mean_Catch UpperCI_Catch Stdev_Catch 
2008  0 35838.1 39114.6 24539.8 24539.8 24539.8 24539.8 6.18456e-11 
2009  0 35838.1 39114.6 19557.9 19557.9 19557.9 19557.9 3.40425e-07 
2010  0 35838.1 39114.6 20127.1 20127.1 20127.1 20127.1 2.44626e-06 
2011  0 35838.1 39114.6 13558 13558 13558 13558 9.04317e-05 
2012  0 35838.1 39114.6 11367.5 11367.5 11367.5 11367.5 0.0022562 

Spawning_Biomass Model_Proj.dat
Year SSB100 SSBabc SSBofl LowCI_SSB Median_SSB Mean_SSB UpperCI_SSB Stdev_SSB 
2008 196683 78673.1 68839 165466 165466 165466 165466 2.91038e-10 
2009 196683 78673.1 68839 160228 160232 160233 160239 3.9152 
2010 196683 78673.1 68839 158656 158681 158685 158717 21.4573 
2011 196683 78673.1 68839 158588 158695 158709 158844 87.1044 
2012 196683 78673.1 68839 161955 162320 162368 162829 291.398 

Fishing_mortalityModel_Proj.dat
Year F0 Fabc Fofl LowCI_F Median_F Mean_F UpperCI_F Stdev_F 
2008  0 0.406856 0.503663 0.134 0.134 0.134 0.134 2.498e-16 
2009  0 0.406856 0.503663 0.108698 0.108708 0.108707 0.108714 5.47903e-06 
2010  0 0.406856 0.503663 0.112451 0.112539 0.112528 0.11259 4.92755e-05 
2011  0 0.406856 0.503663 0.0754878 0.075783 0.0757578 0.0759734 0.000160682 
2012  0 0.406856 0.503663 0.0624813 0.0633026 0.0632363 0.063798 0.000421172 

Total_BiomassModel_Proj.dat
Year B100 Babc Bofl LowCI_Biom Median_Biom Mean_Biom UpperCI_Biom Stdev_Biom 
2008 1.26636e+06 420330 399944 614572 614572 614572 614572 1.39698e-09 
2009 1.26636e+06 420330 399944 587221 594725 596038 606552 6984.86 
2010 1.26636e+06 420330 399944 560511 580330 582175 609715 14948.3 
2011 1.26636e+06 420330 399944 533530 565673 568192 605539 23483 
2012 1.26636e+06 420330 399944 516277 560253 560622 615497 31885.8 
Alternative 6 Alternative  Stock: Model_Proj.dat
Catch Model_Proj.dat
Year C0 Cabc Cofl LowCI_Catch Median_Catch Mean_Catch UpperCI_Catch Stdev_Catch 
2008  0 35838.1 39114.6 24539.8 24539.8 24539.8 24539.8 6.18456e-11 
2009  0 35838.1 39114.6 82760 82764.7 82765.6 82772.3 4.44924 
2010  0 35838.1 39114.6 69835.7 69877.6 69886.1 69945.8 38.1543 
2011  0 35838.1 39114.6 60475.7 60693.3 60723.7 61005.6 184.76 
2012  0 35838.1 39114.6 52801.5 53524.7 53626.5 54560.5 576.57 

Spawning_Biomass Model_Proj.dat
Year SSB100 SSBabc SSBofl LowCI_SSB Median_SSB Mean_SSB UpperCI_SSB Stdev_SSB 
2008 196683 78673.1 68839 165466 165466 165466 165466 2.91038e-10 
2009 196683 78673.1 68839 160228 160232 160233 160239 3.9152 
2010 196683 78673.1 68839 131233 131258 131262 131294 21.0306 
2011 196683 78673.1 68839 113082 113184 113198 113326 82.8806 
2012 196683 78673.1 68839 101272 101616 101661 102096 273.678 

Fishing_mortalityModel_Proj.dat
Year F0 Fabc Fofl LowCI_F Median_F Mean_F UpperCI_F Stdev_F 
2008  0 0.406856 0.503663 0.134 0.134 0.134 0.134 2.498e-16 
2009  0 0.406856 0.503663 0.503663 0.503663 0.503663 0.503663 7.97554e-11 
2010  0 0.406856 0.503663 0.503663 0.503663 0.503663 0.503663 2.21142e-10 
2011  0 0.406856 0.503663 0.503663 0.503663 0.503663 0.503663 6.36121e-10 
2012  0 0.406856 0.503663 0.503663 0.503663 0.503663 0.503663 3.50474e-09 

Total_BiomassModel_Proj.dat
Year B100 Babc Bofl LowCI_Biom Median_Biom Mean_Biom UpperCI_Biom Stdev_Biom 
2008 1.26636e+06 420330 399944 614572 614572 614572 614572 1.39698e-09 
2009 1.26636e+06 420330 399944 587221 594725 596038 606552 6984.86 
2010 1.26636e+06 420330 399944 504586 524402 526241 553773 14942.4 
2011 1.26636e+06 420330 399944 440555 472649 475148 512392 23436.4 
2012 1.26636e+06 420330 399944 393647 437377 437633 492357 31676.5 
Alternative 7 Alternative  Stock: Model_Proj.dat
Catch Model_Proj.dat
Year C0 Cabc Cofl LowCI_Catch Median_Catch Mean_Catch UpperCI_Catch Stdev_Catch 
2008  0 35838.1 39114.6 24539.8 24539.8 24539.8 24539.8 6.18456e-11 
2009  0 35838.1 39114.6 68321.9 68325.7 68326.4 68331.8 3.59425 
2010  0 35838.1 39114.6 59938.4 59972.2 59979.1 60027.3 30.832 
2011  0 35838.1 39114.6 64899.3 65117 65147.4 65429.5 184.875 
2012  0 35838.1 39114.6 55919.1 56642.7 56744.6 57679 576.905 

Spawning_Biomass Model_Proj.dat
Year SSB100 SSBabc SSBofl LowCI_SSB Median_SSB Mean_SSB UpperCI_SSB Stdev_SSB 
2008 196683 78673.1 68839 165466 165466 165466 165466 2.91038e-10 
2009 196683 78673.1 68839 160228 160232 160233 160239 3.9152 
2010 196683 78673.1 68839 137378 137403 137406 137438 21.0322 
2011 196683 78673.1 68839 122516 122619 122632 122761 82.9124 
2012 196683 78673.1 68839 107839 108183 108229 108663 273.781 

Fishing_mortalityModel_Proj.dat
Year F0 Fabc Fofl LowCI_F Median_F Mean_F UpperCI_F Stdev_F 
2008  0 0.406856 0.503663 0.134 0.134 0.134 0.134 2.498e-16 
2009  0 0.406856 0.503663 0.406855 0.406855 0.406855 0.406855 5.50751e-11 
2010  0 0.406856 0.503663 0.406855 0.406855 0.406855 0.406855 6.93287e-11 
2011  0 0.406856 0.503663 0.503663 0.503663 0.503663 0.503663 6.03554e-10 
2012  0 0.406856 0.503663 0.503663 0.503663 0.503663 0.503663 3.36459e-09 

Total_BiomassModel_Proj.dat
Year B100 Babc Bofl LowCI_Biom Median_Biom Mean_Biom UpperCI_Biom Stdev_Biom 
2008 1.26636e+06 420330 399944 614572 614572 614572 614572 1.39698e-09 
2009 1.26636e+06 420330 399944 587221 594725 596038 606552 6984.86 
2010 1.26636e+06 420330 399944 517339 537155 538996 566529 14943.6 
2011 1.26636e+06 420330 399944 460497 492601 495105 532370 23446.2 
2012 1.26636e+06 420330 399944 407218 450958 451221 505952 31686.6 
