Alternative 1 Catch
     Model_Proj.dat 
Equil_Fabc 36274.9 
Year 
2018 11006.6 
2019 15858.1 
2020 8555.53 

Alternative 1 ABCs
     Model_Proj.dat 

Year 
2018 61267.5 
2019 61476 
2020 61841.4 

Alternative 1 TACs
     Model_Proj.dat 

Year 
2018  NA 
2019  NA 
2020  NA 

Alternative 1 Sp_Biomass
     Model_Proj.dat 
Equil_Fabc 83425.1 
Year 
2018 151492 
2019 149049 
2020 147627 

Alternative 1 Fishing Mortality
     Model_Proj.dat 
Equil_Fabc 0.35503 
Year 
2018 0.058845 
2019 0.0852531 
2020 0.0453367 

Alternative 1 Biomass
     Model_Proj.dat 

Year 
2018 599018 
2019 626967 
2020 647672 

Alternative 1 Implied SPR rate 
     Model_Proj.dat 
Equil_Fabc 0.4 
Year 
2018 0.79836 
2019 0.732593 
2020 0.836923 

  Model_Proj.dat 
EquilAvgAgeF0  5.39324 
EquilAvgAgeFabc  4.09981 
AvgAgeYr2020 4.75814 
Alternative 2 Catch
     Model_Proj.dat 
Equil_Fabc 36274.9 
Year 
2018 11006.6 
2019 15858.1 
2020 8555.53 

Alternative 2 ABCs
     Model_Proj.dat 

Year 
2018 61267.5 
2019 61476 
2020 61841.4 

Alternative 2 TACs
     Model_Proj.dat 

Year 
2018  NA 
2019  NA 
2020  NA 

Alternative 2 Sp_Biomass
     Model_Proj.dat 
Equil_Fabc 83425.1 
Year 
2018 151492 
2019 149049 
2020 147627 

Alternative 2 Fishing Mortality
     Model_Proj.dat 
Equil_Fabc 0.35503 
Year 
2018 0.058845 
2019 0.0852531 
2020 0.0453367 

Alternative 2 Biomass
     Model_Proj.dat 

Year 
2018 599018 
2019 626967 
2020 647672 

Alternative 2 Implied SPR rate 
     Model_Proj.dat 
Equil_Fabc 0.4 
Year 
2018 0.79836 
2019 0.732593 
2020 0.836923 

  Model_Proj.dat 
EquilAvgAgeF0  5.39324 
EquilAvgAgeFabc  4.09981 
AvgAgeYr2020 4.75814 
Alternative 3 Catch
     Model_Proj.dat 
Equil_Fabc 36274.9 
Year 
2018 11006.6 
2019 15858.1 
2020 8555.53 

Alternative 3 ABCs
     Model_Proj.dat 

Year 
2018 11249.7 
2019 11268.4 
2020 11309.6 

Alternative 3 TACs
     Model_Proj.dat 

Year 
2018  NA 
2019  NA 
2020  NA 

Alternative 3 Sp_Biomass
     Model_Proj.dat 
Equil_Fabc 83425.1 
Year 
2018 151492 
2019 149049 
2020 147627 

Alternative 3 Fishing Mortality
     Model_Proj.dat 
Equil_Fabc 0.35503 
Year 
2018 0.058845 
2019 0.0852531 
2020 0.0453367 

Alternative 3 Biomass
     Model_Proj.dat 

Year 
2018 599018 
2019 626967 
2020 647672 

Alternative 3 Implied SPR rate 
     Model_Proj.dat 
Equil_Fabc 0.4 
Year 
2018 0.79836 
2019 0.732593 
2020 0.836923 

  Model_Proj.dat 
EquilAvgAgeF0  5.39324 
EquilAvgAgeFabc  4.09981 
AvgAgeYr2020 4.75814 
Alternative 4 Catch
     Model_Proj.dat 
Equil_Fabc 36274.9 
Year 
2018 11006.6 
2019 15858.1 
2020 8555.53 

Alternative 4 ABCs
     Model_Proj.dat 

Year 
2018 14475.8 
2019 14501.4 
2020 14556.4 

Alternative 4 TACs
     Model_Proj.dat 

Year 
2018  NA 
2019  NA 
2020  NA 

Alternative 4 Sp_Biomass
     Model_Proj.dat 
Equil_Fabc 83425.1 
Year 
2018 151492 
2019 149049 
2020 147627 

Alternative 4 Fishing Mortality
     Model_Proj.dat 
Equil_Fabc 0.35503 
Year 
2018 0.058845 
2019 0.0852531 
2020 0.0453367 

Alternative 4 Biomass
     Model_Proj.dat 

Year 
2018 599018 
2019 626967 
2020 647672 

Alternative 4 Implied SPR rate 
     Model_Proj.dat 
Equil_Fabc 0.4 
Year 
2018 0.79836 
2019 0.732593 
2020 0.836923 

  Model_Proj.dat 
EquilAvgAgeF0  5.39324 
EquilAvgAgeFabc  4.09981 
AvgAgeYr2020 4.75814 
Alternative 5 Catch
     Model_Proj.dat 
Equil_Fabc 36274.9 
Year 
2018 11006.6 
2019 15858.1 
2020 8555.53 

Alternative 5 ABCs
     Model_Proj.dat 

Year 
2018  NA 
2019  NA 
2020  NA 

Alternative 5 TACs
     Model_Proj.dat 

Year 
2018  NA 
2019  NA 
2020  NA 

Alternative 5 Sp_Biomass
     Model_Proj.dat 
Equil_Fabc 83425.1 
Year 
2018 151492 
2019 149049 
2020 147627 

Alternative 5 Fishing Mortality
     Model_Proj.dat 
Equil_Fabc 0.35503 
Year 
2018 0.058845 
2019 0.0852531 
2020 0.0453367 

Alternative 5 Biomass
     Model_Proj.dat 

Year 
2018 599018 
2019 626967 
2020 647672 

Alternative 5 Implied SPR rate 
     Model_Proj.dat 
Equil_Fabc 0.4 
Year 
2018 0.79836 
2019 0.732593 
2020 0.836923 

  Model_Proj.dat 
EquilAvgAgeF0  5.39324 
EquilAvgAgeFabc  4.09981 
AvgAgeYr2020 4.75814 
Alternative 6 Catch
     Model_Proj.dat 
Equil_Fabc 36274.9 
Year 
2018 11006.6 
2019 74532.1 
2020 63425 

Alternative 6 ABCs
     Model_Proj.dat 

Year 
2018 74242 
2019 74532.2 
2020 63425 

Alternative 6 TACs
     Model_Proj.dat 

Year 
2018  NA 
2019 74532.2 
2020 63425 

Alternative 6 Sp_Biomass
     Model_Proj.dat 
Equil_Fabc 83425.1 
Year 
2018 151492 
2019 149049 
2020 121091 

Alternative 6 Fishing Mortality
     Model_Proj.dat 
Equil_Fabc 0.35503 
Year 
2018 0.058845 
2019 0.439957 
2020 0.439957 

Alternative 6 Biomass
     Model_Proj.dat 

Year 
2018 599018 
2019 626967 
2020 595541 

Alternative 6 Implied SPR rate 
     Model_Proj.dat 
Equil_Fabc 0.4 
Year 
2018 0.79836 
2019 0.35 
2020 0.35 

  Model_Proj.dat 
EquilAvgAgeF0  5.39324 
EquilAvgAgeFabc  4.09981 
AvgAgeYr2020 4.33583 
Alternative 7 Catch
     Model_Proj.dat 
Equil_Fabc 36274.9 
Year 
2018 11006.6 
2019 61475.9 
2020 54342.9 

Alternative 7 ABCs
     Model_Proj.dat 

Year 
2018 74242 
2019 74532.2 
2020 65971.9 

Alternative 7 TACs
     Model_Proj.dat 

Year 
2018  NA 
2019 74532.2 
2020 65971.9 

Alternative 7 Sp_Biomass
     Model_Proj.dat 
Equil_Fabc 83425.1 
Year 
2018 151492 
2019 149049 
2020 126872 

Alternative 7 Fishing Mortality
     Model_Proj.dat 
Equil_Fabc 0.35503 
Year 
2018 0.058845 
2019 0.35503 
2020 0.35503 

Alternative 7 Biomass
     Model_Proj.dat 

Year 
2018 599018 
2019 626967 
2020 607117 

Alternative 7 Implied SPR rate 
     Model_Proj.dat 
Equil_Fabc 0.4 
Year 
2018 0.79836 
2019 0.4 
2020 0.4 

  Model_Proj.dat 
EquilAvgAgeF0  5.39324 
EquilAvgAgeFabc  4.09981 
AvgAgeYr2020 4.41799 
