
SB0 SB40 SB35 MeanRec HarMeanRec Bnow
208563 83425.1 72997 475196 371662 151492 
CV Recruit
0.527798 
Alternative 1 Alternative  Stock: Model_Proj.dat
Catch Model_Proj.dat
Year C0 Cabc Cofl LowCI_Catch Median_Catch Mean_Catch UpperCI_Catch Stdev_Catch 
2018  0 36274.9 39567.8 11006.6 11006.6 11006.6 11006.6 1.63709e-11 
2019  0 36274.9 39567.8 15858.1 15858.1 15858.1 15858.1 2.58763e-06 
2020  0 36274.9 39567.8 8555.53 8555.53 8555.53 8555.53 6.13624e-06 

Spawning_Biomass Model_Proj.dat
Year SSB100 SSBabc SSBofl LowCI_SSB Median_SSB Mean_SSB UpperCI_SSB Stdev_SSB 
2018 208563 83425.1 72997 151492 151492 151492 151492 2.03727e-10 
2019 208563 83425.1 72997 149044 149049 149049 149055 3.89628 
2020 208563 83425.1 72997 147600 147624 147627 147665 20.949 

Fishing_mortalityModel_Proj.dat
Year F0 Fabc Fofl LowCI_F Median_F Mean_F UpperCI_F Stdev_F 
2018  0 0.35503 0.439958 0.058845 0.058845 0.058845 0.058845 6.93889e-17 
2019  0 0.35503 0.439958 0.0852474 0.0852536 0.0852531 0.0852566 3.02535e-06 
2020  0 0.35503 0.439958 0.0453077 0.0453393 0.0453367 0.0453546 1.51351e-05 

Total_BiomassModel_Proj.dat
Year B100 Babc Bofl LowCI_Biom Median_Biom Mean_Biom UpperCI_Biom Stdev_Biom 
2018 1.32849e+06 441136 419942 599018 599018 599018 599018 1.16415e-09 
2019 1.32849e+06 441136 419942 618577 625884 626967 637769 6974.83 
2020 1.32849e+06 441136 419942 626306 645329 647672 676292 16015.7 
Alternative 2 Alternative  Stock: Model_Proj.dat
Catch Model_Proj.dat
Year C0 Cabc Cofl LowCI_Catch Median_Catch Mean_Catch UpperCI_Catch Stdev_Catch 
2018  0 36274.9 39567.8 11006.6 11006.6 11006.6 11006.6 1.63709e-11 
2019  0 36274.9 39567.8 15858.1 15858.1 15858.1 15858.1 2.58763e-06 
2020  0 36274.9 39567.8 8555.53 8555.53 8555.53 8555.53 6.13624e-06 

Spawning_Biomass Model_Proj.dat
Year SSB100 SSBabc SSBofl LowCI_SSB Median_SSB Mean_SSB UpperCI_SSB Stdev_SSB 
2018 208563 83425.1 72997 151492 151492 151492 151492 2.03727e-10 
2019 208563 83425.1 72997 149044 149049 149049 149055 3.89628 
2020 208563 83425.1 72997 147600 147624 147627 147665 20.949 

Fishing_mortalityModel_Proj.dat
Year F0 Fabc Fofl LowCI_F Median_F Mean_F UpperCI_F Stdev_F 
2018  0 0.35503 0.439958 0.058845 0.058845 0.058845 0.058845 6.93889e-17 
2019  0 0.35503 0.439958 0.0852474 0.0852536 0.0852531 0.0852566 3.02535e-06 
2020  0 0.35503 0.439958 0.0453077 0.0453393 0.0453367 0.0453546 1.51351e-05 

Total_BiomassModel_Proj.dat
Year B100 Babc Bofl LowCI_Biom Median_Biom Mean_Biom UpperCI_Biom Stdev_Biom 
2018 1.32849e+06 441136 419942 599018 599018 599018 599018 1.16415e-09 
2019 1.32849e+06 441136 419942 618577 625884 626967 637769 6974.83 
2020 1.32849e+06 441136 419942 626306 645329 647672 676292 16015.7 
Alternative 3 Alternative  Stock: Model_Proj.dat
Catch Model_Proj.dat
Year C0 Cabc Cofl LowCI_Catch Median_Catch Mean_Catch UpperCI_Catch Stdev_Catch 
2018  0 36274.9 39567.8 11006.6 11006.6 11006.6 11006.6 1.63709e-11 
2019  0 36274.9 39567.8 15858.1 15858.1 15858.1 15858.1 2.58763e-06 
2020  0 36274.9 39567.8 8555.53 8555.53 8555.53 8555.53 6.13624e-06 

Spawning_Biomass Model_Proj.dat
Year SSB100 SSBabc SSBofl LowCI_SSB Median_SSB Mean_SSB UpperCI_SSB Stdev_SSB 
2018 208563 83425.1 72997 151492 151492 151492 151492 2.03727e-10 
2019 208563 83425.1 72997 149044 149049 149049 149055 3.89628 
2020 208563 83425.1 72997 147600 147624 147627 147665 20.949 

Fishing_mortalityModel_Proj.dat
Year F0 Fabc Fofl LowCI_F Median_F Mean_F UpperCI_F Stdev_F 
2018  0 0.35503 0.439958 0.058845 0.058845 0.058845 0.058845 6.93889e-17 
2019  0 0.35503 0.439958 0.0852474 0.0852536 0.0852531 0.0852566 3.02535e-06 
2020  0 0.35503 0.439958 0.0453077 0.0453393 0.0453367 0.0453546 1.51351e-05 

Total_BiomassModel_Proj.dat
Year B100 Babc Bofl LowCI_Biom Median_Biom Mean_Biom UpperCI_Biom Stdev_Biom 
2018 1.32849e+06 441136 419942 599018 599018 599018 599018 1.16415e-09 
2019 1.32849e+06 441136 419942 618577 625884 626967 637769 6974.83 
2020 1.32849e+06 441136 419942 626306 645329 647672 676292 16015.7 
Alternative 4 Alternative  Stock: Model_Proj.dat
Catch Model_Proj.dat
Year C0 Cabc Cofl LowCI_Catch Median_Catch Mean_Catch UpperCI_Catch Stdev_Catch 
2018  0 36274.9 39567.8 11006.6 11006.6 11006.6 11006.6 1.63709e-11 
2019  0 36274.9 39567.8 15858.1 15858.1 15858.1 15858.1 2.58763e-06 
2020  0 36274.9 39567.8 8555.53 8555.53 8555.53 8555.53 6.13624e-06 

Spawning_Biomass Model_Proj.dat
Year SSB100 SSBabc SSBofl LowCI_SSB Median_SSB Mean_SSB UpperCI_SSB Stdev_SSB 
2018 208563 83425.1 72997 151492 151492 151492 151492 2.03727e-10 
2019 208563 83425.1 72997 149044 149049 149049 149055 3.89628 
2020 208563 83425.1 72997 147600 147624 147627 147665 20.949 

Fishing_mortalityModel_Proj.dat
Year F0 Fabc Fofl LowCI_F Median_F Mean_F UpperCI_F Stdev_F 
2018  0 0.35503 0.439958 0.058845 0.058845 0.058845 0.058845 6.93889e-17 
2019  0 0.35503 0.439958 0.0852474 0.0852536 0.0852531 0.0852566 3.02535e-06 
2020  0 0.35503 0.439958 0.0453077 0.0453393 0.0453367 0.0453546 1.51351e-05 

Total_BiomassModel_Proj.dat
Year B100 Babc Bofl LowCI_Biom Median_Biom Mean_Biom UpperCI_Biom Stdev_Biom 
2018 1.32849e+06 441136 419942 599018 599018 599018 599018 1.16415e-09 
2019 1.32849e+06 441136 419942 618577 625884 626967 637769 6974.83 
2020 1.32849e+06 441136 419942 626306 645329 647672 676292 16015.7 
Alternative 5 Alternative  Stock: Model_Proj.dat
Catch Model_Proj.dat
Year C0 Cabc Cofl LowCI_Catch Median_Catch Mean_Catch UpperCI_Catch Stdev_Catch 
2018  0 36274.9 39567.8 11006.6 11006.6 11006.6 11006.6 1.63709e-11 
2019  0 36274.9 39567.8 15858.1 15858.1 15858.1 15858.1 2.58763e-06 
2020  0 36274.9 39567.8 8555.53 8555.53 8555.53 8555.53 6.13624e-06 

Spawning_Biomass Model_Proj.dat
Year SSB100 SSBabc SSBofl LowCI_SSB Median_SSB Mean_SSB UpperCI_SSB Stdev_SSB 
2018 208563 83425.1 72997 151492 151492 151492 151492 2.03727e-10 
2019 208563 83425.1 72997 149044 149049 149049 149055 3.89628 
2020 208563 83425.1 72997 147600 147624 147627 147665 20.949 

Fishing_mortalityModel_Proj.dat
Year F0 Fabc Fofl LowCI_F Median_F Mean_F UpperCI_F Stdev_F 
2018  0 0.35503 0.439958 0.058845 0.058845 0.058845 0.058845 6.93889e-17 
2019  0 0.35503 0.439958 0.0852474 0.0852536 0.0852531 0.0852566 3.02535e-06 
2020  0 0.35503 0.439958 0.0453077 0.0453393 0.0453367 0.0453546 1.51351e-05 

Total_BiomassModel_Proj.dat
Year B100 Babc Bofl LowCI_Biom Median_Biom Mean_Biom UpperCI_Biom Stdev_Biom 
2018 1.32849e+06 441136 419942 599018 599018 599018 599018 1.16415e-09 
2019 1.32849e+06 441136 419942 618577 625884 626967 637769 6974.83 
2020 1.32849e+06 441136 419942 626306 645329 647672 676292 16015.7 
Alternative 6 Alternative  Stock: Model_Proj.dat
Catch Model_Proj.dat
Year C0 Cabc Cofl LowCI_Catch Median_Catch Mean_Catch UpperCI_Catch Stdev_Catch 
2018  0 36274.9 39567.8 11006.6 11006.6 11006.6 11006.6 1.63709e-11 
2019  0 36274.9 39567.8 74528.7 74531.7 74532.1 74536.5 2.83662 
2020  0 36274.9 39567.8 63392.3 63419.9 63425 63473.6 27.236 

Spawning_Biomass Model_Proj.dat
Year SSB100 SSBabc SSBofl LowCI_SSB Median_SSB Mean_SSB UpperCI_SSB Stdev_SSB 
2018 208563 83425.1 72997 151492 151492 151492 151492 2.03727e-10 
2019 208563 83425.1 72997 149044 149049 149049 149055 3.89628 
2020 208563 83425.1 72997 121064 121087 121091 121127 20.6996 

Fishing_mortalityModel_Proj.dat
Year F0 Fabc Fofl LowCI_F Median_F Mean_F UpperCI_F Stdev_F 
2018  0 0.35503 0.439958 0.058845 0.058845 0.058845 0.058845 6.93889e-17 
2019  0 0.35503 0.439958 0.439957 0.439957 0.439957 0.439957 3.16307e-11 
2020  0 0.35503 0.439958 0.439957 0.439957 0.439957 0.439957 6.6289e-10 

Total_BiomassModel_Proj.dat
Year B100 Babc Bofl LowCI_Biom Median_Biom Mean_Biom UpperCI_Biom Stdev_Biom 
2018 1.32849e+06 441136 419942 599018 599018 599018 599018 1.16415e-09 
2019 1.32849e+06 441136 419942 618577 625884 626967 637769 6974.83 
2020 1.32849e+06 441136 419942 574181 593198 595541 624151 16012.2 
Alternative 7 Alternative  Stock: Model_Proj.dat
Catch Model_Proj.dat
Year C0 Cabc Cofl LowCI_Catch Median_Catch Mean_Catch UpperCI_Catch Stdev_Catch 
2018  0 36274.9 39567.8 11006.6 11006.6 11006.6 11006.6 1.63709e-11 
2019  0 36274.9 39567.8 61473.2 61475.6 61475.9 61479.5 2.28913 
2020  0 36274.9 39567.8 54316.5 54338.8 54342.9 54382.1 21.9845 

Spawning_Biomass Model_Proj.dat
Year SSB100 SSBabc SSBofl LowCI_SSB Median_SSB Mean_SSB UpperCI_SSB Stdev_SSB 
2018 208563 83425.1 72997 151492 151492 151492 151492 2.03727e-10 
2019 208563 83425.1 72997 149044 149049 149049 149055 3.89628 
2020 208563 83425.1 72997 126845 126868 126872 126908 20.7003 

Fishing_mortalityModel_Proj.dat
Year F0 Fabc Fofl LowCI_F Median_F Mean_F UpperCI_F Stdev_F 
2018  0 0.35503 0.439958 0.058845 0.058845 0.058845 0.058845 6.93889e-17 
2019  0 0.35503 0.439958 0.35503 0.35503 0.35503 0.35503 7.01859e-11 
2020  0 0.35503 0.439958 0.35503 0.35503 0.35503 0.35503 1.12396e-09 

Total_BiomassModel_Proj.dat
Year B100 Babc Bofl LowCI_Biom Median_Biom Mean_Biom UpperCI_Biom Stdev_Biom 
2018 1.32849e+06 441136 419942 599018 599018 599018 599018 1.16415e-09 
2019 1.32849e+06 441136 419942 618577 625884 626967 637769 6974.83 
2020 1.32849e+06 441136 419942 585755 604774 607117 635729 16013 
