Alternative 1 Catch
     BSAI_flats 
Equil_Fabc 38.5606 
Year 
2018 11.305 
2019 12.936 
2020 12.936 
2021 71.1604 
2022 64.9477 
2023 60.29 
2024 56.2854 
2025 52.6033 
2026 49.3194 
2027 46.4998 
2028 44.0845 
2029 41.9647 
2030 40.3841 
2031 39.3396 

Alternative 1 ABCs
     BSAI_flats 

Year 
2018 65.6654 
2019 66.6245 
2020 68.4476 
2021 71.1604 
2022 64.9477 
2023 60.29 
2024 56.2854 
2025 52.6033 
2026 49.3194 
2027 46.4998 
2028 44.0845 
2029 41.9647 
2030 40.3841 
2031 39.3396 

Alternative 1 TACs
     BSAI_flats 

Year 
2018  NA 
2019  NA 
2020  NA 
2021 71.1604 
2022 64.9477 
2023 60.29 
2024 56.2854 
2025 52.6033 
2026 49.3194 
2027 46.4998 
2028 44.0845 
2029 41.9647 
2030 40.3841 
2031 39.3396 

Alternative 1 Sp_Biomass
     BSAI_flats 
Equil_Fabc 84.824 
Year 
2018 154.355 
2019 153.203 
2020 155.032 
2021 161.082 
2022 145.453 
2023 135.823 
2024 128.672 
2025 121.19 
2026 113.218 
2027 105.791 
2028 99.7085 
2029 95.1571 
2030 92.0079 
2031 89.9721 

Alternative 1 Fishing Mortality
     BSAI_flats 
Equil_Fabc 0.380297 
Year 
2018 0.0603301 
2019 0.0683357 
2020 0.0666489 
2021 0.380297 
2022 0.380297 
2023 0.380297 
2024 0.380297 
2025 0.380297 
2026 0.380297 
2027 0.380287 
2028 0.378771 
2029 0.374123 
2030 0.369599 
2031 0.366552 

Alternative 1 Biomass
     BSAI_flats 

Year 
2018 652.825 
2019 673.718 
2020 686.431 
2021 693.265 
2022 644.52 
2023 603.911 
2024 570.042 
2025 542.265 
2026 520.274 
2027 503.8 
2028 491.444 
2029 482.502 
2030 475.872 
2031 471.351 

Alternative 1 Implied SPR rate 
     BSAI_flats 
Equil_Fabc 0.4 
Year 
2018 0.803352 
2019 0.783127 
2020 0.7873 
2021 0.4 
2022 0.4 
2023 0.4 
2024 0.4 
2025 0.4 
2026 0.4 
2027 0.400006 
2028 0.400987 
2029 0.4041 
2030 0.407212 
2031 0.409319 

  BSAI_flats 
EquilAvgAgeF0  5.39324 
EquilAvgAgeFabc  4.10457 
AvgAgeYr2031 4.20456 
Alternative 2 Catch
     BSAI_flats 
Equil_Fabc 38.5606 
Year 
2018 11.305 
2019 12.936 
2020 12.936 
2021 71.1604 
2022 64.9477 
2023 60.29 
2024 56.2854 
2025 52.6033 
2026 49.3194 
2027 46.4998 
2028 44.0845 
2029 41.9647 
2030 40.3841 
2031 39.3396 

Alternative 2 ABCs
     BSAI_flats 

Year 
2018 65.6654 
2019 66.6245 
2020 68.4476 
2021 71.1604 
2022 64.9477 
2023 60.29 
2024 56.2854 
2025 52.6033 
2026 49.3194 
2027 46.4998 
2028 44.0845 
2029 41.9647 
2030 40.3841 
2031 39.3396 

Alternative 2 TACs
     BSAI_flats 

Year 
2018  NA 
2019  NA 
2020  NA 
2021 71.1604 
2022 64.9477 
2023 60.29 
2024 56.2854 
2025 52.6033 
2026 49.3194 
2027 46.4998 
2028 44.0845 
2029 41.9647 
2030 40.3841 
2031 39.3396 

Alternative 2 Sp_Biomass
     BSAI_flats 
Equil_Fabc 84.824 
Year 
2018 154.355 
2019 153.203 
2020 155.032 
2021 161.082 
2022 145.453 
2023 135.823 
2024 128.672 
2025 121.19 
2026 113.218 
2027 105.791 
2028 99.7085 
2029 95.1571 
2030 92.0079 
2031 89.9721 

Alternative 2 Fishing Mortality
     BSAI_flats 
Equil_Fabc 0.380297 
Year 
2018 0.0603301 
2019 0.0683357 
2020 0.0666489 
2021 0.380297 
2022 0.380297 
2023 0.380297 
2024 0.380297 
2025 0.380297 
2026 0.380297 
2027 0.380287 
2028 0.378771 
2029 0.374123 
2030 0.369599 
2031 0.366552 

Alternative 2 Biomass
     BSAI_flats 

Year 
2018 652.825 
2019 673.718 
2020 686.431 
2021 693.265 
2022 644.52 
2023 603.911 
2024 570.042 
2025 542.265 
2026 520.274 
2027 503.8 
2028 491.444 
2029 482.502 
2030 475.872 
2031 471.351 

Alternative 2 Implied SPR rate 
     BSAI_flats 
Equil_Fabc 0.4 
Year 
2018 0.803352 
2019 0.783127 
2020 0.7873 
2021 0.4 
2022 0.4 
2023 0.4 
2024 0.4 
2025 0.4 
2026 0.4 
2027 0.400006 
2028 0.400987 
2029 0.4041 
2030 0.407212 
2031 0.409319 

  BSAI_flats 
EquilAvgAgeF0  5.39324 
EquilAvgAgeFabc  4.10457 
AvgAgeYr2031 4.20456 
Alternative 3 Catch
     BSAI_flats 
Equil_Fabc 38.5606 
Year 
2018 11.305 
2019 12.936 
2020 12.936 
2021 12.0835 
2022 12.6142 
2023 13.0895 
2024 13.4339 
2025 13.6167 
2026 13.6816 
2027 13.6451 
2028 13.5416 
2029 13.4078 
2030 13.2608 
2031 13.1131 

Alternative 3 ABCs
     BSAI_flats 

Year 
2018 11.2247 
2019 11.3625 
2020 11.6445 
2021 12.0835 
2022 12.6142 
2023 13.0895 
2024 13.4339 
2025 13.6167 
2026 13.6816 
2027 13.6451 
2028 13.5416 
2029 13.4078 
2030 13.2608 
2031 13.1131 

Alternative 3 TACs
     BSAI_flats 

Year 
2018  NA 
2019  NA 
2020  NA 
2021 12.0835 
2022 12.6142 
2023 13.0895 
2024 13.4339 
2025 13.6167 
2026 13.6816 
2027 13.6451 
2028 13.5416 
2029 13.4078 
2030 13.2608 
2031 13.1131 

Alternative 3 Sp_Biomass
     BSAI_flats 
Equil_Fabc 84.824 
Year 
2018 154.355 
2019 153.203 
2020 155.032 
2021 161.082 
2022 170.132 
2023 179.897 
2024 188.396 
2025 193.318 
2026 194.739 
2027 193.708 
2028 191.502 
2029 188.949 
2030 186.331 
2031 183.842 

Alternative 3 Fishing Mortality
     BSAI_flats 
Equil_Fabc 0.380297 
Year 
2018 0.0603301 
2019 0.0683357 
2020 0.0666489 
2021 0.0598946 
2022 0.0598946 
2023 0.0598946 
2024 0.0598946 
2025 0.0598946 
2026 0.0598946 
2027 0.0598946 
2028 0.0598946 
2029 0.0598946 
2030 0.0598946 
2031 0.0598946 

Alternative 3 Biomass
     BSAI_flats 

Year 
2018 652.825 
2019 673.718 
2020 686.431 
2021 693.265 
2022 696.201 
2023 695.027 
2024 690.98 
2025 685.037 
2026 678.496 
2027 672.181 
2028 665.858 
2029 659.894 
2030 653.861 
2031 648.381 

Alternative 3 Implied SPR rate 
     BSAI_flats 
Equil_Fabc 0.4 
Year 
2018 0.803352 
2019 0.783127 
2020 0.7873 
2021 0.804483 
2022 0.804483 
2023 0.804483 
2024 0.804483 
2025 0.804483 
2026 0.804483 
2027 0.804483 
2028 0.804483 
2029 0.804483 
2030 0.804483 
2031 0.804483 

  BSAI_flats 
EquilAvgAgeF0  5.39324 
EquilAvgAgeFabc  4.10457 
AvgAgeYr2031 5.17633 
Alternative 4 Catch
     BSAI_flats 
Equil_Fabc 38.5606 
Year 
2018 11.305 
2019 12.936 
2020 12.936 
2021 16.5384 
2022 17.0958 
2023 17.588 
2024 17.912 
2025 18.029 
2026 17.999 
2027 17.8483 
2028 17.625 
2029 17.3776 
2030 17.1285 
2031 16.8929 

Alternative 4 ABCs
     BSAI_flats 

Year 
2018 15.3556 
2019 15.5467 
2020 15.9353 
2021 16.5384 
2022 17.0958 
2023 17.588 
2024 17.912 
2025 18.029 
2026 17.999 
2027 17.8483 
2028 17.625 
2029 17.3776 
2030 17.1285 
2031 16.8929 

Alternative 4 TACs
     BSAI_flats 

Year 
2018  NA 
2019  NA 
2020  NA 
2021 16.5384 
2022 17.0958 
2023 17.588 
2024 17.912 
2025 18.029 
2026 17.999 
2027 17.8483 
2028 17.625 
2029 17.3776 
2030 17.1285 
2031 16.8929 

Alternative 4 Sp_Biomass
     BSAI_flats 
Equil_Fabc 84.824 
Year 
2018 154.355 
2019 153.203 
2020 155.032 
2021 161.082 
2022 168.23 
2023 176.221 
2024 183.064 
2025 186.485 
2026 186.584 
2027 184.459 
2028 181.386 
2029 178.163 
2030 175.054 
2031 172.227 

Alternative 4 Fishing Mortality
     BSAI_flats 
Equil_Fabc 0.380297 
Year 
2018 0.0603301 
2019 0.0683357 
2020 0.0666489 
2021 0.0824217 
2022 0.0824217 
2023 0.0824217 
2024 0.0824217 
2025 0.0824217 
2026 0.0824217 
2027 0.0824217 
2028 0.0824217 
2029 0.0824217 
2030 0.0824217 
2031 0.0824217 

Alternative 4 Biomass
     BSAI_flats 

Year 
2018 652.825 
2019 673.718 
2020 686.431 
2021 693.265 
2022 692.296 
2023 687.679 
2024 680.632 
2025 672.14 
2026 663.467 
2027 655.428 
2028 647.76 
2029 640.771 
2030 633.993 
2031 628 

Alternative 4 Implied SPR rate 
     BSAI_flats 
Equil_Fabc 0.4 
Year 
2018 0.803352 
2019 0.783127 
2020 0.7873 
2021 0.75 
2022 0.75 
2023 0.75 
2024 0.75 
2025 0.75 
2026 0.75 
2027 0.75 
2028 0.75 
2029 0.75 
2030 0.75 
2031 0.75 

  BSAI_flats 
EquilAvgAgeF0  5.39324 
EquilAvgAgeFabc  4.10457 
AvgAgeYr2031 5.06119 
Alternative 5 Catch
     BSAI_flats 
Equil_Fabc 38.5606 
Year 
2018 11.305 
2019 12.936 
2020 12.936 
2021  NA 
2022  NA 
2023  NA 
2024  NA 
2025  NA 
2026  NA 
2027  NA 
2028  NA 
2029  NA 
2030  NA 
2031  NA 

Alternative 5 ABCs
     BSAI_flats 

Year 
2018  NA 
2019  NA 
2020  NA 
2021  NA 
2022  NA 
2023  NA 
2024  NA 
2025  NA 
2026  NA 
2027  NA 
2028  NA 
2029  NA 
2030  NA 
2031  NA 

Alternative 5 TACs
     BSAI_flats 

Year 
2018  NA 
2019  NA 
2020  NA 
2021  NA 
2022  NA 
2023  NA 
2024  NA 
2025  NA 
2026  NA 
2027  NA 
2028  NA 
2029  NA 
2030  NA 
2031  NA 

Alternative 5 Sp_Biomass
     BSAI_flats 
Equil_Fabc 84.824 
Year 
2018 154.355 
2019 153.203 
2020 155.032 
2021 161.082 
2022 175.321 
2023 190.171 
2024 203.632 
2025 213.253 
2026 219.005 
2027 221.775 
2028 222.787 
2029 222.924 
2030 222.478 
2031 221.683 

Alternative 5 Fishing Mortality
     BSAI_flats 
Equil_Fabc 0.380297 
Year 
2018 0.0603301 
2019 0.0683357 
2020 0.0666489 
2021  NA 
2022  NA 
2023  NA 
2024  NA 
2025  NA 
2026  NA 
2027  NA 
2028  NA 
2029  NA 
2030  NA 
2031  NA 

Alternative 5 Biomass
     BSAI_flats 

Year 
2018 652.825 
2019 673.718 
2020 686.431 
2021 693.265 
2022 706.801 
2023 715.367 
2024 720.172 
2025 722.099 
2026 722.473 
2027 722.069 
2028 720.673 
2029 718.76 
2030 715.961 
2031 712.991 

Alternative 5 Implied SPR rate 
     BSAI_flats 
Equil_Fabc 0.4 
Year 
2018 0.803352 
2019 0.783127 
2020 0.7873 
2021 1 
2022 1 
2023 1 
2024 1 
2025 1 
2026 1 
2027 1 
2028 1 
2029 1 
2030 1 
2031 1 

  BSAI_flats 
EquilAvgAgeF0  5.39324 
EquilAvgAgeFabc  4.10457 
AvgAgeYr2031 5.5418 
Alternative 6 Catch
     BSAI_flats 
Equil_Fabc 38.5606 
Year 
2018 11.305 
2019 80.9178 
2020 69.7397 
2021 63.6088 
2022 60.2055 
2023 57.7867 
2024 55.4053 
2025 52.8353 
2026 50.1825 
2027 46.8768 
2028 44.1249 
2029 42.3348 
2030 41.2828 
2031 40.7503 

Alternative 6 ABCs
     BSAI_flats 

Year 
2018 79.7008 
2019 80.9178 
2020 69.7397 
2021 63.6088 
2022 60.2055 
2023 57.7867 
2024 55.4053 
2025 52.8353 
2026 50.1825 
2027 46.8768 
2028 44.1249 
2029 42.3348 
2030 41.2828 
2031 40.7503 

Alternative 6 TACs
     BSAI_flats 

Year 
2018  NA 
2019 80.9178 
2020 69.7397 
2021 63.6088 
2022 60.2055 
2023 57.7867 
2024 55.4053 
2025 52.8353 
2026 50.1825 
2027 46.8768 
2028 44.1249 
2029 42.3348 
2030 41.2828 
2031 40.7503 

Alternative 6 Sp_Biomass
     BSAI_flats 
Equil_Fabc 84.824 
Year 
2018 154.355 
2019 153.203 
2020 125.631 
2021 111.667 
2022 105.497 
2023 103.167 
2024 101.501 
2025 98.0986 
2026 93.1556 
2027 88.1277 
2028 84.3129 
2029 81.8327 
2030 80.3468 
2031 79.546 

Alternative 6 Fishing Mortality
     BSAI_flats 
Equil_Fabc 0.380297 
Year 
2018 0.0603301 
2019 0.472195 
2020 0.472195 
2021 0.472195 
2022 0.472195 
2023 0.472195 
2024 0.472195 
2025 0.472195 
2026 0.470914 
2027 0.458125 
2028 0.444366 
2029 0.435128 
2030 0.429765 
2031 0.427287 

Alternative 6 Biomass
     BSAI_flats 

Year 
2018 652.825 
2019 673.718 
2020 626.902 
2021 591.394 
2022 561.996 
2023 536.185 
2024 513.447 
2025 494.039 
2026 478.305 
2027 466.689 
2028 458.945 
2029 454.277 
2030 451.066 
2031 449.041 

Alternative 6 Implied SPR rate 
     BSAI_flats 
Equil_Fabc 0.4 
Year 
2018 0.803352 
2019 0.35 
2020 0.35 
2021 0.35 
2022 0.35 
2023 0.35 
2024 0.35 
2025 0.35 
2026 0.350625 
2027 0.357155 
2028 0.364572 
2029 0.369747 
2030 0.372797 
2031 0.374209 

  BSAI_flats 
EquilAvgAgeF0  5.39324 
EquilAvgAgeFabc  4.10457 
AvgAgeYr2031 4.09361 
Alternative 7 Catch
     BSAI_flats 
Equil_Fabc 38.5606 
Year 
2018 11.305 
2019 66.6245 
2020 59.6215 
2021 67.9416 
2022 63.2701 
2023 59.9262 
2024 56.8698 
2025 53.8138 
2026 50.8765 
2027 47.4122 
2028 44.4385 
2029 42.498 
2030 41.3601 
2031 40.7826 

Alternative 7 ABCs
     BSAI_flats 

Year 
2018 79.7008 
2019 80.9178 
2020 72.5227 
2021 67.9416 
2022 63.2701 
2023 59.9262 
2024 56.8698 
2025 53.8138 
2026 50.8765 
2027 47.4122 
2028 44.4385 
2029 42.498 
2030 41.3601 
2031 40.7826 

Alternative 7 TACs
     BSAI_flats 

Year 
2018  NA 
2019 80.9178 
2020 72.5227 
2021 67.9416 
2022 63.2701 
2023 59.9262 
2024 56.8698 
2025 53.8138 
2026 50.8765 
2027 47.4122 
2028 44.4385 
2029 42.498 
2030 41.3601 
2031 40.7826 

Alternative 7 Sp_Biomass
     BSAI_flats 
Equil_Fabc 84.824 
Year 
2018 154.355 
2019 153.203 
2020 131.658 
2021 120.838 
2022 111.883 
2023 107.554 
2024 104.446 
2025 100.018 
2026 94.3738 
2027 88.8592 
2028 84.7013 
2029 82.0208 
2030 80.4274 
2031 79.5737 

Alternative 7 Fishing Mortality
     BSAI_flats 
Equil_Fabc 0.380297 
Year 
2018 0.0603301 
2019 0.380297 
2020 0.380297 
2021 0.472195 
2022 0.472195 
2023 0.472195 
2024 0.472195 
2025 0.472195 
2026 0.47157 
2027 0.459838 
2028 0.445521 
2029 0.435714 
2030 0.430004 
2031 0.42735 

Alternative 7 Biomass
     BSAI_flats 

Year 
2018 652.825 
2019 673.718 
2020 639.389 
2021 611.193 
2022 575.595 
2023 545.366 
2024 519.527 
2025 497.983 
2026 480.819 
2027 468.217 
2028 459.764 
2029 454.684 
2030 451.253 
2031 449.12 

Alternative 7 Implied SPR rate 
     BSAI_flats 
Equil_Fabc 0.4 
Year 
2018 0.803352 
2019 0.4 
2020 0.4 
2021 0.35 
2022 0.35 
2023 0.35 
2024 0.35 
2025 0.35 
2026 0.350304 
2027 0.356266 
2028 0.36395 
2029 0.369425 
2030 0.372665 
2031 0.374175 

  BSAI_flats 
EquilAvgAgeF0  5.39324 
EquilAvgAgeFabc  4.10457 
AvgAgeYr2031 4.09375 
