Alternative 1 Catch
     Model_Proj.dat 
Equil_Fabc 33964 
Year 
2012 11367.5 
2013 17354.8 
2014 16512.3 
2015 11307.5 
2016 10312.9 

Alternative 1 ABCs
     Model_Proj.dat 

Year 
2012 63029.9 
2013 62014 
2014 59364.9 
2015 56679.8 
2016 55089 

Alternative 1 TACs
     Model_Proj.dat 

Year 
2012  NA 
2013  NA 
2014  NA 
2015  NA 
2016  NA 

Alternative 1 Sp_Biomass
     Model_Proj.dat 
Equil_Fabc 76414.1 
Year 
2012 155439 
2013 156095 
2014 150252 
2015 142401 
2016 136536 

Alternative 1 Fishing Mortality
     Model_Proj.dat 
Equil_Fabc 0.383378 
Year 
2012 0.063905 
2013 0.0999287 
2014 0.0991913 
2015 0.0705647 
2016 0.0661369 

Alternative 1 Biomass
     Model_Proj.dat 

Year 
2012 501407 
2013 491221 
2014 480150 
2015 473515 
2016 473714 

Alternative 1 Implied SPR rate 
     Model_Proj.dat 
Equil_Fabc 0.4 
Year 
2012 0.797368 
2013 0.716394 
2014 0.717882 
2015 0.781007 
2016 0.791809 

  Model_Proj.dat 
EquilAvgAgeF0  5.39324 
EquilAvgAgeFabc  4.09146 
AvgAgeYr2016 4.83676 
Alternative 2 Catch
     Model_Proj.dat 
Equil_Fabc 33964 
Year 
2012 11367.5 
2013 17354.8 
2014 16512.3 
2015 11307.5 
2016 10312.9 

Alternative 2 ABCs
     Model_Proj.dat 

Year 
2012 63029.9 
2013 62014 
2014 59364.9 
2015 56679.8 
2016 55089 

Alternative 2 TACs
     Model_Proj.dat 

Year 
2012  NA 
2013  NA 
2014  NA 
2015  NA 
2016  NA 

Alternative 2 Sp_Biomass
     Model_Proj.dat 
Equil_Fabc 76414.1 
Year 
2012 155439 
2013 156095 
2014 150252 
2015 142401 
2016 136536 

Alternative 2 Fishing Mortality
     Model_Proj.dat 
Equil_Fabc 0.383378 
Year 
2012 0.063905 
2013 0.0999287 
2014 0.0991913 
2015 0.0705647 
2016 0.0661369 

Alternative 2 Biomass
     Model_Proj.dat 

Year 
2012 501407 
2013 491221 
2014 480150 
2015 473515 
2016 473714 

Alternative 2 Implied SPR rate 
     Model_Proj.dat 
Equil_Fabc 0.4 
Year 
2012 0.797368 
2013 0.716394 
2014 0.717882 
2015 0.781007 
2016 0.791809 

  Model_Proj.dat 
EquilAvgAgeF0  5.39324 
EquilAvgAgeFabc  4.09146 
AvgAgeYr2016 4.83676 
Alternative 3 Catch
     Model_Proj.dat 
Equil_Fabc 33964 
Year 
2012 11367.5 
2013 17354.8 
2014 16512.3 
2015 11307.5 
2016 10312.9 

Alternative 3 ABCs
     Model_Proj.dat 

Year 
2012 17163.4 
2013 16910 
2014 16205.8 
2015 15482.9 
2016 15049.4 

Alternative 3 TACs
     Model_Proj.dat 

Year 
2012  NA 
2013  NA 
2014  NA 
2015  NA 
2016  NA 

Alternative 3 Sp_Biomass
     Model_Proj.dat 
Equil_Fabc 76414.1 
Year 
2012 155439 
2013 156095 
2014 150252 
2015 142401 
2016 136536 

Alternative 3 Fishing Mortality
     Model_Proj.dat 
Equil_Fabc 0.383378 
Year 
2012 0.063905 
2013 0.0999287 
2014 0.0991913 
2015 0.0705647 
2016 0.0661369 

Alternative 3 Biomass
     Model_Proj.dat 

Year 
2012 501407 
2013 491221 
2014 480150 
2015 473515 
2016 473714 

Alternative 3 Implied SPR rate 
     Model_Proj.dat 
Equil_Fabc 0.4 
Year 
2012 0.797368 
2013 0.716394 
2014 0.717882 
2015 0.781007 
2016 0.791809 

  Model_Proj.dat 
EquilAvgAgeF0  5.39324 
EquilAvgAgeFabc  4.09146 
AvgAgeYr2016 4.83676 
Alternative 4 Catch
     Model_Proj.dat 
Equil_Fabc 33964 
Year 
2012 11367.5 
2013 17354.8 
2014 16512.3 
2015 11307.5 
2016 10312.9 

Alternative 4 ABCs
     Model_Proj.dat 

Year 
2012 14867.8 
2013 14649.3 
2014 14039.9 
2015 13414.1 
2016 13038.6 

Alternative 4 TACs
     Model_Proj.dat 

Year 
2012  NA 
2013  NA 
2014  NA 
2015  NA 
2016  NA 

Alternative 4 Sp_Biomass
     Model_Proj.dat 
Equil_Fabc 76414.1 
Year 
2012 155439 
2013 156095 
2014 150252 
2015 142401 
2016 136536 

Alternative 4 Fishing Mortality
     Model_Proj.dat 
Equil_Fabc 0.383378 
Year 
2012 0.063905 
2013 0.0999287 
2014 0.0991913 
2015 0.0705647 
2016 0.0661369 

Alternative 4 Biomass
     Model_Proj.dat 

Year 
2012 501407 
2013 491221 
2014 480150 
2015 473515 
2016 473714 

Alternative 4 Implied SPR rate 
     Model_Proj.dat 
Equil_Fabc 0.4 
Year 
2012 0.797368 
2013 0.716394 
2014 0.717882 
2015 0.781007 
2016 0.791809 

  Model_Proj.dat 
EquilAvgAgeF0  5.39324 
EquilAvgAgeFabc  4.09146 
AvgAgeYr2016 4.83676 
Alternative 5 Catch
     Model_Proj.dat 
Equil_Fabc 33964 
Year 
2012 11367.5 
2013 17354.8 
2014 16512.3 
2015 11307.5 
2016 10312.9 

Alternative 5 ABCs
     Model_Proj.dat 

Year 
2012  NA 
2013  NA 
2014  NA 
2015  NA 
2016  NA 

Alternative 5 TACs
     Model_Proj.dat 

Year 
2012  NA 
2013  NA 
2014  NA 
2015  NA 
2016  NA 

Alternative 5 Sp_Biomass
     Model_Proj.dat 
Equil_Fabc 76414.1 
Year 
2012 155439 
2013 156095 
2014 150252 
2015 142401 
2016 136536 

Alternative 5 Fishing Mortality
     Model_Proj.dat 
Equil_Fabc 0.383378 
Year 
2012 0.063905 
2013 0.0999287 
2014 0.0991913 
2015 0.0705647 
2016 0.0661369 

Alternative 5 Biomass
     Model_Proj.dat 

Year 
2012 501407 
2013 491221 
2014 480150 
2015 473515 
2016 473714 

Alternative 5 Implied SPR rate 
     Model_Proj.dat 
Equil_Fabc 0.4 
Year 
2012 0.797368 
2013 0.716394 
2014 0.717882 
2015 0.781007 
2016 0.791809 

  Model_Proj.dat 
EquilAvgAgeF0  5.39324 
EquilAvgAgeFabc  4.09146 
AvgAgeYr2016 4.83676 
Alternative 6 Catch
     Model_Proj.dat 
Equil_Fabc 33964 
Year 
2012 11367.5 
2013 75068.9 
2014 60118.6 
2015 49146.3 
2016 41621.3 

Alternative 6 ABCs
     Model_Proj.dat 

Year 
2012 76331.9 
2013 75068.9 
2014 60118.6 
2015 49146.3 
2016 41621.3 

Alternative 6 TACs
     Model_Proj.dat 

Year 
2012  NA 
2013 75068.9 
2014 60118.6 
2015 49146.3 
2016 41621.3 

Alternative 6 Sp_Biomass
     Model_Proj.dat 
Equil_Fabc 76414.1 
Year 
2012 155439 
2013 156095 
2014 123357 
2015 98060.2 
2016 79894.9 

Alternative 6 Fishing Mortality
     Model_Proj.dat 
Equil_Fabc 0.383378 
Year 
2012 0.063905 
2013 0.474532 
2014 0.474532 
2015 0.474532 
2016 0.474532 

Alternative 6 Biomass
     Model_Proj.dat 

Year 
2012 501407 
2013 491221 
2014 429144 
2015 390456 
2016 367960 

Alternative 6 Implied SPR rate 
     Model_Proj.dat 
Equil_Fabc 0.4 
Year 
2012 0.797368 
2013 0.35 
2014 0.35 
2015 0.35 
2016 0.35 

  Model_Proj.dat 
EquilAvgAgeF0  5.39324 
EquilAvgAgeFabc  4.09146 
AvgAgeYr2016 4.01251 
Alternative 7 Catch
     Model_Proj.dat 
Equil_Fabc 33964 
Year 
2012 11367.5 
2013 62014 
2014 51823.6 
2015 53147.8 
2016 44373.3 

Alternative 7 ABCs
     Model_Proj.dat 

Year 
2012 76331.9 
2013 75068.9 
2014 62742.5 
2015 53147.8 
2016 44373.3 

Alternative 7 TACs
     Model_Proj.dat 

Year 
2012  NA 
2013 75068.9 
2014 62742.5 
2015 53147.8 
2016 44373.3 

Alternative 7 Sp_Biomass
     Model_Proj.dat 
Equil_Fabc 76414.1 
Year 
2012 155439 
2013 156095 
2014 129346 
2015 107094 
2016 85987.1 

Alternative 7 Fishing Mortality
     Model_Proj.dat 
Equil_Fabc 0.383378 
Year 
2012 0.063905 
2013 0.383378 
2014 0.383378 
2015 0.474532 
2016 0.474532 

Alternative 7 Biomass
     Model_Proj.dat 

Year 
2012 501407 
2013 491221 
2014 440656 
2015 407835 
2016 379565 

Alternative 7 Implied SPR rate 
     Model_Proj.dat 
Equil_Fabc 0.4 
Year 
2012 0.797368 
2013 0.4 
2014 0.4 
2015 0.35 
2016 0.35 

  Model_Proj.dat 
EquilAvgAgeF0  5.39324 
EquilAvgAgeFabc  4.09146 
AvgAgeYr2016 4.06921 
