Alternative 1 Catch
     Model_Proj.dat 
Equil_Fabc 35257.9 
Year 
2020 9392 
2021 10259 
2022 14659 
2023 11129 
2024 11129 

Alternative 1 ABCs
     Model_Proj.dat 

Year 
2020 60927.1 
2021 62447.8 
2022 64212.4 
2023 65343.9 
2024 66926.9 

Alternative 1 TACs
     Model_Proj.dat 

Year 
2020  NA 
2021  NA 
2022  NA 
2023  NA 
2024  NA 

Alternative 1 Sp_Biomass
     Model_Proj.dat 
Equil_Fabc 81463.2 
Year 
2020 146307 
2021 150101 
2022 155172 
2023 158962 
2024 164594 

Alternative 1 Fishing Mortality
     Model_Proj.dat 
Equil_Fabc 0.368177 
Year 
2020 0.052417 
2021 0.0559935 
2022 0.0783144 
2023 0.0581567 
2024 0.0567432 

Alternative 1 Biomass
     Model_Proj.dat 

Year 
2020 591002 
2021 601154 
2022 607494 
2023 606522 
2024 606080 

Alternative 1 Implied SPR rate 
     Model_Proj.dat 
Equil_Fabc 0.4 
Year 
2020 0.821671 
2021 0.811852 
2022 0.755627 
2023 0.806029 
2024 0.809825 

  Model_Proj.dat 
EquilAvgAgeF0  5.39324 
EquilAvgAgeFabc  4.09778 
AvgAgeYr2024 5.09163 
Alternative 2 Catch
     Model_Proj.dat 
Equil_Fabc 35257.9 
Year 
2020 9392 
2021 10259 
2022 14659 
2023 11129 
2024 11129 

Alternative 2 ABCs
     Model_Proj.dat 

Year 
2020 60927.1 
2021 62447.8 
2022 64212.4 
2023 65343.9 
2024 66926.9 

Alternative 2 TACs
     Model_Proj.dat 

Year 
2020  NA 
2021  NA 
2022  NA 
2023  NA 
2024  NA 

Alternative 2 Sp_Biomass
     Model_Proj.dat 
Equil_Fabc 81463.2 
Year 
2020 146307 
2021 150101 
2022 155172 
2023 158962 
2024 164594 

Alternative 2 Fishing Mortality
     Model_Proj.dat 
Equil_Fabc 0.368177 
Year 
2020 0.052417 
2021 0.0559935 
2022 0.0783144 
2023 0.0581567 
2024 0.0567432 

Alternative 2 Biomass
     Model_Proj.dat 

Year 
2020 591002 
2021 601154 
2022 607494 
2023 606522 
2024 606080 

Alternative 2 Implied SPR rate 
     Model_Proj.dat 
Equil_Fabc 0.4 
Year 
2020 0.821671 
2021 0.811852 
2022 0.755627 
2023 0.806029 
2024 0.809825 

  Model_Proj.dat 
EquilAvgAgeF0  5.39324 
EquilAvgAgeFabc  4.09778 
AvgAgeYr2024 5.09163 
Alternative 3 Catch
     Model_Proj.dat 
Equil_Fabc 35257.9 
Year 
2020 9392 
2021 10259 
2022 14659 
2023 11129 
2024 11129 

Alternative 3 ABCs
     Model_Proj.dat 

Year 
2020 10816.1 
2021 11070.4 
2022 11373.3 
2023 11569 
2024 11853.4 

Alternative 3 TACs
     Model_Proj.dat 

Year 
2020  NA 
2021  NA 
2022  NA 
2023  NA 
2024  NA 

Alternative 3 Sp_Biomass
     Model_Proj.dat 
Equil_Fabc 81463.2 
Year 
2020 146307 
2021 150101 
2022 155172 
2023 158962 
2024 164594 

Alternative 3 Fishing Mortality
     Model_Proj.dat 
Equil_Fabc 0.368177 
Year 
2020 0.052417 
2021 0.0559935 
2022 0.0783144 
2023 0.0581567 
2024 0.0567432 

Alternative 3 Biomass
     Model_Proj.dat 

Year 
2020 591002 
2021 601154 
2022 607494 
2023 606522 
2024 606080 

Alternative 3 Implied SPR rate 
     Model_Proj.dat 
Equil_Fabc 0.4 
Year 
2020 0.821671 
2021 0.811852 
2022 0.755627 
2023 0.806029 
2024 0.809825 

  Model_Proj.dat 
EquilAvgAgeF0  5.39324 
EquilAvgAgeFabc  4.09778 
AvgAgeYr2024 5.09163 
Alternative 4 Catch
     Model_Proj.dat 
Equil_Fabc 35257.9 
Year 
2020 9392 
2021 10259 
2022 14659 
2023 11129 
2024 11129 

Alternative 4 ABCs
     Model_Proj.dat 

Year 
2020 14361.2 
2021 14700.3 
2022 15103.4 
2023 15363.7 
2024 15741 

Alternative 4 TACs
     Model_Proj.dat 

Year 
2020  NA 
2021  NA 
2022  NA 
2023  NA 
2024  NA 

Alternative 4 Sp_Biomass
     Model_Proj.dat 
Equil_Fabc 81463.2 
Year 
2020 146307 
2021 150101 
2022 155172 
2023 158962 
2024 164594 

Alternative 4 Fishing Mortality
     Model_Proj.dat 
Equil_Fabc 0.368177 
Year 
2020 0.052417 
2021 0.0559935 
2022 0.0783144 
2023 0.0581567 
2024 0.0567432 

Alternative 4 Biomass
     Model_Proj.dat 

Year 
2020 591002 
2021 601154 
2022 607494 
2023 606522 
2024 606080 

Alternative 4 Implied SPR rate 
     Model_Proj.dat 
Equil_Fabc 0.4 
Year 
2020 0.821671 
2021 0.811852 
2022 0.755627 
2023 0.806029 
2024 0.809825 

  Model_Proj.dat 
EquilAvgAgeF0  5.39324 
EquilAvgAgeFabc  4.09778 
AvgAgeYr2024 5.09163 
Alternative 5 Catch
     Model_Proj.dat 
Equil_Fabc 35257.9 
Year 
2020 9392 
2021 10259 
2022 14659 
2023 11129 
2024 11129 

Alternative 5 ABCs
     Model_Proj.dat 

Year 
2020  NA 
2021  NA 
2022  NA 
2023  NA 
2024  NA 

Alternative 5 TACs
     Model_Proj.dat 

Year 
2020  NA 
2021  NA 
2022  NA 
2023  NA 
2024  NA 

Alternative 5 Sp_Biomass
     Model_Proj.dat 
Equil_Fabc 81463.2 
Year 
2020 146307 
2021 150101 
2022 155172 
2023 158962 
2024 164594 

Alternative 5 Fishing Mortality
     Model_Proj.dat 
Equil_Fabc 0.368177 
Year 
2020 0.052417 
2021 0.0559935 
2022 0.0783144 
2023 0.0581567 
2024 0.0567432 

Alternative 5 Biomass
     Model_Proj.dat 

Year 
2020 591002 
2021 601154 
2022 607494 
2023 606522 
2024 606080 

Alternative 5 Implied SPR rate 
     Model_Proj.dat 
Equil_Fabc 0.4 
Year 
2020 0.821671 
2021 0.811852 
2022 0.755627 
2023 0.806029 
2024 0.809825 

  Model_Proj.dat 
EquilAvgAgeF0  5.39324 
EquilAvgAgeFabc  4.09778 
AvgAgeYr2024 5.09163 
Alternative 6 Catch
     Model_Proj.dat 
Equil_Fabc 35257.9 
Year 
2020 9392 
2021 75718.5 
2022 65231.7 
2023 58204.9 
2024 53265.5 

Alternative 6 ABCs
     Model_Proj.dat 

Year 
2020 73846.1 
2021 75718.6 
2022 65231.7 
2023 58204.9 
2024 53265.5 

Alternative 6 TACs
     Model_Proj.dat 

Year 
2020  NA 
2021 75718.6 
2022 65231.7 
2023 58204.9 
2024 53265.5 

Alternative 6 Sp_Biomass
     Model_Proj.dat 
Equil_Fabc 81463.2 
Year 
2020 146307 
2021 150101 
2022 126212 
2023 111022 
2024 101245 

Alternative 6 Fishing Mortality
     Model_Proj.dat 
Equil_Fabc 0.368177 
Year 
2020 0.052417 
2021 0.455889 
2022 0.455889 
2023 0.455889 
2024 0.455889 

Alternative 6 Biomass
     Model_Proj.dat 

Year 
2020 591002 
2021 601154 
2022 549460 
2023 510693 
2024 480323 

Alternative 6 Implied SPR rate 
     Model_Proj.dat 
Equil_Fabc 0.4 
Year 
2020 0.821671 
2021 0.35 
2022 0.35 
2023 0.35 
2024 0.35 

  Model_Proj.dat 
EquilAvgAgeF0  5.39324 
EquilAvgAgeFabc  4.09778 
AvgAgeYr2024 4.31135 
Alternative 7 Catch
     Model_Proj.dat 
Equil_Fabc 35257.9 
Year 
2020 9392 
2021 62447.8 
2022 55828 
2023 62203.5 
2024 56122.1 

Alternative 7 ABCs
     Model_Proj.dat 

Year 
2020 73846.1 
2021 75718.6 
2022 67756.7 
2023 62203.5 
2024 56122.1 

Alternative 7 TACs
     Model_Proj.dat 

Year 
2020  NA 
2021 75718.6 
2022 67756.7 
2023 62203.5 
2024 56122.1 

Alternative 7 Sp_Biomass
     Model_Proj.dat 
Equil_Fabc 81463.2 
Year 
2020 146307 
2021 150101 
2022 131947 
2023 119989 
2024 107570 

Alternative 7 Fishing Mortality
     Model_Proj.dat 
Equil_Fabc 0.368177 
Year 
2020 0.052417 
2021 0.368177 
2022 0.368177 
2023 0.455889 
2024 0.455889 

Alternative 7 Biomass
     Model_Proj.dat 

Year 
2020 591002 
2021 601154 
2022 561199 
2023 529354 
2024 493206 

Alternative 7 Implied SPR rate 
     Model_Proj.dat 
Equil_Fabc 0.4 
Year 
2020 0.821671 
2021 0.4 
2022 0.4 
2023 0.35 
2024 0.35 

  Model_Proj.dat 
EquilAvgAgeF0  5.39324 
EquilAvgAgeFabc  4.09778 
AvgAgeYr2024 4.36134 
