Model_Proj.dat 1 2008 Cabc 35838.1
Model_Proj.dat 1 2008 Cofl 39114.6
Model_Proj.dat 1 2008 CLCI 24539.8
Model_Proj.dat 1 2008 CUCI 24539.8
Model_Proj.dat 1 2008 CMedian 24539.8
Model_Proj.dat 1 2008 CMean 24539.8
Model_Proj.dat 1 2008 CStdn 6.18456e-11
Model_Proj.dat 1 2009 Cabc 35838.1
Model_Proj.dat 1 2009 Cofl 39114.6
Model_Proj.dat 1 2009 CLCI 19557.9
Model_Proj.dat 1 2009 CUCI 19557.9
Model_Proj.dat 1 2009 CMedian 19557.9
Model_Proj.dat 1 2009 CMean 19557.9
Model_Proj.dat 1 2009 CStdn 3.40425e-07
Model_Proj.dat 1 2010 Cabc 35838.1
Model_Proj.dat 1 2010 Cofl 39114.6
Model_Proj.dat 1 2010 CLCI 20127.1
Model_Proj.dat 1 2010 CUCI 20127.1
Model_Proj.dat 1 2010 CMedian 20127.1
Model_Proj.dat 1 2010 CMean 20127.1
Model_Proj.dat 1 2010 CStdn 2.44626e-06
Model_Proj.dat 1 2011 Cabc 35838.1
Model_Proj.dat 1 2011 Cofl 39114.6
Model_Proj.dat 1 2011 CLCI 13558
Model_Proj.dat 1 2011 CUCI 13558
Model_Proj.dat 1 2011 CMedian 13558
Model_Proj.dat 1 2011 CMean 13558
Model_Proj.dat 1 2011 CStdn 9.04317e-05
Model_Proj.dat 1 2012 Cabc 35838.1
Model_Proj.dat 1 2012 Cofl 39114.6
Model_Proj.dat 1 2012 CLCI 11367.5
Model_Proj.dat 1 2012 CUCI 11367.5
Model_Proj.dat 1 2012 CMedian 11367.5
Model_Proj.dat 1 2012 CMean 11367.5
Model_Proj.dat 1 2012 CStdn 0.0022562
Model_Proj.dat 1 2008 SSBF100 196683
Model_Proj.dat 1 2008 SSBFabc 78673.1
Model_Proj.dat 1 2008 SSBFofl 68839
Model_Proj.dat 1 2008 SSBLCI 165466
Model_Proj.dat 1 2008 SSBUCI 165466
Model_Proj.dat 1 2008 SSBMedian 165466
Model_Proj.dat 1 2008 SSBMean 165466
Model_Proj.dat 1 2009 SSBF100 196683
Model_Proj.dat 1 2009 SSBFabc 78673.1
Model_Proj.dat 1 2009 SSBFofl 68839
Model_Proj.dat 1 2009 SSBLCI 160228
Model_Proj.dat 1 2009 SSBUCI 160239
Model_Proj.dat 1 2009 SSBMedian 160232
Model_Proj.dat 1 2009 SSBMean 160233
Model_Proj.dat 1 2010 SSBF100 196683
Model_Proj.dat 1 2010 SSBFabc 78673.1
Model_Proj.dat 1 2010 SSBFofl 68839
Model_Proj.dat 1 2010 SSBLCI 158656
Model_Proj.dat 1 2010 SSBUCI 158717
Model_Proj.dat 1 2010 SSBMedian 158681
Model_Proj.dat 1 2010 SSBMean 158685
Model_Proj.dat 1 2011 SSBF100 196683
Model_Proj.dat 1 2011 SSBFabc 78673.1
Model_Proj.dat 1 2011 SSBFofl 68839
Model_Proj.dat 1 2011 SSBLCI 158588
Model_Proj.dat 1 2011 SSBUCI 158844
Model_Proj.dat 1 2011 SSBMedian 158695
Model_Proj.dat 1 2011 SSBMean 158709
Model_Proj.dat 1 2012 SSBF100 196683
Model_Proj.dat 1 2012 SSBFabc 78673.1
Model_Proj.dat 1 2012 SSBFofl 68839
Model_Proj.dat 1 2012 SSBLCI 161955
Model_Proj.dat 1 2012 SSBUCI 162829
Model_Proj.dat 1 2012 SSBMedian 162320
Model_Proj.dat 1 2012 SSBMean 162368
Model_Proj.dat 1 2008 F0 0 
Model_Proj.dat 1 2008 Fabc 0.406856
Model_Proj.dat 1 2008 Fofl 0.503663
Model_Proj.dat 1 2008  F_LCI 0.134
Model_Proj.dat 1 2008  F_UCI 0.134
Model_Proj.dat 1 2008  F_Median 0.134
Model_Proj.dat 1 2008  F_Mean 0.134
Model_Proj.dat 1 2009 F0 0 
Model_Proj.dat 1 2009 Fabc 0.406856
Model_Proj.dat 1 2009 Fofl 0.503663
Model_Proj.dat 1 2009  F_LCI 0.108698
Model_Proj.dat 1 2009  F_UCI 0.108714
Model_Proj.dat 1 2009  F_Median 0.108708
Model_Proj.dat 1 2009  F_Mean 0.108707
Model_Proj.dat 1 2010 F0 0 
Model_Proj.dat 1 2010 Fabc 0.406856
Model_Proj.dat 1 2010 Fofl 0.503663
Model_Proj.dat 1 2010  F_LCI 0.112451
Model_Proj.dat 1 2010  F_UCI 0.11259
Model_Proj.dat 1 2010  F_Median 0.112539
Model_Proj.dat 1 2010  F_Mean 0.112528
Model_Proj.dat 1 2011 F0 0 
Model_Proj.dat 1 2011 Fabc 0.406856
Model_Proj.dat 1 2011 Fofl 0.503663
Model_Proj.dat 1 2011  F_LCI 0.0754878
Model_Proj.dat 1 2011  F_UCI 0.0759734
Model_Proj.dat 1 2011  F_Median 0.075783
Model_Proj.dat 1 2011  F_Mean 0.0757578
Model_Proj.dat 1 2012 F0 0 
Model_Proj.dat 1 2012 Fabc 0.406856
Model_Proj.dat 1 2012 Fofl 0.503663
Model_Proj.dat 1 2012  F_LCI 0.0624813
Model_Proj.dat 1 2012  F_UCI 0.063798
Model_Proj.dat 1 2012  F_Median 0.0633026
Model_Proj.dat 1 2012  F_Mean 0.0632363
Model_Proj.dat 2 2008 Cabc 35838.1
Model_Proj.dat 2 2008 Cofl 39114.6
Model_Proj.dat 2 2008 CLCI 24539.8
Model_Proj.dat 2 2008 CUCI 24539.8
Model_Proj.dat 2 2008 CMedian 24539.8
Model_Proj.dat 2 2008 CMean 24539.8
Model_Proj.dat 2 2008 CStdn 6.18456e-11
Model_Proj.dat 2 2009 Cabc 35838.1
Model_Proj.dat 2 2009 Cofl 39114.6
Model_Proj.dat 2 2009 CLCI 19557.9
Model_Proj.dat 2 2009 CUCI 19557.9
Model_Proj.dat 2 2009 CMedian 19557.9
Model_Proj.dat 2 2009 CMean 19557.9
Model_Proj.dat 2 2009 CStdn 3.40425e-07
Model_Proj.dat 2 2010 Cabc 35838.1
Model_Proj.dat 2 2010 Cofl 39114.6
Model_Proj.dat 2 2010 CLCI 20127.1
Model_Proj.dat 2 2010 CUCI 20127.1
Model_Proj.dat 2 2010 CMedian 20127.1
Model_Proj.dat 2 2010 CMean 20127.1
Model_Proj.dat 2 2010 CStdn 2.44626e-06
Model_Proj.dat 2 2011 Cabc 35838.1
Model_Proj.dat 2 2011 Cofl 39114.6
Model_Proj.dat 2 2011 CLCI 13558
Model_Proj.dat 2 2011 CUCI 13558
Model_Proj.dat 2 2011 CMedian 13558
Model_Proj.dat 2 2011 CMean 13558
Model_Proj.dat 2 2011 CStdn 9.04317e-05
Model_Proj.dat 2 2012 Cabc 35838.1
Model_Proj.dat 2 2012 Cofl 39114.6
Model_Proj.dat 2 2012 CLCI 11367.5
Model_Proj.dat 2 2012 CUCI 11367.5
Model_Proj.dat 2 2012 CMedian 11367.5
Model_Proj.dat 2 2012 CMean 11367.5
Model_Proj.dat 2 2012 CStdn 0.0022562
Model_Proj.dat 2 2008 SSBF100 196683
Model_Proj.dat 2 2008 SSBFabc 78673.1
Model_Proj.dat 2 2008 SSBFofl 68839
Model_Proj.dat 2 2008 SSBLCI 165466
Model_Proj.dat 2 2008 SSBUCI 165466
Model_Proj.dat 2 2008 SSBMedian 165466
Model_Proj.dat 2 2008 SSBMean 165466
Model_Proj.dat 2 2009 SSBF100 196683
Model_Proj.dat 2 2009 SSBFabc 78673.1
Model_Proj.dat 2 2009 SSBFofl 68839
Model_Proj.dat 2 2009 SSBLCI 160228
Model_Proj.dat 2 2009 SSBUCI 160239
Model_Proj.dat 2 2009 SSBMedian 160232
Model_Proj.dat 2 2009 SSBMean 160233
Model_Proj.dat 2 2010 SSBF100 196683
Model_Proj.dat 2 2010 SSBFabc 78673.1
Model_Proj.dat 2 2010 SSBFofl 68839
Model_Proj.dat 2 2010 SSBLCI 158656
Model_Proj.dat 2 2010 SSBUCI 158717
Model_Proj.dat 2 2010 SSBMedian 158681
Model_Proj.dat 2 2010 SSBMean 158685
Model_Proj.dat 2 2011 SSBF100 196683
Model_Proj.dat 2 2011 SSBFabc 78673.1
Model_Proj.dat 2 2011 SSBFofl 68839
Model_Proj.dat 2 2011 SSBLCI 158588
Model_Proj.dat 2 2011 SSBUCI 158844
Model_Proj.dat 2 2011 SSBMedian 158695
Model_Proj.dat 2 2011 SSBMean 158709
Model_Proj.dat 2 2012 SSBF100 196683
Model_Proj.dat 2 2012 SSBFabc 78673.1
Model_Proj.dat 2 2012 SSBFofl 68839
Model_Proj.dat 2 2012 SSBLCI 161955
Model_Proj.dat 2 2012 SSBUCI 162829
Model_Proj.dat 2 2012 SSBMedian 162320
Model_Proj.dat 2 2012 SSBMean 162368
Model_Proj.dat 2 2008 F0 0 
Model_Proj.dat 2 2008 Fabc 0.406856
Model_Proj.dat 2 2008 Fofl 0.503663
Model_Proj.dat 2 2008  F_LCI 0.134
Model_Proj.dat 2 2008  F_UCI 0.134
Model_Proj.dat 2 2008  F_Median 0.134
Model_Proj.dat 2 2008  F_Mean 0.134
Model_Proj.dat 2 2009 F0 0 
Model_Proj.dat 2 2009 Fabc 0.406856
Model_Proj.dat 2 2009 Fofl 0.503663
Model_Proj.dat 2 2009  F_LCI 0.108698
Model_Proj.dat 2 2009  F_UCI 0.108714
Model_Proj.dat 2 2009  F_Median 0.108708
Model_Proj.dat 2 2009  F_Mean 0.108707
Model_Proj.dat 2 2010 F0 0 
Model_Proj.dat 2 2010 Fabc 0.406856
Model_Proj.dat 2 2010 Fofl 0.503663
Model_Proj.dat 2 2010  F_LCI 0.112451
Model_Proj.dat 2 2010  F_UCI 0.11259
Model_Proj.dat 2 2010  F_Median 0.112539
Model_Proj.dat 2 2010  F_Mean 0.112528
Model_Proj.dat 2 2011 F0 0 
Model_Proj.dat 2 2011 Fabc 0.406856
Model_Proj.dat 2 2011 Fofl 0.503663
Model_Proj.dat 2 2011  F_LCI 0.0754878
Model_Proj.dat 2 2011  F_UCI 0.0759734
Model_Proj.dat 2 2011  F_Median 0.075783
Model_Proj.dat 2 2011  F_Mean 0.0757578
Model_Proj.dat 2 2012 F0 0 
Model_Proj.dat 2 2012 Fabc 0.406856
Model_Proj.dat 2 2012 Fofl 0.503663
Model_Proj.dat 2 2012  F_LCI 0.0624813
Model_Proj.dat 2 2012  F_UCI 0.063798
Model_Proj.dat 2 2012  F_Median 0.0633026
Model_Proj.dat 2 2012  F_Mean 0.0632363
Model_Proj.dat 3 2008 Cabc 35838.1
Model_Proj.dat 3 2008 Cofl 39114.6
Model_Proj.dat 3 2008 CLCI 24539.8
Model_Proj.dat 3 2008 CUCI 24539.8
Model_Proj.dat 3 2008 CMedian 24539.8
Model_Proj.dat 3 2008 CMean 24539.8
Model_Proj.dat 3 2008 CStdn 6.18456e-11
Model_Proj.dat 3 2009 Cabc 35838.1
Model_Proj.dat 3 2009 Cofl 39114.6
Model_Proj.dat 3 2009 CLCI 19557.9
Model_Proj.dat 3 2009 CUCI 19557.9
Model_Proj.dat 3 2009 CMedian 19557.9
Model_Proj.dat 3 2009 CMean 19557.9
Model_Proj.dat 3 2009 CStdn 3.40425e-07
Model_Proj.dat 3 2010 Cabc 35838.1
Model_Proj.dat 3 2010 Cofl 39114.6
Model_Proj.dat 3 2010 CLCI 20127.1
Model_Proj.dat 3 2010 CUCI 20127.1
Model_Proj.dat 3 2010 CMedian 20127.1
Model_Proj.dat 3 2010 CMean 20127.1
Model_Proj.dat 3 2010 CStdn 2.44626e-06
Model_Proj.dat 3 2011 Cabc 35838.1
Model_Proj.dat 3 2011 Cofl 39114.6
Model_Proj.dat 3 2011 CLCI 13558
Model_Proj.dat 3 2011 CUCI 13558
Model_Proj.dat 3 2011 CMedian 13558
Model_Proj.dat 3 2011 CMean 13558
Model_Proj.dat 3 2011 CStdn 9.04317e-05
Model_Proj.dat 3 2012 Cabc 35838.1
Model_Proj.dat 3 2012 Cofl 39114.6
Model_Proj.dat 3 2012 CLCI 11367.5
Model_Proj.dat 3 2012 CUCI 11367.5
Model_Proj.dat 3 2012 CMedian 11367.5
Model_Proj.dat 3 2012 CMean 11367.5
Model_Proj.dat 3 2012 CStdn 0.0022562
Model_Proj.dat 3 2008 SSBF100 196683
Model_Proj.dat 3 2008 SSBFabc 78673.1
Model_Proj.dat 3 2008 SSBFofl 68839
Model_Proj.dat 3 2008 SSBLCI 165466
Model_Proj.dat 3 2008 SSBUCI 165466
Model_Proj.dat 3 2008 SSBMedian 165466
Model_Proj.dat 3 2008 SSBMean 165466
Model_Proj.dat 3 2009 SSBF100 196683
Model_Proj.dat 3 2009 SSBFabc 78673.1
Model_Proj.dat 3 2009 SSBFofl 68839
Model_Proj.dat 3 2009 SSBLCI 160228
Model_Proj.dat 3 2009 SSBUCI 160239
Model_Proj.dat 3 2009 SSBMedian 160232
Model_Proj.dat 3 2009 SSBMean 160233
Model_Proj.dat 3 2010 SSBF100 196683
Model_Proj.dat 3 2010 SSBFabc 78673.1
Model_Proj.dat 3 2010 SSBFofl 68839
Model_Proj.dat 3 2010 SSBLCI 158656
Model_Proj.dat 3 2010 SSBUCI 158717
Model_Proj.dat 3 2010 SSBMedian 158681
Model_Proj.dat 3 2010 SSBMean 158685
Model_Proj.dat 3 2011 SSBF100 196683
Model_Proj.dat 3 2011 SSBFabc 78673.1
Model_Proj.dat 3 2011 SSBFofl 68839
Model_Proj.dat 3 2011 SSBLCI 158588
Model_Proj.dat 3 2011 SSBUCI 158844
Model_Proj.dat 3 2011 SSBMedian 158695
Model_Proj.dat 3 2011 SSBMean 158709
Model_Proj.dat 3 2012 SSBF100 196683
Model_Proj.dat 3 2012 SSBFabc 78673.1
Model_Proj.dat 3 2012 SSBFofl 68839
Model_Proj.dat 3 2012 SSBLCI 161955
Model_Proj.dat 3 2012 SSBUCI 162829
Model_Proj.dat 3 2012 SSBMedian 162320
Model_Proj.dat 3 2012 SSBMean 162368
Model_Proj.dat 3 2008 F0 0 
Model_Proj.dat 3 2008 Fabc 0.406856
Model_Proj.dat 3 2008 Fofl 0.503663
Model_Proj.dat 3 2008  F_LCI 0.134
Model_Proj.dat 3 2008  F_UCI 0.134
Model_Proj.dat 3 2008  F_Median 0.134
Model_Proj.dat 3 2008  F_Mean 0.134
Model_Proj.dat 3 2009 F0 0 
Model_Proj.dat 3 2009 Fabc 0.406856
Model_Proj.dat 3 2009 Fofl 0.503663
Model_Proj.dat 3 2009  F_LCI 0.108698
Model_Proj.dat 3 2009  F_UCI 0.108714
Model_Proj.dat 3 2009  F_Median 0.108708
Model_Proj.dat 3 2009  F_Mean 0.108707
Model_Proj.dat 3 2010 F0 0 
Model_Proj.dat 3 2010 Fabc 0.406856
Model_Proj.dat 3 2010 Fofl 0.503663
Model_Proj.dat 3 2010  F_LCI 0.112451
Model_Proj.dat 3 2010  F_UCI 0.11259
Model_Proj.dat 3 2010  F_Median 0.112539
Model_Proj.dat 3 2010  F_Mean 0.112528
Model_Proj.dat 3 2011 F0 0 
Model_Proj.dat 3 2011 Fabc 0.406856
Model_Proj.dat 3 2011 Fofl 0.503663
Model_Proj.dat 3 2011  F_LCI 0.0754878
Model_Proj.dat 3 2011  F_UCI 0.0759734
Model_Proj.dat 3 2011  F_Median 0.075783
Model_Proj.dat 3 2011  F_Mean 0.0757578
Model_Proj.dat 3 2012 F0 0 
Model_Proj.dat 3 2012 Fabc 0.406856
Model_Proj.dat 3 2012 Fofl 0.503663
Model_Proj.dat 3 2012  F_LCI 0.0624813
Model_Proj.dat 3 2012  F_UCI 0.063798
Model_Proj.dat 3 2012  F_Median 0.0633026
Model_Proj.dat 3 2012  F_Mean 0.0632363
Model_Proj.dat 4 2008 Cabc 35838.1
Model_Proj.dat 4 2008 Cofl 39114.6
Model_Proj.dat 4 2008 CLCI 24539.8
Model_Proj.dat 4 2008 CUCI 24539.8
Model_Proj.dat 4 2008 CMedian 24539.8
Model_Proj.dat 4 2008 CMean 24539.8
Model_Proj.dat 4 2008 CStdn 6.18456e-11
Model_Proj.dat 4 2009 Cabc 35838.1
Model_Proj.dat 4 2009 Cofl 39114.6
Model_Proj.dat 4 2009 CLCI 19557.9
Model_Proj.dat 4 2009 CUCI 19557.9
Model_Proj.dat 4 2009 CMedian 19557.9
Model_Proj.dat 4 2009 CMean 19557.9
Model_Proj.dat 4 2009 CStdn 3.40425e-07
Model_Proj.dat 4 2010 Cabc 35838.1
Model_Proj.dat 4 2010 Cofl 39114.6
Model_Proj.dat 4 2010 CLCI 20127.1
Model_Proj.dat 4 2010 CUCI 20127.1
Model_Proj.dat 4 2010 CMedian 20127.1
Model_Proj.dat 4 2010 CMean 20127.1
Model_Proj.dat 4 2010 CStdn 2.44626e-06
Model_Proj.dat 4 2011 Cabc 35838.1
Model_Proj.dat 4 2011 Cofl 39114.6
Model_Proj.dat 4 2011 CLCI 13558
Model_Proj.dat 4 2011 CUCI 13558
Model_Proj.dat 4 2011 CMedian 13558
Model_Proj.dat 4 2011 CMean 13558
Model_Proj.dat 4 2011 CStdn 9.04317e-05
Model_Proj.dat 4 2012 Cabc 35838.1
Model_Proj.dat 4 2012 Cofl 39114.6
Model_Proj.dat 4 2012 CLCI 11367.5
Model_Proj.dat 4 2012 CUCI 11367.5
Model_Proj.dat 4 2012 CMedian 11367.5
Model_Proj.dat 4 2012 CMean 11367.5
Model_Proj.dat 4 2012 CStdn 0.0022562
Model_Proj.dat 4 2008 SSBF100 196683
Model_Proj.dat 4 2008 SSBFabc 78673.1
Model_Proj.dat 4 2008 SSBFofl 68839
Model_Proj.dat 4 2008 SSBLCI 165466
Model_Proj.dat 4 2008 SSBUCI 165466
Model_Proj.dat 4 2008 SSBMedian 165466
Model_Proj.dat 4 2008 SSBMean 165466
Model_Proj.dat 4 2009 SSBF100 196683
Model_Proj.dat 4 2009 SSBFabc 78673.1
Model_Proj.dat 4 2009 SSBFofl 68839
Model_Proj.dat 4 2009 SSBLCI 160228
Model_Proj.dat 4 2009 SSBUCI 160239
Model_Proj.dat 4 2009 SSBMedian 160232
Model_Proj.dat 4 2009 SSBMean 160233
Model_Proj.dat 4 2010 SSBF100 196683
Model_Proj.dat 4 2010 SSBFabc 78673.1
Model_Proj.dat 4 2010 SSBFofl 68839
Model_Proj.dat 4 2010 SSBLCI 158656
Model_Proj.dat 4 2010 SSBUCI 158717
Model_Proj.dat 4 2010 SSBMedian 158681
Model_Proj.dat 4 2010 SSBMean 158685
Model_Proj.dat 4 2011 SSBF100 196683
Model_Proj.dat 4 2011 SSBFabc 78673.1
Model_Proj.dat 4 2011 SSBFofl 68839
Model_Proj.dat 4 2011 SSBLCI 158588
Model_Proj.dat 4 2011 SSBUCI 158844
Model_Proj.dat 4 2011 SSBMedian 158695
Model_Proj.dat 4 2011 SSBMean 158709
Model_Proj.dat 4 2012 SSBF100 196683
Model_Proj.dat 4 2012 SSBFabc 78673.1
Model_Proj.dat 4 2012 SSBFofl 68839
Model_Proj.dat 4 2012 SSBLCI 161955
Model_Proj.dat 4 2012 SSBUCI 162829
Model_Proj.dat 4 2012 SSBMedian 162320
Model_Proj.dat 4 2012 SSBMean 162368
Model_Proj.dat 4 2008 F0 0 
Model_Proj.dat 4 2008 Fabc 0.406856
Model_Proj.dat 4 2008 Fofl 0.503663
Model_Proj.dat 4 2008  F_LCI 0.134
Model_Proj.dat 4 2008  F_UCI 0.134
Model_Proj.dat 4 2008  F_Median 0.134
Model_Proj.dat 4 2008  F_Mean 0.134
Model_Proj.dat 4 2009 F0 0 
Model_Proj.dat 4 2009 Fabc 0.406856
Model_Proj.dat 4 2009 Fofl 0.503663
Model_Proj.dat 4 2009  F_LCI 0.108698
Model_Proj.dat 4 2009  F_UCI 0.108714
Model_Proj.dat 4 2009  F_Median 0.108708
Model_Proj.dat 4 2009  F_Mean 0.108707
Model_Proj.dat 4 2010 F0 0 
Model_Proj.dat 4 2010 Fabc 0.406856
Model_Proj.dat 4 2010 Fofl 0.503663
Model_Proj.dat 4 2010  F_LCI 0.112451
Model_Proj.dat 4 2010  F_UCI 0.11259
Model_Proj.dat 4 2010  F_Median 0.112539
Model_Proj.dat 4 2010  F_Mean 0.112528
Model_Proj.dat 4 2011 F0 0 
Model_Proj.dat 4 2011 Fabc 0.406856
Model_Proj.dat 4 2011 Fofl 0.503663
Model_Proj.dat 4 2011  F_LCI 0.0754878
Model_Proj.dat 4 2011  F_UCI 0.0759734
Model_Proj.dat 4 2011  F_Median 0.075783
Model_Proj.dat 4 2011  F_Mean 0.0757578
Model_Proj.dat 4 2012 F0 0 
Model_Proj.dat 4 2012 Fabc 0.406856
Model_Proj.dat 4 2012 Fofl 0.503663
Model_Proj.dat 4 2012  F_LCI 0.0624813
Model_Proj.dat 4 2012  F_UCI 0.063798
Model_Proj.dat 4 2012  F_Median 0.0633026
Model_Proj.dat 4 2012  F_Mean 0.0632363
Model_Proj.dat 5 2008 Cabc 35838.1
Model_Proj.dat 5 2008 Cofl 39114.6
Model_Proj.dat 5 2008 CLCI 24539.8
Model_Proj.dat 5 2008 CUCI 24539.8
Model_Proj.dat 5 2008 CMedian 24539.8
Model_Proj.dat 5 2008 CMean 24539.8
Model_Proj.dat 5 2008 CStdn 6.18456e-11
Model_Proj.dat 5 2009 Cabc 35838.1
Model_Proj.dat 5 2009 Cofl 39114.6
Model_Proj.dat 5 2009 CLCI 19557.9
Model_Proj.dat 5 2009 CUCI 19557.9
Model_Proj.dat 5 2009 CMedian 19557.9
Model_Proj.dat 5 2009 CMean 19557.9
Model_Proj.dat 5 2009 CStdn 3.40425e-07
Model_Proj.dat 5 2010 Cabc 35838.1
Model_Proj.dat 5 2010 Cofl 39114.6
Model_Proj.dat 5 2010 CLCI 20127.1
Model_Proj.dat 5 2010 CUCI 20127.1
Model_Proj.dat 5 2010 CMedian 20127.1
Model_Proj.dat 5 2010 CMean 20127.1
Model_Proj.dat 5 2010 CStdn 2.44626e-06
Model_Proj.dat 5 2011 Cabc 35838.1
Model_Proj.dat 5 2011 Cofl 39114.6
Model_Proj.dat 5 2011 CLCI 13558
Model_Proj.dat 5 2011 CUCI 13558
Model_Proj.dat 5 2011 CMedian 13558
Model_Proj.dat 5 2011 CMean 13558
Model_Proj.dat 5 2011 CStdn 9.04317e-05
Model_Proj.dat 5 2012 Cabc 35838.1
Model_Proj.dat 5 2012 Cofl 39114.6
Model_Proj.dat 5 2012 CLCI 11367.5
Model_Proj.dat 5 2012 CUCI 11367.5
Model_Proj.dat 5 2012 CMedian 11367.5
Model_Proj.dat 5 2012 CMean 11367.5
Model_Proj.dat 5 2012 CStdn 0.0022562
Model_Proj.dat 5 2008 SSBF100 196683
Model_Proj.dat 5 2008 SSBFabc 78673.1
Model_Proj.dat 5 2008 SSBFofl 68839
Model_Proj.dat 5 2008 SSBLCI 165466
Model_Proj.dat 5 2008 SSBUCI 165466
Model_Proj.dat 5 2008 SSBMedian 165466
Model_Proj.dat 5 2008 SSBMean 165466
Model_Proj.dat 5 2009 SSBF100 196683
Model_Proj.dat 5 2009 SSBFabc 78673.1
Model_Proj.dat 5 2009 SSBFofl 68839
Model_Proj.dat 5 2009 SSBLCI 160228
Model_Proj.dat 5 2009 SSBUCI 160239
Model_Proj.dat 5 2009 SSBMedian 160232
Model_Proj.dat 5 2009 SSBMean 160233
Model_Proj.dat 5 2010 SSBF100 196683
Model_Proj.dat 5 2010 SSBFabc 78673.1
Model_Proj.dat 5 2010 SSBFofl 68839
Model_Proj.dat 5 2010 SSBLCI 158656
Model_Proj.dat 5 2010 SSBUCI 158717
Model_Proj.dat 5 2010 SSBMedian 158681
Model_Proj.dat 5 2010 SSBMean 158685
Model_Proj.dat 5 2011 SSBF100 196683
Model_Proj.dat 5 2011 SSBFabc 78673.1
Model_Proj.dat 5 2011 SSBFofl 68839
Model_Proj.dat 5 2011 SSBLCI 158588
Model_Proj.dat 5 2011 SSBUCI 158844
Model_Proj.dat 5 2011 SSBMedian 158695
Model_Proj.dat 5 2011 SSBMean 158709
Model_Proj.dat 5 2012 SSBF100 196683
Model_Proj.dat 5 2012 SSBFabc 78673.1
Model_Proj.dat 5 2012 SSBFofl 68839
Model_Proj.dat 5 2012 SSBLCI 161955
Model_Proj.dat 5 2012 SSBUCI 162829
Model_Proj.dat 5 2012 SSBMedian 162320
Model_Proj.dat 5 2012 SSBMean 162368
Model_Proj.dat 5 2008 F0 0 
Model_Proj.dat 5 2008 Fabc 0.406856
Model_Proj.dat 5 2008 Fofl 0.503663
Model_Proj.dat 5 2008  F_LCI 0.134
Model_Proj.dat 5 2008  F_UCI 0.134
Model_Proj.dat 5 2008  F_Median 0.134
Model_Proj.dat 5 2008  F_Mean 0.134
Model_Proj.dat 5 2009 F0 0 
Model_Proj.dat 5 2009 Fabc 0.406856
Model_Proj.dat 5 2009 Fofl 0.503663
Model_Proj.dat 5 2009  F_LCI 0.108698
Model_Proj.dat 5 2009  F_UCI 0.108714
Model_Proj.dat 5 2009  F_Median 0.108708
Model_Proj.dat 5 2009  F_Mean 0.108707
Model_Proj.dat 5 2010 F0 0 
Model_Proj.dat 5 2010 Fabc 0.406856
Model_Proj.dat 5 2010 Fofl 0.503663
Model_Proj.dat 5 2010  F_LCI 0.112451
Model_Proj.dat 5 2010  F_UCI 0.11259
Model_Proj.dat 5 2010  F_Median 0.112539
Model_Proj.dat 5 2010  F_Mean 0.112528
Model_Proj.dat 5 2011 F0 0 
Model_Proj.dat 5 2011 Fabc 0.406856
Model_Proj.dat 5 2011 Fofl 0.503663
Model_Proj.dat 5 2011  F_LCI 0.0754878
Model_Proj.dat 5 2011  F_UCI 0.0759734
Model_Proj.dat 5 2011  F_Median 0.075783
Model_Proj.dat 5 2011  F_Mean 0.0757578
Model_Proj.dat 5 2012 F0 0 
Model_Proj.dat 5 2012 Fabc 0.406856
Model_Proj.dat 5 2012 Fofl 0.503663
Model_Proj.dat 5 2012  F_LCI 0.0624813
Model_Proj.dat 5 2012  F_UCI 0.063798
Model_Proj.dat 5 2012  F_Median 0.0633026
Model_Proj.dat 5 2012  F_Mean 0.0632363
Model_Proj.dat 6 2008 Cabc 35838.1
Model_Proj.dat 6 2008 Cofl 39114.6
Model_Proj.dat 6 2008 CLCI 24539.8
Model_Proj.dat 6 2008 CUCI 24539.8
Model_Proj.dat 6 2008 CMedian 24539.8
Model_Proj.dat 6 2008 CMean 24539.8
Model_Proj.dat 6 2008 CStdn 6.18456e-11
Model_Proj.dat 6 2009 Cabc 35838.1
Model_Proj.dat 6 2009 Cofl 39114.6
Model_Proj.dat 6 2009 CLCI 82760
Model_Proj.dat 6 2009 CUCI 82772.3
Model_Proj.dat 6 2009 CMedian 82764.7
Model_Proj.dat 6 2009 CMean 82765.6
Model_Proj.dat 6 2009 CStdn 4.44924
Model_Proj.dat 6 2010 Cabc 35838.1
Model_Proj.dat 6 2010 Cofl 39114.6
Model_Proj.dat 6 2010 CLCI 69835.7
Model_Proj.dat 6 2010 CUCI 69945.8
Model_Proj.dat 6 2010 CMedian 69877.6
Model_Proj.dat 6 2010 CMean 69886.1
Model_Proj.dat 6 2010 CStdn 38.1543
Model_Proj.dat 6 2011 Cabc 35838.1
Model_Proj.dat 6 2011 Cofl 39114.6
Model_Proj.dat 6 2011 CLCI 60475.7
Model_Proj.dat 6 2011 CUCI 61005.6
Model_Proj.dat 6 2011 CMedian 60693.3
Model_Proj.dat 6 2011 CMean 60723.7
Model_Proj.dat 6 2011 CStdn 184.76
Model_Proj.dat 6 2012 Cabc 35838.1
Model_Proj.dat 6 2012 Cofl 39114.6
Model_Proj.dat 6 2012 CLCI 52801.5
Model_Proj.dat 6 2012 CUCI 54560.5
Model_Proj.dat 6 2012 CMedian 53524.7
Model_Proj.dat 6 2012 CMean 53626.5
Model_Proj.dat 6 2012 CStdn 576.57
Model_Proj.dat 6 2008 SSBF100 196683
Model_Proj.dat 6 2008 SSBFabc 78673.1
Model_Proj.dat 6 2008 SSBFofl 68839
Model_Proj.dat 6 2008 SSBLCI 165466
Model_Proj.dat 6 2008 SSBUCI 165466
Model_Proj.dat 6 2008 SSBMedian 165466
Model_Proj.dat 6 2008 SSBMean 165466
Model_Proj.dat 6 2009 SSBF100 196683
Model_Proj.dat 6 2009 SSBFabc 78673.1
Model_Proj.dat 6 2009 SSBFofl 68839
Model_Proj.dat 6 2009 SSBLCI 160228
Model_Proj.dat 6 2009 SSBUCI 160239
Model_Proj.dat 6 2009 SSBMedian 160232
Model_Proj.dat 6 2009 SSBMean 160233
Model_Proj.dat 6 2010 SSBF100 196683
Model_Proj.dat 6 2010 SSBFabc 78673.1
Model_Proj.dat 6 2010 SSBFofl 68839
Model_Proj.dat 6 2010 SSBLCI 131233
Model_Proj.dat 6 2010 SSBUCI 131294
Model_Proj.dat 6 2010 SSBMedian 131258
Model_Proj.dat 6 2010 SSBMean 131262
Model_Proj.dat 6 2011 SSBF100 196683
Model_Proj.dat 6 2011 SSBFabc 78673.1
Model_Proj.dat 6 2011 SSBFofl 68839
Model_Proj.dat 6 2011 SSBLCI 113082
Model_Proj.dat 6 2011 SSBUCI 113326
Model_Proj.dat 6 2011 SSBMedian 113184
Model_Proj.dat 6 2011 SSBMean 113198
Model_Proj.dat 6 2012 SSBF100 196683
Model_Proj.dat 6 2012 SSBFabc 78673.1
Model_Proj.dat 6 2012 SSBFofl 68839
Model_Proj.dat 6 2012 SSBLCI 101272
Model_Proj.dat 6 2012 SSBUCI 102096
Model_Proj.dat 6 2012 SSBMedian 101616
Model_Proj.dat 6 2012 SSBMean 101661
Model_Proj.dat 6 2008 F0 0 
Model_Proj.dat 6 2008 Fabc 0.406856
Model_Proj.dat 6 2008 Fofl 0.503663
Model_Proj.dat 6 2008  F_LCI 0.134
Model_Proj.dat 6 2008  F_UCI 0.134
Model_Proj.dat 6 2008  F_Median 0.134
Model_Proj.dat 6 2008  F_Mean 0.134
Model_Proj.dat 6 2009 F0 0 
Model_Proj.dat 6 2009 Fabc 0.406856
Model_Proj.dat 6 2009 Fofl 0.503663
Model_Proj.dat 6 2009  F_LCI 0.503663
Model_Proj.dat 6 2009  F_UCI 0.503663
Model_Proj.dat 6 2009  F_Median 0.503663
Model_Proj.dat 6 2009  F_Mean 0.503663
Model_Proj.dat 6 2010 F0 0 
Model_Proj.dat 6 2010 Fabc 0.406856
Model_Proj.dat 6 2010 Fofl 0.503663
Model_Proj.dat 6 2010  F_LCI 0.503663
Model_Proj.dat 6 2010  F_UCI 0.503663
Model_Proj.dat 6 2010  F_Median 0.503663
Model_Proj.dat 6 2010  F_Mean 0.503663
Model_Proj.dat 6 2011 F0 0 
Model_Proj.dat 6 2011 Fabc 0.406856
Model_Proj.dat 6 2011 Fofl 0.503663
Model_Proj.dat 6 2011  F_LCI 0.503663
Model_Proj.dat 6 2011  F_UCI 0.503663
Model_Proj.dat 6 2011  F_Median 0.503663
Model_Proj.dat 6 2011  F_Mean 0.503663
Model_Proj.dat 6 2012 F0 0 
Model_Proj.dat 6 2012 Fabc 0.406856
Model_Proj.dat 6 2012 Fofl 0.503663
Model_Proj.dat 6 2012  F_LCI 0.503663
Model_Proj.dat 6 2012  F_UCI 0.503663
Model_Proj.dat 6 2012  F_Median 0.503663
Model_Proj.dat 6 2012  F_Mean 0.503663
Model_Proj.dat 7 2008 Cabc 35838.1
Model_Proj.dat 7 2008 Cofl 39114.6
Model_Proj.dat 7 2008 CLCI 24539.8
Model_Proj.dat 7 2008 CUCI 24539.8
Model_Proj.dat 7 2008 CMedian 24539.8
Model_Proj.dat 7 2008 CMean 24539.8
Model_Proj.dat 7 2008 CStdn 6.18456e-11
Model_Proj.dat 7 2009 Cabc 35838.1
Model_Proj.dat 7 2009 Cofl 39114.6
Model_Proj.dat 7 2009 CLCI 68321.9
Model_Proj.dat 7 2009 CUCI 68331.8
Model_Proj.dat 7 2009 CMedian 68325.7
Model_Proj.dat 7 2009 CMean 68326.4
Model_Proj.dat 7 2009 CStdn 3.59425
Model_Proj.dat 7 2010 Cabc 35838.1
Model_Proj.dat 7 2010 Cofl 39114.6
Model_Proj.dat 7 2010 CLCI 59938.4
Model_Proj.dat 7 2010 CUCI 60027.3
Model_Proj.dat 7 2010 CMedian 59972.2
Model_Proj.dat 7 2010 CMean 59979.1
Model_Proj.dat 7 2010 CStdn 30.832
Model_Proj.dat 7 2011 Cabc 35838.1
Model_Proj.dat 7 2011 Cofl 39114.6
Model_Proj.dat 7 2011 CLCI 64899.3
Model_Proj.dat 7 2011 CUCI 65429.5
Model_Proj.dat 7 2011 CMedian 65117
Model_Proj.dat 7 2011 CMean 65147.4
Model_Proj.dat 7 2011 CStdn 184.875
Model_Proj.dat 7 2012 Cabc 35838.1
Model_Proj.dat 7 2012 Cofl 39114.6
Model_Proj.dat 7 2012 CLCI 55919.1
Model_Proj.dat 7 2012 CUCI 57679
Model_Proj.dat 7 2012 CMedian 56642.7
Model_Proj.dat 7 2012 CMean 56744.6
Model_Proj.dat 7 2012 CStdn 576.905
Model_Proj.dat 7 2008 SSBF100 196683
Model_Proj.dat 7 2008 SSBFabc 78673.1
Model_Proj.dat 7 2008 SSBFofl 68839
Model_Proj.dat 7 2008 SSBLCI 165466
Model_Proj.dat 7 2008 SSBUCI 165466
Model_Proj.dat 7 2008 SSBMedian 165466
Model_Proj.dat 7 2008 SSBMean 165466
Model_Proj.dat 7 2009 SSBF100 196683
Model_Proj.dat 7 2009 SSBFabc 78673.1
Model_Proj.dat 7 2009 SSBFofl 68839
Model_Proj.dat 7 2009 SSBLCI 160228
Model_Proj.dat 7 2009 SSBUCI 160239
Model_Proj.dat 7 2009 SSBMedian 160232
Model_Proj.dat 7 2009 SSBMean 160233
Model_Proj.dat 7 2010 SSBF100 196683
Model_Proj.dat 7 2010 SSBFabc 78673.1
Model_Proj.dat 7 2010 SSBFofl 68839
Model_Proj.dat 7 2010 SSBLCI 137378
Model_Proj.dat 7 2010 SSBUCI 137438
Model_Proj.dat 7 2010 SSBMedian 137403
Model_Proj.dat 7 2010 SSBMean 137406
Model_Proj.dat 7 2011 SSBF100 196683
Model_Proj.dat 7 2011 SSBFabc 78673.1
Model_Proj.dat 7 2011 SSBFofl 68839
Model_Proj.dat 7 2011 SSBLCI 122516
Model_Proj.dat 7 2011 SSBUCI 122761
Model_Proj.dat 7 2011 SSBMedian 122619
Model_Proj.dat 7 2011 SSBMean 122632
Model_Proj.dat 7 2012 SSBF100 196683
Model_Proj.dat 7 2012 SSBFabc 78673.1
Model_Proj.dat 7 2012 SSBFofl 68839
Model_Proj.dat 7 2012 SSBLCI 107839
Model_Proj.dat 7 2012 SSBUCI 108663
Model_Proj.dat 7 2012 SSBMedian 108183
Model_Proj.dat 7 2012 SSBMean 108229
Model_Proj.dat 7 2008 F0 0 
Model_Proj.dat 7 2008 Fabc 0.406856
Model_Proj.dat 7 2008 Fofl 0.503663
Model_Proj.dat 7 2008  F_LCI 0.134
Model_Proj.dat 7 2008  F_UCI 0.134
Model_Proj.dat 7 2008  F_Median 0.134
Model_Proj.dat 7 2008  F_Mean 0.134
Model_Proj.dat 7 2009 F0 0 
Model_Proj.dat 7 2009 Fabc 0.406856
Model_Proj.dat 7 2009 Fofl 0.503663
Model_Proj.dat 7 2009  F_LCI 0.406855
Model_Proj.dat 7 2009  F_UCI 0.406855
Model_Proj.dat 7 2009  F_Median 0.406855
Model_Proj.dat 7 2009  F_Mean 0.406855
Model_Proj.dat 7 2010 F0 0 
Model_Proj.dat 7 2010 Fabc 0.406856
Model_Proj.dat 7 2010 Fofl 0.503663
Model_Proj.dat 7 2010  F_LCI 0.406855
Model_Proj.dat 7 2010  F_UCI 0.406855
Model_Proj.dat 7 2010  F_Median 0.406855
Model_Proj.dat 7 2010  F_Mean 0.406855
Model_Proj.dat 7 2011 F0 0 
Model_Proj.dat 7 2011 Fabc 0.406856
Model_Proj.dat 7 2011 Fofl 0.503663
Model_Proj.dat 7 2011  F_LCI 0.503663
Model_Proj.dat 7 2011  F_UCI 0.503663
Model_Proj.dat 7 2011  F_Median 0.503663
Model_Proj.dat 7 2011  F_Mean 0.503663
Model_Proj.dat 7 2012 F0 0 
Model_Proj.dat 7 2012 Fabc 0.406856
Model_Proj.dat 7 2012 Fofl 0.503663
Model_Proj.dat 7 2012  F_LCI 0.503663
Model_Proj.dat 7 2012  F_UCI 0.503663
Model_Proj.dat 7 2012  F_Median 0.503663
Model_Proj.dat 7 2012  F_Mean 0.503663
