Model_Proj.dat 1 2010 Cabc 34403.7
Model_Proj.dat 1 2010 Cofl 37539.4
Model_Proj.dat 1 2010 CLCI 20127.1
Model_Proj.dat 1 2010 CUCI 20127.1
Model_Proj.dat 1 2010 CMedian 20127.1
Model_Proj.dat 1 2010 CMean 20127.1
Model_Proj.dat 1 2010 CStdn 3.63798e-12
Model_Proj.dat 1 2011 Cabc 34403.7
Model_Proj.dat 1 2011 Cofl 37539.4
Model_Proj.dat 1 2011 CLCI 13558
Model_Proj.dat 1 2011 CUCI 13558
Model_Proj.dat 1 2011 CMedian 13558
Model_Proj.dat 1 2011 CMean 13558
Model_Proj.dat 1 2011 CStdn 4.53115e-06
Model_Proj.dat 1 2012 Cabc 34403.7
Model_Proj.dat 1 2012 Cofl 37539.4
Model_Proj.dat 1 2012 CLCI 11367.5
Model_Proj.dat 1 2012 CUCI 11367.5
Model_Proj.dat 1 2012 CMedian 11367.5
Model_Proj.dat 1 2012 CMean 11367.5
Model_Proj.dat 1 2012 CStdn 1.72862e-05
Model_Proj.dat 1 2010 SSBF100 191630
Model_Proj.dat 1 2010 SSBFabc 76652
Model_Proj.dat 1 2010 SSBFofl 67070.5
Model_Proj.dat 1 2010 SSBLCI 155958
Model_Proj.dat 1 2010 SSBUCI 155958
Model_Proj.dat 1 2010 SSBMedian 155958
Model_Proj.dat 1 2010 SSBMean 155958
Model_Proj.dat 1 2011 SSBF100 191630
Model_Proj.dat 1 2011 SSBFabc 76652
Model_Proj.dat 1 2011 SSBFofl 67070.5
Model_Proj.dat 1 2011 SSBLCI 154471
Model_Proj.dat 1 2011 SSBUCI 154481
Model_Proj.dat 1 2011 SSBMedian 154475
Model_Proj.dat 1 2011 SSBMean 154475
Model_Proj.dat 1 2012 SSBF100 191630
Model_Proj.dat 1 2012 SSBFabc 76652
Model_Proj.dat 1 2012 SSBFofl 67070.5
Model_Proj.dat 1 2012 SSBLCI 156281
Model_Proj.dat 1 2012 SSBUCI 156341
Model_Proj.dat 1 2012 SSBMedian 156303
Model_Proj.dat 1 2012 SSBMean 156306
Model_Proj.dat 1 2010 F0 0 
Model_Proj.dat 1 2010 Fabc 0.391786
Model_Proj.dat 1 2010 Fofl 0.484892
Model_Proj.dat 1 2010  F_LCI 0.11267
Model_Proj.dat 1 2010  F_UCI 0.11267
Model_Proj.dat 1 2010  F_Median 0.11267
Model_Proj.dat 1 2010  F_Mean 0.11267
Model_Proj.dat 1 2011 F0 0 
Model_Proj.dat 1 2011 Fabc 0.391786
Model_Proj.dat 1 2011 Fofl 0.484892
Model_Proj.dat 1 2011  F_LCI 0.0765997
Model_Proj.dat 1 2011  F_UCI 0.0766109
Model_Proj.dat 1 2011  F_Median 0.0766072
Model_Proj.dat 1 2011  F_Mean 0.0766067
Model_Proj.dat 1 2012 F0 0 
Model_Proj.dat 1 2012 Fabc 0.391786
Model_Proj.dat 1 2012 Fofl 0.484892
Model_Proj.dat 1 2012  F_LCI 0.0646261
Model_Proj.dat 1 2012  F_UCI 0.0647084
Model_Proj.dat 1 2012  F_Median 0.0646814
Model_Proj.dat 1 2012  F_Mean 0.0646766
Model_Proj.dat 2 2010 Cabc 34403.7
Model_Proj.dat 2 2010 Cofl 37539.4
Model_Proj.dat 2 2010 CLCI 20127.1
Model_Proj.dat 2 2010 CUCI 20127.1
Model_Proj.dat 2 2010 CMedian 20127.1
Model_Proj.dat 2 2010 CMean 20127.1
Model_Proj.dat 2 2010 CStdn 3.63798e-12
Model_Proj.dat 2 2011 Cabc 34403.7
Model_Proj.dat 2 2011 Cofl 37539.4
Model_Proj.dat 2 2011 CLCI 13558
Model_Proj.dat 2 2011 CUCI 13558
Model_Proj.dat 2 2011 CMedian 13558
Model_Proj.dat 2 2011 CMean 13558
Model_Proj.dat 2 2011 CStdn 4.53115e-06
Model_Proj.dat 2 2012 Cabc 34403.7
Model_Proj.dat 2 2012 Cofl 37539.4
Model_Proj.dat 2 2012 CLCI 11367.5
Model_Proj.dat 2 2012 CUCI 11367.5
Model_Proj.dat 2 2012 CMedian 11367.5
Model_Proj.dat 2 2012 CMean 11367.5
Model_Proj.dat 2 2012 CStdn 1.72862e-05
Model_Proj.dat 2 2010 SSBF100 191630
Model_Proj.dat 2 2010 SSBFabc 76652
Model_Proj.dat 2 2010 SSBFofl 67070.5
Model_Proj.dat 2 2010 SSBLCI 155958
Model_Proj.dat 2 2010 SSBUCI 155958
Model_Proj.dat 2 2010 SSBMedian 155958
Model_Proj.dat 2 2010 SSBMean 155958
Model_Proj.dat 2 2011 SSBF100 191630
Model_Proj.dat 2 2011 SSBFabc 76652
Model_Proj.dat 2 2011 SSBFofl 67070.5
Model_Proj.dat 2 2011 SSBLCI 154471
Model_Proj.dat 2 2011 SSBUCI 154481
Model_Proj.dat 2 2011 SSBMedian 154475
Model_Proj.dat 2 2011 SSBMean 154475
Model_Proj.dat 2 2012 SSBF100 191630
Model_Proj.dat 2 2012 SSBFabc 76652
Model_Proj.dat 2 2012 SSBFofl 67070.5
Model_Proj.dat 2 2012 SSBLCI 156281
Model_Proj.dat 2 2012 SSBUCI 156341
Model_Proj.dat 2 2012 SSBMedian 156303
Model_Proj.dat 2 2012 SSBMean 156306
Model_Proj.dat 2 2010 F0 0 
Model_Proj.dat 2 2010 Fabc 0.391786
Model_Proj.dat 2 2010 Fofl 0.484892
Model_Proj.dat 2 2010  F_LCI 0.11267
Model_Proj.dat 2 2010  F_UCI 0.11267
Model_Proj.dat 2 2010  F_Median 0.11267
Model_Proj.dat 2 2010  F_Mean 0.11267
Model_Proj.dat 2 2011 F0 0 
Model_Proj.dat 2 2011 Fabc 0.391786
Model_Proj.dat 2 2011 Fofl 0.484892
Model_Proj.dat 2 2011  F_LCI 0.0765997
Model_Proj.dat 2 2011  F_UCI 0.0766109
Model_Proj.dat 2 2011  F_Median 0.0766072
Model_Proj.dat 2 2011  F_Mean 0.0766067
Model_Proj.dat 2 2012 F0 0 
Model_Proj.dat 2 2012 Fabc 0.391786
Model_Proj.dat 2 2012 Fofl 0.484892
Model_Proj.dat 2 2012  F_LCI 0.0646261
Model_Proj.dat 2 2012  F_UCI 0.0647084
Model_Proj.dat 2 2012  F_Median 0.0646814
Model_Proj.dat 2 2012  F_Mean 0.0646766
Model_Proj.dat 3 2010 Cabc 34403.7
Model_Proj.dat 3 2010 Cofl 37539.4
Model_Proj.dat 3 2010 CLCI 20127.1
Model_Proj.dat 3 2010 CUCI 20127.1
Model_Proj.dat 3 2010 CMedian 20127.1
Model_Proj.dat 3 2010 CMean 20127.1
Model_Proj.dat 3 2010 CStdn 3.63798e-12
Model_Proj.dat 3 2011 Cabc 34403.7
Model_Proj.dat 3 2011 Cofl 37539.4
Model_Proj.dat 3 2011 CLCI 13558
Model_Proj.dat 3 2011 CUCI 13558
Model_Proj.dat 3 2011 CMedian 13558
Model_Proj.dat 3 2011 CMean 13558
Model_Proj.dat 3 2011 CStdn 4.53115e-06
Model_Proj.dat 3 2012 Cabc 34403.7
Model_Proj.dat 3 2012 Cofl 37539.4
Model_Proj.dat 3 2012 CLCI 11367.5
Model_Proj.dat 3 2012 CUCI 11367.5
Model_Proj.dat 3 2012 CMedian 11367.5
Model_Proj.dat 3 2012 CMean 11367.5
Model_Proj.dat 3 2012 CStdn 1.72862e-05
Model_Proj.dat 3 2010 SSBF100 191630
Model_Proj.dat 3 2010 SSBFabc 76652
Model_Proj.dat 3 2010 SSBFofl 67070.5
Model_Proj.dat 3 2010 SSBLCI 155958
Model_Proj.dat 3 2010 SSBUCI 155958
Model_Proj.dat 3 2010 SSBMedian 155958
Model_Proj.dat 3 2010 SSBMean 155958
Model_Proj.dat 3 2011 SSBF100 191630
Model_Proj.dat 3 2011 SSBFabc 76652
Model_Proj.dat 3 2011 SSBFofl 67070.5
Model_Proj.dat 3 2011 SSBLCI 154471
Model_Proj.dat 3 2011 SSBUCI 154481
Model_Proj.dat 3 2011 SSBMedian 154475
Model_Proj.dat 3 2011 SSBMean 154475
Model_Proj.dat 3 2012 SSBF100 191630
Model_Proj.dat 3 2012 SSBFabc 76652
Model_Proj.dat 3 2012 SSBFofl 67070.5
Model_Proj.dat 3 2012 SSBLCI 156281
Model_Proj.dat 3 2012 SSBUCI 156341
Model_Proj.dat 3 2012 SSBMedian 156303
Model_Proj.dat 3 2012 SSBMean 156306
Model_Proj.dat 3 2010 F0 0 
Model_Proj.dat 3 2010 Fabc 0.391786
Model_Proj.dat 3 2010 Fofl 0.484892
Model_Proj.dat 3 2010  F_LCI 0.11267
Model_Proj.dat 3 2010  F_UCI 0.11267
Model_Proj.dat 3 2010  F_Median 0.11267
Model_Proj.dat 3 2010  F_Mean 0.11267
Model_Proj.dat 3 2011 F0 0 
Model_Proj.dat 3 2011 Fabc 0.391786
Model_Proj.dat 3 2011 Fofl 0.484892
Model_Proj.dat 3 2011  F_LCI 0.0765997
Model_Proj.dat 3 2011  F_UCI 0.0766109
Model_Proj.dat 3 2011  F_Median 0.0766072
Model_Proj.dat 3 2011  F_Mean 0.0766067
Model_Proj.dat 3 2012 F0 0 
Model_Proj.dat 3 2012 Fabc 0.391786
Model_Proj.dat 3 2012 Fofl 0.484892
Model_Proj.dat 3 2012  F_LCI 0.0646261
Model_Proj.dat 3 2012  F_UCI 0.0647084
Model_Proj.dat 3 2012  F_Median 0.0646814
Model_Proj.dat 3 2012  F_Mean 0.0646766
Model_Proj.dat 4 2010 Cabc 34403.7
Model_Proj.dat 4 2010 Cofl 37539.4
Model_Proj.dat 4 2010 CLCI 20127.1
Model_Proj.dat 4 2010 CUCI 20127.1
Model_Proj.dat 4 2010 CMedian 20127.1
Model_Proj.dat 4 2010 CMean 20127.1
Model_Proj.dat 4 2010 CStdn 3.63798e-12
Model_Proj.dat 4 2011 Cabc 34403.7
Model_Proj.dat 4 2011 Cofl 37539.4
Model_Proj.dat 4 2011 CLCI 13558
Model_Proj.dat 4 2011 CUCI 13558
Model_Proj.dat 4 2011 CMedian 13558
Model_Proj.dat 4 2011 CMean 13558
Model_Proj.dat 4 2011 CStdn 4.53115e-06
Model_Proj.dat 4 2012 Cabc 34403.7
Model_Proj.dat 4 2012 Cofl 37539.4
Model_Proj.dat 4 2012 CLCI 11367.5
Model_Proj.dat 4 2012 CUCI 11367.5
Model_Proj.dat 4 2012 CMedian 11367.5
Model_Proj.dat 4 2012 CMean 11367.5
Model_Proj.dat 4 2012 CStdn 1.72862e-05
Model_Proj.dat 4 2010 SSBF100 191630
Model_Proj.dat 4 2010 SSBFabc 76652
Model_Proj.dat 4 2010 SSBFofl 67070.5
Model_Proj.dat 4 2010 SSBLCI 155958
Model_Proj.dat 4 2010 SSBUCI 155958
Model_Proj.dat 4 2010 SSBMedian 155958
Model_Proj.dat 4 2010 SSBMean 155958
Model_Proj.dat 4 2011 SSBF100 191630
Model_Proj.dat 4 2011 SSBFabc 76652
Model_Proj.dat 4 2011 SSBFofl 67070.5
Model_Proj.dat 4 2011 SSBLCI 154471
Model_Proj.dat 4 2011 SSBUCI 154481
Model_Proj.dat 4 2011 SSBMedian 154475
Model_Proj.dat 4 2011 SSBMean 154475
Model_Proj.dat 4 2012 SSBF100 191630
Model_Proj.dat 4 2012 SSBFabc 76652
Model_Proj.dat 4 2012 SSBFofl 67070.5
Model_Proj.dat 4 2012 SSBLCI 156281
Model_Proj.dat 4 2012 SSBUCI 156341
Model_Proj.dat 4 2012 SSBMedian 156303
Model_Proj.dat 4 2012 SSBMean 156306
Model_Proj.dat 4 2010 F0 0 
Model_Proj.dat 4 2010 Fabc 0.391786
Model_Proj.dat 4 2010 Fofl 0.484892
Model_Proj.dat 4 2010  F_LCI 0.11267
Model_Proj.dat 4 2010  F_UCI 0.11267
Model_Proj.dat 4 2010  F_Median 0.11267
Model_Proj.dat 4 2010  F_Mean 0.11267
Model_Proj.dat 4 2011 F0 0 
Model_Proj.dat 4 2011 Fabc 0.391786
Model_Proj.dat 4 2011 Fofl 0.484892
Model_Proj.dat 4 2011  F_LCI 0.0765997
Model_Proj.dat 4 2011  F_UCI 0.0766109
Model_Proj.dat 4 2011  F_Median 0.0766072
Model_Proj.dat 4 2011  F_Mean 0.0766067
Model_Proj.dat 4 2012 F0 0 
Model_Proj.dat 4 2012 Fabc 0.391786
Model_Proj.dat 4 2012 Fofl 0.484892
Model_Proj.dat 4 2012  F_LCI 0.0646261
Model_Proj.dat 4 2012  F_UCI 0.0647084
Model_Proj.dat 4 2012  F_Median 0.0646814
Model_Proj.dat 4 2012  F_Mean 0.0646766
Model_Proj.dat 5 2010 Cabc 34403.7
Model_Proj.dat 5 2010 Cofl 37539.4
Model_Proj.dat 5 2010 CLCI 20127.1
Model_Proj.dat 5 2010 CUCI 20127.1
Model_Proj.dat 5 2010 CMedian 20127.1
Model_Proj.dat 5 2010 CMean 20127.1
Model_Proj.dat 5 2010 CStdn 3.63798e-12
Model_Proj.dat 5 2011 Cabc 34403.7
Model_Proj.dat 5 2011 Cofl 37539.4
Model_Proj.dat 5 2011 CLCI 13558
Model_Proj.dat 5 2011 CUCI 13558
Model_Proj.dat 5 2011 CMedian 13558
Model_Proj.dat 5 2011 CMean 13558
Model_Proj.dat 5 2011 CStdn 4.53115e-06
Model_Proj.dat 5 2012 Cabc 34403.7
Model_Proj.dat 5 2012 Cofl 37539.4
Model_Proj.dat 5 2012 CLCI 11367.5
Model_Proj.dat 5 2012 CUCI 11367.5
Model_Proj.dat 5 2012 CMedian 11367.5
Model_Proj.dat 5 2012 CMean 11367.5
Model_Proj.dat 5 2012 CStdn 1.72862e-05
Model_Proj.dat 5 2010 SSBF100 191630
Model_Proj.dat 5 2010 SSBFabc 76652
Model_Proj.dat 5 2010 SSBFofl 67070.5
Model_Proj.dat 5 2010 SSBLCI 155958
Model_Proj.dat 5 2010 SSBUCI 155958
Model_Proj.dat 5 2010 SSBMedian 155958
Model_Proj.dat 5 2010 SSBMean 155958
Model_Proj.dat 5 2011 SSBF100 191630
Model_Proj.dat 5 2011 SSBFabc 76652
Model_Proj.dat 5 2011 SSBFofl 67070.5
Model_Proj.dat 5 2011 SSBLCI 154471
Model_Proj.dat 5 2011 SSBUCI 154481
Model_Proj.dat 5 2011 SSBMedian 154475
Model_Proj.dat 5 2011 SSBMean 154475
Model_Proj.dat 5 2012 SSBF100 191630
Model_Proj.dat 5 2012 SSBFabc 76652
Model_Proj.dat 5 2012 SSBFofl 67070.5
Model_Proj.dat 5 2012 SSBLCI 156281
Model_Proj.dat 5 2012 SSBUCI 156341
Model_Proj.dat 5 2012 SSBMedian 156303
Model_Proj.dat 5 2012 SSBMean 156306
Model_Proj.dat 5 2010 F0 0 
Model_Proj.dat 5 2010 Fabc 0.391786
Model_Proj.dat 5 2010 Fofl 0.484892
Model_Proj.dat 5 2010  F_LCI 0.11267
Model_Proj.dat 5 2010  F_UCI 0.11267
Model_Proj.dat 5 2010  F_Median 0.11267
Model_Proj.dat 5 2010  F_Mean 0.11267
Model_Proj.dat 5 2011 F0 0 
Model_Proj.dat 5 2011 Fabc 0.391786
Model_Proj.dat 5 2011 Fofl 0.484892
Model_Proj.dat 5 2011  F_LCI 0.0765997
Model_Proj.dat 5 2011  F_UCI 0.0766109
Model_Proj.dat 5 2011  F_Median 0.0766072
Model_Proj.dat 5 2011  F_Mean 0.0766067
Model_Proj.dat 5 2012 F0 0 
Model_Proj.dat 5 2012 Fabc 0.391786
Model_Proj.dat 5 2012 Fofl 0.484892
Model_Proj.dat 5 2012  F_LCI 0.0646261
Model_Proj.dat 5 2012  F_UCI 0.0647084
Model_Proj.dat 5 2012  F_Median 0.0646814
Model_Proj.dat 5 2012  F_Mean 0.0646766
Model_Proj.dat 6 2010 Cabc 34403.7
Model_Proj.dat 6 2010 Cofl 37539.4
Model_Proj.dat 6 2010 CLCI 20127.1
Model_Proj.dat 6 2010 CUCI 20127.1
Model_Proj.dat 6 2010 CMedian 20127.1
Model_Proj.dat 6 2010 CMean 20127.1
Model_Proj.dat 6 2010 CStdn 3.63798e-12
Model_Proj.dat 6 2011 Cabc 34403.7
Model_Proj.dat 6 2011 Cofl 37539.4
Model_Proj.dat 6 2011 CLCI 77905.6
Model_Proj.dat 6 2011 CUCI 77916.8
Model_Proj.dat 6 2011 CMedian 77909.9
Model_Proj.dat 6 2011 CMean 77910.5
Model_Proj.dat 6 2011 CStdn 4.06641
Model_Proj.dat 6 2012 Cabc 34403.7
Model_Proj.dat 6 2012 Cofl 37539.4
Model_Proj.dat 6 2012 CLCI 64212.9
Model_Proj.dat 6 2012 CUCI 64316.7
Model_Proj.dat 6 2012 CMedian 64248.1
Model_Proj.dat 6 2012 CMean 64254.3
Model_Proj.dat 6 2012 CStdn 34.4122
Model_Proj.dat 6 2010 SSBF100 191630
Model_Proj.dat 6 2010 SSBFabc 76652
Model_Proj.dat 6 2010 SSBFofl 67070.5
Model_Proj.dat 6 2010 SSBLCI 155958
Model_Proj.dat 6 2010 SSBUCI 155958
Model_Proj.dat 6 2010 SSBMedian 155958
Model_Proj.dat 6 2010 SSBMean 155958
Model_Proj.dat 6 2011 SSBF100 191630
Model_Proj.dat 6 2011 SSBFabc 76652
Model_Proj.dat 6 2011 SSBFofl 67070.5
Model_Proj.dat 6 2011 SSBLCI 154471
Model_Proj.dat 6 2011 SSBUCI 154481
Model_Proj.dat 6 2011 SSBMedian 154475
Model_Proj.dat 6 2011 SSBMean 154475
Model_Proj.dat 6 2012 SSBF100 191630
Model_Proj.dat 6 2012 SSBFabc 76652
Model_Proj.dat 6 2012 SSBFofl 67070.5
Model_Proj.dat 6 2012 SSBLCI 127816
Model_Proj.dat 6 2012 SSBUCI 127874
Model_Proj.dat 6 2012 SSBMedian 127837
Model_Proj.dat 6 2012 SSBMean 127840
Model_Proj.dat 6 2010 F0 0 
Model_Proj.dat 6 2010 Fabc 0.391786
Model_Proj.dat 6 2010 Fofl 0.484892
Model_Proj.dat 6 2010  F_LCI 0.11267
Model_Proj.dat 6 2010  F_UCI 0.11267
Model_Proj.dat 6 2010  F_Median 0.11267
Model_Proj.dat 6 2010  F_Mean 0.11267
Model_Proj.dat 6 2011 F0 0 
Model_Proj.dat 6 2011 Fabc 0.391786
Model_Proj.dat 6 2011 Fofl 0.484892
Model_Proj.dat 6 2011  F_LCI 0.484892
Model_Proj.dat 6 2011  F_UCI 0.484892
Model_Proj.dat 6 2011  F_Median 0.484892
Model_Proj.dat 6 2011  F_Mean 0.484892
Model_Proj.dat 6 2012 F0 0 
Model_Proj.dat 6 2012 Fabc 0.391786
Model_Proj.dat 6 2012 Fofl 0.484892
Model_Proj.dat 6 2012  F_LCI 0.484892
Model_Proj.dat 6 2012  F_UCI 0.484892
Model_Proj.dat 6 2012  F_Median 0.484892
Model_Proj.dat 6 2012  F_Mean 0.484892
Model_Proj.dat 7 2010 Cabc 34403.7
Model_Proj.dat 7 2010 Cofl 37539.4
Model_Proj.dat 7 2010 CLCI 20127.1
Model_Proj.dat 7 2010 CUCI 20127.1
Model_Proj.dat 7 2010 CMedian 20127.1
Model_Proj.dat 7 2010 CMean 20127.1
Model_Proj.dat 7 2010 CStdn 3.63798e-12
Model_Proj.dat 7 2011 Cabc 34403.7
Model_Proj.dat 7 2011 Cofl 37539.4
Model_Proj.dat 7 2011 CLCI 64317.8
Model_Proj.dat 7 2011 CUCI 64326.8
Model_Proj.dat 7 2011 CMedian 64321.2
Model_Proj.dat 7 2011 CMean 64321.7
Model_Proj.dat 7 2011 CStdn 3.28577
Model_Proj.dat 7 2012 Cabc 34403.7
Model_Proj.dat 7 2012 Cofl 37539.4
Model_Proj.dat 7 2012 CLCI 55200.7
Model_Proj.dat 7 2012 CUCI 55284.6
Model_Proj.dat 7 2012 CMedian 55229.2
Model_Proj.dat 7 2012 CMean 55234.2
Model_Proj.dat 7 2012 CStdn 27.8148
Model_Proj.dat 7 2010 SSBF100 191630
Model_Proj.dat 7 2010 SSBFabc 76652
Model_Proj.dat 7 2010 SSBFofl 67070.5
Model_Proj.dat 7 2010 SSBLCI 155958
Model_Proj.dat 7 2010 SSBUCI 155958
Model_Proj.dat 7 2010 SSBMedian 155958
Model_Proj.dat 7 2010 SSBMean 155958
Model_Proj.dat 7 2011 SSBF100 191630
Model_Proj.dat 7 2011 SSBFabc 76652
Model_Proj.dat 7 2011 SSBFofl 67070.5
Model_Proj.dat 7 2011 SSBLCI 154471
Model_Proj.dat 7 2011 SSBUCI 154481
Model_Proj.dat 7 2011 SSBMedian 154475
Model_Proj.dat 7 2011 SSBMean 154475
Model_Proj.dat 7 2012 SSBF100 191630
Model_Proj.dat 7 2012 SSBFabc 76652
Model_Proj.dat 7 2012 SSBFofl 67070.5
Model_Proj.dat 7 2012 SSBLCI 133712
Model_Proj.dat 7 2012 SSBUCI 133771
Model_Proj.dat 7 2012 SSBMedian 133733
Model_Proj.dat 7 2012 SSBMean 133737
Model_Proj.dat 7 2010 F0 0 
Model_Proj.dat 7 2010 Fabc 0.391786
Model_Proj.dat 7 2010 Fofl 0.484892
Model_Proj.dat 7 2010  F_LCI 0.11267
Model_Proj.dat 7 2010  F_UCI 0.11267
Model_Proj.dat 7 2010  F_Median 0.11267
Model_Proj.dat 7 2010  F_Mean 0.11267
Model_Proj.dat 7 2011 F0 0 
Model_Proj.dat 7 2011 Fabc 0.391786
Model_Proj.dat 7 2011 Fofl 0.484892
Model_Proj.dat 7 2011  F_LCI 0.391785
Model_Proj.dat 7 2011  F_UCI 0.391785
Model_Proj.dat 7 2011  F_Median 0.391785
Model_Proj.dat 7 2011  F_Mean 0.391785
Model_Proj.dat 7 2012 F0 0 
Model_Proj.dat 7 2012 Fabc 0.391786
Model_Proj.dat 7 2012 Fofl 0.484892
Model_Proj.dat 7 2012  F_LCI 0.391785
Model_Proj.dat 7 2012  F_UCI 0.391785
Model_Proj.dat 7 2012  F_Median 0.391785
Model_Proj.dat 7 2012  F_Mean 0.391785
