Model_Proj.dat 1 2020 Cabc 35257.9
Model_Proj.dat 1 2020 Cofl 38422.1
Model_Proj.dat 1 2020 CLCI 9392
Model_Proj.dat 1 2020 CUCI 9392
Model_Proj.dat 1 2020 CMedian 9392
Model_Proj.dat 1 2020 CMean 9392
Model_Proj.dat 1 2020 CStdn 1.81899e-12
Model_Proj.dat 1 2021 Cabc 35257.9
Model_Proj.dat 1 2021 Cofl 38422.1
Model_Proj.dat 1 2021 CLCI 10259
Model_Proj.dat 1 2021 CUCI 10259
Model_Proj.dat 1 2021 CMedian 10259
Model_Proj.dat 1 2021 CMean 10259
Model_Proj.dat 1 2021 CStdn 1.48729e-06
Model_Proj.dat 1 2022 Cabc 35257.9
Model_Proj.dat 1 2022 Cofl 38422.1
Model_Proj.dat 1 2022 CLCI 14240
Model_Proj.dat 1 2022 CUCI 14240
Model_Proj.dat 1 2022 CMedian 14240
Model_Proj.dat 1 2022 CMean 14240
Model_Proj.dat 1 2022 CStdn 9.54112e-06
Model_Proj.dat 1 2023 Cabc 35257.9
Model_Proj.dat 1 2023 Cofl 38422.1
Model_Proj.dat 1 2023 CLCI 11129
Model_Proj.dat 1 2023 CUCI 11129
Model_Proj.dat 1 2023 CMedian 11129
Model_Proj.dat 1 2023 CMean 11129
Model_Proj.dat 1 2023 CStdn 0.000108621
Model_Proj.dat 1 2024 Cabc 35257.9
Model_Proj.dat 1 2024 Cofl 38422.1
Model_Proj.dat 1 2024 CLCI 11129
Model_Proj.dat 1 2024 CUCI 11129
Model_Proj.dat 1 2024 CMedian 11129
Model_Proj.dat 1 2024 CMean 11129
Model_Proj.dat 1 2024 CStdn 0.000369697
Model_Proj.dat 1 2020 SSBF100 203658
Model_Proj.dat 1 2020 SSBFabc 81463.2
Model_Proj.dat 1 2020 SSBFofl 71280.3
Model_Proj.dat 1 2020 SSBLCI 146307
Model_Proj.dat 1 2020 SSBUCI 146307
Model_Proj.dat 1 2020 SSBMedian 146307
Model_Proj.dat 1 2020 SSBMean 146307
Model_Proj.dat 1 2021 SSBF100 203658
Model_Proj.dat 1 2021 SSBFabc 81463.2
Model_Proj.dat 1 2021 SSBFofl 71280.3
Model_Proj.dat 1 2021 SSBLCI 150096
Model_Proj.dat 1 2021 SSBUCI 150107
Model_Proj.dat 1 2021 SSBMedian 150100
Model_Proj.dat 1 2021 SSBMean 150101
Model_Proj.dat 1 2022 SSBF100 203658
Model_Proj.dat 1 2022 SSBFabc 81463.2
Model_Proj.dat 1 2022 SSBFofl 71280.3
Model_Proj.dat 1 2022 SSBLCI 155144
Model_Proj.dat 1 2022 SSBUCI 155203
Model_Proj.dat 1 2022 SSBMedian 155169
Model_Proj.dat 1 2022 SSBMean 155172
Model_Proj.dat 1 2023 SSBF100 203658
Model_Proj.dat 1 2023 SSBFabc 81463.2
Model_Proj.dat 1 2023 SSBFofl 71280.3
Model_Proj.dat 1 2023 SSBLCI 159034
Model_Proj.dat 1 2023 SSBUCI 159279
Model_Proj.dat 1 2023 SSBMedian 159139
Model_Proj.dat 1 2023 SSBMean 159151
Model_Proj.dat 1 2024 SSBF100 203658
Model_Proj.dat 1 2024 SSBFabc 81463.2
Model_Proj.dat 1 2024 SSBFofl 71280.3
Model_Proj.dat 1 2024 SSBLCI 164372
Model_Proj.dat 1 2024 SSBUCI 165204
Model_Proj.dat 1 2024 SSBMedian 164726
Model_Proj.dat 1 2024 SSBMean 164769
Model_Proj.dat 1 2020 F0 0 
Model_Proj.dat 1 2020 Fabc 0.368177
Model_Proj.dat 1 2020 Fofl 0.455889
Model_Proj.dat 1 2020  F_LCI 0.052417
Model_Proj.dat 1 2020  F_UCI 0.052417
Model_Proj.dat 1 2020  F_Median 0.052417
Model_Proj.dat 1 2020  F_Mean 0.052417
Model_Proj.dat 1 2021 F0 0 
Model_Proj.dat 1 2021 Fabc 0.368177
Model_Proj.dat 1 2021 Fofl 0.455889
Model_Proj.dat 1 2021  F_LCI 0.0559894
Model_Proj.dat 1 2021  F_UCI 0.0559966
Model_Proj.dat 1 2021  F_Median 0.0559939
Model_Proj.dat 1 2021  F_Mean 0.0559935
Model_Proj.dat 1 2022 F0 0 
Model_Proj.dat 1 2022 Fabc 0.368177
Model_Proj.dat 1 2022 Fofl 0.455889
Model_Proj.dat 1 2022  F_LCI 0.0759874
Model_Proj.dat 1 2022  F_UCI 0.0760692
Model_Proj.dat 1 2022  F_Median 0.0760387
Model_Proj.dat 1 2022  F_Mean 0.0760326
Model_Proj.dat 1 2023 F0 0 
Model_Proj.dat 1 2023 Fabc 0.368177
Model_Proj.dat 1 2023 Fofl 0.455889
Model_Proj.dat 1 2023  F_LCI 0.0579203
Model_Proj.dat 1 2023  F_UCI 0.0582358
Model_Proj.dat 1 2023  F_Median 0.0581097
Model_Proj.dat 1 2023  F_Mean 0.0580945
Model_Proj.dat 1 2024 F0 0 
Model_Proj.dat 1 2024 Fabc 0.368177
Model_Proj.dat 1 2024 Fofl 0.455889
Model_Proj.dat 1 2024  F_LCI 0.0561197
Model_Proj.dat 1 2024  F_UCI 0.0571199
Model_Proj.dat 1 2024  F_Median 0.0567356
Model_Proj.dat 1 2024  F_Mean 0.0566883
Model_Proj.dat 2 2020 Cabc 35257.9
Model_Proj.dat 2 2020 Cofl 38422.1
Model_Proj.dat 2 2020 CLCI 9392
Model_Proj.dat 2 2020 CUCI 9392
Model_Proj.dat 2 2020 CMedian 9392
Model_Proj.dat 2 2020 CMean 9392
Model_Proj.dat 2 2020 CStdn 1.81899e-12
Model_Proj.dat 2 2021 Cabc 35257.9
Model_Proj.dat 2 2021 Cofl 38422.1
Model_Proj.dat 2 2021 CLCI 10259
Model_Proj.dat 2 2021 CUCI 10259
Model_Proj.dat 2 2021 CMedian 10259
Model_Proj.dat 2 2021 CMean 10259
Model_Proj.dat 2 2021 CStdn 1.48729e-06
Model_Proj.dat 2 2022 Cabc 35257.9
Model_Proj.dat 2 2022 Cofl 38422.1
Model_Proj.dat 2 2022 CLCI 14240
Model_Proj.dat 2 2022 CUCI 14240
Model_Proj.dat 2 2022 CMedian 14240
Model_Proj.dat 2 2022 CMean 14240
Model_Proj.dat 2 2022 CStdn 9.54112e-06
Model_Proj.dat 2 2023 Cabc 35257.9
Model_Proj.dat 2 2023 Cofl 38422.1
Model_Proj.dat 2 2023 CLCI 11129
Model_Proj.dat 2 2023 CUCI 11129
Model_Proj.dat 2 2023 CMedian 11129
Model_Proj.dat 2 2023 CMean 11129
Model_Proj.dat 2 2023 CStdn 0.000108621
Model_Proj.dat 2 2024 Cabc 35257.9
Model_Proj.dat 2 2024 Cofl 38422.1
Model_Proj.dat 2 2024 CLCI 11129
Model_Proj.dat 2 2024 CUCI 11129
Model_Proj.dat 2 2024 CMedian 11129
Model_Proj.dat 2 2024 CMean 11129
Model_Proj.dat 2 2024 CStdn 0.000369697
Model_Proj.dat 2 2020 SSBF100 203658
Model_Proj.dat 2 2020 SSBFabc 81463.2
Model_Proj.dat 2 2020 SSBFofl 71280.3
Model_Proj.dat 2 2020 SSBLCI 146307
Model_Proj.dat 2 2020 SSBUCI 146307
Model_Proj.dat 2 2020 SSBMedian 146307
Model_Proj.dat 2 2020 SSBMean 146307
Model_Proj.dat 2 2021 SSBF100 203658
Model_Proj.dat 2 2021 SSBFabc 81463.2
Model_Proj.dat 2 2021 SSBFofl 71280.3
Model_Proj.dat 2 2021 SSBLCI 150096
Model_Proj.dat 2 2021 SSBUCI 150107
Model_Proj.dat 2 2021 SSBMedian 150100
Model_Proj.dat 2 2021 SSBMean 150101
Model_Proj.dat 2 2022 SSBF100 203658
Model_Proj.dat 2 2022 SSBFabc 81463.2
Model_Proj.dat 2 2022 SSBFofl 71280.3
Model_Proj.dat 2 2022 SSBLCI 155144
Model_Proj.dat 2 2022 SSBUCI 155203
Model_Proj.dat 2 2022 SSBMedian 155169
Model_Proj.dat 2 2022 SSBMean 155172
Model_Proj.dat 2 2023 SSBF100 203658
Model_Proj.dat 2 2023 SSBFabc 81463.2
Model_Proj.dat 2 2023 SSBFofl 71280.3
Model_Proj.dat 2 2023 SSBLCI 159034
Model_Proj.dat 2 2023 SSBUCI 159279
Model_Proj.dat 2 2023 SSBMedian 159139
Model_Proj.dat 2 2023 SSBMean 159151
Model_Proj.dat 2 2024 SSBF100 203658
Model_Proj.dat 2 2024 SSBFabc 81463.2
Model_Proj.dat 2 2024 SSBFofl 71280.3
Model_Proj.dat 2 2024 SSBLCI 164372
Model_Proj.dat 2 2024 SSBUCI 165204
Model_Proj.dat 2 2024 SSBMedian 164726
Model_Proj.dat 2 2024 SSBMean 164769
Model_Proj.dat 2 2020 F0 0 
Model_Proj.dat 2 2020 Fabc 0.368177
Model_Proj.dat 2 2020 Fofl 0.455889
Model_Proj.dat 2 2020  F_LCI 0.052417
Model_Proj.dat 2 2020  F_UCI 0.052417
Model_Proj.dat 2 2020  F_Median 0.052417
Model_Proj.dat 2 2020  F_Mean 0.052417
Model_Proj.dat 2 2021 F0 0 
Model_Proj.dat 2 2021 Fabc 0.368177
Model_Proj.dat 2 2021 Fofl 0.455889
Model_Proj.dat 2 2021  F_LCI 0.0559894
Model_Proj.dat 2 2021  F_UCI 0.0559966
Model_Proj.dat 2 2021  F_Median 0.0559939
Model_Proj.dat 2 2021  F_Mean 0.0559935
Model_Proj.dat 2 2022 F0 0 
Model_Proj.dat 2 2022 Fabc 0.368177
Model_Proj.dat 2 2022 Fofl 0.455889
Model_Proj.dat 2 2022  F_LCI 0.0759874
Model_Proj.dat 2 2022  F_UCI 0.0760692
Model_Proj.dat 2 2022  F_Median 0.0760387
Model_Proj.dat 2 2022  F_Mean 0.0760326
Model_Proj.dat 2 2023 F0 0 
Model_Proj.dat 2 2023 Fabc 0.368177
Model_Proj.dat 2 2023 Fofl 0.455889
Model_Proj.dat 2 2023  F_LCI 0.0579203
Model_Proj.dat 2 2023  F_UCI 0.0582358
Model_Proj.dat 2 2023  F_Median 0.0581097
Model_Proj.dat 2 2023  F_Mean 0.0580945
Model_Proj.dat 2 2024 F0 0 
Model_Proj.dat 2 2024 Fabc 0.368177
Model_Proj.dat 2 2024 Fofl 0.455889
Model_Proj.dat 2 2024  F_LCI 0.0561197
Model_Proj.dat 2 2024  F_UCI 0.0571199
Model_Proj.dat 2 2024  F_Median 0.0567356
Model_Proj.dat 2 2024  F_Mean 0.0566883
Model_Proj.dat 3 2020 Cabc 35257.9
Model_Proj.dat 3 2020 Cofl 38422.1
Model_Proj.dat 3 2020 CLCI 9392
Model_Proj.dat 3 2020 CUCI 9392
Model_Proj.dat 3 2020 CMedian 9392
Model_Proj.dat 3 2020 CMean 9392
Model_Proj.dat 3 2020 CStdn 1.81899e-12
Model_Proj.dat 3 2021 Cabc 35257.9
Model_Proj.dat 3 2021 Cofl 38422.1
Model_Proj.dat 3 2021 CLCI 10259
Model_Proj.dat 3 2021 CUCI 10259
Model_Proj.dat 3 2021 CMedian 10259
Model_Proj.dat 3 2021 CMean 10259
Model_Proj.dat 3 2021 CStdn 1.48729e-06
Model_Proj.dat 3 2022 Cabc 35257.9
Model_Proj.dat 3 2022 Cofl 38422.1
Model_Proj.dat 3 2022 CLCI 14240
Model_Proj.dat 3 2022 CUCI 14240
Model_Proj.dat 3 2022 CMedian 14240
Model_Proj.dat 3 2022 CMean 14240
Model_Proj.dat 3 2022 CStdn 9.54112e-06
Model_Proj.dat 3 2023 Cabc 35257.9
Model_Proj.dat 3 2023 Cofl 38422.1
Model_Proj.dat 3 2023 CLCI 11129
Model_Proj.dat 3 2023 CUCI 11129
Model_Proj.dat 3 2023 CMedian 11129
Model_Proj.dat 3 2023 CMean 11129
Model_Proj.dat 3 2023 CStdn 0.000108621
Model_Proj.dat 3 2024 Cabc 35257.9
Model_Proj.dat 3 2024 Cofl 38422.1
Model_Proj.dat 3 2024 CLCI 11129
Model_Proj.dat 3 2024 CUCI 11129
Model_Proj.dat 3 2024 CMedian 11129
Model_Proj.dat 3 2024 CMean 11129
Model_Proj.dat 3 2024 CStdn 0.000369697
Model_Proj.dat 3 2020 SSBF100 203658
Model_Proj.dat 3 2020 SSBFabc 81463.2
Model_Proj.dat 3 2020 SSBFofl 71280.3
Model_Proj.dat 3 2020 SSBLCI 146307
Model_Proj.dat 3 2020 SSBUCI 146307
Model_Proj.dat 3 2020 SSBMedian 146307
Model_Proj.dat 3 2020 SSBMean 146307
Model_Proj.dat 3 2021 SSBF100 203658
Model_Proj.dat 3 2021 SSBFabc 81463.2
Model_Proj.dat 3 2021 SSBFofl 71280.3
Model_Proj.dat 3 2021 SSBLCI 150096
Model_Proj.dat 3 2021 SSBUCI 150107
Model_Proj.dat 3 2021 SSBMedian 150100
Model_Proj.dat 3 2021 SSBMean 150101
Model_Proj.dat 3 2022 SSBF100 203658
Model_Proj.dat 3 2022 SSBFabc 81463.2
Model_Proj.dat 3 2022 SSBFofl 71280.3
Model_Proj.dat 3 2022 SSBLCI 155144
Model_Proj.dat 3 2022 SSBUCI 155203
Model_Proj.dat 3 2022 SSBMedian 155169
Model_Proj.dat 3 2022 SSBMean 155172
Model_Proj.dat 3 2023 SSBF100 203658
Model_Proj.dat 3 2023 SSBFabc 81463.2
Model_Proj.dat 3 2023 SSBFofl 71280.3
Model_Proj.dat 3 2023 SSBLCI 159034
Model_Proj.dat 3 2023 SSBUCI 159279
Model_Proj.dat 3 2023 SSBMedian 159139
Model_Proj.dat 3 2023 SSBMean 159151
Model_Proj.dat 3 2024 SSBF100 203658
Model_Proj.dat 3 2024 SSBFabc 81463.2
Model_Proj.dat 3 2024 SSBFofl 71280.3
Model_Proj.dat 3 2024 SSBLCI 164372
Model_Proj.dat 3 2024 SSBUCI 165204
Model_Proj.dat 3 2024 SSBMedian 164726
Model_Proj.dat 3 2024 SSBMean 164769
Model_Proj.dat 3 2020 F0 0 
Model_Proj.dat 3 2020 Fabc 0.368177
Model_Proj.dat 3 2020 Fofl 0.455889
Model_Proj.dat 3 2020  F_LCI 0.052417
Model_Proj.dat 3 2020  F_UCI 0.052417
Model_Proj.dat 3 2020  F_Median 0.052417
Model_Proj.dat 3 2020  F_Mean 0.052417
Model_Proj.dat 3 2021 F0 0 
Model_Proj.dat 3 2021 Fabc 0.368177
Model_Proj.dat 3 2021 Fofl 0.455889
Model_Proj.dat 3 2021  F_LCI 0.0559894
Model_Proj.dat 3 2021  F_UCI 0.0559966
Model_Proj.dat 3 2021  F_Median 0.0559939
Model_Proj.dat 3 2021  F_Mean 0.0559935
Model_Proj.dat 3 2022 F0 0 
Model_Proj.dat 3 2022 Fabc 0.368177
Model_Proj.dat 3 2022 Fofl 0.455889
Model_Proj.dat 3 2022  F_LCI 0.0759874
Model_Proj.dat 3 2022  F_UCI 0.0760692
Model_Proj.dat 3 2022  F_Median 0.0760387
Model_Proj.dat 3 2022  F_Mean 0.0760326
Model_Proj.dat 3 2023 F0 0 
Model_Proj.dat 3 2023 Fabc 0.368177
Model_Proj.dat 3 2023 Fofl 0.455889
Model_Proj.dat 3 2023  F_LCI 0.0579203
Model_Proj.dat 3 2023  F_UCI 0.0582358
Model_Proj.dat 3 2023  F_Median 0.0581097
Model_Proj.dat 3 2023  F_Mean 0.0580945
Model_Proj.dat 3 2024 F0 0 
Model_Proj.dat 3 2024 Fabc 0.368177
Model_Proj.dat 3 2024 Fofl 0.455889
Model_Proj.dat 3 2024  F_LCI 0.0561197
Model_Proj.dat 3 2024  F_UCI 0.0571199
Model_Proj.dat 3 2024  F_Median 0.0567356
Model_Proj.dat 3 2024  F_Mean 0.0566883
Model_Proj.dat 4 2020 Cabc 35257.9
Model_Proj.dat 4 2020 Cofl 38422.1
Model_Proj.dat 4 2020 CLCI 9392
Model_Proj.dat 4 2020 CUCI 9392
Model_Proj.dat 4 2020 CMedian 9392
Model_Proj.dat 4 2020 CMean 9392
Model_Proj.dat 4 2020 CStdn 1.81899e-12
Model_Proj.dat 4 2021 Cabc 35257.9
Model_Proj.dat 4 2021 Cofl 38422.1
Model_Proj.dat 4 2021 CLCI 10259
Model_Proj.dat 4 2021 CUCI 10259
Model_Proj.dat 4 2021 CMedian 10259
Model_Proj.dat 4 2021 CMean 10259
Model_Proj.dat 4 2021 CStdn 1.48729e-06
Model_Proj.dat 4 2022 Cabc 35257.9
Model_Proj.dat 4 2022 Cofl 38422.1
Model_Proj.dat 4 2022 CLCI 14240
Model_Proj.dat 4 2022 CUCI 14240
Model_Proj.dat 4 2022 CMedian 14240
Model_Proj.dat 4 2022 CMean 14240
Model_Proj.dat 4 2022 CStdn 9.54112e-06
Model_Proj.dat 4 2023 Cabc 35257.9
Model_Proj.dat 4 2023 Cofl 38422.1
Model_Proj.dat 4 2023 CLCI 11129
Model_Proj.dat 4 2023 CUCI 11129
Model_Proj.dat 4 2023 CMedian 11129
Model_Proj.dat 4 2023 CMean 11129
Model_Proj.dat 4 2023 CStdn 0.000108621
Model_Proj.dat 4 2024 Cabc 35257.9
Model_Proj.dat 4 2024 Cofl 38422.1
Model_Proj.dat 4 2024 CLCI 11129
Model_Proj.dat 4 2024 CUCI 11129
Model_Proj.dat 4 2024 CMedian 11129
Model_Proj.dat 4 2024 CMean 11129
Model_Proj.dat 4 2024 CStdn 0.000369697
Model_Proj.dat 4 2020 SSBF100 203658
Model_Proj.dat 4 2020 SSBFabc 81463.2
Model_Proj.dat 4 2020 SSBFofl 71280.3
Model_Proj.dat 4 2020 SSBLCI 146307
Model_Proj.dat 4 2020 SSBUCI 146307
Model_Proj.dat 4 2020 SSBMedian 146307
Model_Proj.dat 4 2020 SSBMean 146307
Model_Proj.dat 4 2021 SSBF100 203658
Model_Proj.dat 4 2021 SSBFabc 81463.2
Model_Proj.dat 4 2021 SSBFofl 71280.3
Model_Proj.dat 4 2021 SSBLCI 150096
Model_Proj.dat 4 2021 SSBUCI 150107
Model_Proj.dat 4 2021 SSBMedian 150100
Model_Proj.dat 4 2021 SSBMean 150101
Model_Proj.dat 4 2022 SSBF100 203658
Model_Proj.dat 4 2022 SSBFabc 81463.2
Model_Proj.dat 4 2022 SSBFofl 71280.3
Model_Proj.dat 4 2022 SSBLCI 155144
Model_Proj.dat 4 2022 SSBUCI 155203
Model_Proj.dat 4 2022 SSBMedian 155169
Model_Proj.dat 4 2022 SSBMean 155172
Model_Proj.dat 4 2023 SSBF100 203658
Model_Proj.dat 4 2023 SSBFabc 81463.2
Model_Proj.dat 4 2023 SSBFofl 71280.3
Model_Proj.dat 4 2023 SSBLCI 159034
Model_Proj.dat 4 2023 SSBUCI 159279
Model_Proj.dat 4 2023 SSBMedian 159139
Model_Proj.dat 4 2023 SSBMean 159151
Model_Proj.dat 4 2024 SSBF100 203658
Model_Proj.dat 4 2024 SSBFabc 81463.2
Model_Proj.dat 4 2024 SSBFofl 71280.3
Model_Proj.dat 4 2024 SSBLCI 164372
Model_Proj.dat 4 2024 SSBUCI 165204
Model_Proj.dat 4 2024 SSBMedian 164726
Model_Proj.dat 4 2024 SSBMean 164769
Model_Proj.dat 4 2020 F0 0 
Model_Proj.dat 4 2020 Fabc 0.368177
Model_Proj.dat 4 2020 Fofl 0.455889
Model_Proj.dat 4 2020  F_LCI 0.052417
Model_Proj.dat 4 2020  F_UCI 0.052417
Model_Proj.dat 4 2020  F_Median 0.052417
Model_Proj.dat 4 2020  F_Mean 0.052417
Model_Proj.dat 4 2021 F0 0 
Model_Proj.dat 4 2021 Fabc 0.368177
Model_Proj.dat 4 2021 Fofl 0.455889
Model_Proj.dat 4 2021  F_LCI 0.0559894
Model_Proj.dat 4 2021  F_UCI 0.0559966
Model_Proj.dat 4 2021  F_Median 0.0559939
Model_Proj.dat 4 2021  F_Mean 0.0559935
Model_Proj.dat 4 2022 F0 0 
Model_Proj.dat 4 2022 Fabc 0.368177
Model_Proj.dat 4 2022 Fofl 0.455889
Model_Proj.dat 4 2022  F_LCI 0.0759874
Model_Proj.dat 4 2022  F_UCI 0.0760692
Model_Proj.dat 4 2022  F_Median 0.0760387
Model_Proj.dat 4 2022  F_Mean 0.0760326
Model_Proj.dat 4 2023 F0 0 
Model_Proj.dat 4 2023 Fabc 0.368177
Model_Proj.dat 4 2023 Fofl 0.455889
Model_Proj.dat 4 2023  F_LCI 0.0579203
Model_Proj.dat 4 2023  F_UCI 0.0582358
Model_Proj.dat 4 2023  F_Median 0.0581097
Model_Proj.dat 4 2023  F_Mean 0.0580945
Model_Proj.dat 4 2024 F0 0 
Model_Proj.dat 4 2024 Fabc 0.368177
Model_Proj.dat 4 2024 Fofl 0.455889
Model_Proj.dat 4 2024  F_LCI 0.0561197
Model_Proj.dat 4 2024  F_UCI 0.0571199
Model_Proj.dat 4 2024  F_Median 0.0567356
Model_Proj.dat 4 2024  F_Mean 0.0566883
Model_Proj.dat 5 2020 Cabc 35257.9
Model_Proj.dat 5 2020 Cofl 38422.1
Model_Proj.dat 5 2020 CLCI 9392
Model_Proj.dat 5 2020 CUCI 9392
Model_Proj.dat 5 2020 CMedian 9392
Model_Proj.dat 5 2020 CMean 9392
Model_Proj.dat 5 2020 CStdn 1.81899e-12
Model_Proj.dat 5 2021 Cabc 35257.9
Model_Proj.dat 5 2021 Cofl 38422.1
Model_Proj.dat 5 2021 CLCI 10259
Model_Proj.dat 5 2021 CUCI 10259
Model_Proj.dat 5 2021 CMedian 10259
Model_Proj.dat 5 2021 CMean 10259
Model_Proj.dat 5 2021 CStdn 1.48729e-06
Model_Proj.dat 5 2022 Cabc 35257.9
Model_Proj.dat 5 2022 Cofl 38422.1
Model_Proj.dat 5 2022 CLCI 14240
Model_Proj.dat 5 2022 CUCI 14240
Model_Proj.dat 5 2022 CMedian 14240
Model_Proj.dat 5 2022 CMean 14240
Model_Proj.dat 5 2022 CStdn 9.54112e-06
Model_Proj.dat 5 2023 Cabc 35257.9
Model_Proj.dat 5 2023 Cofl 38422.1
Model_Proj.dat 5 2023 CLCI 11129
Model_Proj.dat 5 2023 CUCI 11129
Model_Proj.dat 5 2023 CMedian 11129
Model_Proj.dat 5 2023 CMean 11129
Model_Proj.dat 5 2023 CStdn 0.000108621
Model_Proj.dat 5 2024 Cabc 35257.9
Model_Proj.dat 5 2024 Cofl 38422.1
Model_Proj.dat 5 2024 CLCI 11129
Model_Proj.dat 5 2024 CUCI 11129
Model_Proj.dat 5 2024 CMedian 11129
Model_Proj.dat 5 2024 CMean 11129
Model_Proj.dat 5 2024 CStdn 0.000369697
Model_Proj.dat 5 2020 SSBF100 203658
Model_Proj.dat 5 2020 SSBFabc 81463.2
Model_Proj.dat 5 2020 SSBFofl 71280.3
Model_Proj.dat 5 2020 SSBLCI 146307
Model_Proj.dat 5 2020 SSBUCI 146307
Model_Proj.dat 5 2020 SSBMedian 146307
Model_Proj.dat 5 2020 SSBMean 146307
Model_Proj.dat 5 2021 SSBF100 203658
Model_Proj.dat 5 2021 SSBFabc 81463.2
Model_Proj.dat 5 2021 SSBFofl 71280.3
Model_Proj.dat 5 2021 SSBLCI 150096
Model_Proj.dat 5 2021 SSBUCI 150107
Model_Proj.dat 5 2021 SSBMedian 150100
Model_Proj.dat 5 2021 SSBMean 150101
Model_Proj.dat 5 2022 SSBF100 203658
Model_Proj.dat 5 2022 SSBFabc 81463.2
Model_Proj.dat 5 2022 SSBFofl 71280.3
Model_Proj.dat 5 2022 SSBLCI 155144
Model_Proj.dat 5 2022 SSBUCI 155203
Model_Proj.dat 5 2022 SSBMedian 155169
Model_Proj.dat 5 2022 SSBMean 155172
Model_Proj.dat 5 2023 SSBF100 203658
Model_Proj.dat 5 2023 SSBFabc 81463.2
Model_Proj.dat 5 2023 SSBFofl 71280.3
Model_Proj.dat 5 2023 SSBLCI 159034
Model_Proj.dat 5 2023 SSBUCI 159279
Model_Proj.dat 5 2023 SSBMedian 159139
Model_Proj.dat 5 2023 SSBMean 159151
Model_Proj.dat 5 2024 SSBF100 203658
Model_Proj.dat 5 2024 SSBFabc 81463.2
Model_Proj.dat 5 2024 SSBFofl 71280.3
Model_Proj.dat 5 2024 SSBLCI 164372
Model_Proj.dat 5 2024 SSBUCI 165204
Model_Proj.dat 5 2024 SSBMedian 164726
Model_Proj.dat 5 2024 SSBMean 164769
Model_Proj.dat 5 2020 F0 0 
Model_Proj.dat 5 2020 Fabc 0.368177
Model_Proj.dat 5 2020 Fofl 0.455889
Model_Proj.dat 5 2020  F_LCI 0.052417
Model_Proj.dat 5 2020  F_UCI 0.052417
Model_Proj.dat 5 2020  F_Median 0.052417
Model_Proj.dat 5 2020  F_Mean 0.052417
Model_Proj.dat 5 2021 F0 0 
Model_Proj.dat 5 2021 Fabc 0.368177
Model_Proj.dat 5 2021 Fofl 0.455889
Model_Proj.dat 5 2021  F_LCI 0.0559894
Model_Proj.dat 5 2021  F_UCI 0.0559966
Model_Proj.dat 5 2021  F_Median 0.0559939
Model_Proj.dat 5 2021  F_Mean 0.0559935
Model_Proj.dat 5 2022 F0 0 
Model_Proj.dat 5 2022 Fabc 0.368177
Model_Proj.dat 5 2022 Fofl 0.455889
Model_Proj.dat 5 2022  F_LCI 0.0759874
Model_Proj.dat 5 2022  F_UCI 0.0760692
Model_Proj.dat 5 2022  F_Median 0.0760387
Model_Proj.dat 5 2022  F_Mean 0.0760326
Model_Proj.dat 5 2023 F0 0 
Model_Proj.dat 5 2023 Fabc 0.368177
Model_Proj.dat 5 2023 Fofl 0.455889
Model_Proj.dat 5 2023  F_LCI 0.0579203
Model_Proj.dat 5 2023  F_UCI 0.0582358
Model_Proj.dat 5 2023  F_Median 0.0581097
Model_Proj.dat 5 2023  F_Mean 0.0580945
Model_Proj.dat 5 2024 F0 0 
Model_Proj.dat 5 2024 Fabc 0.368177
Model_Proj.dat 5 2024 Fofl 0.455889
Model_Proj.dat 5 2024  F_LCI 0.0561197
Model_Proj.dat 5 2024  F_UCI 0.0571199
Model_Proj.dat 5 2024  F_Median 0.0567356
Model_Proj.dat 5 2024  F_Mean 0.0566883
Model_Proj.dat 6 2020 Cabc 35257.9
Model_Proj.dat 6 2020 Cofl 38422.1
Model_Proj.dat 6 2020 CLCI 9392
Model_Proj.dat 6 2020 CUCI 9392
Model_Proj.dat 6 2020 CMedian 9392
Model_Proj.dat 6 2020 CMean 9392
Model_Proj.dat 6 2020 CStdn 1.81899e-12
Model_Proj.dat 6 2021 Cabc 35257.9
Model_Proj.dat 6 2021 Cofl 38422.1
Model_Proj.dat 6 2021 CLCI 75713.8
Model_Proj.dat 6 2021 CUCI 75724.1
Model_Proj.dat 6 2021 CMedian 75717.9
Model_Proj.dat 6 2021 CMean 75718.5
Model_Proj.dat 6 2021 CStdn 3.68384
Model_Proj.dat 6 2022 Cabc 35257.9
Model_Proj.dat 6 2022 Cofl 38422.1
Model_Proj.dat 6 2022 CLCI 65189.3
Model_Proj.dat 6 2022 CUCI 65281.1
Model_Proj.dat 6 2022 CMedian 65225
Model_Proj.dat 6 2022 CMean 65231.7
Model_Proj.dat 6 2022 CStdn 31.7059
Model_Proj.dat 6 2023 Cabc 35257.9
Model_Proj.dat 6 2023 Cofl 38422.1
Model_Proj.dat 6 2023 CLCI 57997.3
Model_Proj.dat 6 2023 CUCI 58435.2
Model_Proj.dat 6 2023 CMedian 58181.6
Model_Proj.dat 6 2023 CMean 58204.9
Model_Proj.dat 6 2023 CStdn 152.018
Model_Proj.dat 6 2024 Cabc 35257.9
Model_Proj.dat 6 2024 Cofl 38422.1
Model_Proj.dat 6 2024 CLCI 52563.6
Model_Proj.dat 6 2024 CUCI 54044.1
Model_Proj.dat 6 2024 CMedian 53186
Model_Proj.dat 6 2024 CMean 53265.5
Model_Proj.dat 6 2024 CStdn 486.565
Model_Proj.dat 6 2020 SSBF100 203658
Model_Proj.dat 6 2020 SSBFabc 81463.2
Model_Proj.dat 6 2020 SSBFofl 71280.3
Model_Proj.dat 6 2020 SSBLCI 146307
Model_Proj.dat 6 2020 SSBUCI 146307
Model_Proj.dat 6 2020 SSBMedian 146307
Model_Proj.dat 6 2020 SSBMean 146307
Model_Proj.dat 6 2021 SSBF100 203658
Model_Proj.dat 6 2021 SSBFabc 81463.2
Model_Proj.dat 6 2021 SSBFofl 71280.3
Model_Proj.dat 6 2021 SSBLCI 150096
Model_Proj.dat 6 2021 SSBUCI 150107
Model_Proj.dat 6 2021 SSBMedian 150100
Model_Proj.dat 6 2021 SSBMean 150101
Model_Proj.dat 6 2022 SSBF100 203658
Model_Proj.dat 6 2022 SSBFabc 81463.2
Model_Proj.dat 6 2022 SSBFofl 71280.3
Model_Proj.dat 6 2022 SSBLCI 126184
Model_Proj.dat 6 2022 SSBUCI 126243
Model_Proj.dat 6 2022 SSBMedian 126209
Model_Proj.dat 6 2022 SSBMean 126212
Model_Proj.dat 6 2023 SSBF100 203658
Model_Proj.dat 6 2023 SSBFabc 81463.2
Model_Proj.dat 6 2023 SSBFofl 71280.3
Model_Proj.dat 6 2023 SSBLCI 110909
Model_Proj.dat 6 2023 SSBUCI 111146
Model_Proj.dat 6 2023 SSBMedian 111010
Model_Proj.dat 6 2023 SSBMean 111022
Model_Proj.dat 6 2024 SSBF100 203658
Model_Proj.dat 6 2024 SSBFabc 81463.2
Model_Proj.dat 6 2024 SSBFofl 71280.3
Model_Proj.dat 6 2024 SSBLCI 100865
Model_Proj.dat 6 2024 SSBUCI 101662
Model_Proj.dat 6 2024 SSBMedian 101204
Model_Proj.dat 6 2024 SSBMean 101245
Model_Proj.dat 6 2020 F0 0 
Model_Proj.dat 6 2020 Fabc 0.368177
Model_Proj.dat 6 2020 Fofl 0.455889
Model_Proj.dat 6 2020  F_LCI 0.052417
Model_Proj.dat 6 2020  F_UCI 0.052417
Model_Proj.dat 6 2020  F_Median 0.052417
Model_Proj.dat 6 2020  F_Mean 0.052417
Model_Proj.dat 6 2021 F0 0 
Model_Proj.dat 6 2021 Fabc 0.368177
Model_Proj.dat 6 2021 Fofl 0.455889
Model_Proj.dat 6 2021  F_LCI 0.455889
Model_Proj.dat 6 2021  F_UCI 0.455889
Model_Proj.dat 6 2021  F_Median 0.455889
Model_Proj.dat 6 2021  F_Mean 0.455889
Model_Proj.dat 6 2022 F0 0 
Model_Proj.dat 6 2022 Fabc 0.368177
Model_Proj.dat 6 2022 Fofl 0.455889
Model_Proj.dat 6 2022  F_LCI 0.455889
Model_Proj.dat 6 2022  F_UCI 0.455889
Model_Proj.dat 6 2022  F_Median 0.455889
Model_Proj.dat 6 2022  F_Mean 0.455889
Model_Proj.dat 6 2023 F0 0 
Model_Proj.dat 6 2023 Fabc 0.368177
Model_Proj.dat 6 2023 Fofl 0.455889
Model_Proj.dat 6 2023  F_LCI 0.455889
Model_Proj.dat 6 2023  F_UCI 0.455889
Model_Proj.dat 6 2023  F_Median 0.455889
Model_Proj.dat 6 2023  F_Mean 0.455889
Model_Proj.dat 6 2024 F0 0 
Model_Proj.dat 6 2024 Fabc 0.368177
Model_Proj.dat 6 2024 Fofl 0.455889
Model_Proj.dat 6 2024  F_LCI 0.455889
Model_Proj.dat 6 2024  F_UCI 0.455889
Model_Proj.dat 6 2024  F_Median 0.455889
Model_Proj.dat 6 2024  F_Mean 0.455889
Model_Proj.dat 7 2020 Cabc 35257.9
Model_Proj.dat 7 2020 Cofl 38422.1
Model_Proj.dat 7 2020 CLCI 9392
Model_Proj.dat 7 2020 CUCI 9392
Model_Proj.dat 7 2020 CMedian 9392
Model_Proj.dat 7 2020 CMean 9392
Model_Proj.dat 7 2020 CStdn 1.81899e-12
Model_Proj.dat 7 2021 Cabc 35257.9
Model_Proj.dat 7 2021 Cofl 38422.1
Model_Proj.dat 7 2021 CLCI 62444
Model_Proj.dat 7 2021 CUCI 62452.3
Model_Proj.dat 7 2021 CMedian 62447.3
Model_Proj.dat 7 2021 CMean 62447.8
Model_Proj.dat 7 2021 CStdn 2.97521
Model_Proj.dat 7 2022 Cabc 35257.9
Model_Proj.dat 7 2022 Cofl 38422.1
Model_Proj.dat 7 2022 CLCI 55793.8
Model_Proj.dat 7 2022 CUCI 55867.9
Model_Proj.dat 7 2022 CMedian 55822.6
Model_Proj.dat 7 2022 CMean 55828
Model_Proj.dat 7 2022 CStdn 25.6139
Model_Proj.dat 7 2023 Cabc 35257.9
Model_Proj.dat 7 2023 Cofl 38422.1
Model_Proj.dat 7 2023 CLCI 61995.8
Model_Proj.dat 7 2023 CUCI 62433.9
Model_Proj.dat 7 2023 CMedian 62180.2
Model_Proj.dat 7 2023 CMean 62203.5
Model_Proj.dat 7 2023 CStdn 152.099
Model_Proj.dat 7 2024 Cabc 35257.9
Model_Proj.dat 7 2024 Cofl 38422.1
Model_Proj.dat 7 2024 CLCI 55419.9
Model_Proj.dat 7 2024 CUCI 56901.1
Model_Proj.dat 7 2024 CMedian 56042.6
Model_Proj.dat 7 2024 CMean 56122.1
Model_Proj.dat 7 2024 CStdn 486.805
Model_Proj.dat 7 2020 SSBF100 203658
Model_Proj.dat 7 2020 SSBFabc 81463.2
Model_Proj.dat 7 2020 SSBFofl 71280.3
Model_Proj.dat 7 2020 SSBLCI 146307
Model_Proj.dat 7 2020 SSBUCI 146307
Model_Proj.dat 7 2020 SSBMedian 146307
Model_Proj.dat 7 2020 SSBMean 146307
Model_Proj.dat 7 2021 SSBF100 203658
Model_Proj.dat 7 2021 SSBFabc 81463.2
Model_Proj.dat 7 2021 SSBFofl 71280.3
Model_Proj.dat 7 2021 SSBLCI 150096
Model_Proj.dat 7 2021 SSBUCI 150107
Model_Proj.dat 7 2021 SSBMedian 150100
Model_Proj.dat 7 2021 SSBMean 150101
Model_Proj.dat 7 2022 SSBF100 203658
Model_Proj.dat 7 2022 SSBFabc 81463.2
Model_Proj.dat 7 2022 SSBFofl 71280.3
Model_Proj.dat 7 2022 SSBLCI 131919
Model_Proj.dat 7 2022 SSBUCI 131978
Model_Proj.dat 7 2022 SSBMedian 131944
Model_Proj.dat 7 2022 SSBMean 131947
Model_Proj.dat 7 2023 SSBF100 203658
Model_Proj.dat 7 2023 SSBFabc 81463.2
Model_Proj.dat 7 2023 SSBFofl 71280.3
Model_Proj.dat 7 2023 SSBLCI 119875
Model_Proj.dat 7 2023 SSBUCI 120113
Model_Proj.dat 7 2023 SSBMedian 119977
Model_Proj.dat 7 2023 SSBMean 119989
Model_Proj.dat 7 2024 SSBF100 203658
Model_Proj.dat 7 2024 SSBFabc 81463.2
Model_Proj.dat 7 2024 SSBFofl 71280.3
Model_Proj.dat 7 2024 SSBLCI 107190
Model_Proj.dat 7 2024 SSBUCI 107987
Model_Proj.dat 7 2024 SSBMedian 107529
Model_Proj.dat 7 2024 SSBMean 107570
Model_Proj.dat 7 2020 F0 0 
Model_Proj.dat 7 2020 Fabc 0.368177
Model_Proj.dat 7 2020 Fofl 0.455889
Model_Proj.dat 7 2020  F_LCI 0.052417
Model_Proj.dat 7 2020  F_UCI 0.052417
Model_Proj.dat 7 2020  F_Median 0.052417
Model_Proj.dat 7 2020  F_Mean 0.052417
Model_Proj.dat 7 2021 F0 0 
Model_Proj.dat 7 2021 Fabc 0.368177
Model_Proj.dat 7 2021 Fofl 0.455889
Model_Proj.dat 7 2021  F_LCI 0.368177
Model_Proj.dat 7 2021  F_UCI 0.368177
Model_Proj.dat 7 2021  F_Median 0.368177
Model_Proj.dat 7 2021  F_Mean 0.368177
Model_Proj.dat 7 2022 F0 0 
Model_Proj.dat 7 2022 Fabc 0.368177
Model_Proj.dat 7 2022 Fofl 0.455889
Model_Proj.dat 7 2022  F_LCI 0.368177
Model_Proj.dat 7 2022  F_UCI 0.368177
Model_Proj.dat 7 2022  F_Median 0.368177
Model_Proj.dat 7 2022  F_Mean 0.368177
Model_Proj.dat 7 2023 F0 0 
Model_Proj.dat 7 2023 Fabc 0.368177
Model_Proj.dat 7 2023 Fofl 0.455889
Model_Proj.dat 7 2023  F_LCI 0.455889
Model_Proj.dat 7 2023  F_UCI 0.455889
Model_Proj.dat 7 2023  F_Median 0.455889
Model_Proj.dat 7 2023  F_Mean 0.455889
Model_Proj.dat 7 2024 F0 0 
Model_Proj.dat 7 2024 Fabc 0.368177
Model_Proj.dat 7 2024 Fofl 0.455889
Model_Proj.dat 7 2024  F_LCI 0.455889
Model_Proj.dat 7 2024  F_UCI 0.455889
Model_Proj.dat 7 2024  F_Median 0.455889
Model_Proj.dat 7 2024  F_Mean 0.455889
