
SB0 SB40 SB35 MeanRec HarMeanRec Bnow
203658 81463.2 71280.3 463674 372910 146307 
CV Recruit
0.493348 
Alternative 1 Alternative  Stock: Model_Proj.dat
Catch Model_Proj.dat
Year C0 Cabc Cofl LowCI_Catch Median_Catch Mean_Catch UpperCI_Catch Stdev_Catch 
2020  0 35257.9 38422.1 9392 9392 9392 9392 1.81899e-12 
2021  0 35257.9 38422.1 10259 10259 10259 10259 1.48729e-06 
2022  0 35257.9 38422.1 14240 14240 14240 14240 9.54112e-06 
2023  0 35257.9 38422.1 11129 11129 11129 11129 0.000108621 
2024  0 35257.9 38422.1 11129 11129 11129 11129 0.000369697 

Spawning_Biomass Model_Proj.dat
Year SSB100 SSBabc SSBofl LowCI_SSB Median_SSB Mean_SSB UpperCI_SSB Stdev_SSB 
2020 203658 81463.2 71280.3 146307 146307 146307 146307 2.91038e-10 
2021 203658 81463.2 71280.3 150096 150100 150101 150107 3.89223 
2022 203658 81463.2 71280.3 155144 155169 155172 155203 20.6913 
2023 203658 81463.2 71280.3 159034 159139 159151 159279 82.7662 
2024 203658 81463.2 71280.3 164372 164726 164769 165204 276.719 

Fishing_mortalityModel_Proj.dat
Year F0 Fabc Fofl LowCI_F Median_F Mean_F UpperCI_F Stdev_F 
2020  0 0.368177 0.455889 0.052417 0.052417 0.052417 0.052417 4.85723e-17 
2021  0 0.368177 0.455889 0.0559894 0.0559939 0.0559935 0.0559966 2.50551e-06 
2022  0 0.368177 0.455889 0.0759874 0.0760387 0.0760326 0.0760692 2.89031e-05 
2023  0 0.368177 0.455889 0.0579203 0.0581097 0.0580945 0.0582358 0.000103924 
2024  0 0.368177 0.455889 0.0561197 0.0567356 0.0566883 0.0571199 0.00032048 

Total_BiomassModel_Proj.dat
Year B100 Babc Bofl LowCI_Biom Median_Biom Mean_Biom UpperCI_Biom Stdev_Biom 
2020 1.29971e+06 430635 409759 591002 591002 591002 591002 9.31323e-10 
2021 1.29971e+06 430635 409759 592260 599921 601154 611574 6947.54 
2022 1.29971e+06 430635 409759 586083 605842 607494 634338 14595.6 
2023 1.29971e+06 430635 409759 572603 604417 606894 643806 23009.6 
2024 1.29971e+06 430635 409759 562546 605634 606407 658608 31431.2 
Alternative 2 Alternative  Stock: Model_Proj.dat
Catch Model_Proj.dat
Year C0 Cabc Cofl LowCI_Catch Median_Catch Mean_Catch UpperCI_Catch Stdev_Catch 
2020  0 35257.9 38422.1 9392 9392 9392 9392 1.81899e-12 
2021  0 35257.9 38422.1 10259 10259 10259 10259 1.48729e-06 
2022  0 35257.9 38422.1 14240 14240 14240 14240 9.54112e-06 
2023  0 35257.9 38422.1 11129 11129 11129 11129 0.000108621 
2024  0 35257.9 38422.1 11129 11129 11129 11129 0.000369697 

Spawning_Biomass Model_Proj.dat
Year SSB100 SSBabc SSBofl LowCI_SSB Median_SSB Mean_SSB UpperCI_SSB Stdev_SSB 
2020 203658 81463.2 71280.3 146307 146307 146307 146307 2.91038e-10 
2021 203658 81463.2 71280.3 150096 150100 150101 150107 3.89223 
2022 203658 81463.2 71280.3 155144 155169 155172 155203 20.6913 
2023 203658 81463.2 71280.3 159034 159139 159151 159279 82.7662 
2024 203658 81463.2 71280.3 164372 164726 164769 165204 276.719 

Fishing_mortalityModel_Proj.dat
Year F0 Fabc Fofl LowCI_F Median_F Mean_F UpperCI_F Stdev_F 
2020  0 0.368177 0.455889 0.052417 0.052417 0.052417 0.052417 4.85723e-17 
2021  0 0.368177 0.455889 0.0559894 0.0559939 0.0559935 0.0559966 2.50551e-06 
2022  0 0.368177 0.455889 0.0759874 0.0760387 0.0760326 0.0760692 2.89031e-05 
2023  0 0.368177 0.455889 0.0579203 0.0581097 0.0580945 0.0582358 0.000103924 
2024  0 0.368177 0.455889 0.0561197 0.0567356 0.0566883 0.0571199 0.00032048 

Total_BiomassModel_Proj.dat
Year B100 Babc Bofl LowCI_Biom Median_Biom Mean_Biom UpperCI_Biom Stdev_Biom 
2020 1.29971e+06 430635 409759 591002 591002 591002 591002 9.31323e-10 
2021 1.29971e+06 430635 409759 592260 599921 601154 611574 6947.54 
2022 1.29971e+06 430635 409759 586083 605842 607494 634338 14595.6 
2023 1.29971e+06 430635 409759 572603 604417 606894 643806 23009.6 
2024 1.29971e+06 430635 409759 562546 605634 606407 658608 31431.2 
Alternative 3 Alternative  Stock: Model_Proj.dat
Catch Model_Proj.dat
Year C0 Cabc Cofl LowCI_Catch Median_Catch Mean_Catch UpperCI_Catch Stdev_Catch 
2020  0 35257.9 38422.1 9392 9392 9392 9392 1.81899e-12 
2021  0 35257.9 38422.1 10259 10259 10259 10259 1.48729e-06 
2022  0 35257.9 38422.1 14240 14240 14240 14240 9.54112e-06 
2023  0 35257.9 38422.1 11129 11129 11129 11129 0.000108621 
2024  0 35257.9 38422.1 11129 11129 11129 11129 0.000369697 

Spawning_Biomass Model_Proj.dat
Year SSB100 SSBabc SSBofl LowCI_SSB Median_SSB Mean_SSB UpperCI_SSB Stdev_SSB 
2020 203658 81463.2 71280.3 146307 146307 146307 146307 2.91038e-10 
2021 203658 81463.2 71280.3 150096 150100 150101 150107 3.89223 
2022 203658 81463.2 71280.3 155144 155169 155172 155203 20.6913 
2023 203658 81463.2 71280.3 159034 159139 159151 159279 82.7662 
2024 203658 81463.2 71280.3 164372 164726 164769 165204 276.719 

Fishing_mortalityModel_Proj.dat
Year F0 Fabc Fofl LowCI_F Median_F Mean_F UpperCI_F Stdev_F 
2020  0 0.368177 0.455889 0.052417 0.052417 0.052417 0.052417 4.85723e-17 
2021  0 0.368177 0.455889 0.0559894 0.0559939 0.0559935 0.0559966 2.50551e-06 
2022  0 0.368177 0.455889 0.0759874 0.0760387 0.0760326 0.0760692 2.89031e-05 
2023  0 0.368177 0.455889 0.0579203 0.0581097 0.0580945 0.0582358 0.000103924 
2024  0 0.368177 0.455889 0.0561197 0.0567356 0.0566883 0.0571199 0.00032048 

Total_BiomassModel_Proj.dat
Year B100 Babc Bofl LowCI_Biom Median_Biom Mean_Biom UpperCI_Biom Stdev_Biom 
2020 1.29971e+06 430635 409759 591002 591002 591002 591002 9.31323e-10 
2021 1.29971e+06 430635 409759 592260 599921 601154 611574 6947.54 
2022 1.29971e+06 430635 409759 586083 605842 607494 634338 14595.6 
2023 1.29971e+06 430635 409759 572603 604417 606894 643806 23009.6 
2024 1.29971e+06 430635 409759 562546 605634 606407 658608 31431.2 
Alternative 4 Alternative  Stock: Model_Proj.dat
Catch Model_Proj.dat
Year C0 Cabc Cofl LowCI_Catch Median_Catch Mean_Catch UpperCI_Catch Stdev_Catch 
2020  0 35257.9 38422.1 9392 9392 9392 9392 1.81899e-12 
2021  0 35257.9 38422.1 10259 10259 10259 10259 1.48729e-06 
2022  0 35257.9 38422.1 14240 14240 14240 14240 9.54112e-06 
2023  0 35257.9 38422.1 11129 11129 11129 11129 0.000108621 
2024  0 35257.9 38422.1 11129 11129 11129 11129 0.000369697 

Spawning_Biomass Model_Proj.dat
Year SSB100 SSBabc SSBofl LowCI_SSB Median_SSB Mean_SSB UpperCI_SSB Stdev_SSB 
2020 203658 81463.2 71280.3 146307 146307 146307 146307 2.91038e-10 
2021 203658 81463.2 71280.3 150096 150100 150101 150107 3.89223 
2022 203658 81463.2 71280.3 155144 155169 155172 155203 20.6913 
2023 203658 81463.2 71280.3 159034 159139 159151 159279 82.7662 
2024 203658 81463.2 71280.3 164372 164726 164769 165204 276.719 

Fishing_mortalityModel_Proj.dat
Year F0 Fabc Fofl LowCI_F Median_F Mean_F UpperCI_F Stdev_F 
2020  0 0.368177 0.455889 0.052417 0.052417 0.052417 0.052417 4.85723e-17 
2021  0 0.368177 0.455889 0.0559894 0.0559939 0.0559935 0.0559966 2.50551e-06 
2022  0 0.368177 0.455889 0.0759874 0.0760387 0.0760326 0.0760692 2.89031e-05 
2023  0 0.368177 0.455889 0.0579203 0.0581097 0.0580945 0.0582358 0.000103924 
2024  0 0.368177 0.455889 0.0561197 0.0567356 0.0566883 0.0571199 0.00032048 

Total_BiomassModel_Proj.dat
Year B100 Babc Bofl LowCI_Biom Median_Biom Mean_Biom UpperCI_Biom Stdev_Biom 
2020 1.29971e+06 430635 409759 591002 591002 591002 591002 9.31323e-10 
2021 1.29971e+06 430635 409759 592260 599921 601154 611574 6947.54 
2022 1.29971e+06 430635 409759 586083 605842 607494 634338 14595.6 
2023 1.29971e+06 430635 409759 572603 604417 606894 643806 23009.6 
2024 1.29971e+06 430635 409759 562546 605634 606407 658608 31431.2 
Alternative 5 Alternative  Stock: Model_Proj.dat
Catch Model_Proj.dat
Year C0 Cabc Cofl LowCI_Catch Median_Catch Mean_Catch UpperCI_Catch Stdev_Catch 
2020  0 35257.9 38422.1 9392 9392 9392 9392 1.81899e-12 
2021  0 35257.9 38422.1 10259 10259 10259 10259 1.48729e-06 
2022  0 35257.9 38422.1 14240 14240 14240 14240 9.54112e-06 
2023  0 35257.9 38422.1 11129 11129 11129 11129 0.000108621 
2024  0 35257.9 38422.1 11129 11129 11129 11129 0.000369697 

Spawning_Biomass Model_Proj.dat
Year SSB100 SSBabc SSBofl LowCI_SSB Median_SSB Mean_SSB UpperCI_SSB Stdev_SSB 
2020 203658 81463.2 71280.3 146307 146307 146307 146307 2.91038e-10 
2021 203658 81463.2 71280.3 150096 150100 150101 150107 3.89223 
2022 203658 81463.2 71280.3 155144 155169 155172 155203 20.6913 
2023 203658 81463.2 71280.3 159034 159139 159151 159279 82.7662 
2024 203658 81463.2 71280.3 164372 164726 164769 165204 276.719 

Fishing_mortalityModel_Proj.dat
Year F0 Fabc Fofl LowCI_F Median_F Mean_F UpperCI_F Stdev_F 
2020  0 0.368177 0.455889 0.052417 0.052417 0.052417 0.052417 4.85723e-17 
2021  0 0.368177 0.455889 0.0559894 0.0559939 0.0559935 0.0559966 2.50551e-06 
2022  0 0.368177 0.455889 0.0759874 0.0760387 0.0760326 0.0760692 2.89031e-05 
2023  0 0.368177 0.455889 0.0579203 0.0581097 0.0580945 0.0582358 0.000103924 
2024  0 0.368177 0.455889 0.0561197 0.0567356 0.0566883 0.0571199 0.00032048 

Total_BiomassModel_Proj.dat
Year B100 Babc Bofl LowCI_Biom Median_Biom Mean_Biom UpperCI_Biom Stdev_Biom 
2020 1.29971e+06 430635 409759 591002 591002 591002 591002 9.31323e-10 
2021 1.29971e+06 430635 409759 592260 599921 601154 611574 6947.54 
2022 1.29971e+06 430635 409759 586083 605842 607494 634338 14595.6 
2023 1.29971e+06 430635 409759 572603 604417 606894 643806 23009.6 
2024 1.29971e+06 430635 409759 562546 605634 606407 658608 31431.2 
Alternative 6 Alternative  Stock: Model_Proj.dat
Catch Model_Proj.dat
Year C0 Cabc Cofl LowCI_Catch Median_Catch Mean_Catch UpperCI_Catch Stdev_Catch 
2020  0 35257.9 38422.1 9392 9392 9392 9392 1.81899e-12 
2021  0 35257.9 38422.1 75713.8 75717.9 75718.5 75724.1 3.68384 
2022  0 35257.9 38422.1 65189.3 65225 65231.7 65281.1 31.7059 
2023  0 35257.9 38422.1 57997.3 58181.6 58204.9 58435.2 152.018 
2024  0 35257.9 38422.1 52563.6 53186 53265.5 54044.1 486.565 

Spawning_Biomass Model_Proj.dat
Year SSB100 SSBabc SSBofl LowCI_SSB Median_SSB Mean_SSB UpperCI_SSB Stdev_SSB 
2020 203658 81463.2 71280.3 146307 146307 146307 146307 2.91038e-10 
2021 203658 81463.2 71280.3 150096 150100 150101 150107 3.89223 
2022 203658 81463.2 71280.3 126184 126209 126212 126243 20.484 
2023 203658 81463.2 71280.3 110909 111010 111022 111146 80.114 
2024 203658 81463.2 71280.3 100865 101204 101245 101662 264.274 

Fishing_mortalityModel_Proj.dat
Year F0 Fabc Fofl LowCI_F Median_F Mean_F UpperCI_F Stdev_F 
2020  0 0.368177 0.455889 0.052417 0.052417 0.052417 0.052417 4.85723e-17 
2021  0 0.368177 0.455889 0.455889 0.455889 0.455889 0.455889 3.88647e-13 
2022  0 0.368177 0.455889 0.455889 0.455889 0.455889 0.455889 2.85336e-10 
2023  0 0.368177 0.455889 0.455889 0.455889 0.455889 0.455889 1.69883e-09 
2024  0 0.368177 0.455889 0.455889 0.455889 0.455889 0.455889 4.0707e-09 

Total_BiomassModel_Proj.dat
Year B100 Babc Bofl LowCI_Biom Median_Biom Mean_Biom UpperCI_Biom Stdev_Biom 
2020 1.29971e+06 430635 409759 591002 591002 591002 591002 9.31323e-10 
2021 1.29971e+06 430635 409759 592260 599921 601154 611574 6947.54 
2022 1.29971e+06 430635 409759 528057 547813 549460 576293 14590.4 
2023 1.29971e+06 430635 409759 476461 508232 510693 547540 22970.3 
2024 1.29971e+06 430635 409759 436762 479475 480323 532397 31259.7 
Alternative 7 Alternative  Stock: Model_Proj.dat
Catch Model_Proj.dat
Year C0 Cabc Cofl LowCI_Catch Median_Catch Mean_Catch UpperCI_Catch Stdev_Catch 
2020  0 35257.9 38422.1 9392 9392 9392 9392 1.81899e-12 
2021  0 35257.9 38422.1 62444 62447.3 62447.8 62452.3 2.97521 
2022  0 35257.9 38422.1 55793.8 55822.6 55828 55867.9 25.6139 
2023  0 35257.9 38422.1 61995.8 62180.2 62203.5 62433.9 152.099 
2024  0 35257.9 38422.1 55419.9 56042.6 56122.1 56901.1 486.805 

Spawning_Biomass Model_Proj.dat
Year SSB100 SSBabc SSBofl LowCI_SSB Median_SSB Mean_SSB UpperCI_SSB Stdev_SSB 
2020 203658 81463.2 71280.3 146307 146307 146307 146307 2.91038e-10 
2021 203658 81463.2 71280.3 150096 150100 150101 150107 3.89223 
2022 203658 81463.2 71280.3 131919 131944 131947 131978 20.485 
2023 203658 81463.2 71280.3 119875 119977 119989 120113 80.1365 
2024 203658 81463.2 71280.3 107190 107529 107570 107987 264.347 

Fishing_mortalityModel_Proj.dat
Year F0 Fabc Fofl LowCI_F Median_F Mean_F UpperCI_F Stdev_F 
2020  0 0.368177 0.455889 0.052417 0.052417 0.052417 0.052417 4.85723e-17 
2021  0 0.368177 0.455889 0.368177 0.368177 0.368177 0.368177 2.19538e-11 
2022  0 0.368177 0.455889 0.368177 0.368177 0.368177 0.368177 4.75676e-10 
2023  0 0.368177 0.455889 0.455889 0.455889 0.455889 0.455889 1.64615e-09 
2024  0 0.368177 0.455889 0.455889 0.455889 0.455889 0.455889 4.03036e-09 

Total_BiomassModel_Proj.dat
Year B100 Babc Bofl LowCI_Biom Median_Biom Mean_Biom UpperCI_Biom Stdev_Biom 
2020 1.29971e+06 430635 409759 591002 591002 591002 591002 9.31323e-10 
2021 1.29971e+06 430635 409759 592260 599921 601154 611574 6947.54 
2022 1.29971e+06 430635 409759 539794 559551 561199 588034 14591.5 
2023 1.29971e+06 430635 409759 495110 526890 529354 566214 22978.3 
2024 1.29971e+06 430635 409759 449631 492363 493206 545285 31267.9 
