
SB0 SB40 SB35 MeanRec HarMeanRec Bnow
191630 76652 67070.5 437811 343408 155958 
CV Recruit
0.52431 
Alternative 1 Alternative  Stock: Model_Proj.dat
Catch Model_Proj.dat
Year C0 Cabc Cofl LowCI_Catch Median_Catch Mean_Catch UpperCI_Catch Stdev_Catch 
2010  0 34403.7 37539.4 20127.1 20127.1 20127.1 20127.1 3.63798e-12 
2011  0 34403.7 37539.4 13558 13558 13558 13558 4.53115e-06 
2012  0 34403.7 37539.4 11367.5 11367.5 11367.5 11367.5 1.72862e-05 

Spawning_Biomass Model_Proj.dat
Year SSB100 SSBabc SSBofl LowCI_SSB Median_SSB Mean_SSB UpperCI_SSB Stdev_SSB 
2010 191630 76652 67070.5 155958 155958 155958 155958 2.91038e-10 
2011 191630 76652 67070.5 154471 154475 154475 154481 3.56426 
2012 191630 76652 67070.5 156281 156303 156306 156341 19.419 

Fishing_mortalityModel_Proj.dat
Year F0 Fabc Fofl LowCI_F Median_F Mean_F UpperCI_F Stdev_F 
2010  0 0.391786 0.484892 0.11267 0.11267 0.11267 0.11267 0 
2011  0 0.391786 0.484892 0.0765997 0.0766072 0.0766067 0.0766109 3.69971e-06 
2012  0 0.391786 0.484892 0.0646261 0.0646814 0.0646766 0.0647084 2.66822e-05 

Total_BiomassModel_Proj.dat
Year B100 Babc Bofl LowCI_Biom Median_Biom Mean_Biom UpperCI_Biom Stdev_Biom 
2010 1.22923e+06 407680 387887 542578 542578 542578 542578 1.16415e-10 
2011 1.22923e+06 407680 387887 512564 519193 520166 529932 6307.13 
2012 1.22923e+06 407680 387887 489951 507404 509478 535717 14609.6 
Alternative 2 Alternative  Stock: Model_Proj.dat
Catch Model_Proj.dat
Year C0 Cabc Cofl LowCI_Catch Median_Catch Mean_Catch UpperCI_Catch Stdev_Catch 
2010  0 34403.7 37539.4 20127.1 20127.1 20127.1 20127.1 3.63798e-12 
2011  0 34403.7 37539.4 13558 13558 13558 13558 4.53115e-06 
2012  0 34403.7 37539.4 11367.5 11367.5 11367.5 11367.5 1.72862e-05 

Spawning_Biomass Model_Proj.dat
Year SSB100 SSBabc SSBofl LowCI_SSB Median_SSB Mean_SSB UpperCI_SSB Stdev_SSB 
2010 191630 76652 67070.5 155958 155958 155958 155958 2.91038e-10 
2011 191630 76652 67070.5 154471 154475 154475 154481 3.56426 
2012 191630 76652 67070.5 156281 156303 156306 156341 19.419 

Fishing_mortalityModel_Proj.dat
Year F0 Fabc Fofl LowCI_F Median_F Mean_F UpperCI_F Stdev_F 
2010  0 0.391786 0.484892 0.11267 0.11267 0.11267 0.11267 0 
2011  0 0.391786 0.484892 0.0765997 0.0766072 0.0766067 0.0766109 3.69971e-06 
2012  0 0.391786 0.484892 0.0646261 0.0646814 0.0646766 0.0647084 2.66822e-05 

Total_BiomassModel_Proj.dat
Year B100 Babc Bofl LowCI_Biom Median_Biom Mean_Biom UpperCI_Biom Stdev_Biom 
2010 1.22923e+06 407680 387887 542578 542578 542578 542578 1.16415e-10 
2011 1.22923e+06 407680 387887 512564 519193 520166 529932 6307.13 
2012 1.22923e+06 407680 387887 489951 507404 509478 535717 14609.6 
Alternative 3 Alternative  Stock: Model_Proj.dat
Catch Model_Proj.dat
Year C0 Cabc Cofl LowCI_Catch Median_Catch Mean_Catch UpperCI_Catch Stdev_Catch 
2010  0 34403.7 37539.4 20127.1 20127.1 20127.1 20127.1 3.63798e-12 
2011  0 34403.7 37539.4 13558 13558 13558 13558 4.53115e-06 
2012  0 34403.7 37539.4 11367.5 11367.5 11367.5 11367.5 1.72862e-05 

Spawning_Biomass Model_Proj.dat
Year SSB100 SSBabc SSBofl LowCI_SSB Median_SSB Mean_SSB UpperCI_SSB Stdev_SSB 
2010 191630 76652 67070.5 155958 155958 155958 155958 2.91038e-10 
2011 191630 76652 67070.5 154471 154475 154475 154481 3.56426 
2012 191630 76652 67070.5 156281 156303 156306 156341 19.419 

Fishing_mortalityModel_Proj.dat
Year F0 Fabc Fofl LowCI_F Median_F Mean_F UpperCI_F Stdev_F 
2010  0 0.391786 0.484892 0.11267 0.11267 0.11267 0.11267 0 
2011  0 0.391786 0.484892 0.0765997 0.0766072 0.0766067 0.0766109 3.69971e-06 
2012  0 0.391786 0.484892 0.0646261 0.0646814 0.0646766 0.0647084 2.66822e-05 

Total_BiomassModel_Proj.dat
Year B100 Babc Bofl LowCI_Biom Median_Biom Mean_Biom UpperCI_Biom Stdev_Biom 
2010 1.22923e+06 407680 387887 542578 542578 542578 542578 1.16415e-10 
2011 1.22923e+06 407680 387887 512564 519193 520166 529932 6307.13 
2012 1.22923e+06 407680 387887 489951 507404 509478 535717 14609.6 
Alternative 4 Alternative  Stock: Model_Proj.dat
Catch Model_Proj.dat
Year C0 Cabc Cofl LowCI_Catch Median_Catch Mean_Catch UpperCI_Catch Stdev_Catch 
2010  0 34403.7 37539.4 20127.1 20127.1 20127.1 20127.1 3.63798e-12 
2011  0 34403.7 37539.4 13558 13558 13558 13558 4.53115e-06 
2012  0 34403.7 37539.4 11367.5 11367.5 11367.5 11367.5 1.72862e-05 

Spawning_Biomass Model_Proj.dat
Year SSB100 SSBabc SSBofl LowCI_SSB Median_SSB Mean_SSB UpperCI_SSB Stdev_SSB 
2010 191630 76652 67070.5 155958 155958 155958 155958 2.91038e-10 
2011 191630 76652 67070.5 154471 154475 154475 154481 3.56426 
2012 191630 76652 67070.5 156281 156303 156306 156341 19.419 

Fishing_mortalityModel_Proj.dat
Year F0 Fabc Fofl LowCI_F Median_F Mean_F UpperCI_F Stdev_F 
2010  0 0.391786 0.484892 0.11267 0.11267 0.11267 0.11267 0 
2011  0 0.391786 0.484892 0.0765997 0.0766072 0.0766067 0.0766109 3.69971e-06 
2012  0 0.391786 0.484892 0.0646261 0.0646814 0.0646766 0.0647084 2.66822e-05 

Total_BiomassModel_Proj.dat
Year B100 Babc Bofl LowCI_Biom Median_Biom Mean_Biom UpperCI_Biom Stdev_Biom 
2010 1.22923e+06 407680 387887 542578 542578 542578 542578 1.16415e-10 
2011 1.22923e+06 407680 387887 512564 519193 520166 529932 6307.13 
2012 1.22923e+06 407680 387887 489951 507404 509478 535717 14609.6 
Alternative 5 Alternative  Stock: Model_Proj.dat
Catch Model_Proj.dat
Year C0 Cabc Cofl LowCI_Catch Median_Catch Mean_Catch UpperCI_Catch Stdev_Catch 
2010  0 34403.7 37539.4 20127.1 20127.1 20127.1 20127.1 3.63798e-12 
2011  0 34403.7 37539.4 13558 13558 13558 13558 4.53115e-06 
2012  0 34403.7 37539.4 11367.5 11367.5 11367.5 11367.5 1.72862e-05 

Spawning_Biomass Model_Proj.dat
Year SSB100 SSBabc SSBofl LowCI_SSB Median_SSB Mean_SSB UpperCI_SSB Stdev_SSB 
2010 191630 76652 67070.5 155958 155958 155958 155958 2.91038e-10 
2011 191630 76652 67070.5 154471 154475 154475 154481 3.56426 
2012 191630 76652 67070.5 156281 156303 156306 156341 19.419 

Fishing_mortalityModel_Proj.dat
Year F0 Fabc Fofl LowCI_F Median_F Mean_F UpperCI_F Stdev_F 
2010  0 0.391786 0.484892 0.11267 0.11267 0.11267 0.11267 0 
2011  0 0.391786 0.484892 0.0765997 0.0766072 0.0766067 0.0766109 3.69971e-06 
2012  0 0.391786 0.484892 0.0646261 0.0646814 0.0646766 0.0647084 2.66822e-05 

Total_BiomassModel_Proj.dat
Year B100 Babc Bofl LowCI_Biom Median_Biom Mean_Biom UpperCI_Biom Stdev_Biom 
2010 1.22923e+06 407680 387887 542578 542578 542578 542578 1.16415e-10 
2011 1.22923e+06 407680 387887 512564 519193 520166 529932 6307.13 
2012 1.22923e+06 407680 387887 489951 507404 509478 535717 14609.6 
Alternative 6 Alternative  Stock: Model_Proj.dat
Catch Model_Proj.dat
Year C0 Cabc Cofl LowCI_Catch Median_Catch Mean_Catch UpperCI_Catch Stdev_Catch 
2010  0 34403.7 37539.4 20127.1 20127.1 20127.1 20127.1 3.63798e-12 
2011  0 34403.7 37539.4 77905.6 77909.9 77910.5 77916.8 4.06641 
2012  0 34403.7 37539.4 64212.9 64248.1 64254.3 64316.7 34.4122 

Spawning_Biomass Model_Proj.dat
Year SSB100 SSBabc SSBofl LowCI_SSB Median_SSB Mean_SSB UpperCI_SSB Stdev_SSB 
2010 191630 76652 67070.5 155958 155958 155958 155958 2.91038e-10 
2011 191630 76652 67070.5 154471 154475 154475 154481 3.56426 
2012 191630 76652 67070.5 127816 127837 127840 127874 19.1317 

Fishing_mortalityModel_Proj.dat
Year F0 Fabc Fofl LowCI_F Median_F Mean_F UpperCI_F Stdev_F 
2010  0 0.391786 0.484892 0.11267 0.11267 0.11267 0.11267 0 
2011  0 0.391786 0.484892 0.484892 0.484892 0.484892 0.484892 4.04298e-11 
2012  0 0.391786 0.484892 0.484892 0.484892 0.484892 0.484892 6.83687e-11 

Total_BiomassModel_Proj.dat
Year B100 Babc Bofl LowCI_Biom Median_Biom Mean_Biom UpperCI_Biom Stdev_Biom 
2010 1.22923e+06 407680 387887 542578 542578 542578 542578 1.16415e-10 
2011 1.22923e+06 407680 387887 512564 519193 520166 529932 6307.13 
2012 1.22923e+06 407680 387887 433036 450481 452556 478781 14604.6 
Alternative 7 Alternative  Stock: Model_Proj.dat
Catch Model_Proj.dat
Year C0 Cabc Cofl LowCI_Catch Median_Catch Mean_Catch UpperCI_Catch Stdev_Catch 
2010  0 34403.7 37539.4 20127.1 20127.1 20127.1 20127.1 3.63798e-12 
2011  0 34403.7 37539.4 64317.8 64321.2 64321.7 64326.8 3.28577 
2012  0 34403.7 37539.4 55200.7 55229.2 55234.2 55284.6 27.8148 

Spawning_Biomass Model_Proj.dat
Year SSB100 SSBabc SSBofl LowCI_SSB Median_SSB Mean_SSB UpperCI_SSB Stdev_SSB 
2010 191630 76652 67070.5 155958 155958 155958 155958 2.91038e-10 
2011 191630 76652 67070.5 154471 154475 154475 154481 3.56426 
2012 191630 76652 67070.5 133712 133733 133737 133771 19.133 

Fishing_mortalityModel_Proj.dat
Year F0 Fabc Fofl LowCI_F Median_F Mean_F UpperCI_F Stdev_F 
2010  0 0.391786 0.484892 0.11267 0.11267 0.11267 0.11267 0 
2011  0 0.391786 0.484892 0.391785 0.391785 0.391785 0.391785 2.28597e-11 
2012  0 0.391786 0.484892 0.391785 0.391785 0.391785 0.391785 1.28112e-10 

Total_BiomassModel_Proj.dat
Year B100 Babc Bofl LowCI_Biom Median_Biom Mean_Biom UpperCI_Biom Stdev_Biom 
2010 1.22923e+06 407680 387887 542578 542578 542578 542578 1.16415e-10 
2011 1.22923e+06 407680 387887 512564 519193 520166 529932 6307.13 
2012 1.22923e+06 407680 387887 445027 462474 464549 490777 14605.6 
