Alternative 1 Catch
     Model_Proj.dat 
Equil_Fabc 80441.8 
Year 
2024 11000 
2025 10500 
2026 10500 
2027 86290 
2028 77017.5 
2029 63520.4 
2030 56030.2 
2031 55118.2 
2032 58572.6 
2033 63714.6 
2034 68756.6 
2035 72707.8 
2036 75466.7 
2037 77156.3 
2038 78076.1 

Alternative 1 ABCs
     Model_Proj.dat 

Year 
2024 72013.7 
2025 80058.9 
2026 83691.2 
2027 86290 
2028 77017.5 
2029 63520.4 
2030 56030.2 
2031 55118.2 
2032 58572.6 
2033 63714.6 
2034 68756.6 
2035 72707.8 
2036 75466.7 
2037 77156.3 
2038 78076.1 

Alternative 1 TACs
     Model_Proj.dat 

Year 
2024  NA 
2025  NA 
2026  NA 
2027 86290 
2028 77017.5 
2029 63520.4 
2030 56030.2 
2031 55118.2 
2032 58572.6 
2033 63714.6 
2034 68756.6 
2035 72707.8 
2036 75466.7 
2037 77156.3 
2038 78076.1 

Alternative 1 Sp_Biomass
     Model_Proj.dat 
Equil_Fabc 196753 
Year 
2024 187263 
2025 205762 
2026 221380 
2027 231402 
2028 202057 
2029 176979 
2030 161286 
2031 156401 
2032 161289 
2033 171450 
2034 182634 
2035 192096 
2036 198983 
2037 203115 
2038 205138 

Alternative 1 Fishing Mortality
     Model_Proj.dat 
Equil_Fabc 0.346385 
Year 
2024 0.0471824 
2025 0.0424234 
2026 0.0404857 
2027 0.346385 
2028 0.346385 
2029 0.309627 
2030 0.280183 
2031 0.268949 
2032 0.271798 
2033 0.280775 
2034 0.290256 
2035 0.297471 
2036 0.302364 
2037 0.305498 
2038 0.307366 

Alternative 1 Biomass
     Model_Proj.dat 

Year 
2024 776997 
2025 795867 
2026 826235 
2027 868644 
2028 853301 
2029 859544 
2030 885220 
2031 920642 
2032 954702 
2033 983682 
2034 1.00356e+06 
2035 1.01649e+06 
2036 1.02516e+06 
2037 1.02996e+06 
2038 1.03348e+06 

Alternative 1 Implied SPR rate 
     Model_Proj.dat 
Equil_Fabc 0.4 
Year 
2024 0.832303 
2025 0.846627 
2026 0.852601 
2027 0.4 
2028 0.4 
2029 0.427956 
2030 0.453508 
2031 0.465056 
2032 0.464001 
2033 0.456886 
2034 0.44884 
2035 0.442527 
2036 0.438114 
2037 0.435305 
2038 0.433605 

  Model_Proj.dat 
EquilAvgAgeF0  5.39324 
EquilAvgAgeFabc  4.10359 
AvgAgeYr2038 68.9883 
Alternative 2 Catch
     Model_Proj.dat 
Equil_Fabc 80441.8 
Year 
2024 11000 
2025 10500 
2026 10500 
2027 86290 
2028 77017.5 
2029 63520.4 
2030 56030.2 
2031 55118.2 
2032 58572.6 
2033 63714.6 
2034 68756.6 
2035 72707.8 
2036 75466.7 
2037 77156.3 
2038 78076.1 

Alternative 2 ABCs
     Model_Proj.dat 

Year 
2024 72013.7 
2025 80058.9 
2026 83691.2 
2027 86290 
2028 77017.5 
2029 63520.4 
2030 56030.2 
2031 55118.2 
2032 58572.6 
2033 63714.6 
2034 68756.6 
2035 72707.8 
2036 75466.7 
2037 77156.3 
2038 78076.1 

Alternative 2 TACs
     Model_Proj.dat 

Year 
2024  NA 
2025  NA 
2026  NA 
2027 86290 
2028 77017.5 
2029 63520.4 
2030 56030.2 
2031 55118.2 
2032 58572.6 
2033 63714.6 
2034 68756.6 
2035 72707.8 
2036 75466.7 
2037 77156.3 
2038 78076.1 

Alternative 2 Sp_Biomass
     Model_Proj.dat 
Equil_Fabc 196753 
Year 
2024 187263 
2025 205762 
2026 221380 
2027 231402 
2028 202057 
2029 176979 
2030 161286 
2031 156401 
2032 161289 
2033 171450 
2034 182634 
2035 192096 
2036 198983 
2037 203115 
2038 205138 

Alternative 2 Fishing Mortality
     Model_Proj.dat 
Equil_Fabc 0.346385 
Year 
2024 0.0471824 
2025 0.0424234 
2026 0.0404857 
2027 0.346385 
2028 0.346385 
2029 0.309627 
2030 0.280183 
2031 0.268949 
2032 0.271798 
2033 0.280775 
2034 0.290256 
2035 0.297471 
2036 0.302364 
2037 0.305498 
2038 0.307366 

Alternative 2 Biomass
     Model_Proj.dat 

Year 
2024 776997 
2025 795867 
2026 826235 
2027 868644 
2028 853301 
2029 859544 
2030 885220 
2031 920642 
2032 954702 
2033 983682 
2034 1.00356e+06 
2035 1.01649e+06 
2036 1.02516e+06 
2037 1.02996e+06 
2038 1.03348e+06 

Alternative 2 Implied SPR rate 
     Model_Proj.dat 
Equil_Fabc 0.4 
Year 
2024 0.832303 
2025 0.846627 
2026 0.852601 
2027 0.4 
2028 0.4 
2029 0.427956 
2030 0.453508 
2031 0.465056 
2032 0.464001 
2033 0.456886 
2034 0.44884 
2035 0.442527 
2036 0.438114 
2037 0.435305 
2038 0.433605 

  Model_Proj.dat 
EquilAvgAgeF0  5.39324 
EquilAvgAgeFabc  4.10359 
AvgAgeYr2038 68.9883 
Alternative 3 Catch
     Model_Proj.dat 
Equil_Fabc 80441.8 
Year 
2024 11000 
2025 10500 
2026 10500 
2027 14060.2 
2028 14329.4 
2029 14637.8 
2030 15100.4 
2031 15767.7 
2032 16639.3 
2033 17608.5 
2034 18628.7 
2035 19605.6 
2036 20514.6 
2037 21270.5 
2038 21906.9 

Alternative 3 ABCs
     Model_Proj.dat 

Year 
2024 72013.7 
2025 80058.9 
2026 83691.2 
2027 86290 
2028 87831 
2029 89705.7 
2030 92626.7 
2031 96863.9 
2032 102345 
2033 108333 
2034 114504 
2035 120385 
2036 125856 
2037 130404 
2038 134214 

Alternative 3 TACs
     Model_Proj.dat 

Year 
2024  NA 
2025  NA 
2026  NA 
2027 14060.2 
2028 14329.4 
2029 14637.8 
2030 15100.4 
2031 15767.7 
2032 16639.3 
2033 17608.5 
2034 18628.7 
2035 19605.6 
2036 20514.6 
2037 21270.5 
2038 21906.9 

Alternative 3 Sp_Biomass
     Model_Proj.dat 
Equil_Fabc 196753 
Year 
2024 187263 
2025 205762 
2026 221380 
2027 231402 
2028 235405 
2029 236427 
2030 236964 
2031 241546 
2032 253383 
2033 270532 
2034 290240 
2035 309461 
2036 327044 
2037 341353 
2038 352889 

Alternative 3 Fishing Mortality
     Model_Proj.dat 
Equil_Fabc 0.346385 
Year 
2024 0.0471824 
2025 0.0424234 
2026 0.0404857 
2027 0.0526297 
2028 0.0526297 
2029 0.0526297 
2030 0.0526297 
2031 0.0526297 
2032 0.0526297 
2033 0.0526297 
2034 0.0526297 
2035 0.0526297 
2036 0.0526297 
2037 0.0526297 
2038 0.0526297 

Alternative 3 Biomass
     Model_Proj.dat 

Year 
2024 776997 
2025 795867 
2026 826235 
2027 868644 
2028 917571 
2029 972297 
2030 1.02829e+06 
2031 1.08297e+06 
2032 1.13243e+06 
2033 1.1768e+06 
2034 1.21396e+06 
2035 1.24551e+06 
2036 1.27336e+06 
2037 1.29598e+06 
2038 1.31566e+06 

Alternative 3 Implied SPR rate 
     Model_Proj.dat 
Equil_Fabc 0.4 
Year 
2024 0.832303 
2025 0.846627 
2026 0.852601 
2027 0.816488 
2028 0.816488 
2029 0.816488 
2030 0.816488 
2031 0.816488 
2032 0.816488 
2033 0.816488 
2034 0.816488 
2035 0.816488 
2036 0.816488 
2037 0.816488 
2038 0.816488 

  Model_Proj.dat 
EquilAvgAgeF0  5.39324 
EquilAvgAgeFabc  4.10359 
AvgAgeYr2038 75.9513 
Alternative 4 Catch
     Model_Proj.dat 
Equil_Fabc 80441.8 
Year 
2024 11000 
2025 10500 
2026 10500 
2027 20717.4 
2028 20866.8 
2029 21094.5 
2030 21575.7 
2031 22384.6 
2032 23511.7 
2033 24797.1 
2034 26160.4 
2035 27462.5 
2036 28660.9 
2037 29644.4 
2038 30457.5 

Alternative 4 ABCs
     Model_Proj.dat 

Year 
2024 72013.7 
2025 80058.9 
2026 83691.2 
2027 86290 
2028 86824.8 
2029 87773.6 
2030 89871.4 
2031 93387.1 
2032 98143.8 
2033 103313 
2034 108827 
2035 114184 
2036 119124 
2037 123175 
2038 126500 

Alternative 4 TACs
     Model_Proj.dat 

Year 
2024  NA 
2025  NA 
2026  NA 
2027 20717.4 
2028 20866.8 
2029 21094.5 
2030 21575.7 
2031 22384.6 
2032 23511.7 
2033 24797.1 
2034 26160.4 
2035 27462.5 
2036 28660.9 
2037 29644.4 
2038 30457.5 

Alternative 4 Sp_Biomass
     Model_Proj.dat 
Equil_Fabc 196753 
Year 
2024 187263 
2025 205762 
2026 221380 
2027 231402 
2028 232283 
2029 230434 
2030 228469 
2031 230940 
2032 240914 
2033 256349 
2034 274347 
2035 291873 
2036 307726 
2037 320439 
2038 330467 

Alternative 4 Fishing Mortality
     Model_Proj.dat 
Equil_Fabc 0.346385 
Year 
2024 0.0471824 
2025 0.0424234 
2026 0.0404857 
2027 0.0780274 
2028 0.0780274 
2029 0.0780274 
2030 0.0780274 
2031 0.0780274 
2032 0.0780274 
2033 0.0780274 
2034 0.0780274 
2035 0.0780274 
2036 0.0780274 
2037 0.0780274 
2038 0.0780274 

Alternative 4 Biomass
     Model_Proj.dat 

Year 
2024 776997 
2025 795867 
2026 826235 
2027 868644 
2028 911638 
2029 961225 
2030 1.01279e+06 
2031 1.06361e+06 
2032 1.10957e+06 
2033 1.15074e+06 
2034 1.18483e+06 
2035 1.21345e+06 
2036 1.23843e+06 
2037 1.25844e+06 
2038 1.27571e+06 

Alternative 4 Implied SPR rate 
     Model_Proj.dat 
Equil_Fabc 0.4 
Year 
2024 0.832303 
2025 0.846627 
2026 0.852601 
2027 0.75 
2028 0.75 
2029 0.75 
2030 0.75 
2031 0.75 
2032 0.75 
2033 0.75 
2034 0.75 
2035 0.75 
2036 0.75 
2037 0.75 
2038 0.75 

  Model_Proj.dat 
EquilAvgAgeF0  5.39324 
EquilAvgAgeFabc  4.10359 
AvgAgeYr2038 75.0122 
Alternative 5 Catch
     Model_Proj.dat 
Equil_Fabc 80441.8 
Year 
2024 11000 
2025 10500 
2026 10500 
2027  NA 
2028  NA 
2029  NA 
2030  NA 
2031  NA 
2032  NA 
2033  NA 
2034  NA 
2035  NA 
2036  NA 
2037  NA 
2038  NA 

Alternative 5 ABCs
     Model_Proj.dat 

Year 
2024 72013.7 
2025 80058.9 
2026 83691.2 
2027 86290 
2028 89962.1 
2029 93887.2 
2030 98717.3 
2031 104706 
2032 111830 
2033 119412 
2034 127214 
2035 134662 
2036 141668 
2037 147620 
2038 152773 

Alternative 5 TACs
     Model_Proj.dat 

Year 
2024  NA 
2025  NA 
2026  NA 
2027  NA 
2028  NA 
2029  NA 
2030  NA 
2031  NA 
2032  NA 
2033  NA 
2034  NA 
2035  NA 
2036  NA 
2037  NA 
2038  NA 

Alternative 5 Sp_Biomass
     Model_Proj.dat 
Equil_Fabc 196753 
Year 
2024 187263 
2025 205762 
2026 221380 
2027 231402 
2028 242028 
2029 249441 
2030 255836 
2031 265634 
2032 282284 
2033 303989 
2034 328289 
2035 352091 
2036 374370 
2037 393061 
2038 408792 

Alternative 5 Fishing Mortality
     Model_Proj.dat 
Equil_Fabc 0.346385 
Year 
2024 0.0471824 
2025 0.0424234 
2026 0.0404857 
2027  NA 
2028  NA 
2029  NA 
2030  NA 
2031  NA 
2032  NA 
2033  NA 
2034  NA 
2035  NA 
2036  NA 
2037  NA 
2038  NA 

Alternative 5 Biomass
     Model_Proj.dat 

Year 
2024 776997 
2025 795867 
2026 826235 
2027 868644 
2028 930107 
2029 996150 
2030 1.06231e+06 
2031 1.12622e+06 
2032 1.1843e+06 
2033 1.23678e+06 
2034 1.28183e+06 
2035 1.32101e+06 
2036 1.35639e+06 
2037 1.38598e+06 
2038 1.41223e+06 

Alternative 5 Implied SPR rate 
     Model_Proj.dat 
Equil_Fabc 0.4 
Year 
2024 0.832303 
2025 0.846627 
2026 0.852601 
2027 1 
2028 1 
2029 1 
2030 1 
2031 1 
2032 1 
2033 1 
2034 1 
2035 1 
2036 1 
2037 1 
2038 1 

  Model_Proj.dat 
EquilAvgAgeF0  5.39324 
EquilAvgAgeFabc  4.10359 
AvgAgeYr2038 78.1527 
Alternative 6 Catch
     Model_Proj.dat 
Equil_Fabc 80441.8 
Year 
2024 11000 
2025 96773 
2026 80756.2 
2027 65777 
2028 56126.4 
2029 50839.4 
2030 49888.9 
2031 53675.3 
2032 60775.7 
2033 68658.9 
2034 75338.6 
2035 79977.5 
2036 82847.6 
2037 84253.1 
2038 84704.7 

Alternative 6 ABCs
     Model_Proj.dat 

Year 
2024 72013.7 
2025 80058.9 
2026 66725.2 
2027 54256.1 
2028 46230.4 
2029 41821.6 
2030 40999.5 
2031 44101.8 
2032 49959.2 
2033 56478.7 
2034 62013.6 
2035 65865.6 
2036 68255.8 
2037 69431.1 
2038 69813.2 

Alternative 6 TACs
     Model_Proj.dat 

Year 
2024  NA 
2025 96773 
2026 80756.1 
2027 65777 
2028 56126.4 
2029 50839.4 
2030 49888.9 
2031 53675.3 
2032 60775.7 
2033 68658.9 
2034 75338.6 
2035 79977.5 
2036 82847.6 
2037 84253.1 
2038 84704.7 

Alternative 6 Sp_Biomass
     Model_Proj.dat 
Equil_Fabc 196753 
Year 
2024 187263 
2025 205762 
2026 183851 
2027 165074 
2028 151000 
2029 140897 
2030 135557 
2031 137351 
2032 146243 
2033 158344 
2034 169773 
2035 178423 
2036 183967 
2037 186703 
2038 187520 

Alternative 6 Fishing Mortality
     Model_Proj.dat 
Equil_Fabc 0.346385 
Year 
2024 0.0471824 
2025 0.426077 
2026 0.396667 
2027 0.353864 
2028 0.321781 
2029 0.298752 
2030 0.286416 
2031 0.289224 
2032 0.30414 
2033 0.322893 
2034 0.338789 
2035 0.349483 
2036 0.356199 
2037 0.359692 
2038 0.361115 

Alternative 6 Biomass
     Model_Proj.dat 

Year 
2024 776997 
2025 795867 
2026 749430 
2027 737893 
2028 756007 
2029 792917 
2030 838733 
2031 886149 
2032 926408 
2033 957417 
2034 976352 
2035 986771 
2036 992420 
2037 994410 
2038 995664 

Alternative 6 Implied SPR rate 
     Model_Proj.dat 
Equil_Fabc 0.4 
Year 
2024 0.832303 
2025 0.35 
2026 0.36702 
2027 0.394748 
2028 0.418271 
2029 0.436976 
2030 0.448268 
2031 0.447747 
2032 0.437382 
2033 0.423771 
2034 0.412063 
2035 0.404069 
2036 0.398988 
2037 0.396326 
2038 0.395172 

  Model_Proj.dat 
EquilAvgAgeF0  5.39324 
EquilAvgAgeFabc  4.10359 
AvgAgeYr2038 66.7531 
Alternative 7 Catch
     Model_Proj.dat 
Equil_Fabc 80441.8 
Year 
2024 11000 
2025 80058.9 
2026 71561 
2027 73661.1 
2028 60457.2 
2029 53283.9 
2030 51282.6 
2031 54436 
2032 61144.3 
2033 68800.3 
2034 75364.1 
2035 79953.7 
2036 82811.6 
2037 84218.8 
2038 84678 

Alternative 7 ABCs
     Model_Proj.dat 

Year 
2024 72013.7 
2025 80058.9 
2026 71561 
2027 60828.2 
2028 49832.5 
2029 43851.4 
2030 42155.7 
2031 44733.2 
2032 50265.8 
2033 56596.8 
2034 62035.3 
2035 65846.2 
2036 68226.1 
2037 69402.6 
2038 69791 

Alternative 7 TACs
     Model_Proj.dat 

Year 
2024  NA 
2025 96773 
2026 86543.7 
2027 73661.1 
2028 60457.2 
2029 53283.9 
2030 51282.6 
2031 54436 
2032 61144.3 
2033 68800.3 
2034 75364.1 
2035 79953.7 
2036 82811.6 
2037 84218.8 
2038 84678 

Alternative 7 Sp_Biomass
     Model_Proj.dat 
Equil_Fabc 196753 
Year 
2024 187263 
2025 205762 
2026 190978 
2027 175597 
2028 157222 
2029 144554 
2030 137642 
2031 138465 
2032 146765 
2033 158519 
2034 169774 
2035 178353 
2036 183885 
2037 186633 
2038 187469 

Alternative 7 Fishing Mortality
     Model_Proj.dat 
Equil_Fabc 0.346385 
Year 
2024 0.0471824 
2025 0.346385 
2026 0.335683 
2027 0.377851 
2028 0.335966 
2029 0.307081 
2030 0.291163 
2031 0.29172 
2032 0.30527 
2033 0.323289 
2034 0.338845 
2035 0.349411 
2036 0.356104 
2037 0.359605 
2038 0.36105 

Alternative 7 Biomass
     Model_Proj.dat 

Year 
2024 776997 
2025 795867 
2026 764283 
2027 759286 
2028 767931 
2029 799460 
2030 842150 
2031 887747 
2032 926997 
2033 957499 
2034 976227 
2035 986594 
2036 992262 
2037 994290 
2038 995583 

Alternative 7 Implied SPR rate 
     Model_Proj.dat 
Equil_Fabc 0.4 
Year 
2024 0.832303 
2025 0.4 
2026 0.407751 
2027 0.378745 
2028 0.407559 
2029 0.430072 
2030 0.444101 
2031 0.445514 
2032 0.436369 
2033 0.423413 
2034 0.411999 
2035 0.404115 
2036 0.399058 
2037 0.396391 
2038 0.395222 

  Model_Proj.dat 
EquilAvgAgeF0  5.39324 
EquilAvgAgeFabc  4.10359 
AvgAgeYr2038 66.9601 
