Model_Proj.dat 1 2024 Cabc 15300.5
Model_Proj.dat 1 2024 Cofl 16605.5
Model_Proj.dat 1 2024 CLCI 11000
Model_Proj.dat 1 2024 CUCI 11000
Model_Proj.dat 1 2024 CMedian 11000
Model_Proj.dat 1 2024 CMean 11000
Model_Proj.dat 1 2024 CStdn 1.21872e-10
Model_Proj.dat 1 2025 Cabc 15300.5
Model_Proj.dat 1 2025 Cofl 16605.5
Model_Proj.dat 1 2025 CLCI 10500
Model_Proj.dat 1 2025 CUCI 10500
Model_Proj.dat 1 2025 CMedian 10500
Model_Proj.dat 1 2025 CMean 10500
Model_Proj.dat 1 2025 CStdn 3.59296e-07
Model_Proj.dat 1 2026 Cabc 15300.5
Model_Proj.dat 1 2026 Cofl 16605.5
Model_Proj.dat 1 2026 CLCI 10500
Model_Proj.dat 1 2026 CUCI 10500
Model_Proj.dat 1 2026 CMedian 10500
Model_Proj.dat 1 2026 CMean 10500
Model_Proj.dat 1 2026 CStdn 6.36733e-05
Model_Proj.dat 1 2027 Cabc 15300.5
Model_Proj.dat 1 2027 Cofl 16605.5
Model_Proj.dat 1 2027 CLCI 85294.6
Model_Proj.dat 1 2027 CUCI 86084.2
Model_Proj.dat 1 2027 CMedian 85341.9
Model_Proj.dat 1 2027 CMean 85470
Model_Proj.dat 1 2027 CStdn 433.961
Model_Proj.dat 1 2028 Cabc 15300.5
Model_Proj.dat 1 2028 Cofl 16605.5
Model_Proj.dat 1 2028 CLCI 73844.5
Model_Proj.dat 1 2028 CUCI 76187.9
Model_Proj.dat 1 2028 CMedian 74009.5
Model_Proj.dat 1 2028 CMean 74400.4
Model_Proj.dat 1 2028 CStdn 1264.33
Model_Proj.dat 1 2029 Cabc 15300.5
Model_Proj.dat 1 2029 Cofl 16605.5
Model_Proj.dat 1 2029 CLCI 62658.1
Model_Proj.dat 1 2029 CUCI 67834.3
Model_Proj.dat 1 2029 CMedian 63112.6
Model_Proj.dat 1 2029 CMean 63991.6
Model_Proj.dat 1 2029 CStdn 2775.08
Model_Proj.dat 1 2030 Cabc 15300.5
Model_Proj.dat 1 2030 Cofl 16605.5
Model_Proj.dat 1 2030 CLCI 51814.4
Model_Proj.dat 1 2030 CUCI 61189.6
Model_Proj.dat 1 2030 CMedian 52774.2
Model_Proj.dat 1 2030 CMean 54378.4
Model_Proj.dat 1 2030 CStdn 4872.63
Model_Proj.dat 1 2031 Cabc 15300.5
Model_Proj.dat 1 2031 Cofl 16605.5
Model_Proj.dat 1 2031 CLCI 41622.8
Model_Proj.dat 1 2031 CUCI 56659.1
Model_Proj.dat 1 2031 CMedian 43346.7
Model_Proj.dat 1 2031 CMean 45773.7
Model_Proj.dat 1 2031 CStdn 7192.67
Model_Proj.dat 1 2032 Cabc 15300.5
Model_Proj.dat 1 2032 Cofl 16605.5
Model_Proj.dat 1 2032 CLCI 32535.3
Model_Proj.dat 1 2032 CUCI 55786.7
Model_Proj.dat 1 2032 CMedian 35200.7
Model_Proj.dat 1 2032 CMean 38422.3
Model_Proj.dat 1 2032 CStdn 9324.87
Model_Proj.dat 1 2033 Cabc 15300.5
Model_Proj.dat 1 2033 Cofl 16605.5
Model_Proj.dat 1 2033 CLCI 24845.3
Model_Proj.dat 1 2033 CUCI 51400.2
Model_Proj.dat 1 2033 CMedian 28513.2
Model_Proj.dat 1 2033 CMean 32351.5
Model_Proj.dat 1 2033 CStdn 11015.2
Model_Proj.dat 1 2034 Cabc 15300.5
Model_Proj.dat 1 2034 Cofl 16605.5
Model_Proj.dat 1 2034 CLCI 18711.6
Model_Proj.dat 1 2034 CUCI 50651.3
Model_Proj.dat 1 2034 CMedian 23420.7
Model_Proj.dat 1 2034 CMean 27595.2
Model_Proj.dat 1 2034 CStdn 12188.2
Model_Proj.dat 1 2035 Cabc 15300.5
Model_Proj.dat 1 2035 Cofl 16605.5
Model_Proj.dat 1 2035 CLCI 13764.3
Model_Proj.dat 1 2035 CUCI 49245.9
Model_Proj.dat 1 2035 CMedian 19666.6
Model_Proj.dat 1 2035 CMean 23927.6
Model_Proj.dat 1 2035 CStdn 12896.2
Model_Proj.dat 1 2036 Cabc 15300.5
Model_Proj.dat 1 2036 Cofl 16605.5
Model_Proj.dat 1 2036 CLCI 7969.24
Model_Proj.dat 1 2036 CUCI 46283.9
Model_Proj.dat 1 2036 CMedian 16808.1
Model_Proj.dat 1 2036 CMean 20452.8
Model_Proj.dat 1 2036 CStdn 13732.1
Model_Proj.dat 1 2037 Cabc 15300.5
Model_Proj.dat 1 2037 Cofl 16605.5
Model_Proj.dat 1 2037 CLCI 5190.88
Model_Proj.dat 1 2037 CUCI 44762.6
Model_Proj.dat 1 2037 CMedian 14053.6
Model_Proj.dat 1 2037 CMean 17943
Model_Proj.dat 1 2037 CStdn 14031.2
Model_Proj.dat 1 2038 Cabc 15300.5
Model_Proj.dat 1 2038 Cofl 16605.5
Model_Proj.dat 1 2038 CLCI 3910.99
Model_Proj.dat 1 2038 CUCI 44638
Model_Proj.dat 1 2038 CMedian 11780.3
Model_Proj.dat 1 2038 CMean 16310.9
Model_Proj.dat 1 2038 CStdn 13976.6
Model_Proj.dat 1 2024 SSBF100 93559.2
Model_Proj.dat 1 2024 SSBFabc 37423.7
Model_Proj.dat 1 2024 SSBFofl 32745.7
Model_Proj.dat 1 2024 SSBLCI 187263
Model_Proj.dat 1 2024 SSBUCI 187263
Model_Proj.dat 1 2024 SSBMedian 187263
Model_Proj.dat 1 2024 SSBMean 187263
Model_Proj.dat 1 2025 SSBF100 93559.2
Model_Proj.dat 1 2025 SSBFabc 37423.7
Model_Proj.dat 1 2025 SSBFofl 32745.7
Model_Proj.dat 1 2025 SSBLCI 205740
Model_Proj.dat 1 2025 SSBUCI 205758
Model_Proj.dat 1 2025 SSBMedian 205741
Model_Proj.dat 1 2025 SSBMean 205744
Model_Proj.dat 1 2026 SSBF100 93559.2
Model_Proj.dat 1 2026 SSBFabc 37423.7
Model_Proj.dat 1 2026 SSBFofl 32745.7
Model_Proj.dat 1 2026 SSBLCI 221249
Model_Proj.dat 1 2026 SSBUCI 221352
Model_Proj.dat 1 2026 SSBMedian 221255
Model_Proj.dat 1 2026 SSBMean 221273
Model_Proj.dat 1 2027 SSBF100 93559.2
Model_Proj.dat 1 2027 SSBFabc 37423.7
Model_Proj.dat 1 2027 SSBFofl 32745.7
Model_Proj.dat 1 2027 SSBLCI 230849
Model_Proj.dat 1 2027 SSBUCI 231288
Model_Proj.dat 1 2027 SSBMedian 230875
Model_Proj.dat 1 2027 SSBMean 230946
Model_Proj.dat 1 2028 SSBF100 93559.2
Model_Proj.dat 1 2028 SSBFabc 37423.7
Model_Proj.dat 1 2028 SSBFofl 32745.7
Model_Proj.dat 1 2028 SSBLCI 200175
Model_Proj.dat 1 2028 SSBUCI 201610
Model_Proj.dat 1 2028 SSBMedian 200272
Model_Proj.dat 1 2028 SSBMean 200505
Model_Proj.dat 1 2029 SSBF100 93559.2
Model_Proj.dat 1 2029 SSBFabc 37423.7
Model_Proj.dat 1 2029 SSBFofl 32745.7
Model_Proj.dat 1 2029 SSBLCI 171365
Model_Proj.dat 1 2029 SSBUCI 175379
Model_Proj.dat 1 2029 SSBMedian 171673
Model_Proj.dat 1 2029 SSBMean 172344
Model_Proj.dat 1 2030 SSBF100 93559.2
Model_Proj.dat 1 2030 SSBFabc 37423.7
Model_Proj.dat 1 2030 SSBFofl 32745.7
Model_Proj.dat 1 2030 SSBLCI 143741
Model_Proj.dat 1 2030 SSBUCI 153463
Model_Proj.dat 1 2030 SSBMedian 144584
Model_Proj.dat 1 2030 SSBMean 146268
Model_Proj.dat 1 2031 SSBF100 93559.2
Model_Proj.dat 1 2031 SSBFabc 37423.7
Model_Proj.dat 1 2031 SSBFofl 32745.7
Model_Proj.dat 1 2031 SSBLCI 117086
Model_Proj.dat 1 2031 SSBUCI 138354
Model_Proj.dat 1 2031 SSBMedian 119085
Model_Proj.dat 1 2031 SSBMean 122645
Model_Proj.dat 1 2032 SSBF100 93559.2
Model_Proj.dat 1 2032 SSBFabc 37423.7
Model_Proj.dat 1 2032 SSBFofl 32745.7
Model_Proj.dat 1 2032 SSBLCI 91669.8
Model_Proj.dat 1 2032 SSBUCI 127535
Model_Proj.dat 1 2032 SSBMedian 95590.6
Model_Proj.dat 1 2032 SSBMean 101762
Model_Proj.dat 1 2033 SSBF100 93559.2
Model_Proj.dat 1 2033 SSBFabc 37423.7
Model_Proj.dat 1 2033 SSBFofl 32745.7
Model_Proj.dat 1 2033 SSBLCI 68743.9
Model_Proj.dat 1 2033 SSBUCI 125498
Model_Proj.dat 1 2033 SSBMedian 75406
Model_Proj.dat 1 2033 SSBMean 83942.3
Model_Proj.dat 1 2034 SSBF100 93559.2
Model_Proj.dat 1 2034 SSBFabc 37423.7
Model_Proj.dat 1 2034 SSBFofl 32745.7
Model_Proj.dat 1 2034 SSBLCI 50212.3
Model_Proj.dat 1 2034 SSBUCI 121502
Model_Proj.dat 1 2034 SSBMedian 59283.6
Model_Proj.dat 1 2034 SSBMean 69966.3
Model_Proj.dat 1 2035 SSBF100 93559.2
Model_Proj.dat 1 2035 SSBFabc 37423.7
Model_Proj.dat 1 2035 SSBFofl 32745.7
Model_Proj.dat 1 2035 SSBLCI 36345.8
Model_Proj.dat 1 2035 SSBUCI 121236
Model_Proj.dat 1 2035 SSBMedian 48437.7
Model_Proj.dat 1 2035 SSBMean 59626.2
Model_Proj.dat 1 2036 SSBF100 93559.2
Model_Proj.dat 1 2036 SSBFabc 37423.7
Model_Proj.dat 1 2036 SSBFofl 32745.7
Model_Proj.dat 1 2036 SSBLCI 27012.5
Model_Proj.dat 1 2036 SSBUCI 119404
Model_Proj.dat 1 2036 SSBMedian 40721.7
Model_Proj.dat 1 2036 SSBMean 52319.9
Model_Proj.dat 1 2037 SSBF100 93559.2
Model_Proj.dat 1 2037 SSBFabc 37423.7
Model_Proj.dat 1 2037 SSBFofl 32745.7
Model_Proj.dat 1 2037 SSBLCI 21775.8
Model_Proj.dat 1 2037 SSBUCI 110420
Model_Proj.dat 1 2037 SSBMedian 35471.8
Model_Proj.dat 1 2037 SSBMean 47412.5
Model_Proj.dat 1 2038 SSBF100 93559.2
Model_Proj.dat 1 2038 SSBFabc 37423.7
Model_Proj.dat 1 2038 SSBFofl 32745.7
Model_Proj.dat 1 2038 SSBLCI 18572.6
Model_Proj.dat 1 2038 SSBUCI 111148
Model_Proj.dat 1 2038 SSBMedian 32058.8
Model_Proj.dat 1 2038 SSBMean 44163.8
Model_Proj.dat 1 2024 F0 0 
Model_Proj.dat 1 2024 Fabc 0.346385
Model_Proj.dat 1 2024 Fofl 0.426077
Model_Proj.dat 1 2024  F_LCI 0.0471824
Model_Proj.dat 1 2024  F_UCI 0.0471824
Model_Proj.dat 1 2024  F_Median 0.0471824
Model_Proj.dat 1 2024  F_Mean 0.0471824
Model_Proj.dat 1 2025 F0 0 
Model_Proj.dat 1 2025 Fabc 0.346385
Model_Proj.dat 1 2025 Fofl 0.426077
Model_Proj.dat 1 2025  F_LCI 0.0424262
Model_Proj.dat 1 2025  F_UCI 0.0424375
Model_Proj.dat 1 2025  F_Median 0.0424371
Model_Proj.dat 1 2025  F_Mean 0.042435
Model_Proj.dat 1 2026 F0 0 
Model_Proj.dat 1 2026 Fabc 0.346385
Model_Proj.dat 1 2026 Fofl 0.426077
Model_Proj.dat 1 2026  F_LCI 0.0405092
Model_Proj.dat 1 2026  F_UCI 0.0405849
Model_Proj.dat 1 2026  F_Median 0.0405808
Model_Proj.dat 1 2026  F_Mean 0.0405672
Model_Proj.dat 1 2027 F0 0 
Model_Proj.dat 1 2027 Fabc 0.346385
Model_Proj.dat 1 2027 Fofl 0.426077
Model_Proj.dat 1 2027  F_LCI 0.346385
Model_Proj.dat 1 2027  F_UCI 0.346385
Model_Proj.dat 1 2027  F_Median 0.346385
Model_Proj.dat 1 2027  F_Mean 0.346385
Model_Proj.dat 1 2028 F0 0 
Model_Proj.dat 1 2028 Fabc 0.346385
Model_Proj.dat 1 2028 Fofl 0.426077
Model_Proj.dat 1 2028  F_LCI 0.346385
Model_Proj.dat 1 2028  F_UCI 0.346385
Model_Proj.dat 1 2028  F_Median 0.346385
Model_Proj.dat 1 2028  F_Mean 0.346385
Model_Proj.dat 1 2029 F0 0 
Model_Proj.dat 1 2029 Fabc 0.346385
Model_Proj.dat 1 2029 Fofl 0.426077
Model_Proj.dat 1 2029  F_LCI 0.346385
Model_Proj.dat 1 2029  F_UCI 0.346385
Model_Proj.dat 1 2029  F_Median 0.346385
Model_Proj.dat 1 2029  F_Mean 0.346385
Model_Proj.dat 1 2030 F0 0 
Model_Proj.dat 1 2030 Fabc 0.346385
Model_Proj.dat 1 2030 Fofl 0.426077
Model_Proj.dat 1 2030  F_LCI 0.346385
Model_Proj.dat 1 2030  F_UCI 0.346385
Model_Proj.dat 1 2030  F_Median 0.346385
Model_Proj.dat 1 2030  F_Mean 0.346385
Model_Proj.dat 1 2031 F0 0 
Model_Proj.dat 1 2031 Fabc 0.346385
Model_Proj.dat 1 2031 Fofl 0.426077
Model_Proj.dat 1 2031  F_LCI 0.346385
Model_Proj.dat 1 2031  F_UCI 0.346385
Model_Proj.dat 1 2031  F_Median 0.346385
Model_Proj.dat 1 2031  F_Mean 0.346385
Model_Proj.dat 1 2032 F0 0 
Model_Proj.dat 1 2032 Fabc 0.346385
Model_Proj.dat 1 2032 Fofl 0.426077
Model_Proj.dat 1 2032  F_LCI 0.346385
Model_Proj.dat 1 2032  F_UCI 0.346385
Model_Proj.dat 1 2032  F_Median 0.346385
Model_Proj.dat 1 2032  F_Mean 0.346385
Model_Proj.dat 1 2033 F0 0 
Model_Proj.dat 1 2033 Fabc 0.346385
Model_Proj.dat 1 2033 Fofl 0.426077
Model_Proj.dat 1 2033  F_LCI 0.346385
Model_Proj.dat 1 2033  F_UCI 0.346385
Model_Proj.dat 1 2033  F_Median 0.346385
Model_Proj.dat 1 2033  F_Mean 0.346385
Model_Proj.dat 1 2034 F0 0 
Model_Proj.dat 1 2034 Fabc 0.346385
Model_Proj.dat 1 2034 Fofl 0.426077
Model_Proj.dat 1 2034  F_LCI 0.346385
Model_Proj.dat 1 2034  F_UCI 0.346385
Model_Proj.dat 1 2034  F_Median 0.346385
Model_Proj.dat 1 2034  F_Mean 0.346385
Model_Proj.dat 1 2035 F0 0 
Model_Proj.dat 1 2035 Fabc 0.346385
Model_Proj.dat 1 2035 Fofl 0.426077
Model_Proj.dat 1 2035  F_LCI 0.335884
Model_Proj.dat 1 2035  F_UCI 0.346385
Model_Proj.dat 1 2035  F_Median 0.346385
Model_Proj.dat 1 2035  F_Mean 0.345294
Model_Proj.dat 1 2036 F0 0 
Model_Proj.dat 1 2036 Fabc 0.346385
Model_Proj.dat 1 2036 Fofl 0.426077
Model_Proj.dat 1 2036  F_LCI 0.24495
Model_Proj.dat 1 2036  F_UCI 0.346385
Model_Proj.dat 1 2036  F_Median 0.346385
Model_Proj.dat 1 2036  F_Mean 0.320432
Model_Proj.dat 1 2037 F0 0 
Model_Proj.dat 1 2037 Fabc 0.346385
Model_Proj.dat 1 2037 Fofl 0.426077
Model_Proj.dat 1 2037  F_LCI 0.193929
Model_Proj.dat 1 2037  F_UCI 0.346385
Model_Proj.dat 1 2037  F_Median 0.327368
Model_Proj.dat 1 2037  F_Mean 0.29578
Model_Proj.dat 1 2038 F0 0 
Model_Proj.dat 1 2038 Fabc 0.346385
Model_Proj.dat 1 2038 Fofl 0.426077
Model_Proj.dat 1 2038  F_LCI 0.162721
Model_Proj.dat 1 2038  F_UCI 0.346385
Model_Proj.dat 1 2038  F_Median 0.294116
Model_Proj.dat 1 2038  F_Mean 0.27885
Model_Proj.dat 2 2024 Cabc 15300.5
Model_Proj.dat 2 2024 Cofl 16605.5
Model_Proj.dat 2 2024 CLCI 11000
Model_Proj.dat 2 2024 CUCI 11000
Model_Proj.dat 2 2024 CMedian 11000
Model_Proj.dat 2 2024 CMean 11000
Model_Proj.dat 2 2024 CStdn 1.21872e-10
Model_Proj.dat 2 2025 Cabc 15300.5
Model_Proj.dat 2 2025 Cofl 16605.5
Model_Proj.dat 2 2025 CLCI 10500
Model_Proj.dat 2 2025 CUCI 10500
Model_Proj.dat 2 2025 CMedian 10500
Model_Proj.dat 2 2025 CMean 10500
Model_Proj.dat 2 2025 CStdn 3.59296e-07
Model_Proj.dat 2 2026 Cabc 15300.5
Model_Proj.dat 2 2026 Cofl 16605.5
Model_Proj.dat 2 2026 CLCI 10500
Model_Proj.dat 2 2026 CUCI 10500
Model_Proj.dat 2 2026 CMedian 10500
Model_Proj.dat 2 2026 CMean 10500
Model_Proj.dat 2 2026 CStdn 6.36733e-05
Model_Proj.dat 2 2027 Cabc 15300.5
Model_Proj.dat 2 2027 Cofl 16605.5
Model_Proj.dat 2 2027 CLCI 85294.6
Model_Proj.dat 2 2027 CUCI 86084.2
Model_Proj.dat 2 2027 CMedian 85341.9
Model_Proj.dat 2 2027 CMean 85470
Model_Proj.dat 2 2027 CStdn 433.961
Model_Proj.dat 2 2028 Cabc 15300.5
Model_Proj.dat 2 2028 Cofl 16605.5
Model_Proj.dat 2 2028 CLCI 73844.5
Model_Proj.dat 2 2028 CUCI 76187.9
Model_Proj.dat 2 2028 CMedian 74009.5
Model_Proj.dat 2 2028 CMean 74400.4
Model_Proj.dat 2 2028 CStdn 1264.33
Model_Proj.dat 2 2029 Cabc 15300.5
Model_Proj.dat 2 2029 Cofl 16605.5
Model_Proj.dat 2 2029 CLCI 62658.1
Model_Proj.dat 2 2029 CUCI 67834.3
Model_Proj.dat 2 2029 CMedian 63112.6
Model_Proj.dat 2 2029 CMean 63991.6
Model_Proj.dat 2 2029 CStdn 2775.08
Model_Proj.dat 2 2030 Cabc 15300.5
Model_Proj.dat 2 2030 Cofl 16605.5
Model_Proj.dat 2 2030 CLCI 51814.4
Model_Proj.dat 2 2030 CUCI 61189.6
Model_Proj.dat 2 2030 CMedian 52774.2
Model_Proj.dat 2 2030 CMean 54378.4
Model_Proj.dat 2 2030 CStdn 4872.63
Model_Proj.dat 2 2031 Cabc 15300.5
Model_Proj.dat 2 2031 Cofl 16605.5
Model_Proj.dat 2 2031 CLCI 41622.8
Model_Proj.dat 2 2031 CUCI 56659.1
Model_Proj.dat 2 2031 CMedian 43346.7
Model_Proj.dat 2 2031 CMean 45773.7
Model_Proj.dat 2 2031 CStdn 7192.67
Model_Proj.dat 2 2032 Cabc 15300.5
Model_Proj.dat 2 2032 Cofl 16605.5
Model_Proj.dat 2 2032 CLCI 32535.3
Model_Proj.dat 2 2032 CUCI 55786.7
Model_Proj.dat 2 2032 CMedian 35200.7
Model_Proj.dat 2 2032 CMean 38422.3
Model_Proj.dat 2 2032 CStdn 9324.87
Model_Proj.dat 2 2033 Cabc 15300.5
Model_Proj.dat 2 2033 Cofl 16605.5
Model_Proj.dat 2 2033 CLCI 24845.3
Model_Proj.dat 2 2033 CUCI 51400.2
Model_Proj.dat 2 2033 CMedian 28513.2
Model_Proj.dat 2 2033 CMean 32351.5
Model_Proj.dat 2 2033 CStdn 11015.2
Model_Proj.dat 2 2034 Cabc 15300.5
Model_Proj.dat 2 2034 Cofl 16605.5
Model_Proj.dat 2 2034 CLCI 18711.6
Model_Proj.dat 2 2034 CUCI 50651.3
Model_Proj.dat 2 2034 CMedian 23420.7
Model_Proj.dat 2 2034 CMean 27595.2
Model_Proj.dat 2 2034 CStdn 12188.2
Model_Proj.dat 2 2035 Cabc 15300.5
Model_Proj.dat 2 2035 Cofl 16605.5
Model_Proj.dat 2 2035 CLCI 13764.3
Model_Proj.dat 2 2035 CUCI 49245.9
Model_Proj.dat 2 2035 CMedian 19666.6
Model_Proj.dat 2 2035 CMean 23927.6
Model_Proj.dat 2 2035 CStdn 12896.2
Model_Proj.dat 2 2036 Cabc 15300.5
Model_Proj.dat 2 2036 Cofl 16605.5
Model_Proj.dat 2 2036 CLCI 7969.24
Model_Proj.dat 2 2036 CUCI 46283.9
Model_Proj.dat 2 2036 CMedian 16808.1
Model_Proj.dat 2 2036 CMean 20452.8
Model_Proj.dat 2 2036 CStdn 13732.1
Model_Proj.dat 2 2037 Cabc 15300.5
Model_Proj.dat 2 2037 Cofl 16605.5
Model_Proj.dat 2 2037 CLCI 5190.88
Model_Proj.dat 2 2037 CUCI 44762.6
Model_Proj.dat 2 2037 CMedian 14053.6
Model_Proj.dat 2 2037 CMean 17943
Model_Proj.dat 2 2037 CStdn 14031.2
Model_Proj.dat 2 2038 Cabc 15300.5
Model_Proj.dat 2 2038 Cofl 16605.5
Model_Proj.dat 2 2038 CLCI 3910.99
Model_Proj.dat 2 2038 CUCI 44638
Model_Proj.dat 2 2038 CMedian 11780.3
Model_Proj.dat 2 2038 CMean 16310.9
Model_Proj.dat 2 2038 CStdn 13976.6
Model_Proj.dat 2 2024 SSBF100 93559.2
Model_Proj.dat 2 2024 SSBFabc 37423.7
Model_Proj.dat 2 2024 SSBFofl 32745.7
Model_Proj.dat 2 2024 SSBLCI 187263
Model_Proj.dat 2 2024 SSBUCI 187263
Model_Proj.dat 2 2024 SSBMedian 187263
Model_Proj.dat 2 2024 SSBMean 187263
Model_Proj.dat 2 2025 SSBF100 93559.2
Model_Proj.dat 2 2025 SSBFabc 37423.7
Model_Proj.dat 2 2025 SSBFofl 32745.7
Model_Proj.dat 2 2025 SSBLCI 205740
Model_Proj.dat 2 2025 SSBUCI 205758
Model_Proj.dat 2 2025 SSBMedian 205741
Model_Proj.dat 2 2025 SSBMean 205744
Model_Proj.dat 2 2026 SSBF100 93559.2
Model_Proj.dat 2 2026 SSBFabc 37423.7
Model_Proj.dat 2 2026 SSBFofl 32745.7
Model_Proj.dat 2 2026 SSBLCI 221249
Model_Proj.dat 2 2026 SSBUCI 221352
Model_Proj.dat 2 2026 SSBMedian 221255
Model_Proj.dat 2 2026 SSBMean 221273
Model_Proj.dat 2 2027 SSBF100 93559.2
Model_Proj.dat 2 2027 SSBFabc 37423.7
Model_Proj.dat 2 2027 SSBFofl 32745.7
Model_Proj.dat 2 2027 SSBLCI 230849
Model_Proj.dat 2 2027 SSBUCI 231288
Model_Proj.dat 2 2027 SSBMedian 230875
Model_Proj.dat 2 2027 SSBMean 230946
Model_Proj.dat 2 2028 SSBF100 93559.2
Model_Proj.dat 2 2028 SSBFabc 37423.7
Model_Proj.dat 2 2028 SSBFofl 32745.7
Model_Proj.dat 2 2028 SSBLCI 200175
Model_Proj.dat 2 2028 SSBUCI 201610
Model_Proj.dat 2 2028 SSBMedian 200272
Model_Proj.dat 2 2028 SSBMean 200505
Model_Proj.dat 2 2029 SSBF100 93559.2
Model_Proj.dat 2 2029 SSBFabc 37423.7
Model_Proj.dat 2 2029 SSBFofl 32745.7
Model_Proj.dat 2 2029 SSBLCI 171365
Model_Proj.dat 2 2029 SSBUCI 175379
Model_Proj.dat 2 2029 SSBMedian 171673
Model_Proj.dat 2 2029 SSBMean 172344
Model_Proj.dat 2 2030 SSBF100 93559.2
Model_Proj.dat 2 2030 SSBFabc 37423.7
Model_Proj.dat 2 2030 SSBFofl 32745.7
Model_Proj.dat 2 2030 SSBLCI 143741
Model_Proj.dat 2 2030 SSBUCI 153463
Model_Proj.dat 2 2030 SSBMedian 144584
Model_Proj.dat 2 2030 SSBMean 146268
Model_Proj.dat 2 2031 SSBF100 93559.2
Model_Proj.dat 2 2031 SSBFabc 37423.7
Model_Proj.dat 2 2031 SSBFofl 32745.7
Model_Proj.dat 2 2031 SSBLCI 117086
Model_Proj.dat 2 2031 SSBUCI 138354
Model_Proj.dat 2 2031 SSBMedian 119085
Model_Proj.dat 2 2031 SSBMean 122645
Model_Proj.dat 2 2032 SSBF100 93559.2
Model_Proj.dat 2 2032 SSBFabc 37423.7
Model_Proj.dat 2 2032 SSBFofl 32745.7
Model_Proj.dat 2 2032 SSBLCI 91669.8
Model_Proj.dat 2 2032 SSBUCI 127535
Model_Proj.dat 2 2032 SSBMedian 95590.6
Model_Proj.dat 2 2032 SSBMean 101762
Model_Proj.dat 2 2033 SSBF100 93559.2
Model_Proj.dat 2 2033 SSBFabc 37423.7
Model_Proj.dat 2 2033 SSBFofl 32745.7
Model_Proj.dat 2 2033 SSBLCI 68743.9
Model_Proj.dat 2 2033 SSBUCI 125498
Model_Proj.dat 2 2033 SSBMedian 75406
Model_Proj.dat 2 2033 SSBMean 83942.3
Model_Proj.dat 2 2034 SSBF100 93559.2
Model_Proj.dat 2 2034 SSBFabc 37423.7
Model_Proj.dat 2 2034 SSBFofl 32745.7
Model_Proj.dat 2 2034 SSBLCI 50212.3
Model_Proj.dat 2 2034 SSBUCI 121502
Model_Proj.dat 2 2034 SSBMedian 59283.6
Model_Proj.dat 2 2034 SSBMean 69966.3
Model_Proj.dat 2 2035 SSBF100 93559.2
Model_Proj.dat 2 2035 SSBFabc 37423.7
Model_Proj.dat 2 2035 SSBFofl 32745.7
Model_Proj.dat 2 2035 SSBLCI 36345.8
Model_Proj.dat 2 2035 SSBUCI 121236
Model_Proj.dat 2 2035 SSBMedian 48437.7
Model_Proj.dat 2 2035 SSBMean 59626.2
Model_Proj.dat 2 2036 SSBF100 93559.2
Model_Proj.dat 2 2036 SSBFabc 37423.7
Model_Proj.dat 2 2036 SSBFofl 32745.7
Model_Proj.dat 2 2036 SSBLCI 27012.5
Model_Proj.dat 2 2036 SSBUCI 119404
Model_Proj.dat 2 2036 SSBMedian 40721.7
Model_Proj.dat 2 2036 SSBMean 52319.9
Model_Proj.dat 2 2037 SSBF100 93559.2
Model_Proj.dat 2 2037 SSBFabc 37423.7
Model_Proj.dat 2 2037 SSBFofl 32745.7
Model_Proj.dat 2 2037 SSBLCI 21775.8
Model_Proj.dat 2 2037 SSBUCI 110420
Model_Proj.dat 2 2037 SSBMedian 35471.8
Model_Proj.dat 2 2037 SSBMean 47412.5
Model_Proj.dat 2 2038 SSBF100 93559.2
Model_Proj.dat 2 2038 SSBFabc 37423.7
Model_Proj.dat 2 2038 SSBFofl 32745.7
Model_Proj.dat 2 2038 SSBLCI 18572.6
Model_Proj.dat 2 2038 SSBUCI 111148
Model_Proj.dat 2 2038 SSBMedian 32058.8
Model_Proj.dat 2 2038 SSBMean 44163.8
Model_Proj.dat 2 2024 F0 0 
Model_Proj.dat 2 2024 Fabc 0.346385
Model_Proj.dat 2 2024 Fofl 0.426077
Model_Proj.dat 2 2024  F_LCI 0.0471824
Model_Proj.dat 2 2024  F_UCI 0.0471824
Model_Proj.dat 2 2024  F_Median 0.0471824
Model_Proj.dat 2 2024  F_Mean 0.0471824
Model_Proj.dat 2 2025 F0 0 
Model_Proj.dat 2 2025 Fabc 0.346385
Model_Proj.dat 2 2025 Fofl 0.426077
Model_Proj.dat 2 2025  F_LCI 0.0424262
Model_Proj.dat 2 2025  F_UCI 0.0424375
Model_Proj.dat 2 2025  F_Median 0.0424371
Model_Proj.dat 2 2025  F_Mean 0.042435
Model_Proj.dat 2 2026 F0 0 
Model_Proj.dat 2 2026 Fabc 0.346385
Model_Proj.dat 2 2026 Fofl 0.426077
Model_Proj.dat 2 2026  F_LCI 0.0405092
Model_Proj.dat 2 2026  F_UCI 0.0405849
Model_Proj.dat 2 2026  F_Median 0.0405808
Model_Proj.dat 2 2026  F_Mean 0.0405672
Model_Proj.dat 2 2027 F0 0 
Model_Proj.dat 2 2027 Fabc 0.346385
Model_Proj.dat 2 2027 Fofl 0.426077
Model_Proj.dat 2 2027  F_LCI 0.346385
Model_Proj.dat 2 2027  F_UCI 0.346385
Model_Proj.dat 2 2027  F_Median 0.346385
Model_Proj.dat 2 2027  F_Mean 0.346385
Model_Proj.dat 2 2028 F0 0 
Model_Proj.dat 2 2028 Fabc 0.346385
Model_Proj.dat 2 2028 Fofl 0.426077
Model_Proj.dat 2 2028  F_LCI 0.346385
Model_Proj.dat 2 2028  F_UCI 0.346385
Model_Proj.dat 2 2028  F_Median 0.346385
Model_Proj.dat 2 2028  F_Mean 0.346385
Model_Proj.dat 2 2029 F0 0 
Model_Proj.dat 2 2029 Fabc 0.346385
Model_Proj.dat 2 2029 Fofl 0.426077
Model_Proj.dat 2 2029  F_LCI 0.346385
Model_Proj.dat 2 2029  F_UCI 0.346385
Model_Proj.dat 2 2029  F_Median 0.346385
Model_Proj.dat 2 2029  F_Mean 0.346385
Model_Proj.dat 2 2030 F0 0 
Model_Proj.dat 2 2030 Fabc 0.346385
Model_Proj.dat 2 2030 Fofl 0.426077
Model_Proj.dat 2 2030  F_LCI 0.346385
Model_Proj.dat 2 2030  F_UCI 0.346385
Model_Proj.dat 2 2030  F_Median 0.346385
Model_Proj.dat 2 2030  F_Mean 0.346385
Model_Proj.dat 2 2031 F0 0 
Model_Proj.dat 2 2031 Fabc 0.346385
Model_Proj.dat 2 2031 Fofl 0.426077
Model_Proj.dat 2 2031  F_LCI 0.346385
Model_Proj.dat 2 2031  F_UCI 0.346385
Model_Proj.dat 2 2031  F_Median 0.346385
Model_Proj.dat 2 2031  F_Mean 0.346385
Model_Proj.dat 2 2032 F0 0 
Model_Proj.dat 2 2032 Fabc 0.346385
Model_Proj.dat 2 2032 Fofl 0.426077
Model_Proj.dat 2 2032  F_LCI 0.346385
Model_Proj.dat 2 2032  F_UCI 0.346385
Model_Proj.dat 2 2032  F_Median 0.346385
Model_Proj.dat 2 2032  F_Mean 0.346385
Model_Proj.dat 2 2033 F0 0 
Model_Proj.dat 2 2033 Fabc 0.346385
Model_Proj.dat 2 2033 Fofl 0.426077
Model_Proj.dat 2 2033  F_LCI 0.346385
Model_Proj.dat 2 2033  F_UCI 0.346385
Model_Proj.dat 2 2033  F_Median 0.346385
Model_Proj.dat 2 2033  F_Mean 0.346385
Model_Proj.dat 2 2034 F0 0 
Model_Proj.dat 2 2034 Fabc 0.346385
Model_Proj.dat 2 2034 Fofl 0.426077
Model_Proj.dat 2 2034  F_LCI 0.346385
Model_Proj.dat 2 2034  F_UCI 0.346385
Model_Proj.dat 2 2034  F_Median 0.346385
Model_Proj.dat 2 2034  F_Mean 0.346385
Model_Proj.dat 2 2035 F0 0 
Model_Proj.dat 2 2035 Fabc 0.346385
Model_Proj.dat 2 2035 Fofl 0.426077
Model_Proj.dat 2 2035  F_LCI 0.335884
Model_Proj.dat 2 2035  F_UCI 0.346385
Model_Proj.dat 2 2035  F_Median 0.346385
Model_Proj.dat 2 2035  F_Mean 0.345294
Model_Proj.dat 2 2036 F0 0 
Model_Proj.dat 2 2036 Fabc 0.346385
Model_Proj.dat 2 2036 Fofl 0.426077
Model_Proj.dat 2 2036  F_LCI 0.24495
Model_Proj.dat 2 2036  F_UCI 0.346385
Model_Proj.dat 2 2036  F_Median 0.346385
Model_Proj.dat 2 2036  F_Mean 0.320432
Model_Proj.dat 2 2037 F0 0 
Model_Proj.dat 2 2037 Fabc 0.346385
Model_Proj.dat 2 2037 Fofl 0.426077
Model_Proj.dat 2 2037  F_LCI 0.193929
Model_Proj.dat 2 2037  F_UCI 0.346385
Model_Proj.dat 2 2037  F_Median 0.327368
Model_Proj.dat 2 2037  F_Mean 0.29578
Model_Proj.dat 2 2038 F0 0 
Model_Proj.dat 2 2038 Fabc 0.346385
Model_Proj.dat 2 2038 Fofl 0.426077
Model_Proj.dat 2 2038  F_LCI 0.162721
Model_Proj.dat 2 2038  F_UCI 0.346385
Model_Proj.dat 2 2038  F_Median 0.294116
Model_Proj.dat 2 2038  F_Mean 0.27885
Model_Proj.dat 3 2024 Cabc 15300.5
Model_Proj.dat 3 2024 Cofl 16605.5
Model_Proj.dat 3 2024 CLCI 11000
Model_Proj.dat 3 2024 CUCI 11000
Model_Proj.dat 3 2024 CMedian 11000
Model_Proj.dat 3 2024 CMean 11000
Model_Proj.dat 3 2024 CStdn 1.21872e-10
Model_Proj.dat 3 2025 Cabc 15300.5
Model_Proj.dat 3 2025 Cofl 16605.5
Model_Proj.dat 3 2025 CLCI 10500
Model_Proj.dat 3 2025 CUCI 10500
Model_Proj.dat 3 2025 CMedian 10500
Model_Proj.dat 3 2025 CMean 10500
Model_Proj.dat 3 2025 CStdn 3.59296e-07
Model_Proj.dat 3 2026 Cabc 15300.5
Model_Proj.dat 3 2026 Cofl 16605.5
Model_Proj.dat 3 2026 CLCI 10500
Model_Proj.dat 3 2026 CUCI 10500
Model_Proj.dat 3 2026 CMedian 10500
Model_Proj.dat 3 2026 CMean 10500
Model_Proj.dat 3 2026 CStdn 6.36733e-05
Model_Proj.dat 3 2027 Cabc 15300.5
Model_Proj.dat 3 2027 Cofl 16605.5
Model_Proj.dat 3 2027 CLCI 13908.5
Model_Proj.dat 3 2027 CUCI 14028.8
Model_Proj.dat 3 2027 CMedian 13915.7
Model_Proj.dat 3 2027 CMean 13935.2
Model_Proj.dat 3 2027 CStdn 66.1647
Model_Proj.dat 3 2028 Cabc 15300.5
Model_Proj.dat 3 2028 Cofl 16605.5
Model_Proj.dat 3 2028 CLCI 13841.7
Model_Proj.dat 3 2028 CUCI 14203
Model_Proj.dat 3 2028 CMedian 13867.1
Model_Proj.dat 3 2028 CMean 13927.2
Model_Proj.dat 3 2028 CStdn 194.675
Model_Proj.dat 3 2029 Cabc 15300.5
Model_Proj.dat 3 2029 Cofl 16605.5
Model_Proj.dat 3 2029 CLCI 13440.3
Model_Proj.dat 3 2029 CUCI 14247.6
Model_Proj.dat 3 2029 CMedian 13511
Model_Proj.dat 3 2029 CMean 13648.4
Model_Proj.dat 3 2029 CStdn 435.331
Model_Proj.dat 3 2030 Cabc 15300.5
Model_Proj.dat 3 2030 Cofl 16605.5
Model_Proj.dat 3 2030 CLCI 12714.8
Model_Proj.dat 3 2030 CUCI 14230.1
Model_Proj.dat 3 2030 CMedian 12867.7
Model_Proj.dat 3 2030 CMean 13125.4
Model_Proj.dat 3 2030 CStdn 787.651
Model_Proj.dat 3 2031 Cabc 15300.5
Model_Proj.dat 3 2031 Cofl 16605.5
Model_Proj.dat 3 2031 CLCI 11724.9
Model_Proj.dat 3 2031 CUCI 14193.6
Model_Proj.dat 3 2031 CMedian 12005.2
Model_Proj.dat 3 2031 CMean 12413.9
Model_Proj.dat 3 2031 CStdn 1212.34
Model_Proj.dat 3 2032 Cabc 15300.5
Model_Proj.dat 3 2032 Cofl 16605.5
Model_Proj.dat 3 2032 CLCI 10583.6
Model_Proj.dat 3 2032 CUCI 14533.2
Model_Proj.dat 3 2032 CMedian 11034.4
Model_Proj.dat 3 2032 CMean 11606
Model_Proj.dat 3 2032 CStdn 1654.72
Model_Proj.dat 3 2033 Cabc 15300.5
Model_Proj.dat 3 2033 Cofl 16605.5
Model_Proj.dat 3 2033 CLCI 9361.14
Model_Proj.dat 3 2033 CUCI 14498.5
Model_Proj.dat 3 2033 CMedian 10004.6
Model_Proj.dat 3 2033 CMean 10732.8
Model_Proj.dat 3 2033 CStdn 2068.59
Model_Proj.dat 3 2034 Cabc 15300.5
Model_Proj.dat 3 2034 Cofl 16605.5
Model_Proj.dat 3 2034 CLCI 8161.53
Model_Proj.dat 3 2034 CUCI 14410.4
Model_Proj.dat 3 2034 CMedian 9056.38
Model_Proj.dat 3 2034 CMean 9886.27
Model_Proj.dat 3 2034 CStdn 2423.52
Model_Proj.dat 3 2035 Cabc 15300.5
Model_Proj.dat 3 2035 Cofl 16605.5
Model_Proj.dat 3 2035 CLCI 7067.48
Model_Proj.dat 3 2035 CUCI 14312.4
Model_Proj.dat 3 2035 CMedian 8158.41
Model_Proj.dat 3 2035 CMean 9083.21
Model_Proj.dat 3 2035 CStdn 2702.34
Model_Proj.dat 3 2036 Cabc 15300.5
Model_Proj.dat 3 2036 Cofl 16605.5
Model_Proj.dat 3 2036 CLCI 6096.43
Model_Proj.dat 3 2036 CUCI 14100.5
Model_Proj.dat 3 2036 CMedian 7388.64
Model_Proj.dat 3 2036 CMean 8371.76
Model_Proj.dat 3 2036 CStdn 2900.97
Model_Proj.dat 3 2037 Cabc 15300.5
Model_Proj.dat 3 2037 Cofl 16605.5
Model_Proj.dat 3 2037 CLCI 5219.69
Model_Proj.dat 3 2037 CUCI 13885.5
Model_Proj.dat 3 2037 CMedian 6658.86
Model_Proj.dat 3 2037 CMean 7703.5
Model_Proj.dat 3 2037 CStdn 3029.73
Model_Proj.dat 3 2038 Cabc 15300.5
Model_Proj.dat 3 2038 Cofl 16605.5
Model_Proj.dat 3 2038 CLCI 4475.41
Model_Proj.dat 3 2038 CUCI 13212.2
Model_Proj.dat 3 2038 CMedian 6023
Model_Proj.dat 3 2038 CMean 7119.84
Model_Proj.dat 3 2038 CStdn 3105.82
Model_Proj.dat 3 2024 SSBF100 93559.2
Model_Proj.dat 3 2024 SSBFabc 37423.7
Model_Proj.dat 3 2024 SSBFofl 32745.7
Model_Proj.dat 3 2024 SSBLCI 187263
Model_Proj.dat 3 2024 SSBUCI 187263
Model_Proj.dat 3 2024 SSBMedian 187263
Model_Proj.dat 3 2024 SSBMean 187263
Model_Proj.dat 3 2025 SSBF100 93559.2
Model_Proj.dat 3 2025 SSBFabc 37423.7
Model_Proj.dat 3 2025 SSBFofl 32745.7
Model_Proj.dat 3 2025 SSBLCI 205740
Model_Proj.dat 3 2025 SSBUCI 205758
Model_Proj.dat 3 2025 SSBMedian 205741
Model_Proj.dat 3 2025 SSBMean 205744
Model_Proj.dat 3 2026 SSBF100 93559.2
Model_Proj.dat 3 2026 SSBFabc 37423.7
Model_Proj.dat 3 2026 SSBFofl 32745.7
Model_Proj.dat 3 2026 SSBLCI 221249
Model_Proj.dat 3 2026 SSBUCI 221352
Model_Proj.dat 3 2026 SSBMedian 221255
Model_Proj.dat 3 2026 SSBMean 221273
Model_Proj.dat 3 2027 SSBF100 93559.2
Model_Proj.dat 3 2027 SSBFabc 37423.7
Model_Proj.dat 3 2027 SSBFofl 32745.7
Model_Proj.dat 3 2027 SSBLCI 230849
Model_Proj.dat 3 2027 SSBUCI 231288
Model_Proj.dat 3 2027 SSBMedian 230875
Model_Proj.dat 3 2027 SSBMean 230946
Model_Proj.dat 3 2028 SSBF100 93559.2
Model_Proj.dat 3 2028 SSBFabc 37423.7
Model_Proj.dat 3 2028 SSBFofl 32745.7
Model_Proj.dat 3 2028 SSBLCI 233513
Model_Proj.dat 3 2028 SSBUCI 234957
Model_Proj.dat 3 2028 SSBMedian 233611
Model_Proj.dat 3 2028 SSBMean 233845
Model_Proj.dat 3 2029 SSBF100 93559.2
Model_Proj.dat 3 2029 SSBFabc 37423.7
Model_Proj.dat 3 2029 SSBFofl 32745.7
Model_Proj.dat 3 2029 SSBLCI 230732
Model_Proj.dat 3 2029 SSBUCI 234822
Model_Proj.dat 3 2029 SSBMedian 231041
Model_Proj.dat 3 2029 SSBMean 231725
Model_Proj.dat 3 2030 SSBF100 93559.2
Model_Proj.dat 3 2030 SSBFabc 37423.7
Model_Proj.dat 3 2030 SSBFofl 32745.7
Model_Proj.dat 3 2030 SSBLCI 221846
Model_Proj.dat 3 2030 SSBUCI 232024
Model_Proj.dat 3 2030 SSBMedian 222711
Model_Proj.dat 3 2030 SSBMean 224462
Model_Proj.dat 3 2031 SSBF100 93559.2
Model_Proj.dat 3 2031 SSBFabc 37423.7
Model_Proj.dat 3 2031 SSBFofl 32745.7
Model_Proj.dat 3 2031 SSBLCI 206941
Model_Proj.dat 3 2031 SSBUCI 229964
Model_Proj.dat 3 2031 SSBMedian 209041
Model_Proj.dat 3 2031 SSBMean 212903
Model_Proj.dat 3 2032 SSBF100 93559.2
Model_Proj.dat 3 2032 SSBFabc 37423.7
Model_Proj.dat 3 2032 SSBFofl 32745.7
Model_Proj.dat 3 2032 SSBLCI 187049
Model_Proj.dat 3 2032 SSBUCI 227758
Model_Proj.dat 3 2032 SSBMedian 191364
Model_Proj.dat 3 2032 SSBMean 198403
Model_Proj.dat 3 2033 SSBF100 93559.2
Model_Proj.dat 3 2033 SSBFabc 37423.7
Model_Proj.dat 3 2033 SSBFofl 32745.7
Model_Proj.dat 3 2033 SSBLCI 163854
Model_Proj.dat 3 2033 SSBUCI 228769
Model_Proj.dat 3 2033 SSBMedian 171373
Model_Proj.dat 3 2033 SSBMean 181902
Model_Proj.dat 3 2034 SSBF100 93559.2
Model_Proj.dat 3 2034 SSBFabc 37423.7
Model_Proj.dat 3 2034 SSBFofl 32745.7
Model_Proj.dat 3 2034 SSBLCI 140795
Model_Proj.dat 3 2034 SSBUCI 239321
Model_Proj.dat 3 2034 SSBMedian 152227
Model_Proj.dat 3 2034 SSBMean 165809
Model_Proj.dat 3 2035 SSBF100 93559.2
Model_Proj.dat 3 2035 SSBFabc 37423.7
Model_Proj.dat 3 2035 SSBFofl 32745.7
Model_Proj.dat 3 2035 SSBLCI 119567
Model_Proj.dat 3 2035 SSBUCI 236175
Model_Proj.dat 3 2035 SSBMedian 135258
Model_Proj.dat 3 2035 SSBMean 150974
Model_Proj.dat 3 2036 SSBF100 93559.2
Model_Proj.dat 3 2036 SSBFabc 37423.7
Model_Proj.dat 3 2036 SSBFofl 32745.7
Model_Proj.dat 3 2036 SSBLCI 101537
Model_Proj.dat 3 2036 SSBUCI 236538
Model_Proj.dat 3 2036 SSBMedian 121346
Model_Proj.dat 3 2036 SSBMean 138226
Model_Proj.dat 3 2037 SSBF100 93559.2
Model_Proj.dat 3 2037 SSBFabc 37423.7
Model_Proj.dat 3 2037 SSBFofl 32745.7
Model_Proj.dat 3 2037 SSBLCI 86200.3
Model_Proj.dat 3 2037 SSBUCI 230892
Model_Proj.dat 3 2037 SSBMedian 109115
Model_Proj.dat 3 2037 SSBMean 126604
Model_Proj.dat 3 2038 SSBF100 93559.2
Model_Proj.dat 3 2038 SSBFabc 37423.7
Model_Proj.dat 3 2038 SSBFofl 32745.7
Model_Proj.dat 3 2038 SSBLCI 72968.9
Model_Proj.dat 3 2038 SSBUCI 223183
Model_Proj.dat 3 2038 SSBMedian 98161.9
Model_Proj.dat 3 2038 SSBMean 116576
Model_Proj.dat 3 2024 F0 0 
Model_Proj.dat 3 2024 Fabc 0.346385
Model_Proj.dat 3 2024 Fofl 0.426077
Model_Proj.dat 3 2024  F_LCI 0.0471824
Model_Proj.dat 3 2024  F_UCI 0.0471824
Model_Proj.dat 3 2024  F_Median 0.0471824
Model_Proj.dat 3 2024  F_Mean 0.0471824
Model_Proj.dat 3 2025 F0 0 
Model_Proj.dat 3 2025 Fabc 0.346385
Model_Proj.dat 3 2025 Fofl 0.426077
Model_Proj.dat 3 2025  F_LCI 0.0424262
Model_Proj.dat 3 2025  F_UCI 0.0424375
Model_Proj.dat 3 2025  F_Median 0.0424371
Model_Proj.dat 3 2025  F_Mean 0.042435
Model_Proj.dat 3 2026 F0 0 
Model_Proj.dat 3 2026 Fabc 0.346385
Model_Proj.dat 3 2026 Fofl 0.426077
Model_Proj.dat 3 2026  F_LCI 0.0405092
Model_Proj.dat 3 2026  F_UCI 0.0405849
Model_Proj.dat 3 2026  F_Median 0.0405808
Model_Proj.dat 3 2026  F_Mean 0.0405672
Model_Proj.dat 3 2027 F0 0 
Model_Proj.dat 3 2027 Fabc 0.346385
Model_Proj.dat 3 2027 Fofl 0.426077
Model_Proj.dat 3 2027  F_LCI 0.0526297
Model_Proj.dat 3 2027  F_UCI 0.0526297
Model_Proj.dat 3 2027  F_Median 0.0526297
Model_Proj.dat 3 2027  F_Mean 0.0526297
Model_Proj.dat 3 2028 F0 0 
Model_Proj.dat 3 2028 Fabc 0.346385
Model_Proj.dat 3 2028 Fofl 0.426077
Model_Proj.dat 3 2028  F_LCI 0.0526297
Model_Proj.dat 3 2028  F_UCI 0.0526297
Model_Proj.dat 3 2028  F_Median 0.0526297
Model_Proj.dat 3 2028  F_Mean 0.0526297
Model_Proj.dat 3 2029 F0 0 
Model_Proj.dat 3 2029 Fabc 0.346385
Model_Proj.dat 3 2029 Fofl 0.426077
Model_Proj.dat 3 2029  F_LCI 0.0526297
Model_Proj.dat 3 2029  F_UCI 0.0526297
Model_Proj.dat 3 2029  F_Median 0.0526297
Model_Proj.dat 3 2029  F_Mean 0.0526297
Model_Proj.dat 3 2030 F0 0 
Model_Proj.dat 3 2030 Fabc 0.346385
Model_Proj.dat 3 2030 Fofl 0.426077
Model_Proj.dat 3 2030  F_LCI 0.0526297
Model_Proj.dat 3 2030  F_UCI 0.0526297
Model_Proj.dat 3 2030  F_Median 0.0526297
Model_Proj.dat 3 2030  F_Mean 0.0526297
Model_Proj.dat 3 2031 F0 0 
Model_Proj.dat 3 2031 Fabc 0.346385
Model_Proj.dat 3 2031 Fofl 0.426077
Model_Proj.dat 3 2031  F_LCI 0.0526297
Model_Proj.dat 3 2031  F_UCI 0.0526297
Model_Proj.dat 3 2031  F_Median 0.0526297
Model_Proj.dat 3 2031  F_Mean 0.0526297
Model_Proj.dat 3 2032 F0 0 
Model_Proj.dat 3 2032 Fabc 0.346385
Model_Proj.dat 3 2032 Fofl 0.426077
Model_Proj.dat 3 2032  F_LCI 0.0526297
Model_Proj.dat 3 2032  F_UCI 0.0526297
Model_Proj.dat 3 2032  F_Median 0.0526297
Model_Proj.dat 3 2032  F_Mean 0.0526297
Model_Proj.dat 3 2033 F0 0 
Model_Proj.dat 3 2033 Fabc 0.346385
Model_Proj.dat 3 2033 Fofl 0.426077
Model_Proj.dat 3 2033  F_LCI 0.0526297
Model_Proj.dat 3 2033  F_UCI 0.0526297
Model_Proj.dat 3 2033  F_Median 0.0526297
Model_Proj.dat 3 2033  F_Mean 0.0526297
Model_Proj.dat 3 2034 F0 0 
Model_Proj.dat 3 2034 Fabc 0.346385
Model_Proj.dat 3 2034 Fofl 0.426077
Model_Proj.dat 3 2034  F_LCI 0.0526297
Model_Proj.dat 3 2034  F_UCI 0.0526297
Model_Proj.dat 3 2034  F_Median 0.0526297
Model_Proj.dat 3 2034  F_Mean 0.0526297
Model_Proj.dat 3 2035 F0 0 
Model_Proj.dat 3 2035 Fabc 0.346385
Model_Proj.dat 3 2035 Fofl 0.426077
Model_Proj.dat 3 2035  F_LCI 0.0526297
Model_Proj.dat 3 2035  F_UCI 0.0526297
Model_Proj.dat 3 2035  F_Median 0.0526297
Model_Proj.dat 3 2035  F_Mean 0.0526297
Model_Proj.dat 3 2036 F0 0 
Model_Proj.dat 3 2036 Fabc 0.346385
Model_Proj.dat 3 2036 Fofl 0.426077
Model_Proj.dat 3 2036  F_LCI 0.0526297
Model_Proj.dat 3 2036  F_UCI 0.0526297
Model_Proj.dat 3 2036  F_Median 0.0526297
Model_Proj.dat 3 2036  F_Mean 0.0526297
Model_Proj.dat 3 2037 F0 0 
Model_Proj.dat 3 2037 Fabc 0.346385
Model_Proj.dat 3 2037 Fofl 0.426077
Model_Proj.dat 3 2037  F_LCI 0.0526297
Model_Proj.dat 3 2037  F_UCI 0.0526297
Model_Proj.dat 3 2037  F_Median 0.0526297
Model_Proj.dat 3 2037  F_Mean 0.0526297
Model_Proj.dat 3 2038 F0 0 
Model_Proj.dat 3 2038 Fabc 0.346385
Model_Proj.dat 3 2038 Fofl 0.426077
Model_Proj.dat 3 2038  F_LCI 0.0526297
Model_Proj.dat 3 2038  F_UCI 0.0526297
Model_Proj.dat 3 2038  F_Median 0.0526297
Model_Proj.dat 3 2038  F_Mean 0.0526297
Model_Proj.dat 4 2024 Cabc 15300.5
Model_Proj.dat 4 2024 Cofl 16605.5
Model_Proj.dat 4 2024 CLCI 11000
Model_Proj.dat 4 2024 CUCI 11000
Model_Proj.dat 4 2024 CMedian 11000
Model_Proj.dat 4 2024 CMean 11000
Model_Proj.dat 4 2024 CStdn 1.21872e-10
Model_Proj.dat 4 2025 Cabc 15300.5
Model_Proj.dat 4 2025 Cofl 16605.5
Model_Proj.dat 4 2025 CLCI 10500
Model_Proj.dat 4 2025 CUCI 10500
Model_Proj.dat 4 2025 CMedian 10500
Model_Proj.dat 4 2025 CMean 10500
Model_Proj.dat 4 2025 CStdn 3.59296e-07
Model_Proj.dat 4 2026 Cabc 15300.5
Model_Proj.dat 4 2026 Cofl 16605.5
Model_Proj.dat 4 2026 CLCI 10500
Model_Proj.dat 4 2026 CUCI 10500
Model_Proj.dat 4 2026 CMedian 10500
Model_Proj.dat 4 2026 CMean 10500
Model_Proj.dat 4 2026 CStdn 6.36733e-05
Model_Proj.dat 4 2027 Cabc 15300.5
Model_Proj.dat 4 2027 Cofl 16605.5
Model_Proj.dat 4 2027 CLCI 20492.5
Model_Proj.dat 4 2027 CUCI 20670.8
Model_Proj.dat 4 2027 CMedian 20503.2
Model_Proj.dat 4 2027 CMean 20532.1
Model_Proj.dat 4 2027 CStdn 98.0644
Model_Proj.dat 4 2028 Cabc 15300.5
Model_Proj.dat 4 2028 Cofl 16605.5
Model_Proj.dat 4 2028 CLCI 20144.5
Model_Proj.dat 4 2028 CUCI 20679.5
Model_Proj.dat 4 2028 CMedian 20182.1
Model_Proj.dat 4 2028 CMean 20271.1
Model_Proj.dat 4 2028 CStdn 288.287
Model_Proj.dat 4 2029 Cabc 15300.5
Model_Proj.dat 4 2029 Cofl 16605.5
Model_Proj.dat 4 2029 CLCI 19323.1
Model_Proj.dat 4 2029 CUCI 20518.4
Model_Proj.dat 4 2029 CMedian 19427.9
Model_Proj.dat 4 2029 CMean 19631.1
Model_Proj.dat 4 2029 CStdn 643.621
Model_Proj.dat 4 2030 Cabc 15300.5
Model_Proj.dat 4 2030 Cofl 16605.5
Model_Proj.dat 4 2030 CLCI 18054.9
Model_Proj.dat 4 2030 CUCI 20286.5
Model_Proj.dat 4 2030 CMedian 18280.6
Model_Proj.dat 4 2030 CMean 18660.8
Model_Proj.dat 4 2030 CStdn 1161.46
Model_Proj.dat 4 2031 Cabc 15300.5
Model_Proj.dat 4 2031 Cofl 16605.5
Model_Proj.dat 4 2031 CLCI 16436.3
Model_Proj.dat 4 2031 CUCI 20058.2
Model_Proj.dat 4 2031 CMedian 16847
Model_Proj.dat 4 2031 CMean 17450
Model_Proj.dat 4 2031 CStdn 1781.08
Model_Proj.dat 4 2032 Cabc 15300.5
Model_Proj.dat 4 2032 Cofl 16605.5
Model_Proj.dat 4 2032 CLCI 14636.2
Model_Proj.dat 4 2032 CUCI 20443.6
Model_Proj.dat 4 2032 CMedian 15299.2
Model_Proj.dat 4 2032 CMean 16135.1
Model_Proj.dat 4 2032 CStdn 2419.68
Model_Proj.dat 4 2033 Cabc 15300.5
Model_Proj.dat 4 2033 Cofl 16605.5
Model_Proj.dat 4 2033 CLCI 12767.6
Model_Proj.dat 4 2033 CUCI 20192
Model_Proj.dat 4 2033 CMedian 13709.2
Model_Proj.dat 4 2033 CMean 14767.2
Model_Proj.dat 4 2033 CStdn 3008.8
Model_Proj.dat 4 2034 Cabc 15300.5
Model_Proj.dat 4 2034 Cofl 16605.5
Model_Proj.dat 4 2034 CLCI 10972.4
Model_Proj.dat 4 2034 CUCI 19986.6
Model_Proj.dat 4 2034 CMedian 12282.7
Model_Proj.dat 4 2034 CMean 13473.4
Model_Proj.dat 4 2034 CStdn 3505.16
Model_Proj.dat 4 2035 Cabc 15300.5
Model_Proj.dat 4 2035 Cofl 16605.5
Model_Proj.dat 4 2035 CLCI 9366.95
Model_Proj.dat 4 2035 CUCI 19809.7
Model_Proj.dat 4 2035 CMedian 10957.3
Model_Proj.dat 4 2035 CMean 12276.2
Model_Proj.dat 4 2035 CStdn 3885.95
Model_Proj.dat 4 2036 Cabc 15300.5
Model_Proj.dat 4 2036 Cofl 16605.5
Model_Proj.dat 4 2036 CLCI 7966.3
Model_Proj.dat 4 2036 CUCI 19191.7
Model_Proj.dat 4 2036 CMedian 9807.12
Model_Proj.dat 4 2036 CMean 11234.2
Model_Proj.dat 4 2036 CStdn 4147.94
Model_Proj.dat 4 2037 Cabc 15300.5
Model_Proj.dat 4 2037 Cofl 16605.5
Model_Proj.dat 4 2037 CLCI 6739.07
Model_Proj.dat 4 2037 CUCI 19030.8
Model_Proj.dat 4 2037 CMedian 8774.96
Model_Proj.dat 4 2037 CMean 10282.2
Model_Proj.dat 4 2037 CStdn 4309.05
Model_Proj.dat 4 2038 Cabc 15300.5
Model_Proj.dat 4 2038 Cofl 16605.5
Model_Proj.dat 4 2038 CLCI 5720.18
Model_Proj.dat 4 2038 CUCI 17976.2
Model_Proj.dat 4 2038 CMedian 7921.6
Model_Proj.dat 4 2038 CMean 9467.3
Model_Proj.dat 4 2038 CStdn 4396.63
Model_Proj.dat 4 2024 SSBF100 93559.2
Model_Proj.dat 4 2024 SSBFabc 37423.7
Model_Proj.dat 4 2024 SSBFofl 32745.7
Model_Proj.dat 4 2024 SSBLCI 187263
Model_Proj.dat 4 2024 SSBUCI 187263
Model_Proj.dat 4 2024 SSBMedian 187263
Model_Proj.dat 4 2024 SSBMean 187263
Model_Proj.dat 4 2025 SSBF100 93559.2
Model_Proj.dat 4 2025 SSBFabc 37423.7
Model_Proj.dat 4 2025 SSBFofl 32745.7
Model_Proj.dat 4 2025 SSBLCI 205740
Model_Proj.dat 4 2025 SSBUCI 205758
Model_Proj.dat 4 2025 SSBMedian 205741
Model_Proj.dat 4 2025 SSBMean 205744
Model_Proj.dat 4 2026 SSBF100 93559.2
Model_Proj.dat 4 2026 SSBFabc 37423.7
Model_Proj.dat 4 2026 SSBFofl 32745.7
Model_Proj.dat 4 2026 SSBLCI 221249
Model_Proj.dat 4 2026 SSBUCI 221352
Model_Proj.dat 4 2026 SSBMedian 221255
Model_Proj.dat 4 2026 SSBMean 221273
Model_Proj.dat 4 2027 SSBF100 93559.2
Model_Proj.dat 4 2027 SSBFabc 37423.7
Model_Proj.dat 4 2027 SSBFofl 32745.7
Model_Proj.dat 4 2027 SSBLCI 230849
Model_Proj.dat 4 2027 SSBUCI 231288
Model_Proj.dat 4 2027 SSBMedian 230875
Model_Proj.dat 4 2027 SSBMean 230946
Model_Proj.dat 4 2028 SSBF100 93559.2
Model_Proj.dat 4 2028 SSBFabc 37423.7
Model_Proj.dat 4 2028 SSBFofl 32745.7
Model_Proj.dat 4 2028 SSBLCI 230393
Model_Proj.dat 4 2028 SSBUCI 231836
Model_Proj.dat 4 2028 SSBMedian 230490
Model_Proj.dat 4 2028 SSBMean 230724
Model_Proj.dat 4 2029 SSBF100 93559.2
Model_Proj.dat 4 2029 SSBFabc 37423.7
Model_Proj.dat 4 2029 SSBFofl 32745.7
Model_Proj.dat 4 2029 SSBLCI 224746
Model_Proj.dat 4 2029 SSBUCI 228829
Model_Proj.dat 4 2029 SSBMedian 225055
Model_Proj.dat 4 2029 SSBMean 225738
Model_Proj.dat 4 2030 SSBF100 93559.2
Model_Proj.dat 4 2030 SSBFabc 37423.7
Model_Proj.dat 4 2030 SSBFofl 32745.7
Model_Proj.dat 4 2030 SSBLCI 213396
Model_Proj.dat 4 2030 SSBUCI 223534
Model_Proj.dat 4 2030 SSBMedian 214260
Model_Proj.dat 4 2030 SSBMean 216004
Model_Proj.dat 4 2031 SSBF100 93559.2
Model_Proj.dat 4 2031 SSBFabc 37423.7
Model_Proj.dat 4 2031 SSBFofl 32745.7
Model_Proj.dat 4 2031 SSBLCI 196540
Model_Proj.dat 4 2031 SSBUCI 219470
Model_Proj.dat 4 2031 SSBMedian 198634
Model_Proj.dat 4 2031 SSBMean 202466
Model_Proj.dat 4 2032 SSBF100 93559.2
Model_Proj.dat 4 2032 SSBFabc 37423.7
Model_Proj.dat 4 2032 SSBFofl 32745.7
Model_Proj.dat 4 2032 SSBLCI 175254
Model_Proj.dat 4 2032 SSBUCI 215666
Model_Proj.dat 4 2032 SSBMedian 179524
Model_Proj.dat 4 2032 SSBMean 186489
Model_Proj.dat 4 2033 SSBF100 93559.2
Model_Proj.dat 4 2033 SSBFabc 37423.7
Model_Proj.dat 4 2033 SSBFofl 32745.7
Model_Proj.dat 4 2033 SSBLCI 151296
Model_Proj.dat 4 2033 SSBUCI 215949
Model_Proj.dat 4 2033 SSBMedian 158722
Model_Proj.dat 4 2033 SSBMean 169062
Model_Proj.dat 4 2034 SSBF100 93559.2
Model_Proj.dat 4 2034 SSBFabc 37423.7
Model_Proj.dat 4 2034 SSBFofl 32745.7
Model_Proj.dat 4 2034 SSBLCI 127984
Model_Proj.dat 4 2034 SSBUCI 223518
Model_Proj.dat 4 2034 SSBMedian 139205
Model_Proj.dat 4 2034 SSBMean 152487
Model_Proj.dat 4 2035 SSBF100 93559.2
Model_Proj.dat 4 2035 SSBFabc 37423.7
Model_Proj.dat 4 2035 SSBFofl 32745.7
Model_Proj.dat 4 2035 SSBLCI 106986
Model_Proj.dat 4 2035 SSBUCI 220870
Model_Proj.dat 4 2035 SSBMedian 122292
Model_Proj.dat 4 2035 SSBMean 137563
Model_Proj.dat 4 2036 SSBF100 93559.2
Model_Proj.dat 4 2036 SSBFabc 37423.7
Model_Proj.dat 4 2036 SSBFofl 32745.7
Model_Proj.dat 4 2036 SSBLCI 89458.8
Model_Proj.dat 4 2036 SSBUCI 219564
Model_Proj.dat 4 2036 SSBMedian 108607
Model_Proj.dat 4 2036 SSBMean 124962
Model_Proj.dat 4 2037 SSBF100 93559.2
Model_Proj.dat 4 2037 SSBFabc 37423.7
Model_Proj.dat 4 2037 SSBFofl 32745.7
Model_Proj.dat 4 2037 SSBLCI 74929.4
Model_Proj.dat 4 2037 SSBUCI 214745
Model_Proj.dat 4 2037 SSBMedian 96863.6
Model_Proj.dat 4 2037 SSBMean 113775
Model_Proj.dat 4 2038 SSBF100 93559.2
Model_Proj.dat 4 2038 SSBFabc 37423.7
Model_Proj.dat 4 2038 SSBFofl 32745.7
Model_Proj.dat 4 2038 SSBLCI 62562.4
Model_Proj.dat 4 2038 SSBUCI 205814
Model_Proj.dat 4 2038 SSBMedian 86754.8
Model_Proj.dat 4 2038 SSBMean 104316
Model_Proj.dat 4 2024 F0 0 
Model_Proj.dat 4 2024 Fabc 0.346385
Model_Proj.dat 4 2024 Fofl 0.426077
Model_Proj.dat 4 2024  F_LCI 0.0471824
Model_Proj.dat 4 2024  F_UCI 0.0471824
Model_Proj.dat 4 2024  F_Median 0.0471824
Model_Proj.dat 4 2024  F_Mean 0.0471824
Model_Proj.dat 4 2025 F0 0 
Model_Proj.dat 4 2025 Fabc 0.346385
Model_Proj.dat 4 2025 Fofl 0.426077
Model_Proj.dat 4 2025  F_LCI 0.0424262
Model_Proj.dat 4 2025  F_UCI 0.0424375
Model_Proj.dat 4 2025  F_Median 0.0424371
Model_Proj.dat 4 2025  F_Mean 0.042435
Model_Proj.dat 4 2026 F0 0 
Model_Proj.dat 4 2026 Fabc 0.346385
Model_Proj.dat 4 2026 Fofl 0.426077
Model_Proj.dat 4 2026  F_LCI 0.0405092
Model_Proj.dat 4 2026  F_UCI 0.0405849
Model_Proj.dat 4 2026  F_Median 0.0405808
Model_Proj.dat 4 2026  F_Mean 0.0405672
Model_Proj.dat 4 2027 F0 0 
Model_Proj.dat 4 2027 Fabc 0.346385
Model_Proj.dat 4 2027 Fofl 0.426077
Model_Proj.dat 4 2027  F_LCI 0.0780274
Model_Proj.dat 4 2027  F_UCI 0.0780274
Model_Proj.dat 4 2027  F_Median 0.0780274
Model_Proj.dat 4 2027  F_Mean 0.0780274
Model_Proj.dat 4 2028 F0 0 
Model_Proj.dat 4 2028 Fabc 0.346385
Model_Proj.dat 4 2028 Fofl 0.426077
Model_Proj.dat 4 2028  F_LCI 0.0780274
Model_Proj.dat 4 2028  F_UCI 0.0780274
Model_Proj.dat 4 2028  F_Median 0.0780274
Model_Proj.dat 4 2028  F_Mean 0.0780274
Model_Proj.dat 4 2029 F0 0 
Model_Proj.dat 4 2029 Fabc 0.346385
Model_Proj.dat 4 2029 Fofl 0.426077
Model_Proj.dat 4 2029  F_LCI 0.0780274
Model_Proj.dat 4 2029  F_UCI 0.0780274
Model_Proj.dat 4 2029  F_Median 0.0780274
Model_Proj.dat 4 2029  F_Mean 0.0780274
Model_Proj.dat 4 2030 F0 0 
Model_Proj.dat 4 2030 Fabc 0.346385
Model_Proj.dat 4 2030 Fofl 0.426077
Model_Proj.dat 4 2030  F_LCI 0.0780274
Model_Proj.dat 4 2030  F_UCI 0.0780274
Model_Proj.dat 4 2030  F_Median 0.0780274
Model_Proj.dat 4 2030  F_Mean 0.0780274
Model_Proj.dat 4 2031 F0 0 
Model_Proj.dat 4 2031 Fabc 0.346385
Model_Proj.dat 4 2031 Fofl 0.426077
Model_Proj.dat 4 2031  F_LCI 0.0780274
Model_Proj.dat 4 2031  F_UCI 0.0780274
Model_Proj.dat 4 2031  F_Median 0.0780274
Model_Proj.dat 4 2031  F_Mean 0.0780274
Model_Proj.dat 4 2032 F0 0 
Model_Proj.dat 4 2032 Fabc 0.346385
Model_Proj.dat 4 2032 Fofl 0.426077
Model_Proj.dat 4 2032  F_LCI 0.0780274
Model_Proj.dat 4 2032  F_UCI 0.0780274
Model_Proj.dat 4 2032  F_Median 0.0780274
Model_Proj.dat 4 2032  F_Mean 0.0780274
Model_Proj.dat 4 2033 F0 0 
Model_Proj.dat 4 2033 Fabc 0.346385
Model_Proj.dat 4 2033 Fofl 0.426077
Model_Proj.dat 4 2033  F_LCI 0.0780274
Model_Proj.dat 4 2033  F_UCI 0.0780274
Model_Proj.dat 4 2033  F_Median 0.0780274
Model_Proj.dat 4 2033  F_Mean 0.0780274
Model_Proj.dat 4 2034 F0 0 
Model_Proj.dat 4 2034 Fabc 0.346385
Model_Proj.dat 4 2034 Fofl 0.426077
Model_Proj.dat 4 2034  F_LCI 0.0780274
Model_Proj.dat 4 2034  F_UCI 0.0780274
Model_Proj.dat 4 2034  F_Median 0.0780274
Model_Proj.dat 4 2034  F_Mean 0.0780274
Model_Proj.dat 4 2035 F0 0 
Model_Proj.dat 4 2035 Fabc 0.346385
Model_Proj.dat 4 2035 Fofl 0.426077
Model_Proj.dat 4 2035  F_LCI 0.0780274
Model_Proj.dat 4 2035  F_UCI 0.0780274
Model_Proj.dat 4 2035  F_Median 0.0780274
Model_Proj.dat 4 2035  F_Mean 0.0780274
Model_Proj.dat 4 2036 F0 0 
Model_Proj.dat 4 2036 Fabc 0.346385
Model_Proj.dat 4 2036 Fofl 0.426077
Model_Proj.dat 4 2036  F_LCI 0.0780274
Model_Proj.dat 4 2036  F_UCI 0.0780274
Model_Proj.dat 4 2036  F_Median 0.0780274
Model_Proj.dat 4 2036  F_Mean 0.0780274
Model_Proj.dat 4 2037 F0 0 
Model_Proj.dat 4 2037 Fabc 0.346385
Model_Proj.dat 4 2037 Fofl 0.426077
Model_Proj.dat 4 2037  F_LCI 0.0780274
Model_Proj.dat 4 2037  F_UCI 0.0780274
Model_Proj.dat 4 2037  F_Median 0.0780274
Model_Proj.dat 4 2037  F_Mean 0.0780274
Model_Proj.dat 4 2038 F0 0 
Model_Proj.dat 4 2038 Fabc 0.346385
Model_Proj.dat 4 2038 Fofl 0.426077
Model_Proj.dat 4 2038  F_LCI 0.0780274
Model_Proj.dat 4 2038  F_UCI 0.0780274
Model_Proj.dat 4 2038  F_Median 0.0780274
Model_Proj.dat 4 2038  F_Mean 0.0780274
Model_Proj.dat 5 2024 Cabc 15300.5
Model_Proj.dat 5 2024 Cofl 16605.5
Model_Proj.dat 5 2024 CLCI 11000
Model_Proj.dat 5 2024 CUCI 11000
Model_Proj.dat 5 2024 CMedian 11000
Model_Proj.dat 5 2024 CMean 11000
Model_Proj.dat 5 2024 CStdn 1.21872e-10
Model_Proj.dat 5 2025 Cabc 15300.5
Model_Proj.dat 5 2025 Cofl 16605.5
Model_Proj.dat 5 2025 CLCI 10500
Model_Proj.dat 5 2025 CUCI 10500
Model_Proj.dat 5 2025 CMedian 10500
Model_Proj.dat 5 2025 CMean 10500
Model_Proj.dat 5 2025 CStdn 3.59296e-07
Model_Proj.dat 5 2026 Cabc 15300.5
Model_Proj.dat 5 2026 Cofl 16605.5
Model_Proj.dat 5 2026 CLCI 10500
Model_Proj.dat 5 2026 CUCI 10500
Model_Proj.dat 5 2026 CMedian 10500
Model_Proj.dat 5 2026 CMean 10500
Model_Proj.dat 5 2026 CStdn 6.36733e-05
Model_Proj.dat 5 2027 Cabc 15300.5
Model_Proj.dat 5 2027 Cofl 16605.5
Model_Proj.dat 5 2027 CLCI 0
Model_Proj.dat 5 2027 CUCI 0
Model_Proj.dat 5 2027 CMedian 0
Model_Proj.dat 5 2027 CMean 0
Model_Proj.dat 5 2027 CStdn 0
Model_Proj.dat 5 2028 Cabc 15300.5
Model_Proj.dat 5 2028 Cofl 16605.5
Model_Proj.dat 5 2028 CLCI 0
Model_Proj.dat 5 2028 CUCI 0
Model_Proj.dat 5 2028 CMedian 0
Model_Proj.dat 5 2028 CMean 0
Model_Proj.dat 5 2028 CStdn 0
Model_Proj.dat 5 2029 Cabc 15300.5
Model_Proj.dat 5 2029 Cofl 16605.5
Model_Proj.dat 5 2029 CLCI 0
Model_Proj.dat 5 2029 CUCI 0
Model_Proj.dat 5 2029 CMedian 0
Model_Proj.dat 5 2029 CMean 0
Model_Proj.dat 5 2029 CStdn 0
Model_Proj.dat 5 2030 Cabc 15300.5
Model_Proj.dat 5 2030 Cofl 16605.5
Model_Proj.dat 5 2030 CLCI 0
Model_Proj.dat 5 2030 CUCI 0
Model_Proj.dat 5 2030 CMedian 0
Model_Proj.dat 5 2030 CMean 0
Model_Proj.dat 5 2030 CStdn 0
Model_Proj.dat 5 2031 Cabc 15300.5
Model_Proj.dat 5 2031 Cofl 16605.5
Model_Proj.dat 5 2031 CLCI 0
Model_Proj.dat 5 2031 CUCI 0
Model_Proj.dat 5 2031 CMedian 0
Model_Proj.dat 5 2031 CMean 0
Model_Proj.dat 5 2031 CStdn 0
Model_Proj.dat 5 2032 Cabc 15300.5
Model_Proj.dat 5 2032 Cofl 16605.5
Model_Proj.dat 5 2032 CLCI 0
Model_Proj.dat 5 2032 CUCI 0
Model_Proj.dat 5 2032 CMedian 0
Model_Proj.dat 5 2032 CMean 0
Model_Proj.dat 5 2032 CStdn 0
Model_Proj.dat 5 2033 Cabc 15300.5
Model_Proj.dat 5 2033 Cofl 16605.5
Model_Proj.dat 5 2033 CLCI 0
Model_Proj.dat 5 2033 CUCI 0
Model_Proj.dat 5 2033 CMedian 0
Model_Proj.dat 5 2033 CMean 0
Model_Proj.dat 5 2033 CStdn 0
Model_Proj.dat 5 2034 Cabc 15300.5
Model_Proj.dat 5 2034 Cofl 16605.5
Model_Proj.dat 5 2034 CLCI 0
Model_Proj.dat 5 2034 CUCI 0
Model_Proj.dat 5 2034 CMedian 0
Model_Proj.dat 5 2034 CMean 0
Model_Proj.dat 5 2034 CStdn 0
Model_Proj.dat 5 2035 Cabc 15300.5
Model_Proj.dat 5 2035 Cofl 16605.5
Model_Proj.dat 5 2035 CLCI 0
Model_Proj.dat 5 2035 CUCI 0
Model_Proj.dat 5 2035 CMedian 0
Model_Proj.dat 5 2035 CMean 0
Model_Proj.dat 5 2035 CStdn 0
Model_Proj.dat 5 2036 Cabc 15300.5
Model_Proj.dat 5 2036 Cofl 16605.5
Model_Proj.dat 5 2036 CLCI 0
Model_Proj.dat 5 2036 CUCI 0
Model_Proj.dat 5 2036 CMedian 0
Model_Proj.dat 5 2036 CMean 0
Model_Proj.dat 5 2036 CStdn 0
Model_Proj.dat 5 2037 Cabc 15300.5
Model_Proj.dat 5 2037 Cofl 16605.5
Model_Proj.dat 5 2037 CLCI 0
Model_Proj.dat 5 2037 CUCI 0
Model_Proj.dat 5 2037 CMedian 0
Model_Proj.dat 5 2037 CMean 0
Model_Proj.dat 5 2037 CStdn 0
Model_Proj.dat 5 2038 Cabc 15300.5
Model_Proj.dat 5 2038 Cofl 16605.5
Model_Proj.dat 5 2038 CLCI 0
Model_Proj.dat 5 2038 CUCI 0
Model_Proj.dat 5 2038 CMedian 0
Model_Proj.dat 5 2038 CMean 0
Model_Proj.dat 5 2038 CStdn 0
Model_Proj.dat 5 2024 SSBF100 93559.2
Model_Proj.dat 5 2024 SSBFabc 37423.7
Model_Proj.dat 5 2024 SSBFofl 32745.7
Model_Proj.dat 5 2024 SSBLCI 187263
Model_Proj.dat 5 2024 SSBUCI 187263
Model_Proj.dat 5 2024 SSBMedian 187263
Model_Proj.dat 5 2024 SSBMean 187263
Model_Proj.dat 5 2025 SSBF100 93559.2
Model_Proj.dat 5 2025 SSBFabc 37423.7
Model_Proj.dat 5 2025 SSBFofl 32745.7
Model_Proj.dat 5 2025 SSBLCI 205740
Model_Proj.dat 5 2025 SSBUCI 205758
Model_Proj.dat 5 2025 SSBMedian 205741
Model_Proj.dat 5 2025 SSBMean 205744
Model_Proj.dat 5 2026 SSBF100 93559.2
Model_Proj.dat 5 2026 SSBFabc 37423.7
Model_Proj.dat 5 2026 SSBFofl 32745.7
Model_Proj.dat 5 2026 SSBLCI 221249
Model_Proj.dat 5 2026 SSBUCI 221352
Model_Proj.dat 5 2026 SSBMedian 221255
Model_Proj.dat 5 2026 SSBMean 221273
Model_Proj.dat 5 2027 SSBF100 93559.2
Model_Proj.dat 5 2027 SSBFabc 37423.7
Model_Proj.dat 5 2027 SSBFofl 32745.7
Model_Proj.dat 5 2027 SSBLCI 230849
Model_Proj.dat 5 2027 SSBUCI 231288
Model_Proj.dat 5 2027 SSBMedian 230875
Model_Proj.dat 5 2027 SSBMean 230946
Model_Proj.dat 5 2028 SSBF100 93559.2
Model_Proj.dat 5 2028 SSBFabc 37423.7
Model_Proj.dat 5 2028 SSBFofl 32745.7
Model_Proj.dat 5 2028 SSBLCI 240135
Model_Proj.dat 5 2028 SSBUCI 241580
Model_Proj.dat 5 2028 SSBMedian 240232
Model_Proj.dat 5 2028 SSBMean 240466
Model_Proj.dat 5 2029 SSBF100 93559.2
Model_Proj.dat 5 2029 SSBFabc 37423.7
Model_Proj.dat 5 2029 SSBFofl 32745.7
Model_Proj.dat 5 2029 SSBLCI 243732
Model_Proj.dat 5 2029 SSBUCI 247835
Model_Proj.dat 5 2029 SSBMedian 244042
Model_Proj.dat 5 2029 SSBMean 244727
Model_Proj.dat 5 2030 SSBF100 93559.2
Model_Proj.dat 5 2030 SSBFabc 37423.7
Model_Proj.dat 5 2030 SSBFofl 32745.7
Model_Proj.dat 5 2030 SSBLCI 240624
Model_Proj.dat 5 2030 SSBUCI 250887
Model_Proj.dat 5 2030 SSBMedian 241496
Model_Proj.dat 5 2030 SSBMean 243256
Model_Proj.dat 5 2031 SSBF100 93559.2
Model_Proj.dat 5 2031 SSBFabc 37423.7
Model_Proj.dat 5 2031 SSBFofl 32745.7
Model_Proj.dat 5 2031 SSBLCI 230598
Model_Proj.dat 5 2031 SSBUCI 253933
Model_Proj.dat 5 2031 SSBMedian 232710
Model_Proj.dat 5 2031 SSBMean 236635
Model_Proj.dat 5 2032 SSBF100 93559.2
Model_Proj.dat 5 2032 SSBFabc 37423.7
Model_Proj.dat 5 2032 SSBFofl 32745.7
Model_Proj.dat 5 2032 SSBLCI 214527
Model_Proj.dat 5 2032 SSBUCI 256302
Model_Proj.dat 5 2032 SSBMedian 218937
Model_Proj.dat 5 2032 SSBMean 226131
Model_Proj.dat 5 2033 SSBF100 93559.2
Model_Proj.dat 5 2033 SSBFabc 37423.7
Model_Proj.dat 5 2033 SSBFofl 32745.7
Model_Proj.dat 5 2033 SSBLCI 193843
Model_Proj.dat 5 2033 SSBUCI 260248
Model_Proj.dat 5 2033 SSBMedian 201553
Model_Proj.dat 5 2033 SSBMean 212493
Model_Proj.dat 5 2034 SSBF100 93559.2
Model_Proj.dat 5 2034 SSBFabc 37423.7
Model_Proj.dat 5 2034 SSBFofl 32745.7
Model_Proj.dat 5 2034 SSBLCI 172118
Model_Proj.dat 5 2034 SSBUCI 275650
Model_Proj.dat 5 2034 SSBMedian 184092
Model_Proj.dat 5 2034 SSBMean 198303
Model_Proj.dat 5 2035 SSBF100 93559.2
Model_Proj.dat 5 2035 SSBFabc 37423.7
Model_Proj.dat 5 2035 SSBFofl 32745.7
Model_Proj.dat 5 2035 SSBLCI 151201
Model_Proj.dat 5 2035 SSBUCI 271451
Model_Proj.dat 5 2035 SSBMedian 167596
Model_Proj.dat 5 2035 SSBMean 184462
Model_Proj.dat 5 2036 SSBF100 93559.2
Model_Proj.dat 5 2036 SSBFabc 37423.7
Model_Proj.dat 5 2036 SSBFofl 32745.7
Model_Proj.dat 5 2036 SSBLCI 132726
Model_Proj.dat 5 2036 SSBUCI 275356
Model_Proj.dat 5 2036 SSBMedian 153843
Model_Proj.dat 5 2036 SSBMean 172121
Model_Proj.dat 5 2037 SSBF100 93559.2
Model_Proj.dat 5 2037 SSBFabc 37423.7
Model_Proj.dat 5 2037 SSBFofl 32745.7
Model_Proj.dat 5 2037 SSBLCI 116116
Model_Proj.dat 5 2037 SSBUCI 274485
Model_Proj.dat 5 2037 SSBMedian 140729
Model_Proj.dat 5 2037 SSBMean 160120
Model_Proj.dat 5 2038 SSBF100 93559.2
Model_Proj.dat 5 2038 SSBFabc 37423.7
Model_Proj.dat 5 2038 SSBFofl 32745.7
Model_Proj.dat 5 2038 SSBLCI 101405
Model_Proj.dat 5 2038 SSBUCI 266999
Model_Proj.dat 5 2038 SSBMedian 129066
Model_Proj.dat 5 2038 SSBMean 149272
Model_Proj.dat 5 2024 F0 0 
Model_Proj.dat 5 2024 Fabc 0.346385
Model_Proj.dat 5 2024 Fofl 0.426077
Model_Proj.dat 5 2024  F_LCI 0.0471824
Model_Proj.dat 5 2024  F_UCI 0.0471824
Model_Proj.dat 5 2024  F_Median 0.0471824
Model_Proj.dat 5 2024  F_Mean 0.0471824
Model_Proj.dat 5 2025 F0 0 
Model_Proj.dat 5 2025 Fabc 0.346385
Model_Proj.dat 5 2025 Fofl 0.426077
Model_Proj.dat 5 2025  F_LCI 0.0424262
Model_Proj.dat 5 2025  F_UCI 0.0424375
Model_Proj.dat 5 2025  F_Median 0.0424371
Model_Proj.dat 5 2025  F_Mean 0.042435
Model_Proj.dat 5 2026 F0 0 
Model_Proj.dat 5 2026 Fabc 0.346385
Model_Proj.dat 5 2026 Fofl 0.426077
Model_Proj.dat 5 2026  F_LCI 0.0405092
Model_Proj.dat 5 2026  F_UCI 0.0405849
Model_Proj.dat 5 2026  F_Median 0.0405808
Model_Proj.dat 5 2026  F_Mean 0.0405672
Model_Proj.dat 5 2027 F0 0 
Model_Proj.dat 5 2027 Fabc 0.346385
Model_Proj.dat 5 2027 Fofl 0.426077
Model_Proj.dat 5 2027  F_LCI 0
Model_Proj.dat 5 2027  F_UCI 0
Model_Proj.dat 5 2027  F_Median 0
Model_Proj.dat 5 2027  F_Mean 0
Model_Proj.dat 5 2028 F0 0 
Model_Proj.dat 5 2028 Fabc 0.346385
Model_Proj.dat 5 2028 Fofl 0.426077
Model_Proj.dat 5 2028  F_LCI 0
Model_Proj.dat 5 2028  F_UCI 0
Model_Proj.dat 5 2028  F_Median 0
Model_Proj.dat 5 2028  F_Mean 0
Model_Proj.dat 5 2029 F0 0 
Model_Proj.dat 5 2029 Fabc 0.346385
Model_Proj.dat 5 2029 Fofl 0.426077
Model_Proj.dat 5 2029  F_LCI 0
Model_Proj.dat 5 2029  F_UCI 0
Model_Proj.dat 5 2029  F_Median 0
Model_Proj.dat 5 2029  F_Mean 0
Model_Proj.dat 5 2030 F0 0 
Model_Proj.dat 5 2030 Fabc 0.346385
Model_Proj.dat 5 2030 Fofl 0.426077
Model_Proj.dat 5 2030  F_LCI 0
Model_Proj.dat 5 2030  F_UCI 0
Model_Proj.dat 5 2030  F_Median 0
Model_Proj.dat 5 2030  F_Mean 0
Model_Proj.dat 5 2031 F0 0 
Model_Proj.dat 5 2031 Fabc 0.346385
Model_Proj.dat 5 2031 Fofl 0.426077
Model_Proj.dat 5 2031  F_LCI 0
Model_Proj.dat 5 2031  F_UCI 0
Model_Proj.dat 5 2031  F_Median 0
Model_Proj.dat 5 2031  F_Mean 0
Model_Proj.dat 5 2032 F0 0 
Model_Proj.dat 5 2032 Fabc 0.346385
Model_Proj.dat 5 2032 Fofl 0.426077
Model_Proj.dat 5 2032  F_LCI 0
Model_Proj.dat 5 2032  F_UCI 0
Model_Proj.dat 5 2032  F_Median 0
Model_Proj.dat 5 2032  F_Mean 0
Model_Proj.dat 5 2033 F0 0 
Model_Proj.dat 5 2033 Fabc 0.346385
Model_Proj.dat 5 2033 Fofl 0.426077
Model_Proj.dat 5 2033  F_LCI 0
Model_Proj.dat 5 2033  F_UCI 0
Model_Proj.dat 5 2033  F_Median 0
Model_Proj.dat 5 2033  F_Mean 0
Model_Proj.dat 5 2034 F0 0 
Model_Proj.dat 5 2034 Fabc 0.346385
Model_Proj.dat 5 2034 Fofl 0.426077
Model_Proj.dat 5 2034  F_LCI 0
Model_Proj.dat 5 2034  F_UCI 0
Model_Proj.dat 5 2034  F_Median 0
Model_Proj.dat 5 2034  F_Mean 0
Model_Proj.dat 5 2035 F0 0 
Model_Proj.dat 5 2035 Fabc 0.346385
Model_Proj.dat 5 2035 Fofl 0.426077
Model_Proj.dat 5 2035  F_LCI 0
Model_Proj.dat 5 2035  F_UCI 0
Model_Proj.dat 5 2035  F_Median 0
Model_Proj.dat 5 2035  F_Mean 0
Model_Proj.dat 5 2036 F0 0 
Model_Proj.dat 5 2036 Fabc 0.346385
Model_Proj.dat 5 2036 Fofl 0.426077
Model_Proj.dat 5 2036  F_LCI 0
Model_Proj.dat 5 2036  F_UCI 0
Model_Proj.dat 5 2036  F_Median 0
Model_Proj.dat 5 2036  F_Mean 0
Model_Proj.dat 5 2037 F0 0 
Model_Proj.dat 5 2037 Fabc 0.346385
Model_Proj.dat 5 2037 Fofl 0.426077
Model_Proj.dat 5 2037  F_LCI 0
Model_Proj.dat 5 2037  F_UCI 0
Model_Proj.dat 5 2037  F_Median 0
Model_Proj.dat 5 2037  F_Mean 0
Model_Proj.dat 5 2038 F0 0 
Model_Proj.dat 5 2038 Fabc 0.346385
Model_Proj.dat 5 2038 Fofl 0.426077
Model_Proj.dat 5 2038  F_LCI 0
Model_Proj.dat 5 2038  F_UCI 0
Model_Proj.dat 5 2038  F_Median 0
Model_Proj.dat 5 2038  F_Mean 0
Model_Proj.dat 6 2024 Cabc 15300.5
Model_Proj.dat 6 2024 Cofl 16605.5
Model_Proj.dat 6 2024 CLCI 11000
Model_Proj.dat 6 2024 CUCI 11000
Model_Proj.dat 6 2024 CMedian 11000
Model_Proj.dat 6 2024 CMean 11000
Model_Proj.dat 6 2024 CStdn 1.21872e-10
Model_Proj.dat 6 2025 Cabc 15300.5
Model_Proj.dat 6 2025 Cofl 16605.5
Model_Proj.dat 6 2025 CLCI 96738.3
Model_Proj.dat 6 2025 CUCI 96766.1
Model_Proj.dat 6 2025 CMedian 96739.4
Model_Proj.dat 6 2025 CMean 96744.5
Model_Proj.dat 6 2025 CStdn 18.712
Model_Proj.dat 6 2026 Cabc 15300.5
Model_Proj.dat 6 2026 Cofl 16605.5
Model_Proj.dat 6 2026 CLCI 85924.8
Model_Proj.dat 6 2026 CUCI 86122
Model_Proj.dat 6 2026 CMedian 85935.6
Model_Proj.dat 6 2026 CMean 85972.1
Model_Proj.dat 6 2026 CStdn 126.872
Model_Proj.dat 6 2027 Cabc 15300.5
Model_Proj.dat 6 2027 Cofl 16605.5
Model_Proj.dat 6 2027 CLCI 75824.4
Model_Proj.dat 6 2027 CUCI 76789.4
Model_Proj.dat 6 2027 CMedian 75882
Model_Proj.dat 6 2027 CMean 76038.4
Model_Proj.dat 6 2027 CStdn 529.05
Model_Proj.dat 6 2028 Cabc 15300.5
Model_Proj.dat 6 2028 Cofl 16605.5
Model_Proj.dat 6 2028 CLCI 65985
Model_Proj.dat 6 2028 CUCI 68842.4
Model_Proj.dat 6 2028 CMedian 66187.5
Model_Proj.dat 6 2028 CMean 66664.3
Model_Proj.dat 6 2028 CStdn 1543
Model_Proj.dat 6 2029 Cabc 15300.5
Model_Proj.dat 6 2029 Cofl 16605.5
Model_Proj.dat 6 2029 CLCI 56172.7
Model_Proj.dat 6 2029 CUCI 62519.3
Model_Proj.dat 6 2029 CMedian 56727.6
Model_Proj.dat 6 2029 CMean 57797
Model_Proj.dat 6 2029 CStdn 3373.6
Model_Proj.dat 6 2030 Cabc 15300.5
Model_Proj.dat 6 2030 Cofl 16605.5
Model_Proj.dat 6 2030 CLCI 46397.6
Model_Proj.dat 6 2030 CUCI 57862.6
Model_Proj.dat 6 2030 CMedian 47563.9
Model_Proj.dat 6 2030 CMean 49502.1
Model_Proj.dat 6 2030 CStdn 5880.2
Model_Proj.dat 6 2031 Cabc 15300.5
Model_Proj.dat 6 2031 Cofl 16605.5
Model_Proj.dat 6 2031 CLCI 37015.2
Model_Proj.dat 6 2031 CUCI 55254.4
Model_Proj.dat 6 2031 CMedian 39089.9
Model_Proj.dat 6 2031 CMean 41992.9
Model_Proj.dat 6 2031 CStdn 8590.3
Model_Proj.dat 6 2032 Cabc 15300.5
Model_Proj.dat 6 2032 Cofl 16605.5
Model_Proj.dat 6 2032 CLCI 28554.5
Model_Proj.dat 6 2032 CUCI 56052.6
Model_Proj.dat 6 2032 CMedian 31717.5
Model_Proj.dat 6 2032 CMean 35541.7
Model_Proj.dat 6 2032 CStdn 10998.5
Model_Proj.dat 6 2033 Cabc 15300.5
Model_Proj.dat 6 2033 Cofl 16605.5
Model_Proj.dat 6 2033 CLCI 21467
Model_Proj.dat 6 2033 CUCI 53446.9
Model_Proj.dat 6 2033 CMedian 25848.4
Model_Proj.dat 6 2033 CMean 30261.9
Model_Proj.dat 6 2033 CStdn 12823.9
Model_Proj.dat 6 2034 Cabc 15300.5
Model_Proj.dat 6 2034 Cofl 16605.5
Model_Proj.dat 6 2034 CLCI 14992.7
Model_Proj.dat 6 2034 CUCI 52984.3
Model_Proj.dat 6 2034 CMedian 21411
Model_Proj.dat 6 2034 CMean 26059.7
Model_Proj.dat 6 2034 CStdn 14109.2
Model_Proj.dat 6 2035 Cabc 15300.5
Model_Proj.dat 6 2035 Cofl 16605.5
Model_Proj.dat 6 2035 CLCI 8365.36
Model_Proj.dat 6 2035 CUCI 51471.1
Model_Proj.dat 6 2035 CMedian 17572.2
Model_Proj.dat 6 2035 CMean 21732.4
Model_Proj.dat 6 2035 CStdn 15549.7
Model_Proj.dat 6 2036 Cabc 15300.5
Model_Proj.dat 6 2036 Cofl 16605.5
Model_Proj.dat 6 2036 CLCI 5458.22
Model_Proj.dat 6 2036 CUCI 49149.6
Model_Proj.dat 6 2036 CMedian 13811.2
Model_Proj.dat 6 2036 CMean 18960.9
Model_Proj.dat 6 2036 CStdn 15965.7
Model_Proj.dat 6 2037 Cabc 15300.5
Model_Proj.dat 6 2037 Cofl 16605.5
Model_Proj.dat 6 2037 CLCI 3955.79
Model_Proj.dat 6 2037 CUCI 47672.7
Model_Proj.dat 6 2037 CMedian 11270.8
Model_Proj.dat 6 2037 CMean 17305.5
Model_Proj.dat 6 2037 CStdn 15878.4
Model_Proj.dat 6 2038 Cabc 15300.5
Model_Proj.dat 6 2038 Cofl 16605.5
Model_Proj.dat 6 2038 CLCI 3231.14
Model_Proj.dat 6 2038 CUCI 47673.2
Model_Proj.dat 6 2038 CMedian 10323.2
Model_Proj.dat 6 2038 CMean 16257.8
Model_Proj.dat 6 2038 CStdn 15637
Model_Proj.dat 6 2024 SSBF100 93559.2
Model_Proj.dat 6 2024 SSBFabc 37423.7
Model_Proj.dat 6 2024 SSBFofl 32745.7
Model_Proj.dat 6 2024 SSBLCI 187263
Model_Proj.dat 6 2024 SSBUCI 187263
Model_Proj.dat 6 2024 SSBMedian 187263
Model_Proj.dat 6 2024 SSBMean 187263
Model_Proj.dat 6 2025 SSBF100 93559.2
Model_Proj.dat 6 2025 SSBFabc 37423.7
Model_Proj.dat 6 2025 SSBFofl 32745.7
Model_Proj.dat 6 2025 SSBLCI 205740
Model_Proj.dat 6 2025 SSBUCI 205758
Model_Proj.dat 6 2025 SSBMedian 205741
Model_Proj.dat 6 2025 SSBMean 205744
Model_Proj.dat 6 2026 SSBF100 93559.2
Model_Proj.dat 6 2026 SSBFabc 37423.7
Model_Proj.dat 6 2026 SSBFofl 32745.7
Model_Proj.dat 6 2026 SSBLCI 183722
Model_Proj.dat 6 2026 SSBUCI 183823
Model_Proj.dat 6 2026 SSBMedian 183728
Model_Proj.dat 6 2026 SSBMean 183745
Model_Proj.dat 6 2027 SSBF100 93559.2
Model_Proj.dat 6 2027 SSBFabc 37423.7
Model_Proj.dat 6 2027 SSBFofl 32745.7
Model_Proj.dat 6 2027 SSBLCI 162237
Model_Proj.dat 6 2027 SSBUCI 162663
Model_Proj.dat 6 2027 SSBMedian 162264
Model_Proj.dat 6 2027 SSBMean 162332
Model_Proj.dat 6 2028 SSBF100 93559.2
Model_Proj.dat 6 2028 SSBFabc 37423.7
Model_Proj.dat 6 2028 SSBFofl 32745.7
Model_Proj.dat 6 2028 SSBLCI 142287
Model_Proj.dat 6 2028 SSBUCI 143706
Model_Proj.dat 6 2028 SSBMedian 142383
Model_Proj.dat 6 2028 SSBMean 142613
Model_Proj.dat 6 2029 SSBF100 93559.2
Model_Proj.dat 6 2029 SSBFabc 37423.7
Model_Proj.dat 6 2029 SSBFofl 32745.7
Model_Proj.dat 6 2029 SSBLCI 123410
Model_Proj.dat 6 2029 SSBUCI 127386
Model_Proj.dat 6 2029 SSBMedian 123716
Model_Proj.dat 6 2029 SSBMean 124382
Model_Proj.dat 6 2030 SSBF100 93559.2
Model_Proj.dat 6 2030 SSBFabc 37423.7
Model_Proj.dat 6 2030 SSBFofl 32745.7
Model_Proj.dat 6 2030 SSBLCI 104599
Model_Proj.dat 6 2030 SSBUCI 114169
Model_Proj.dat 6 2030 SSBMedian 105435
Model_Proj.dat 6 2030 SSBMean 107097
Model_Proj.dat 6 2031 SSBF100 93559.2
Model_Proj.dat 6 2031 SSBFabc 37423.7
Model_Proj.dat 6 2031 SSBFofl 32745.7
Model_Proj.dat 6 2031 SSBLCI 85524.9
Model_Proj.dat 6 2031 SSBUCI 106274
Model_Proj.dat 6 2031 SSBMedian 87474.9
Model_Proj.dat 6 2031 SSBMean 90971.8
Model_Proj.dat 6 2032 SSBF100 93559.2
Model_Proj.dat 6 2032 SSBFabc 37423.7
Model_Proj.dat 6 2032 SSBFofl 32745.7
Model_Proj.dat 6 2032 SSBLCI 66494.9
Model_Proj.dat 6 2032 SSBUCI 100715
Model_Proj.dat 6 2032 SSBMedian 70288.3
Model_Proj.dat 6 2032 SSBMean 76250.7
Model_Proj.dat 6 2033 SSBF100 93559.2
Model_Proj.dat 6 2033 SSBFabc 37423.7
Model_Proj.dat 6 2033 SSBFofl 32745.7
Model_Proj.dat 6 2033 SSBLCI 49032.8
Model_Proj.dat 6 2033 SSBUCI 104079
Model_Proj.dat 6 2033 SSBMedian 55481.1
Model_Proj.dat 6 2033 SSBMean 63523
Model_Proj.dat 6 2034 SSBF100 93559.2
Model_Proj.dat 6 2034 SSBFabc 37423.7
Model_Proj.dat 6 2034 SSBFofl 32745.7
Model_Proj.dat 6 2034 SSBLCI 35057.9
Model_Proj.dat 6 2034 SSBUCI 100370
Model_Proj.dat 6 2034 SSBMedian 43624.6
Model_Proj.dat 6 2034 SSBMean 53604.4
Model_Proj.dat 6 2035 SSBF100 93559.2
Model_Proj.dat 6 2035 SSBFabc 37423.7
Model_Proj.dat 6 2035 SSBFofl 32745.7
Model_Proj.dat 6 2035 SSBLCI 25366.4
Model_Proj.dat 6 2035 SSBUCI 102557
Model_Proj.dat 6 2035 SSBMedian 36142.3
Model_Proj.dat 6 2035 SSBMean 46514.1
Model_Proj.dat 6 2036 SSBF100 93559.2
Model_Proj.dat 6 2036 SSBFabc 37423.7
Model_Proj.dat 6 2036 SSBFofl 32745.7
Model_Proj.dat 6 2036 SSBLCI 20234.7
Model_Proj.dat 6 2036 SSBUCI 102646
Model_Proj.dat 6 2036 SSBMedian 31445.8
Model_Proj.dat 6 2036 SSBMean 42194.7
Model_Proj.dat 6 2037 SSBF100 93559.2
Model_Proj.dat 6 2037 SSBFabc 37423.7
Model_Proj.dat 6 2037 SSBFofl 32745.7
Model_Proj.dat 6 2037 SSBLCI 17013.5
Model_Proj.dat 6 2037 SSBUCI 97162.4
Model_Proj.dat 6 2037 SSBMedian 28556.9
Model_Proj.dat 6 2037 SSBMean 39470.4
Model_Proj.dat 6 2038 SSBF100 93559.2
Model_Proj.dat 6 2038 SSBFabc 37423.7
Model_Proj.dat 6 2038 SSBFofl 32745.7
Model_Proj.dat 6 2038 SSBLCI 15312.9
Model_Proj.dat 6 2038 SSBUCI 98084.9
Model_Proj.dat 6 2038 SSBMedian 27111.8
Model_Proj.dat 6 2038 SSBMean 37675.3
Model_Proj.dat 6 2024 F0 0 
Model_Proj.dat 6 2024 Fabc 0.346385
Model_Proj.dat 6 2024 Fofl 0.426077
Model_Proj.dat 6 2024  F_LCI 0.0471824
Model_Proj.dat 6 2024  F_UCI 0.0471824
Model_Proj.dat 6 2024  F_Median 0.0471824
Model_Proj.dat 6 2024  F_Mean 0.0471824
Model_Proj.dat 6 2025 F0 0 
Model_Proj.dat 6 2025 Fabc 0.346385
Model_Proj.dat 6 2025 Fofl 0.426077
Model_Proj.dat 6 2025  F_LCI 0.426077
Model_Proj.dat 6 2025  F_UCI 0.426077
Model_Proj.dat 6 2025  F_Median 0.426077
Model_Proj.dat 6 2025  F_Mean 0.426077
Model_Proj.dat 6 2026 F0 0 
Model_Proj.dat 6 2026 Fabc 0.346385
Model_Proj.dat 6 2026 Fofl 0.426077
Model_Proj.dat 6 2026  F_LCI 0.426077
Model_Proj.dat 6 2026  F_UCI 0.426077
Model_Proj.dat 6 2026  F_Median 0.426077
Model_Proj.dat 6 2026  F_Mean 0.426077
Model_Proj.dat 6 2027 F0 0 
Model_Proj.dat 6 2027 Fabc 0.346385
Model_Proj.dat 6 2027 Fofl 0.426077
Model_Proj.dat 6 2027  F_LCI 0.426077
Model_Proj.dat 6 2027  F_UCI 0.426077
Model_Proj.dat 6 2027  F_Median 0.426077
Model_Proj.dat 6 2027  F_Mean 0.426077
Model_Proj.dat 6 2028 F0 0 
Model_Proj.dat 6 2028 Fabc 0.346385
Model_Proj.dat 6 2028 Fofl 0.426077
Model_Proj.dat 6 2028  F_LCI 0.426077
Model_Proj.dat 6 2028  F_UCI 0.426077
Model_Proj.dat 6 2028  F_Median 0.426077
Model_Proj.dat 6 2028  F_Mean 0.426077
Model_Proj.dat 6 2029 F0 0 
Model_Proj.dat 6 2029 Fabc 0.346385
Model_Proj.dat 6 2029 Fofl 0.426077
Model_Proj.dat 6 2029  F_LCI 0.426077
Model_Proj.dat 6 2029  F_UCI 0.426077
Model_Proj.dat 6 2029  F_Median 0.426077
Model_Proj.dat 6 2029  F_Mean 0.426077
Model_Proj.dat 6 2030 F0 0 
Model_Proj.dat 6 2030 Fabc 0.346385
Model_Proj.dat 6 2030 Fofl 0.426077
Model_Proj.dat 6 2030  F_LCI 0.426077
Model_Proj.dat 6 2030  F_UCI 0.426077
Model_Proj.dat 6 2030  F_Median 0.426077
Model_Proj.dat 6 2030  F_Mean 0.426077
Model_Proj.dat 6 2031 F0 0 
Model_Proj.dat 6 2031 Fabc 0.346385
Model_Proj.dat 6 2031 Fofl 0.426077
Model_Proj.dat 6 2031  F_LCI 0.426077
Model_Proj.dat 6 2031  F_UCI 0.426077
Model_Proj.dat 6 2031  F_Median 0.426077
Model_Proj.dat 6 2031  F_Mean 0.426077
Model_Proj.dat 6 2032 F0 0 
Model_Proj.dat 6 2032 Fabc 0.346385
Model_Proj.dat 6 2032 Fofl 0.426077
Model_Proj.dat 6 2032  F_LCI 0.426077
Model_Proj.dat 6 2032  F_UCI 0.426077
Model_Proj.dat 6 2032  F_Median 0.426077
Model_Proj.dat 6 2032  F_Mean 0.426077
Model_Proj.dat 6 2033 F0 0 
Model_Proj.dat 6 2033 Fabc 0.346385
Model_Proj.dat 6 2033 Fofl 0.426077
Model_Proj.dat 6 2033  F_LCI 0.426077
Model_Proj.dat 6 2033  F_UCI 0.426077
Model_Proj.dat 6 2033  F_Median 0.426077
Model_Proj.dat 6 2033  F_Mean 0.426077
Model_Proj.dat 6 2034 F0 0 
Model_Proj.dat 6 2034 Fabc 0.346385
Model_Proj.dat 6 2034 Fofl 0.426077
Model_Proj.dat 6 2034  F_LCI 0.397724
Model_Proj.dat 6 2034  F_UCI 0.426077
Model_Proj.dat 6 2034  F_Median 0.426077
Model_Proj.dat 6 2034  F_Mean 0.42243
Model_Proj.dat 6 2035 F0 0 
Model_Proj.dat 6 2035 Fabc 0.346385
Model_Proj.dat 6 2035 Fofl 0.426077
Model_Proj.dat 6 2035  F_LCI 0.281577
Model_Proj.dat 6 2035  F_UCI 0.426077
Model_Proj.dat 6 2035  F_Median 0.410721
Model_Proj.dat 6 2035  F_Mean 0.378415
Model_Proj.dat 6 2036 F0 0 
Model_Proj.dat 6 2036 Fabc 0.346385
Model_Proj.dat 6 2036 Fofl 0.426077
Model_Proj.dat 6 2036  F_LCI 0.220076
Model_Proj.dat 6 2036  F_UCI 0.426077
Model_Proj.dat 6 2036  F_Median 0.354436
Model_Proj.dat 6 2036  F_Mean 0.343482
Model_Proj.dat 6 2037 F0 0 
Model_Proj.dat 6 2037 Fabc 0.346385
Model_Proj.dat 6 2037 Fofl 0.426077
Model_Proj.dat 6 2037  F_LCI 0.181472
Model_Proj.dat 6 2037  F_UCI 0.426077
Model_Proj.dat 6 2037  F_Median 0.319813
Model_Proj.dat 6 2037  F_Mean 0.322601
Model_Proj.dat 6 2038 F0 0 
Model_Proj.dat 6 2038 Fabc 0.346385
Model_Proj.dat 6 2038 Fofl 0.426077
Model_Proj.dat 6 2038  F_LCI 0.161091
Model_Proj.dat 6 2038  F_UCI 0.426077
Model_Proj.dat 6 2038  F_Median 0.302494
Model_Proj.dat 6 2038  F_Mean 0.310446
Model_Proj.dat 7 2024 Cabc 15300.5
Model_Proj.dat 7 2024 Cofl 16605.5
Model_Proj.dat 7 2024 CLCI 11000
Model_Proj.dat 7 2024 CUCI 11000
Model_Proj.dat 7 2024 CMedian 11000
Model_Proj.dat 7 2024 CMean 11000
Model_Proj.dat 7 2024 CStdn 1.21872e-10
Model_Proj.dat 7 2025 Cabc 15300.5
Model_Proj.dat 7 2025 Cofl 16605.5
Model_Proj.dat 7 2025 CLCI 80030.7
Model_Proj.dat 7 2025 CUCI 80053.3
Model_Proj.dat 7 2025 CMedian 80031.5
Model_Proj.dat 7 2025 CMean 80035.7
Model_Proj.dat 7 2025 CStdn 15.2133
Model_Proj.dat 7 2026 Cabc 15300.5
Model_Proj.dat 7 2026 Cofl 16605.5
Model_Proj.dat 7 2026 CLCI 73451.2
Model_Proj.dat 7 2026 CUCI 73611.6
Model_Proj.dat 7 2026 CMedian 73460.1
Model_Proj.dat 7 2026 CMean 73489.7
Model_Proj.dat 7 2026 CStdn 103.187
Model_Proj.dat 7 2027 Cabc 15300.5
Model_Proj.dat 7 2027 Cofl 16605.5
Model_Proj.dat 7 2027 CLCI 80606.7
Model_Proj.dat 7 2027 CUCI 81572.1
Model_Proj.dat 7 2027 CMedian 80664.3
Model_Proj.dat 7 2027 CMean 80820.8
Model_Proj.dat 7 2027 CStdn 529.425
Model_Proj.dat 7 2028 Cabc 15300.5
Model_Proj.dat 7 2028 Cofl 16605.5
Model_Proj.dat 7 2028 CLCI 69539.7
Model_Proj.dat 7 2028 CUCI 72399.1
Model_Proj.dat 7 2028 CMedian 69742.2
Model_Proj.dat 7 2028 CMean 70219.3
Model_Proj.dat 7 2028 CStdn 1544.01
Model_Proj.dat 7 2029 Cabc 15300.5
Model_Proj.dat 7 2029 Cofl 16605.5
Model_Proj.dat 7 2029 CLCI 58743.6
Model_Proj.dat 7 2029 CUCI 65090.3
Model_Proj.dat 7 2029 CMedian 59298.5
Model_Proj.dat 7 2029 CMean 60368.7
Model_Proj.dat 7 2029 CStdn 3375.56
Model_Proj.dat 7 2030 Cabc 15300.5
Model_Proj.dat 7 2030 Cofl 16605.5
Model_Proj.dat 7 2030 CLCI 48206.2
Model_Proj.dat 7 2030 CUCI 59671.5
Model_Proj.dat 7 2030 CMedian 49372.7
Model_Proj.dat 7 2030 CMean 51311.8
Model_Proj.dat 7 2030 CStdn 5883.09
Model_Proj.dat 7 2031 Cabc 15300.5
Model_Proj.dat 7 2031 Cofl 16605.5
Model_Proj.dat 7 2031 CLCI 38253.8
Model_Proj.dat 7 2031 CUCI 56493
Model_Proj.dat 7 2031 CMedian 40329.2
Model_Proj.dat 7 2031 CMean 43233.1
Model_Proj.dat 7 2031 CStdn 8593.68
Model_Proj.dat 7 2032 Cabc 15300.5
Model_Proj.dat 7 2032 Cofl 16605.5
Model_Proj.dat 7 2032 CLCI 29384.3
Model_Proj.dat 7 2032 CUCI 56883.4
Model_Proj.dat 7 2032 CMedian 32547.7
Model_Proj.dat 7 2032 CMean 36373.3
Model_Proj.dat 7 2032 CStdn 11001.7
Model_Proj.dat 7 2033 Cabc 15300.5
Model_Proj.dat 7 2033 Cofl 16605.5
Model_Proj.dat 7 2033 CLCI 22009.6
Model_Proj.dat 7 2033 CUCI 53989.5
Model_Proj.dat 7 2033 CMedian 26391.1
Model_Proj.dat 7 2033 CMean 30806.2
Model_Proj.dat 7 2033 CStdn 12826.5
Model_Proj.dat 7 2034 Cabc 15300.5
Model_Proj.dat 7 2034 Cofl 16605.5
Model_Proj.dat 7 2034 CLCI 15621
Model_Proj.dat 7 2034 CUCI 53333.9
Model_Proj.dat 7 2034 CMedian 21760.2
Model_Proj.dat 7 2034 CMean 26459.3
Model_Proj.dat 7 2034 CStdn 14075.7
Model_Proj.dat 7 2035 Cabc 15300.5
Model_Proj.dat 7 2035 Cofl 16605.5
Model_Proj.dat 7 2035 CLCI 8590.07
Model_Proj.dat 7 2035 CUCI 51692.3
Model_Proj.dat 7 2035 CMedian 17955.8
Model_Proj.dat 7 2035 CMean 22010.3
Model_Proj.dat 7 2035 CStdn 15524.7
Model_Proj.dat 7 2036 Cabc 15300.5
Model_Proj.dat 7 2036 Cofl 16605.5
Model_Proj.dat 7 2036 CLCI 5575.99
Model_Proj.dat 7 2036 CUCI 49288.4
Model_Proj.dat 7 2036 CMedian 14037.3
Model_Proj.dat 7 2036 CMean 19113.9
Model_Proj.dat 7 2036 CStdn 15966.3
Model_Proj.dat 7 2037 Cabc 15300.5
Model_Proj.dat 7 2037 Cofl 16605.5
Model_Proj.dat 7 2037 CLCI 4011.22
Model_Proj.dat 7 2037 CUCI 47758.9
Model_Proj.dat 7 2037 CMedian 11372.8
Model_Proj.dat 7 2037 CMean 17385.1
Model_Proj.dat 7 2037 CStdn 15884.5
Model_Proj.dat 7 2038 Cabc 15300.5
Model_Proj.dat 7 2038 Cofl 16605.5
Model_Proj.dat 7 2038 CLCI 3266.81
Model_Proj.dat 7 2038 CUCI 47725.2
Model_Proj.dat 7 2038 CMedian 10364.3
Model_Proj.dat 7 2038 CMean 16298.8
Model_Proj.dat 7 2038 CStdn 15642.1
Model_Proj.dat 7 2024 SSBF100 93559.2
Model_Proj.dat 7 2024 SSBFabc 37423.7
Model_Proj.dat 7 2024 SSBFofl 32745.7
Model_Proj.dat 7 2024 SSBLCI 187263
Model_Proj.dat 7 2024 SSBUCI 187263
Model_Proj.dat 7 2024 SSBMedian 187263
Model_Proj.dat 7 2024 SSBMean 187263
Model_Proj.dat 7 2025 SSBF100 93559.2
Model_Proj.dat 7 2025 SSBFabc 37423.7
Model_Proj.dat 7 2025 SSBFofl 32745.7
Model_Proj.dat 7 2025 SSBLCI 205740
Model_Proj.dat 7 2025 SSBUCI 205758
Model_Proj.dat 7 2025 SSBMedian 205741
Model_Proj.dat 7 2025 SSBMean 205744
Model_Proj.dat 7 2026 SSBF100 93559.2
Model_Proj.dat 7 2026 SSBFabc 37423.7
Model_Proj.dat 7 2026 SSBFofl 32745.7
Model_Proj.dat 7 2026 SSBLCI 190849
Model_Proj.dat 7 2026 SSBUCI 190950
Model_Proj.dat 7 2026 SSBMedian 190855
Model_Proj.dat 7 2026 SSBMean 190872
Model_Proj.dat 7 2027 SSBF100 93559.2
Model_Proj.dat 7 2027 SSBFabc 37423.7
Model_Proj.dat 7 2027 SSBFofl 32745.7
Model_Proj.dat 7 2027 SSBLCI 174152
Model_Proj.dat 7 2027 SSBUCI 174578
Model_Proj.dat 7 2027 SSBMedian 174178
Model_Proj.dat 7 2027 SSBMean 174246
Model_Proj.dat 7 2028 SSBF100 93559.2
Model_Proj.dat 7 2028 SSBFabc 37423.7
Model_Proj.dat 7 2028 SSBFofl 32745.7
Model_Proj.dat 7 2028 SSBLCI 151054
Model_Proj.dat 7 2028 SSBUCI 152474
Model_Proj.dat 7 2028 SSBMedian 151150
Model_Proj.dat 7 2028 SSBMean 151381
Model_Proj.dat 7 2029 SSBF100 93559.2
Model_Proj.dat 7 2029 SSBFabc 37423.7
Model_Proj.dat 7 2029 SSBFofl 32745.7
Model_Proj.dat 7 2029 SSBLCI 129656
Model_Proj.dat 7 2029 SSBUCI 133635
Model_Proj.dat 7 2029 SSBMedian 129961
Model_Proj.dat 7 2029 SSBMean 130628
Model_Proj.dat 7 2030 SSBF100 93559.2
Model_Proj.dat 7 2030 SSBFabc 37423.7
Model_Proj.dat 7 2030 SSBFofl 32745.7
Model_Proj.dat 7 2030 SSBLCI 108903
Model_Proj.dat 7 2030 SSBUCI 118478
Model_Proj.dat 7 2030 SSBMedian 109738
Model_Proj.dat 7 2030 SSBMean 111402
Model_Proj.dat 7 2031 SSBF100 93559.2
Model_Proj.dat 7 2031 SSBFabc 37423.7
Model_Proj.dat 7 2031 SSBFofl 32745.7
Model_Proj.dat 7 2031 SSBLCI 88395.6
Model_Proj.dat 7 2031 SSBUCI 109155
Model_Proj.dat 7 2031 SSBMedian 90346.6
Model_Proj.dat 7 2031 SSBMean 93844.4
Model_Proj.dat 7 2032 SSBF100 93559.2
Model_Proj.dat 7 2032 SSBFabc 37423.7
Model_Proj.dat 7 2032 SSBFofl 32745.7
Model_Proj.dat 7 2032 SSBLCI 68359.5
Model_Proj.dat 7 2032 SSBUCI 102597
Model_Proj.dat 7 2032 SSBMedian 72153.1
Model_Proj.dat 7 2032 SSBMean 78118.3
Model_Proj.dat 7 2033 SSBF100 93559.2
Model_Proj.dat 7 2033 SSBFabc 37423.7
Model_Proj.dat 7 2033 SSBFofl 32745.7
Model_Proj.dat 7 2033 SSBLCI 50210.8
Model_Proj.dat 7 2033 SSBUCI 105258
Model_Proj.dat 7 2033 SSBMedian 56659
Model_Proj.dat 7 2033 SSBMean 64704.4
Model_Proj.dat 7 2034 SSBF100 93559.2
Model_Proj.dat 7 2034 SSBFabc 37423.7
Model_Proj.dat 7 2034 SSBFofl 32745.7
Model_Proj.dat 7 2034 SSBLCI 35789.3
Model_Proj.dat 7 2034 SSBUCI 101123
Model_Proj.dat 7 2034 SSBMedian 44355.2
Model_Proj.dat 7 2034 SSBMean 54338.1
Model_Proj.dat 7 2035 SSBF100 93559.2
Model_Proj.dat 7 2035 SSBFabc 37423.7
Model_Proj.dat 7 2035 SSBFofl 32745.7
Model_Proj.dat 7 2035 SSBLCI 25681.8
Model_Proj.dat 7 2035 SSBUCI 103009
Model_Proj.dat 7 2035 SSBMedian 36587.7
Model_Proj.dat 7 2035 SSBMean 46938.5
Model_Proj.dat 7 2036 SSBF100 93559.2
Model_Proj.dat 7 2036 SSBFabc 37423.7
Model_Proj.dat 7 2036 SSBFofl 32745.7
Model_Proj.dat 7 2036 SSBLCI 20459.5
Model_Proj.dat 7 2036 SSBUCI 102916
Model_Proj.dat 7 2036 SSBMedian 31666.5
Model_Proj.dat 7 2036 SSBMean 42423
Model_Proj.dat 7 2037 SSBF100 93559.2
Model_Proj.dat 7 2037 SSBFabc 37423.7
Model_Proj.dat 7 2037 SSBFofl 32745.7
Model_Proj.dat 7 2037 SSBLCI 17129.3
Model_Proj.dat 7 2037 SSBUCI 97321.1
Model_Proj.dat 7 2037 SSBMedian 28666.3
Model_Proj.dat 7 2037 SSBMean 39588.8
Model_Proj.dat 7 2038 SSBF100 93559.2
Model_Proj.dat 7 2038 SSBFabc 37423.7
Model_Proj.dat 7 2038 SSBFofl 32745.7
Model_Proj.dat 7 2038 SSBLCI 15369.1
Model_Proj.dat 7 2038 SSBUCI 98188.9
Model_Proj.dat 7 2038 SSBMedian 27155
Model_Proj.dat 7 2038 SSBMean 37734
Model_Proj.dat 7 2024 F0 0 
Model_Proj.dat 7 2024 Fabc 0.346385
Model_Proj.dat 7 2024 Fofl 0.426077
Model_Proj.dat 7 2024  F_LCI 0.0471824
Model_Proj.dat 7 2024  F_UCI 0.0471824
Model_Proj.dat 7 2024  F_Median 0.0471824
Model_Proj.dat 7 2024  F_Mean 0.0471824
Model_Proj.dat 7 2025 F0 0 
Model_Proj.dat 7 2025 Fabc 0.346385
Model_Proj.dat 7 2025 Fofl 0.426077
Model_Proj.dat 7 2025  F_LCI 0.346385
Model_Proj.dat 7 2025  F_UCI 0.346385
Model_Proj.dat 7 2025  F_Median 0.346385
Model_Proj.dat 7 2025  F_Mean 0.346385
Model_Proj.dat 7 2026 F0 0 
Model_Proj.dat 7 2026 Fabc 0.346385
Model_Proj.dat 7 2026 Fofl 0.426077
Model_Proj.dat 7 2026  F_LCI 0.346385
Model_Proj.dat 7 2026  F_UCI 0.346385
Model_Proj.dat 7 2026  F_Median 0.346385
Model_Proj.dat 7 2026  F_Mean 0.346385
Model_Proj.dat 7 2027 F0 0 
Model_Proj.dat 7 2027 Fabc 0.346385
Model_Proj.dat 7 2027 Fofl 0.426077
Model_Proj.dat 7 2027  F_LCI 0.426077
Model_Proj.dat 7 2027  F_UCI 0.426077
Model_Proj.dat 7 2027  F_Median 0.426077
Model_Proj.dat 7 2027  F_Mean 0.426077
Model_Proj.dat 7 2028 F0 0 
Model_Proj.dat 7 2028 Fabc 0.346385
Model_Proj.dat 7 2028 Fofl 0.426077
Model_Proj.dat 7 2028  F_LCI 0.426077
Model_Proj.dat 7 2028  F_UCI 0.426077
Model_Proj.dat 7 2028  F_Median 0.426077
Model_Proj.dat 7 2028  F_Mean 0.426077
Model_Proj.dat 7 2029 F0 0 
Model_Proj.dat 7 2029 Fabc 0.346385
Model_Proj.dat 7 2029 Fofl 0.426077
Model_Proj.dat 7 2029  F_LCI 0.426077
Model_Proj.dat 7 2029  F_UCI 0.426077
Model_Proj.dat 7 2029  F_Median 0.426077
Model_Proj.dat 7 2029  F_Mean 0.426077
Model_Proj.dat 7 2030 F0 0 
Model_Proj.dat 7 2030 Fabc 0.346385
Model_Proj.dat 7 2030 Fofl 0.426077
Model_Proj.dat 7 2030  F_LCI 0.426077
Model_Proj.dat 7 2030  F_UCI 0.426077
Model_Proj.dat 7 2030  F_Median 0.426077
Model_Proj.dat 7 2030  F_Mean 0.426077
Model_Proj.dat 7 2031 F0 0 
Model_Proj.dat 7 2031 Fabc 0.346385
Model_Proj.dat 7 2031 Fofl 0.426077
Model_Proj.dat 7 2031  F_LCI 0.426077
Model_Proj.dat 7 2031  F_UCI 0.426077
Model_Proj.dat 7 2031  F_Median 0.426077
Model_Proj.dat 7 2031  F_Mean 0.426077
Model_Proj.dat 7 2032 F0 0 
Model_Proj.dat 7 2032 Fabc 0.346385
Model_Proj.dat 7 2032 Fofl 0.426077
Model_Proj.dat 7 2032  F_LCI 0.426077
Model_Proj.dat 7 2032  F_UCI 0.426077
Model_Proj.dat 7 2032  F_Median 0.426077
Model_Proj.dat 7 2032  F_Mean 0.426077
Model_Proj.dat 7 2033 F0 0 
Model_Proj.dat 7 2033 Fabc 0.346385
Model_Proj.dat 7 2033 Fofl 0.426077
Model_Proj.dat 7 2033  F_LCI 0.426077
Model_Proj.dat 7 2033  F_UCI 0.426077
Model_Proj.dat 7 2033  F_Median 0.426077
Model_Proj.dat 7 2033  F_Mean 0.426077
Model_Proj.dat 7 2034 F0 0 
Model_Proj.dat 7 2034 Fabc 0.346385
Model_Proj.dat 7 2034 Fofl 0.426077
Model_Proj.dat 7 2034  F_LCI 0.40649
Model_Proj.dat 7 2034  F_UCI 0.426077
Model_Proj.dat 7 2034  F_Median 0.426077
Model_Proj.dat 7 2034  F_Mean 0.4239
Model_Proj.dat 7 2035 F0 0 
Model_Proj.dat 7 2035 Fabc 0.346385
Model_Proj.dat 7 2035 Fofl 0.426077
Model_Proj.dat 7 2035  F_LCI 0.285357
Model_Proj.dat 7 2035  F_UCI 0.426077
Model_Proj.dat 7 2035  F_Median 0.416058
Model_Proj.dat 7 2035  F_Mean 0.380943
Model_Proj.dat 7 2036 F0 0 
Model_Proj.dat 7 2036 Fabc 0.346385
Model_Proj.dat 7 2036 Fofl 0.426077
Model_Proj.dat 7 2036  F_LCI 0.222771
Model_Proj.dat 7 2036  F_UCI 0.426077
Model_Proj.dat 7 2036  F_Median 0.357081
Model_Proj.dat 7 2036  F_Mean 0.345057
Model_Proj.dat 7 2037 F0 0 
Model_Proj.dat 7 2037 Fabc 0.346385
Model_Proj.dat 7 2037 Fofl 0.426077
Model_Proj.dat 7 2037  F_LCI 0.18286
Model_Proj.dat 7 2037  F_UCI 0.426077
Model_Proj.dat 7 2037  F_Median 0.321125
Model_Proj.dat 7 2037  F_Mean 0.323423
Model_Proj.dat 7 2038 F0 0 
Model_Proj.dat 7 2038 Fabc 0.346385
Model_Proj.dat 7 2038 Fofl 0.426077
Model_Proj.dat 7 2038  F_LCI 0.161765
Model_Proj.dat 7 2038  F_UCI 0.426077
Model_Proj.dat 7 2038  F_Median 0.303012
Model_Proj.dat 7 2038  F_Mean 0.310848
