Model_Proj.dat 1 2012 Cabc 33964
Model_Proj.dat 1 2012 Cofl 37051.5
Model_Proj.dat 1 2012 CLCI 11367.5
Model_Proj.dat 1 2012 CUCI 11367.5
Model_Proj.dat 1 2012 CMedian 11367.5
Model_Proj.dat 1 2012 CMean 11367.5
Model_Proj.dat 1 2012 CStdn 9.09495e-12
Model_Proj.dat 1 2013 Cabc 33964
Model_Proj.dat 1 2013 Cofl 37051.5
Model_Proj.dat 1 2013 CLCI 17354.8
Model_Proj.dat 1 2013 CUCI 17354.8
Model_Proj.dat 1 2013 CMedian 17354.8
Model_Proj.dat 1 2013 CMean 17354.8
Model_Proj.dat 1 2013 CStdn 1.81186e-05
Model_Proj.dat 1 2014 Cabc 33964
Model_Proj.dat 1 2014 Cofl 37051.5
Model_Proj.dat 1 2014 CLCI 16512.3
Model_Proj.dat 1 2014 CUCI 16512.3
Model_Proj.dat 1 2014 CMedian 16512.3
Model_Proj.dat 1 2014 CMean 16512.3
Model_Proj.dat 1 2014 CStdn 0.00752071
Model_Proj.dat 1 2015 Cabc 33964
Model_Proj.dat 1 2015 Cofl 37051.5
Model_Proj.dat 1 2015 CLCI 11307.5
Model_Proj.dat 1 2015 CUCI 11307.5
Model_Proj.dat 1 2015 CMedian 11307.5
Model_Proj.dat 1 2015 CMean 11307.5
Model_Proj.dat 1 2015 CStdn 0.000320732
Model_Proj.dat 1 2016 Cabc 33964
Model_Proj.dat 1 2016 Cofl 37051.5
Model_Proj.dat 1 2016 CLCI 10312.9
Model_Proj.dat 1 2016 CUCI 10312.9
Model_Proj.dat 1 2016 CMedian 10312.9
Model_Proj.dat 1 2016 CMean 10312.9
Model_Proj.dat 1 2016 CStdn 0.000929645
Model_Proj.dat 1 2012 SSBF100 191035
Model_Proj.dat 1 2012 SSBFabc 76414.1
Model_Proj.dat 1 2012 SSBFofl 66862.4
Model_Proj.dat 1 2012 SSBLCI 155439
Model_Proj.dat 1 2012 SSBUCI 155439
Model_Proj.dat 1 2012 SSBMedian 155439
Model_Proj.dat 1 2012 SSBMean 155439
Model_Proj.dat 1 2013 SSBF100 191035
Model_Proj.dat 1 2013 SSBFabc 76414.1
Model_Proj.dat 1 2013 SSBFofl 66862.4
Model_Proj.dat 1 2013 SSBLCI 156090
Model_Proj.dat 1 2013 SSBUCI 156101
Model_Proj.dat 1 2013 SSBMedian 156095
Model_Proj.dat 1 2013 SSBMean 156095
Model_Proj.dat 1 2014 SSBF100 191035
Model_Proj.dat 1 2014 SSBFabc 76414.1
Model_Proj.dat 1 2014 SSBFofl 66862.4
Model_Proj.dat 1 2014 SSBLCI 150224
Model_Proj.dat 1 2014 SSBUCI 150283
Model_Proj.dat 1 2014 SSBMedian 150249
Model_Proj.dat 1 2014 SSBMean 150252
Model_Proj.dat 1 2015 SSBF100 191035
Model_Proj.dat 1 2015 SSBFabc 76414.1
Model_Proj.dat 1 2015 SSBFofl 66862.4
Model_Proj.dat 1 2015 SSBLCI 142284
Model_Proj.dat 1 2015 SSBUCI 142530
Model_Proj.dat 1 2015 SSBMedian 142388
Model_Proj.dat 1 2015 SSBMean 142401
Model_Proj.dat 1 2016 SSBF100 191035
Model_Proj.dat 1 2016 SSBFabc 76414.1
Model_Proj.dat 1 2016 SSBFofl 66862.4
Model_Proj.dat 1 2016 SSBLCI 136139
Model_Proj.dat 1 2016 SSBUCI 136977
Model_Proj.dat 1 2016 SSBMedian 136490
Model_Proj.dat 1 2016 SSBMean 136536
Model_Proj.dat 1 2012 F0 0 
Model_Proj.dat 1 2012 Fabc 0.383378
Model_Proj.dat 1 2012 Fofl 0.474532
Model_Proj.dat 1 2012  F_LCI 0.063905
Model_Proj.dat 1 2012  F_UCI 0.063905
Model_Proj.dat 1 2012  F_Median 0.063905
Model_Proj.dat 1 2012  F_Mean 0.063905
Model_Proj.dat 1 2013 F0 0 
Model_Proj.dat 1 2013 Fabc 0.383378
Model_Proj.dat 1 2013 Fofl 0.474532
Model_Proj.dat 1 2013  F_LCI 0.0999198
Model_Proj.dat 1 2013  F_UCI 0.0999355
Model_Proj.dat 1 2013  F_Median 0.0999297
Model_Proj.dat 1 2013  F_Mean 0.0999287
Model_Proj.dat 1 2014 F0 0 
Model_Proj.dat 1 2014 Fabc 0.383378
Model_Proj.dat 1 2014 Fofl 0.474532
Model_Proj.dat 1 2014  F_LCI 0.0991169
Model_Proj.dat 1 2014  F_UCI 0.0992506
Model_Proj.dat 1 2014  F_Median 0.0992015
Model_Proj.dat 1 2014  F_Mean 0.0991913
Model_Proj.dat 1 2015 F0 0 
Model_Proj.dat 1 2015 Fabc 0.383378
Model_Proj.dat 1 2015 Fofl 0.474532
Model_Proj.dat 1 2015  F_LCI 0.0702861
Model_Proj.dat 1 2015  F_UCI 0.0707867
Model_Proj.dat 1 2015  F_Median 0.0705896
Model_Proj.dat 1 2015  F_Mean 0.0705647
Model_Proj.dat 1 2016 F0 0 
Model_Proj.dat 1 2016 Fabc 0.383378
Model_Proj.dat 1 2016 Fofl 0.474532
Model_Proj.dat 1 2016  F_LCI 0.0652449
Model_Proj.dat 1 2016  F_UCI 0.0668035
Model_Proj.dat 1 2016  F_Median 0.0662135
Model_Proj.dat 1 2016  F_Mean 0.0661369
Model_Proj.dat 2 2012 Cabc 33964
Model_Proj.dat 2 2012 Cofl 37051.5
Model_Proj.dat 2 2012 CLCI 11367.5
Model_Proj.dat 2 2012 CUCI 11367.5
Model_Proj.dat 2 2012 CMedian 11367.5
Model_Proj.dat 2 2012 CMean 11367.5
Model_Proj.dat 2 2012 CStdn 9.09495e-12
Model_Proj.dat 2 2013 Cabc 33964
Model_Proj.dat 2 2013 Cofl 37051.5
Model_Proj.dat 2 2013 CLCI 17354.8
Model_Proj.dat 2 2013 CUCI 17354.8
Model_Proj.dat 2 2013 CMedian 17354.8
Model_Proj.dat 2 2013 CMean 17354.8
Model_Proj.dat 2 2013 CStdn 1.81186e-05
Model_Proj.dat 2 2014 Cabc 33964
Model_Proj.dat 2 2014 Cofl 37051.5
Model_Proj.dat 2 2014 CLCI 16512.3
Model_Proj.dat 2 2014 CUCI 16512.3
Model_Proj.dat 2 2014 CMedian 16512.3
Model_Proj.dat 2 2014 CMean 16512.3
Model_Proj.dat 2 2014 CStdn 0.00752071
Model_Proj.dat 2 2015 Cabc 33964
Model_Proj.dat 2 2015 Cofl 37051.5
Model_Proj.dat 2 2015 CLCI 11307.5
Model_Proj.dat 2 2015 CUCI 11307.5
Model_Proj.dat 2 2015 CMedian 11307.5
Model_Proj.dat 2 2015 CMean 11307.5
Model_Proj.dat 2 2015 CStdn 0.000320732
Model_Proj.dat 2 2016 Cabc 33964
Model_Proj.dat 2 2016 Cofl 37051.5
Model_Proj.dat 2 2016 CLCI 10312.9
Model_Proj.dat 2 2016 CUCI 10312.9
Model_Proj.dat 2 2016 CMedian 10312.9
Model_Proj.dat 2 2016 CMean 10312.9
Model_Proj.dat 2 2016 CStdn 0.000929645
Model_Proj.dat 2 2012 SSBF100 191035
Model_Proj.dat 2 2012 SSBFabc 76414.1
Model_Proj.dat 2 2012 SSBFofl 66862.4
Model_Proj.dat 2 2012 SSBLCI 155439
Model_Proj.dat 2 2012 SSBUCI 155439
Model_Proj.dat 2 2012 SSBMedian 155439
Model_Proj.dat 2 2012 SSBMean 155439
Model_Proj.dat 2 2013 SSBF100 191035
Model_Proj.dat 2 2013 SSBFabc 76414.1
Model_Proj.dat 2 2013 SSBFofl 66862.4
Model_Proj.dat 2 2013 SSBLCI 156090
Model_Proj.dat 2 2013 SSBUCI 156101
Model_Proj.dat 2 2013 SSBMedian 156095
Model_Proj.dat 2 2013 SSBMean 156095
Model_Proj.dat 2 2014 SSBF100 191035
Model_Proj.dat 2 2014 SSBFabc 76414.1
Model_Proj.dat 2 2014 SSBFofl 66862.4
Model_Proj.dat 2 2014 SSBLCI 150224
Model_Proj.dat 2 2014 SSBUCI 150283
Model_Proj.dat 2 2014 SSBMedian 150249
Model_Proj.dat 2 2014 SSBMean 150252
Model_Proj.dat 2 2015 SSBF100 191035
Model_Proj.dat 2 2015 SSBFabc 76414.1
Model_Proj.dat 2 2015 SSBFofl 66862.4
Model_Proj.dat 2 2015 SSBLCI 142284
Model_Proj.dat 2 2015 SSBUCI 142530
Model_Proj.dat 2 2015 SSBMedian 142388
Model_Proj.dat 2 2015 SSBMean 142401
Model_Proj.dat 2 2016 SSBF100 191035
Model_Proj.dat 2 2016 SSBFabc 76414.1
Model_Proj.dat 2 2016 SSBFofl 66862.4
Model_Proj.dat 2 2016 SSBLCI 136139
Model_Proj.dat 2 2016 SSBUCI 136977
Model_Proj.dat 2 2016 SSBMedian 136490
Model_Proj.dat 2 2016 SSBMean 136536
Model_Proj.dat 2 2012 F0 0 
Model_Proj.dat 2 2012 Fabc 0.383378
Model_Proj.dat 2 2012 Fofl 0.474532
Model_Proj.dat 2 2012  F_LCI 0.063905
Model_Proj.dat 2 2012  F_UCI 0.063905
Model_Proj.dat 2 2012  F_Median 0.063905
Model_Proj.dat 2 2012  F_Mean 0.063905
Model_Proj.dat 2 2013 F0 0 
Model_Proj.dat 2 2013 Fabc 0.383378
Model_Proj.dat 2 2013 Fofl 0.474532
Model_Proj.dat 2 2013  F_LCI 0.0999198
Model_Proj.dat 2 2013  F_UCI 0.0999355
Model_Proj.dat 2 2013  F_Median 0.0999297
Model_Proj.dat 2 2013  F_Mean 0.0999287
Model_Proj.dat 2 2014 F0 0 
Model_Proj.dat 2 2014 Fabc 0.383378
Model_Proj.dat 2 2014 Fofl 0.474532
Model_Proj.dat 2 2014  F_LCI 0.0991169
Model_Proj.dat 2 2014  F_UCI 0.0992506
Model_Proj.dat 2 2014  F_Median 0.0992015
Model_Proj.dat 2 2014  F_Mean 0.0991913
Model_Proj.dat 2 2015 F0 0 
Model_Proj.dat 2 2015 Fabc 0.383378
Model_Proj.dat 2 2015 Fofl 0.474532
Model_Proj.dat 2 2015  F_LCI 0.0702861
Model_Proj.dat 2 2015  F_UCI 0.0707867
Model_Proj.dat 2 2015  F_Median 0.0705896
Model_Proj.dat 2 2015  F_Mean 0.0705647
Model_Proj.dat 2 2016 F0 0 
Model_Proj.dat 2 2016 Fabc 0.383378
Model_Proj.dat 2 2016 Fofl 0.474532
Model_Proj.dat 2 2016  F_LCI 0.0652449
Model_Proj.dat 2 2016  F_UCI 0.0668035
Model_Proj.dat 2 2016  F_Median 0.0662135
Model_Proj.dat 2 2016  F_Mean 0.0661369
Model_Proj.dat 3 2012 Cabc 33964
Model_Proj.dat 3 2012 Cofl 37051.5
Model_Proj.dat 3 2012 CLCI 11367.5
Model_Proj.dat 3 2012 CUCI 11367.5
Model_Proj.dat 3 2012 CMedian 11367.5
Model_Proj.dat 3 2012 CMean 11367.5
Model_Proj.dat 3 2012 CStdn 9.09495e-12
Model_Proj.dat 3 2013 Cabc 33964
Model_Proj.dat 3 2013 Cofl 37051.5
Model_Proj.dat 3 2013 CLCI 17354.8
Model_Proj.dat 3 2013 CUCI 17354.8
Model_Proj.dat 3 2013 CMedian 17354.8
Model_Proj.dat 3 2013 CMean 17354.8
Model_Proj.dat 3 2013 CStdn 1.81186e-05
Model_Proj.dat 3 2014 Cabc 33964
Model_Proj.dat 3 2014 Cofl 37051.5
Model_Proj.dat 3 2014 CLCI 16512.3
Model_Proj.dat 3 2014 CUCI 16512.3
Model_Proj.dat 3 2014 CMedian 16512.3
Model_Proj.dat 3 2014 CMean 16512.3
Model_Proj.dat 3 2014 CStdn 0.00752071
Model_Proj.dat 3 2015 Cabc 33964
Model_Proj.dat 3 2015 Cofl 37051.5
Model_Proj.dat 3 2015 CLCI 11307.5
Model_Proj.dat 3 2015 CUCI 11307.5
Model_Proj.dat 3 2015 CMedian 11307.5
Model_Proj.dat 3 2015 CMean 11307.5
Model_Proj.dat 3 2015 CStdn 0.000320732
Model_Proj.dat 3 2016 Cabc 33964
Model_Proj.dat 3 2016 Cofl 37051.5
Model_Proj.dat 3 2016 CLCI 10312.9
Model_Proj.dat 3 2016 CUCI 10312.9
Model_Proj.dat 3 2016 CMedian 10312.9
Model_Proj.dat 3 2016 CMean 10312.9
Model_Proj.dat 3 2016 CStdn 0.000929645
Model_Proj.dat 3 2012 SSBF100 191035
Model_Proj.dat 3 2012 SSBFabc 76414.1
Model_Proj.dat 3 2012 SSBFofl 66862.4
Model_Proj.dat 3 2012 SSBLCI 155439
Model_Proj.dat 3 2012 SSBUCI 155439
Model_Proj.dat 3 2012 SSBMedian 155439
Model_Proj.dat 3 2012 SSBMean 155439
Model_Proj.dat 3 2013 SSBF100 191035
Model_Proj.dat 3 2013 SSBFabc 76414.1
Model_Proj.dat 3 2013 SSBFofl 66862.4
Model_Proj.dat 3 2013 SSBLCI 156090
Model_Proj.dat 3 2013 SSBUCI 156101
Model_Proj.dat 3 2013 SSBMedian 156095
Model_Proj.dat 3 2013 SSBMean 156095
Model_Proj.dat 3 2014 SSBF100 191035
Model_Proj.dat 3 2014 SSBFabc 76414.1
Model_Proj.dat 3 2014 SSBFofl 66862.4
Model_Proj.dat 3 2014 SSBLCI 150224
Model_Proj.dat 3 2014 SSBUCI 150283
Model_Proj.dat 3 2014 SSBMedian 150249
Model_Proj.dat 3 2014 SSBMean 150252
Model_Proj.dat 3 2015 SSBF100 191035
Model_Proj.dat 3 2015 SSBFabc 76414.1
Model_Proj.dat 3 2015 SSBFofl 66862.4
Model_Proj.dat 3 2015 SSBLCI 142284
Model_Proj.dat 3 2015 SSBUCI 142530
Model_Proj.dat 3 2015 SSBMedian 142388
Model_Proj.dat 3 2015 SSBMean 142401
Model_Proj.dat 3 2016 SSBF100 191035
Model_Proj.dat 3 2016 SSBFabc 76414.1
Model_Proj.dat 3 2016 SSBFofl 66862.4
Model_Proj.dat 3 2016 SSBLCI 136139
Model_Proj.dat 3 2016 SSBUCI 136977
Model_Proj.dat 3 2016 SSBMedian 136490
Model_Proj.dat 3 2016 SSBMean 136536
Model_Proj.dat 3 2012 F0 0 
Model_Proj.dat 3 2012 Fabc 0.383378
Model_Proj.dat 3 2012 Fofl 0.474532
Model_Proj.dat 3 2012  F_LCI 0.063905
Model_Proj.dat 3 2012  F_UCI 0.063905
Model_Proj.dat 3 2012  F_Median 0.063905
Model_Proj.dat 3 2012  F_Mean 0.063905
Model_Proj.dat 3 2013 F0 0 
Model_Proj.dat 3 2013 Fabc 0.383378
Model_Proj.dat 3 2013 Fofl 0.474532
Model_Proj.dat 3 2013  F_LCI 0.0999198
Model_Proj.dat 3 2013  F_UCI 0.0999355
Model_Proj.dat 3 2013  F_Median 0.0999297
Model_Proj.dat 3 2013  F_Mean 0.0999287
Model_Proj.dat 3 2014 F0 0 
Model_Proj.dat 3 2014 Fabc 0.383378
Model_Proj.dat 3 2014 Fofl 0.474532
Model_Proj.dat 3 2014  F_LCI 0.0991169
Model_Proj.dat 3 2014  F_UCI 0.0992506
Model_Proj.dat 3 2014  F_Median 0.0992015
Model_Proj.dat 3 2014  F_Mean 0.0991913
Model_Proj.dat 3 2015 F0 0 
Model_Proj.dat 3 2015 Fabc 0.383378
Model_Proj.dat 3 2015 Fofl 0.474532
Model_Proj.dat 3 2015  F_LCI 0.0702861
Model_Proj.dat 3 2015  F_UCI 0.0707867
Model_Proj.dat 3 2015  F_Median 0.0705896
Model_Proj.dat 3 2015  F_Mean 0.0705647
Model_Proj.dat 3 2016 F0 0 
Model_Proj.dat 3 2016 Fabc 0.383378
Model_Proj.dat 3 2016 Fofl 0.474532
Model_Proj.dat 3 2016  F_LCI 0.0652449
Model_Proj.dat 3 2016  F_UCI 0.0668035
Model_Proj.dat 3 2016  F_Median 0.0662135
Model_Proj.dat 3 2016  F_Mean 0.0661369
Model_Proj.dat 4 2012 Cabc 33964
Model_Proj.dat 4 2012 Cofl 37051.5
Model_Proj.dat 4 2012 CLCI 11367.5
Model_Proj.dat 4 2012 CUCI 11367.5
Model_Proj.dat 4 2012 CMedian 11367.5
Model_Proj.dat 4 2012 CMean 11367.5
Model_Proj.dat 4 2012 CStdn 9.09495e-12
Model_Proj.dat 4 2013 Cabc 33964
Model_Proj.dat 4 2013 Cofl 37051.5
Model_Proj.dat 4 2013 CLCI 17354.8
Model_Proj.dat 4 2013 CUCI 17354.8
Model_Proj.dat 4 2013 CMedian 17354.8
Model_Proj.dat 4 2013 CMean 17354.8
Model_Proj.dat 4 2013 CStdn 1.81186e-05
Model_Proj.dat 4 2014 Cabc 33964
Model_Proj.dat 4 2014 Cofl 37051.5
Model_Proj.dat 4 2014 CLCI 16512.3
Model_Proj.dat 4 2014 CUCI 16512.3
Model_Proj.dat 4 2014 CMedian 16512.3
Model_Proj.dat 4 2014 CMean 16512.3
Model_Proj.dat 4 2014 CStdn 0.00752071
Model_Proj.dat 4 2015 Cabc 33964
Model_Proj.dat 4 2015 Cofl 37051.5
Model_Proj.dat 4 2015 CLCI 11307.5
Model_Proj.dat 4 2015 CUCI 11307.5
Model_Proj.dat 4 2015 CMedian 11307.5
Model_Proj.dat 4 2015 CMean 11307.5
Model_Proj.dat 4 2015 CStdn 0.000320732
Model_Proj.dat 4 2016 Cabc 33964
Model_Proj.dat 4 2016 Cofl 37051.5
Model_Proj.dat 4 2016 CLCI 10312.9
Model_Proj.dat 4 2016 CUCI 10312.9
Model_Proj.dat 4 2016 CMedian 10312.9
Model_Proj.dat 4 2016 CMean 10312.9
Model_Proj.dat 4 2016 CStdn 0.000929645
Model_Proj.dat 4 2012 SSBF100 191035
Model_Proj.dat 4 2012 SSBFabc 76414.1
Model_Proj.dat 4 2012 SSBFofl 66862.4
Model_Proj.dat 4 2012 SSBLCI 155439
Model_Proj.dat 4 2012 SSBUCI 155439
Model_Proj.dat 4 2012 SSBMedian 155439
Model_Proj.dat 4 2012 SSBMean 155439
Model_Proj.dat 4 2013 SSBF100 191035
Model_Proj.dat 4 2013 SSBFabc 76414.1
Model_Proj.dat 4 2013 SSBFofl 66862.4
Model_Proj.dat 4 2013 SSBLCI 156090
Model_Proj.dat 4 2013 SSBUCI 156101
Model_Proj.dat 4 2013 SSBMedian 156095
Model_Proj.dat 4 2013 SSBMean 156095
Model_Proj.dat 4 2014 SSBF100 191035
Model_Proj.dat 4 2014 SSBFabc 76414.1
Model_Proj.dat 4 2014 SSBFofl 66862.4
Model_Proj.dat 4 2014 SSBLCI 150224
Model_Proj.dat 4 2014 SSBUCI 150283
Model_Proj.dat 4 2014 SSBMedian 150249
Model_Proj.dat 4 2014 SSBMean 150252
Model_Proj.dat 4 2015 SSBF100 191035
Model_Proj.dat 4 2015 SSBFabc 76414.1
Model_Proj.dat 4 2015 SSBFofl 66862.4
Model_Proj.dat 4 2015 SSBLCI 142284
Model_Proj.dat 4 2015 SSBUCI 142530
Model_Proj.dat 4 2015 SSBMedian 142388
Model_Proj.dat 4 2015 SSBMean 142401
Model_Proj.dat 4 2016 SSBF100 191035
Model_Proj.dat 4 2016 SSBFabc 76414.1
Model_Proj.dat 4 2016 SSBFofl 66862.4
Model_Proj.dat 4 2016 SSBLCI 136139
Model_Proj.dat 4 2016 SSBUCI 136977
Model_Proj.dat 4 2016 SSBMedian 136490
Model_Proj.dat 4 2016 SSBMean 136536
Model_Proj.dat 4 2012 F0 0 
Model_Proj.dat 4 2012 Fabc 0.383378
Model_Proj.dat 4 2012 Fofl 0.474532
Model_Proj.dat 4 2012  F_LCI 0.063905
Model_Proj.dat 4 2012  F_UCI 0.063905
Model_Proj.dat 4 2012  F_Median 0.063905
Model_Proj.dat 4 2012  F_Mean 0.063905
Model_Proj.dat 4 2013 F0 0 
Model_Proj.dat 4 2013 Fabc 0.383378
Model_Proj.dat 4 2013 Fofl 0.474532
Model_Proj.dat 4 2013  F_LCI 0.0999198
Model_Proj.dat 4 2013  F_UCI 0.0999355
Model_Proj.dat 4 2013  F_Median 0.0999297
Model_Proj.dat 4 2013  F_Mean 0.0999287
Model_Proj.dat 4 2014 F0 0 
Model_Proj.dat 4 2014 Fabc 0.383378
Model_Proj.dat 4 2014 Fofl 0.474532
Model_Proj.dat 4 2014  F_LCI 0.0991169
Model_Proj.dat 4 2014  F_UCI 0.0992506
Model_Proj.dat 4 2014  F_Median 0.0992015
Model_Proj.dat 4 2014  F_Mean 0.0991913
Model_Proj.dat 4 2015 F0 0 
Model_Proj.dat 4 2015 Fabc 0.383378
Model_Proj.dat 4 2015 Fofl 0.474532
Model_Proj.dat 4 2015  F_LCI 0.0702861
Model_Proj.dat 4 2015  F_UCI 0.0707867
Model_Proj.dat 4 2015  F_Median 0.0705896
Model_Proj.dat 4 2015  F_Mean 0.0705647
Model_Proj.dat 4 2016 F0 0 
Model_Proj.dat 4 2016 Fabc 0.383378
Model_Proj.dat 4 2016 Fofl 0.474532
Model_Proj.dat 4 2016  F_LCI 0.0652449
Model_Proj.dat 4 2016  F_UCI 0.0668035
Model_Proj.dat 4 2016  F_Median 0.0662135
Model_Proj.dat 4 2016  F_Mean 0.0661369
Model_Proj.dat 5 2012 Cabc 33964
Model_Proj.dat 5 2012 Cofl 37051.5
Model_Proj.dat 5 2012 CLCI 11367.5
Model_Proj.dat 5 2012 CUCI 11367.5
Model_Proj.dat 5 2012 CMedian 11367.5
Model_Proj.dat 5 2012 CMean 11367.5
Model_Proj.dat 5 2012 CStdn 9.09495e-12
Model_Proj.dat 5 2013 Cabc 33964
Model_Proj.dat 5 2013 Cofl 37051.5
Model_Proj.dat 5 2013 CLCI 17354.8
Model_Proj.dat 5 2013 CUCI 17354.8
Model_Proj.dat 5 2013 CMedian 17354.8
Model_Proj.dat 5 2013 CMean 17354.8
Model_Proj.dat 5 2013 CStdn 1.81186e-05
Model_Proj.dat 5 2014 Cabc 33964
Model_Proj.dat 5 2014 Cofl 37051.5
Model_Proj.dat 5 2014 CLCI 16512.3
Model_Proj.dat 5 2014 CUCI 16512.3
Model_Proj.dat 5 2014 CMedian 16512.3
Model_Proj.dat 5 2014 CMean 16512.3
Model_Proj.dat 5 2014 CStdn 0.00752071
Model_Proj.dat 5 2015 Cabc 33964
Model_Proj.dat 5 2015 Cofl 37051.5
Model_Proj.dat 5 2015 CLCI 11307.5
Model_Proj.dat 5 2015 CUCI 11307.5
Model_Proj.dat 5 2015 CMedian 11307.5
Model_Proj.dat 5 2015 CMean 11307.5
Model_Proj.dat 5 2015 CStdn 0.000320732
Model_Proj.dat 5 2016 Cabc 33964
Model_Proj.dat 5 2016 Cofl 37051.5
Model_Proj.dat 5 2016 CLCI 10312.9
Model_Proj.dat 5 2016 CUCI 10312.9
Model_Proj.dat 5 2016 CMedian 10312.9
Model_Proj.dat 5 2016 CMean 10312.9
Model_Proj.dat 5 2016 CStdn 0.000929645
Model_Proj.dat 5 2012 SSBF100 191035
Model_Proj.dat 5 2012 SSBFabc 76414.1
Model_Proj.dat 5 2012 SSBFofl 66862.4
Model_Proj.dat 5 2012 SSBLCI 155439
Model_Proj.dat 5 2012 SSBUCI 155439
Model_Proj.dat 5 2012 SSBMedian 155439
Model_Proj.dat 5 2012 SSBMean 155439
Model_Proj.dat 5 2013 SSBF100 191035
Model_Proj.dat 5 2013 SSBFabc 76414.1
Model_Proj.dat 5 2013 SSBFofl 66862.4
Model_Proj.dat 5 2013 SSBLCI 156090
Model_Proj.dat 5 2013 SSBUCI 156101
Model_Proj.dat 5 2013 SSBMedian 156095
Model_Proj.dat 5 2013 SSBMean 156095
Model_Proj.dat 5 2014 SSBF100 191035
Model_Proj.dat 5 2014 SSBFabc 76414.1
Model_Proj.dat 5 2014 SSBFofl 66862.4
Model_Proj.dat 5 2014 SSBLCI 150224
Model_Proj.dat 5 2014 SSBUCI 150283
Model_Proj.dat 5 2014 SSBMedian 150249
Model_Proj.dat 5 2014 SSBMean 150252
Model_Proj.dat 5 2015 SSBF100 191035
Model_Proj.dat 5 2015 SSBFabc 76414.1
Model_Proj.dat 5 2015 SSBFofl 66862.4
Model_Proj.dat 5 2015 SSBLCI 142284
Model_Proj.dat 5 2015 SSBUCI 142530
Model_Proj.dat 5 2015 SSBMedian 142388
Model_Proj.dat 5 2015 SSBMean 142401
Model_Proj.dat 5 2016 SSBF100 191035
Model_Proj.dat 5 2016 SSBFabc 76414.1
Model_Proj.dat 5 2016 SSBFofl 66862.4
Model_Proj.dat 5 2016 SSBLCI 136139
Model_Proj.dat 5 2016 SSBUCI 136977
Model_Proj.dat 5 2016 SSBMedian 136490
Model_Proj.dat 5 2016 SSBMean 136536
Model_Proj.dat 5 2012 F0 0 
Model_Proj.dat 5 2012 Fabc 0.383378
Model_Proj.dat 5 2012 Fofl 0.474532
Model_Proj.dat 5 2012  F_LCI 0.063905
Model_Proj.dat 5 2012  F_UCI 0.063905
Model_Proj.dat 5 2012  F_Median 0.063905
Model_Proj.dat 5 2012  F_Mean 0.063905
Model_Proj.dat 5 2013 F0 0 
Model_Proj.dat 5 2013 Fabc 0.383378
Model_Proj.dat 5 2013 Fofl 0.474532
Model_Proj.dat 5 2013  F_LCI 0.0999198
Model_Proj.dat 5 2013  F_UCI 0.0999355
Model_Proj.dat 5 2013  F_Median 0.0999297
Model_Proj.dat 5 2013  F_Mean 0.0999287
Model_Proj.dat 5 2014 F0 0 
Model_Proj.dat 5 2014 Fabc 0.383378
Model_Proj.dat 5 2014 Fofl 0.474532
Model_Proj.dat 5 2014  F_LCI 0.0991169
Model_Proj.dat 5 2014  F_UCI 0.0992506
Model_Proj.dat 5 2014  F_Median 0.0992015
Model_Proj.dat 5 2014  F_Mean 0.0991913
Model_Proj.dat 5 2015 F0 0 
Model_Proj.dat 5 2015 Fabc 0.383378
Model_Proj.dat 5 2015 Fofl 0.474532
Model_Proj.dat 5 2015  F_LCI 0.0702861
Model_Proj.dat 5 2015  F_UCI 0.0707867
Model_Proj.dat 5 2015  F_Median 0.0705896
Model_Proj.dat 5 2015  F_Mean 0.0705647
Model_Proj.dat 5 2016 F0 0 
Model_Proj.dat 5 2016 Fabc 0.383378
Model_Proj.dat 5 2016 Fofl 0.474532
Model_Proj.dat 5 2016  F_LCI 0.0652449
Model_Proj.dat 5 2016  F_UCI 0.0668035
Model_Proj.dat 5 2016  F_Median 0.0662135
Model_Proj.dat 5 2016  F_Mean 0.0661369
Model_Proj.dat 6 2012 Cabc 33964
Model_Proj.dat 6 2012 Cofl 37051.5
Model_Proj.dat 6 2012 CLCI 11367.5
Model_Proj.dat 6 2012 CUCI 11367.5
Model_Proj.dat 6 2012 CMedian 11367.5
Model_Proj.dat 6 2012 CMean 11367.5
Model_Proj.dat 6 2012 CStdn 9.09495e-12
Model_Proj.dat 6 2013 Cabc 33964
Model_Proj.dat 6 2013 Cofl 37051.5
Model_Proj.dat 6 2013 CLCI 75063.3
Model_Proj.dat 6 2013 CUCI 75075.5
Model_Proj.dat 6 2013 CMedian 75068.1
Model_Proj.dat 6 2013 CMean 75068.9
Model_Proj.dat 6 2013 CStdn 4.3845
Model_Proj.dat 6 2014 Cabc 33964
Model_Proj.dat 6 2014 Cofl 37051.5
Model_Proj.dat 6 2014 CLCI 60070.2
Model_Proj.dat 6 2014 CUCI 60175.5
Model_Proj.dat 6 2014 CMedian 60110.5
Model_Proj.dat 6 2014 CMean 60118.6
Model_Proj.dat 6 2014 CStdn 36.4766
Model_Proj.dat 6 2015 Cabc 33964
Model_Proj.dat 6 2015 Cofl 37051.5
Model_Proj.dat 6 2015 CLCI 48913.9
Model_Proj.dat 6 2015 CUCI 49408
Model_Proj.dat 6 2015 CMedian 49118.4
Model_Proj.dat 6 2015 CMean 49146.3
Model_Proj.dat 6 2015 CStdn 171.988
Model_Proj.dat 6 2016 Cabc 33964
Model_Proj.dat 6 2016 Cofl 37051.5
Model_Proj.dat 6 2016 CLCI 40859.1
Model_Proj.dat 6 2016 CUCI 42482.1
Model_Proj.dat 6 2016 CMedian 41528.9
Model_Proj.dat 6 2016 CMean 41621.3
Model_Proj.dat 6 2016 CStdn 531.073
Model_Proj.dat 6 2012 SSBF100 191035
Model_Proj.dat 6 2012 SSBFabc 76414.1
Model_Proj.dat 6 2012 SSBFofl 66862.4
Model_Proj.dat 6 2012 SSBLCI 155439
Model_Proj.dat 6 2012 SSBUCI 155439
Model_Proj.dat 6 2012 SSBMedian 155439
Model_Proj.dat 6 2012 SSBMean 155439
Model_Proj.dat 6 2013 SSBF100 191035
Model_Proj.dat 6 2013 SSBFabc 76414.1
Model_Proj.dat 6 2013 SSBFofl 66862.4
Model_Proj.dat 6 2013 SSBLCI 156090
Model_Proj.dat 6 2013 SSBUCI 156101
Model_Proj.dat 6 2013 SSBMedian 156095
Model_Proj.dat 6 2013 SSBMean 156095
Model_Proj.dat 6 2014 SSBF100 191035
Model_Proj.dat 6 2014 SSBFabc 76414.1
Model_Proj.dat 6 2014 SSBFofl 66862.4
Model_Proj.dat 6 2014 SSBLCI 123329
Model_Proj.dat 6 2014 SSBUCI 123387
Model_Proj.dat 6 2014 SSBMedian 123354
Model_Proj.dat 6 2014 SSBMean 123357
Model_Proj.dat 6 2015 SSBF100 191035
Model_Proj.dat 6 2015 SSBFabc 76414.1
Model_Proj.dat 6 2015 SSBFofl 66862.4
Model_Proj.dat 6 2015 SSBLCI 97948.6
Model_Proj.dat 6 2015 SSBUCI 98183.5
Model_Proj.dat 6 2015 SSBMedian 98047.5
Model_Proj.dat 6 2015 SSBMean 98060.2
Model_Proj.dat 6 2016 SSBF100 191035
Model_Proj.dat 6 2016 SSBFabc 76414.1
Model_Proj.dat 6 2016 SSBFofl 66862.4
Model_Proj.dat 6 2016 SSBLCI 79522
Model_Proj.dat 6 2016 SSBUCI 80310.5
Model_Proj.dat 6 2016 SSBMedian 79852.1
Model_Proj.dat 6 2016 SSBMean 79894.9
Model_Proj.dat 6 2012 F0 0 
Model_Proj.dat 6 2012 Fabc 0.383378
Model_Proj.dat 6 2012 Fofl 0.474532
Model_Proj.dat 6 2012  F_LCI 0.063905
Model_Proj.dat 6 2012  F_UCI 0.063905
Model_Proj.dat 6 2012  F_Median 0.063905
Model_Proj.dat 6 2012  F_Mean 0.063905
Model_Proj.dat 6 2013 F0 0 
Model_Proj.dat 6 2013 Fabc 0.383378
Model_Proj.dat 6 2013 Fofl 0.474532
Model_Proj.dat 6 2013  F_LCI 0.474532
Model_Proj.dat 6 2013  F_UCI 0.474532
Model_Proj.dat 6 2013  F_Median 0.474532
Model_Proj.dat 6 2013  F_Mean 0.474532
Model_Proj.dat 6 2014 F0 0 
Model_Proj.dat 6 2014 Fabc 0.383378
Model_Proj.dat 6 2014 Fofl 0.474532
Model_Proj.dat 6 2014  F_LCI 0.474532
Model_Proj.dat 6 2014  F_UCI 0.474532
Model_Proj.dat 6 2014  F_Median 0.474532
Model_Proj.dat 6 2014  F_Mean 0.474532
Model_Proj.dat 6 2015 F0 0 
Model_Proj.dat 6 2015 Fabc 0.383378
Model_Proj.dat 6 2015 Fofl 0.474532
Model_Proj.dat 6 2015  F_LCI 0.474532
Model_Proj.dat 6 2015  F_UCI 0.474532
Model_Proj.dat 6 2015  F_Median 0.474532
Model_Proj.dat 6 2015  F_Mean 0.474532
Model_Proj.dat 6 2016 F0 0 
Model_Proj.dat 6 2016 Fabc 0.383378
Model_Proj.dat 6 2016 Fofl 0.474532
Model_Proj.dat 6 2016  F_LCI 0.474532
Model_Proj.dat 6 2016  F_UCI 0.474532
Model_Proj.dat 6 2016  F_Median 0.474532
Model_Proj.dat 6 2016  F_Mean 0.474532
Model_Proj.dat 7 2012 Cabc 33964
Model_Proj.dat 7 2012 Cofl 37051.5
Model_Proj.dat 7 2012 CLCI 11367.5
Model_Proj.dat 7 2012 CUCI 11367.5
Model_Proj.dat 7 2012 CMedian 11367.5
Model_Proj.dat 7 2012 CMean 11367.5
Model_Proj.dat 7 2012 CStdn 9.09495e-12
Model_Proj.dat 7 2013 Cabc 33964
Model_Proj.dat 7 2013 Cofl 37051.5
Model_Proj.dat 7 2013 CLCI 62009.5
Model_Proj.dat 7 2013 CUCI 62019.3
Model_Proj.dat 7 2013 CMedian 62013.4
Model_Proj.dat 7 2013 CMean 62014
Model_Proj.dat 7 2013 CStdn 3.54246
Model_Proj.dat 7 2014 Cabc 33964
Model_Proj.dat 7 2014 Cofl 37051.5
Model_Proj.dat 7 2014 CLCI 51784.5
Model_Proj.dat 7 2014 CUCI 51869.6
Model_Proj.dat 7 2014 CMedian 51817
Model_Proj.dat 7 2014 CMean 51823.6
Model_Proj.dat 7 2014 CStdn 29.4807
Model_Proj.dat 7 2015 Cabc 33964
Model_Proj.dat 7 2015 Cofl 37051.5
Model_Proj.dat 7 2015 CLCI 52915.3
Model_Proj.dat 7 2015 CUCI 53409.7
Model_Proj.dat 7 2015 CMedian 53119.9
Model_Proj.dat 7 2015 CMean 53147.8
Model_Proj.dat 7 2015 CStdn 172.096
Model_Proj.dat 7 2016 Cabc 33964
Model_Proj.dat 7 2016 Cofl 37051.5
Model_Proj.dat 7 2016 CLCI 43610.8
Model_Proj.dat 7 2016 CUCI 45234.6
Model_Proj.dat 7 2016 CMedian 44280.9
Model_Proj.dat 7 2016 CMean 44373.3
Model_Proj.dat 7 2016 CStdn 531.38
Model_Proj.dat 7 2012 SSBF100 191035
Model_Proj.dat 7 2012 SSBFabc 76414.1
Model_Proj.dat 7 2012 SSBFofl 66862.4
Model_Proj.dat 7 2012 SSBLCI 155439
Model_Proj.dat 7 2012 SSBUCI 155439
Model_Proj.dat 7 2012 SSBMedian 155439
Model_Proj.dat 7 2012 SSBMean 155439
Model_Proj.dat 7 2013 SSBF100 191035
Model_Proj.dat 7 2013 SSBFabc 76414.1
Model_Proj.dat 7 2013 SSBFofl 66862.4
Model_Proj.dat 7 2013 SSBLCI 156090
Model_Proj.dat 7 2013 SSBUCI 156101
Model_Proj.dat 7 2013 SSBMedian 156095
Model_Proj.dat 7 2013 SSBMean 156095
Model_Proj.dat 7 2014 SSBF100 191035
Model_Proj.dat 7 2014 SSBFabc 76414.1
Model_Proj.dat 7 2014 SSBFofl 66862.4
Model_Proj.dat 7 2014 SSBLCI 129319
Model_Proj.dat 7 2014 SSBUCI 129377
Model_Proj.dat 7 2014 SSBMedian 129343
Model_Proj.dat 7 2014 SSBMean 129346
Model_Proj.dat 7 2015 SSBF100 191035
Model_Proj.dat 7 2015 SSBFabc 76414.1
Model_Proj.dat 7 2015 SSBFofl 66862.4
Model_Proj.dat 7 2015 SSBLCI 106982
Model_Proj.dat 7 2015 SSBUCI 107217
Model_Proj.dat 7 2015 SSBMedian 107081
Model_Proj.dat 7 2015 SSBMean 107094
Model_Proj.dat 7 2016 SSBF100 191035
Model_Proj.dat 7 2016 SSBFabc 76414.1
Model_Proj.dat 7 2016 SSBFofl 66862.4
Model_Proj.dat 7 2016 SSBLCI 85614.1
Model_Proj.dat 7 2016 SSBUCI 86402.9
Model_Proj.dat 7 2016 SSBMedian 85944.4
Model_Proj.dat 7 2016 SSBMean 85987.1
Model_Proj.dat 7 2012 F0 0 
Model_Proj.dat 7 2012 Fabc 0.383378
Model_Proj.dat 7 2012 Fofl 0.474532
Model_Proj.dat 7 2012  F_LCI 0.063905
Model_Proj.dat 7 2012  F_UCI 0.063905
Model_Proj.dat 7 2012  F_Median 0.063905
Model_Proj.dat 7 2012  F_Mean 0.063905
Model_Proj.dat 7 2013 F0 0 
Model_Proj.dat 7 2013 Fabc 0.383378
Model_Proj.dat 7 2013 Fofl 0.474532
Model_Proj.dat 7 2013  F_LCI 0.383378
Model_Proj.dat 7 2013  F_UCI 0.383378
Model_Proj.dat 7 2013  F_Median 0.383378
Model_Proj.dat 7 2013  F_Mean 0.383378
Model_Proj.dat 7 2014 F0 0 
Model_Proj.dat 7 2014 Fabc 0.383378
Model_Proj.dat 7 2014 Fofl 0.474532
Model_Proj.dat 7 2014  F_LCI 0.383378
Model_Proj.dat 7 2014  F_UCI 0.383378
Model_Proj.dat 7 2014  F_Median 0.383378
Model_Proj.dat 7 2014  F_Mean 0.383378
Model_Proj.dat 7 2015 F0 0 
Model_Proj.dat 7 2015 Fabc 0.383378
Model_Proj.dat 7 2015 Fofl 0.474532
Model_Proj.dat 7 2015  F_LCI 0.474532
Model_Proj.dat 7 2015  F_UCI 0.474532
Model_Proj.dat 7 2015  F_Median 0.474532
Model_Proj.dat 7 2015  F_Mean 0.474532
Model_Proj.dat 7 2016 F0 0 
Model_Proj.dat 7 2016 Fabc 0.383378
Model_Proj.dat 7 2016 Fofl 0.474532
Model_Proj.dat 7 2016  F_LCI 0.474532
Model_Proj.dat 7 2016  F_UCI 0.474532
Model_Proj.dat 7 2016  F_Median 0.474532
Model_Proj.dat 7 2016  F_Mean 0.474532
