Alternative 1 Catch
     Model_Proj.dat 
Equil_Fabc 35.2579 
Year 
2020 8.669 
2021 62.5672 
2022 55.9178 
2023 51.2919 
2024 47.9167 
2025 45.2562 
2026 43.1276 
2027 41.3639 
2028 39.9087 
2029 38.4741 
2030 37.1787 
2031 36.2874 
2032 35.7479 
2033 35.4084 

Alternative 1 ABCs
     Model_Proj.dat 

Year 
2020 60.9271 
2021 62.5672 
2022 55.9178 
2023 51.2919 
2024 47.9167 
2025 45.2562 
2026 43.1276 
2027 41.3639 
2028 39.9087 
2029 38.4741 
2030 37.1787 
2031 36.2874 
2032 35.7479 
2033 35.4084 

Alternative 1 TACs
     Model_Proj.dat 

Year 
2020  NA 
2021 62.5672 
2022 55.9178 
2023 51.2919 
2024 47.9167 
2025 45.2562 
2026 43.1276 
2027 41.3639 
2028 39.9087 
2029 38.4741 
2030 37.1787 
2031 36.2874 
2032 35.7479 
2033 35.4084 

Alternative 1 Sp_Biomass
     Model_Proj.dat 
Equil_Fabc 81.4632 
Year 
2020 146.307 
2021 150.433 
2022 132.188 
2023 120.168 
2024 112.168 
2025 106.075 
2026 101.09 
2027 96.7996 
2028 93.126 
2029 90.1156 
2030 87.8703 
2031 86.3239 
2032 85.3096 
2033 84.6328 

Alternative 1 Fishing Mortality
     Model_Proj.dat 
Equil_Fabc 0.368177 
Year 
2020 0.0483308 
2021 0.368177 
2022 0.368177 
2023 0.368177 
2024 0.368177 
2025 0.368177 
2026 0.368177 
2027 0.368177 
2028 0.368101 
2029 0.364757 
2030 0.359429 
2031 0.355659 
2032 0.353597 
2033 0.352466 

Alternative 1 Biomass
     Model_Proj.dat 

Year 
2020 591.002 
2021 602.497 
2022 563.295 
2023 533.197 
2024 509.529 
2025 490.395 
2026 475.186 
2027 463.187 
2028 453.869 
2029 447.278 
2030 442.556 
2031 439.444 
2032 436.93 
2033 435.038 

Alternative 1 Implied SPR rate 
     Model_Proj.dat 
Equil_Fabc 0.4 
Year 
2020 0.833193 
2021 0.4 
2022 0.4 
2023 0.4 
2024 0.4 
2025 0.4 
2026 0.4 
2027 0.4 
2028 0.400051 
2029 0.402317 
2030 0.406057 
2031 0.408795 
2032 0.410331 
2033 0.411155 

  Model_Proj.dat 
EquilAvgAgeF0  5.39324 
EquilAvgAgeFabc  4.09778 
AvgAgeYr2033 4.18254 
Alternative 2 Catch
     Model_Proj.dat 
Equil_Fabc 35.2579 
Year 
2020 8.669 
2021 62.5672 
2022 55.9178 
2023 51.2919 
2024 47.9167 
2025 45.2562 
2026 43.1276 
2027 41.3639 
2028 39.9087 
2029 38.4741 
2030 37.1787 
2031 36.2874 
2032 35.7479 
2033 35.4084 

Alternative 2 ABCs
     Model_Proj.dat 

Year 
2020 60.9271 
2021 62.5672 
2022 55.9178 
2023 51.2919 
2024 47.9167 
2025 45.2562 
2026 43.1276 
2027 41.3639 
2028 39.9087 
2029 38.4741 
2030 37.1787 
2031 36.2874 
2032 35.7479 
2033 35.4084 

Alternative 2 TACs
     Model_Proj.dat 

Year 
2020  NA 
2021 62.5672 
2022 55.9178 
2023 51.2919 
2024 47.9167 
2025 45.2562 
2026 43.1276 
2027 41.3639 
2028 39.9087 
2029 38.4741 
2030 37.1787 
2031 36.2874 
2032 35.7479 
2033 35.4084 

Alternative 2 Sp_Biomass
     Model_Proj.dat 
Equil_Fabc 81.4632 
Year 
2020 146.307 
2021 150.433 
2022 132.188 
2023 120.168 
2024 112.168 
2025 106.075 
2026 101.09 
2027 96.7996 
2028 93.126 
2029 90.1156 
2030 87.8703 
2031 86.3239 
2032 85.3096 
2033 84.6328 

Alternative 2 Fishing Mortality
     Model_Proj.dat 
Equil_Fabc 0.368177 
Year 
2020 0.0483308 
2021 0.368177 
2022 0.368177 
2023 0.368177 
2024 0.368177 
2025 0.368177 
2026 0.368177 
2027 0.368177 
2028 0.368101 
2029 0.364757 
2030 0.359429 
2031 0.355659 
2032 0.353597 
2033 0.352466 

Alternative 2 Biomass
     Model_Proj.dat 

Year 
2020 591.002 
2021 602.497 
2022 563.295 
2023 533.197 
2024 509.529 
2025 490.395 
2026 475.186 
2027 463.187 
2028 453.869 
2029 447.278 
2030 442.556 
2031 439.444 
2032 436.93 
2033 435.038 

Alternative 2 Implied SPR rate 
     Model_Proj.dat 
Equil_Fabc 0.4 
Year 
2020 0.833193 
2021 0.4 
2022 0.4 
2023 0.4 
2024 0.4 
2025 0.4 
2026 0.4 
2027 0.4 
2028 0.400051 
2029 0.402317 
2030 0.406057 
2031 0.408795 
2032 0.410331 
2033 0.411155 

  Model_Proj.dat 
EquilAvgAgeF0  5.39324 
EquilAvgAgeFabc  4.09778 
AvgAgeYr2033 4.18254 
Alternative 3 Catch
     Model_Proj.dat 
Equil_Fabc 35.2579 
Year 
2020 8.669 
2021 11.092 
2022 11.369 
2023 11.6625 
2024 11.9301 
2025 12.1205 
2026 12.2579 
2027 12.3278 
2028 12.3424 
2029 12.3215 
2030 12.275 
2031 12.2122 
2032 12.1612 
2033 12.0893 

Alternative 3 ABCs
     Model_Proj.dat 

Year 
2020 10.8161 
2021 11.092 
2022 11.369 
2023 11.6625 
2024 11.9301 
2025 12.1205 
2026 12.2579 
2027 12.3278 
2028 12.3424 
2029 12.3215 
2030 12.275 
2031 12.2122 
2032 12.1612 
2033 12.0893 

Alternative 3 TACs
     Model_Proj.dat 

Year 
2020  NA 
2021 11.092 
2022 11.369 
2023 11.6625 
2024 11.9301 
2025 12.1205 
2026 12.2579 
2027 12.3278 
2028 12.3424 
2029 12.3215 
2030 12.275 
2031 12.2122 
2032 12.1612 
2033 12.0893 

Alternative 3 Sp_Biomass
     Model_Proj.dat 
Equil_Fabc 81.4632 
Year 
2020 146.307 
2021 150.433 
2022 155.1 
2023 160.385 
2024 165.69 
2025 169.704 
2026 172.431 
2027 173.732 
2028 173.9 
2029 173.39 
2030 172.493 
2031 171.383 
2032 170.439 
2033 169.232 

Alternative 3 Fishing Mortality
     Model_Proj.dat 
Equil_Fabc 0.368177 
Year 
2020 0.0483308 
2021 0.060491 
2022 0.060491 
2023 0.060491 
2024 0.060491 
2025 0.060491 
2026 0.060491 
2027 0.060491 
2028 0.060491 
2029 0.060491 
2030 0.060491 
2031 0.060491 
2032 0.060491 
2033 0.060491 

Alternative 3 Biomass
     Model_Proj.dat 

Year 
2020 591.002 
2021 602.497 
2022 608.955 
2023 612.809 
2024 614.419 
2025 613.775 
2026 612.05 
2027 609.515 
2028 606.541 
2029 603.99 
2030 601.348 
2031 598.753 
2032 596.051 
2033 593.195 

Alternative 3 Implied SPR rate 
     Model_Proj.dat 
Equil_Fabc 0.4 
Year 
2020 0.833193 
2021 0.799841 
2022 0.799841 
2023 0.799841 
2024 0.799841 
2025 0.799841 
2026 0.799841 
2027 0.799841 
2028 0.799841 
2029 0.799841 
2030 0.799841 
2031 0.799841 
2032 0.799841 
2033 0.799841 

  Model_Proj.dat 
EquilAvgAgeF0  5.39324 
EquilAvgAgeFabc  4.09778 
AvgAgeYr2033 5.10547 
Alternative 4 Catch
     Model_Proj.dat 
Equil_Fabc 35.2579 
Year 
2020 8.669 
2021 14.7288 
2022 14.9561 
2023 15.2188 
2024 15.4592 
2025 15.6109 
2026 15.7034 
2027 15.719 
2028 15.6739 
2029 15.5933 
2030 15.4893 
2031 15.3739 
2032 15.2794 
2033 15.1681 

Alternative 4 ABCs
     Model_Proj.dat 

Year 
2020 14.3612 
2021 14.7288 
2022 14.9561 
2023 15.2188 
2024 15.4592 
2025 15.6109 
2026 15.7034 
2027 15.719 
2028 15.6739 
2029 15.5933 
2030 15.4893 
2031 15.3739 
2032 15.2794 
2033 15.1681 

Alternative 4 TACs
     Model_Proj.dat 

Year 
2020  NA 
2021 14.7288 
2022 14.9561 
2023 15.2188 
2024 15.4592 
2025 15.6109 
2026 15.7034 
2027 15.719 
2028 15.6739 
2029 15.5933 
2030 15.4893 
2031 15.3739 
2032 15.2794 
2033 15.1681 

Alternative 4 Sp_Biomass
     Model_Proj.dat 
Equil_Fabc 81.4632 
Year 
2020 146.307 
2021 150.433 
2022 153.449 
2023 157.245 
2024 161.211 
2025 164.047 
2026 165.742 
2027 166.169 
2028 165.621 
2029 164.532 
2030 163.183 
2031 161.733 
2032 160.51 
2033 159.14 

Alternative 4 Fishing Mortality
     Model_Proj.dat 
Equil_Fabc 0.368177 
Year 
2020 0.0483308 
2021 0.0807373 
2022 0.0807373 
2023 0.0807373 
2024 0.0807373 
2025 0.0807373 
2026 0.0807373 
2027 0.0807373 
2028 0.0807373 
2029 0.0807373 
2030 0.0807373 
2031 0.0807373 
2032 0.0807373 
2033 0.0807373 

Alternative 4 Biomass
     Model_Proj.dat 

Year 
2020 591.002 
2021 602.497 
2022 605.723 
2023 606.789 
2024 606.004 
2025 603.338 
2026 599.906 
2027 595.964 
2028 591.854 
2029 588.398 
2030 585.054 
2031 581.935 
2032 578.817 
2033 575.701 

Alternative 4 Implied SPR rate 
     Model_Proj.dat 
Equil_Fabc 0.4 
Year 
2020 0.833193 
2021 0.75 
2022 0.75 
2023 0.75 
2024 0.75 
2025 0.75 
2026 0.75 
2027 0.75 
2028 0.75 
2029 0.75 
2030 0.75 
2031 0.75 
2032 0.75 
2033 0.75 

  Model_Proj.dat 
EquilAvgAgeF0  5.39324 
EquilAvgAgeFabc  4.09778 
AvgAgeYr2033 5.00032 
Alternative 5 Catch
     Model_Proj.dat 
Equil_Fabc 35.2579 
Year 
2020 8.669 
2021  NA 
2022  NA 
2023  NA 
2024  NA 
2025  NA 
2026  NA 
2027  NA 
2028  NA 
2029  NA 
2030  NA 
2031  NA 
2032  NA 
2033  NA 

Alternative 5 ABCs
     Model_Proj.dat 

Year 
2020  NA 
2021  NA 
2022  NA 
2023  NA 
2024  NA 
2025  NA 
2026  NA 
2027  NA 
2028  NA 
2029  NA 
2030  NA 
2031  NA 
2032  NA 
2033  NA 

Alternative 5 TACs
     Model_Proj.dat 

Year 
2020  NA 
2021  NA 
2022  NA 
2023  NA 
2024  NA 
2025  NA 
2026  NA 
2027  NA 
2028  NA 
2029  NA 
2030  NA 
2031  NA 
2032  NA 
2033  NA 

Alternative 5 Sp_Biomass
     Model_Proj.dat 
Equil_Fabc 81.4632 
Year 
2020 146.307 
2021 150.433 
2022 160.165 
2023 170.253 
2024 180.097 
2025 188.287 
2026 194.849 
2027 199.556 
2028 202.679 
2029 204.707 
2030 205.938 
2031 206.564 
2032 207.145 
2033 207.008 

Alternative 5 Fishing Mortality
     Model_Proj.dat 
Equil_Fabc 0.368177 
Year 
2020 0.0483308 
2021  NA 
2022  NA 
2023  NA 
2024  NA 
2025  NA 
2026  NA 
2027  NA 
2028  NA 
2029  NA 
2030  NA 
2031  NA 
2032  NA 
2033  NA 

Alternative 5 Biomass
     Model_Proj.dat 

Year 
2020 591.002 
2021 602.497 
2022 618.819 
2023 631.551 
2024 641.132 
2025 647.525 
2026 652.018 
2027 654.87 
2028 656.486 
2029 657.815 
2030 658.39 
2031 658.402 
2032 657.927 
2033 656.677 

Alternative 5 Implied SPR rate 
     Model_Proj.dat 
Equil_Fabc 0.4 
Year 
2020 0.833193 
2021 1 
2022 1 
2023 1 
2024 1 
2025 1 
2026 1 
2027 1 
2028 1 
2029 1 
2030 1 
2031 1 
2032 1 
2033 1 

  Model_Proj.dat 
EquilAvgAgeF0  5.39324 
EquilAvgAgeFabc  4.09778 
AvgAgeYr2033 5.48829 
Alternative 6 Catch
     Model_Proj.dat 
Equil_Fabc 35.2579 
Year 
2020 8.669 
2021 75.8626 
2022 65.3346 
2023 58.2902 
2024 53.371 
2025 49.7028 
2026 46.9064 
2027 44.4925 
2028 41.6223 
2029 39.5957 
2030 38.4232 
2031 37.8191 
2032 37.4875 
2033 37.3466 

Alternative 6 ABCs
     Model_Proj.dat 

Year 
2020 73.8461 
2021 75.8626 
2022 65.3346 
2023 58.2902 
2024 53.371 
2025 49.7028 
2026 46.9064 
2027 44.4925 
2028 41.6223 
2029 39.5957 
2030 38.4232 
2031 37.8191 
2032 37.4875 
2033 37.3466 

Alternative 6 TACs
     Model_Proj.dat 

Year 
2020  NA 
2021 75.8626 
2022 65.3346 
2023 58.2902 
2024 53.371 
2025 49.7028 
2026 46.9064 
2027 44.4925 
2028 41.6223 
2029 39.5957 
2030 38.4232 
2031 37.8191 
2032 37.4875 
2033 37.3466 

Alternative 6 Sp_Biomass
     Model_Proj.dat 
Equil_Fabc 81.4632 
Year 
2020 146.307 
2021 150.433 
2022 126.44 
2023 111.184 
2024 101.378 
2025 94.3433 
2026 88.9245 
2027 84.5451 
2028 81.0812 
2029 78.8269 
2030 77.4947 
2031 76.7248 
2032 76.2834 
2033 76.0414 

Alternative 6 Fishing Mortality
     Model_Proj.dat 
Equil_Fabc 0.368177 
Year 
2020 0.0483308 
2021 0.455889 
2022 0.455889 
2023 0.455889 
2024 0.455889 
2025 0.455889 
2026 0.455889 
2027 0.453206 
2028 0.437886 
2029 0.425079 
2030 0.417658 
2031 0.414247 
2032 0.412387 
2033 0.4118 

Alternative 6 Biomass
     Model_Proj.dat 

Year 
2020 591.002 
2021 602.497 
2022 551.535 
2023 514.505 
2024 486.882 
2025 465.677 
2026 449.536 
2027 437.327 
2028 428.413 
2029 423.434 
2030 420.675 
2031 419.193 
2032 417.847 
2033 416.801 

Alternative 6 Implied SPR rate 
     Model_Proj.dat 
Equil_Fabc 0.4 
Year 
2020 0.833193 
2021 0.35 
2022 0.35 
2023 0.35 
2024 0.35 
2025 0.35 
2026 0.35 
2027 0.351371 
2028 0.359569 
2029 0.366861 
2030 0.371286 
2031 0.373424 
2032 0.374571 
2033 0.374933 

  Model_Proj.dat 
EquilAvgAgeF0  5.39324 
EquilAvgAgeFabc  4.09778 
AvgAgeYr2033 4.08263 
Alternative 7 Catch
     Model_Proj.dat 
Equil_Fabc 35.2579 
Year 
2020 8.669 
2021 62.5672 
2022 55.9178 
2023 62.2963 
2024 56.2325 
2025 51.7049 
2026 48.2794 
2027 45.5785 
2028 42.4633 
2029 40.0618 
2030 38.6542 
2031 37.9239 
2032 37.5296 
2033 37.3597 

Alternative 7 ABCs
     Model_Proj.dat 

Year 
2020 73.8461 
2021 75.8626 
2022 67.8651 
2023 62.2963 
2024 56.2325 
2025 51.7049 
2026 48.2794 
2027 45.5785 
2028 42.4633 
2029 40.0618 
2030 38.6542 
2031 37.9239 
2032 37.5296 
2033 37.3597 

Alternative 7 TACs
     Model_Proj.dat 

Year 
2020  NA 
2021 75.8626 
2022 67.8651 
2023 62.2963 
2024 56.2325 
2025 51.7049 
2026 48.2794 
2027 45.5785 
2028 42.4633 
2029 40.0618 
2030 38.6542 
2031 37.9239 
2032 37.5296 
2033 37.3597 

Alternative 7 Sp_Biomass
     Model_Proj.dat 
Equil_Fabc 81.4632 
Year 
2020 146.307 
2021 150.433 
2022 132.188 
2023 120.168 
2024 107.715 
2025 98.7083 
2026 91.8566 
2027 86.4569 
2028 82.2268 
2029 79.4256 
2030 77.7799 
2031 76.8444 
2032 76.323 
2033 76.0458 

Alternative 7 Fishing Mortality
     Model_Proj.dat 
Equil_Fabc 0.368177 
Year 
2020 0.0483308 
2021 0.368177 
2022 0.368177 
2023 0.455889 
2024 0.455889 
2025 0.455889 
2026 0.455889 
2027 0.455281 
2028 0.441389 
2029 0.427101 
2030 0.418573 
2031 0.414581 
2032 0.41246 
2033 0.411774 

Alternative 7 Biomass
     Model_Proj.dat 

Year 
2020 591.002 
2021 602.497 
2022 563.295 
2023 533.197 
2024 499.785 
2025 474.401 
2026 455.326 
2027 441.094 
2028 430.671 
2029 424.601 
2030 421.231 
2031 419.437 
2032 417.942 
2033 416.831 

Alternative 7 Implied SPR rate 
     Model_Proj.dat 
Equil_Fabc 0.4 
Year 
2020 0.833193 
2021 0.4 
2022 0.4 
2023 0.35 
2024 0.35 
2025 0.35 
2026 0.35 
2027 0.350309 
2028 0.357669 
2029 0.36572 
2030 0.370759 
2031 0.373232 
2032 0.374531 
2033 0.37495 

  Model_Proj.dat 
EquilAvgAgeF0  5.39324 
EquilAvgAgeFabc  4.09778 
AvgAgeYr2033 4.08265 
