Model_Proj.dat 1 2020 Cabc 35.2579
Model_Proj.dat 1 2020 Cofl 38.4221
Model_Proj.dat 1 2020 CLCI 8.669
Model_Proj.dat 1 2020 CUCI 8.669
Model_Proj.dat 1 2020 CMedian 8.669
Model_Proj.dat 1 2020 CMean 8.669
Model_Proj.dat 1 2020 CStdn 8.88178e-15
Model_Proj.dat 1 2021 Cabc 35.2579
Model_Proj.dat 1 2021 Cofl 38.4221
Model_Proj.dat 1 2021 CLCI 62.563
Model_Proj.dat 1 2021 CUCI 62.574
Model_Proj.dat 1 2021 CMedian 62.5665
Model_Proj.dat 1 2021 CMean 62.5672
Model_Proj.dat 1 2021 CStdn 0.0036167
Model_Proj.dat 1 2022 Cabc 35.2579
Model_Proj.dat 1 2022 Cofl 38.4221
Model_Proj.dat 1 2022 CLCI 55.8809
Model_Proj.dat 1 2022 CUCI 55.9742
Model_Proj.dat 1 2022 CMedian 55.9116
Model_Proj.dat 1 2022 CMean 55.9178
Model_Proj.dat 1 2022 CStdn 0.0310748
Model_Proj.dat 1 2023 Cabc 35.2579
Model_Proj.dat 1 2023 Cofl 38.4221
Model_Proj.dat 1 2023 CLCI 51.1142
Model_Proj.dat 1 2023 CUCI 51.5561
Model_Proj.dat 1 2023 CMedian 51.2667
Model_Proj.dat 1 2023 CMean 51.2919
Model_Proj.dat 1 2023 CStdn 0.149278
Model_Proj.dat 1 2024 Cabc 35.2579
Model_Proj.dat 1 2024 Cofl 38.4221
Model_Proj.dat 1 2024 CLCI 47.3228
Model_Proj.dat 1 2024 CUCI 48.7363
Model_Proj.dat 1 2024 CMedian 47.8365
Model_Proj.dat 1 2024 CMean 47.9167
Model_Proj.dat 1 2024 CStdn 0.480059
Model_Proj.dat 1 2025 Cabc 35.2579
Model_Proj.dat 1 2025 Cofl 38.4221
Model_Proj.dat 1 2025 CLCI 43.8479
Model_Proj.dat 1 2025 CUCI 47.2088
Model_Proj.dat 1 2025 CMedian 45.0795
Model_Proj.dat 1 2025 CMean 45.2562
Model_Proj.dat 1 2025 CStdn 1.12074
Model_Proj.dat 1 2026 Cabc 35.2579
Model_Proj.dat 1 2026 Cofl 38.4221
Model_Proj.dat 1 2026 CLCI 40.499
Model_Proj.dat 1 2026 CUCI 46.6259
Model_Proj.dat 1 2026 CMedian 42.8622
Model_Proj.dat 1 2026 CMean 43.1276
Model_Proj.dat 1 2026 CStdn 2.03776
Model_Proj.dat 1 2027 Cabc 35.2579
Model_Proj.dat 1 2027 Cofl 38.4221
Model_Proj.dat 1 2027 CLCI 37.3889
Model_Proj.dat 1 2027 CUCI 46.8763
Model_Proj.dat 1 2027 CMedian 40.9596
Model_Proj.dat 1 2027 CMean 41.3639
Model_Proj.dat 1 2027 CStdn 3.05299
Model_Proj.dat 1 2028 Cabc 35.2579
Model_Proj.dat 1 2028 Cofl 38.4221
Model_Proj.dat 1 2028 CLCI 34.6065
Model_Proj.dat 1 2028 CUCI 46.6709
Model_Proj.dat 1 2028 CMedian 39.3264
Model_Proj.dat 1 2028 CMean 39.9087
Model_Proj.dat 1 2028 CStdn 3.96977
Model_Proj.dat 1 2029 Cabc 35.2579
Model_Proj.dat 1 2029 Cofl 38.4221
Model_Proj.dat 1 2029 CLCI 30.4754
Model_Proj.dat 1 2029 CUCI 46.9862
Model_Proj.dat 1 2029 CMedian 38.226
Model_Proj.dat 1 2029 CMean 38.4741
Model_Proj.dat 1 2029 CStdn 5.03487
Model_Proj.dat 1 2030 Cabc 35.2579
Model_Proj.dat 1 2030 Cofl 38.4221
Model_Proj.dat 1 2030 CLCI 27.0217
Model_Proj.dat 1 2030 CUCI 46.779
Model_Proj.dat 1 2030 CMedian 37.227
Model_Proj.dat 1 2030 CMean 37.1787
Model_Proj.dat 1 2030 CStdn 5.90543
Model_Proj.dat 1 2031 Cabc 35.2579
Model_Proj.dat 1 2031 Cofl 38.4221
Model_Proj.dat 1 2031 CLCI 25.5396
Model_Proj.dat 1 2031 CUCI 46.4202
Model_Proj.dat 1 2031 CMedian 36.6687
Model_Proj.dat 1 2031 CMean 36.2874
Model_Proj.dat 1 2031 CStdn 6.34594
Model_Proj.dat 1 2032 Cabc 35.2579
Model_Proj.dat 1 2032 Cofl 38.4221
Model_Proj.dat 1 2032 CLCI 24.5957
Model_Proj.dat 1 2032 CUCI 45.9326
Model_Proj.dat 1 2032 CMedian 36.1132
Model_Proj.dat 1 2032 CMean 35.7479
Model_Proj.dat 1 2032 CStdn 6.50375
Model_Proj.dat 1 2033 Cabc 35.2579
Model_Proj.dat 1 2033 Cofl 38.4221
Model_Proj.dat 1 2033 CLCI 24.7303
Model_Proj.dat 1 2033 CUCI 45.8304
Model_Proj.dat 1 2033 CMedian 35.7153
Model_Proj.dat 1 2033 CMean 35.4084
Model_Proj.dat 1 2033 CStdn 6.5275
Model_Proj.dat 1 2020 SSBF100 203.658
Model_Proj.dat 1 2020 SSBFabc 81.4632
Model_Proj.dat 1 2020 SSBFofl 71.2803
Model_Proj.dat 1 2020 SSBLCI 146.307
Model_Proj.dat 1 2020 SSBUCI 146.307
Model_Proj.dat 1 2020 SSBMedian 146.307
Model_Proj.dat 1 2020 SSBMean 146.307
Model_Proj.dat 1 2021 SSBF100 203.658
Model_Proj.dat 1 2021 SSBFabc 81.4632
Model_Proj.dat 1 2021 SSBFofl 71.2803
Model_Proj.dat 1 2021 SSBLCI 150.428
Model_Proj.dat 1 2021 SSBUCI 150.442
Model_Proj.dat 1 2021 SSBMedian 150.432
Model_Proj.dat 1 2021 SSBMean 150.433
Model_Proj.dat 1 2022 SSBF100 203.658
Model_Proj.dat 1 2022 SSBFabc 81.4632
Model_Proj.dat 1 2022 SSBFofl 71.2803
Model_Proj.dat 1 2022 SSBLCI 132.159
Model_Proj.dat 1 2022 SSBUCI 132.233
Model_Proj.dat 1 2022 SSBMedian 132.184
Model_Proj.dat 1 2022 SSBMean 132.188
Model_Proj.dat 1 2023 SSBF100 203.658
Model_Proj.dat 1 2023 SSBFabc 81.4632
Model_Proj.dat 1 2023 SSBFofl 71.2803
Model_Proj.dat 1 2023 SSBLCI 120.05
Model_Proj.dat 1 2023 SSBUCI 120.338
Model_Proj.dat 1 2023 SSBMedian 120.152
Model_Proj.dat 1 2023 SSBMean 120.168
Model_Proj.dat 1 2024 SSBF100 203.658
Model_Proj.dat 1 2024 SSBFabc 81.4632
Model_Proj.dat 1 2024 SSBFofl 71.2803
Model_Proj.dat 1 2024 SSBLCI 111.768
Model_Proj.dat 1 2024 SSBUCI 112.719
Model_Proj.dat 1 2024 SSBMedian 112.115
Model_Proj.dat 1 2024 SSBMean 112.168
Model_Proj.dat 1 2025 SSBF100 203.658
Model_Proj.dat 1 2025 SSBFabc 81.4632
Model_Proj.dat 1 2025 SSBFofl 71.2803
Model_Proj.dat 1 2025 SSBLCI 104.93
Model_Proj.dat 1 2025 SSBUCI 107.668
Model_Proj.dat 1 2025 SSBMedian 105.933
Model_Proj.dat 1 2025 SSBMean 106.075
Model_Proj.dat 1 2026 SSBF100 203.658
Model_Proj.dat 1 2026 SSBFabc 81.4632
Model_Proj.dat 1 2026 SSBFofl 71.2803
Model_Proj.dat 1 2026 SSBLCI 98.2119
Model_Proj.dat 1 2026 SSBUCI 105.094
Model_Proj.dat 1 2026 SSBMedian 100.745
Model_Proj.dat 1 2026 SSBMean 101.09
Model_Proj.dat 1 2027 SSBF100 203.658
Model_Proj.dat 1 2027 SSBFabc 81.4632
Model_Proj.dat 1 2027 SSBFofl 71.2803
Model_Proj.dat 1 2027 SSBLCI 90.7677
Model_Proj.dat 1 2027 SSBUCI 104.911
Model_Proj.dat 1 2027 SSBMedian 96.1099
Model_Proj.dat 1 2027 SSBMean 96.7996
Model_Proj.dat 1 2028 SSBF100 203.658
Model_Proj.dat 1 2028 SSBFabc 81.4632
Model_Proj.dat 1 2028 SSBFofl 71.2803
Model_Proj.dat 1 2028 SSBLCI 82.9375
Model_Proj.dat 1 2028 SSBUCI 107.014
Model_Proj.dat 1 2028 SSBMedian 92.1711
Model_Proj.dat 1 2028 SSBMean 93.126
Model_Proj.dat 1 2029 SSBF100 203.658
Model_Proj.dat 1 2029 SSBFabc 81.4632
Model_Proj.dat 1 2029 SSBFofl 71.2803
Model_Proj.dat 1 2029 SSBLCI 76.36
Model_Proj.dat 1 2029 SSBUCI 108.033
Model_Proj.dat 1 2029 SSBMedian 88.6161
Model_Proj.dat 1 2029 SSBMean 90.1156
Model_Proj.dat 1 2030 SSBF100 203.658
Model_Proj.dat 1 2030 SSBFabc 81.4632
Model_Proj.dat 1 2030 SSBFofl 71.2803
Model_Proj.dat 1 2030 SSBLCI 71.8158
Model_Proj.dat 1 2030 SSBUCI 108.893
Model_Proj.dat 1 2030 SSBMedian 86.2456
Model_Proj.dat 1 2030 SSBMean 87.8703
Model_Proj.dat 1 2031 SSBF100 203.658
Model_Proj.dat 1 2031 SSBFabc 81.4632
Model_Proj.dat 1 2031 SSBFofl 71.2803
Model_Proj.dat 1 2031 SSBLCI 69.1845
Model_Proj.dat 1 2031 SSBUCI 109.308
Model_Proj.dat 1 2031 SSBMedian 84.5101
Model_Proj.dat 1 2031 SSBMean 86.3239
Model_Proj.dat 1 2032 SSBF100 203.658
Model_Proj.dat 1 2032 SSBFabc 81.4632
Model_Proj.dat 1 2032 SSBFofl 71.2803
Model_Proj.dat 1 2032 SSBLCI 67.7906
Model_Proj.dat 1 2032 SSBUCI 107.403
Model_Proj.dat 1 2032 SSBMedian 83.519
Model_Proj.dat 1 2032 SSBMean 85.3096
Model_Proj.dat 1 2033 SSBF100 203.658
Model_Proj.dat 1 2033 SSBFabc 81.4632
Model_Proj.dat 1 2033 SSBFofl 71.2803
Model_Proj.dat 1 2033 SSBLCI 67.367
Model_Proj.dat 1 2033 SSBUCI 107.421
Model_Proj.dat 1 2033 SSBMedian 82.6523
Model_Proj.dat 1 2033 SSBMean 84.6328
Model_Proj.dat 1 2020 F0 0 
Model_Proj.dat 1 2020 Fabc 0.368177
Model_Proj.dat 1 2020 Fofl 0.455889
Model_Proj.dat 1 2020  F_LCI 0.0483308
Model_Proj.dat 1 2020  F_UCI 0.0483308
Model_Proj.dat 1 2020  F_Median 0.0483308
Model_Proj.dat 1 2020  F_Mean 0.0483308
Model_Proj.dat 1 2021 F0 0 
Model_Proj.dat 1 2021 Fabc 0.368177
Model_Proj.dat 1 2021 Fofl 0.455889
Model_Proj.dat 1 2021  F_LCI 0.368177
Model_Proj.dat 1 2021  F_UCI 0.368177
Model_Proj.dat 1 2021  F_Median 0.368177
Model_Proj.dat 1 2021  F_Mean 0.368177
Model_Proj.dat 1 2022 F0 0 
Model_Proj.dat 1 2022 Fabc 0.368177
Model_Proj.dat 1 2022 Fofl 0.455889
Model_Proj.dat 1 2022  F_LCI 0.368177
Model_Proj.dat 1 2022  F_UCI 0.368177
Model_Proj.dat 1 2022  F_Median 0.368177
Model_Proj.dat 1 2022  F_Mean 0.368177
Model_Proj.dat 1 2023 F0 0 
Model_Proj.dat 1 2023 Fabc 0.368177
Model_Proj.dat 1 2023 Fofl 0.455889
Model_Proj.dat 1 2023  F_LCI 0.368177
Model_Proj.dat 1 2023  F_UCI 0.368177
Model_Proj.dat 1 2023  F_Median 0.368177
Model_Proj.dat 1 2023  F_Mean 0.368177
Model_Proj.dat 1 2024 F0 0 
Model_Proj.dat 1 2024 Fabc 0.368177
Model_Proj.dat 1 2024 Fofl 0.455889
Model_Proj.dat 1 2024  F_LCI 0.368177
Model_Proj.dat 1 2024  F_UCI 0.368177
Model_Proj.dat 1 2024  F_Median 0.368177
Model_Proj.dat 1 2024  F_Mean 0.368177
Model_Proj.dat 1 2025 F0 0 
Model_Proj.dat 1 2025 Fabc 0.368177
Model_Proj.dat 1 2025 Fofl 0.455889
Model_Proj.dat 1 2025  F_LCI 0.368177
Model_Proj.dat 1 2025  F_UCI 0.368177
Model_Proj.dat 1 2025  F_Median 0.368177
Model_Proj.dat 1 2025  F_Mean 0.368177
Model_Proj.dat 1 2026 F0 0 
Model_Proj.dat 1 2026 Fabc 0.368177
Model_Proj.dat 1 2026 Fofl 0.455889
Model_Proj.dat 1 2026  F_LCI 0.368177
Model_Proj.dat 1 2026  F_UCI 0.368177
Model_Proj.dat 1 2026  F_Median 0.368177
Model_Proj.dat 1 2026  F_Mean 0.368177
Model_Proj.dat 1 2027 F0 0 
Model_Proj.dat 1 2027 Fabc 0.368177
Model_Proj.dat 1 2027 Fofl 0.455889
Model_Proj.dat 1 2027  F_LCI 0.368177
Model_Proj.dat 1 2027  F_UCI 0.368177
Model_Proj.dat 1 2027  F_Median 0.368177
Model_Proj.dat 1 2027  F_Mean 0.368177
Model_Proj.dat 1 2028 F0 0 
Model_Proj.dat 1 2028 Fabc 0.368177
Model_Proj.dat 1 2028 Fofl 0.455889
Model_Proj.dat 1 2028  F_LCI 0.368177
Model_Proj.dat 1 2028  F_UCI 0.368177
Model_Proj.dat 1 2028  F_Median 0.368177
Model_Proj.dat 1 2028  F_Mean 0.368101
Model_Proj.dat 1 2029 F0 0 
Model_Proj.dat 1 2029 Fabc 0.368177
Model_Proj.dat 1 2029 Fofl 0.455889
Model_Proj.dat 1 2029  F_LCI 0.343899
Model_Proj.dat 1 2029  F_UCI 0.368177
Model_Proj.dat 1 2029  F_Median 0.368177
Model_Proj.dat 1 2029  F_Mean 0.364757
Model_Proj.dat 1 2030 F0 0 
Model_Proj.dat 1 2030 Fabc 0.368177
Model_Proj.dat 1 2030 Fofl 0.455889
Model_Proj.dat 1 2030  F_LCI 0.322281
Model_Proj.dat 1 2030  F_UCI 0.368177
Model_Proj.dat 1 2030  F_Median 0.368177
Model_Proj.dat 1 2030  F_Mean 0.359429
Model_Proj.dat 1 2031 F0 0 
Model_Proj.dat 1 2031 Fabc 0.368177
Model_Proj.dat 1 2031 Fofl 0.455889
Model_Proj.dat 1 2031  F_LCI 0.309763
Model_Proj.dat 1 2031  F_UCI 0.368177
Model_Proj.dat 1 2031  F_Median 0.368177
Model_Proj.dat 1 2031  F_Mean 0.355659
Model_Proj.dat 1 2032 F0 0 
Model_Proj.dat 1 2032 Fabc 0.368177
Model_Proj.dat 1 2032 Fofl 0.455889
Model_Proj.dat 1 2032  F_LCI 0.303131
Model_Proj.dat 1 2032  F_UCI 0.368177
Model_Proj.dat 1 2032  F_Median 0.368177
Model_Proj.dat 1 2032  F_Mean 0.353597
Model_Proj.dat 1 2033 F0 0 
Model_Proj.dat 1 2033 Fabc 0.368177
Model_Proj.dat 1 2033 Fofl 0.455889
Model_Proj.dat 1 2033  F_LCI 0.301116
Model_Proj.dat 1 2033  F_UCI 0.368177
Model_Proj.dat 1 2033  F_Median 0.368177
Model_Proj.dat 1 2033  F_Mean 0.352466
Model_Proj.dat 2 2020 Cabc 35.2579
Model_Proj.dat 2 2020 Cofl 38.4221
Model_Proj.dat 2 2020 CLCI 8.669
Model_Proj.dat 2 2020 CUCI 8.669
Model_Proj.dat 2 2020 CMedian 8.669
Model_Proj.dat 2 2020 CMean 8.669
Model_Proj.dat 2 2020 CStdn 8.88178e-15
Model_Proj.dat 2 2021 Cabc 35.2579
Model_Proj.dat 2 2021 Cofl 38.4221
Model_Proj.dat 2 2021 CLCI 62.563
Model_Proj.dat 2 2021 CUCI 62.574
Model_Proj.dat 2 2021 CMedian 62.5665
Model_Proj.dat 2 2021 CMean 62.5672
Model_Proj.dat 2 2021 CStdn 0.0036167
Model_Proj.dat 2 2022 Cabc 35.2579
Model_Proj.dat 2 2022 Cofl 38.4221
Model_Proj.dat 2 2022 CLCI 55.8809
Model_Proj.dat 2 2022 CUCI 55.9742
Model_Proj.dat 2 2022 CMedian 55.9116
Model_Proj.dat 2 2022 CMean 55.9178
Model_Proj.dat 2 2022 CStdn 0.0310748
Model_Proj.dat 2 2023 Cabc 35.2579
Model_Proj.dat 2 2023 Cofl 38.4221
Model_Proj.dat 2 2023 CLCI 51.1142
Model_Proj.dat 2 2023 CUCI 51.5561
Model_Proj.dat 2 2023 CMedian 51.2667
Model_Proj.dat 2 2023 CMean 51.2919
Model_Proj.dat 2 2023 CStdn 0.149278
Model_Proj.dat 2 2024 Cabc 35.2579
Model_Proj.dat 2 2024 Cofl 38.4221
Model_Proj.dat 2 2024 CLCI 47.3228
Model_Proj.dat 2 2024 CUCI 48.7363
Model_Proj.dat 2 2024 CMedian 47.8365
Model_Proj.dat 2 2024 CMean 47.9167
Model_Proj.dat 2 2024 CStdn 0.480059
Model_Proj.dat 2 2025 Cabc 35.2579
Model_Proj.dat 2 2025 Cofl 38.4221
Model_Proj.dat 2 2025 CLCI 43.8479
Model_Proj.dat 2 2025 CUCI 47.2088
Model_Proj.dat 2 2025 CMedian 45.0795
Model_Proj.dat 2 2025 CMean 45.2562
Model_Proj.dat 2 2025 CStdn 1.12074
Model_Proj.dat 2 2026 Cabc 35.2579
Model_Proj.dat 2 2026 Cofl 38.4221
Model_Proj.dat 2 2026 CLCI 40.499
Model_Proj.dat 2 2026 CUCI 46.6259
Model_Proj.dat 2 2026 CMedian 42.8622
Model_Proj.dat 2 2026 CMean 43.1276
Model_Proj.dat 2 2026 CStdn 2.03776
Model_Proj.dat 2 2027 Cabc 35.2579
Model_Proj.dat 2 2027 Cofl 38.4221
Model_Proj.dat 2 2027 CLCI 37.3889
Model_Proj.dat 2 2027 CUCI 46.8763
Model_Proj.dat 2 2027 CMedian 40.9596
Model_Proj.dat 2 2027 CMean 41.3639
Model_Proj.dat 2 2027 CStdn 3.05299
Model_Proj.dat 2 2028 Cabc 35.2579
Model_Proj.dat 2 2028 Cofl 38.4221
Model_Proj.dat 2 2028 CLCI 34.6065
Model_Proj.dat 2 2028 CUCI 46.6709
Model_Proj.dat 2 2028 CMedian 39.3264
Model_Proj.dat 2 2028 CMean 39.9087
Model_Proj.dat 2 2028 CStdn 3.96977
Model_Proj.dat 2 2029 Cabc 35.2579
Model_Proj.dat 2 2029 Cofl 38.4221
Model_Proj.dat 2 2029 CLCI 30.4754
Model_Proj.dat 2 2029 CUCI 46.9862
Model_Proj.dat 2 2029 CMedian 38.226
Model_Proj.dat 2 2029 CMean 38.4741
Model_Proj.dat 2 2029 CStdn 5.03487
Model_Proj.dat 2 2030 Cabc 35.2579
Model_Proj.dat 2 2030 Cofl 38.4221
Model_Proj.dat 2 2030 CLCI 27.0217
Model_Proj.dat 2 2030 CUCI 46.779
Model_Proj.dat 2 2030 CMedian 37.227
Model_Proj.dat 2 2030 CMean 37.1787
Model_Proj.dat 2 2030 CStdn 5.90543
Model_Proj.dat 2 2031 Cabc 35.2579
Model_Proj.dat 2 2031 Cofl 38.4221
Model_Proj.dat 2 2031 CLCI 25.5396
Model_Proj.dat 2 2031 CUCI 46.4202
Model_Proj.dat 2 2031 CMedian 36.6687
Model_Proj.dat 2 2031 CMean 36.2874
Model_Proj.dat 2 2031 CStdn 6.34594
Model_Proj.dat 2 2032 Cabc 35.2579
Model_Proj.dat 2 2032 Cofl 38.4221
Model_Proj.dat 2 2032 CLCI 24.5957
Model_Proj.dat 2 2032 CUCI 45.9326
Model_Proj.dat 2 2032 CMedian 36.1132
Model_Proj.dat 2 2032 CMean 35.7479
Model_Proj.dat 2 2032 CStdn 6.50375
Model_Proj.dat 2 2033 Cabc 35.2579
Model_Proj.dat 2 2033 Cofl 38.4221
Model_Proj.dat 2 2033 CLCI 24.7303
Model_Proj.dat 2 2033 CUCI 45.8304
Model_Proj.dat 2 2033 CMedian 35.7153
Model_Proj.dat 2 2033 CMean 35.4084
Model_Proj.dat 2 2033 CStdn 6.5275
Model_Proj.dat 2 2020 SSBF100 203.658
Model_Proj.dat 2 2020 SSBFabc 81.4632
Model_Proj.dat 2 2020 SSBFofl 71.2803
Model_Proj.dat 2 2020 SSBLCI 146.307
Model_Proj.dat 2 2020 SSBUCI 146.307
Model_Proj.dat 2 2020 SSBMedian 146.307
Model_Proj.dat 2 2020 SSBMean 146.307
Model_Proj.dat 2 2021 SSBF100 203.658
Model_Proj.dat 2 2021 SSBFabc 81.4632
Model_Proj.dat 2 2021 SSBFofl 71.2803
Model_Proj.dat 2 2021 SSBLCI 150.428
Model_Proj.dat 2 2021 SSBUCI 150.442
Model_Proj.dat 2 2021 SSBMedian 150.432
Model_Proj.dat 2 2021 SSBMean 150.433
Model_Proj.dat 2 2022 SSBF100 203.658
Model_Proj.dat 2 2022 SSBFabc 81.4632
Model_Proj.dat 2 2022 SSBFofl 71.2803
Model_Proj.dat 2 2022 SSBLCI 132.159
Model_Proj.dat 2 2022 SSBUCI 132.233
Model_Proj.dat 2 2022 SSBMedian 132.184
Model_Proj.dat 2 2022 SSBMean 132.188
Model_Proj.dat 2 2023 SSBF100 203.658
Model_Proj.dat 2 2023 SSBFabc 81.4632
Model_Proj.dat 2 2023 SSBFofl 71.2803
Model_Proj.dat 2 2023 SSBLCI 120.05
Model_Proj.dat 2 2023 SSBUCI 120.338
Model_Proj.dat 2 2023 SSBMedian 120.152
Model_Proj.dat 2 2023 SSBMean 120.168
Model_Proj.dat 2 2024 SSBF100 203.658
Model_Proj.dat 2 2024 SSBFabc 81.4632
Model_Proj.dat 2 2024 SSBFofl 71.2803
Model_Proj.dat 2 2024 SSBLCI 111.768
Model_Proj.dat 2 2024 SSBUCI 112.719
Model_Proj.dat 2 2024 SSBMedian 112.115
Model_Proj.dat 2 2024 SSBMean 112.168
Model_Proj.dat 2 2025 SSBF100 203.658
Model_Proj.dat 2 2025 SSBFabc 81.4632
Model_Proj.dat 2 2025 SSBFofl 71.2803
Model_Proj.dat 2 2025 SSBLCI 104.93
Model_Proj.dat 2 2025 SSBUCI 107.668
Model_Proj.dat 2 2025 SSBMedian 105.933
Model_Proj.dat 2 2025 SSBMean 106.075
Model_Proj.dat 2 2026 SSBF100 203.658
Model_Proj.dat 2 2026 SSBFabc 81.4632
Model_Proj.dat 2 2026 SSBFofl 71.2803
Model_Proj.dat 2 2026 SSBLCI 98.2119
Model_Proj.dat 2 2026 SSBUCI 105.094
Model_Proj.dat 2 2026 SSBMedian 100.745
Model_Proj.dat 2 2026 SSBMean 101.09
Model_Proj.dat 2 2027 SSBF100 203.658
Model_Proj.dat 2 2027 SSBFabc 81.4632
Model_Proj.dat 2 2027 SSBFofl 71.2803
Model_Proj.dat 2 2027 SSBLCI 90.7677
Model_Proj.dat 2 2027 SSBUCI 104.911
Model_Proj.dat 2 2027 SSBMedian 96.1099
Model_Proj.dat 2 2027 SSBMean 96.7996
Model_Proj.dat 2 2028 SSBF100 203.658
Model_Proj.dat 2 2028 SSBFabc 81.4632
Model_Proj.dat 2 2028 SSBFofl 71.2803
Model_Proj.dat 2 2028 SSBLCI 82.9375
Model_Proj.dat 2 2028 SSBUCI 107.014
Model_Proj.dat 2 2028 SSBMedian 92.1711
Model_Proj.dat 2 2028 SSBMean 93.126
Model_Proj.dat 2 2029 SSBF100 203.658
Model_Proj.dat 2 2029 SSBFabc 81.4632
Model_Proj.dat 2 2029 SSBFofl 71.2803
Model_Proj.dat 2 2029 SSBLCI 76.36
Model_Proj.dat 2 2029 SSBUCI 108.033
Model_Proj.dat 2 2029 SSBMedian 88.6161
Model_Proj.dat 2 2029 SSBMean 90.1156
Model_Proj.dat 2 2030 SSBF100 203.658
Model_Proj.dat 2 2030 SSBFabc 81.4632
Model_Proj.dat 2 2030 SSBFofl 71.2803
Model_Proj.dat 2 2030 SSBLCI 71.8158
Model_Proj.dat 2 2030 SSBUCI 108.893
Model_Proj.dat 2 2030 SSBMedian 86.2456
Model_Proj.dat 2 2030 SSBMean 87.8703
Model_Proj.dat 2 2031 SSBF100 203.658
Model_Proj.dat 2 2031 SSBFabc 81.4632
Model_Proj.dat 2 2031 SSBFofl 71.2803
Model_Proj.dat 2 2031 SSBLCI 69.1845
Model_Proj.dat 2 2031 SSBUCI 109.308
Model_Proj.dat 2 2031 SSBMedian 84.5101
Model_Proj.dat 2 2031 SSBMean 86.3239
Model_Proj.dat 2 2032 SSBF100 203.658
Model_Proj.dat 2 2032 SSBFabc 81.4632
Model_Proj.dat 2 2032 SSBFofl 71.2803
Model_Proj.dat 2 2032 SSBLCI 67.7906
Model_Proj.dat 2 2032 SSBUCI 107.403
Model_Proj.dat 2 2032 SSBMedian 83.519
Model_Proj.dat 2 2032 SSBMean 85.3096
Model_Proj.dat 2 2033 SSBF100 203.658
Model_Proj.dat 2 2033 SSBFabc 81.4632
Model_Proj.dat 2 2033 SSBFofl 71.2803
Model_Proj.dat 2 2033 SSBLCI 67.367
Model_Proj.dat 2 2033 SSBUCI 107.421
Model_Proj.dat 2 2033 SSBMedian 82.6523
Model_Proj.dat 2 2033 SSBMean 84.6328
Model_Proj.dat 2 2020 F0 0 
Model_Proj.dat 2 2020 Fabc 0.368177
Model_Proj.dat 2 2020 Fofl 0.455889
Model_Proj.dat 2 2020  F_LCI 0.0483308
Model_Proj.dat 2 2020  F_UCI 0.0483308
Model_Proj.dat 2 2020  F_Median 0.0483308
Model_Proj.dat 2 2020  F_Mean 0.0483308
Model_Proj.dat 2 2021 F0 0 
Model_Proj.dat 2 2021 Fabc 0.368177
Model_Proj.dat 2 2021 Fofl 0.455889
Model_Proj.dat 2 2021  F_LCI 0.368177
Model_Proj.dat 2 2021  F_UCI 0.368177
Model_Proj.dat 2 2021  F_Median 0.368177
Model_Proj.dat 2 2021  F_Mean 0.368177
Model_Proj.dat 2 2022 F0 0 
Model_Proj.dat 2 2022 Fabc 0.368177
Model_Proj.dat 2 2022 Fofl 0.455889
Model_Proj.dat 2 2022  F_LCI 0.368177
Model_Proj.dat 2 2022  F_UCI 0.368177
Model_Proj.dat 2 2022  F_Median 0.368177
Model_Proj.dat 2 2022  F_Mean 0.368177
Model_Proj.dat 2 2023 F0 0 
Model_Proj.dat 2 2023 Fabc 0.368177
Model_Proj.dat 2 2023 Fofl 0.455889
Model_Proj.dat 2 2023  F_LCI 0.368177
Model_Proj.dat 2 2023  F_UCI 0.368177
Model_Proj.dat 2 2023  F_Median 0.368177
Model_Proj.dat 2 2023  F_Mean 0.368177
Model_Proj.dat 2 2024 F0 0 
Model_Proj.dat 2 2024 Fabc 0.368177
Model_Proj.dat 2 2024 Fofl 0.455889
Model_Proj.dat 2 2024  F_LCI 0.368177
Model_Proj.dat 2 2024  F_UCI 0.368177
Model_Proj.dat 2 2024  F_Median 0.368177
Model_Proj.dat 2 2024  F_Mean 0.368177
Model_Proj.dat 2 2025 F0 0 
Model_Proj.dat 2 2025 Fabc 0.368177
Model_Proj.dat 2 2025 Fofl 0.455889
Model_Proj.dat 2 2025  F_LCI 0.368177
Model_Proj.dat 2 2025  F_UCI 0.368177
Model_Proj.dat 2 2025  F_Median 0.368177
Model_Proj.dat 2 2025  F_Mean 0.368177
Model_Proj.dat 2 2026 F0 0 
Model_Proj.dat 2 2026 Fabc 0.368177
Model_Proj.dat 2 2026 Fofl 0.455889
Model_Proj.dat 2 2026  F_LCI 0.368177
Model_Proj.dat 2 2026  F_UCI 0.368177
Model_Proj.dat 2 2026  F_Median 0.368177
Model_Proj.dat 2 2026  F_Mean 0.368177
Model_Proj.dat 2 2027 F0 0 
Model_Proj.dat 2 2027 Fabc 0.368177
Model_Proj.dat 2 2027 Fofl 0.455889
Model_Proj.dat 2 2027  F_LCI 0.368177
Model_Proj.dat 2 2027  F_UCI 0.368177
Model_Proj.dat 2 2027  F_Median 0.368177
Model_Proj.dat 2 2027  F_Mean 0.368177
Model_Proj.dat 2 2028 F0 0 
Model_Proj.dat 2 2028 Fabc 0.368177
Model_Proj.dat 2 2028 Fofl 0.455889
Model_Proj.dat 2 2028  F_LCI 0.368177
Model_Proj.dat 2 2028  F_UCI 0.368177
Model_Proj.dat 2 2028  F_Median 0.368177
Model_Proj.dat 2 2028  F_Mean 0.368101
Model_Proj.dat 2 2029 F0 0 
Model_Proj.dat 2 2029 Fabc 0.368177
Model_Proj.dat 2 2029 Fofl 0.455889
Model_Proj.dat 2 2029  F_LCI 0.343899
Model_Proj.dat 2 2029  F_UCI 0.368177
Model_Proj.dat 2 2029  F_Median 0.368177
Model_Proj.dat 2 2029  F_Mean 0.364757
Model_Proj.dat 2 2030 F0 0 
Model_Proj.dat 2 2030 Fabc 0.368177
Model_Proj.dat 2 2030 Fofl 0.455889
Model_Proj.dat 2 2030  F_LCI 0.322281
Model_Proj.dat 2 2030  F_UCI 0.368177
Model_Proj.dat 2 2030  F_Median 0.368177
Model_Proj.dat 2 2030  F_Mean 0.359429
Model_Proj.dat 2 2031 F0 0 
Model_Proj.dat 2 2031 Fabc 0.368177
Model_Proj.dat 2 2031 Fofl 0.455889
Model_Proj.dat 2 2031  F_LCI 0.309763
Model_Proj.dat 2 2031  F_UCI 0.368177
Model_Proj.dat 2 2031  F_Median 0.368177
Model_Proj.dat 2 2031  F_Mean 0.355659
Model_Proj.dat 2 2032 F0 0 
Model_Proj.dat 2 2032 Fabc 0.368177
Model_Proj.dat 2 2032 Fofl 0.455889
Model_Proj.dat 2 2032  F_LCI 0.303131
Model_Proj.dat 2 2032  F_UCI 0.368177
Model_Proj.dat 2 2032  F_Median 0.368177
Model_Proj.dat 2 2032  F_Mean 0.353597
Model_Proj.dat 2 2033 F0 0 
Model_Proj.dat 2 2033 Fabc 0.368177
Model_Proj.dat 2 2033 Fofl 0.455889
Model_Proj.dat 2 2033  F_LCI 0.301116
Model_Proj.dat 2 2033  F_UCI 0.368177
Model_Proj.dat 2 2033  F_Median 0.368177
Model_Proj.dat 2 2033  F_Mean 0.352466
Model_Proj.dat 3 2020 Cabc 35.2579
Model_Proj.dat 3 2020 Cofl 38.4221
Model_Proj.dat 3 2020 CLCI 8.669
Model_Proj.dat 3 2020 CUCI 8.669
Model_Proj.dat 3 2020 CMedian 8.669
Model_Proj.dat 3 2020 CMean 8.669
Model_Proj.dat 3 2020 CStdn 8.88178e-15
Model_Proj.dat 3 2021 Cabc 35.2579
Model_Proj.dat 3 2021 Cofl 38.4221
Model_Proj.dat 3 2021 CLCI 11.0913
Model_Proj.dat 3 2021 CUCI 11.0931
Model_Proj.dat 3 2021 CMedian 11.0919
Model_Proj.dat 3 2021 CMean 11.092
Model_Proj.dat 3 2021 CStdn 0.000594315
Model_Proj.dat 3 2022 Cabc 35.2579
Model_Proj.dat 3 2022 Cofl 38.4221
Model_Proj.dat 3 2022 CLCI 11.363
Model_Proj.dat 3 2022 CUCI 11.3783
Model_Proj.dat 3 2022 CMedian 11.368
Model_Proj.dat 3 2022 CMean 11.369
Model_Proj.dat 3 2022 CStdn 0.0051113
Model_Proj.dat 3 2023 Cabc 35.2579
Model_Proj.dat 3 2023 Cofl 38.4221
Model_Proj.dat 3 2023 CLCI 11.6331
Model_Proj.dat 3 2023 CUCI 11.7061
Model_Proj.dat 3 2023 CMedian 11.6583
Model_Proj.dat 3 2023 CMean 11.6625
Model_Proj.dat 3 2023 CStdn 0.0246375
Model_Proj.dat 3 2024 Cabc 35.2579
Model_Proj.dat 3 2024 Cofl 38.4221
Model_Proj.dat 3 2024 CLCI 11.8313
Model_Proj.dat 3 2024 CUCI 12.0667
Model_Proj.dat 3 2024 CMedian 11.9168
Model_Proj.dat 3 2024 CMean 11.9301
Model_Proj.dat 3 2024 CStdn 0.0799329
Model_Proj.dat 3 2025 Cabc 35.2579
Model_Proj.dat 3 2025 Cofl 38.4221
Model_Proj.dat 3 2025 CLCI 11.8816
Model_Proj.dat 3 2025 CUCI 12.4525
Model_Proj.dat 3 2025 CMedian 12.0896
Model_Proj.dat 3 2025 CMean 12.1205
Model_Proj.dat 3 2025 CStdn 0.18997
Model_Proj.dat 3 2026 Cabc 35.2579
Model_Proj.dat 3 2026 Cofl 38.4221
Model_Proj.dat 3 2026 CLCI 11.7999
Model_Proj.dat 3 2026 CUCI 12.8775
Model_Proj.dat 3 2026 CMedian 12.2105
Model_Proj.dat 3 2026 CMean 12.2579
Model_Proj.dat 3 2026 CStdn 0.355944
Model_Proj.dat 3 2027 Cabc 35.2579
Model_Proj.dat 3 2027 Cofl 38.4221
Model_Proj.dat 3 2027 CLCI 11.599
Model_Proj.dat 3 2027 CUCI 13.3467
Model_Proj.dat 3 2027 CMedian 12.2557
Model_Proj.dat 3 2027 CMean 12.3278
Model_Proj.dat 3 2027 CStdn 0.556974
Model_Proj.dat 3 2028 Cabc 35.2579
Model_Proj.dat 3 2028 Cofl 38.4221
Model_Proj.dat 3 2028 CLCI 11.3355
Model_Proj.dat 3 2028 CUCI 13.6475
Model_Proj.dat 3 2028 CMedian 12.2368
Model_Proj.dat 3 2028 CMean 12.3424
Model_Proj.dat 3 2028 CStdn 0.762748
Model_Proj.dat 3 2029 Cabc 35.2579
Model_Proj.dat 3 2029 Cofl 38.4221
Model_Proj.dat 3 2029 CLCI 11.0294
Model_Proj.dat 3 2029 CUCI 14.0151
Model_Proj.dat 3 2029 CMedian 12.2018
Model_Proj.dat 3 2029 CMean 12.3215
Model_Proj.dat 3 2029 CStdn 0.948803
Model_Proj.dat 3 2030 Cabc 35.2579
Model_Proj.dat 3 2030 Cofl 38.4221
Model_Proj.dat 3 2030 CLCI 10.6988
Model_Proj.dat 3 2030 CUCI 14.2749
Model_Proj.dat 3 2030 CMedian 12.1605
Model_Proj.dat 3 2030 CMean 12.275
Model_Proj.dat 3 2030 CStdn 1.10181
Model_Proj.dat 3 2031 Cabc 35.2579
Model_Proj.dat 3 2031 Cofl 38.4221
Model_Proj.dat 3 2031 CLCI 10.4204
Model_Proj.dat 3 2031 CUCI 14.431
Model_Proj.dat 3 2031 CMedian 12.0838
Model_Proj.dat 3 2031 CMean 12.2122
Model_Proj.dat 3 2031 CStdn 1.21802
Model_Proj.dat 3 2032 Cabc 35.2579
Model_Proj.dat 3 2032 Cofl 38.4221
Model_Proj.dat 3 2032 CLCI 10.2257
Model_Proj.dat 3 2032 CUCI 14.4682
Model_Proj.dat 3 2032 CMedian 12.0332
Model_Proj.dat 3 2032 CMean 12.1612
Model_Proj.dat 3 2032 CStdn 1.30075
Model_Proj.dat 3 2033 Cabc 35.2579
Model_Proj.dat 3 2033 Cofl 38.4221
Model_Proj.dat 3 2033 CLCI 10.083
Model_Proj.dat 3 2033 CUCI 14.5056
Model_Proj.dat 3 2033 CMedian 11.9565
Model_Proj.dat 3 2033 CMean 12.0893
Model_Proj.dat 3 2033 CStdn 1.35782
Model_Proj.dat 3 2020 SSBF100 203.658
Model_Proj.dat 3 2020 SSBFabc 81.4632
Model_Proj.dat 3 2020 SSBFofl 71.2803
Model_Proj.dat 3 2020 SSBLCI 146.307
Model_Proj.dat 3 2020 SSBUCI 146.307
Model_Proj.dat 3 2020 SSBMedian 146.307
Model_Proj.dat 3 2020 SSBMean 146.307
Model_Proj.dat 3 2021 SSBF100 203.658
Model_Proj.dat 3 2021 SSBFabc 81.4632
Model_Proj.dat 3 2021 SSBFofl 71.2803
Model_Proj.dat 3 2021 SSBLCI 150.428
Model_Proj.dat 3 2021 SSBUCI 150.442
Model_Proj.dat 3 2021 SSBMedian 150.432
Model_Proj.dat 3 2021 SSBMean 150.433
Model_Proj.dat 3 2022 SSBF100 203.658
Model_Proj.dat 3 2022 SSBFabc 81.4632
Model_Proj.dat 3 2022 SSBFofl 71.2803
Model_Proj.dat 3 2022 SSBLCI 155.071
Model_Proj.dat 3 2022 SSBUCI 155.144
Model_Proj.dat 3 2022 SSBMedian 155.096
Model_Proj.dat 3 2022 SSBMean 155.1
Model_Proj.dat 3 2023 SSBF100 203.658
Model_Proj.dat 3 2023 SSBFabc 81.4632
Model_Proj.dat 3 2023 SSBFofl 71.2803
Model_Proj.dat 3 2023 SSBLCI 160.266
Model_Proj.dat 3 2023 SSBUCI 160.555
Model_Proj.dat 3 2023 SSBMedian 160.368
Model_Proj.dat 3 2023 SSBMean 160.385
Model_Proj.dat 3 2024 SSBF100 203.658
Model_Proj.dat 3 2024 SSBFabc 81.4632
Model_Proj.dat 3 2024 SSBFofl 71.2803
Model_Proj.dat 3 2024 SSBLCI 165.289
Model_Proj.dat 3 2024 SSBUCI 166.243
Model_Proj.dat 3 2024 SSBMedian 165.638
Model_Proj.dat 3 2024 SSBMean 165.69
Model_Proj.dat 3 2025 SSBF100 203.658
Model_Proj.dat 3 2025 SSBFabc 81.4632
Model_Proj.dat 3 2025 SSBFofl 71.2803
Model_Proj.dat 3 2025 SSBLCI 168.544
Model_Proj.dat 3 2025 SSBUCI 171.313
Model_Proj.dat 3 2025 SSBMedian 169.562
Model_Proj.dat 3 2025 SSBMean 169.704
Model_Proj.dat 3 2026 SSBF100 203.658
Model_Proj.dat 3 2026 SSBFabc 81.4632
Model_Proj.dat 3 2026 SSBFofl 71.2803
Model_Proj.dat 3 2026 SSBLCI 169.47
Model_Proj.dat 3 2026 SSBUCI 176.589
Model_Proj.dat 3 2026 SSBMedian 172.072
Model_Proj.dat 3 2026 SSBMean 172.431
Model_Proj.dat 3 2027 SSBF100 203.658
Model_Proj.dat 3 2027 SSBFabc 81.4632
Model_Proj.dat 3 2027 SSBFofl 71.2803
Model_Proj.dat 3 2027 SSBLCI 167.262
Model_Proj.dat 3 2027 SSBUCI 182.528
Model_Proj.dat 3 2027 SSBMedian 172.998
Model_Proj.dat 3 2027 SSBMean 173.732
Model_Proj.dat 3 2028 SSBF100 203.658
Model_Proj.dat 3 2028 SSBFabc 81.4632
Model_Proj.dat 3 2028 SSBFofl 71.2803
Model_Proj.dat 3 2028 SSBLCI 162.369
Model_Proj.dat 3 2028 SSBUCI 189.22
Model_Proj.dat 3 2028 SSBMedian 172.755
Model_Proj.dat 3 2028 SSBMean 173.9
Model_Proj.dat 3 2029 SSBF100 203.658
Model_Proj.dat 3 2029 SSBFabc 81.4632
Model_Proj.dat 3 2029 SSBFofl 71.2803
Model_Proj.dat 3 2029 SSBLCI 156.827
Model_Proj.dat 3 2029 SSBUCI 195.767
Model_Proj.dat 3 2029 SSBMedian 171.565
Model_Proj.dat 3 2029 SSBMean 173.39
Model_Proj.dat 3 2030 SSBF100 203.658
Model_Proj.dat 3 2030 SSBFabc 81.4632
Model_Proj.dat 3 2030 SSBFofl 71.2803
Model_Proj.dat 3 2030 SSBLCI 151.296
Model_Proj.dat 3 2030 SSBUCI 199.432
Model_Proj.dat 3 2030 SSBMedian 170.469
Model_Proj.dat 3 2030 SSBMean 172.493
Model_Proj.dat 3 2031 SSBF100 203.658
Model_Proj.dat 3 2031 SSBFabc 81.4632
Model_Proj.dat 3 2031 SSBFofl 71.2803
Model_Proj.dat 3 2031 SSBLCI 145.68
Model_Proj.dat 3 2031 SSBUCI 204.183
Model_Proj.dat 3 2031 SSBMedian 169.57
Model_Proj.dat 3 2031 SSBMean 171.383
Model_Proj.dat 3 2032 SSBF100 203.658
Model_Proj.dat 3 2032 SSBFabc 81.4632
Model_Proj.dat 3 2032 SSBFofl 71.2803
Model_Proj.dat 3 2032 SSBLCI 141.629
Model_Proj.dat 3 2032 SSBUCI 205.423
Model_Proj.dat 3 2032 SSBMedian 168.289
Model_Proj.dat 3 2032 SSBMean 170.439
Model_Proj.dat 3 2033 SSBF100 203.658
Model_Proj.dat 3 2033 SSBFabc 81.4632
Model_Proj.dat 3 2033 SSBFofl 71.2803
Model_Proj.dat 3 2033 SSBLCI 139.394
Model_Proj.dat 3 2033 SSBUCI 205.114
Model_Proj.dat 3 2033 SSBMedian 167.441
Model_Proj.dat 3 2033 SSBMean 169.232
Model_Proj.dat 3 2020 F0 0 
Model_Proj.dat 3 2020 Fabc 0.368177
Model_Proj.dat 3 2020 Fofl 0.455889
Model_Proj.dat 3 2020  F_LCI 0.0483308
Model_Proj.dat 3 2020  F_UCI 0.0483308
Model_Proj.dat 3 2020  F_Median 0.0483308
Model_Proj.dat 3 2020  F_Mean 0.0483308
Model_Proj.dat 3 2021 F0 0 
Model_Proj.dat 3 2021 Fabc 0.368177
Model_Proj.dat 3 2021 Fofl 0.455889
Model_Proj.dat 3 2021  F_LCI 0.060491
Model_Proj.dat 3 2021  F_UCI 0.060491
Model_Proj.dat 3 2021  F_Median 0.060491
Model_Proj.dat 3 2021  F_Mean 0.060491
Model_Proj.dat 3 2022 F0 0 
Model_Proj.dat 3 2022 Fabc 0.368177
Model_Proj.dat 3 2022 Fofl 0.455889
Model_Proj.dat 3 2022  F_LCI 0.060491
Model_Proj.dat 3 2022  F_UCI 0.060491
Model_Proj.dat 3 2022  F_Median 0.060491
Model_Proj.dat 3 2022  F_Mean 0.060491
Model_Proj.dat 3 2023 F0 0 
Model_Proj.dat 3 2023 Fabc 0.368177
Model_Proj.dat 3 2023 Fofl 0.455889
Model_Proj.dat 3 2023  F_LCI 0.060491
Model_Proj.dat 3 2023  F_UCI 0.060491
Model_Proj.dat 3 2023  F_Median 0.060491
Model_Proj.dat 3 2023  F_Mean 0.060491
Model_Proj.dat 3 2024 F0 0 
Model_Proj.dat 3 2024 Fabc 0.368177
Model_Proj.dat 3 2024 Fofl 0.455889
Model_Proj.dat 3 2024  F_LCI 0.060491
Model_Proj.dat 3 2024  F_UCI 0.060491
Model_Proj.dat 3 2024  F_Median 0.060491
Model_Proj.dat 3 2024  F_Mean 0.060491
Model_Proj.dat 3 2025 F0 0 
Model_Proj.dat 3 2025 Fabc 0.368177
Model_Proj.dat 3 2025 Fofl 0.455889
Model_Proj.dat 3 2025  F_LCI 0.060491
Model_Proj.dat 3 2025  F_UCI 0.060491
Model_Proj.dat 3 2025  F_Median 0.060491
Model_Proj.dat 3 2025  F_Mean 0.060491
Model_Proj.dat 3 2026 F0 0 
Model_Proj.dat 3 2026 Fabc 0.368177
Model_Proj.dat 3 2026 Fofl 0.455889
Model_Proj.dat 3 2026  F_LCI 0.060491
Model_Proj.dat 3 2026  F_UCI 0.060491
Model_Proj.dat 3 2026  F_Median 0.060491
Model_Proj.dat 3 2026  F_Mean 0.060491
Model_Proj.dat 3 2027 F0 0 
Model_Proj.dat 3 2027 Fabc 0.368177
Model_Proj.dat 3 2027 Fofl 0.455889
Model_Proj.dat 3 2027  F_LCI 0.060491
Model_Proj.dat 3 2027  F_UCI 0.060491
Model_Proj.dat 3 2027  F_Median 0.060491
Model_Proj.dat 3 2027  F_Mean 0.060491
Model_Proj.dat 3 2028 F0 0 
Model_Proj.dat 3 2028 Fabc 0.368177
Model_Proj.dat 3 2028 Fofl 0.455889
Model_Proj.dat 3 2028  F_LCI 0.060491
Model_Proj.dat 3 2028  F_UCI 0.060491
Model_Proj.dat 3 2028  F_Median 0.060491
Model_Proj.dat 3 2028  F_Mean 0.060491
Model_Proj.dat 3 2029 F0 0 
Model_Proj.dat 3 2029 Fabc 0.368177
Model_Proj.dat 3 2029 Fofl 0.455889
Model_Proj.dat 3 2029  F_LCI 0.060491
Model_Proj.dat 3 2029  F_UCI 0.060491
Model_Proj.dat 3 2029  F_Median 0.060491
Model_Proj.dat 3 2029  F_Mean 0.060491
Model_Proj.dat 3 2030 F0 0 
Model_Proj.dat 3 2030 Fabc 0.368177
Model_Proj.dat 3 2030 Fofl 0.455889
Model_Proj.dat 3 2030  F_LCI 0.060491
Model_Proj.dat 3 2030  F_UCI 0.060491
Model_Proj.dat 3 2030  F_Median 0.060491
Model_Proj.dat 3 2030  F_Mean 0.060491
Model_Proj.dat 3 2031 F0 0 
Model_Proj.dat 3 2031 Fabc 0.368177
Model_Proj.dat 3 2031 Fofl 0.455889
Model_Proj.dat 3 2031  F_LCI 0.060491
Model_Proj.dat 3 2031  F_UCI 0.060491
Model_Proj.dat 3 2031  F_Median 0.060491
Model_Proj.dat 3 2031  F_Mean 0.060491
Model_Proj.dat 3 2032 F0 0 
Model_Proj.dat 3 2032 Fabc 0.368177
Model_Proj.dat 3 2032 Fofl 0.455889
Model_Proj.dat 3 2032  F_LCI 0.060491
Model_Proj.dat 3 2032  F_UCI 0.060491
Model_Proj.dat 3 2032  F_Median 0.060491
Model_Proj.dat 3 2032  F_Mean 0.060491
Model_Proj.dat 3 2033 F0 0 
Model_Proj.dat 3 2033 Fabc 0.368177
Model_Proj.dat 3 2033 Fofl 0.455889
Model_Proj.dat 3 2033  F_LCI 0.060491
Model_Proj.dat 3 2033  F_UCI 0.060491
Model_Proj.dat 3 2033  F_Median 0.060491
Model_Proj.dat 3 2033  F_Mean 0.060491
Model_Proj.dat 4 2020 Cabc 35.2579
Model_Proj.dat 4 2020 Cofl 38.4221
Model_Proj.dat 4 2020 CLCI 8.669
Model_Proj.dat 4 2020 CUCI 8.669
Model_Proj.dat 4 2020 CMedian 8.669
Model_Proj.dat 4 2020 CMean 8.669
Model_Proj.dat 4 2020 CStdn 8.88178e-15
Model_Proj.dat 4 2021 Cabc 35.2579
Model_Proj.dat 4 2021 Cofl 38.4221
Model_Proj.dat 4 2021 CLCI 14.7279
Model_Proj.dat 4 2021 CUCI 14.7303
Model_Proj.dat 4 2021 CMedian 14.7287
Model_Proj.dat 4 2021 CMean 14.7288
Model_Proj.dat 4 2021 CStdn 0.000793224
Model_Proj.dat 4 2022 Cabc 35.2579
Model_Proj.dat 4 2022 Cofl 38.4221
Model_Proj.dat 4 2022 CLCI 14.948
Model_Proj.dat 4 2022 CUCI 14.9685
Model_Proj.dat 4 2022 CMedian 14.9547
Model_Proj.dat 4 2022 CMean 14.9561
Model_Proj.dat 4 2022 CStdn 0.00682154
Model_Proj.dat 4 2023 Cabc 35.2579
Model_Proj.dat 4 2023 Cofl 38.4221
Model_Proj.dat 4 2023 CLCI 15.1796
Model_Proj.dat 4 2023 CUCI 15.2769
Model_Proj.dat 4 2023 CMedian 15.2132
Model_Proj.dat 4 2023 CMean 15.2188
Model_Proj.dat 4 2023 CStdn 0.0328739
Model_Proj.dat 4 2024 Cabc 35.2579
Model_Proj.dat 4 2024 Cofl 38.4221
Model_Proj.dat 4 2024 CLCI 15.3274
Model_Proj.dat 4 2024 CUCI 15.6415
Model_Proj.dat 4 2024 CMedian 15.4415
Model_Proj.dat 4 2024 CMean 15.4592
Model_Proj.dat 4 2024 CStdn 0.106592
Model_Proj.dat 4 2025 Cabc 35.2579
Model_Proj.dat 4 2025 Cofl 38.4221
Model_Proj.dat 4 2025 CLCI 15.2927
Model_Proj.dat 4 2025 CUCI 16.053
Model_Proj.dat 4 2025 CMedian 15.5698
Model_Proj.dat 4 2025 CMean 15.6109
Model_Proj.dat 4 2025 CStdn 0.253031
Model_Proj.dat 4 2026 Cabc 35.2579
Model_Proj.dat 4 2026 Cofl 38.4221
Model_Proj.dat 4 2026 CLCI 15.0947
Model_Proj.dat 4 2026 CUCI 16.5262
Model_Proj.dat 4 2026 CMedian 15.6399
Model_Proj.dat 4 2026 CMean 15.7034
Model_Proj.dat 4 2026 CStdn 0.473152
Model_Proj.dat 4 2027 Cabc 35.2579
Model_Proj.dat 4 2027 Cofl 38.4221
Model_Proj.dat 4 2027 CLCI 14.7535
Model_Proj.dat 4 2027 CUCI 17.0674
Model_Proj.dat 4 2027 CMedian 15.6212
Model_Proj.dat 4 2027 CMean 15.719
Model_Proj.dat 4 2027 CStdn 0.738208
Model_Proj.dat 4 2028 Cabc 35.2579
Model_Proj.dat 4 2028 Cofl 38.4221
Model_Proj.dat 4 2028 CLCI 14.341
Model_Proj.dat 4 2028 CUCI 17.3914
Model_Proj.dat 4 2028 CMedian 15.5348
Model_Proj.dat 4 2028 CMean 15.6739
Model_Proj.dat 4 2028 CStdn 1.00711
Model_Proj.dat 4 2029 Cabc 35.2579
Model_Proj.dat 4 2029 Cofl 38.4221
Model_Proj.dat 4 2029 CLCI 13.8999
Model_Proj.dat 4 2029 CUCI 17.8229
Model_Proj.dat 4 2029 CMedian 15.4387
Model_Proj.dat 4 2029 CMean 15.5933
Model_Proj.dat 4 2029 CStdn 1.24727
Model_Proj.dat 4 2030 Cabc 35.2579
Model_Proj.dat 4 2030 Cofl 38.4221
Model_Proj.dat 4 2030 CLCI 13.4238
Model_Proj.dat 4 2030 CUCI 18.1211
Model_Proj.dat 4 2030 CMedian 15.3356
Model_Proj.dat 4 2030 CMean 15.4893
Model_Proj.dat 4 2030 CStdn 1.44162
Model_Proj.dat 4 2031 Cabc 35.2579
Model_Proj.dat 4 2031 Cofl 38.4221
Model_Proj.dat 4 2031 CLCI 13.0367
Model_Proj.dat 4 2031 CUCI 18.2496
Model_Proj.dat 4 2031 CMedian 15.209
Model_Proj.dat 4 2031 CMean 15.3739
Model_Proj.dat 4 2031 CStdn 1.58622
Model_Proj.dat 4 2032 Cabc 35.2579
Model_Proj.dat 4 2032 Cofl 38.4221
Model_Proj.dat 4 2032 CLCI 12.7631
Model_Proj.dat 4 2032 CUCI 18.2412
Model_Proj.dat 4 2032 CMedian 15.1308
Model_Proj.dat 4 2032 CMean 15.2794
Model_Proj.dat 4 2032 CStdn 1.68656
Model_Proj.dat 4 2033 Cabc 35.2579
Model_Proj.dat 4 2033 Cofl 38.4221
Model_Proj.dat 4 2033 CLCI 12.5807
Model_Proj.dat 4 2033 CUCI 18.324
Model_Proj.dat 4 2033 CMedian 14.9987
Model_Proj.dat 4 2033 CMean 15.1681
Model_Proj.dat 4 2033 CStdn 1.75393
Model_Proj.dat 4 2020 SSBF100 203.658
Model_Proj.dat 4 2020 SSBFabc 81.4632
Model_Proj.dat 4 2020 SSBFofl 71.2803
Model_Proj.dat 4 2020 SSBLCI 146.307
Model_Proj.dat 4 2020 SSBUCI 146.307
Model_Proj.dat 4 2020 SSBMedian 146.307
Model_Proj.dat 4 2020 SSBMean 146.307
Model_Proj.dat 4 2021 SSBF100 203.658
Model_Proj.dat 4 2021 SSBFabc 81.4632
Model_Proj.dat 4 2021 SSBFofl 71.2803
Model_Proj.dat 4 2021 SSBLCI 150.428
Model_Proj.dat 4 2021 SSBUCI 150.442
Model_Proj.dat 4 2021 SSBMedian 150.432
Model_Proj.dat 4 2021 SSBMean 150.433
Model_Proj.dat 4 2022 SSBF100 203.658
Model_Proj.dat 4 2022 SSBFabc 81.4632
Model_Proj.dat 4 2022 SSBFofl 71.2803
Model_Proj.dat 4 2022 SSBLCI 153.419
Model_Proj.dat 4 2022 SSBUCI 153.493
Model_Proj.dat 4 2022 SSBMedian 153.444
Model_Proj.dat 4 2022 SSBMean 153.449
Model_Proj.dat 4 2023 SSBF100 203.658
Model_Proj.dat 4 2023 SSBFabc 81.4632
Model_Proj.dat 4 2023 SSBFofl 71.2803
Model_Proj.dat 4 2023 SSBLCI 157.127
Model_Proj.dat 4 2023 SSBUCI 157.415
Model_Proj.dat 4 2023 SSBMedian 157.229
Model_Proj.dat 4 2023 SSBMean 157.245
Model_Proj.dat 4 2024 SSBF100 203.658
Model_Proj.dat 4 2024 SSBFabc 81.4632
Model_Proj.dat 4 2024 SSBFofl 71.2803
Model_Proj.dat 4 2024 SSBLCI 160.81
Model_Proj.dat 4 2024 SSBUCI 161.764
Model_Proj.dat 4 2024 SSBMedian 161.158
Model_Proj.dat 4 2024 SSBMean 161.211
Model_Proj.dat 4 2025 SSBF100 203.658
Model_Proj.dat 4 2025 SSBFabc 81.4632
Model_Proj.dat 4 2025 SSBFofl 71.2803
Model_Proj.dat 4 2025 SSBLCI 162.888
Model_Proj.dat 4 2025 SSBUCI 165.655
Model_Proj.dat 4 2025 SSBMedian 163.905
Model_Proj.dat 4 2025 SSBMean 164.047
Model_Proj.dat 4 2026 SSBF100 203.658
Model_Proj.dat 4 2026 SSBFabc 81.4632
Model_Proj.dat 4 2026 SSBFofl 71.2803
Model_Proj.dat 4 2026 SSBLCI 162.786
Model_Proj.dat 4 2026 SSBUCI 169.889
Model_Proj.dat 4 2026 SSBMedian 165.383
Model_Proj.dat 4 2026 SSBMean 165.742
Model_Proj.dat 4 2027 SSBF100 203.658
Model_Proj.dat 4 2027 SSBFabc 81.4632
Model_Proj.dat 4 2027 SSBFofl 71.2803
Model_Proj.dat 4 2027 SSBLCI 159.728
Model_Proj.dat 4 2027 SSBUCI 174.926
Model_Proj.dat 4 2027 SSBMedian 165.438
Model_Proj.dat 4 2027 SSBMean 166.169
Model_Proj.dat 4 2028 SSBF100 203.658
Model_Proj.dat 4 2028 SSBFabc 81.4632
Model_Proj.dat 4 2028 SSBFofl 71.2803
Model_Proj.dat 4 2028 SSBLCI 154.184
Model_Proj.dat 4 2028 SSBUCI 180.883
Model_Proj.dat 4 2028 SSBMedian 164.504
Model_Proj.dat 4 2028 SSBMean 165.621
Model_Proj.dat 4 2029 SSBF100 203.658
Model_Proj.dat 4 2029 SSBFabc 81.4632
Model_Proj.dat 4 2029 SSBFofl 71.2803
Model_Proj.dat 4 2029 SSBLCI 148.134
Model_Proj.dat 4 2029 SSBUCI 186.554
Model_Proj.dat 4 2029 SSBMedian 162.716
Model_Proj.dat 4 2029 SSBMean 164.532
Model_Proj.dat 4 2030 SSBF100 203.658
Model_Proj.dat 4 2030 SSBFabc 81.4632
Model_Proj.dat 4 2030 SSBFofl 71.2803
Model_Proj.dat 4 2030 SSBLCI 142.227
Model_Proj.dat 4 2030 SSBUCI 189.6
Model_Proj.dat 4 2030 SSBMedian 161.19
Model_Proj.dat 4 2030 SSBMean 163.183
Model_Proj.dat 4 2031 SSBF100 203.658
Model_Proj.dat 4 2031 SSBFabc 81.4632
Model_Proj.dat 4 2031 SSBFofl 71.2803
Model_Proj.dat 4 2031 SSBLCI 136.606
Model_Proj.dat 4 2031 SSBUCI 193.865
Model_Proj.dat 4 2031 SSBMedian 159.95
Model_Proj.dat 4 2031 SSBMean 161.733
Model_Proj.dat 4 2032 SSBF100 203.658
Model_Proj.dat 4 2032 SSBFabc 81.4632
Model_Proj.dat 4 2032 SSBFofl 71.2803
Model_Proj.dat 4 2032 SSBLCI 132.427
Model_Proj.dat 4 2032 SSBUCI 194.095
Model_Proj.dat 4 2032 SSBMedian 158.364
Model_Proj.dat 4 2032 SSBMean 160.51
Model_Proj.dat 4 2033 SSBF100 203.658
Model_Proj.dat 4 2033 SSBFabc 81.4632
Model_Proj.dat 4 2033 SSBFofl 71.2803
Model_Proj.dat 4 2033 SSBLCI 129.907
Model_Proj.dat 4 2033 SSBUCI 194.091
Model_Proj.dat 4 2033 SSBMedian 157.316
Model_Proj.dat 4 2033 SSBMean 159.14
Model_Proj.dat 4 2020 F0 0 
Model_Proj.dat 4 2020 Fabc 0.368177
Model_Proj.dat 4 2020 Fofl 0.455889
Model_Proj.dat 4 2020  F_LCI 0.0483308
Model_Proj.dat 4 2020  F_UCI 0.0483308
Model_Proj.dat 4 2020  F_Median 0.0483308
Model_Proj.dat 4 2020  F_Mean 0.0483308
Model_Proj.dat 4 2021 F0 0 
Model_Proj.dat 4 2021 Fabc 0.368177
Model_Proj.dat 4 2021 Fofl 0.455889
Model_Proj.dat 4 2021  F_LCI 0.0807373
Model_Proj.dat 4 2021  F_UCI 0.0807373
Model_Proj.dat 4 2021  F_Median 0.0807373
Model_Proj.dat 4 2021  F_Mean 0.0807373
Model_Proj.dat 4 2022 F0 0 
Model_Proj.dat 4 2022 Fabc 0.368177
Model_Proj.dat 4 2022 Fofl 0.455889
Model_Proj.dat 4 2022  F_LCI 0.0807373
Model_Proj.dat 4 2022  F_UCI 0.0807373
Model_Proj.dat 4 2022  F_Median 0.0807373
Model_Proj.dat 4 2022  F_Mean 0.0807373
Model_Proj.dat 4 2023 F0 0 
Model_Proj.dat 4 2023 Fabc 0.368177
Model_Proj.dat 4 2023 Fofl 0.455889
Model_Proj.dat 4 2023  F_LCI 0.0807373
Model_Proj.dat 4 2023  F_UCI 0.0807373
Model_Proj.dat 4 2023  F_Median 0.0807373
Model_Proj.dat 4 2023  F_Mean 0.0807373
Model_Proj.dat 4 2024 F0 0 
Model_Proj.dat 4 2024 Fabc 0.368177
Model_Proj.dat 4 2024 Fofl 0.455889
Model_Proj.dat 4 2024  F_LCI 0.0807373
Model_Proj.dat 4 2024  F_UCI 0.0807373
Model_Proj.dat 4 2024  F_Median 0.0807373
Model_Proj.dat 4 2024  F_Mean 0.0807373
Model_Proj.dat 4 2025 F0 0 
Model_Proj.dat 4 2025 Fabc 0.368177
Model_Proj.dat 4 2025 Fofl 0.455889
Model_Proj.dat 4 2025  F_LCI 0.0807373
Model_Proj.dat 4 2025  F_UCI 0.0807373
Model_Proj.dat 4 2025  F_Median 0.0807373
Model_Proj.dat 4 2025  F_Mean 0.0807373
Model_Proj.dat 4 2026 F0 0 
Model_Proj.dat 4 2026 Fabc 0.368177
Model_Proj.dat 4 2026 Fofl 0.455889
Model_Proj.dat 4 2026  F_LCI 0.0807373
Model_Proj.dat 4 2026  F_UCI 0.0807373
Model_Proj.dat 4 2026  F_Median 0.0807373
Model_Proj.dat 4 2026  F_Mean 0.0807373
Model_Proj.dat 4 2027 F0 0 
Model_Proj.dat 4 2027 Fabc 0.368177
Model_Proj.dat 4 2027 Fofl 0.455889
Model_Proj.dat 4 2027  F_LCI 0.0807373
Model_Proj.dat 4 2027  F_UCI 0.0807373
Model_Proj.dat 4 2027  F_Median 0.0807373
Model_Proj.dat 4 2027  F_Mean 0.0807373
Model_Proj.dat 4 2028 F0 0 
Model_Proj.dat 4 2028 Fabc 0.368177
Model_Proj.dat 4 2028 Fofl 0.455889
Model_Proj.dat 4 2028  F_LCI 0.0807373
Model_Proj.dat 4 2028  F_UCI 0.0807373
Model_Proj.dat 4 2028  F_Median 0.0807373
Model_Proj.dat 4 2028  F_Mean 0.0807373
Model_Proj.dat 4 2029 F0 0 
Model_Proj.dat 4 2029 Fabc 0.368177
Model_Proj.dat 4 2029 Fofl 0.455889
Model_Proj.dat 4 2029  F_LCI 0.0807373
Model_Proj.dat 4 2029  F_UCI 0.0807373
Model_Proj.dat 4 2029  F_Median 0.0807373
Model_Proj.dat 4 2029  F_Mean 0.0807373
Model_Proj.dat 4 2030 F0 0 
Model_Proj.dat 4 2030 Fabc 0.368177
Model_Proj.dat 4 2030 Fofl 0.455889
Model_Proj.dat 4 2030  F_LCI 0.0807373
Model_Proj.dat 4 2030  F_UCI 0.0807373
Model_Proj.dat 4 2030  F_Median 0.0807373
Model_Proj.dat 4 2030  F_Mean 0.0807373
Model_Proj.dat 4 2031 F0 0 
Model_Proj.dat 4 2031 Fabc 0.368177
Model_Proj.dat 4 2031 Fofl 0.455889
Model_Proj.dat 4 2031  F_LCI 0.0807373
Model_Proj.dat 4 2031  F_UCI 0.0807373
Model_Proj.dat 4 2031  F_Median 0.0807373
Model_Proj.dat 4 2031  F_Mean 0.0807373
Model_Proj.dat 4 2032 F0 0 
Model_Proj.dat 4 2032 Fabc 0.368177
Model_Proj.dat 4 2032 Fofl 0.455889
Model_Proj.dat 4 2032  F_LCI 0.0807373
Model_Proj.dat 4 2032  F_UCI 0.0807373
Model_Proj.dat 4 2032  F_Median 0.0807373
Model_Proj.dat 4 2032  F_Mean 0.0807373
Model_Proj.dat 4 2033 F0 0 
Model_Proj.dat 4 2033 Fabc 0.368177
Model_Proj.dat 4 2033 Fofl 0.455889
Model_Proj.dat 4 2033  F_LCI 0.0807373
Model_Proj.dat 4 2033  F_UCI 0.0807373
Model_Proj.dat 4 2033  F_Median 0.0807373
Model_Proj.dat 4 2033  F_Mean 0.0807373
Model_Proj.dat 5 2020 Cabc 35.2579
Model_Proj.dat 5 2020 Cofl 38.4221
Model_Proj.dat 5 2020 CLCI 8.669
Model_Proj.dat 5 2020 CUCI 8.669
Model_Proj.dat 5 2020 CMedian 8.669
Model_Proj.dat 5 2020 CMean 8.669
Model_Proj.dat 5 2020 CStdn 8.88178e-15
Model_Proj.dat 5 2021 Cabc 35.2579
Model_Proj.dat 5 2021 Cofl 38.4221
Model_Proj.dat 5 2021 CLCI 0
Model_Proj.dat 5 2021 CUCI 0
Model_Proj.dat 5 2021 CMedian 0
Model_Proj.dat 5 2021 CMean 0
Model_Proj.dat 5 2021 CStdn 0
Model_Proj.dat 5 2022 Cabc 35.2579
Model_Proj.dat 5 2022 Cofl 38.4221
Model_Proj.dat 5 2022 CLCI 0
Model_Proj.dat 5 2022 CUCI 0
Model_Proj.dat 5 2022 CMedian 0
Model_Proj.dat 5 2022 CMean 0
Model_Proj.dat 5 2022 CStdn 0
Model_Proj.dat 5 2023 Cabc 35.2579
Model_Proj.dat 5 2023 Cofl 38.4221
Model_Proj.dat 5 2023 CLCI 0
Model_Proj.dat 5 2023 CUCI 0
Model_Proj.dat 5 2023 CMedian 0
Model_Proj.dat 5 2023 CMean 0
Model_Proj.dat 5 2023 CStdn 0
Model_Proj.dat 5 2024 Cabc 35.2579
Model_Proj.dat 5 2024 Cofl 38.4221
Model_Proj.dat 5 2024 CLCI 0
Model_Proj.dat 5 2024 CUCI 0
Model_Proj.dat 5 2024 CMedian 0
Model_Proj.dat 5 2024 CMean 0
Model_Proj.dat 5 2024 CStdn 0
Model_Proj.dat 5 2025 Cabc 35.2579
Model_Proj.dat 5 2025 Cofl 38.4221
Model_Proj.dat 5 2025 CLCI 0
Model_Proj.dat 5 2025 CUCI 0
Model_Proj.dat 5 2025 CMedian 0
Model_Proj.dat 5 2025 CMean 0
Model_Proj.dat 5 2025 CStdn 0
Model_Proj.dat 5 2026 Cabc 35.2579
Model_Proj.dat 5 2026 Cofl 38.4221
Model_Proj.dat 5 2026 CLCI 0
Model_Proj.dat 5 2026 CUCI 0
Model_Proj.dat 5 2026 CMedian 0
Model_Proj.dat 5 2026 CMean 0
Model_Proj.dat 5 2026 CStdn 0
Model_Proj.dat 5 2027 Cabc 35.2579
Model_Proj.dat 5 2027 Cofl 38.4221
Model_Proj.dat 5 2027 CLCI 0
Model_Proj.dat 5 2027 CUCI 0
Model_Proj.dat 5 2027 CMedian 0
Model_Proj.dat 5 2027 CMean 0
Model_Proj.dat 5 2027 CStdn 0
Model_Proj.dat 5 2028 Cabc 35.2579
Model_Proj.dat 5 2028 Cofl 38.4221
Model_Proj.dat 5 2028 CLCI 0
Model_Proj.dat 5 2028 CUCI 0
Model_Proj.dat 5 2028 CMedian 0
Model_Proj.dat 5 2028 CMean 0
Model_Proj.dat 5 2028 CStdn 0
Model_Proj.dat 5 2029 Cabc 35.2579
Model_Proj.dat 5 2029 Cofl 38.4221
Model_Proj.dat 5 2029 CLCI 0
Model_Proj.dat 5 2029 CUCI 0
Model_Proj.dat 5 2029 CMedian 0
Model_Proj.dat 5 2029 CMean 0
Model_Proj.dat 5 2029 CStdn 0
Model_Proj.dat 5 2030 Cabc 35.2579
Model_Proj.dat 5 2030 Cofl 38.4221
Model_Proj.dat 5 2030 CLCI 0
Model_Proj.dat 5 2030 CUCI 0
Model_Proj.dat 5 2030 CMedian 0
Model_Proj.dat 5 2030 CMean 0
Model_Proj.dat 5 2030 CStdn 0
Model_Proj.dat 5 2031 Cabc 35.2579
Model_Proj.dat 5 2031 Cofl 38.4221
Model_Proj.dat 5 2031 CLCI 0
Model_Proj.dat 5 2031 CUCI 0
Model_Proj.dat 5 2031 CMedian 0
Model_Proj.dat 5 2031 CMean 0
Model_Proj.dat 5 2031 CStdn 0
Model_Proj.dat 5 2032 Cabc 35.2579
Model_Proj.dat 5 2032 Cofl 38.4221
Model_Proj.dat 5 2032 CLCI 0
Model_Proj.dat 5 2032 CUCI 0
Model_Proj.dat 5 2032 CMedian 0
Model_Proj.dat 5 2032 CMean 0
Model_Proj.dat 5 2032 CStdn 0
Model_Proj.dat 5 2033 Cabc 35.2579
Model_Proj.dat 5 2033 Cofl 38.4221
Model_Proj.dat 5 2033 CLCI 0
Model_Proj.dat 5 2033 CUCI 0
Model_Proj.dat 5 2033 CMedian 0
Model_Proj.dat 5 2033 CMean 0
Model_Proj.dat 5 2033 CStdn 0
Model_Proj.dat 5 2020 SSBF100 203.658
Model_Proj.dat 5 2020 SSBFabc 81.4632
Model_Proj.dat 5 2020 SSBFofl 71.2803
Model_Proj.dat 5 2020 SSBLCI 146.307
Model_Proj.dat 5 2020 SSBUCI 146.307
Model_Proj.dat 5 2020 SSBMedian 146.307
Model_Proj.dat 5 2020 SSBMean 146.307
Model_Proj.dat 5 2021 SSBF100 203.658
Model_Proj.dat 5 2021 SSBFabc 81.4632
Model_Proj.dat 5 2021 SSBFofl 71.2803
Model_Proj.dat 5 2021 SSBLCI 150.428
Model_Proj.dat 5 2021 SSBUCI 150.442
Model_Proj.dat 5 2021 SSBMedian 150.432
Model_Proj.dat 5 2021 SSBMean 150.433
Model_Proj.dat 5 2022 SSBF100 203.658
Model_Proj.dat 5 2022 SSBFabc 81.4632
Model_Proj.dat 5 2022 SSBFofl 71.2803
Model_Proj.dat 5 2022 SSBLCI 160.135
Model_Proj.dat 5 2022 SSBUCI 160.209
Model_Proj.dat 5 2022 SSBMedian 160.16
Model_Proj.dat 5 2022 SSBMean 160.165
Model_Proj.dat 5 2023 SSBF100 203.658
Model_Proj.dat 5 2023 SSBFabc 81.4632
Model_Proj.dat 5 2023 SSBFofl 71.2803
Model_Proj.dat 5 2023 SSBLCI 170.134
Model_Proj.dat 5 2023 SSBUCI 170.423
Model_Proj.dat 5 2023 SSBMedian 170.237
Model_Proj.dat 5 2023 SSBMean 170.253
Model_Proj.dat 5 2024 SSBF100 203.658
Model_Proj.dat 5 2024 SSBFabc 81.4632
Model_Proj.dat 5 2024 SSBFofl 71.2803
Model_Proj.dat 5 2024 SSBLCI 179.695
Model_Proj.dat 5 2024 SSBUCI 180.65
Model_Proj.dat 5 2024 SSBMedian 180.044
Model_Proj.dat 5 2024 SSBMean 180.097
Model_Proj.dat 5 2025 SSBF100 203.658
Model_Proj.dat 5 2025 SSBFabc 81.4632
Model_Proj.dat 5 2025 SSBFofl 71.2803
Model_Proj.dat 5 2025 SSBLCI 187.124
Model_Proj.dat 5 2025 SSBUCI 189.899
Model_Proj.dat 5 2025 SSBMedian 188.145
Model_Proj.dat 5 2025 SSBMean 188.287
Model_Proj.dat 5 2026 SSBF100 203.658
Model_Proj.dat 5 2026 SSBFabc 81.4632
Model_Proj.dat 5 2026 SSBFofl 71.2803
Model_Proj.dat 5 2026 SSBLCI 191.869
Model_Proj.dat 5 2026 SSBUCI 199.038
Model_Proj.dat 5 2026 SSBMedian 194.494
Model_Proj.dat 5 2026 SSBMean 194.849
Model_Proj.dat 5 2027 SSBF100 203.658
Model_Proj.dat 5 2027 SSBFabc 81.4632
Model_Proj.dat 5 2027 SSBFofl 71.2803
Model_Proj.dat 5 2027 SSBLCI 192.999
Model_Proj.dat 5 2027 SSBUCI 208.472
Model_Proj.dat 5 2027 SSBMedian 198.801
Model_Proj.dat 5 2027 SSBMean 199.556
Model_Proj.dat 5 2028 SSBF100 203.658
Model_Proj.dat 5 2028 SSBFabc 81.4632
Model_Proj.dat 5 2028 SSBFofl 71.2803
Model_Proj.dat 5 2028 SSBLCI 190.898
Model_Proj.dat 5 2028 SSBUCI 218.269
Model_Proj.dat 5 2028 SSBMedian 201.519
Model_Proj.dat 5 2028 SSBMean 202.679
Model_Proj.dat 5 2029 SSBF100 203.658
Model_Proj.dat 5 2029 SSBFabc 81.4632
Model_Proj.dat 5 2029 SSBFofl 71.2803
Model_Proj.dat 5 2029 SSBLCI 187.507
Model_Proj.dat 5 2029 SSBUCI 228.183
Model_Proj.dat 5 2029 SSBMedian 202.945
Model_Proj.dat 5 2029 SSBMean 204.707
Model_Proj.dat 5 2030 SSBF100 203.658
Model_Proj.dat 5 2030 SSBFabc 81.4632
Model_Proj.dat 5 2030 SSBFofl 71.2803
Model_Proj.dat 5 2030 SSBLCI 183.684
Model_Proj.dat 5 2030 SSBUCI 234.67
Model_Proj.dat 5 2030 SSBMedian 203.78
Model_Proj.dat 5 2030 SSBMean 205.938
Model_Proj.dat 5 2031 SSBF100 203.658
Model_Proj.dat 5 2031 SSBFabc 81.4632
Model_Proj.dat 5 2031 SSBFofl 71.2803
Model_Proj.dat 5 2031 SSBLCI 179.25
Model_Proj.dat 5 2031 SSBUCI 240.849
Model_Proj.dat 5 2031 SSBMedian 204.608
Model_Proj.dat 5 2031 SSBMean 206.564
Model_Proj.dat 5 2032 SSBF100 203.658
Model_Proj.dat 5 2032 SSBFabc 81.4632
Model_Proj.dat 5 2032 SSBFofl 71.2803
Model_Proj.dat 5 2032 SSBLCI 176.176
Model_Proj.dat 5 2032 SSBUCI 244.833
Model_Proj.dat 5 2032 SSBMedian 205.098
Model_Proj.dat 5 2032 SSBMean 207.145
Model_Proj.dat 5 2033 SSBF100 203.658
Model_Proj.dat 5 2033 SSBFabc 81.4632
Model_Proj.dat 5 2033 SSBFofl 71.2803
Model_Proj.dat 5 2033 SSBLCI 174.03
Model_Proj.dat 5 2033 SSBUCI 246.158
Model_Proj.dat 5 2033 SSBMedian 205.049
Model_Proj.dat 5 2033 SSBMean 207.008
Model_Proj.dat 5 2020 F0 0 
Model_Proj.dat 5 2020 Fabc 0.368177
Model_Proj.dat 5 2020 Fofl 0.455889
Model_Proj.dat 5 2020  F_LCI 0.0483308
Model_Proj.dat 5 2020  F_UCI 0.0483308
Model_Proj.dat 5 2020  F_Median 0.0483308
Model_Proj.dat 5 2020  F_Mean 0.0483308
Model_Proj.dat 5 2021 F0 0 
Model_Proj.dat 5 2021 Fabc 0.368177
Model_Proj.dat 5 2021 Fofl 0.455889
Model_Proj.dat 5 2021  F_LCI 0
Model_Proj.dat 5 2021  F_UCI 0
Model_Proj.dat 5 2021  F_Median 0
Model_Proj.dat 5 2021  F_Mean 0
Model_Proj.dat 5 2022 F0 0 
Model_Proj.dat 5 2022 Fabc 0.368177
Model_Proj.dat 5 2022 Fofl 0.455889
Model_Proj.dat 5 2022  F_LCI 0
Model_Proj.dat 5 2022  F_UCI 0
Model_Proj.dat 5 2022  F_Median 0
Model_Proj.dat 5 2022  F_Mean 0
Model_Proj.dat 5 2023 F0 0 
Model_Proj.dat 5 2023 Fabc 0.368177
Model_Proj.dat 5 2023 Fofl 0.455889
Model_Proj.dat 5 2023  F_LCI 0
Model_Proj.dat 5 2023  F_UCI 0
Model_Proj.dat 5 2023  F_Median 0
Model_Proj.dat 5 2023  F_Mean 0
Model_Proj.dat 5 2024 F0 0 
Model_Proj.dat 5 2024 Fabc 0.368177
Model_Proj.dat 5 2024 Fofl 0.455889
Model_Proj.dat 5 2024  F_LCI 0
Model_Proj.dat 5 2024  F_UCI 0
Model_Proj.dat 5 2024  F_Median 0
Model_Proj.dat 5 2024  F_Mean 0
Model_Proj.dat 5 2025 F0 0 
Model_Proj.dat 5 2025 Fabc 0.368177
Model_Proj.dat 5 2025 Fofl 0.455889
Model_Proj.dat 5 2025  F_LCI 0
Model_Proj.dat 5 2025  F_UCI 0
Model_Proj.dat 5 2025  F_Median 0
Model_Proj.dat 5 2025  F_Mean 0
Model_Proj.dat 5 2026 F0 0 
Model_Proj.dat 5 2026 Fabc 0.368177
Model_Proj.dat 5 2026 Fofl 0.455889
Model_Proj.dat 5 2026  F_LCI 0
Model_Proj.dat 5 2026  F_UCI 0
Model_Proj.dat 5 2026  F_Median 0
Model_Proj.dat 5 2026  F_Mean 0
Model_Proj.dat 5 2027 F0 0 
Model_Proj.dat 5 2027 Fabc 0.368177
Model_Proj.dat 5 2027 Fofl 0.455889
Model_Proj.dat 5 2027  F_LCI 0
Model_Proj.dat 5 2027  F_UCI 0
Model_Proj.dat 5 2027  F_Median 0
Model_Proj.dat 5 2027  F_Mean 0
Model_Proj.dat 5 2028 F0 0 
Model_Proj.dat 5 2028 Fabc 0.368177
Model_Proj.dat 5 2028 Fofl 0.455889
Model_Proj.dat 5 2028  F_LCI 0
Model_Proj.dat 5 2028  F_UCI 0
Model_Proj.dat 5 2028  F_Median 0
Model_Proj.dat 5 2028  F_Mean 0
Model_Proj.dat 5 2029 F0 0 
Model_Proj.dat 5 2029 Fabc 0.368177
Model_Proj.dat 5 2029 Fofl 0.455889
Model_Proj.dat 5 2029  F_LCI 0
Model_Proj.dat 5 2029  F_UCI 0
Model_Proj.dat 5 2029  F_Median 0
Model_Proj.dat 5 2029  F_Mean 0
Model_Proj.dat 5 2030 F0 0 
Model_Proj.dat 5 2030 Fabc 0.368177
Model_Proj.dat 5 2030 Fofl 0.455889
Model_Proj.dat 5 2030  F_LCI 0
Model_Proj.dat 5 2030  F_UCI 0
Model_Proj.dat 5 2030  F_Median 0
Model_Proj.dat 5 2030  F_Mean 0
Model_Proj.dat 5 2031 F0 0 
Model_Proj.dat 5 2031 Fabc 0.368177
Model_Proj.dat 5 2031 Fofl 0.455889
Model_Proj.dat 5 2031  F_LCI 0
Model_Proj.dat 5 2031  F_UCI 0
Model_Proj.dat 5 2031  F_Median 0
Model_Proj.dat 5 2031  F_Mean 0
Model_Proj.dat 5 2032 F0 0 
Model_Proj.dat 5 2032 Fabc 0.368177
Model_Proj.dat 5 2032 Fofl 0.455889
Model_Proj.dat 5 2032  F_LCI 0
Model_Proj.dat 5 2032  F_UCI 0
Model_Proj.dat 5 2032  F_Median 0
Model_Proj.dat 5 2032  F_Mean 0
Model_Proj.dat 5 2033 F0 0 
Model_Proj.dat 5 2033 Fabc 0.368177
Model_Proj.dat 5 2033 Fofl 0.455889
Model_Proj.dat 5 2033  F_LCI 0
Model_Proj.dat 5 2033  F_UCI 0
Model_Proj.dat 5 2033  F_Median 0
Model_Proj.dat 5 2033  F_Mean 0
Model_Proj.dat 6 2020 Cabc 35.2579
Model_Proj.dat 6 2020 Cofl 38.4221
Model_Proj.dat 6 2020 CLCI 8.669
Model_Proj.dat 6 2020 CUCI 8.669
Model_Proj.dat 6 2020 CMedian 8.669
Model_Proj.dat 6 2020 CMean 8.669
Model_Proj.dat 6 2020 CStdn 8.88178e-15
Model_Proj.dat 6 2021 Cabc 35.2579
Model_Proj.dat 6 2021 Cofl 38.4221
Model_Proj.dat 6 2021 CLCI 75.8574
Model_Proj.dat 6 2021 CUCI 75.8709
Model_Proj.dat 6 2021 CMedian 75.8617
Model_Proj.dat 6 2021 CMean 75.8626
Model_Proj.dat 6 2021 CStdn 0.00447811
Model_Proj.dat 6 2022 Cabc 35.2579
Model_Proj.dat 6 2022 Cofl 38.4221
Model_Proj.dat 6 2022 CLCI 65.289
Model_Proj.dat 6 2022 CUCI 65.4044
Model_Proj.dat 6 2022 CMedian 65.327
Model_Proj.dat 6 2022 CMean 65.3346
Model_Proj.dat 6 2022 CStdn 0.0384656
Model_Proj.dat 6 2023 Cabc 35.2579
Model_Proj.dat 6 2023 Cofl 38.4221
Model_Proj.dat 6 2023 CLCI 58.0704
Model_Proj.dat 6 2023 CUCI 58.6169
Model_Proj.dat 6 2023 CMedian 58.2591
Model_Proj.dat 6 2023 CMean 58.2902
Model_Proj.dat 6 2023 CStdn 0.184602
Model_Proj.dat 6 2024 Cabc 35.2579
Model_Proj.dat 6 2024 Cofl 38.4221
Model_Proj.dat 6 2024 CLCI 52.638
Model_Proj.dat 6 2024 CUCI 54.3816
Model_Proj.dat 6 2024 CMedian 53.2718
Model_Proj.dat 6 2024 CMean 53.371
Model_Proj.dat 6 2024 CStdn 0.592173
Model_Proj.dat 6 2025 Cabc 35.2579
Model_Proj.dat 6 2025 Cofl 38.4221
Model_Proj.dat 6 2025 CLCI 47.9715
Model_Proj.dat 6 2025 CUCI 52.1008
Model_Proj.dat 6 2025 CMedian 49.4874
Model_Proj.dat 6 2025 CMean 49.7028
Model_Proj.dat 6 2025 CStdn 1.37552
Model_Proj.dat 6 2026 Cabc 35.2579
Model_Proj.dat 6 2026 Cofl 38.4221
Model_Proj.dat 6 2026 CLCI 43.7072
Model_Proj.dat 6 2026 CUCI 51.1467
Model_Proj.dat 6 2026 CMedian 46.5938
Model_Proj.dat 6 2026 CMean 46.9064
Model_Proj.dat 6 2026 CStdn 2.48007
Model_Proj.dat 6 2027 Cabc 35.2579
Model_Proj.dat 6 2027 Cofl 38.4221
Model_Proj.dat 6 2027 CLCI 38.5438
Model_Proj.dat 6 2027 CUCI 51.294
Model_Proj.dat 6 2027 CMedian 44.2537
Model_Proj.dat 6 2027 CMean 44.4925
Model_Proj.dat 6 2027 CStdn 3.94624
Model_Proj.dat 6 2028 Cabc 35.2579
Model_Proj.dat 6 2028 Cofl 38.4221
Model_Proj.dat 6 2028 CLCI 32.8063
Model_Proj.dat 6 2028 CUCI 51.0764
Model_Proj.dat 6 2028 CMedian 41.5024
Model_Proj.dat 6 2028 CMean 41.6223
Model_Proj.dat 6 2028 CStdn 5.9558
Model_Proj.dat 6 2029 Cabc 35.2579
Model_Proj.dat 6 2029 Cofl 38.4221
Model_Proj.dat 6 2029 CLCI 29.0522
Model_Proj.dat 6 2029 CUCI 51.2666
Model_Proj.dat 6 2029 CMedian 39.1758
Model_Proj.dat 6 2029 CMean 39.5957
Model_Proj.dat 6 2029 CStdn 7.10948
Model_Proj.dat 6 2030 Cabc 35.2579
Model_Proj.dat 6 2030 Cofl 38.4221
Model_Proj.dat 6 2030 CLCI 26.6839
Model_Proj.dat 6 2030 CUCI 50.911
Model_Proj.dat 6 2030 CMedian 37.8682
Model_Proj.dat 6 2030 CMean 38.4232
Model_Proj.dat 6 2030 CStdn 7.63534
Model_Proj.dat 6 2031 Cabc 35.2579
Model_Proj.dat 6 2031 Cofl 38.4221
Model_Proj.dat 6 2031 CLCI 25.6512
Model_Proj.dat 6 2031 CUCI 50.3996
Model_Proj.dat 6 2031 CMedian 37.2917
Model_Proj.dat 6 2031 CMean 37.8191
Model_Proj.dat 6 2031 CStdn 7.83886
Model_Proj.dat 6 2032 Cabc 35.2579
Model_Proj.dat 6 2032 Cofl 38.4221
Model_Proj.dat 6 2032 CLCI 25.0734
Model_Proj.dat 6 2032 CUCI 50.5566
Model_Proj.dat 6 2032 CMedian 36.9812
Model_Proj.dat 6 2032 CMean 37.4875
Model_Proj.dat 6 2032 CStdn 7.86027
Model_Proj.dat 6 2033 Cabc 35.2579
Model_Proj.dat 6 2033 Cofl 38.4221
Model_Proj.dat 6 2033 CLCI 25.2273
Model_Proj.dat 6 2033 CUCI 50.2899
Model_Proj.dat 6 2033 CMedian 36.8733
Model_Proj.dat 6 2033 CMean 37.3466
Model_Proj.dat 6 2033 CStdn 7.85529
Model_Proj.dat 6 2020 SSBF100 203.658
Model_Proj.dat 6 2020 SSBFabc 81.4632
Model_Proj.dat 6 2020 SSBFofl 71.2803
Model_Proj.dat 6 2020 SSBLCI 146.307
Model_Proj.dat 6 2020 SSBUCI 146.307
Model_Proj.dat 6 2020 SSBMedian 146.307
Model_Proj.dat 6 2020 SSBMean 146.307
Model_Proj.dat 6 2021 SSBF100 203.658
Model_Proj.dat 6 2021 SSBFabc 81.4632
Model_Proj.dat 6 2021 SSBFofl 71.2803
Model_Proj.dat 6 2021 SSBLCI 150.428
Model_Proj.dat 6 2021 SSBUCI 150.442
Model_Proj.dat 6 2021 SSBMedian 150.432
Model_Proj.dat 6 2021 SSBMean 150.433
Model_Proj.dat 6 2022 SSBF100 203.658
Model_Proj.dat 6 2022 SSBFabc 81.4632
Model_Proj.dat 6 2022 SSBFofl 71.2803
Model_Proj.dat 6 2022 SSBLCI 126.411
Model_Proj.dat 6 2022 SSBUCI 126.485
Model_Proj.dat 6 2022 SSBMedian 126.436
Model_Proj.dat 6 2022 SSBMean 126.44
Model_Proj.dat 6 2023 SSBF100 203.658
Model_Proj.dat 6 2023 SSBFabc 81.4632
Model_Proj.dat 6 2023 SSBFofl 71.2803
Model_Proj.dat 6 2023 SSBLCI 111.065
Model_Proj.dat 6 2023 SSBUCI 111.354
Model_Proj.dat 6 2023 SSBMedian 111.167
Model_Proj.dat 6 2023 SSBMean 111.184
Model_Proj.dat 6 2024 SSBF100 203.658
Model_Proj.dat 6 2024 SSBFabc 81.4632
Model_Proj.dat 6 2024 SSBFofl 71.2803
Model_Proj.dat 6 2024 SSBLCI 100.979
Model_Proj.dat 6 2024 SSBUCI 101.929
Model_Proj.dat 6 2024 SSBMedian 101.326
Model_Proj.dat 6 2024 SSBMean 101.378
Model_Proj.dat 6 2025 SSBF100 203.658
Model_Proj.dat 6 2025 SSBFabc 81.4632
Model_Proj.dat 6 2025 SSBFofl 71.2803
Model_Proj.dat 6 2025 SSBLCI 93.2025
Model_Proj.dat 6 2025 SSBUCI 95.9316
Model_Proj.dat 6 2025 SSBMedian 94.2026
Model_Proj.dat 6 2025 SSBMean 94.3433
Model_Proj.dat 6 2026 SSBF100 203.658
Model_Proj.dat 6 2026 SSBFabc 81.4632
Model_Proj.dat 6 2026 SSBFofl 71.2803
Model_Proj.dat 6 2026 SSBLCI 86.0695
Model_Proj.dat 6 2026 SSBUCI 92.8859
Model_Proj.dat 6 2026 SSBMedian 88.5798
Model_Proj.dat 6 2026 SSBMean 88.9245
Model_Proj.dat 6 2027 SSBF100 203.658
Model_Proj.dat 6 2027 SSBFabc 81.4632
Model_Proj.dat 6 2027 SSBFofl 71.2803
Model_Proj.dat 6 2027 SSBLCI 78.6287
Model_Proj.dat 6 2027 SSBUCI 92.5397
Model_Proj.dat 6 2027 SSBMedian 83.8439
Model_Proj.dat 6 2027 SSBMean 84.5451
Model_Proj.dat 6 2028 SSBF100 203.658
Model_Proj.dat 6 2028 SSBFabc 81.4632
Model_Proj.dat 6 2028 SSBFofl 71.2803
Model_Proj.dat 6 2028 SSBLCI 71.6873
Model_Proj.dat 6 2028 SSBUCI 94.5643
Model_Proj.dat 6 2028 SSBMedian 79.9971
Model_Proj.dat 6 2028 SSBMean 81.0812
Model_Proj.dat 6 2029 SSBF100 203.658
Model_Proj.dat 6 2029 SSBFabc 81.4632
Model_Proj.dat 6 2029 SSBFofl 71.2803
Model_Proj.dat 6 2029 SSBLCI 67.0909
Model_Proj.dat 6 2029 SSBUCI 95.2772
Model_Proj.dat 6 2029 SSBMedian 77.0616
Model_Proj.dat 6 2029 SSBMean 78.8269
Model_Proj.dat 6 2030 SSBF100 203.658
Model_Proj.dat 6 2030 SSBFabc 81.4632
Model_Proj.dat 6 2030 SSBFofl 71.2803
Model_Proj.dat 6 2030 SSBLCI 63.9544
Model_Proj.dat 6 2030 SSBUCI 96.058
Model_Proj.dat 6 2030 SSBMedian 75.8504
Model_Proj.dat 6 2030 SSBMean 77.4947
Model_Proj.dat 6 2031 SSBF100 203.658
Model_Proj.dat 6 2031 SSBFabc 81.4632
Model_Proj.dat 6 2031 SSBFofl 71.2803
Model_Proj.dat 6 2031 SSBLCI 62.5796
Model_Proj.dat 6 2031 SSBUCI 95.5789
Model_Proj.dat 6 2031 SSBMedian 75.1581
Model_Proj.dat 6 2031 SSBMean 76.7248
Model_Proj.dat 6 2032 SSBF100 203.658
Model_Proj.dat 6 2032 SSBFabc 81.4632
Model_Proj.dat 6 2032 SSBFofl 71.2803
Model_Proj.dat 6 2032 SSBLCI 61.4882
Model_Proj.dat 6 2032 SSBUCI 94.7112
Model_Proj.dat 6 2032 SSBMedian 75.0296
Model_Proj.dat 6 2032 SSBMean 76.2834
Model_Proj.dat 6 2033 SSBF100 203.658
Model_Proj.dat 6 2033 SSBFabc 81.4632
Model_Proj.dat 6 2033 SSBFofl 71.2803
Model_Proj.dat 6 2033 SSBLCI 61.537
Model_Proj.dat 6 2033 SSBUCI 94.2402
Model_Proj.dat 6 2033 SSBMedian 74.7095
Model_Proj.dat 6 2033 SSBMean 76.0414
Model_Proj.dat 6 2020 F0 0 
Model_Proj.dat 6 2020 Fabc 0.368177
Model_Proj.dat 6 2020 Fofl 0.455889
Model_Proj.dat 6 2020  F_LCI 0.0483308
Model_Proj.dat 6 2020  F_UCI 0.0483308
Model_Proj.dat 6 2020  F_Median 0.0483308
Model_Proj.dat 6 2020  F_Mean 0.0483308
Model_Proj.dat 6 2021 F0 0 
Model_Proj.dat 6 2021 Fabc 0.368177
Model_Proj.dat 6 2021 Fofl 0.455889
Model_Proj.dat 6 2021  F_LCI 0.455889
Model_Proj.dat 6 2021  F_UCI 0.455889
Model_Proj.dat 6 2021  F_Median 0.455889
Model_Proj.dat 6 2021  F_Mean 0.455889
Model_Proj.dat 6 2022 F0 0 
Model_Proj.dat 6 2022 Fabc 0.368177
Model_Proj.dat 6 2022 Fofl 0.455889
Model_Proj.dat 6 2022  F_LCI 0.455889
Model_Proj.dat 6 2022  F_UCI 0.455889
Model_Proj.dat 6 2022  F_Median 0.455889
Model_Proj.dat 6 2022  F_Mean 0.455889
Model_Proj.dat 6 2023 F0 0 
Model_Proj.dat 6 2023 Fabc 0.368177
Model_Proj.dat 6 2023 Fofl 0.455889
Model_Proj.dat 6 2023  F_LCI 0.455889
Model_Proj.dat 6 2023  F_UCI 0.455889
Model_Proj.dat 6 2023  F_Median 0.455889
Model_Proj.dat 6 2023  F_Mean 0.455889
Model_Proj.dat 6 2024 F0 0 
Model_Proj.dat 6 2024 Fabc 0.368177
Model_Proj.dat 6 2024 Fofl 0.455889
Model_Proj.dat 6 2024  F_LCI 0.455889
Model_Proj.dat 6 2024  F_UCI 0.455889
Model_Proj.dat 6 2024  F_Median 0.455889
Model_Proj.dat 6 2024  F_Mean 0.455889
Model_Proj.dat 6 2025 F0 0 
Model_Proj.dat 6 2025 Fabc 0.368177
Model_Proj.dat 6 2025 Fofl 0.455889
Model_Proj.dat 6 2025  F_LCI 0.455889
Model_Proj.dat 6 2025  F_UCI 0.455889
Model_Proj.dat 6 2025  F_Median 0.455889
Model_Proj.dat 6 2025  F_Mean 0.455889
Model_Proj.dat 6 2026 F0 0 
Model_Proj.dat 6 2026 Fabc 0.368177
Model_Proj.dat 6 2026 Fofl 0.455889
Model_Proj.dat 6 2026  F_LCI 0.455889
Model_Proj.dat 6 2026  F_UCI 0.455889
Model_Proj.dat 6 2026  F_Median 0.455889
Model_Proj.dat 6 2026  F_Mean 0.455889
Model_Proj.dat 6 2027 F0 0 
Model_Proj.dat 6 2027 Fabc 0.368177
Model_Proj.dat 6 2027 Fofl 0.455889
Model_Proj.dat 6 2027  F_LCI 0.439192
Model_Proj.dat 6 2027  F_UCI 0.455889
Model_Proj.dat 6 2027  F_Median 0.455889
Model_Proj.dat 6 2027  F_Mean 0.453206
Model_Proj.dat 6 2028 F0 0 
Model_Proj.dat 6 2028 Fabc 0.368177
Model_Proj.dat 6 2028 Fofl 0.455889
Model_Proj.dat 6 2028  F_LCI 0.398302
Model_Proj.dat 6 2028  F_UCI 0.455889
Model_Proj.dat 6 2028  F_Median 0.447253
Model_Proj.dat 6 2028  F_Mean 0.437886
Model_Proj.dat 6 2029 F0 0 
Model_Proj.dat 6 2029 Fabc 0.368177
Model_Proj.dat 6 2029 Fofl 0.455889
Model_Proj.dat 6 2029  F_LCI 0.371226
Model_Proj.dat 6 2029  F_UCI 0.455889
Model_Proj.dat 6 2029  F_Median 0.429961
Model_Proj.dat 6 2029  F_Mean 0.425079
Model_Proj.dat 6 2030 F0 0 
Model_Proj.dat 6 2030 Fabc 0.368177
Model_Proj.dat 6 2030 Fofl 0.455889
Model_Proj.dat 6 2030  F_LCI 0.352749
Model_Proj.dat 6 2030  F_UCI 0.455889
Model_Proj.dat 6 2030  F_Median 0.422826
Model_Proj.dat 6 2030  F_Mean 0.417658
Model_Proj.dat 6 2031 F0 0 
Model_Proj.dat 6 2031 Fabc 0.368177
Model_Proj.dat 6 2031 Fofl 0.455889
Model_Proj.dat 6 2031  F_LCI 0.34465
Model_Proj.dat 6 2031  F_UCI 0.455889
Model_Proj.dat 6 2031  F_Median 0.418747
Model_Proj.dat 6 2031  F_Mean 0.414247
Model_Proj.dat 6 2032 F0 0 
Model_Proj.dat 6 2032 Fabc 0.368177
Model_Proj.dat 6 2032 Fofl 0.455889
Model_Proj.dat 6 2032  F_LCI 0.338221
Model_Proj.dat 6 2032  F_UCI 0.455889
Model_Proj.dat 6 2032  F_Median 0.417991
Model_Proj.dat 6 2032  F_Mean 0.412387
Model_Proj.dat 6 2033 F0 0 
Model_Proj.dat 6 2033 Fabc 0.368177
Model_Proj.dat 6 2033 Fofl 0.455889
Model_Proj.dat 6 2033  F_LCI 0.338508
Model_Proj.dat 6 2033  F_UCI 0.455889
Model_Proj.dat 6 2033  F_Median 0.416105
Model_Proj.dat 6 2033  F_Mean 0.4118
Model_Proj.dat 7 2020 Cabc 35.2579
Model_Proj.dat 7 2020 Cofl 38.4221
Model_Proj.dat 7 2020 CLCI 8.669
Model_Proj.dat 7 2020 CUCI 8.669
Model_Proj.dat 7 2020 CMedian 8.669
Model_Proj.dat 7 2020 CMean 8.669
Model_Proj.dat 7 2020 CStdn 8.88178e-15
Model_Proj.dat 7 2021 Cabc 35.2579
Model_Proj.dat 7 2021 Cofl 38.4221
Model_Proj.dat 7 2021 CLCI 62.563
Model_Proj.dat 7 2021 CUCI 62.574
Model_Proj.dat 7 2021 CMedian 62.5665
Model_Proj.dat 7 2021 CMean 62.5672
Model_Proj.dat 7 2021 CStdn 0.0036167
Model_Proj.dat 7 2022 Cabc 35.2579
Model_Proj.dat 7 2022 Cofl 38.4221
Model_Proj.dat 7 2022 CLCI 55.8809
Model_Proj.dat 7 2022 CUCI 55.9742
Model_Proj.dat 7 2022 CMedian 55.9116
Model_Proj.dat 7 2022 CMean 55.9178
Model_Proj.dat 7 2022 CStdn 0.0310748
Model_Proj.dat 7 2023 Cabc 35.2579
Model_Proj.dat 7 2023 Cofl 38.4221
Model_Proj.dat 7 2023 CLCI 62.0765
Model_Proj.dat 7 2023 CUCI 62.6232
Model_Proj.dat 7 2023 CMedian 62.2652
Model_Proj.dat 7 2023 CMean 62.2963
Model_Proj.dat 7 2023 CStdn 0.184701
Model_Proj.dat 7 2024 Cabc 35.2579
Model_Proj.dat 7 2024 Cofl 38.4221
Model_Proj.dat 7 2024 CLCI 55.4992
Model_Proj.dat 7 2024 CUCI 57.2436
Model_Proj.dat 7 2024 CMedian 56.1332
Model_Proj.dat 7 2024 CMean 56.2325
Model_Proj.dat 7 2024 CStdn 0.592463
Model_Proj.dat 7 2025 Cabc 35.2579
Model_Proj.dat 7 2025 Cofl 38.4221
Model_Proj.dat 7 2025 CLCI 49.973
Model_Proj.dat 7 2025 CUCI 54.1031
Model_Proj.dat 7 2025 CMedian 51.4892
Model_Proj.dat 7 2025 CMean 51.7049
Model_Proj.dat 7 2025 CStdn 1.37611
Model_Proj.dat 7 2026 Cabc 35.2579
Model_Proj.dat 7 2026 Cofl 38.4221
Model_Proj.dat 7 2026 CLCI 45.0791
Model_Proj.dat 7 2026 CUCI 52.5217
Model_Proj.dat 7 2026 CMedian 47.9665
Model_Proj.dat 7 2026 CMean 48.2794
Model_Proj.dat 7 2026 CStdn 2.48095
Model_Proj.dat 7 2027 Cabc 35.2579
Model_Proj.dat 7 2027 Cofl 38.4221
Model_Proj.dat 7 2027 CLCI 40.3488
Model_Proj.dat 7 2027 CUCI 52.2161
Model_Proj.dat 7 2027 CMedian 45.1734
Model_Proj.dat 7 2027 CMean 45.5785
Model_Proj.dat 7 2027 CStdn 3.7463
Model_Proj.dat 7 2028 Cabc 35.2579
Model_Proj.dat 7 2028 Cofl 38.4221
Model_Proj.dat 7 2028 CLCI 33.583
Model_Proj.dat 7 2028 CUCI 51.6809
Model_Proj.dat 7 2028 CMedian 42.611
Model_Proj.dat 7 2028 CMean 42.4633
Model_Proj.dat 7 2028 CStdn 5.82727
Model_Proj.dat 7 2029 Cabc 35.2579
Model_Proj.dat 7 2029 Cofl 38.4221
Model_Proj.dat 7 2029 CLCI 29.4792
Model_Proj.dat 7 2029 CUCI 51.6539
Model_Proj.dat 7 2029 CMedian 39.7533
Model_Proj.dat 7 2029 CMean 40.0618
Model_Proj.dat 7 2029 CStdn 7.1049
Model_Proj.dat 7 2030 Cabc 35.2579
Model_Proj.dat 7 2030 Cofl 38.4221
Model_Proj.dat 7 2030 CLCI 26.8396
Model_Proj.dat 7 2030 CUCI 51.1547
Model_Proj.dat 7 2030 CMedian 38.1607
Model_Proj.dat 7 2030 CMean 38.6542
Model_Proj.dat 7 2030 CStdn 7.66023
Model_Proj.dat 7 2031 Cabc 35.2579
Model_Proj.dat 7 2031 Cofl 38.4221
Model_Proj.dat 7 2031 CLCI 25.6943
Model_Proj.dat 7 2031 CUCI 50.5506
Model_Proj.dat 7 2031 CMedian 37.3655
Model_Proj.dat 7 2031 CMean 37.9239
Model_Proj.dat 7 2031 CStdn 7.86283
Model_Proj.dat 7 2032 Cabc 35.2579
Model_Proj.dat 7 2032 Cofl 38.4221
Model_Proj.dat 7 2032 CLCI 25.0899
Model_Proj.dat 7 2032 CUCI 50.6489
Model_Proj.dat 7 2032 CMedian 37.0284
Model_Proj.dat 7 2032 CMean 37.5296
Model_Proj.dat 7 2032 CStdn 7.87563
Model_Proj.dat 7 2033 Cabc 35.2579
Model_Proj.dat 7 2033 Cofl 38.4221
Model_Proj.dat 7 2033 CLCI 25.2347
Model_Proj.dat 7 2033 CUCI 50.3453
Model_Proj.dat 7 2033 CMedian 36.8583
Model_Proj.dat 7 2033 CMean 37.3597
Model_Proj.dat 7 2033 CStdn 7.86427
Model_Proj.dat 7 2020 SSBF100 203.658
Model_Proj.dat 7 2020 SSBFabc 81.4632
Model_Proj.dat 7 2020 SSBFofl 71.2803
Model_Proj.dat 7 2020 SSBLCI 146.307
Model_Proj.dat 7 2020 SSBUCI 146.307
Model_Proj.dat 7 2020 SSBMedian 146.307
Model_Proj.dat 7 2020 SSBMean 146.307
Model_Proj.dat 7 2021 SSBF100 203.658
Model_Proj.dat 7 2021 SSBFabc 81.4632
Model_Proj.dat 7 2021 SSBFofl 71.2803
Model_Proj.dat 7 2021 SSBLCI 150.428
Model_Proj.dat 7 2021 SSBUCI 150.442
Model_Proj.dat 7 2021 SSBMedian 150.432
Model_Proj.dat 7 2021 SSBMean 150.433
Model_Proj.dat 7 2022 SSBF100 203.658
Model_Proj.dat 7 2022 SSBFabc 81.4632
Model_Proj.dat 7 2022 SSBFofl 71.2803
Model_Proj.dat 7 2022 SSBLCI 132.159
Model_Proj.dat 7 2022 SSBUCI 132.233
Model_Proj.dat 7 2022 SSBMedian 132.184
Model_Proj.dat 7 2022 SSBMean 132.188
Model_Proj.dat 7 2023 SSBF100 203.658
Model_Proj.dat 7 2023 SSBFabc 81.4632
Model_Proj.dat 7 2023 SSBFofl 71.2803
Model_Proj.dat 7 2023 SSBLCI 120.05
Model_Proj.dat 7 2023 SSBUCI 120.338
Model_Proj.dat 7 2023 SSBMedian 120.152
Model_Proj.dat 7 2023 SSBMean 120.168
Model_Proj.dat 7 2024 SSBF100 203.658
Model_Proj.dat 7 2024 SSBFabc 81.4632
Model_Proj.dat 7 2024 SSBFofl 71.2803
Model_Proj.dat 7 2024 SSBLCI 107.315
Model_Proj.dat 7 2024 SSBUCI 108.265
Model_Proj.dat 7 2024 SSBMedian 107.662
Model_Proj.dat 7 2024 SSBMean 107.715
Model_Proj.dat 7 2025 SSBF100 203.658
Model_Proj.dat 7 2025 SSBFabc 81.4632
Model_Proj.dat 7 2025 SSBFofl 71.2803
Model_Proj.dat 7 2025 SSBLCI 97.5672
Model_Proj.dat 7 2025 SSBUCI 100.297
Model_Proj.dat 7 2025 SSBMedian 98.5675
Model_Proj.dat 7 2025 SSBMean 98.7083
Model_Proj.dat 7 2026 SSBF100 203.658
Model_Proj.dat 7 2026 SSBFabc 81.4632
Model_Proj.dat 7 2026 SSBFofl 71.2803
Model_Proj.dat 7 2026 SSBLCI 89.001
Model_Proj.dat 7 2026 SSBUCI 95.8193
Model_Proj.dat 7 2026 SSBMedian 91.5117
Model_Proj.dat 7 2026 SSBMean 91.8566
Model_Proj.dat 7 2027 SSBF100 203.658
Model_Proj.dat 7 2027 SSBFabc 81.4632
Model_Proj.dat 7 2027 SSBFofl 71.2803
Model_Proj.dat 7 2027 SSBLCI 80.5391
Model_Proj.dat 7 2027 SSBUCI 94.4525
Model_Proj.dat 7 2027 SSBMedian 85.756
Model_Proj.dat 7 2027 SSBMean 86.4569
Model_Proj.dat 7 2028 SSBF100 203.658
Model_Proj.dat 7 2028 SSBFabc 81.4632
Model_Proj.dat 7 2028 SSBFofl 71.2803
Model_Proj.dat 7 2028 SSBLCI 72.5426
Model_Proj.dat 7 2028 SSBUCI 95.7811
Model_Proj.dat 7 2028 SSBMedian 81.2094
Model_Proj.dat 7 2028 SSBMean 82.2268
Model_Proj.dat 7 2029 SSBF100 203.658
Model_Proj.dat 7 2029 SSBFabc 81.4632
Model_Proj.dat 7 2029 SSBFofl 71.2803
Model_Proj.dat 7 2029 SSBLCI 67.467
Model_Proj.dat 7 2029 SSBUCI 96.0308
Model_Proj.dat 7 2029 SSBMedian 77.656
Model_Proj.dat 7 2029 SSBMean 79.4256
Model_Proj.dat 7 2030 SSBF100 203.658
Model_Proj.dat 7 2030 SSBFabc 81.4632
Model_Proj.dat 7 2030 SSBFofl 71.2803
Model_Proj.dat 7 2030 SSBLCI 64.088
Model_Proj.dat 7 2030 SSBUCI 96.5117
Model_Proj.dat 7 2030 SSBMedian 76.0807
Model_Proj.dat 7 2030 SSBMean 77.7799
Model_Proj.dat 7 2031 SSBF100 203.658
Model_Proj.dat 7 2031 SSBFabc 81.4632
Model_Proj.dat 7 2031 SSBFofl 71.2803
Model_Proj.dat 7 2031 SSBLCI 62.5943
Model_Proj.dat 7 2031 SSBUCI 95.85
Model_Proj.dat 7 2031 SSBMedian 75.2306
Model_Proj.dat 7 2031 SSBMean 76.8444
Model_Proj.dat 7 2032 SSBF100 203.658
Model_Proj.dat 7 2032 SSBFabc 81.4632
Model_Proj.dat 7 2032 SSBFofl 71.2803
Model_Proj.dat 7 2032 SSBLCI 61.4897
Model_Proj.dat 7 2032 SSBUCI 94.8692
Model_Proj.dat 7 2032 SSBMedian 75.0281
Model_Proj.dat 7 2032 SSBMean 76.323
Model_Proj.dat 7 2033 SSBF100 203.658
Model_Proj.dat 7 2033 SSBFabc 81.4632
Model_Proj.dat 7 2033 SSBFofl 71.2803
Model_Proj.dat 7 2033 SSBLCI 61.5179
Model_Proj.dat 7 2033 SSBUCI 94.3286
Model_Proj.dat 7 2033 SSBMedian 74.6883
Model_Proj.dat 7 2033 SSBMean 76.0458
Model_Proj.dat 7 2020 F0 0 
Model_Proj.dat 7 2020 Fabc 0.368177
Model_Proj.dat 7 2020 Fofl 0.455889
Model_Proj.dat 7 2020  F_LCI 0.0483308
Model_Proj.dat 7 2020  F_UCI 0.0483308
Model_Proj.dat 7 2020  F_Median 0.0483308
Model_Proj.dat 7 2020  F_Mean 0.0483308
Model_Proj.dat 7 2021 F0 0 
Model_Proj.dat 7 2021 Fabc 0.368177
Model_Proj.dat 7 2021 Fofl 0.455889
Model_Proj.dat 7 2021  F_LCI 0.368177
Model_Proj.dat 7 2021  F_UCI 0.368177
Model_Proj.dat 7 2021  F_Median 0.368177
Model_Proj.dat 7 2021  F_Mean 0.368177
Model_Proj.dat 7 2022 F0 0 
Model_Proj.dat 7 2022 Fabc 0.368177
Model_Proj.dat 7 2022 Fofl 0.455889
Model_Proj.dat 7 2022  F_LCI 0.368177
Model_Proj.dat 7 2022  F_UCI 0.368177
Model_Proj.dat 7 2022  F_Median 0.368177
Model_Proj.dat 7 2022  F_Mean 0.368177
Model_Proj.dat 7 2023 F0 0 
Model_Proj.dat 7 2023 Fabc 0.368177
Model_Proj.dat 7 2023 Fofl 0.455889
Model_Proj.dat 7 2023  F_LCI 0.455889
Model_Proj.dat 7 2023  F_UCI 0.455889
Model_Proj.dat 7 2023  F_Median 0.455889
Model_Proj.dat 7 2023  F_Mean 0.455889
Model_Proj.dat 7 2024 F0 0 
Model_Proj.dat 7 2024 Fabc 0.368177
Model_Proj.dat 7 2024 Fofl 0.455889
Model_Proj.dat 7 2024  F_LCI 0.455889
Model_Proj.dat 7 2024  F_UCI 0.455889
Model_Proj.dat 7 2024  F_Median 0.455889
Model_Proj.dat 7 2024  F_Mean 0.455889
Model_Proj.dat 7 2025 F0 0 
Model_Proj.dat 7 2025 Fabc 0.368177
Model_Proj.dat 7 2025 Fofl 0.455889
Model_Proj.dat 7 2025  F_LCI 0.455889
Model_Proj.dat 7 2025  F_UCI 0.455889
Model_Proj.dat 7 2025  F_Median 0.455889
Model_Proj.dat 7 2025  F_Mean 0.455889
Model_Proj.dat 7 2026 F0 0 
Model_Proj.dat 7 2026 Fabc 0.368177
Model_Proj.dat 7 2026 Fofl 0.455889
Model_Proj.dat 7 2026  F_LCI 0.455889
Model_Proj.dat 7 2026  F_UCI 0.455889
Model_Proj.dat 7 2026  F_Median 0.455889
Model_Proj.dat 7 2026  F_Mean 0.455889
Model_Proj.dat 7 2027 F0 0 
Model_Proj.dat 7 2027 Fabc 0.368177
Model_Proj.dat 7 2027 Fofl 0.455889
Model_Proj.dat 7 2027  F_LCI 0.450446
Model_Proj.dat 7 2027  F_UCI 0.455889
Model_Proj.dat 7 2027  F_Median 0.455889
Model_Proj.dat 7 2027  F_Mean 0.455281
Model_Proj.dat 7 2028 F0 0 
Model_Proj.dat 7 2028 Fabc 0.368177
Model_Proj.dat 7 2028 Fofl 0.455889
Model_Proj.dat 7 2028  F_LCI 0.40334
Model_Proj.dat 7 2028  F_UCI 0.455889
Model_Proj.dat 7 2028  F_Median 0.454395
Model_Proj.dat 7 2028  F_Mean 0.441389
Model_Proj.dat 7 2029 F0 0 
Model_Proj.dat 7 2029 Fabc 0.368177
Model_Proj.dat 7 2029 Fofl 0.455889
Model_Proj.dat 7 2029  F_LCI 0.373441
Model_Proj.dat 7 2029  F_UCI 0.455889
Model_Proj.dat 7 2029  F_Median 0.433462
Model_Proj.dat 7 2029  F_Mean 0.427101
Model_Proj.dat 7 2030 F0 0 
Model_Proj.dat 7 2030 Fabc 0.368177
Model_Proj.dat 7 2030 Fofl 0.455889
Model_Proj.dat 7 2030  F_LCI 0.353536
Model_Proj.dat 7 2030  F_UCI 0.455889
Model_Proj.dat 7 2030  F_Median 0.424183
Model_Proj.dat 7 2030  F_Mean 0.418573
Model_Proj.dat 7 2031 F0 0 
Model_Proj.dat 7 2031 Fabc 0.368177
Model_Proj.dat 7 2031 Fofl 0.455889
Model_Proj.dat 7 2031  F_LCI 0.344737
Model_Proj.dat 7 2031  F_UCI 0.455889
Model_Proj.dat 7 2031  F_Median 0.419175
Model_Proj.dat 7 2031  F_Mean 0.414581
Model_Proj.dat 7 2032 F0 0 
Model_Proj.dat 7 2032 Fabc 0.368177
Model_Proj.dat 7 2032 Fofl 0.455889
Model_Proj.dat 7 2032  F_LCI 0.338229
Model_Proj.dat 7 2032  F_UCI 0.455889
Model_Proj.dat 7 2032  F_Median 0.417982
Model_Proj.dat 7 2032  F_Mean 0.41246
Model_Proj.dat 7 2033 F0 0 
Model_Proj.dat 7 2033 Fabc 0.368177
Model_Proj.dat 7 2033 Fofl 0.455889
Model_Proj.dat 7 2033  F_LCI 0.338396
Model_Proj.dat 7 2033  F_UCI 0.455889
Model_Proj.dat 7 2033  F_Median 0.41598
Model_Proj.dat 7 2033  F_Mean 0.411774
