Alternative 1 Catch
     BSAI_flats 
Equil_Fabc 38.5606 
Year 
2018 11.305 
2019 66.6245 
2020 59.6215 
2021 55.7833 
2022 53.6865 
2023 52.1558 
2024 50.5167 
2025 48.6003 
2026 46.5884 
2027 44.6599 
2028 42.7486 
2029 41.0565 
2030 39.8212 
2031 39.0071 

Alternative 1 ABCs
     BSAI_flats 

Year 
2018 65.6654 
2019 66.6245 
2020 59.6215 
2021 55.7833 
2022 53.6865 
2023 52.1558 
2024 50.5167 
2025 48.6003 
2026 46.5884 
2027 44.6599 
2028 42.7486 
2029 41.0565 
2030 39.8212 
2031 39.0071 

Alternative 1 TACs
     BSAI_flats 

Year 
2018  NA 
2019 66.6245 
2020 59.6215 
2021 55.7833 
2022 53.6865 
2023 52.1558 
2024 50.5167 
2025 48.6003 
2026 46.5884 
2027 44.6599 
2028 42.7486 
2029 41.0565 
2030 39.8212 
2031 39.0071 

Alternative 1 Sp_Biomass
     BSAI_flats 
Equil_Fabc 84.824 
Year 
2018 154.355 
2019 153.203 
2020 131.658 
2021 120.838 
2022 116.417 
2023 115.186 
2024 114.318 
2025 111.465 
2026 106.764 
2027 101.6 
2028 97.0429 
2029 93.5346 
2030 91.0655 
2031 89.4473 

Alternative 1 Fishing Mortality
     BSAI_flats 
Equil_Fabc 0.380297 
Year 
2018 0.0603301 
2019 0.380297 
2020 0.380297 
2021 0.380297 
2022 0.380297 
2023 0.380297 
2024 0.380297 
2025 0.380297 
2026 0.380297 
2027 0.380155 
2028 0.377178 
2029 0.372323 
2030 0.368362 
2031 0.365822 

Alternative 1 Biomass
     BSAI_flats 

Year 
2018 652.825 
2019 673.718 
2020 639.389 
2021 611.193 
2022 586.212 
2023 563.13 
2024 541.996 
2025 523.314 
2026 507.643 
2027 495.498 
2028 486.066 
2029 479.163 
2030 473.887 
2031 470.207 

Alternative 1 Implied SPR rate 
     BSAI_flats 
Equil_Fabc 0.4 
Year 
2018 0.803352 
2019 0.4 
2020 0.4 
2021 0.4 
2022 0.4 
2023 0.4 
2024 0.4 
2025 0.4 
2026 0.4 
2027 0.40009 
2028 0.402033 
2029 0.405315 
2030 0.408061 
2031 0.409821 

  BSAI_flats 
EquilAvgAgeF0  5.39324 
EquilAvgAgeFabc  4.10457 
AvgAgeYr2031 4.20078 
Alternative 2 Catch
     BSAI_flats 
Equil_Fabc 38.5606 
Year 
2018 11.305 
2019 66.6245 
2020 59.6215 
2021 55.7833 
2022 53.6865 
2023 52.1558 
2024 50.5167 
2025 48.6003 
2026 46.5884 
2027 44.6599 
2028 42.7486 
2029 41.0565 
2030 39.8212 
2031 39.0071 

Alternative 2 ABCs
     BSAI_flats 

Year 
2018 65.6654 
2019 66.6245 
2020 59.6215 
2021 55.7833 
2022 53.6865 
2023 52.1558 
2024 50.5167 
2025 48.6003 
2026 46.5884 
2027 44.6599 
2028 42.7486 
2029 41.0565 
2030 39.8212 
2031 39.0071 

Alternative 2 TACs
     BSAI_flats 

Year 
2018  NA 
2019 66.6245 
2020 59.6215 
2021 55.7833 
2022 53.6865 
2023 52.1558 
2024 50.5167 
2025 48.6003 
2026 46.5884 
2027 44.6599 
2028 42.7486 
2029 41.0565 
2030 39.8212 
2031 39.0071 

Alternative 2 Sp_Biomass
     BSAI_flats 
Equil_Fabc 84.824 
Year 
2018 154.355 
2019 153.203 
2020 131.658 
2021 120.838 
2022 116.417 
2023 115.186 
2024 114.318 
2025 111.465 
2026 106.764 
2027 101.6 
2028 97.0429 
2029 93.5346 
2030 91.0655 
2031 89.4473 

Alternative 2 Fishing Mortality
     BSAI_flats 
Equil_Fabc 0.380297 
Year 
2018 0.0603301 
2019 0.380297 
2020 0.380297 
2021 0.380297 
2022 0.380297 
2023 0.380297 
2024 0.380297 
2025 0.380297 
2026 0.380297 
2027 0.380155 
2028 0.377178 
2029 0.372323 
2030 0.368362 
2031 0.365822 

Alternative 2 Biomass
     BSAI_flats 

Year 
2018 652.825 
2019 673.718 
2020 639.389 
2021 611.193 
2022 586.212 
2023 563.13 
2024 541.996 
2025 523.314 
2026 507.643 
2027 495.498 
2028 486.066 
2029 479.163 
2030 473.887 
2031 470.207 

Alternative 2 Implied SPR rate 
     BSAI_flats 
Equil_Fabc 0.4 
Year 
2018 0.803352 
2019 0.4 
2020 0.4 
2021 0.4 
2022 0.4 
2023 0.4 
2024 0.4 
2025 0.4 
2026 0.4 
2027 0.40009 
2028 0.402033 
2029 0.405315 
2030 0.408061 
2031 0.409821 

  BSAI_flats 
EquilAvgAgeF0  5.39324 
EquilAvgAgeFabc  4.10457 
AvgAgeYr2031 4.20078 
Alternative 3 Catch
     BSAI_flats 
Equil_Fabc 38.5606 
Year 
2018 11.305 
2019 11.3625 
2020 11.6901 
2021 12.1606 
2022 12.6822 
2023 13.1486 
2024 13.4844 
2025 13.6592 
2026 13.7169 
2027 13.6741 
2028 13.5652 
2029 13.4269 
2030 13.2761 
2031 13.1252 

Alternative 3 ABCs
     BSAI_flats 

Year 
2018 11.2247 
2019 11.3625 
2020 11.6901 
2021 12.1606 
2022 12.6822 
2023 13.1486 
2024 13.4844 
2025 13.6592 
2026 13.7169 
2027 13.6741 
2028 13.5652 
2029 13.4269 
2030 13.2761 
2031 13.1252 

Alternative 3 TACs
     BSAI_flats 

Year 
2018  NA 
2019 11.3625 
2020 11.6901 
2021 12.1606 
2022 12.6822 
2023 13.1486 
2024 13.4844 
2025 13.6592 
2026 13.7169 
2027 13.6741 
2028 13.5652 
2029 13.4269 
2030 13.2761 
2031 13.1252 

Alternative 3 Sp_Biomass
     BSAI_flats 
Equil_Fabc 84.824 
Year 
2018 154.355 
2019 153.203 
2020 155.734 
2021 162.261 
2022 171.17 
2023 180.793 
2024 189.155 
2025 193.949 
2026 195.257 
2027 194.129 
2028 191.841 
2029 189.22 
2030 186.547 
2031 184.012 

Alternative 3 Fishing Mortality
     BSAI_flats 
Equil_Fabc 0.380297 
Year 
2018 0.0603301 
2019 0.0598946 
2020 0.0598946 
2021 0.0598946 
2022 0.0598946 
2023 0.0598946 
2024 0.0598946 
2025 0.0598946 
2026 0.0598946 
2027 0.0598946 
2028 0.0598946 
2029 0.0598946 
2030 0.0598946 
2031 0.0598946 

Alternative 3 Biomass
     BSAI_flats 

Year 
2018 652.825 
2019 673.718 
2020 687.813 
2021 695.566 
2022 698.137 
2023 696.639 
2024 692.308 
2025 686.121 
2026 679.376 
2027 672.891 
2028 666.427 
2029 660.348 
2030 654.221 
2031 648.666 

Alternative 3 Implied SPR rate 
     BSAI_flats 
Equil_Fabc 0.4 
Year 
2018 0.803352 
2019 0.804483 
2020 0.804483 
2021 0.804483 
2022 0.804483 
2023 0.804483 
2024 0.804483 
2025 0.804483 
2026 0.804483 
2027 0.804483 
2028 0.804483 
2029 0.804483 
2030 0.804483 
2031 0.804483 

  BSAI_flats 
EquilAvgAgeF0  5.39324 
EquilAvgAgeFabc  4.10457 
AvgAgeYr2031 5.17778 
Alternative 4 Catch
     BSAI_flats 
Equil_Fabc 38.5606 
Year 
2018 11.305 
2019 15.5467 
2020 15.832 
2021 16.3321 
2022 16.9157 
2023 17.4334 
2024 17.7814 
2025 17.9207 
2026 17.9101 
2027 17.7763 
2028 17.5673 
2029 17.3318 
2030 17.0923 
2031 16.8645 

Alternative 4 ABCs
     BSAI_flats 

Year 
2018 15.3556 
2019 15.5467 
2020 15.832 
2021 16.3321 
2022 16.9157 
2023 17.4334 
2024 17.7814 
2025 17.9207 
2026 17.9101 
2027 17.7763 
2028 17.5673 
2029 17.3318 
2030 17.0923 
2031 16.8645 

Alternative 4 TACs
     BSAI_flats 

Year 
2018  NA 
2019 15.5467 
2020 15.832 
2021 16.3321 
2022 16.9157 
2023 17.4334 
2024 17.7814 
2025 17.9207 
2026 17.9101 
2027 17.7763 
2028 17.5673 
2029 17.3318 
2030 17.0923 
2031 16.8645 

Alternative 4 Sp_Biomass
     BSAI_flats 
Equil_Fabc 84.824 
Year 
2018 154.355 
2019 153.203 
2020 153.87 
2021 158.774 
2022 166.223 
2023 174.508 
2024 181.631 
2025 185.312 
2026 185.635 
2027 183.7 
2028 180.784 
2029 177.69 
2030 174.685 
2031 171.941 

Alternative 4 Fishing Mortality
     BSAI_flats 
Equil_Fabc 0.380297 
Year 
2018 0.0603301 
2019 0.0824217 
2020 0.0824217 
2021 0.0824217 
2022 0.0824217 
2023 0.0824217 
2024 0.0824217 
2025 0.0824217 
2026 0.0824217 
2027 0.0824217 
2028 0.0824217 
2029 0.0824217 
2030 0.0824217 
2031 0.0824217 

Alternative 4 Biomass
     BSAI_flats 

Year 
2018 652.825 
2019 673.718 
2020 684.139 
2021 688.721 
2022 688.515 
2023 684.569 
2024 678.1 
2025 670.102 
2026 661.836 
2027 654.132 
2028 646.737 
2029 639.968 
2030 633.364 
2031 627.511 

Alternative 4 Implied SPR rate 
     BSAI_flats 
Equil_Fabc 0.4 
Year 
2018 0.803352 
2019 0.75 
2020 0.75 
2021 0.75 
2022 0.75 
2023 0.75 
2024 0.75 
2025 0.75 
2026 0.75 
2027 0.75 
2028 0.75 
2029 0.75 
2030 0.75 
2031 0.75 

  BSAI_flats 
EquilAvgAgeF0  5.39324 
EquilAvgAgeFabc  4.10457 
AvgAgeYr2031 5.05874 
Alternative 5 Catch
     BSAI_flats 
Equil_Fabc 38.5606 
Year 
2018 11.305 
2019  NA 
2020  NA 
2021  NA 
2022  NA 
2023  NA 
2024  NA 
2025  NA 
2026  NA 
2027  NA 
2028  NA 
2029  NA 
2030  NA 
2031  NA 

Alternative 5 ABCs
     BSAI_flats 

Year 
2018  NA 
2019  NA 
2020  NA 
2021  NA 
2022  NA 
2023  NA 
2024  NA 
2025  NA 
2026  NA 
2027  NA 
2028  NA 
2029  NA 
2030  NA 
2031  NA 

Alternative 5 TACs
     BSAI_flats 

Year 
2018  NA 
2019  NA 
2020  NA 
2021  NA 
2022  NA 
2023  NA 
2024  NA 
2025  NA 
2026  NA 
2027  NA 
2028  NA 
2029  NA 
2030  NA 
2031  NA 

Alternative 5 Sp_Biomass
     BSAI_flats 
Equil_Fabc 84.824 
Year 
2018 154.355 
2019 153.203 
2020 160.825 
2021 172.032 
2022 185.357 
2023 199.203 
2024 211.609 
2025 220.166 
2026 224.941 
2027 226.822 
2028 227.044 
2029 226.499 
2030 225.463 
2031 224.162 

Alternative 5 Fishing Mortality
     BSAI_flats 
Equil_Fabc 0.380297 
Year 
2018 0.0603301 
2019  NA 
2020  NA 
2021  NA 
2022  NA 
2023  NA 
2024  NA 
2025  NA 
2026  NA 
2027  NA 
2028  NA 
2029  NA 
2030  NA 
2031  NA 

Alternative 5 Biomass
     BSAI_flats 

Year 
2018 652.825 
2019 673.718 
2020 697.796 
2021 714.546 
2022 725.328 
2023 731.358 
2024 733.862 
2025 733.715 
2026 732.292 
2027 730.325 
2028 727.581 
2029 724.522 
2030 720.749 
2031 716.954 

Alternative 5 Implied SPR rate 
     BSAI_flats 
Equil_Fabc 0.4 
Year 
2018 0.803352 
2019 1 
2020 1 
2021 1 
2022 1 
2023 1 
2024 1 
2025 1 
2026 1 
2027 1 
2028 1 
2029 1 
2030 1 
2031 1 

  BSAI_flats 
EquilAvgAgeF0  5.39324 
EquilAvgAgeFabc  4.10457 
AvgAgeYr2031 5.56253 
Alternative 6 Catch
     BSAI_flats 
Equil_Fabc 38.5606 
Year 
2018 11.305 
2019 80.9178 
2020 69.7397 
2021 63.6088 
2022 60.2055 
2023 57.7867 
2024 55.4053 
2025 52.8353 
2026 50.1825 
2027 46.8768 
2028 44.1249 
2029 42.3348 
2030 41.2828 
2031 40.7503 

Alternative 6 ABCs
     BSAI_flats 

Year 
2018 79.7008 
2019 80.9178 
2020 69.7397 
2021 63.6088 
2022 60.2055 
2023 57.7867 
2024 55.4053 
2025 52.8353 
2026 50.1825 
2027 46.8768 
2028 44.1249 
2029 42.3348 
2030 41.2828 
2031 40.7503 

Alternative 6 TACs
     BSAI_flats 

Year 
2018  NA 
2019 80.9178 
2020 69.7397 
2021 63.6088 
2022 60.2055 
2023 57.7867 
2024 55.4053 
2025 52.8353 
2026 50.1825 
2027 46.8768 
2028 44.1249 
2029 42.3348 
2030 41.2828 
2031 40.7503 

Alternative 6 Sp_Biomass
     BSAI_flats 
Equil_Fabc 84.824 
Year 
2018 154.355 
2019 153.203 
2020 125.631 
2021 111.667 
2022 105.497 
2023 103.167 
2024 101.501 
2025 98.0986 
2026 93.1556 
2027 88.1277 
2028 84.3129 
2029 81.8327 
2030 80.3468 
2031 79.546 

Alternative 6 Fishing Mortality
     BSAI_flats 
Equil_Fabc 0.380297 
Year 
2018 0.0603301 
2019 0.472195 
2020 0.472195 
2021 0.472195 
2022 0.472195 
2023 0.472195 
2024 0.472195 
2025 0.472195 
2026 0.470914 
2027 0.458125 
2028 0.444366 
2029 0.435128 
2030 0.429765 
2031 0.427287 

Alternative 6 Biomass
     BSAI_flats 

Year 
2018 652.825 
2019 673.718 
2020 626.902 
2021 591.394 
2022 561.996 
2023 536.185 
2024 513.447 
2025 494.039 
2026 478.305 
2027 466.689 
2028 458.945 
2029 454.277 
2030 451.066 
2031 449.041 

Alternative 6 Implied SPR rate 
     BSAI_flats 
Equil_Fabc 0.4 
Year 
2018 0.803352 
2019 0.35 
2020 0.35 
2021 0.35 
2022 0.35 
2023 0.35 
2024 0.35 
2025 0.35 
2026 0.350625 
2027 0.357155 
2028 0.364572 
2029 0.369747 
2030 0.372797 
2031 0.374209 

  BSAI_flats 
EquilAvgAgeF0  5.39324 
EquilAvgAgeFabc  4.10457 
AvgAgeYr2031 4.09361 
Alternative 7 Catch
     BSAI_flats 
Equil_Fabc 38.5606 
Year 
2018 11.305 
2019 66.6245 
2020 59.6215 
2021 67.9416 
2022 63.2701 
2023 59.9262 
2024 56.8698 
2025 53.8138 
2026 50.8765 
2027 47.4122 
2028 44.4385 
2029 42.498 
2030 41.3601 
2031 40.7826 

Alternative 7 ABCs
     BSAI_flats 

Year 
2018 79.7008 
2019 80.9178 
2020 72.5227 
2021 67.9416 
2022 63.2701 
2023 59.9262 
2024 56.8698 
2025 53.8138 
2026 50.8765 
2027 47.4122 
2028 44.4385 
2029 42.498 
2030 41.3601 
2031 40.7826 

Alternative 7 TACs
     BSAI_flats 

Year 
2018  NA 
2019 80.9178 
2020 72.5227 
2021 67.9416 
2022 63.2701 
2023 59.9262 
2024 56.8698 
2025 53.8138 
2026 50.8765 
2027 47.4122 
2028 44.4385 
2029 42.498 
2030 41.3601 
2031 40.7826 

Alternative 7 Sp_Biomass
     BSAI_flats 
Equil_Fabc 84.824 
Year 
2018 154.355 
2019 153.203 
2020 131.658 
2021 120.838 
2022 111.883 
2023 107.554 
2024 104.446 
2025 100.018 
2026 94.3738 
2027 88.8592 
2028 84.7013 
2029 82.0208 
2030 80.4274 
2031 79.5737 

Alternative 7 Fishing Mortality
     BSAI_flats 
Equil_Fabc 0.380297 
Year 
2018 0.0603301 
2019 0.380297 
2020 0.380297 
2021 0.472195 
2022 0.472195 
2023 0.472195 
2024 0.472195 
2025 0.472195 
2026 0.47157 
2027 0.459838 
2028 0.445521 
2029 0.435714 
2030 0.430004 
2031 0.42735 

Alternative 7 Biomass
     BSAI_flats 

Year 
2018 652.825 
2019 673.718 
2020 639.389 
2021 611.193 
2022 575.595 
2023 545.366 
2024 519.527 
2025 497.983 
2026 480.819 
2027 468.217 
2028 459.764 
2029 454.684 
2030 451.253 
2031 449.12 

Alternative 7 Implied SPR rate 
     BSAI_flats 
Equil_Fabc 0.4 
Year 
2018 0.803352 
2019 0.4 
2020 0.4 
2021 0.35 
2022 0.35 
2023 0.35 
2024 0.35 
2025 0.35 
2026 0.350304 
2027 0.356266 
2028 0.36395 
2029 0.369425 
2030 0.372665 
2031 0.374175 

  BSAI_flats 
EquilAvgAgeF0  5.39324 
EquilAvgAgeFabc  4.10457 
AvgAgeYr2031 4.09375 
