BSAI_flats 1 2018 Cabc 38.5606
BSAI_flats 1 2018 Cofl 42.1726
BSAI_flats 1 2018 CLCI 11.305
BSAI_flats 1 2018 CUCI 11.305
BSAI_flats 1 2018 CMedian 11.305
BSAI_flats 1 2018 CMean 11.305
BSAI_flats 1 2018 CStdn 1.66978e-13
BSAI_flats 1 2019 Cabc 38.5606
BSAI_flats 1 2019 Cofl 42.1726
BSAI_flats 1 2019 CLCI 66.6211
BSAI_flats 1 2019 CUCI 66.63
BSAI_flats 1 2019 CMedian 66.6239
BSAI_flats 1 2019 CMean 66.6245
BSAI_flats 1 2019 CStdn 0.00296326
BSAI_flats 1 2020 Cabc 38.5606
BSAI_flats 1 2020 Cofl 42.1726
BSAI_flats 1 2020 CLCI 59.5867
BSAI_flats 1 2020 CUCI 59.6759
BSAI_flats 1 2020 CMedian 59.6159
BSAI_flats 1 2020 CMean 59.6215
BSAI_flats 1 2020 CStdn 0.0296429
BSAI_flats 1 2021 Cabc 38.5606
BSAI_flats 1 2021 Cofl 42.1726
BSAI_flats 1 2021 CLCI 55.5969
BSAI_flats 1 2021 CUCI 56.0643
BSAI_flats 1 2021 CMedian 55.756
BSAI_flats 1 2021 CMean 55.7833
BSAI_flats 1 2021 CStdn 0.157328
BSAI_flats 1 2022 Cabc 38.5606
BSAI_flats 1 2022 Cofl 42.1726
BSAI_flats 1 2022 CLCI 53.0402
BSAI_flats 1 2022 CUCI 54.5881
BSAI_flats 1 2022 CMedian 53.5994
BSAI_flats 1 2022 CMean 53.6865
BSAI_flats 1 2022 CStdn 0.527061
BSAI_flats 1 2023 Cabc 38.5606
BSAI_flats 1 2023 Cofl 42.1726
BSAI_flats 1 2023 CLCI 50.5955
BSAI_flats 1 2023 CUCI 54.315
BSAI_flats 1 2023 CMedian 51.9566
BSAI_flats 1 2023 CMean 52.1558
BSAI_flats 1 2023 CStdn 1.24566
BSAI_flats 1 2024 Cabc 38.5606
BSAI_flats 1 2024 Cofl 42.1726
BSAI_flats 1 2024 CLCI 47.6116
BSAI_flats 1 2024 CUCI 54.4227
BSAI_flats 1 2024 CMedian 50.2301
BSAI_flats 1 2024 CMean 50.5167
BSAI_flats 1 2024 CStdn 2.26613
BSAI_flats 1 2025 Cabc 38.5606
BSAI_flats 1 2025 Cofl 42.1726
BSAI_flats 1 2025 CLCI 44.2079
BSAI_flats 1 2025 CUCI 54.71
BSAI_flats 1 2025 CMedian 48.1754
BSAI_flats 1 2025 CMean 48.6003
BSAI_flats 1 2025 CStdn 3.38466
BSAI_flats 1 2026 Cabc 38.5606
BSAI_flats 1 2026 Cofl 42.1726
BSAI_flats 1 2026 CLCI 40.7417
BSAI_flats 1 2026 CUCI 54.0707
BSAI_flats 1 2026 CMedian 45.9346
BSAI_flats 1 2026 CMean 46.5884
BSAI_flats 1 2026 CStdn 4.37292
BSAI_flats 1 2027 Cabc 38.5606
BSAI_flats 1 2027 Cofl 42.1726
BSAI_flats 1 2027 CLCI 37.4602
BSAI_flats 1 2027 CUCI 53.5826
BSAI_flats 1 2027 CMedian 44.0952
BSAI_flats 1 2027 CMean 44.6599
BSAI_flats 1 2027 CStdn 5.12498
BSAI_flats 1 2028 Cabc 38.5606
BSAI_flats 1 2028 Cofl 42.1726
BSAI_flats 1 2028 CLCI 32.7283
BSAI_flats 1 2028 CUCI 52.8657
BSAI_flats 1 2028 CMedian 42.3541
BSAI_flats 1 2028 CMean 42.7486
BSAI_flats 1 2028 CStdn 5.9754
BSAI_flats 1 2029 Cabc 38.5606
BSAI_flats 1 2029 Cofl 42.1726
BSAI_flats 1 2029 CLCI 29.3632
BSAI_flats 1 2029 CUCI 51.5874
BSAI_flats 1 2029 CMedian 41.1871
BSAI_flats 1 2029 CMean 41.0565
BSAI_flats 1 2029 CStdn 6.68312
BSAI_flats 1 2030 Cabc 38.5606
BSAI_flats 1 2030 Cofl 42.1726
BSAI_flats 1 2030 CLCI 27.7258
BSAI_flats 1 2030 CUCI 50.9235
BSAI_flats 1 2030 CMedian 40.0943
BSAI_flats 1 2030 CMean 39.8212
BSAI_flats 1 2030 CStdn 7.03857
BSAI_flats 1 2031 Cabc 38.5606
BSAI_flats 1 2031 Cofl 42.1726
BSAI_flats 1 2031 CLCI 27.3032
BSAI_flats 1 2031 CUCI 50.4163
BSAI_flats 1 2031 CMedian 39.2345
BSAI_flats 1 2031 CMean 39.0071
BSAI_flats 1 2031 CStdn 7.15144
BSAI_flats 1 2018 SSBF100 212.06
BSAI_flats 1 2018 SSBFabc 84.824
BSAI_flats 1 2018 SSBFofl 74.221
BSAI_flats 1 2018 SSBLCI 154.355
BSAI_flats 1 2018 SSBUCI 154.355
BSAI_flats 1 2018 SSBMedian 154.355
BSAI_flats 1 2018 SSBMean 154.355
BSAI_flats 1 2019 SSBF100 212.06
BSAI_flats 1 2019 SSBFabc 84.824
BSAI_flats 1 2019 SSBFofl 74.221
BSAI_flats 1 2019 SSBLCI 153.197
BSAI_flats 1 2019 SSBUCI 153.213
BSAI_flats 1 2019 SSBMedian 153.202
BSAI_flats 1 2019 SSBMean 153.203
BSAI_flats 1 2020 SSBF100 212.06
BSAI_flats 1 2020 SSBFabc 84.824
BSAI_flats 1 2020 SSBFofl 74.221
BSAI_flats 1 2020 SSBLCI 131.627
BSAI_flats 1 2020 SSBUCI 131.705
BSAI_flats 1 2020 SSBMedian 131.653
BSAI_flats 1 2020 SSBMean 131.658
BSAI_flats 1 2021 SSBF100 212.06
BSAI_flats 1 2021 SSBFabc 84.824
BSAI_flats 1 2021 SSBFofl 74.221
BSAI_flats 1 2021 SSBLCI 120.714
BSAI_flats 1 2021 SSBUCI 121.015
BSAI_flats 1 2021 SSBMedian 120.821
BSAI_flats 1 2021 SSBMean 120.838
BSAI_flats 1 2022 SSBF100 212.06
BSAI_flats 1 2022 SSBFabc 84.824
BSAI_flats 1 2022 SSBFofl 74.221
BSAI_flats 1 2022 SSBLCI 116.001
BSAI_flats 1 2022 SSBUCI 116.993
BSAI_flats 1 2022 SSBMedian 116.362
BSAI_flats 1 2022 SSBMean 116.417
BSAI_flats 1 2023 SSBF100 212.06
BSAI_flats 1 2023 SSBFabc 84.824
BSAI_flats 1 2023 SSBFofl 74.221
BSAI_flats 1 2023 SSBLCI 113.996
BSAI_flats 1 2023 SSBUCI 116.834
BSAI_flats 1 2023 SSBMedian 115.038
BSAI_flats 1 2023 SSBMean 115.186
BSAI_flats 1 2024 SSBF100 212.06
BSAI_flats 1 2024 SSBFabc 84.824
BSAI_flats 1 2024 SSBFofl 74.221
BSAI_flats 1 2024 SSBLCI 111.301
BSAI_flats 1 2024 SSBUCI 118.435
BSAI_flats 1 2024 SSBMedian 113.956
BSAI_flats 1 2024 SSBMean 114.318
BSAI_flats 1 2025 SSBF100 212.06
BSAI_flats 1 2025 SSBFabc 84.824
BSAI_flats 1 2025 SSBFofl 74.221
BSAI_flats 1 2025 SSBLCI 105.176
BSAI_flats 1 2025 SSBUCI 119.961
BSAI_flats 1 2025 SSBMedian 110.748
BSAI_flats 1 2025 SSBMean 111.465
BSAI_flats 1 2026 SSBF100 212.06
BSAI_flats 1 2026 SSBFabc 84.824
BSAI_flats 1 2026 SSBFofl 74.221
BSAI_flats 1 2026 SSBLCI 96.1125
BSAI_flats 1 2026 SSBUCI 121.356
BSAI_flats 1 2026 SSBMedian 105.746
BSAI_flats 1 2026 SSBMean 106.764
BSAI_flats 1 2027 SSBF100 212.06
BSAI_flats 1 2027 SSBFabc 84.824
BSAI_flats 1 2027 SSBFofl 74.221
BSAI_flats 1 2027 SSBLCI 87.1493
BSAI_flats 1 2027 SSBUCI 120.591
BSAI_flats 1 2027 SSBMedian 99.9042
BSAI_flats 1 2027 SSBMean 101.6
BSAI_flats 1 2028 SSBF100 212.06
BSAI_flats 1 2028 SSBFabc 84.824
BSAI_flats 1 2028 SSBFofl 74.221
BSAI_flats 1 2028 SSBLCI 79.6656
BSAI_flats 1 2028 SSBUCI 119.217
BSAI_flats 1 2028 SSBMedian 95.4527
BSAI_flats 1 2028 SSBMean 97.0429
BSAI_flats 1 2029 SSBF100 212.06
BSAI_flats 1 2029 SSBFabc 84.824
BSAI_flats 1 2029 SSBFofl 74.221
BSAI_flats 1 2029 SSBLCI 74.6961
BSAI_flats 1 2029 SSBUCI 117.38
BSAI_flats 1 2029 SSBMedian 91.8453
BSAI_flats 1 2029 SSBMean 93.5346
BSAI_flats 1 2030 SSBF100 212.06
BSAI_flats 1 2030 SSBFabc 84.824
BSAI_flats 1 2030 SSBFofl 74.221
BSAI_flats 1 2030 SSBLCI 72.0815
BSAI_flats 1 2030 SSBUCI 114.534
BSAI_flats 1 2030 SSBMedian 89.4473
BSAI_flats 1 2030 SSBMean 91.0655
BSAI_flats 1 2031 SSBF100 212.06
BSAI_flats 1 2031 SSBFabc 84.824
BSAI_flats 1 2031 SSBFofl 74.221
BSAI_flats 1 2031 SSBLCI 70.863
BSAI_flats 1 2031 SSBUCI 113.956
BSAI_flats 1 2031 SSBMedian 87.7049
BSAI_flats 1 2031 SSBMean 89.4473
BSAI_flats 1 2018 F0 0 
BSAI_flats 1 2018 Fabc 0.380297
BSAI_flats 1 2018 Fofl 0.472195
BSAI_flats 1 2018  F_LCI 0.0603301
BSAI_flats 1 2018  F_UCI 0.0603301
BSAI_flats 1 2018  F_Median 0.0603301
BSAI_flats 1 2018  F_Mean 0.0603301
BSAI_flats 1 2019 F0 0 
BSAI_flats 1 2019 Fabc 0.380297
BSAI_flats 1 2019 Fofl 0.472195
BSAI_flats 1 2019  F_LCI 0.380297
BSAI_flats 1 2019  F_UCI 0.380297
BSAI_flats 1 2019  F_Median 0.380297
BSAI_flats 1 2019  F_Mean 0.380297
BSAI_flats 1 2020 F0 0 
BSAI_flats 1 2020 Fabc 0.380297
BSAI_flats 1 2020 Fofl 0.472195
BSAI_flats 1 2020  F_LCI 0.380297
BSAI_flats 1 2020  F_UCI 0.380297
BSAI_flats 1 2020  F_Median 0.380297
BSAI_flats 1 2020  F_Mean 0.380297
BSAI_flats 1 2021 F0 0 
BSAI_flats 1 2021 Fabc 0.380297
BSAI_flats 1 2021 Fofl 0.472195
BSAI_flats 1 2021  F_LCI 0.380297
BSAI_flats 1 2021  F_UCI 0.380297
BSAI_flats 1 2021  F_Median 0.380297
BSAI_flats 1 2021  F_Mean 0.380297
BSAI_flats 1 2022 F0 0 
BSAI_flats 1 2022 Fabc 0.380297
BSAI_flats 1 2022 Fofl 0.472195
BSAI_flats 1 2022  F_LCI 0.380297
BSAI_flats 1 2022  F_UCI 0.380297
BSAI_flats 1 2022  F_Median 0.380297
BSAI_flats 1 2022  F_Mean 0.380297
BSAI_flats 1 2023 F0 0 
BSAI_flats 1 2023 Fabc 0.380297
BSAI_flats 1 2023 Fofl 0.472195
BSAI_flats 1 2023  F_LCI 0.380297
BSAI_flats 1 2023  F_UCI 0.380297
BSAI_flats 1 2023  F_Median 0.380297
BSAI_flats 1 2023  F_Mean 0.380297
BSAI_flats 1 2024 F0 0 
BSAI_flats 1 2024 Fabc 0.380297
BSAI_flats 1 2024 Fofl 0.472195
BSAI_flats 1 2024  F_LCI 0.380297
BSAI_flats 1 2024  F_UCI 0.380297
BSAI_flats 1 2024  F_Median 0.380297
BSAI_flats 1 2024  F_Mean 0.380297
BSAI_flats 1 2025 F0 0 
BSAI_flats 1 2025 Fabc 0.380297
BSAI_flats 1 2025 Fofl 0.472195
BSAI_flats 1 2025  F_LCI 0.380297
BSAI_flats 1 2025  F_UCI 0.380297
BSAI_flats 1 2025  F_Median 0.380297
BSAI_flats 1 2025  F_Mean 0.380297
BSAI_flats 1 2026 F0 0 
BSAI_flats 1 2026 Fabc 0.380297
BSAI_flats 1 2026 Fofl 0.472195
BSAI_flats 1 2026  F_LCI 0.380297
BSAI_flats 1 2026  F_UCI 0.380297
BSAI_flats 1 2026  F_Median 0.380297
BSAI_flats 1 2026  F_Mean 0.380297
BSAI_flats 1 2027 F0 0 
BSAI_flats 1 2027 Fabc 0.380297
BSAI_flats 1 2027 Fofl 0.472195
BSAI_flats 1 2027  F_LCI 0.380297
BSAI_flats 1 2027  F_UCI 0.380297
BSAI_flats 1 2027  F_Median 0.380297
BSAI_flats 1 2027  F_Mean 0.380155
BSAI_flats 1 2028 F0 0 
BSAI_flats 1 2028 Fabc 0.380297
BSAI_flats 1 2028 Fofl 0.472195
BSAI_flats 1 2028  F_LCI 0.355953
BSAI_flats 1 2028  F_UCI 0.380297
BSAI_flats 1 2028  F_Median 0.380297
BSAI_flats 1 2028  F_Mean 0.377178
BSAI_flats 1 2029 F0 0 
BSAI_flats 1 2029 Fabc 0.380297
BSAI_flats 1 2029 Fofl 0.472195
BSAI_flats 1 2029  F_LCI 0.3325
BSAI_flats 1 2029  F_UCI 0.380297
BSAI_flats 1 2029  F_Median 0.380297
BSAI_flats 1 2029  F_Mean 0.372323
BSAI_flats 1 2030 F0 0 
BSAI_flats 1 2030 Fabc 0.380297
BSAI_flats 1 2030 Fofl 0.472195
BSAI_flats 1 2030  F_LCI 0.320161
BSAI_flats 1 2030  F_UCI 0.380297
BSAI_flats 1 2030  F_Median 0.380297
BSAI_flats 1 2030  F_Mean 0.368362
BSAI_flats 1 2031 F0 0 
BSAI_flats 1 2031 Fabc 0.380297
BSAI_flats 1 2031 Fofl 0.472195
BSAI_flats 1 2031  F_LCI 0.314411
BSAI_flats 1 2031  F_UCI 0.380297
BSAI_flats 1 2031  F_Median 0.380297
BSAI_flats 1 2031  F_Mean 0.365822
BSAI_flats 2 2018 Cabc 38.5606
BSAI_flats 2 2018 Cofl 42.1726
BSAI_flats 2 2018 CLCI 11.305
BSAI_flats 2 2018 CUCI 11.305
BSAI_flats 2 2018 CMedian 11.305
BSAI_flats 2 2018 CMean 11.305
BSAI_flats 2 2018 CStdn 1.66978e-13
BSAI_flats 2 2019 Cabc 38.5606
BSAI_flats 2 2019 Cofl 42.1726
BSAI_flats 2 2019 CLCI 66.6211
BSAI_flats 2 2019 CUCI 66.63
BSAI_flats 2 2019 CMedian 66.6239
BSAI_flats 2 2019 CMean 66.6245
BSAI_flats 2 2019 CStdn 0.00296326
BSAI_flats 2 2020 Cabc 38.5606
BSAI_flats 2 2020 Cofl 42.1726
BSAI_flats 2 2020 CLCI 59.5867
BSAI_flats 2 2020 CUCI 59.6759
BSAI_flats 2 2020 CMedian 59.6159
BSAI_flats 2 2020 CMean 59.6215
BSAI_flats 2 2020 CStdn 0.0296429
BSAI_flats 2 2021 Cabc 38.5606
BSAI_flats 2 2021 Cofl 42.1726
BSAI_flats 2 2021 CLCI 55.5969
BSAI_flats 2 2021 CUCI 56.0643
BSAI_flats 2 2021 CMedian 55.756
BSAI_flats 2 2021 CMean 55.7833
BSAI_flats 2 2021 CStdn 0.157328
BSAI_flats 2 2022 Cabc 38.5606
BSAI_flats 2 2022 Cofl 42.1726
BSAI_flats 2 2022 CLCI 53.0402
BSAI_flats 2 2022 CUCI 54.5881
BSAI_flats 2 2022 CMedian 53.5994
BSAI_flats 2 2022 CMean 53.6865
BSAI_flats 2 2022 CStdn 0.527061
BSAI_flats 2 2023 Cabc 38.5606
BSAI_flats 2 2023 Cofl 42.1726
BSAI_flats 2 2023 CLCI 50.5955
BSAI_flats 2 2023 CUCI 54.315
BSAI_flats 2 2023 CMedian 51.9566
BSAI_flats 2 2023 CMean 52.1558
BSAI_flats 2 2023 CStdn 1.24566
BSAI_flats 2 2024 Cabc 38.5606
BSAI_flats 2 2024 Cofl 42.1726
BSAI_flats 2 2024 CLCI 47.6116
BSAI_flats 2 2024 CUCI 54.4227
BSAI_flats 2 2024 CMedian 50.2301
BSAI_flats 2 2024 CMean 50.5167
BSAI_flats 2 2024 CStdn 2.26613
BSAI_flats 2 2025 Cabc 38.5606
BSAI_flats 2 2025 Cofl 42.1726
BSAI_flats 2 2025 CLCI 44.2079
BSAI_flats 2 2025 CUCI 54.71
BSAI_flats 2 2025 CMedian 48.1754
BSAI_flats 2 2025 CMean 48.6003
BSAI_flats 2 2025 CStdn 3.38466
BSAI_flats 2 2026 Cabc 38.5606
BSAI_flats 2 2026 Cofl 42.1726
BSAI_flats 2 2026 CLCI 40.7417
BSAI_flats 2 2026 CUCI 54.0707
BSAI_flats 2 2026 CMedian 45.9346
BSAI_flats 2 2026 CMean 46.5884
BSAI_flats 2 2026 CStdn 4.37292
BSAI_flats 2 2027 Cabc 38.5606
BSAI_flats 2 2027 Cofl 42.1726
BSAI_flats 2 2027 CLCI 37.4602
BSAI_flats 2 2027 CUCI 53.5826
BSAI_flats 2 2027 CMedian 44.0952
BSAI_flats 2 2027 CMean 44.6599
BSAI_flats 2 2027 CStdn 5.12498
BSAI_flats 2 2028 Cabc 38.5606
BSAI_flats 2 2028 Cofl 42.1726
BSAI_flats 2 2028 CLCI 32.7283
BSAI_flats 2 2028 CUCI 52.8657
BSAI_flats 2 2028 CMedian 42.3541
BSAI_flats 2 2028 CMean 42.7486
BSAI_flats 2 2028 CStdn 5.9754
BSAI_flats 2 2029 Cabc 38.5606
BSAI_flats 2 2029 Cofl 42.1726
BSAI_flats 2 2029 CLCI 29.3632
BSAI_flats 2 2029 CUCI 51.5874
BSAI_flats 2 2029 CMedian 41.1871
BSAI_flats 2 2029 CMean 41.0565
BSAI_flats 2 2029 CStdn 6.68312
BSAI_flats 2 2030 Cabc 38.5606
BSAI_flats 2 2030 Cofl 42.1726
BSAI_flats 2 2030 CLCI 27.7258
BSAI_flats 2 2030 CUCI 50.9235
BSAI_flats 2 2030 CMedian 40.0943
BSAI_flats 2 2030 CMean 39.8212
BSAI_flats 2 2030 CStdn 7.03857
BSAI_flats 2 2031 Cabc 38.5606
BSAI_flats 2 2031 Cofl 42.1726
BSAI_flats 2 2031 CLCI 27.3032
BSAI_flats 2 2031 CUCI 50.4163
BSAI_flats 2 2031 CMedian 39.2345
BSAI_flats 2 2031 CMean 39.0071
BSAI_flats 2 2031 CStdn 7.15144
BSAI_flats 2 2018 SSBF100 212.06
BSAI_flats 2 2018 SSBFabc 84.824
BSAI_flats 2 2018 SSBFofl 74.221
BSAI_flats 2 2018 SSBLCI 154.355
BSAI_flats 2 2018 SSBUCI 154.355
BSAI_flats 2 2018 SSBMedian 154.355
BSAI_flats 2 2018 SSBMean 154.355
BSAI_flats 2 2019 SSBF100 212.06
BSAI_flats 2 2019 SSBFabc 84.824
BSAI_flats 2 2019 SSBFofl 74.221
BSAI_flats 2 2019 SSBLCI 153.197
BSAI_flats 2 2019 SSBUCI 153.213
BSAI_flats 2 2019 SSBMedian 153.202
BSAI_flats 2 2019 SSBMean 153.203
BSAI_flats 2 2020 SSBF100 212.06
BSAI_flats 2 2020 SSBFabc 84.824
BSAI_flats 2 2020 SSBFofl 74.221
BSAI_flats 2 2020 SSBLCI 131.627
BSAI_flats 2 2020 SSBUCI 131.705
BSAI_flats 2 2020 SSBMedian 131.653
BSAI_flats 2 2020 SSBMean 131.658
BSAI_flats 2 2021 SSBF100 212.06
BSAI_flats 2 2021 SSBFabc 84.824
BSAI_flats 2 2021 SSBFofl 74.221
BSAI_flats 2 2021 SSBLCI 120.714
BSAI_flats 2 2021 SSBUCI 121.015
BSAI_flats 2 2021 SSBMedian 120.821
BSAI_flats 2 2021 SSBMean 120.838
BSAI_flats 2 2022 SSBF100 212.06
BSAI_flats 2 2022 SSBFabc 84.824
BSAI_flats 2 2022 SSBFofl 74.221
BSAI_flats 2 2022 SSBLCI 116.001
BSAI_flats 2 2022 SSBUCI 116.993
BSAI_flats 2 2022 SSBMedian 116.362
BSAI_flats 2 2022 SSBMean 116.417
BSAI_flats 2 2023 SSBF100 212.06
BSAI_flats 2 2023 SSBFabc 84.824
BSAI_flats 2 2023 SSBFofl 74.221
BSAI_flats 2 2023 SSBLCI 113.996
BSAI_flats 2 2023 SSBUCI 116.834
BSAI_flats 2 2023 SSBMedian 115.038
BSAI_flats 2 2023 SSBMean 115.186
BSAI_flats 2 2024 SSBF100 212.06
BSAI_flats 2 2024 SSBFabc 84.824
BSAI_flats 2 2024 SSBFofl 74.221
BSAI_flats 2 2024 SSBLCI 111.301
BSAI_flats 2 2024 SSBUCI 118.435
BSAI_flats 2 2024 SSBMedian 113.956
BSAI_flats 2 2024 SSBMean 114.318
BSAI_flats 2 2025 SSBF100 212.06
BSAI_flats 2 2025 SSBFabc 84.824
BSAI_flats 2 2025 SSBFofl 74.221
BSAI_flats 2 2025 SSBLCI 105.176
BSAI_flats 2 2025 SSBUCI 119.961
BSAI_flats 2 2025 SSBMedian 110.748
BSAI_flats 2 2025 SSBMean 111.465
BSAI_flats 2 2026 SSBF100 212.06
BSAI_flats 2 2026 SSBFabc 84.824
BSAI_flats 2 2026 SSBFofl 74.221
BSAI_flats 2 2026 SSBLCI 96.1125
BSAI_flats 2 2026 SSBUCI 121.356
BSAI_flats 2 2026 SSBMedian 105.746
BSAI_flats 2 2026 SSBMean 106.764
BSAI_flats 2 2027 SSBF100 212.06
BSAI_flats 2 2027 SSBFabc 84.824
BSAI_flats 2 2027 SSBFofl 74.221
BSAI_flats 2 2027 SSBLCI 87.1493
BSAI_flats 2 2027 SSBUCI 120.591
BSAI_flats 2 2027 SSBMedian 99.9042
BSAI_flats 2 2027 SSBMean 101.6
BSAI_flats 2 2028 SSBF100 212.06
BSAI_flats 2 2028 SSBFabc 84.824
BSAI_flats 2 2028 SSBFofl 74.221
BSAI_flats 2 2028 SSBLCI 79.6656
BSAI_flats 2 2028 SSBUCI 119.217
BSAI_flats 2 2028 SSBMedian 95.4527
BSAI_flats 2 2028 SSBMean 97.0429
BSAI_flats 2 2029 SSBF100 212.06
BSAI_flats 2 2029 SSBFabc 84.824
BSAI_flats 2 2029 SSBFofl 74.221
BSAI_flats 2 2029 SSBLCI 74.6961
BSAI_flats 2 2029 SSBUCI 117.38
BSAI_flats 2 2029 SSBMedian 91.8453
BSAI_flats 2 2029 SSBMean 93.5346
BSAI_flats 2 2030 SSBF100 212.06
BSAI_flats 2 2030 SSBFabc 84.824
BSAI_flats 2 2030 SSBFofl 74.221
BSAI_flats 2 2030 SSBLCI 72.0815
BSAI_flats 2 2030 SSBUCI 114.534
BSAI_flats 2 2030 SSBMedian 89.4473
BSAI_flats 2 2030 SSBMean 91.0655
BSAI_flats 2 2031 SSBF100 212.06
BSAI_flats 2 2031 SSBFabc 84.824
BSAI_flats 2 2031 SSBFofl 74.221
BSAI_flats 2 2031 SSBLCI 70.863
BSAI_flats 2 2031 SSBUCI 113.956
BSAI_flats 2 2031 SSBMedian 87.7049
BSAI_flats 2 2031 SSBMean 89.4473
BSAI_flats 2 2018 F0 0 
BSAI_flats 2 2018 Fabc 0.380297
BSAI_flats 2 2018 Fofl 0.472195
BSAI_flats 2 2018  F_LCI 0.0603301
BSAI_flats 2 2018  F_UCI 0.0603301
BSAI_flats 2 2018  F_Median 0.0603301
BSAI_flats 2 2018  F_Mean 0.0603301
BSAI_flats 2 2019 F0 0 
BSAI_flats 2 2019 Fabc 0.380297
BSAI_flats 2 2019 Fofl 0.472195
BSAI_flats 2 2019  F_LCI 0.380297
BSAI_flats 2 2019  F_UCI 0.380297
BSAI_flats 2 2019  F_Median 0.380297
BSAI_flats 2 2019  F_Mean 0.380297
BSAI_flats 2 2020 F0 0 
BSAI_flats 2 2020 Fabc 0.380297
BSAI_flats 2 2020 Fofl 0.472195
BSAI_flats 2 2020  F_LCI 0.380297
BSAI_flats 2 2020  F_UCI 0.380297
BSAI_flats 2 2020  F_Median 0.380297
BSAI_flats 2 2020  F_Mean 0.380297
BSAI_flats 2 2021 F0 0 
BSAI_flats 2 2021 Fabc 0.380297
BSAI_flats 2 2021 Fofl 0.472195
BSAI_flats 2 2021  F_LCI 0.380297
BSAI_flats 2 2021  F_UCI 0.380297
BSAI_flats 2 2021  F_Median 0.380297
BSAI_flats 2 2021  F_Mean 0.380297
BSAI_flats 2 2022 F0 0 
BSAI_flats 2 2022 Fabc 0.380297
BSAI_flats 2 2022 Fofl 0.472195
BSAI_flats 2 2022  F_LCI 0.380297
BSAI_flats 2 2022  F_UCI 0.380297
BSAI_flats 2 2022  F_Median 0.380297
BSAI_flats 2 2022  F_Mean 0.380297
BSAI_flats 2 2023 F0 0 
BSAI_flats 2 2023 Fabc 0.380297
BSAI_flats 2 2023 Fofl 0.472195
BSAI_flats 2 2023  F_LCI 0.380297
BSAI_flats 2 2023  F_UCI 0.380297
BSAI_flats 2 2023  F_Median 0.380297
BSAI_flats 2 2023  F_Mean 0.380297
BSAI_flats 2 2024 F0 0 
BSAI_flats 2 2024 Fabc 0.380297
BSAI_flats 2 2024 Fofl 0.472195
BSAI_flats 2 2024  F_LCI 0.380297
BSAI_flats 2 2024  F_UCI 0.380297
BSAI_flats 2 2024  F_Median 0.380297
BSAI_flats 2 2024  F_Mean 0.380297
BSAI_flats 2 2025 F0 0 
BSAI_flats 2 2025 Fabc 0.380297
BSAI_flats 2 2025 Fofl 0.472195
BSAI_flats 2 2025  F_LCI 0.380297
BSAI_flats 2 2025  F_UCI 0.380297
BSAI_flats 2 2025  F_Median 0.380297
BSAI_flats 2 2025  F_Mean 0.380297
BSAI_flats 2 2026 F0 0 
BSAI_flats 2 2026 Fabc 0.380297
BSAI_flats 2 2026 Fofl 0.472195
BSAI_flats 2 2026  F_LCI 0.380297
BSAI_flats 2 2026  F_UCI 0.380297
BSAI_flats 2 2026  F_Median 0.380297
BSAI_flats 2 2026  F_Mean 0.380297
BSAI_flats 2 2027 F0 0 
BSAI_flats 2 2027 Fabc 0.380297
BSAI_flats 2 2027 Fofl 0.472195
BSAI_flats 2 2027  F_LCI 0.380297
BSAI_flats 2 2027  F_UCI 0.380297
BSAI_flats 2 2027  F_Median 0.380297
BSAI_flats 2 2027  F_Mean 0.380155
BSAI_flats 2 2028 F0 0 
BSAI_flats 2 2028 Fabc 0.380297
BSAI_flats 2 2028 Fofl 0.472195
BSAI_flats 2 2028  F_LCI 0.355953
BSAI_flats 2 2028  F_UCI 0.380297
BSAI_flats 2 2028  F_Median 0.380297
BSAI_flats 2 2028  F_Mean 0.377178
BSAI_flats 2 2029 F0 0 
BSAI_flats 2 2029 Fabc 0.380297
BSAI_flats 2 2029 Fofl 0.472195
BSAI_flats 2 2029  F_LCI 0.3325
BSAI_flats 2 2029  F_UCI 0.380297
BSAI_flats 2 2029  F_Median 0.380297
BSAI_flats 2 2029  F_Mean 0.372323
BSAI_flats 2 2030 F0 0 
BSAI_flats 2 2030 Fabc 0.380297
BSAI_flats 2 2030 Fofl 0.472195
BSAI_flats 2 2030  F_LCI 0.320161
BSAI_flats 2 2030  F_UCI 0.380297
BSAI_flats 2 2030  F_Median 0.380297
BSAI_flats 2 2030  F_Mean 0.368362
BSAI_flats 2 2031 F0 0 
BSAI_flats 2 2031 Fabc 0.380297
BSAI_flats 2 2031 Fofl 0.472195
BSAI_flats 2 2031  F_LCI 0.314411
BSAI_flats 2 2031  F_UCI 0.380297
BSAI_flats 2 2031  F_Median 0.380297
BSAI_flats 2 2031  F_Mean 0.365822
BSAI_flats 3 2018 Cabc 38.5606
BSAI_flats 3 2018 Cofl 42.1726
BSAI_flats 3 2018 CLCI 11.305
BSAI_flats 3 2018 CUCI 11.305
BSAI_flats 3 2018 CMedian 11.305
BSAI_flats 3 2018 CMean 11.305
BSAI_flats 3 2018 CStdn 1.66978e-13
BSAI_flats 3 2019 Cabc 38.5606
BSAI_flats 3 2019 Cofl 42.1726
BSAI_flats 3 2019 CLCI 11.362
BSAI_flats 3 2019 CUCI 11.3634
BSAI_flats 3 2019 CMedian 11.3624
BSAI_flats 3 2019 CMean 11.3625
BSAI_flats 3 2019 CStdn 0.00046675
BSAI_flats 3 2020 Cabc 38.5606
BSAI_flats 3 2020 Cofl 42.1726
BSAI_flats 3 2020 CLCI 11.6846
BSAI_flats 3 2020 CUCI 11.6986
BSAI_flats 3 2020 CMedian 11.6892
BSAI_flats 3 2020 CMean 11.6901
BSAI_flats 3 2020 CStdn 0.00467289
BSAI_flats 3 2021 Cabc 38.5606
BSAI_flats 3 2021 Cofl 42.1726
BSAI_flats 3 2021 CLCI 12.1311
BSAI_flats 3 2021 CUCI 12.205
BSAI_flats 3 2021 CMedian 12.1562
BSAI_flats 3 2021 CMean 12.1606
BSAI_flats 3 2021 CStdn 0.0248808
BSAI_flats 3 2022 Cabc 38.5606
BSAI_flats 3 2022 Cofl 42.1726
BSAI_flats 3 2022 CLCI 12.5791
BSAI_flats 3 2022 CUCI 12.8262
BSAI_flats 3 2022 CMedian 12.6683
BSAI_flats 3 2022 CMean 12.6822
BSAI_flats 3 2022 CStdn 0.0840891
BSAI_flats 3 2023 Cabc 38.5606
BSAI_flats 3 2023 Cofl 42.1726
BSAI_flats 3 2023 CLCI 12.895
BSAI_flats 3 2023 CUCI 13.4956
BSAI_flats 3 2023 CMedian 13.1157
BSAI_flats 3 2023 CMean 13.1486
BSAI_flats 3 2023 CStdn 0.202356
BSAI_flats 3 2024 Cabc 38.5606
BSAI_flats 3 2024 Cofl 42.1726
BSAI_flats 3 2024 CLCI 12.9988
BSAI_flats 3 2024 CUCI 14.1476
BSAI_flats 3 2024 CMedian 13.4324
BSAI_flats 3 2024 CMean 13.4844
BSAI_flats 3 2024 CStdn 0.379451
BSAI_flats 3 2025 Cabc 38.5606
BSAI_flats 3 2025 Cofl 42.1726
BSAI_flats 3 2025 CLCI 12.8878
BSAI_flats 3 2025 CUCI 14.7444
BSAI_flats 3 2025 CMedian 13.5804
BSAI_flats 3 2025 CMean 13.6592
BSAI_flats 3 2025 CStdn 0.592049
BSAI_flats 3 2026 Cabc 38.5606
BSAI_flats 3 2026 Cofl 42.1726
BSAI_flats 3 2026 CLCI 12.6532
BSAI_flats 3 2026 CUCI 15.1006
BSAI_flats 3 2026 CMedian 13.5981
BSAI_flats 3 2026 CMean 13.7169
BSAI_flats 3 2026 CStdn 0.808366
BSAI_flats 3 2027 Cabc 38.5606
BSAI_flats 3 2027 Cofl 42.1726
BSAI_flats 3 2027 CLCI 12.3178
BSAI_flats 3 2027 CUCI 15.4729
BSAI_flats 3 2027 CMedian 13.5445
BSAI_flats 3 2027 CMean 13.6741
BSAI_flats 3 2027 CStdn 1.00326
BSAI_flats 3 2028 Cabc 38.5606
BSAI_flats 3 2028 Cofl 42.1726
BSAI_flats 3 2028 CLCI 11.9065
BSAI_flats 3 2028 CUCI 15.6696
BSAI_flats 3 2028 CMedian 13.4431
BSAI_flats 3 2028 CMean 13.5652
BSAI_flats 3 2028 CStdn 1.16338
BSAI_flats 3 2029 Cabc 38.5606
BSAI_flats 3 2029 Cofl 42.1726
BSAI_flats 3 2029 CLCI 11.5404
BSAI_flats 3 2029 CUCI 15.7052
BSAI_flats 3 2029 CMedian 13.2843
BSAI_flats 3 2029 CMean 13.4269
BSAI_flats 3 2029 CStdn 1.28531
BSAI_flats 3 2030 Cabc 38.5606
BSAI_flats 3 2030 Cofl 42.1726
BSAI_flats 3 2030 CLCI 11.2424
BSAI_flats 3 2030 CUCI 15.6762
BSAI_flats 3 2030 CMedian 13.1345
BSAI_flats 3 2030 CMean 13.2761
BSAI_flats 3 2030 CStdn 1.37279
BSAI_flats 3 2031 Cabc 38.5606
BSAI_flats 3 2031 Cofl 42.1726
BSAI_flats 3 2031 CLCI 11.0234
BSAI_flats 3 2031 CUCI 15.6916
BSAI_flats 3 2031 CMedian 12.9857
BSAI_flats 3 2031 CMean 13.1252
BSAI_flats 3 2031 CStdn 1.43389
BSAI_flats 3 2018 SSBF100 212.06
BSAI_flats 3 2018 SSBFabc 84.824
BSAI_flats 3 2018 SSBFofl 74.221
BSAI_flats 3 2018 SSBLCI 154.355
BSAI_flats 3 2018 SSBUCI 154.355
BSAI_flats 3 2018 SSBMedian 154.355
BSAI_flats 3 2018 SSBMean 154.355
BSAI_flats 3 2019 SSBF100 212.06
BSAI_flats 3 2019 SSBFabc 84.824
BSAI_flats 3 2019 SSBFofl 74.221
BSAI_flats 3 2019 SSBLCI 153.197
BSAI_flats 3 2019 SSBUCI 153.213
BSAI_flats 3 2019 SSBMedian 153.202
BSAI_flats 3 2019 SSBMean 153.203
BSAI_flats 3 2020 SSBF100 212.06
BSAI_flats 3 2020 SSBFabc 84.824
BSAI_flats 3 2020 SSBFofl 74.221
BSAI_flats 3 2020 SSBLCI 155.702
BSAI_flats 3 2020 SSBUCI 155.781
BSAI_flats 3 2020 SSBMedian 155.729
BSAI_flats 3 2020 SSBMean 155.734
BSAI_flats 3 2021 SSBF100 212.06
BSAI_flats 3 2021 SSBFabc 84.824
BSAI_flats 3 2021 SSBFofl 74.221
BSAI_flats 3 2021 SSBLCI 162.136
BSAI_flats 3 2021 SSBUCI 162.438
BSAI_flats 3 2021 SSBMedian 162.244
BSAI_flats 3 2021 SSBMean 162.261
BSAI_flats 3 2022 SSBF100 212.06
BSAI_flats 3 2022 SSBFabc 84.824
BSAI_flats 3 2022 SSBFofl 74.221
BSAI_flats 3 2022 SSBLCI 170.752
BSAI_flats 3 2022 SSBUCI 171.747
BSAI_flats 3 2022 SSBMedian 171.114
BSAI_flats 3 2022 SSBMean 171.17
BSAI_flats 3 2023 SSBF100 212.06
BSAI_flats 3 2023 SSBFabc 84.824
BSAI_flats 3 2023 SSBFofl 74.221
BSAI_flats 3 2023 SSBLCI 179.59
BSAI_flats 3 2023 SSBUCI 182.46
BSAI_flats 3 2023 SSBMedian 180.643
BSAI_flats 3 2023 SSBMean 180.793
BSAI_flats 3 2024 SSBF100 212.06
BSAI_flats 3 2024 SSBFabc 84.824
BSAI_flats 3 2024 SSBFofl 74.221
BSAI_flats 3 2024 SSBLCI 186.047
BSAI_flats 3 2024 SSBUCI 193.408
BSAI_flats 3 2024 SSBMedian 188.783
BSAI_flats 3 2024 SSBMean 189.155
BSAI_flats 3 2025 SSBF100 212.06
BSAI_flats 3 2025 SSBFabc 84.824
BSAI_flats 3 2025 SSBFofl 74.221
BSAI_flats 3 2025 SSBLCI 187.224
BSAI_flats 3 2025 SSBUCI 203.132
BSAI_flats 3 2025 SSBMedian 193.149
BSAI_flats 3 2025 SSBMean 193.949
BSAI_flats 3 2026 SSBF100 212.06
BSAI_flats 3 2026 SSBFabc 84.824
BSAI_flats 3 2026 SSBFofl 74.221
BSAI_flats 3 2026 SSBLCI 183.284
BSAI_flats 3 2026 SSBUCI 211.265
BSAI_flats 3 2026 SSBMedian 194.073
BSAI_flats 3 2026 SSBMean 195.257
BSAI_flats 3 2027 SSBF100 212.06
BSAI_flats 3 2027 SSBFabc 84.824
BSAI_flats 3 2027 SSBFofl 74.221
BSAI_flats 3 2027 SSBLCI 176.867
BSAI_flats 3 2027 SSBUCI 217.614
BSAI_flats 3 2027 SSBMedian 192.23
BSAI_flats 3 2027 SSBMean 194.129
BSAI_flats 3 2028 SSBF100 212.06
BSAI_flats 3 2028 SSBFabc 84.824
BSAI_flats 3 2028 SSBFofl 74.221
BSAI_flats 3 2028 SSBLCI 169.67
BSAI_flats 3 2028 SSBUCI 220.355
BSAI_flats 3 2028 SSBMedian 189.629
BSAI_flats 3 2028 SSBMean 191.841
BSAI_flats 3 2029 SSBF100 212.06
BSAI_flats 3 2029 SSBFabc 84.824
BSAI_flats 3 2029 SSBFofl 74.221
BSAI_flats 3 2029 SSBLCI 162.365
BSAI_flats 3 2029 SSBUCI 222.431
BSAI_flats 3 2029 SSBMedian 187.308
BSAI_flats 3 2029 SSBMean 189.22
BSAI_flats 3 2030 SSBF100 212.06
BSAI_flats 3 2030 SSBFabc 84.824
BSAI_flats 3 2030 SSBFofl 74.221
BSAI_flats 3 2030 SSBLCI 156.506
BSAI_flats 3 2030 SSBUCI 222.529
BSAI_flats 3 2030 SSBMedian 184.359
BSAI_flats 3 2030 SSBMean 186.547
BSAI_flats 3 2031 SSBF100 212.06
BSAI_flats 3 2031 SSBFabc 84.824
BSAI_flats 3 2031 SSBFofl 74.221
BSAI_flats 3 2031 SSBLCI 152.792
BSAI_flats 3 2031 SSBUCI 221.287
BSAI_flats 3 2031 SSBMedian 182.263
BSAI_flats 3 2031 SSBMean 184.012
BSAI_flats 3 2018 F0 0 
BSAI_flats 3 2018 Fabc 0.380297
BSAI_flats 3 2018 Fofl 0.472195
BSAI_flats 3 2018  F_LCI 0.0603301
BSAI_flats 3 2018  F_UCI 0.0603301
BSAI_flats 3 2018  F_Median 0.0603301
BSAI_flats 3 2018  F_Mean 0.0603301
BSAI_flats 3 2019 F0 0 
BSAI_flats 3 2019 Fabc 0.380297
BSAI_flats 3 2019 Fofl 0.472195
BSAI_flats 3 2019  F_LCI 0.0598946
BSAI_flats 3 2019  F_UCI 0.0598946
BSAI_flats 3 2019  F_Median 0.0598946
BSAI_flats 3 2019  F_Mean 0.0598946
BSAI_flats 3 2020 F0 0 
BSAI_flats 3 2020 Fabc 0.380297
BSAI_flats 3 2020 Fofl 0.472195
BSAI_flats 3 2020  F_LCI 0.0598946
BSAI_flats 3 2020  F_UCI 0.0598946
BSAI_flats 3 2020  F_Median 0.0598946
BSAI_flats 3 2020  F_Mean 0.0598946
BSAI_flats 3 2021 F0 0 
BSAI_flats 3 2021 Fabc 0.380297
BSAI_flats 3 2021 Fofl 0.472195
BSAI_flats 3 2021  F_LCI 0.0598946
BSAI_flats 3 2021  F_UCI 0.0598946
BSAI_flats 3 2021  F_Median 0.0598946
BSAI_flats 3 2021  F_Mean 0.0598946
BSAI_flats 3 2022 F0 0 
BSAI_flats 3 2022 Fabc 0.380297
BSAI_flats 3 2022 Fofl 0.472195
BSAI_flats 3 2022  F_LCI 0.0598946
BSAI_flats 3 2022  F_UCI 0.0598946
BSAI_flats 3 2022  F_Median 0.0598946
BSAI_flats 3 2022  F_Mean 0.0598946
BSAI_flats 3 2023 F0 0 
BSAI_flats 3 2023 Fabc 0.380297
BSAI_flats 3 2023 Fofl 0.472195
BSAI_flats 3 2023  F_LCI 0.0598946
BSAI_flats 3 2023  F_UCI 0.0598946
BSAI_flats 3 2023  F_Median 0.0598946
BSAI_flats 3 2023  F_Mean 0.0598946
BSAI_flats 3 2024 F0 0 
BSAI_flats 3 2024 Fabc 0.380297
BSAI_flats 3 2024 Fofl 0.472195
BSAI_flats 3 2024  F_LCI 0.0598946
BSAI_flats 3 2024  F_UCI 0.0598946
BSAI_flats 3 2024  F_Median 0.0598946
BSAI_flats 3 2024  F_Mean 0.0598946
BSAI_flats 3 2025 F0 0 
BSAI_flats 3 2025 Fabc 0.380297
BSAI_flats 3 2025 Fofl 0.472195
BSAI_flats 3 2025  F_LCI 0.0598946
BSAI_flats 3 2025  F_UCI 0.0598946
BSAI_flats 3 2025  F_Median 0.0598946
BSAI_flats 3 2025  F_Mean 0.0598946
BSAI_flats 3 2026 F0 0 
BSAI_flats 3 2026 Fabc 0.380297
BSAI_flats 3 2026 Fofl 0.472195
BSAI_flats 3 2026  F_LCI 0.0598946
BSAI_flats 3 2026  F_UCI 0.0598946
BSAI_flats 3 2026  F_Median 0.0598946
BSAI_flats 3 2026  F_Mean 0.0598946
BSAI_flats 3 2027 F0 0 
BSAI_flats 3 2027 Fabc 0.380297
BSAI_flats 3 2027 Fofl 0.472195
BSAI_flats 3 2027  F_LCI 0.0598946
BSAI_flats 3 2027  F_UCI 0.0598946
BSAI_flats 3 2027  F_Median 0.0598946
BSAI_flats 3 2027  F_Mean 0.0598946
BSAI_flats 3 2028 F0 0 
BSAI_flats 3 2028 Fabc 0.380297
BSAI_flats 3 2028 Fofl 0.472195
BSAI_flats 3 2028  F_LCI 0.0598946
BSAI_flats 3 2028  F_UCI 0.0598946
BSAI_flats 3 2028  F_Median 0.0598946
BSAI_flats 3 2028  F_Mean 0.0598946
BSAI_flats 3 2029 F0 0 
BSAI_flats 3 2029 Fabc 0.380297
BSAI_flats 3 2029 Fofl 0.472195
BSAI_flats 3 2029  F_LCI 0.0598946
BSAI_flats 3 2029  F_UCI 0.0598946
BSAI_flats 3 2029  F_Median 0.0598946
BSAI_flats 3 2029  F_Mean 0.0598946
BSAI_flats 3 2030 F0 0 
BSAI_flats 3 2030 Fabc 0.380297
BSAI_flats 3 2030 Fofl 0.472195
BSAI_flats 3 2030  F_LCI 0.0598946
BSAI_flats 3 2030  F_UCI 0.0598946
BSAI_flats 3 2030  F_Median 0.0598946
BSAI_flats 3 2030  F_Mean 0.0598946
BSAI_flats 3 2031 F0 0 
BSAI_flats 3 2031 Fabc 0.380297
BSAI_flats 3 2031 Fofl 0.472195
BSAI_flats 3 2031  F_LCI 0.0598946
BSAI_flats 3 2031  F_UCI 0.0598946
BSAI_flats 3 2031  F_Median 0.0598946
BSAI_flats 3 2031  F_Mean 0.0598946
BSAI_flats 4 2018 Cabc 38.5606
BSAI_flats 4 2018 Cofl 42.1726
BSAI_flats 4 2018 CLCI 11.305
BSAI_flats 4 2018 CUCI 11.305
BSAI_flats 4 2018 CMedian 11.305
BSAI_flats 4 2018 CMean 11.305
BSAI_flats 4 2018 CStdn 1.66978e-13
BSAI_flats 4 2019 Cabc 38.5606
BSAI_flats 4 2019 Cofl 42.1726
BSAI_flats 4 2019 CLCI 15.5459
BSAI_flats 4 2019 CUCI 15.5479
BSAI_flats 4 2019 CMedian 15.5466
BSAI_flats 4 2019 CMean 15.5467
BSAI_flats 4 2019 CStdn 0.000642296
BSAI_flats 4 2020 Cabc 38.5606
BSAI_flats 4 2020 Cofl 42.1726
BSAI_flats 4 2020 CLCI 15.8245
BSAI_flats 4 2020 CUCI 15.8438
BSAI_flats 4 2020 CMedian 15.8308
BSAI_flats 4 2020 CMean 15.832
BSAI_flats 4 2020 CStdn 0.00643001
BSAI_flats 4 2021 Cabc 38.5606
BSAI_flats 4 2021 Cofl 42.1726
BSAI_flats 4 2021 CLCI 16.2916
BSAI_flats 4 2021 CUCI 16.3932
BSAI_flats 4 2021 CMedian 16.3262
BSAI_flats 4 2021 CMean 16.3321
BSAI_flats 4 2021 CStdn 0.0342288
BSAI_flats 4 2022 Cabc 38.5606
BSAI_flats 4 2022 Cofl 42.1726
BSAI_flats 4 2022 CLCI 16.7739
BSAI_flats 4 2022 CUCI 17.1137
BSAI_flats 4 2022 CMedian 16.8966
BSAI_flats 4 2022 CMean 16.9157
BSAI_flats 4 2022 CStdn 0.115611
BSAI_flats 4 2023 Cabc 38.5606
BSAI_flats 4 2023 Cofl 42.1726
BSAI_flats 4 2023 CLCI 17.0852
BSAI_flats 4 2023 CUCI 17.9097
BSAI_flats 4 2023 CMedian 17.3884
BSAI_flats 4 2023 CMean 17.4334
BSAI_flats 4 2023 CStdn 0.277856
BSAI_flats 4 2024 Cabc 38.5606
BSAI_flats 4 2024 Cofl 42.1726
BSAI_flats 4 2024 CLCI 17.1161
BSAI_flats 4 2024 CUCI 18.6891
BSAI_flats 4 2024 CMedian 17.7109
BSAI_flats 4 2024 CMean 17.7814
BSAI_flats 4 2024 CStdn 0.519903
BSAI_flats 4 2025 Cabc 38.5606
BSAI_flats 4 2025 Cofl 42.1726
BSAI_flats 4 2025 CLCI 16.868
BSAI_flats 4 2025 CUCI 19.4007
BSAI_flats 4 2025 CMedian 17.8151
BSAI_flats 4 2025 CMean 17.9207
BSAI_flats 4 2025 CStdn 0.808638
BSAI_flats 4 2026 Cabc 38.5606
BSAI_flats 4 2026 Cofl 42.1726
BSAI_flats 4 2026 CLCI 16.4591
BSAI_flats 4 2026 CUCI 19.7855
BSAI_flats 4 2026 CMedian 17.7459
BSAI_flats 4 2026 CMean 17.9101
BSAI_flats 4 2026 CStdn 1.09959
BSAI_flats 4 2027 Cabc 38.5606
BSAI_flats 4 2027 Cofl 42.1726
BSAI_flats 4 2027 CLCI 15.9384
BSAI_flats 4 2027 CUCI 20.2234
BSAI_flats 4 2027 CMedian 17.5995
BSAI_flats 4 2027 CMean 17.7763
BSAI_flats 4 2027 CStdn 1.35823
BSAI_flats 4 2028 Cabc 38.5606
BSAI_flats 4 2028 Cofl 42.1726
BSAI_flats 4 2028 CLCI 15.3294
BSAI_flats 4 2028 CUCI 20.3999
BSAI_flats 4 2028 CMedian 17.3971
BSAI_flats 4 2028 CMean 17.5673
BSAI_flats 4 2028 CStdn 1.56701
BSAI_flats 4 2029 Cabc 38.5606
BSAI_flats 4 2029 Cofl 42.1726
BSAI_flats 4 2029 CLCI 14.8097
BSAI_flats 4 2029 CUCI 20.3812
BSAI_flats 4 2029 CMedian 17.139
BSAI_flats 4 2029 CMean 17.3318
BSAI_flats 4 2029 CStdn 1.72247
BSAI_flats 4 2030 Cabc 38.5606
BSAI_flats 4 2030 Cofl 42.1726
BSAI_flats 4 2030 CLCI 14.3719
BSAI_flats 4 2030 CUCI 20.2901
BSAI_flats 4 2030 CMedian 16.9219
BSAI_flats 4 2030 CMean 17.0923
BSAI_flats 4 2030 CStdn 1.83101
BSAI_flats 4 2031 Cabc 38.5606
BSAI_flats 4 2031 Cofl 42.1726
BSAI_flats 4 2031 CLCI 14.0753
BSAI_flats 4 2031 CUCI 20.2963
BSAI_flats 4 2031 CMedian 16.6816
BSAI_flats 4 2031 CMean 16.8645
BSAI_flats 4 2031 CStdn 1.90469
BSAI_flats 4 2018 SSBF100 212.06
BSAI_flats 4 2018 SSBFabc 84.824
BSAI_flats 4 2018 SSBFofl 74.221
BSAI_flats 4 2018 SSBLCI 154.355
BSAI_flats 4 2018 SSBUCI 154.355
BSAI_flats 4 2018 SSBMedian 154.355
BSAI_flats 4 2018 SSBMean 154.355
BSAI_flats 4 2019 SSBF100 212.06
BSAI_flats 4 2019 SSBFabc 84.824
BSAI_flats 4 2019 SSBFofl 74.221
BSAI_flats 4 2019 SSBLCI 153.197
BSAI_flats 4 2019 SSBUCI 153.213
BSAI_flats 4 2019 SSBMedian 153.202
BSAI_flats 4 2019 SSBMean 153.203
BSAI_flats 4 2020 SSBF100 212.06
BSAI_flats 4 2020 SSBFabc 84.824
BSAI_flats 4 2020 SSBFofl 74.221
BSAI_flats 4 2020 SSBLCI 153.839
BSAI_flats 4 2020 SSBUCI 153.917
BSAI_flats 4 2020 SSBMedian 153.866
BSAI_flats 4 2020 SSBMean 153.87
BSAI_flats 4 2021 SSBF100 212.06
BSAI_flats 4 2021 SSBFabc 84.824
BSAI_flats 4 2021 SSBFofl 74.221
BSAI_flats 4 2021 SSBLCI 158.65
BSAI_flats 4 2021 SSBUCI 158.952
BSAI_flats 4 2021 SSBMedian 158.758
BSAI_flats 4 2021 SSBMean 158.774
BSAI_flats 4 2022 SSBF100 212.06
BSAI_flats 4 2022 SSBFabc 84.824
BSAI_flats 4 2022 SSBFofl 74.221
BSAI_flats 4 2022 SSBLCI 165.806
BSAI_flats 4 2022 SSBUCI 166.8
BSAI_flats 4 2022 SSBMedian 166.168
BSAI_flats 4 2022 SSBMean 166.223
BSAI_flats 4 2023 SSBF100 212.06
BSAI_flats 4 2023 SSBFabc 84.824
BSAI_flats 4 2023 SSBFofl 74.221
BSAI_flats 4 2023 SSBLCI 173.306
BSAI_flats 4 2023 SSBUCI 176.173
BSAI_flats 4 2023 SSBMedian 174.358
BSAI_flats 4 2023 SSBMean 174.508
BSAI_flats 4 2024 SSBF100 212.06
BSAI_flats 4 2024 SSBFabc 84.824
BSAI_flats 4 2024 SSBFofl 74.221
BSAI_flats 4 2024 SSBLCI 178.529
BSAI_flats 4 2024 SSBUCI 185.874
BSAI_flats 4 2024 SSBMedian 181.26
BSAI_flats 4 2024 SSBMean 181.631
BSAI_flats 4 2025 SSBF100 212.06
BSAI_flats 4 2025 SSBFabc 84.824
BSAI_flats 4 2025 SSBFofl 74.221
BSAI_flats 4 2025 SSBLCI 178.618
BSAI_flats 4 2025 SSBUCI 194.453
BSAI_flats 4 2025 SSBMedian 184.526
BSAI_flats 4 2025 SSBMean 185.312
BSAI_flats 4 2026 SSBF100 212.06
BSAI_flats 4 2026 SSBFabc 84.824
BSAI_flats 4 2026 SSBFofl 74.221
BSAI_flats 4 2026 SSBLCI 173.762
BSAI_flats 4 2026 SSBUCI 201.582
BSAI_flats 4 2026 SSBMedian 184.476
BSAI_flats 4 2026 SSBMean 185.635
BSAI_flats 4 2027 SSBF100 212.06
BSAI_flats 4 2027 SSBFabc 84.824
BSAI_flats 4 2027 SSBFofl 74.221
BSAI_flats 4 2027 SSBLCI 166.655
BSAI_flats 4 2027 SSBUCI 206.796
BSAI_flats 4 2027 SSBMedian 181.805
BSAI_flats 4 2027 SSBMean 183.7
BSAI_flats 4 2028 SSBF100 212.06
BSAI_flats 4 2028 SSBFabc 84.824
BSAI_flats 4 2028 SSBFofl 74.221
BSAI_flats 4 2028 SSBLCI 158.978
BSAI_flats 4 2028 SSBUCI 208.583
BSAI_flats 4 2028 SSBMedian 178.657
BSAI_flats 4 2028 SSBMean 180.784
BSAI_flats 4 2029 SSBF100 212.06
BSAI_flats 4 2029 SSBFabc 84.824
BSAI_flats 4 2029 SSBFofl 74.221
BSAI_flats 4 2029 SSBLCI 151.538
BSAI_flats 4 2029 SSBUCI 209.982
BSAI_flats 4 2029 SSBMedian 175.823
BSAI_flats 4 2029 SSBMean 177.69
BSAI_flats 4 2030 SSBF100 212.06
BSAI_flats 4 2030 SSBFabc 84.824
BSAI_flats 4 2030 SSBFofl 74.221
BSAI_flats 4 2030 SSBLCI 145.359
BSAI_flats 4 2030 SSBUCI 209.006
BSAI_flats 4 2030 SSBMedian 172.448
BSAI_flats 4 2030 SSBMean 174.685
BSAI_flats 4 2031 SSBF100 212.06
BSAI_flats 4 2031 SSBFabc 84.824
BSAI_flats 4 2031 SSBFofl 74.221
BSAI_flats 4 2031 SSBLCI 141.47
BSAI_flats 4 2031 SSBUCI 207.967
BSAI_flats 4 2031 SSBMedian 170
BSAI_flats 4 2031 SSBMean 171.941
BSAI_flats 4 2018 F0 0 
BSAI_flats 4 2018 Fabc 0.380297
BSAI_flats 4 2018 Fofl 0.472195
BSAI_flats 4 2018  F_LCI 0.0603301
BSAI_flats 4 2018  F_UCI 0.0603301
BSAI_flats 4 2018  F_Median 0.0603301
BSAI_flats 4 2018  F_Mean 0.0603301
BSAI_flats 4 2019 F0 0 
BSAI_flats 4 2019 Fabc 0.380297
BSAI_flats 4 2019 Fofl 0.472195
BSAI_flats 4 2019  F_LCI 0.0824217
BSAI_flats 4 2019  F_UCI 0.0824217
BSAI_flats 4 2019  F_Median 0.0824217
BSAI_flats 4 2019  F_Mean 0.0824217
BSAI_flats 4 2020 F0 0 
BSAI_flats 4 2020 Fabc 0.380297
BSAI_flats 4 2020 Fofl 0.472195
BSAI_flats 4 2020  F_LCI 0.0824217
BSAI_flats 4 2020  F_UCI 0.0824217
BSAI_flats 4 2020  F_Median 0.0824217
BSAI_flats 4 2020  F_Mean 0.0824217
BSAI_flats 4 2021 F0 0 
BSAI_flats 4 2021 Fabc 0.380297
BSAI_flats 4 2021 Fofl 0.472195
BSAI_flats 4 2021  F_LCI 0.0824217
BSAI_flats 4 2021  F_UCI 0.0824217
BSAI_flats 4 2021  F_Median 0.0824217
BSAI_flats 4 2021  F_Mean 0.0824217
BSAI_flats 4 2022 F0 0 
BSAI_flats 4 2022 Fabc 0.380297
BSAI_flats 4 2022 Fofl 0.472195
BSAI_flats 4 2022  F_LCI 0.0824217
BSAI_flats 4 2022  F_UCI 0.0824217
BSAI_flats 4 2022  F_Median 0.0824217
BSAI_flats 4 2022  F_Mean 0.0824217
BSAI_flats 4 2023 F0 0 
BSAI_flats 4 2023 Fabc 0.380297
BSAI_flats 4 2023 Fofl 0.472195
BSAI_flats 4 2023  F_LCI 0.0824217
BSAI_flats 4 2023  F_UCI 0.0824217
BSAI_flats 4 2023  F_Median 0.0824217
BSAI_flats 4 2023  F_Mean 0.0824217
BSAI_flats 4 2024 F0 0 
BSAI_flats 4 2024 Fabc 0.380297
BSAI_flats 4 2024 Fofl 0.472195
BSAI_flats 4 2024  F_LCI 0.0824217
BSAI_flats 4 2024  F_UCI 0.0824217
BSAI_flats 4 2024  F_Median 0.0824217
BSAI_flats 4 2024  F_Mean 0.0824217
BSAI_flats 4 2025 F0 0 
BSAI_flats 4 2025 Fabc 0.380297
BSAI_flats 4 2025 Fofl 0.472195
BSAI_flats 4 2025  F_LCI 0.0824217
BSAI_flats 4 2025  F_UCI 0.0824217
BSAI_flats 4 2025  F_Median 0.0824217
BSAI_flats 4 2025  F_Mean 0.0824217
BSAI_flats 4 2026 F0 0 
BSAI_flats 4 2026 Fabc 0.380297
BSAI_flats 4 2026 Fofl 0.472195
BSAI_flats 4 2026  F_LCI 0.0824217
BSAI_flats 4 2026  F_UCI 0.0824217
BSAI_flats 4 2026  F_Median 0.0824217
BSAI_flats 4 2026  F_Mean 0.0824217
BSAI_flats 4 2027 F0 0 
BSAI_flats 4 2027 Fabc 0.380297
BSAI_flats 4 2027 Fofl 0.472195
BSAI_flats 4 2027  F_LCI 0.0824217
BSAI_flats 4 2027  F_UCI 0.0824217
BSAI_flats 4 2027  F_Median 0.0824217
BSAI_flats 4 2027  F_Mean 0.0824217
BSAI_flats 4 2028 F0 0 
BSAI_flats 4 2028 Fabc 0.380297
BSAI_flats 4 2028 Fofl 0.472195
BSAI_flats 4 2028  F_LCI 0.0824217
BSAI_flats 4 2028  F_UCI 0.0824217
BSAI_flats 4 2028  F_Median 0.0824217
BSAI_flats 4 2028  F_Mean 0.0824217
BSAI_flats 4 2029 F0 0 
BSAI_flats 4 2029 Fabc 0.380297
BSAI_flats 4 2029 Fofl 0.472195
BSAI_flats 4 2029  F_LCI 0.0824217
BSAI_flats 4 2029  F_UCI 0.0824217
BSAI_flats 4 2029  F_Median 0.0824217
BSAI_flats 4 2029  F_Mean 0.0824217
BSAI_flats 4 2030 F0 0 
BSAI_flats 4 2030 Fabc 0.380297
BSAI_flats 4 2030 Fofl 0.472195
BSAI_flats 4 2030  F_LCI 0.0824217
BSAI_flats 4 2030  F_UCI 0.0824217
BSAI_flats 4 2030  F_Median 0.0824217
BSAI_flats 4 2030  F_Mean 0.0824217
BSAI_flats 4 2031 F0 0 
BSAI_flats 4 2031 Fabc 0.380297
BSAI_flats 4 2031 Fofl 0.472195
BSAI_flats 4 2031  F_LCI 0.0824217
BSAI_flats 4 2031  F_UCI 0.0824217
BSAI_flats 4 2031  F_Median 0.0824217
BSAI_flats 4 2031  F_Mean 0.0824217
BSAI_flats 5 2018 Cabc 38.5606
BSAI_flats 5 2018 Cofl 42.1726
BSAI_flats 5 2018 CLCI 11.305
BSAI_flats 5 2018 CUCI 11.305
BSAI_flats 5 2018 CMedian 11.305
BSAI_flats 5 2018 CMean 11.305
BSAI_flats 5 2018 CStdn 1.66978e-13
BSAI_flats 5 2019 Cabc 38.5606
BSAI_flats 5 2019 Cofl 42.1726
BSAI_flats 5 2019 CLCI 0
BSAI_flats 5 2019 CUCI 0
BSAI_flats 5 2019 CMedian 0
BSAI_flats 5 2019 CMean 0
BSAI_flats 5 2019 CStdn 0
BSAI_flats 5 2020 Cabc 38.5606
BSAI_flats 5 2020 Cofl 42.1726
BSAI_flats 5 2020 CLCI 0
BSAI_flats 5 2020 CUCI 0
BSAI_flats 5 2020 CMedian 0
BSAI_flats 5 2020 CMean 0
BSAI_flats 5 2020 CStdn 0
BSAI_flats 5 2021 Cabc 38.5606
BSAI_flats 5 2021 Cofl 42.1726
BSAI_flats 5 2021 CLCI 0
BSAI_flats 5 2021 CUCI 0
BSAI_flats 5 2021 CMedian 0
BSAI_flats 5 2021 CMean 0
BSAI_flats 5 2021 CStdn 0
BSAI_flats 5 2022 Cabc 38.5606
BSAI_flats 5 2022 Cofl 42.1726
BSAI_flats 5 2022 CLCI 0
BSAI_flats 5 2022 CUCI 0
BSAI_flats 5 2022 CMedian 0
BSAI_flats 5 2022 CMean 0
BSAI_flats 5 2022 CStdn 0
BSAI_flats 5 2023 Cabc 38.5606
BSAI_flats 5 2023 Cofl 42.1726
BSAI_flats 5 2023 CLCI 0
BSAI_flats 5 2023 CUCI 0
BSAI_flats 5 2023 CMedian 0
BSAI_flats 5 2023 CMean 0
BSAI_flats 5 2023 CStdn 0
BSAI_flats 5 2024 Cabc 38.5606
BSAI_flats 5 2024 Cofl 42.1726
BSAI_flats 5 2024 CLCI 0
BSAI_flats 5 2024 CUCI 0
BSAI_flats 5 2024 CMedian 0
BSAI_flats 5 2024 CMean 0
BSAI_flats 5 2024 CStdn 0
BSAI_flats 5 2025 Cabc 38.5606
BSAI_flats 5 2025 Cofl 42.1726
BSAI_flats 5 2025 CLCI 0
BSAI_flats 5 2025 CUCI 0
BSAI_flats 5 2025 CMedian 0
BSAI_flats 5 2025 CMean 0
BSAI_flats 5 2025 CStdn 0
BSAI_flats 5 2026 Cabc 38.5606
BSAI_flats 5 2026 Cofl 42.1726
BSAI_flats 5 2026 CLCI 0
BSAI_flats 5 2026 CUCI 0
BSAI_flats 5 2026 CMedian 0
BSAI_flats 5 2026 CMean 0
BSAI_flats 5 2026 CStdn 0
BSAI_flats 5 2027 Cabc 38.5606
BSAI_flats 5 2027 Cofl 42.1726
BSAI_flats 5 2027 CLCI 0
BSAI_flats 5 2027 CUCI 0
BSAI_flats 5 2027 CMedian 0
BSAI_flats 5 2027 CMean 0
BSAI_flats 5 2027 CStdn 0
BSAI_flats 5 2028 Cabc 38.5606
BSAI_flats 5 2028 Cofl 42.1726
BSAI_flats 5 2028 CLCI 0
BSAI_flats 5 2028 CUCI 0
BSAI_flats 5 2028 CMedian 0
BSAI_flats 5 2028 CMean 0
BSAI_flats 5 2028 CStdn 0
BSAI_flats 5 2029 Cabc 38.5606
BSAI_flats 5 2029 Cofl 42.1726
BSAI_flats 5 2029 CLCI 0
BSAI_flats 5 2029 CUCI 0
BSAI_flats 5 2029 CMedian 0
BSAI_flats 5 2029 CMean 0
BSAI_flats 5 2029 CStdn 0
BSAI_flats 5 2030 Cabc 38.5606
BSAI_flats 5 2030 Cofl 42.1726
BSAI_flats 5 2030 CLCI 0
BSAI_flats 5 2030 CUCI 0
BSAI_flats 5 2030 CMedian 0
BSAI_flats 5 2030 CMean 0
BSAI_flats 5 2030 CStdn 0
BSAI_flats 5 2031 Cabc 38.5606
BSAI_flats 5 2031 Cofl 42.1726
BSAI_flats 5 2031 CLCI 0
BSAI_flats 5 2031 CUCI 0
BSAI_flats 5 2031 CMedian 0
BSAI_flats 5 2031 CMean 0
BSAI_flats 5 2031 CStdn 0
BSAI_flats 5 2018 SSBF100 212.06
BSAI_flats 5 2018 SSBFabc 84.824
BSAI_flats 5 2018 SSBFofl 74.221
BSAI_flats 5 2018 SSBLCI 154.355
BSAI_flats 5 2018 SSBUCI 154.355
BSAI_flats 5 2018 SSBMedian 154.355
BSAI_flats 5 2018 SSBMean 154.355
BSAI_flats 5 2019 SSBF100 212.06
BSAI_flats 5 2019 SSBFabc 84.824
BSAI_flats 5 2019 SSBFofl 74.221
BSAI_flats 5 2019 SSBLCI 153.197
BSAI_flats 5 2019 SSBUCI 153.213
BSAI_flats 5 2019 SSBMedian 153.202
BSAI_flats 5 2019 SSBMean 153.203
BSAI_flats 5 2020 SSBF100 212.06
BSAI_flats 5 2020 SSBFabc 84.824
BSAI_flats 5 2020 SSBFofl 74.221
BSAI_flats 5 2020 SSBLCI 160.794
BSAI_flats 5 2020 SSBUCI 160.872
BSAI_flats 5 2020 SSBMedian 160.821
BSAI_flats 5 2020 SSBMean 160.825
BSAI_flats 5 2021 SSBF100 212.06
BSAI_flats 5 2021 SSBFabc 84.824
BSAI_flats 5 2021 SSBFofl 74.221
BSAI_flats 5 2021 SSBLCI 171.908
BSAI_flats 5 2021 SSBUCI 172.21
BSAI_flats 5 2021 SSBMedian 172.016
BSAI_flats 5 2021 SSBMean 172.032
BSAI_flats 5 2022 SSBF100 212.06
BSAI_flats 5 2022 SSBFabc 84.824
BSAI_flats 5 2022 SSBFofl 74.221
BSAI_flats 5 2022 SSBLCI 184.939
BSAI_flats 5 2022 SSBUCI 185.935
BSAI_flats 5 2022 SSBMedian 185.302
BSAI_flats 5 2022 SSBMean 185.357
BSAI_flats 5 2023 SSBF100 212.06
BSAI_flats 5 2023 SSBFabc 84.824
BSAI_flats 5 2023 SSBFofl 74.221
BSAI_flats 5 2023 SSBLCI 197.997
BSAI_flats 5 2023 SSBUCI 200.873
BSAI_flats 5 2023 SSBMedian 199.052
BSAI_flats 5 2023 SSBMean 199.203
BSAI_flats 5 2024 SSBF100 212.06
BSAI_flats 5 2024 SSBFabc 84.824
BSAI_flats 5 2024 SSBFofl 74.221
BSAI_flats 5 2024 SSBLCI 208.483
BSAI_flats 5 2024 SSBUCI 215.887
BSAI_flats 5 2024 SSBMedian 211.233
BSAI_flats 5 2024 SSBMean 211.609
BSAI_flats 5 2025 SSBF100 212.06
BSAI_flats 5 2025 SSBFabc 84.824
BSAI_flats 5 2025 SSBFofl 74.221
BSAI_flats 5 2025 SSBLCI 213.359
BSAI_flats 5 2025 SSBUCI 229.452
BSAI_flats 5 2025 SSBMedian 219.356
BSAI_flats 5 2025 SSBMean 220.166
BSAI_flats 5 2026 SSBF100 212.06
BSAI_flats 5 2026 SSBFabc 84.824
BSAI_flats 5 2026 SSBFofl 74.221
BSAI_flats 5 2026 SSBLCI 212.704
BSAI_flats 5 2026 SSBUCI 241.234
BSAI_flats 5 2026 SSBMedian 223.718
BSAI_flats 5 2026 SSBMean 224.941
BSAI_flats 5 2027 SSBF100 212.06
BSAI_flats 5 2027 SSBFabc 84.824
BSAI_flats 5 2027 SSBFofl 74.221
BSAI_flats 5 2027 SSBLCI 208.991
BSAI_flats 5 2027 SSBUCI 251.374
BSAI_flats 5 2027 SSBMedian 224.972
BSAI_flats 5 2027 SSBMean 226.822
BSAI_flats 5 2028 SSBF100 212.06
BSAI_flats 5 2028 SSBFabc 84.824
BSAI_flats 5 2028 SSBFofl 74.221
BSAI_flats 5 2028 SSBLCI 203.869
BSAI_flats 5 2028 SSBUCI 257.1
BSAI_flats 5 2028 SSBMedian 224.694
BSAI_flats 5 2028 SSBMean 227.044
BSAI_flats 5 2029 SSBF100 212.06
BSAI_flats 5 2029 SSBFabc 84.824
BSAI_flats 5 2029 SSBFofl 74.221
BSAI_flats 5 2029 SSBLCI 198.113
BSAI_flats 5 2029 SSBUCI 262.278
BSAI_flats 5 2029 SSBMedian 224.429
BSAI_flats 5 2029 SSBMean 226.499
BSAI_flats 5 2030 SSBF100 212.06
BSAI_flats 5 2030 SSBFabc 84.824
BSAI_flats 5 2030 SSBFofl 74.221
BSAI_flats 5 2030 SSBLCI 193.235
BSAI_flats 5 2030 SSBUCI 264.738
BSAI_flats 5 2030 SSBMedian 222.475
BSAI_flats 5 2030 SSBMean 225.463
BSAI_flats 5 2031 SSBF100 212.06
BSAI_flats 5 2031 SSBFabc 84.824
BSAI_flats 5 2031 SSBFofl 74.221
BSAI_flats 5 2031 SSBLCI 189.779
BSAI_flats 5 2031 SSBUCI 264.946
BSAI_flats 5 2031 SSBMedian 222.132
BSAI_flats 5 2031 SSBMean 224.162
BSAI_flats 5 2018 F0 0 
BSAI_flats 5 2018 Fabc 0.380297
BSAI_flats 5 2018 Fofl 0.472195
BSAI_flats 5 2018  F_LCI 0.0603301
BSAI_flats 5 2018  F_UCI 0.0603301
BSAI_flats 5 2018  F_Median 0.0603301
BSAI_flats 5 2018  F_Mean 0.0603301
BSAI_flats 5 2019 F0 0 
BSAI_flats 5 2019 Fabc 0.380297
BSAI_flats 5 2019 Fofl 0.472195
BSAI_flats 5 2019  F_LCI 0
BSAI_flats 5 2019  F_UCI 0
BSAI_flats 5 2019  F_Median 0
BSAI_flats 5 2019  F_Mean 0
BSAI_flats 5 2020 F0 0 
BSAI_flats 5 2020 Fabc 0.380297
BSAI_flats 5 2020 Fofl 0.472195
BSAI_flats 5 2020  F_LCI 0
BSAI_flats 5 2020  F_UCI 0
BSAI_flats 5 2020  F_Median 0
BSAI_flats 5 2020  F_Mean 0
BSAI_flats 5 2021 F0 0 
BSAI_flats 5 2021 Fabc 0.380297
BSAI_flats 5 2021 Fofl 0.472195
BSAI_flats 5 2021  F_LCI 0
BSAI_flats 5 2021  F_UCI 0
BSAI_flats 5 2021  F_Median 0
BSAI_flats 5 2021  F_Mean 0
BSAI_flats 5 2022 F0 0 
BSAI_flats 5 2022 Fabc 0.380297
BSAI_flats 5 2022 Fofl 0.472195
BSAI_flats 5 2022  F_LCI 0
BSAI_flats 5 2022  F_UCI 0
BSAI_flats 5 2022  F_Median 0
BSAI_flats 5 2022  F_Mean 0
BSAI_flats 5 2023 F0 0 
BSAI_flats 5 2023 Fabc 0.380297
BSAI_flats 5 2023 Fofl 0.472195
BSAI_flats 5 2023  F_LCI 0
BSAI_flats 5 2023  F_UCI 0
BSAI_flats 5 2023  F_Median 0
BSAI_flats 5 2023  F_Mean 0
BSAI_flats 5 2024 F0 0 
BSAI_flats 5 2024 Fabc 0.380297
BSAI_flats 5 2024 Fofl 0.472195
BSAI_flats 5 2024  F_LCI 0
BSAI_flats 5 2024  F_UCI 0
BSAI_flats 5 2024  F_Median 0
BSAI_flats 5 2024  F_Mean 0
BSAI_flats 5 2025 F0 0 
BSAI_flats 5 2025 Fabc 0.380297
BSAI_flats 5 2025 Fofl 0.472195
BSAI_flats 5 2025  F_LCI 0
BSAI_flats 5 2025  F_UCI 0
BSAI_flats 5 2025  F_Median 0
BSAI_flats 5 2025  F_Mean 0
BSAI_flats 5 2026 F0 0 
BSAI_flats 5 2026 Fabc 0.380297
BSAI_flats 5 2026 Fofl 0.472195
BSAI_flats 5 2026  F_LCI 0
BSAI_flats 5 2026  F_UCI 0
BSAI_flats 5 2026  F_Median 0
BSAI_flats 5 2026  F_Mean 0
BSAI_flats 5 2027 F0 0 
BSAI_flats 5 2027 Fabc 0.380297
BSAI_flats 5 2027 Fofl 0.472195
BSAI_flats 5 2027  F_LCI 0
BSAI_flats 5 2027  F_UCI 0
BSAI_flats 5 2027  F_Median 0
BSAI_flats 5 2027  F_Mean 0
BSAI_flats 5 2028 F0 0 
BSAI_flats 5 2028 Fabc 0.380297
BSAI_flats 5 2028 Fofl 0.472195
BSAI_flats 5 2028  F_LCI 0
BSAI_flats 5 2028  F_UCI 0
BSAI_flats 5 2028  F_Median 0
BSAI_flats 5 2028  F_Mean 0
BSAI_flats 5 2029 F0 0 
BSAI_flats 5 2029 Fabc 0.380297
BSAI_flats 5 2029 Fofl 0.472195
BSAI_flats 5 2029  F_LCI 0
BSAI_flats 5 2029  F_UCI 0
BSAI_flats 5 2029  F_Median 0
BSAI_flats 5 2029  F_Mean 0
BSAI_flats 5 2030 F0 0 
BSAI_flats 5 2030 Fabc 0.380297
BSAI_flats 5 2030 Fofl 0.472195
BSAI_flats 5 2030  F_LCI 0
BSAI_flats 5 2030  F_UCI 0
BSAI_flats 5 2030  F_Median 0
BSAI_flats 5 2030  F_Mean 0
BSAI_flats 5 2031 F0 0 
BSAI_flats 5 2031 Fabc 0.380297
BSAI_flats 5 2031 Fofl 0.472195
BSAI_flats 5 2031  F_LCI 0
BSAI_flats 5 2031  F_UCI 0
BSAI_flats 5 2031  F_Median 0
BSAI_flats 5 2031  F_Mean 0
BSAI_flats 6 2018 Cabc 38.5606
BSAI_flats 6 2018 Cofl 42.1726
BSAI_flats 6 2018 CLCI 11.305
BSAI_flats 6 2018 CUCI 11.305
BSAI_flats 6 2018 CMedian 11.305
BSAI_flats 6 2018 CMean 11.305
BSAI_flats 6 2018 CStdn 1.66978e-13
BSAI_flats 6 2019 Cabc 38.5606
BSAI_flats 6 2019 Cofl 42.1726
BSAI_flats 6 2019 CLCI 80.9136
BSAI_flats 6 2019 CUCI 80.9247
BSAI_flats 6 2019 CMedian 80.9171
BSAI_flats 6 2019 CMean 80.9178
BSAI_flats 6 2019 CStdn 0.0036792
BSAI_flats 6 2020 Cabc 38.5606
BSAI_flats 6 2020 Cofl 42.1726
BSAI_flats 6 2020 CLCI 69.6966
BSAI_flats 6 2020 CUCI 69.8072
BSAI_flats 6 2020 CMedian 69.7327
BSAI_flats 6 2020 CMean 69.7397
BSAI_flats 6 2020 CStdn 0.0367964
BSAI_flats 6 2021 Cabc 38.5606
BSAI_flats 6 2021 Cofl 42.1726
BSAI_flats 6 2021 CLCI 63.3777
BSAI_flats 6 2021 CUCI 63.9573
BSAI_flats 6 2021 CMedian 63.575
BSAI_flats 6 2021 CMean 63.6088
BSAI_flats 6 2021 CStdn 0.195115
BSAI_flats 6 2022 Cabc 38.5606
BSAI_flats 6 2022 Cofl 42.1726
BSAI_flats 6 2022 CLCI 59.4058
BSAI_flats 6 2022 CUCI 61.3204
BSAI_flats 6 2022 CMedian 60.0972
BSAI_flats 6 2022 CMean 60.2055
BSAI_flats 6 2022 CStdn 0.652009
BSAI_flats 6 2023 Cabc 38.5606
BSAI_flats 6 2023 Cofl 42.1726
BSAI_flats 6 2023 CLCI 55.8659
BSAI_flats 6 2023 CUCI 60.4555
BSAI_flats 6 2023 CMedian 57.5391
BSAI_flats 6 2023 CMean 57.7867
BSAI_flats 6 2023 CStdn 1.53307
BSAI_flats 6 2024 Cabc 38.5606
BSAI_flats 6 2024 Cofl 42.1726
BSAI_flats 6 2024 CLCI 51.8602
BSAI_flats 6 2024 CUCI 60.152
BSAI_flats 6 2024 CMedian 55.0674
BSAI_flats 6 2024 CMean 55.4053
BSAI_flats 6 2024 CStdn 2.76535
BSAI_flats 6 2025 Cabc 38.5606
BSAI_flats 6 2025 Cofl 42.1726
BSAI_flats 6 2025 CLCI 47.5597
BSAI_flats 6 2025 CUCI 60.1528
BSAI_flats 6 2025 CMedian 52.3137
BSAI_flats 6 2025 CMean 52.8353
BSAI_flats 6 2025 CStdn 4.08077
BSAI_flats 6 2026 Cabc 38.5606
BSAI_flats 6 2026 Cofl 42.1726
BSAI_flats 6 2026 CLCI 42.594
BSAI_flats 6 2026 CUCI 59.2598
BSAI_flats 6 2026 CMedian 49.5424
BSAI_flats 6 2026 CMean 50.1825
BSAI_flats 6 2026 CStdn 5.35628
BSAI_flats 6 2027 Cabc 38.5606
BSAI_flats 6 2027 Cofl 42.1726
BSAI_flats 6 2027 CLCI 35.441
BSAI_flats 6 2027 CUCI 58.5236
BSAI_flats 6 2027 CMedian 47.1145
BSAI_flats 6 2027 CMean 46.8768
BSAI_flats 6 2027 CStdn 7.21714
BSAI_flats 6 2028 Cabc 38.5606
BSAI_flats 6 2028 Cofl 42.1726
BSAI_flats 6 2028 CLCI 30.7941
BSAI_flats 6 2028 CUCI 57.352
BSAI_flats 6 2028 CMedian 44.414
BSAI_flats 6 2028 CMean 44.1249
BSAI_flats 6 2028 CStdn 8.28671
BSAI_flats 6 2029 Cabc 38.5606
BSAI_flats 6 2029 Cofl 42.1726
BSAI_flats 6 2029 CLCI 28.6664
BSAI_flats 6 2029 CUCI 56.0642
BSAI_flats 6 2029 CMedian 42.0875
BSAI_flats 6 2029 CMean 42.3348
BSAI_flats 6 2029 CStdn 8.66353
BSAI_flats 6 2030 Cabc 38.5606
BSAI_flats 6 2030 Cofl 42.1726
BSAI_flats 6 2030 CLCI 27.5037
BSAI_flats 6 2030 CUCI 55.7112
BSAI_flats 6 2030 CMedian 40.8293
BSAI_flats 6 2030 CMean 41.2828
BSAI_flats 6 2030 CStdn 8.71308
BSAI_flats 6 2031 Cabc 38.5606
BSAI_flats 6 2031 Cofl 42.1726
BSAI_flats 6 2031 CLCI 27.4401
BSAI_flats 6 2031 CUCI 55.0537
BSAI_flats 6 2031 CMedian 40.0754
BSAI_flats 6 2031 CMean 40.7503
BSAI_flats 6 2031 CStdn 8.69196
BSAI_flats 6 2018 SSBF100 212.06
BSAI_flats 6 2018 SSBFabc 84.824
BSAI_flats 6 2018 SSBFofl 74.221
BSAI_flats 6 2018 SSBLCI 154.355
BSAI_flats 6 2018 SSBUCI 154.355
BSAI_flats 6 2018 SSBMedian 154.355
BSAI_flats 6 2018 SSBMean 154.355
BSAI_flats 6 2019 SSBF100 212.06
BSAI_flats 6 2019 SSBFabc 84.824
BSAI_flats 6 2019 SSBFofl 74.221
BSAI_flats 6 2019 SSBLCI 153.197
BSAI_flats 6 2019 SSBUCI 153.213
BSAI_flats 6 2019 SSBMedian 153.202
BSAI_flats 6 2019 SSBMean 153.203
BSAI_flats 6 2020 SSBF100 212.06
BSAI_flats 6 2020 SSBFabc 84.824
BSAI_flats 6 2020 SSBFofl 74.221
BSAI_flats 6 2020 SSBLCI 125.6
BSAI_flats 6 2020 SSBUCI 125.678
BSAI_flats 6 2020 SSBMedian 125.627
BSAI_flats 6 2020 SSBMean 125.631
BSAI_flats 6 2021 SSBF100 212.06
BSAI_flats 6 2021 SSBFabc 84.824
BSAI_flats 6 2021 SSBFofl 74.221
BSAI_flats 6 2021 SSBLCI 111.543
BSAI_flats 6 2021 SSBUCI 111.845
BSAI_flats 6 2021 SSBMedian 111.65
BSAI_flats 6 2021 SSBMean 111.667
BSAI_flats 6 2022 SSBF100 212.06
BSAI_flats 6 2022 SSBFabc 84.824
BSAI_flats 6 2022 SSBFofl 74.221
BSAI_flats 6 2022 SSBLCI 105.081
BSAI_flats 6 2022 SSBUCI 106.072
BSAI_flats 6 2022 SSBMedian 105.441
BSAI_flats 6 2022 SSBMean 105.497
BSAI_flats 6 2023 SSBF100 212.06
BSAI_flats 6 2023 SSBFabc 84.824
BSAI_flats 6 2023 SSBFofl 74.221
BSAI_flats 6 2023 SSBLCI 101.981
BSAI_flats 6 2023 SSBUCI 104.81
BSAI_flats 6 2023 SSBMedian 103.021
BSAI_flats 6 2023 SSBMean 103.167
BSAI_flats 6 2024 SSBF100 212.06
BSAI_flats 6 2024 SSBFabc 84.824
BSAI_flats 6 2024 SSBFofl 74.221
BSAI_flats 6 2024 SSBLCI 98.5118
BSAI_flats 6 2024 SSBUCI 105.58
BSAI_flats 6 2024 SSBMedian 101.144
BSAI_flats 6 2024 SSBMean 101.501
BSAI_flats 6 2025 SSBF100 212.06
BSAI_flats 6 2025 SSBFabc 84.824
BSAI_flats 6 2025 SSBFofl 74.221
BSAI_flats 6 2025 SSBLCI 91.9281
BSAI_flats 6 2025 SSBUCI 106.479
BSAI_flats 6 2025 SSBMedian 97.3631
BSAI_flats 6 2025 SSBMean 98.0986
BSAI_flats 6 2026 SSBF100 212.06
BSAI_flats 6 2026 SSBFabc 84.824
BSAI_flats 6 2026 SSBFofl 74.221
BSAI_flats 6 2026 SSBLCI 82.8539
BSAI_flats 6 2026 SSBUCI 107.446
BSAI_flats 6 2026 SSBMedian 92.1247
BSAI_flats 6 2026 SSBMean 93.1556
BSAI_flats 6 2027 SSBF100 212.06
BSAI_flats 6 2027 SSBFabc 84.824
BSAI_flats 6 2027 SSBFofl 74.221
BSAI_flats 6 2027 SSBLCI 74.6493
BSAI_flats 6 2027 SSBUCI 106.109
BSAI_flats 6 2027 SSBMedian 86.5024
BSAI_flats 6 2027 SSBMean 88.1277
BSAI_flats 6 2028 SSBF100 212.06
BSAI_flats 6 2028 SSBFabc 84.824
BSAI_flats 6 2028 SSBFofl 74.221
BSAI_flats 6 2028 SSBLCI 69.1939
BSAI_flats 6 2028 SSBUCI 104.868
BSAI_flats 6 2028 SSBMedian 82.3608
BSAI_flats 6 2028 SSBMean 84.3129
BSAI_flats 6 2029 SSBF100 212.06
BSAI_flats 6 2029 SSBFabc 84.824
BSAI_flats 6 2029 SSBFofl 74.221
BSAI_flats 6 2029 SSBLCI 66.3035
BSAI_flats 6 2029 SSBUCI 102.265
BSAI_flats 6 2029 SSBMedian 79.9239
BSAI_flats 6 2029 SSBMean 81.8327
BSAI_flats 6 2030 SSBF100 212.06
BSAI_flats 6 2030 SSBFabc 84.824
BSAI_flats 6 2030 SSBFofl 74.221
BSAI_flats 6 2030 SSBLCI 64.4906
BSAI_flats 6 2030 SSBUCI 100.208
BSAI_flats 6 2030 SSBMedian 78.6516
BSAI_flats 6 2030 SSBMean 80.3468
BSAI_flats 6 2031 SSBF100 212.06
BSAI_flats 6 2031 SSBFabc 84.824
BSAI_flats 6 2031 SSBFofl 74.221
BSAI_flats 6 2031 SSBLCI 64.135
BSAI_flats 6 2031 SSBUCI 99.5749
BSAI_flats 6 2031 SSBMedian 78.0533
BSAI_flats 6 2031 SSBMean 79.546
BSAI_flats 6 2018 F0 0 
BSAI_flats 6 2018 Fabc 0.380297
BSAI_flats 6 2018 Fofl 0.472195
BSAI_flats 6 2018  F_LCI 0.0603301
BSAI_flats 6 2018  F_UCI 0.0603301
BSAI_flats 6 2018  F_Median 0.0603301
BSAI_flats 6 2018  F_Mean 0.0603301
BSAI_flats 6 2019 F0 0 
BSAI_flats 6 2019 Fabc 0.380297
BSAI_flats 6 2019 Fofl 0.472195
BSAI_flats 6 2019  F_LCI 0.472195
BSAI_flats 6 2019  F_UCI 0.472195
BSAI_flats 6 2019  F_Median 0.472195
BSAI_flats 6 2019  F_Mean 0.472195
BSAI_flats 6 2020 F0 0 
BSAI_flats 6 2020 Fabc 0.380297
BSAI_flats 6 2020 Fofl 0.472195
BSAI_flats 6 2020  F_LCI 0.472195
BSAI_flats 6 2020  F_UCI 0.472195
BSAI_flats 6 2020  F_Median 0.472195
BSAI_flats 6 2020  F_Mean 0.472195
BSAI_flats 6 2021 F0 0 
BSAI_flats 6 2021 Fabc 0.380297
BSAI_flats 6 2021 Fofl 0.472195
BSAI_flats 6 2021  F_LCI 0.472195
BSAI_flats 6 2021  F_UCI 0.472195
BSAI_flats 6 2021  F_Median 0.472195
BSAI_flats 6 2021  F_Mean 0.472195
BSAI_flats 6 2022 F0 0 
BSAI_flats 6 2022 Fabc 0.380297
BSAI_flats 6 2022 Fofl 0.472195
BSAI_flats 6 2022  F_LCI 0.472195
BSAI_flats 6 2022  F_UCI 0.472195
BSAI_flats 6 2022  F_Median 0.472195
BSAI_flats 6 2022  F_Mean 0.472195
BSAI_flats 6 2023 F0 0 
BSAI_flats 6 2023 Fabc 0.380297
BSAI_flats 6 2023 Fofl 0.472195
BSAI_flats 6 2023  F_LCI 0.472195
BSAI_flats 6 2023  F_UCI 0.472195
BSAI_flats 6 2023  F_Median 0.472195
BSAI_flats 6 2023  F_Mean 0.472195
BSAI_flats 6 2024 F0 0 
BSAI_flats 6 2024 Fabc 0.380297
BSAI_flats 6 2024 Fofl 0.472195
BSAI_flats 6 2024  F_LCI 0.472195
BSAI_flats 6 2024  F_UCI 0.472195
BSAI_flats 6 2024  F_Median 0.472195
BSAI_flats 6 2024  F_Mean 0.472195
BSAI_flats 6 2025 F0 0 
BSAI_flats 6 2025 Fabc 0.380297
BSAI_flats 6 2025 Fofl 0.472195
BSAI_flats 6 2025  F_LCI 0.472195
BSAI_flats 6 2025  F_UCI 0.472195
BSAI_flats 6 2025  F_Median 0.472195
BSAI_flats 6 2025  F_Mean 0.472195
BSAI_flats 6 2026 F0 0 
BSAI_flats 6 2026 Fabc 0.380297
BSAI_flats 6 2026 Fofl 0.472195
BSAI_flats 6 2026  F_LCI 0.460651
BSAI_flats 6 2026  F_UCI 0.472195
BSAI_flats 6 2026  F_Median 0.472195
BSAI_flats 6 2026  F_Mean 0.470914
BSAI_flats 6 2027 F0 0 
BSAI_flats 6 2027 Fabc 0.380297
BSAI_flats 6 2027 Fofl 0.472195
BSAI_flats 6 2027  F_LCI 0.412574
BSAI_flats 6 2027  F_UCI 0.472195
BSAI_flats 6 2027  F_Median 0.472195
BSAI_flats 6 2027  F_Mean 0.458125
BSAI_flats 6 2028 F0 0 
BSAI_flats 6 2028 Fabc 0.380297
BSAI_flats 6 2028 Fofl 0.472195
BSAI_flats 6 2028  F_LCI 0.380607
BSAI_flats 6 2028  F_UCI 0.472195
BSAI_flats 6 2028  F_Median 0.457762
BSAI_flats 6 2028  F_Mean 0.444366
BSAI_flats 6 2029 F0 0 
BSAI_flats 6 2029 Fabc 0.380297
BSAI_flats 6 2029 Fofl 0.472195
BSAI_flats 6 2029  F_LCI 0.36367
BSAI_flats 6 2029  F_UCI 0.472195
BSAI_flats 6 2029  F_Median 0.443482
BSAI_flats 6 2029  F_Mean 0.435128
BSAI_flats 6 2030 F0 0 
BSAI_flats 6 2030 Fabc 0.380297
BSAI_flats 6 2030 Fofl 0.472195
BSAI_flats 6 2030  F_LCI 0.353047
BSAI_flats 6 2030  F_UCI 0.472195
BSAI_flats 6 2030  F_Median 0.436027
BSAI_flats 6 2030  F_Mean 0.429765
BSAI_flats 6 2031 F0 0 
BSAI_flats 6 2031 Fabc 0.380297
BSAI_flats 6 2031 Fofl 0.472195
BSAI_flats 6 2031  F_LCI 0.350963
BSAI_flats 6 2031  F_UCI 0.472195
BSAI_flats 6 2031  F_Median 0.432521
BSAI_flats 6 2031  F_Mean 0.427287
BSAI_flats 7 2018 Cabc 38.5606
BSAI_flats 7 2018 Cofl 42.1726
BSAI_flats 7 2018 CLCI 11.305
BSAI_flats 7 2018 CUCI 11.305
BSAI_flats 7 2018 CMedian 11.305
BSAI_flats 7 2018 CMean 11.305
BSAI_flats 7 2018 CStdn 1.66978e-13
BSAI_flats 7 2019 Cabc 38.5606
BSAI_flats 7 2019 Cofl 42.1726
BSAI_flats 7 2019 CLCI 66.6211
BSAI_flats 7 2019 CUCI 66.63
BSAI_flats 7 2019 CMedian 66.6239
BSAI_flats 7 2019 CMean 66.6245
BSAI_flats 7 2019 CStdn 0.00296326
BSAI_flats 7 2020 Cabc 38.5606
BSAI_flats 7 2020 Cofl 42.1726
BSAI_flats 7 2020 CLCI 59.5867
BSAI_flats 7 2020 CUCI 59.6759
BSAI_flats 7 2020 CMedian 59.6159
BSAI_flats 7 2020 CMean 59.6215
BSAI_flats 7 2020 CStdn 0.0296429
BSAI_flats 7 2021 Cabc 38.5606
BSAI_flats 7 2021 Cofl 42.1726
BSAI_flats 7 2021 CLCI 67.7104
BSAI_flats 7 2021 CUCI 68.2902
BSAI_flats 7 2021 CMedian 67.9077
BSAI_flats 7 2021 CMean 67.9416
BSAI_flats 7 2021 CStdn 0.195204
BSAI_flats 7 2022 Cabc 38.5606
BSAI_flats 7 2022 Cofl 42.1726
BSAI_flats 7 2022 CLCI 62.4701
BSAI_flats 7 2022 CUCI 64.3855
BSAI_flats 7 2022 CMedian 63.1618
BSAI_flats 7 2022 CMean 63.2701
BSAI_flats 7 2022 CStdn 0.652278
BSAI_flats 7 2023 Cabc 38.5606
BSAI_flats 7 2023 Cofl 42.1726
BSAI_flats 7 2023 CLCI 58.0047
BSAI_flats 7 2023 CUCI 62.5953
BSAI_flats 7 2023 CMedian 59.6787
BSAI_flats 7 2023 CMean 59.9262
BSAI_flats 7 2023 CStdn 1.53362
BSAI_flats 7 2024 Cabc 38.5606
BSAI_flats 7 2024 Cofl 42.1726
BSAI_flats 7 2024 CLCI 53.3237
BSAI_flats 7 2024 CUCI 61.6185
BSAI_flats 7 2024 CMedian 56.5317
BSAI_flats 7 2024 CMean 56.8698
BSAI_flats 7 2024 CStdn 2.76616
BSAI_flats 7 2025 Cabc 38.5606
BSAI_flats 7 2025 Cofl 42.1726
BSAI_flats 7 2025 CLCI 48.5366
BSAI_flats 7 2025 CUCI 61.1338
BSAI_flats 7 2025 CMedian 53.2925
BSAI_flats 7 2025 CMean 53.8138
BSAI_flats 7 2025 CStdn 4.0817
BSAI_flats 7 2026 Cabc 38.5606
BSAI_flats 7 2026 Cofl 42.1726
BSAI_flats 7 2026 CLCI 43.7455
BSAI_flats 7 2026 CUCI 59.9027
BSAI_flats 7 2026 CMedian 50.1828
BSAI_flats 7 2026 CMean 50.8765
BSAI_flats 7 2026 CStdn 5.27956
BSAI_flats 7 2027 Cabc 38.5606
BSAI_flats 7 2027 Cofl 42.1726
BSAI_flats 7 2027 CLCI 35.9561
BSAI_flats 7 2027 CUCI 58.9326
BSAI_flats 7 2027 CMedian 47.6015
BSAI_flats 7 2027 CMean 47.4122
BSAI_flats 7 2027 CStdn 7.12235
BSAI_flats 7 2028 Cabc 38.5606
BSAI_flats 7 2028 Cofl 42.1726
BSAI_flats 7 2028 CLCI 31.0666
BSAI_flats 7 2028 CUCI 57.6102
BSAI_flats 7 2028 CMedian 44.8339
BSAI_flats 7 2028 CMean 44.4385
BSAI_flats 7 2028 CStdn 8.27058
BSAI_flats 7 2029 Cabc 38.5606
BSAI_flats 7 2029 Cofl 42.1726
BSAI_flats 7 2029 CLCI 28.7649
BSAI_flats 7 2029 CUCI 56.2226
BSAI_flats 7 2029 CMedian 42.2648
BSAI_flats 7 2029 CMean 42.498
BSAI_flats 7 2029 CStdn 8.67289
BSAI_flats 7 2030 Cabc 38.5606
BSAI_flats 7 2030 Cofl 42.1726
BSAI_flats 7 2030 CLCI 27.5322
BSAI_flats 7 2030 CUCI 55.7922
BSAI_flats 7 2030 CMedian 40.8979
BSAI_flats 7 2030 CMean 41.3601
BSAI_flats 7 2030 CStdn 8.72489
BSAI_flats 7 2031 Cabc 38.5606
BSAI_flats 7 2031 Cofl 42.1726
BSAI_flats 7 2031 CLCI 27.4562
BSAI_flats 7 2031 CUCI 55.0633
BSAI_flats 7 2031 CMedian 40.0789
BSAI_flats 7 2031 CMean 40.7826
BSAI_flats 7 2031 CStdn 8.70025
BSAI_flats 7 2018 SSBF100 212.06
BSAI_flats 7 2018 SSBFabc 84.824
BSAI_flats 7 2018 SSBFofl 74.221
BSAI_flats 7 2018 SSBLCI 154.355
BSAI_flats 7 2018 SSBUCI 154.355
BSAI_flats 7 2018 SSBMedian 154.355
BSAI_flats 7 2018 SSBMean 154.355
BSAI_flats 7 2019 SSBF100 212.06
BSAI_flats 7 2019 SSBFabc 84.824
BSAI_flats 7 2019 SSBFofl 74.221
BSAI_flats 7 2019 SSBLCI 153.197
BSAI_flats 7 2019 SSBUCI 153.213
BSAI_flats 7 2019 SSBMedian 153.202
BSAI_flats 7 2019 SSBMean 153.203
BSAI_flats 7 2020 SSBF100 212.06
BSAI_flats 7 2020 SSBFabc 84.824
BSAI_flats 7 2020 SSBFofl 74.221
BSAI_flats 7 2020 SSBLCI 131.627
BSAI_flats 7 2020 SSBUCI 131.705
BSAI_flats 7 2020 SSBMedian 131.653
BSAI_flats 7 2020 SSBMean 131.658
BSAI_flats 7 2021 SSBF100 212.06
BSAI_flats 7 2021 SSBFabc 84.824
BSAI_flats 7 2021 SSBFofl 74.221
BSAI_flats 7 2021 SSBLCI 120.714
BSAI_flats 7 2021 SSBUCI 121.015
BSAI_flats 7 2021 SSBMedian 120.821
BSAI_flats 7 2021 SSBMean 120.838
BSAI_flats 7 2022 SSBF100 212.06
BSAI_flats 7 2022 SSBFabc 84.824
BSAI_flats 7 2022 SSBFofl 74.221
BSAI_flats 7 2022 SSBLCI 111.466
BSAI_flats 7 2022 SSBUCI 112.457
BSAI_flats 7 2022 SSBMedian 111.827
BSAI_flats 7 2022 SSBMean 111.883
BSAI_flats 7 2023 SSBF100 212.06
BSAI_flats 7 2023 SSBFabc 84.824
BSAI_flats 7 2023 SSBFofl 74.221
BSAI_flats 7 2023 SSBLCI 106.367
BSAI_flats 7 2023 SSBUCI 109.197
BSAI_flats 7 2023 SSBMedian 107.408
BSAI_flats 7 2023 SSBMean 107.554
BSAI_flats 7 2024 SSBF100 212.06
BSAI_flats 7 2024 SSBFabc 84.824
BSAI_flats 7 2024 SSBFofl 74.221
BSAI_flats 7 2024 SSBLCI 101.456
BSAI_flats 7 2024 SSBUCI 108.525
BSAI_flats 7 2024 SSBMedian 104.088
BSAI_flats 7 2024 SSBMean 104.446
BSAI_flats 7 2025 SSBF100 212.06
BSAI_flats 7 2025 SSBFabc 84.824
BSAI_flats 7 2025 SSBFofl 74.221
BSAI_flats 7 2025 SSBLCI 93.8463
BSAI_flats 7 2025 SSBUCI 108.399
BSAI_flats 7 2025 SSBMedian 99.2821
BSAI_flats 7 2025 SSBMean 100.018
BSAI_flats 7 2026 SSBF100 212.06
BSAI_flats 7 2026 SSBFabc 84.824
BSAI_flats 7 2026 SSBFofl 74.221
BSAI_flats 7 2026 SSBLCI 84.0705
BSAI_flats 7 2026 SSBUCI 108.664
BSAI_flats 7 2026 SSBMedian 93.343
BSAI_flats 7 2026 SSBMean 94.3738
BSAI_flats 7 2027 SSBF100 212.06
BSAI_flats 7 2027 SSBFabc 84.824
BSAI_flats 7 2027 SSBFofl 74.221
BSAI_flats 7 2027 SSBLCI 75.2366
BSAI_flats 7 2027 SSBUCI 106.862
BSAI_flats 7 2027 SSBMedian 87.2557
BSAI_flats 7 2027 SSBMean 88.8592
BSAI_flats 7 2028 SSBF100 212.06
BSAI_flats 7 2028 SSBFabc 84.824
BSAI_flats 7 2028 SSBFofl 74.221
BSAI_flats 7 2028 SSBLCI 69.471
BSAI_flats 7 2028 SSBUCI 105.322
BSAI_flats 7 2028 SSBMedian 82.8138
BSAI_flats 7 2028 SSBMean 84.7013
BSAI_flats 7 2029 SSBF100 212.06
BSAI_flats 7 2029 SSBFabc 84.824
BSAI_flats 7 2029 SSBFofl 74.221
BSAI_flats 7 2029 SSBLCI 66.4295
BSAI_flats 7 2029 SSBUCI 102.536
BSAI_flats 7 2029 SSBMedian 80.0515
BSAI_flats 7 2029 SSBMean 82.0208
BSAI_flats 7 2030 SSBF100 212.06
BSAI_flats 7 2030 SSBFabc 84.824
BSAI_flats 7 2030 SSBFofl 74.221
BSAI_flats 7 2030 SSBLCI 64.5273
BSAI_flats 7 2030 SSBUCI 100.323
BSAI_flats 7 2030 SSBMedian 78.7138
BSAI_flats 7 2030 SSBMean 80.4274
BSAI_flats 7 2031 SSBF100 212.06
BSAI_flats 7 2031 SSBFabc 84.824
BSAI_flats 7 2031 SSBFofl 74.221
BSAI_flats 7 2031 SSBLCI 64.1563
BSAI_flats 7 2031 SSBUCI 99.6644
BSAI_flats 7 2031 SSBMedian 78.0625
BSAI_flats 7 2031 SSBMean 79.5737
BSAI_flats 7 2018 F0 0 
BSAI_flats 7 2018 Fabc 0.380297
BSAI_flats 7 2018 Fofl 0.472195
BSAI_flats 7 2018  F_LCI 0.0603301
BSAI_flats 7 2018  F_UCI 0.0603301
BSAI_flats 7 2018  F_Median 0.0603301
BSAI_flats 7 2018  F_Mean 0.0603301
BSAI_flats 7 2019 F0 0 
BSAI_flats 7 2019 Fabc 0.380297
BSAI_flats 7 2019 Fofl 0.472195
BSAI_flats 7 2019  F_LCI 0.380297
BSAI_flats 7 2019  F_UCI 0.380297
BSAI_flats 7 2019  F_Median 0.380297
BSAI_flats 7 2019  F_Mean 0.380297
BSAI_flats 7 2020 F0 0 
BSAI_flats 7 2020 Fabc 0.380297
BSAI_flats 7 2020 Fofl 0.472195
BSAI_flats 7 2020  F_LCI 0.380297
BSAI_flats 7 2020  F_UCI 0.380297
BSAI_flats 7 2020  F_Median 0.380297
BSAI_flats 7 2020  F_Mean 0.380297
BSAI_flats 7 2021 F0 0 
BSAI_flats 7 2021 Fabc 0.380297
BSAI_flats 7 2021 Fofl 0.472195
BSAI_flats 7 2021  F_LCI 0.472195
BSAI_flats 7 2021  F_UCI 0.472195
BSAI_flats 7 2021  F_Median 0.472195
BSAI_flats 7 2021  F_Mean 0.472195
BSAI_flats 7 2022 F0 0 
BSAI_flats 7 2022 Fabc 0.380297
BSAI_flats 7 2022 Fofl 0.472195
BSAI_flats 7 2022  F_LCI 0.472195
BSAI_flats 7 2022  F_UCI 0.472195
BSAI_flats 7 2022  F_Median 0.472195
BSAI_flats 7 2022  F_Mean 0.472195
BSAI_flats 7 2023 F0 0 
BSAI_flats 7 2023 Fabc 0.380297
BSAI_flats 7 2023 Fofl 0.472195
BSAI_flats 7 2023  F_LCI 0.472195
BSAI_flats 7 2023  F_UCI 0.472195
BSAI_flats 7 2023  F_Median 0.472195
BSAI_flats 7 2023  F_Mean 0.472195
BSAI_flats 7 2024 F0 0 
BSAI_flats 7 2024 Fabc 0.380297
BSAI_flats 7 2024 Fofl 0.472195
BSAI_flats 7 2024  F_LCI 0.472195
BSAI_flats 7 2024  F_UCI 0.472195
BSAI_flats 7 2024  F_Median 0.472195
BSAI_flats 7 2024  F_Mean 0.472195
BSAI_flats 7 2025 F0 0 
BSAI_flats 7 2025 Fabc 0.380297
BSAI_flats 7 2025 Fofl 0.472195
BSAI_flats 7 2025  F_LCI 0.472195
BSAI_flats 7 2025  F_UCI 0.472195
BSAI_flats 7 2025  F_Median 0.472195
BSAI_flats 7 2025  F_Mean 0.472195
BSAI_flats 7 2026 F0 0 
BSAI_flats 7 2026 Fabc 0.380297
BSAI_flats 7 2026 Fofl 0.472195
BSAI_flats 7 2026  F_LCI 0.46778
BSAI_flats 7 2026  F_UCI 0.472195
BSAI_flats 7 2026  F_Median 0.472195
BSAI_flats 7 2026  F_Mean 0.47157
BSAI_flats 7 2027 F0 0 
BSAI_flats 7 2027 Fabc 0.380297
BSAI_flats 7 2027 Fofl 0.472195
BSAI_flats 7 2027  F_LCI 0.416015
BSAI_flats 7 2027  F_UCI 0.472195
BSAI_flats 7 2027  F_Median 0.472195
BSAI_flats 7 2027  F_Mean 0.459838
BSAI_flats 7 2028 F0 0 
BSAI_flats 7 2028 Fabc 0.380297
BSAI_flats 7 2028 Fofl 0.472195
BSAI_flats 7 2028  F_LCI 0.382231
BSAI_flats 7 2028  F_UCI 0.472195
BSAI_flats 7 2028  F_Median 0.460416
BSAI_flats 7 2028  F_Mean 0.445521
BSAI_flats 7 2029 F0 0 
BSAI_flats 7 2029 Fabc 0.380297
BSAI_flats 7 2029 Fofl 0.472195
BSAI_flats 7 2029  F_LCI 0.364408
BSAI_flats 7 2029  F_UCI 0.472195
BSAI_flats 7 2029  F_Median 0.444229
BSAI_flats 7 2029  F_Mean 0.435714
BSAI_flats 7 2030 F0 0 
BSAI_flats 7 2030 Fabc 0.380297
BSAI_flats 7 2030 Fofl 0.472195
BSAI_flats 7 2030  F_LCI 0.353262
BSAI_flats 7 2030  F_UCI 0.472195
BSAI_flats 7 2030  F_Median 0.436391
BSAI_flats 7 2030  F_Mean 0.430004
BSAI_flats 7 2031 F0 0 
BSAI_flats 7 2031 Fabc 0.380297
BSAI_flats 7 2031 Fofl 0.472195
BSAI_flats 7 2031  F_LCI 0.351088
BSAI_flats 7 2031  F_UCI 0.472195
BSAI_flats 7 2031  F_Median 0.432575
BSAI_flats 7 2031  F_Mean 0.42735
