Model_Proj.dat 1 2018 Cabc 36274.9
Model_Proj.dat 1 2018 Cofl 39567.8
Model_Proj.dat 1 2018 CLCI 11006.6
Model_Proj.dat 1 2018 CUCI 11006.6
Model_Proj.dat 1 2018 CMedian 11006.6
Model_Proj.dat 1 2018 CMean 11006.6
Model_Proj.dat 1 2018 CStdn 1.63709e-11
Model_Proj.dat 1 2019 Cabc 36274.9
Model_Proj.dat 1 2019 Cofl 39567.8
Model_Proj.dat 1 2019 CLCI 15858.1
Model_Proj.dat 1 2019 CUCI 15858.1
Model_Proj.dat 1 2019 CMedian 15858.1
Model_Proj.dat 1 2019 CMean 15858.1
Model_Proj.dat 1 2019 CStdn 2.58763e-06
Model_Proj.dat 1 2020 Cabc 36274.9
Model_Proj.dat 1 2020 Cofl 39567.8
Model_Proj.dat 1 2020 CLCI 8555.53
Model_Proj.dat 1 2020 CUCI 8555.53
Model_Proj.dat 1 2020 CMedian 8555.53
Model_Proj.dat 1 2020 CMean 8555.53
Model_Proj.dat 1 2020 CStdn 6.13624e-06
Model_Proj.dat 1 2018 SSBF100 208563
Model_Proj.dat 1 2018 SSBFabc 83425.1
Model_Proj.dat 1 2018 SSBFofl 72997
Model_Proj.dat 1 2018 SSBLCI 151492
Model_Proj.dat 1 2018 SSBUCI 151492
Model_Proj.dat 1 2018 SSBMedian 151492
Model_Proj.dat 1 2018 SSBMean 151492
Model_Proj.dat 1 2019 SSBF100 208563
Model_Proj.dat 1 2019 SSBFabc 83425.1
Model_Proj.dat 1 2019 SSBFofl 72997
Model_Proj.dat 1 2019 SSBLCI 149044
Model_Proj.dat 1 2019 SSBUCI 149055
Model_Proj.dat 1 2019 SSBMedian 149049
Model_Proj.dat 1 2019 SSBMean 149049
Model_Proj.dat 1 2020 SSBF100 208563
Model_Proj.dat 1 2020 SSBFabc 83425.1
Model_Proj.dat 1 2020 SSBFofl 72997
Model_Proj.dat 1 2020 SSBLCI 147600
Model_Proj.dat 1 2020 SSBUCI 147665
Model_Proj.dat 1 2020 SSBMedian 147624
Model_Proj.dat 1 2020 SSBMean 147627
Model_Proj.dat 1 2018 F0 0 
Model_Proj.dat 1 2018 Fabc 0.35503
Model_Proj.dat 1 2018 Fofl 0.439958
Model_Proj.dat 1 2018  F_LCI 0.058845
Model_Proj.dat 1 2018  F_UCI 0.058845
Model_Proj.dat 1 2018  F_Median 0.058845
Model_Proj.dat 1 2018  F_Mean 0.058845
Model_Proj.dat 1 2019 F0 0 
Model_Proj.dat 1 2019 Fabc 0.35503
Model_Proj.dat 1 2019 Fofl 0.439958
Model_Proj.dat 1 2019  F_LCI 0.0852474
Model_Proj.dat 1 2019  F_UCI 0.0852566
Model_Proj.dat 1 2019  F_Median 0.0852536
Model_Proj.dat 1 2019  F_Mean 0.0852531
Model_Proj.dat 1 2020 F0 0 
Model_Proj.dat 1 2020 Fabc 0.35503
Model_Proj.dat 1 2020 Fofl 0.439958
Model_Proj.dat 1 2020  F_LCI 0.0453077
Model_Proj.dat 1 2020  F_UCI 0.0453546
Model_Proj.dat 1 2020  F_Median 0.0453393
Model_Proj.dat 1 2020  F_Mean 0.0453367
Model_Proj.dat 2 2018 Cabc 36274.9
Model_Proj.dat 2 2018 Cofl 39567.8
Model_Proj.dat 2 2018 CLCI 11006.6
Model_Proj.dat 2 2018 CUCI 11006.6
Model_Proj.dat 2 2018 CMedian 11006.6
Model_Proj.dat 2 2018 CMean 11006.6
Model_Proj.dat 2 2018 CStdn 1.63709e-11
Model_Proj.dat 2 2019 Cabc 36274.9
Model_Proj.dat 2 2019 Cofl 39567.8
Model_Proj.dat 2 2019 CLCI 15858.1
Model_Proj.dat 2 2019 CUCI 15858.1
Model_Proj.dat 2 2019 CMedian 15858.1
Model_Proj.dat 2 2019 CMean 15858.1
Model_Proj.dat 2 2019 CStdn 2.58763e-06
Model_Proj.dat 2 2020 Cabc 36274.9
Model_Proj.dat 2 2020 Cofl 39567.8
Model_Proj.dat 2 2020 CLCI 8555.53
Model_Proj.dat 2 2020 CUCI 8555.53
Model_Proj.dat 2 2020 CMedian 8555.53
Model_Proj.dat 2 2020 CMean 8555.53
Model_Proj.dat 2 2020 CStdn 6.13624e-06
Model_Proj.dat 2 2018 SSBF100 208563
Model_Proj.dat 2 2018 SSBFabc 83425.1
Model_Proj.dat 2 2018 SSBFofl 72997
Model_Proj.dat 2 2018 SSBLCI 151492
Model_Proj.dat 2 2018 SSBUCI 151492
Model_Proj.dat 2 2018 SSBMedian 151492
Model_Proj.dat 2 2018 SSBMean 151492
Model_Proj.dat 2 2019 SSBF100 208563
Model_Proj.dat 2 2019 SSBFabc 83425.1
Model_Proj.dat 2 2019 SSBFofl 72997
Model_Proj.dat 2 2019 SSBLCI 149044
Model_Proj.dat 2 2019 SSBUCI 149055
Model_Proj.dat 2 2019 SSBMedian 149049
Model_Proj.dat 2 2019 SSBMean 149049
Model_Proj.dat 2 2020 SSBF100 208563
Model_Proj.dat 2 2020 SSBFabc 83425.1
Model_Proj.dat 2 2020 SSBFofl 72997
Model_Proj.dat 2 2020 SSBLCI 147600
Model_Proj.dat 2 2020 SSBUCI 147665
Model_Proj.dat 2 2020 SSBMedian 147624
Model_Proj.dat 2 2020 SSBMean 147627
Model_Proj.dat 2 2018 F0 0 
Model_Proj.dat 2 2018 Fabc 0.35503
Model_Proj.dat 2 2018 Fofl 0.439958
Model_Proj.dat 2 2018  F_LCI 0.058845
Model_Proj.dat 2 2018  F_UCI 0.058845
Model_Proj.dat 2 2018  F_Median 0.058845
Model_Proj.dat 2 2018  F_Mean 0.058845
Model_Proj.dat 2 2019 F0 0 
Model_Proj.dat 2 2019 Fabc 0.35503
Model_Proj.dat 2 2019 Fofl 0.439958
Model_Proj.dat 2 2019  F_LCI 0.0852474
Model_Proj.dat 2 2019  F_UCI 0.0852566
Model_Proj.dat 2 2019  F_Median 0.0852536
Model_Proj.dat 2 2019  F_Mean 0.0852531
Model_Proj.dat 2 2020 F0 0 
Model_Proj.dat 2 2020 Fabc 0.35503
Model_Proj.dat 2 2020 Fofl 0.439958
Model_Proj.dat 2 2020  F_LCI 0.0453077
Model_Proj.dat 2 2020  F_UCI 0.0453546
Model_Proj.dat 2 2020  F_Median 0.0453393
Model_Proj.dat 2 2020  F_Mean 0.0453367
Model_Proj.dat 3 2018 Cabc 36274.9
Model_Proj.dat 3 2018 Cofl 39567.8
Model_Proj.dat 3 2018 CLCI 11006.6
Model_Proj.dat 3 2018 CUCI 11006.6
Model_Proj.dat 3 2018 CMedian 11006.6
Model_Proj.dat 3 2018 CMean 11006.6
Model_Proj.dat 3 2018 CStdn 1.63709e-11
Model_Proj.dat 3 2019 Cabc 36274.9
Model_Proj.dat 3 2019 Cofl 39567.8
Model_Proj.dat 3 2019 CLCI 15858.1
Model_Proj.dat 3 2019 CUCI 15858.1
Model_Proj.dat 3 2019 CMedian 15858.1
Model_Proj.dat 3 2019 CMean 15858.1
Model_Proj.dat 3 2019 CStdn 2.58763e-06
Model_Proj.dat 3 2020 Cabc 36274.9
Model_Proj.dat 3 2020 Cofl 39567.8
Model_Proj.dat 3 2020 CLCI 8555.53
Model_Proj.dat 3 2020 CUCI 8555.53
Model_Proj.dat 3 2020 CMedian 8555.53
Model_Proj.dat 3 2020 CMean 8555.53
Model_Proj.dat 3 2020 CStdn 6.13624e-06
Model_Proj.dat 3 2018 SSBF100 208563
Model_Proj.dat 3 2018 SSBFabc 83425.1
Model_Proj.dat 3 2018 SSBFofl 72997
Model_Proj.dat 3 2018 SSBLCI 151492
Model_Proj.dat 3 2018 SSBUCI 151492
Model_Proj.dat 3 2018 SSBMedian 151492
Model_Proj.dat 3 2018 SSBMean 151492
Model_Proj.dat 3 2019 SSBF100 208563
Model_Proj.dat 3 2019 SSBFabc 83425.1
Model_Proj.dat 3 2019 SSBFofl 72997
Model_Proj.dat 3 2019 SSBLCI 149044
Model_Proj.dat 3 2019 SSBUCI 149055
Model_Proj.dat 3 2019 SSBMedian 149049
Model_Proj.dat 3 2019 SSBMean 149049
Model_Proj.dat 3 2020 SSBF100 208563
Model_Proj.dat 3 2020 SSBFabc 83425.1
Model_Proj.dat 3 2020 SSBFofl 72997
Model_Proj.dat 3 2020 SSBLCI 147600
Model_Proj.dat 3 2020 SSBUCI 147665
Model_Proj.dat 3 2020 SSBMedian 147624
Model_Proj.dat 3 2020 SSBMean 147627
Model_Proj.dat 3 2018 F0 0 
Model_Proj.dat 3 2018 Fabc 0.35503
Model_Proj.dat 3 2018 Fofl 0.439958
Model_Proj.dat 3 2018  F_LCI 0.058845
Model_Proj.dat 3 2018  F_UCI 0.058845
Model_Proj.dat 3 2018  F_Median 0.058845
Model_Proj.dat 3 2018  F_Mean 0.058845
Model_Proj.dat 3 2019 F0 0 
Model_Proj.dat 3 2019 Fabc 0.35503
Model_Proj.dat 3 2019 Fofl 0.439958
Model_Proj.dat 3 2019  F_LCI 0.0852474
Model_Proj.dat 3 2019  F_UCI 0.0852566
Model_Proj.dat 3 2019  F_Median 0.0852536
Model_Proj.dat 3 2019  F_Mean 0.0852531
Model_Proj.dat 3 2020 F0 0 
Model_Proj.dat 3 2020 Fabc 0.35503
Model_Proj.dat 3 2020 Fofl 0.439958
Model_Proj.dat 3 2020  F_LCI 0.0453077
Model_Proj.dat 3 2020  F_UCI 0.0453546
Model_Proj.dat 3 2020  F_Median 0.0453393
Model_Proj.dat 3 2020  F_Mean 0.0453367
Model_Proj.dat 4 2018 Cabc 36274.9
Model_Proj.dat 4 2018 Cofl 39567.8
Model_Proj.dat 4 2018 CLCI 11006.6
Model_Proj.dat 4 2018 CUCI 11006.6
Model_Proj.dat 4 2018 CMedian 11006.6
Model_Proj.dat 4 2018 CMean 11006.6
Model_Proj.dat 4 2018 CStdn 1.63709e-11
Model_Proj.dat 4 2019 Cabc 36274.9
Model_Proj.dat 4 2019 Cofl 39567.8
Model_Proj.dat 4 2019 CLCI 15858.1
Model_Proj.dat 4 2019 CUCI 15858.1
Model_Proj.dat 4 2019 CMedian 15858.1
Model_Proj.dat 4 2019 CMean 15858.1
Model_Proj.dat 4 2019 CStdn 2.58763e-06
Model_Proj.dat 4 2020 Cabc 36274.9
Model_Proj.dat 4 2020 Cofl 39567.8
Model_Proj.dat 4 2020 CLCI 8555.53
Model_Proj.dat 4 2020 CUCI 8555.53
Model_Proj.dat 4 2020 CMedian 8555.53
Model_Proj.dat 4 2020 CMean 8555.53
Model_Proj.dat 4 2020 CStdn 6.13624e-06
Model_Proj.dat 4 2018 SSBF100 208563
Model_Proj.dat 4 2018 SSBFabc 83425.1
Model_Proj.dat 4 2018 SSBFofl 72997
Model_Proj.dat 4 2018 SSBLCI 151492
Model_Proj.dat 4 2018 SSBUCI 151492
Model_Proj.dat 4 2018 SSBMedian 151492
Model_Proj.dat 4 2018 SSBMean 151492
Model_Proj.dat 4 2019 SSBF100 208563
Model_Proj.dat 4 2019 SSBFabc 83425.1
Model_Proj.dat 4 2019 SSBFofl 72997
Model_Proj.dat 4 2019 SSBLCI 149044
Model_Proj.dat 4 2019 SSBUCI 149055
Model_Proj.dat 4 2019 SSBMedian 149049
Model_Proj.dat 4 2019 SSBMean 149049
Model_Proj.dat 4 2020 SSBF100 208563
Model_Proj.dat 4 2020 SSBFabc 83425.1
Model_Proj.dat 4 2020 SSBFofl 72997
Model_Proj.dat 4 2020 SSBLCI 147600
Model_Proj.dat 4 2020 SSBUCI 147665
Model_Proj.dat 4 2020 SSBMedian 147624
Model_Proj.dat 4 2020 SSBMean 147627
Model_Proj.dat 4 2018 F0 0 
Model_Proj.dat 4 2018 Fabc 0.35503
Model_Proj.dat 4 2018 Fofl 0.439958
Model_Proj.dat 4 2018  F_LCI 0.058845
Model_Proj.dat 4 2018  F_UCI 0.058845
Model_Proj.dat 4 2018  F_Median 0.058845
Model_Proj.dat 4 2018  F_Mean 0.058845
Model_Proj.dat 4 2019 F0 0 
Model_Proj.dat 4 2019 Fabc 0.35503
Model_Proj.dat 4 2019 Fofl 0.439958
Model_Proj.dat 4 2019  F_LCI 0.0852474
Model_Proj.dat 4 2019  F_UCI 0.0852566
Model_Proj.dat 4 2019  F_Median 0.0852536
Model_Proj.dat 4 2019  F_Mean 0.0852531
Model_Proj.dat 4 2020 F0 0 
Model_Proj.dat 4 2020 Fabc 0.35503
Model_Proj.dat 4 2020 Fofl 0.439958
Model_Proj.dat 4 2020  F_LCI 0.0453077
Model_Proj.dat 4 2020  F_UCI 0.0453546
Model_Proj.dat 4 2020  F_Median 0.0453393
Model_Proj.dat 4 2020  F_Mean 0.0453367
Model_Proj.dat 5 2018 Cabc 36274.9
Model_Proj.dat 5 2018 Cofl 39567.8
Model_Proj.dat 5 2018 CLCI 11006.6
Model_Proj.dat 5 2018 CUCI 11006.6
Model_Proj.dat 5 2018 CMedian 11006.6
Model_Proj.dat 5 2018 CMean 11006.6
Model_Proj.dat 5 2018 CStdn 1.63709e-11
Model_Proj.dat 5 2019 Cabc 36274.9
Model_Proj.dat 5 2019 Cofl 39567.8
Model_Proj.dat 5 2019 CLCI 15858.1
Model_Proj.dat 5 2019 CUCI 15858.1
Model_Proj.dat 5 2019 CMedian 15858.1
Model_Proj.dat 5 2019 CMean 15858.1
Model_Proj.dat 5 2019 CStdn 2.58763e-06
Model_Proj.dat 5 2020 Cabc 36274.9
Model_Proj.dat 5 2020 Cofl 39567.8
Model_Proj.dat 5 2020 CLCI 8555.53
Model_Proj.dat 5 2020 CUCI 8555.53
Model_Proj.dat 5 2020 CMedian 8555.53
Model_Proj.dat 5 2020 CMean 8555.53
Model_Proj.dat 5 2020 CStdn 6.13624e-06
Model_Proj.dat 5 2018 SSBF100 208563
Model_Proj.dat 5 2018 SSBFabc 83425.1
Model_Proj.dat 5 2018 SSBFofl 72997
Model_Proj.dat 5 2018 SSBLCI 151492
Model_Proj.dat 5 2018 SSBUCI 151492
Model_Proj.dat 5 2018 SSBMedian 151492
Model_Proj.dat 5 2018 SSBMean 151492
Model_Proj.dat 5 2019 SSBF100 208563
Model_Proj.dat 5 2019 SSBFabc 83425.1
Model_Proj.dat 5 2019 SSBFofl 72997
Model_Proj.dat 5 2019 SSBLCI 149044
Model_Proj.dat 5 2019 SSBUCI 149055
Model_Proj.dat 5 2019 SSBMedian 149049
Model_Proj.dat 5 2019 SSBMean 149049
Model_Proj.dat 5 2020 SSBF100 208563
Model_Proj.dat 5 2020 SSBFabc 83425.1
Model_Proj.dat 5 2020 SSBFofl 72997
Model_Proj.dat 5 2020 SSBLCI 147600
Model_Proj.dat 5 2020 SSBUCI 147665
Model_Proj.dat 5 2020 SSBMedian 147624
Model_Proj.dat 5 2020 SSBMean 147627
Model_Proj.dat 5 2018 F0 0 
Model_Proj.dat 5 2018 Fabc 0.35503
Model_Proj.dat 5 2018 Fofl 0.439958
Model_Proj.dat 5 2018  F_LCI 0.058845
Model_Proj.dat 5 2018  F_UCI 0.058845
Model_Proj.dat 5 2018  F_Median 0.058845
Model_Proj.dat 5 2018  F_Mean 0.058845
Model_Proj.dat 5 2019 F0 0 
Model_Proj.dat 5 2019 Fabc 0.35503
Model_Proj.dat 5 2019 Fofl 0.439958
Model_Proj.dat 5 2019  F_LCI 0.0852474
Model_Proj.dat 5 2019  F_UCI 0.0852566
Model_Proj.dat 5 2019  F_Median 0.0852536
Model_Proj.dat 5 2019  F_Mean 0.0852531
Model_Proj.dat 5 2020 F0 0 
Model_Proj.dat 5 2020 Fabc 0.35503
Model_Proj.dat 5 2020 Fofl 0.439958
Model_Proj.dat 5 2020  F_LCI 0.0453077
Model_Proj.dat 5 2020  F_UCI 0.0453546
Model_Proj.dat 5 2020  F_Median 0.0453393
Model_Proj.dat 5 2020  F_Mean 0.0453367
Model_Proj.dat 6 2018 Cabc 36274.9
Model_Proj.dat 6 2018 Cofl 39567.8
Model_Proj.dat 6 2018 CLCI 11006.6
Model_Proj.dat 6 2018 CUCI 11006.6
Model_Proj.dat 6 2018 CMedian 11006.6
Model_Proj.dat 6 2018 CMean 11006.6
Model_Proj.dat 6 2018 CStdn 1.63709e-11
Model_Proj.dat 6 2019 Cabc 36274.9
Model_Proj.dat 6 2019 Cofl 39567.8
Model_Proj.dat 6 2019 CLCI 74528.7
Model_Proj.dat 6 2019 CUCI 74536.5
Model_Proj.dat 6 2019 CMedian 74531.7
Model_Proj.dat 6 2019 CMean 74532.1
Model_Proj.dat 6 2019 CStdn 2.83662
Model_Proj.dat 6 2020 Cabc 36274.9
Model_Proj.dat 6 2020 Cofl 39567.8
Model_Proj.dat 6 2020 CLCI 63392.3
Model_Proj.dat 6 2020 CUCI 63473.6
Model_Proj.dat 6 2020 CMedian 63419.9
Model_Proj.dat 6 2020 CMean 63425
Model_Proj.dat 6 2020 CStdn 27.236
Model_Proj.dat 6 2018 SSBF100 208563
Model_Proj.dat 6 2018 SSBFabc 83425.1
Model_Proj.dat 6 2018 SSBFofl 72997
Model_Proj.dat 6 2018 SSBLCI 151492
Model_Proj.dat 6 2018 SSBUCI 151492
Model_Proj.dat 6 2018 SSBMedian 151492
Model_Proj.dat 6 2018 SSBMean 151492
Model_Proj.dat 6 2019 SSBF100 208563
Model_Proj.dat 6 2019 SSBFabc 83425.1
Model_Proj.dat 6 2019 SSBFofl 72997
Model_Proj.dat 6 2019 SSBLCI 149044
Model_Proj.dat 6 2019 SSBUCI 149055
Model_Proj.dat 6 2019 SSBMedian 149049
Model_Proj.dat 6 2019 SSBMean 149049
Model_Proj.dat 6 2020 SSBF100 208563
Model_Proj.dat 6 2020 SSBFabc 83425.1
Model_Proj.dat 6 2020 SSBFofl 72997
Model_Proj.dat 6 2020 SSBLCI 121064
Model_Proj.dat 6 2020 SSBUCI 121127
Model_Proj.dat 6 2020 SSBMedian 121087
Model_Proj.dat 6 2020 SSBMean 121091
Model_Proj.dat 6 2018 F0 0 
Model_Proj.dat 6 2018 Fabc 0.35503
Model_Proj.dat 6 2018 Fofl 0.439958
Model_Proj.dat 6 2018  F_LCI 0.058845
Model_Proj.dat 6 2018  F_UCI 0.058845
Model_Proj.dat 6 2018  F_Median 0.058845
Model_Proj.dat 6 2018  F_Mean 0.058845
Model_Proj.dat 6 2019 F0 0 
Model_Proj.dat 6 2019 Fabc 0.35503
Model_Proj.dat 6 2019 Fofl 0.439958
Model_Proj.dat 6 2019  F_LCI 0.439957
Model_Proj.dat 6 2019  F_UCI 0.439957
Model_Proj.dat 6 2019  F_Median 0.439957
Model_Proj.dat 6 2019  F_Mean 0.439957
Model_Proj.dat 6 2020 F0 0 
Model_Proj.dat 6 2020 Fabc 0.35503
Model_Proj.dat 6 2020 Fofl 0.439958
Model_Proj.dat 6 2020  F_LCI 0.439957
Model_Proj.dat 6 2020  F_UCI 0.439957
Model_Proj.dat 6 2020  F_Median 0.439957
Model_Proj.dat 6 2020  F_Mean 0.439957
Model_Proj.dat 7 2018 Cabc 36274.9
Model_Proj.dat 7 2018 Cofl 39567.8
Model_Proj.dat 7 2018 CLCI 11006.6
Model_Proj.dat 7 2018 CUCI 11006.6
Model_Proj.dat 7 2018 CMedian 11006.6
Model_Proj.dat 7 2018 CMean 11006.6
Model_Proj.dat 7 2018 CStdn 1.63709e-11
Model_Proj.dat 7 2019 Cabc 36274.9
Model_Proj.dat 7 2019 Cofl 39567.8
Model_Proj.dat 7 2019 CLCI 61473.2
Model_Proj.dat 7 2019 CUCI 61479.5
Model_Proj.dat 7 2019 CMedian 61475.6
Model_Proj.dat 7 2019 CMean 61475.9
Model_Proj.dat 7 2019 CStdn 2.28913
Model_Proj.dat 7 2020 Cabc 36274.9
Model_Proj.dat 7 2020 Cofl 39567.8
Model_Proj.dat 7 2020 CLCI 54316.5
Model_Proj.dat 7 2020 CUCI 54382.1
Model_Proj.dat 7 2020 CMedian 54338.8
Model_Proj.dat 7 2020 CMean 54342.9
Model_Proj.dat 7 2020 CStdn 21.9845
Model_Proj.dat 7 2018 SSBF100 208563
Model_Proj.dat 7 2018 SSBFabc 83425.1
Model_Proj.dat 7 2018 SSBFofl 72997
Model_Proj.dat 7 2018 SSBLCI 151492
Model_Proj.dat 7 2018 SSBUCI 151492
Model_Proj.dat 7 2018 SSBMedian 151492
Model_Proj.dat 7 2018 SSBMean 151492
Model_Proj.dat 7 2019 SSBF100 208563
Model_Proj.dat 7 2019 SSBFabc 83425.1
Model_Proj.dat 7 2019 SSBFofl 72997
Model_Proj.dat 7 2019 SSBLCI 149044
Model_Proj.dat 7 2019 SSBUCI 149055
Model_Proj.dat 7 2019 SSBMedian 149049
Model_Proj.dat 7 2019 SSBMean 149049
Model_Proj.dat 7 2020 SSBF100 208563
Model_Proj.dat 7 2020 SSBFabc 83425.1
Model_Proj.dat 7 2020 SSBFofl 72997
Model_Proj.dat 7 2020 SSBLCI 126845
Model_Proj.dat 7 2020 SSBUCI 126908
Model_Proj.dat 7 2020 SSBMedian 126868
Model_Proj.dat 7 2020 SSBMean 126872
Model_Proj.dat 7 2018 F0 0 
Model_Proj.dat 7 2018 Fabc 0.35503
Model_Proj.dat 7 2018 Fofl 0.439958
Model_Proj.dat 7 2018  F_LCI 0.058845
Model_Proj.dat 7 2018  F_UCI 0.058845
Model_Proj.dat 7 2018  F_Median 0.058845
Model_Proj.dat 7 2018  F_Mean 0.058845
Model_Proj.dat 7 2019 F0 0 
Model_Proj.dat 7 2019 Fabc 0.35503
Model_Proj.dat 7 2019 Fofl 0.439958
Model_Proj.dat 7 2019  F_LCI 0.35503
Model_Proj.dat 7 2019  F_UCI 0.35503
Model_Proj.dat 7 2019  F_Median 0.35503
Model_Proj.dat 7 2019  F_Mean 0.35503
Model_Proj.dat 7 2020 F0 0 
Model_Proj.dat 7 2020 Fabc 0.35503
Model_Proj.dat 7 2020 Fofl 0.439958
Model_Proj.dat 7 2020  F_LCI 0.35503
Model_Proj.dat 7 2020  F_UCI 0.35503
Model_Proj.dat 7 2020  F_Median 0.35503
Model_Proj.dat 7 2020  F_Mean 0.35503
