
SB0 SB40 SB35 MeanRec HarMeanRec Bnow
191035 76414.1 66862.4 435854 344712 155439 
CV Recruit
0.514196 
Alternative 1 Alternative  Stock: Model_Proj.dat
Catch Model_Proj.dat
Year C0 Cabc Cofl LowCI_Catch Median_Catch Mean_Catch UpperCI_Catch Stdev_Catch 
2012  0 33964 37051.5 11367.5 11367.5 11367.5 11367.5 9.09495e-12 
2013  0 33964 37051.5 17354.8 17354.8 17354.8 17354.8 1.81186e-05 
2014  0 33964 37051.5 16512.3 16512.3 16512.3 16512.3 0.00752071 
2015  0 33964 37051.5 11307.5 11307.5 11307.5 11307.5 0.000320732 
2016  0 33964 37051.5 10312.9 10312.9 10312.9 10312.9 0.000929645 

Spawning_Biomass Model_Proj.dat
Year SSB100 SSBabc SSBofl LowCI_SSB Median_SSB Mean_SSB UpperCI_SSB Stdev_SSB 
2012 191035 76414.1 66862.4 155439 155439 155439 155439 0 
2013 191035 76414.1 66862.4 156090 156095 156095 156101 3.81516 
2014 191035 76414.1 66862.4 150224 150249 150252 150283 20.6961 
2015 191035 76414.1 66862.4 142284 142388 142401 142530 83.5801 
2016 191035 76414.1 66862.4 136139 136490 136536 136977 279.137 

Fishing_mortalityModel_Proj.dat
Year F0 Fabc Fofl LowCI_F Median_F Mean_F UpperCI_F Stdev_F 
2012  0 0.383378 0.474532 0.063905 0.063905 0.063905 0.063905 1.38778e-17 
2013  0 0.383378 0.474532 0.0999198 0.0999297 0.0999287 0.0999355 5.45695e-06 
2014  0 0.383378 0.474532 0.0991169 0.0992015 0.0991913 0.0992506 4.73032e-05 
2015  0 0.383378 0.474532 0.0702861 0.0705896 0.0705647 0.0707867 0.000165269 
2016  0 0.383378 0.474532 0.0652449 0.0662135 0.0661369 0.0668035 0.000497306 

Total_BiomassModel_Proj.dat
Year B100 Babc Bofl LowCI_Biom Median_Biom Mean_Biom UpperCI_Biom Stdev_Biom 
2012 1.22421e+06 406234 386575 501407 501407 501407 501407 1.10595e-09 
2013 1.22421e+06 406234 386575 482490 489938 491221 501598 6898.3 
2014 1.22421e+06 406234 386575 459081 478562 480150 506945 14516.7 
2015 1.22421e+06 406234 386575 439990 471144 473515 509193 22594.5 
2016 1.22421e+06 406234 386575 431579 473345 473714 526409 30530.9 
Alternative 2 Alternative  Stock: Model_Proj.dat
Catch Model_Proj.dat
Year C0 Cabc Cofl LowCI_Catch Median_Catch Mean_Catch UpperCI_Catch Stdev_Catch 
2012  0 33964 37051.5 11367.5 11367.5 11367.5 11367.5 9.09495e-12 
2013  0 33964 37051.5 17354.8 17354.8 17354.8 17354.8 1.81186e-05 
2014  0 33964 37051.5 16512.3 16512.3 16512.3 16512.3 0.00752071 
2015  0 33964 37051.5 11307.5 11307.5 11307.5 11307.5 0.000320732 
2016  0 33964 37051.5 10312.9 10312.9 10312.9 10312.9 0.000929645 

Spawning_Biomass Model_Proj.dat
Year SSB100 SSBabc SSBofl LowCI_SSB Median_SSB Mean_SSB UpperCI_SSB Stdev_SSB 
2012 191035 76414.1 66862.4 155439 155439 155439 155439 0 
2013 191035 76414.1 66862.4 156090 156095 156095 156101 3.81516 
2014 191035 76414.1 66862.4 150224 150249 150252 150283 20.6961 
2015 191035 76414.1 66862.4 142284 142388 142401 142530 83.5801 
2016 191035 76414.1 66862.4 136139 136490 136536 136977 279.137 

Fishing_mortalityModel_Proj.dat
Year F0 Fabc Fofl LowCI_F Median_F Mean_F UpperCI_F Stdev_F 
2012  0 0.383378 0.474532 0.063905 0.063905 0.063905 0.063905 1.38778e-17 
2013  0 0.383378 0.474532 0.0999198 0.0999297 0.0999287 0.0999355 5.45695e-06 
2014  0 0.383378 0.474532 0.0991169 0.0992015 0.0991913 0.0992506 4.73032e-05 
2015  0 0.383378 0.474532 0.0702861 0.0705896 0.0705647 0.0707867 0.000165269 
2016  0 0.383378 0.474532 0.0652449 0.0662135 0.0661369 0.0668035 0.000497306 

Total_BiomassModel_Proj.dat
Year B100 Babc Bofl LowCI_Biom Median_Biom Mean_Biom UpperCI_Biom Stdev_Biom 
2012 1.22421e+06 406234 386575 501407 501407 501407 501407 1.10595e-09 
2013 1.22421e+06 406234 386575 482490 489938 491221 501598 6898.3 
2014 1.22421e+06 406234 386575 459081 478562 480150 506945 14516.7 
2015 1.22421e+06 406234 386575 439990 471144 473515 509193 22594.5 
2016 1.22421e+06 406234 386575 431579 473345 473714 526409 30530.9 
Alternative 3 Alternative  Stock: Model_Proj.dat
Catch Model_Proj.dat
Year C0 Cabc Cofl LowCI_Catch Median_Catch Mean_Catch UpperCI_Catch Stdev_Catch 
2012  0 33964 37051.5 11367.5 11367.5 11367.5 11367.5 9.09495e-12 
2013  0 33964 37051.5 17354.8 17354.8 17354.8 17354.8 1.81186e-05 
2014  0 33964 37051.5 16512.3 16512.3 16512.3 16512.3 0.00752071 
2015  0 33964 37051.5 11307.5 11307.5 11307.5 11307.5 0.000320732 
2016  0 33964 37051.5 10312.9 10312.9 10312.9 10312.9 0.000929645 

Spawning_Biomass Model_Proj.dat
Year SSB100 SSBabc SSBofl LowCI_SSB Median_SSB Mean_SSB UpperCI_SSB Stdev_SSB 
2012 191035 76414.1 66862.4 155439 155439 155439 155439 0 
2013 191035 76414.1 66862.4 156090 156095 156095 156101 3.81516 
2014 191035 76414.1 66862.4 150224 150249 150252 150283 20.6961 
2015 191035 76414.1 66862.4 142284 142388 142401 142530 83.5801 
2016 191035 76414.1 66862.4 136139 136490 136536 136977 279.137 

Fishing_mortalityModel_Proj.dat
Year F0 Fabc Fofl LowCI_F Median_F Mean_F UpperCI_F Stdev_F 
2012  0 0.383378 0.474532 0.063905 0.063905 0.063905 0.063905 1.38778e-17 
2013  0 0.383378 0.474532 0.0999198 0.0999297 0.0999287 0.0999355 5.45695e-06 
2014  0 0.383378 0.474532 0.0991169 0.0992015 0.0991913 0.0992506 4.73032e-05 
2015  0 0.383378 0.474532 0.0702861 0.0705896 0.0705647 0.0707867 0.000165269 
2016  0 0.383378 0.474532 0.0652449 0.0662135 0.0661369 0.0668035 0.000497306 

Total_BiomassModel_Proj.dat
Year B100 Babc Bofl LowCI_Biom Median_Biom Mean_Biom UpperCI_Biom Stdev_Biom 
2012 1.22421e+06 406234 386575 501407 501407 501407 501407 1.10595e-09 
2013 1.22421e+06 406234 386575 482490 489938 491221 501598 6898.3 
2014 1.22421e+06 406234 386575 459081 478562 480150 506945 14516.7 
2015 1.22421e+06 406234 386575 439990 471144 473515 509193 22594.5 
2016 1.22421e+06 406234 386575 431579 473345 473714 526409 30530.9 
Alternative 4 Alternative  Stock: Model_Proj.dat
Catch Model_Proj.dat
Year C0 Cabc Cofl LowCI_Catch Median_Catch Mean_Catch UpperCI_Catch Stdev_Catch 
2012  0 33964 37051.5 11367.5 11367.5 11367.5 11367.5 9.09495e-12 
2013  0 33964 37051.5 17354.8 17354.8 17354.8 17354.8 1.81186e-05 
2014  0 33964 37051.5 16512.3 16512.3 16512.3 16512.3 0.00752071 
2015  0 33964 37051.5 11307.5 11307.5 11307.5 11307.5 0.000320732 
2016  0 33964 37051.5 10312.9 10312.9 10312.9 10312.9 0.000929645 

Spawning_Biomass Model_Proj.dat
Year SSB100 SSBabc SSBofl LowCI_SSB Median_SSB Mean_SSB UpperCI_SSB Stdev_SSB 
2012 191035 76414.1 66862.4 155439 155439 155439 155439 0 
2013 191035 76414.1 66862.4 156090 156095 156095 156101 3.81516 
2014 191035 76414.1 66862.4 150224 150249 150252 150283 20.6961 
2015 191035 76414.1 66862.4 142284 142388 142401 142530 83.5801 
2016 191035 76414.1 66862.4 136139 136490 136536 136977 279.137 

Fishing_mortalityModel_Proj.dat
Year F0 Fabc Fofl LowCI_F Median_F Mean_F UpperCI_F Stdev_F 
2012  0 0.383378 0.474532 0.063905 0.063905 0.063905 0.063905 1.38778e-17 
2013  0 0.383378 0.474532 0.0999198 0.0999297 0.0999287 0.0999355 5.45695e-06 
2014  0 0.383378 0.474532 0.0991169 0.0992015 0.0991913 0.0992506 4.73032e-05 
2015  0 0.383378 0.474532 0.0702861 0.0705896 0.0705647 0.0707867 0.000165269 
2016  0 0.383378 0.474532 0.0652449 0.0662135 0.0661369 0.0668035 0.000497306 

Total_BiomassModel_Proj.dat
Year B100 Babc Bofl LowCI_Biom Median_Biom Mean_Biom UpperCI_Biom Stdev_Biom 
2012 1.22421e+06 406234 386575 501407 501407 501407 501407 1.10595e-09 
2013 1.22421e+06 406234 386575 482490 489938 491221 501598 6898.3 
2014 1.22421e+06 406234 386575 459081 478562 480150 506945 14516.7 
2015 1.22421e+06 406234 386575 439990 471144 473515 509193 22594.5 
2016 1.22421e+06 406234 386575 431579 473345 473714 526409 30530.9 
Alternative 5 Alternative  Stock: Model_Proj.dat
Catch Model_Proj.dat
Year C0 Cabc Cofl LowCI_Catch Median_Catch Mean_Catch UpperCI_Catch Stdev_Catch 
2012  0 33964 37051.5 11367.5 11367.5 11367.5 11367.5 9.09495e-12 
2013  0 33964 37051.5 17354.8 17354.8 17354.8 17354.8 1.81186e-05 
2014  0 33964 37051.5 16512.3 16512.3 16512.3 16512.3 0.00752071 
2015  0 33964 37051.5 11307.5 11307.5 11307.5 11307.5 0.000320732 
2016  0 33964 37051.5 10312.9 10312.9 10312.9 10312.9 0.000929645 

Spawning_Biomass Model_Proj.dat
Year SSB100 SSBabc SSBofl LowCI_SSB Median_SSB Mean_SSB UpperCI_SSB Stdev_SSB 
2012 191035 76414.1 66862.4 155439 155439 155439 155439 0 
2013 191035 76414.1 66862.4 156090 156095 156095 156101 3.81516 
2014 191035 76414.1 66862.4 150224 150249 150252 150283 20.6961 
2015 191035 76414.1 66862.4 142284 142388 142401 142530 83.5801 
2016 191035 76414.1 66862.4 136139 136490 136536 136977 279.137 

Fishing_mortalityModel_Proj.dat
Year F0 Fabc Fofl LowCI_F Median_F Mean_F UpperCI_F Stdev_F 
2012  0 0.383378 0.474532 0.063905 0.063905 0.063905 0.063905 1.38778e-17 
2013  0 0.383378 0.474532 0.0999198 0.0999297 0.0999287 0.0999355 5.45695e-06 
2014  0 0.383378 0.474532 0.0991169 0.0992015 0.0991913 0.0992506 4.73032e-05 
2015  0 0.383378 0.474532 0.0702861 0.0705896 0.0705647 0.0707867 0.000165269 
2016  0 0.383378 0.474532 0.0652449 0.0662135 0.0661369 0.0668035 0.000497306 

Total_BiomassModel_Proj.dat
Year B100 Babc Bofl LowCI_Biom Median_Biom Mean_Biom UpperCI_Biom Stdev_Biom 
2012 1.22421e+06 406234 386575 501407 501407 501407 501407 1.10595e-09 
2013 1.22421e+06 406234 386575 482490 489938 491221 501598 6898.3 
2014 1.22421e+06 406234 386575 459081 478562 480150 506945 14516.7 
2015 1.22421e+06 406234 386575 439990 471144 473515 509193 22594.5 
2016 1.22421e+06 406234 386575 431579 473345 473714 526409 30530.9 
Alternative 6 Alternative  Stock: Model_Proj.dat
Catch Model_Proj.dat
Year C0 Cabc Cofl LowCI_Catch Median_Catch Mean_Catch UpperCI_Catch Stdev_Catch 
2012  0 33964 37051.5 11367.5 11367.5 11367.5 11367.5 9.09495e-12 
2013  0 33964 37051.5 75063.3 75068.1 75068.9 75075.5 4.3845 
2014  0 33964 37051.5 60070.2 60110.5 60118.6 60175.5 36.4766 
2015  0 33964 37051.5 48913.9 49118.4 49146.3 49408 171.988 
2016  0 33964 37051.5 40859.1 41528.9 41621.3 42482.1 531.073 

Spawning_Biomass Model_Proj.dat
Year SSB100 SSBabc SSBofl LowCI_SSB Median_SSB Mean_SSB UpperCI_SSB Stdev_SSB 
2012 191035 76414.1 66862.4 155439 155439 155439 155439 0 
2013 191035 76414.1 66862.4 156090 156095 156095 156101 3.81516 
2014 191035 76414.1 66862.4 123329 123354 123357 123387 20.259 
2015 191035 76414.1 66862.4 97948.6 98047.5 98060.2 98183.5 79.4484 
2016 191035 76414.1 66862.4 79522 79852.1 79894.9 80310.5 261.717 

Fishing_mortalityModel_Proj.dat
Year F0 Fabc Fofl LowCI_F Median_F Mean_F UpperCI_F Stdev_F 
2012  0 0.383378 0.474532 0.063905 0.063905 0.063905 0.063905 1.38778e-17 
2013  0 0.383378 0.474532 0.474532 0.474532 0.474532 0.474532 1.2246e-11 
2014  0 0.383378 0.474532 0.474532 0.474532 0.474532 0.474532 8.56225e-11 
2015  0 0.383378 0.474532 0.474532 0.474532 0.474532 0.474532 1.1059e-09 
2016  0 0.383378 0.474532 0.474532 0.474532 0.474532 0.474532 3.81386e-09 

Total_BiomassModel_Proj.dat
Year B100 Babc Bofl LowCI_Biom Median_Biom Mean_Biom UpperCI_Biom Stdev_Biom 
2012 1.22421e+06 406234 386575 501407 501407 501407 501407 1.10595e-09 
2013 1.22421e+06 406234 386575 482490 489938 491221 501598 6898.3 
2014 1.22421e+06 406234 386575 408084 427562 429144 455926 14510.8 
2015 1.22421e+06 406234 386575 356997 388104 390456 426035 22549.9 
2016 1.22421e+06 406234 386575 326162 367694 367960 420040 30336 
Alternative 7 Alternative  Stock: Model_Proj.dat
Catch Model_Proj.dat
Year C0 Cabc Cofl LowCI_Catch Median_Catch Mean_Catch UpperCI_Catch Stdev_Catch 
2012  0 33964 37051.5 11367.5 11367.5 11367.5 11367.5 9.09495e-12 
2013  0 33964 37051.5 62009.5 62013.4 62014 62019.3 3.54246 
2014  0 33964 37051.5 51784.5 51817 51823.6 51869.6 29.4807 
2015  0 33964 37051.5 52915.3 53119.9 53147.8 53409.7 172.096 
2016  0 33964 37051.5 43610.8 44280.9 44373.3 45234.6 531.38 

Spawning_Biomass Model_Proj.dat
Year SSB100 SSBabc SSBofl LowCI_SSB Median_SSB Mean_SSB UpperCI_SSB Stdev_SSB 
2012 191035 76414.1 66862.4 155439 155439 155439 155439 0 
2013 191035 76414.1 66862.4 156090 156095 156095 156101 3.81516 
2014 191035 76414.1 66862.4 129319 129343 129346 129377 20.2602 
2015 191035 76414.1 66862.4 106982 107081 107094 107217 79.475 
2016 191035 76414.1 66862.4 85614.1 85944.4 85987.1 86402.9 261.803 

Fishing_mortalityModel_Proj.dat
Year F0 Fabc Fofl LowCI_F Median_F Mean_F UpperCI_F Stdev_F 
2012  0 0.383378 0.474532 0.063905 0.063905 0.063905 0.063905 1.38778e-17 
2013  0 0.383378 0.474532 0.383378 0.383378 0.383378 0.383378 2.63508e-12 
2014  0 0.383378 0.474532 0.383378 0.383378 0.383378 0.383378 2.0861e-10 
2015  0 0.383378 0.474532 0.474532 0.474532 0.474532 0.474532 1.04015e-09 
2016  0 0.383378 0.474532 0.474532 0.474532 0.474532 0.474532 3.65115e-09 

Total_BiomassModel_Proj.dat
Year B100 Babc Bofl LowCI_Biom Median_Biom Mean_Biom UpperCI_Biom Stdev_Biom 
2012 1.22421e+06 406234 386575 501407 501407 501407 501407 1.10595e-09 
2013 1.22421e+06 406234 386575 482490 489938 491221 501598 6898.3 
2014 1.22421e+06 406234 386575 419594 439072 440656 467441 14512 
2015 1.22421e+06 406234 386575 374363 405479 407835 443435 22559.2 
2016 1.22421e+06 406234 386575 337751 379293 379565 431677 30345.6 
