
SB0 SB40 SB35 MeanRec HarMeanRec Bnow
211179 84471.7 73912.7 480413 375056 148075 
CV Recruit
0.530011 
Alternative 1 Alternative  Stock: Model_Proj.dat
Catch Model_Proj.dat
Year C0 Cabc Cofl LowCI_Catch Median_Catch Mean_Catch UpperCI_Catch Stdev_Catch 
2008  0 36548.2 39827.4 24539.8 24539.8 24539.8 24539.8 3.63798e-11 
2009  0 36548.2 39827.4 19557.9 19557.9 19557.9 19557.9 5.06429e-07 
2010  0 36548.2 39827.4 20127.1 20127.1 20127.1 20127.1 9.81665e-06 
2011  0 36548.2 39827.4 13558 13558 13558 13558 0.00137478 

Spawning_Biomass Model_Proj.dat
Year SSB100 SSBabc SSBofl LowCI_SSB Median_SSB Mean_SSB UpperCI_SSB Stdev_SSB 
2008 211179 84471.7 73912.7 148075 148075 148075 148075 1.45519e-10 
2009 211179 84471.7 73912.7 146660 146664 146665 146671 3.84278 
2010 211179 84471.7 73912.7 151073 151097 151102 151134 20.6887 
2011 211179 84471.7 73912.7 158572 158673 158685 158811 83.0788 

Fishing_mortalityModel_Proj.dat
Year F0 Fabc Fofl LowCI_F Median_F Mean_F UpperCI_F Stdev_F 
2008  0 0.365915 0.453098 0.136371 0.136371 0.136371 0.136371 0 
2009  0 0.365915 0.453098 0.107546 0.107555 0.107554 0.10756 4.57827e-06 
2010  0 0.365915 0.453098 0.106383 0.106449 0.106446 0.106498 3.83024e-05 
2011  0 0.365915 0.453098 0.0675082 0.0676984 0.0676847 0.0678396 0.000113026 

Total_BiomassModel_Proj.dat
Year B100 Babc Bofl LowCI_Biom Median_Biom Mean_Biom UpperCI_Biom Stdev_Biom 
2008 1.34833e+06 446977 425346 674281 674281 674281 674281 1.16415e-09 
2009 1.34833e+06 446977 425346 676359 684986 685890 697427 6837.52 
2010 1.34833e+06 446977 425346 673865 691859 693545 713345 14788.4 
2011 1.34833e+06 446977 425346 663808 692706 693705 728492 23689.8 
Alternative 2 Alternative  Stock: Model_Proj.dat
Catch Model_Proj.dat
Year C0 Cabc Cofl LowCI_Catch Median_Catch Mean_Catch UpperCI_Catch Stdev_Catch 
2008  0 36548.2 39827.4 24539.8 24539.8 24539.8 24539.8 3.63798e-11 
2009  0 36548.2 39827.4 19557.9 19557.9 19557.9 19557.9 5.06429e-07 
2010  0 36548.2 39827.4 20127.1 20127.1 20127.1 20127.1 9.81665e-06 
2011  0 36548.2 39827.4 13558 13558 13558 13558 0.00137478 

Spawning_Biomass Model_Proj.dat
Year SSB100 SSBabc SSBofl LowCI_SSB Median_SSB Mean_SSB UpperCI_SSB Stdev_SSB 
2008 211179 84471.7 73912.7 148075 148075 148075 148075 1.45519e-10 
2009 211179 84471.7 73912.7 146660 146664 146665 146671 3.84278 
2010 211179 84471.7 73912.7 151073 151097 151102 151134 20.6887 
2011 211179 84471.7 73912.7 158572 158673 158685 158811 83.0788 

Fishing_mortalityModel_Proj.dat
Year F0 Fabc Fofl LowCI_F Median_F Mean_F UpperCI_F Stdev_F 
2008  0 0.365915 0.453098 0.136371 0.136371 0.136371 0.136371 0 
2009  0 0.365915 0.453098 0.107546 0.107555 0.107554 0.10756 4.57827e-06 
2010  0 0.365915 0.453098 0.106383 0.106449 0.106446 0.106498 3.83024e-05 
2011  0 0.365915 0.453098 0.0675082 0.0676984 0.0676847 0.0678396 0.000113026 

Total_BiomassModel_Proj.dat
Year B100 Babc Bofl LowCI_Biom Median_Biom Mean_Biom UpperCI_Biom Stdev_Biom 
2008 1.34833e+06 446977 425346 674281 674281 674281 674281 1.16415e-09 
2009 1.34833e+06 446977 425346 676359 684986 685890 697427 6837.52 
2010 1.34833e+06 446977 425346 673865 691859 693545 713345 14788.4 
2011 1.34833e+06 446977 425346 663808 692706 693705 728492 23689.8 
Alternative 3 Alternative  Stock: Model_Proj.dat
Catch Model_Proj.dat
Year C0 Cabc Cofl LowCI_Catch Median_Catch Mean_Catch UpperCI_Catch Stdev_Catch 
2008  0 36548.2 39827.4 24539.8 24539.8 24539.8 24539.8 3.63798e-11 
2009  0 36548.2 39827.4 19557.9 19557.9 19557.9 19557.9 5.06429e-07 
2010  0 36548.2 39827.4 20127.1 20127.1 20127.1 20127.1 9.81665e-06 
2011  0 36548.2 39827.4 13558 13558 13558 13558 0.00137478 

Spawning_Biomass Model_Proj.dat
Year SSB100 SSBabc SSBofl LowCI_SSB Median_SSB Mean_SSB UpperCI_SSB Stdev_SSB 
2008 211179 84471.7 73912.7 148075 148075 148075 148075 1.45519e-10 
2009 211179 84471.7 73912.7 146660 146664 146665 146671 3.84278 
2010 211179 84471.7 73912.7 151073 151097 151102 151134 20.6887 
2011 211179 84471.7 73912.7 158572 158673 158685 158811 83.0788 

Fishing_mortalityModel_Proj.dat
Year F0 Fabc Fofl LowCI_F Median_F Mean_F UpperCI_F Stdev_F 
2008  0 0.365915 0.453098 0.136371 0.136371 0.136371 0.136371 0 
2009  0 0.365915 0.453098 0.107546 0.107555 0.107554 0.10756 4.57827e-06 
2010  0 0.365915 0.453098 0.106383 0.106449 0.106446 0.106498 3.83024e-05 
2011  0 0.365915 0.453098 0.0675082 0.0676984 0.0676847 0.0678396 0.000113026 

Total_BiomassModel_Proj.dat
Year B100 Babc Bofl LowCI_Biom Median_Biom Mean_Biom UpperCI_Biom Stdev_Biom 
2008 1.34833e+06 446977 425346 674281 674281 674281 674281 1.16415e-09 
2009 1.34833e+06 446977 425346 676359 684986 685890 697427 6837.52 
2010 1.34833e+06 446977 425346 673865 691859 693545 713345 14788.4 
2011 1.34833e+06 446977 425346 663808 692706 693705 728492 23689.8 
Alternative 4 Alternative  Stock: Model_Proj.dat
Catch Model_Proj.dat
Year C0 Cabc Cofl LowCI_Catch Median_Catch Mean_Catch UpperCI_Catch Stdev_Catch 
2008  0 36548.2 39827.4 24539.8 24539.8 24539.8 24539.8 3.63798e-11 
2009  0 36548.2 39827.4 19557.9 19557.9 19557.9 19557.9 5.06429e-07 
2010  0 36548.2 39827.4 20127.1 20127.1 20127.1 20127.1 9.81665e-06 
2011  0 36548.2 39827.4 13558 13558 13558 13558 0.00137478 

Spawning_Biomass Model_Proj.dat
Year SSB100 SSBabc SSBofl LowCI_SSB Median_SSB Mean_SSB UpperCI_SSB Stdev_SSB 
2008 211179 84471.7 73912.7 148075 148075 148075 148075 1.45519e-10 
2009 211179 84471.7 73912.7 146660 146664 146665 146671 3.84278 
2010 211179 84471.7 73912.7 151073 151097 151102 151134 20.6887 
2011 211179 84471.7 73912.7 158572 158673 158685 158811 83.0788 

Fishing_mortalityModel_Proj.dat
Year F0 Fabc Fofl LowCI_F Median_F Mean_F UpperCI_F Stdev_F 
2008  0 0.365915 0.453098 0.136371 0.136371 0.136371 0.136371 0 
2009  0 0.365915 0.453098 0.107546 0.107555 0.107554 0.10756 4.57827e-06 
2010  0 0.365915 0.453098 0.106383 0.106449 0.106446 0.106498 3.83024e-05 
2011  0 0.365915 0.453098 0.0675082 0.0676984 0.0676847 0.0678396 0.000113026 

Total_BiomassModel_Proj.dat
Year B100 Babc Bofl LowCI_Biom Median_Biom Mean_Biom UpperCI_Biom Stdev_Biom 
2008 1.34833e+06 446977 425346 674281 674281 674281 674281 1.16415e-09 
2009 1.34833e+06 446977 425346 676359 684986 685890 697427 6837.52 
2010 1.34833e+06 446977 425346 673865 691859 693545 713345 14788.4 
2011 1.34833e+06 446977 425346 663808 692706 693705 728492 23689.8 
Alternative 5 Alternative  Stock: Model_Proj.dat
Catch Model_Proj.dat
Year C0 Cabc Cofl LowCI_Catch Median_Catch Mean_Catch UpperCI_Catch Stdev_Catch 
2008  0 36548.2 39827.4 24539.8 24539.8 24539.8 24539.8 3.63798e-11 
2009  0 36548.2 39827.4 19557.9 19557.9 19557.9 19557.9 5.06429e-07 
2010  0 36548.2 39827.4 20127.1 20127.1 20127.1 20127.1 9.81665e-06 
2011  0 36548.2 39827.4 13558 13558 13558 13558 0.00137478 

Spawning_Biomass Model_Proj.dat
Year SSB100 SSBabc SSBofl LowCI_SSB Median_SSB Mean_SSB UpperCI_SSB Stdev_SSB 
2008 211179 84471.7 73912.7 148075 148075 148075 148075 1.45519e-10 
2009 211179 84471.7 73912.7 146660 146664 146665 146671 3.84278 
2010 211179 84471.7 73912.7 151073 151097 151102 151134 20.6887 
2011 211179 84471.7 73912.7 158572 158673 158685 158811 83.0788 

Fishing_mortalityModel_Proj.dat
Year F0 Fabc Fofl LowCI_F Median_F Mean_F UpperCI_F Stdev_F 
2008  0 0.365915 0.453098 0.136371 0.136371 0.136371 0.136371 0 
2009  0 0.365915 0.453098 0.107546 0.107555 0.107554 0.10756 4.57827e-06 
2010  0 0.365915 0.453098 0.106383 0.106449 0.106446 0.106498 3.83024e-05 
2011  0 0.365915 0.453098 0.0675082 0.0676984 0.0676847 0.0678396 0.000113026 

Total_BiomassModel_Proj.dat
Year B100 Babc Bofl LowCI_Biom Median_Biom Mean_Biom UpperCI_Biom Stdev_Biom 
2008 1.34833e+06 446977 425346 674281 674281 674281 674281 1.16415e-09 
2009 1.34833e+06 446977 425346 676359 684986 685890 697427 6837.52 
2010 1.34833e+06 446977 425346 673865 691859 693545 713345 14788.4 
2011 1.34833e+06 446977 425346 663808 692706 693705 728492 23689.8 
Alternative 6 Alternative  Stock: Model_Proj.dat
Catch Model_Proj.dat
Year C0 Cabc Cofl LowCI_Catch Median_Catch Mean_Catch UpperCI_Catch Stdev_Catch 
2008  0 36548.2 39827.4 24539.8 24539.8 24539.8 24539.8 3.63798e-11 
2009  0 36548.2 39827.4 75915.4 75919.8 75920.2 75926 3.41481 
2010  0 36548.2 39827.4 68566.5 68603.7 68608.1 68656.9 29.8554 
2011  0 36548.2 39827.4 64682.8 64856 64883.9 65112.1 146.914 

Spawning_Biomass Model_Proj.dat
Year SSB100 SSBabc SSBofl LowCI_SSB Median_SSB Mean_SSB UpperCI_SSB Stdev_SSB 
2008 211179 84471.7 73912.7 148075 148075 148075 148075 1.45519e-10 
2009 211179 84471.7 73912.7 146660 146664 146665 146671 3.84278 
2010 211179 84471.7 73912.7 127186 127210 127214 127246 20.3386 
2011 211179 84471.7 73912.7 117445 117541 117554 117674 79.7424 

Fishing_mortalityModel_Proj.dat
Year F0 Fabc Fofl LowCI_F Median_F Mean_F UpperCI_F Stdev_F 
2008  0 0.365915 0.453098 0.136371 0.136371 0.136371 0.136371 0 
2009  0 0.365915 0.453098 0.453097 0.453097 0.453097 0.453097 1.37956e-11 
2010  0 0.365915 0.453098 0.453097 0.453097 0.453097 0.453097 2.17408e-10 
2011  0 0.365915 0.453098 0.453097 0.453097 0.453097 0.453097 1.14174e-09 

Total_BiomassModel_Proj.dat
Year B100 Babc Bofl LowCI_Biom Median_Biom Mean_Biom UpperCI_Biom Stdev_Biom 
2008 1.34833e+06 446977 425346 674281 674281 674281 674281 1.16415e-09 
2009 1.34833e+06 446977 425346 676359 684986 685890 697427 6837.52 
2010 1.34833e+06 446977 425346 623762 641747 643435 663233 14784 
2011 1.34833e+06 446977 425346 576458 605304 606324 641045 23654.9 
Alternative 7 Alternative  Stock: Model_Proj.dat
Catch Model_Proj.dat
Year C0 Cabc Cofl LowCI_Catch Median_Catch Mean_Catch UpperCI_Catch Stdev_Catch 
2008  0 36548.2 39827.4 24539.8 24539.8 24539.8 24539.8 3.63798e-11 
2009  0 36548.2 39827.4 62559.6 62563.1 62563.5 62568.1 2.75786 
2010  0 36548.2 39827.4 58455.8 58485.8 58489.4 58528.8 24.118 
2011  0 36548.2 39827.4 68680.6 68853.9 68881.8 69110.2 146.988 

Spawning_Biomass Model_Proj.dat
Year SSB100 SSBabc SSBofl LowCI_SSB Median_SSB Mean_SSB UpperCI_SSB Stdev_SSB 
2008 211179 84471.7 73912.7 148075 148075 148075 148075 1.45519e-10 
2009 211179 84471.7 73912.7 146660 146664 146665 146671 3.84278 
2010 211179 84471.7 73912.7 132730 132754 132758 132789 20.3396 
2011 211179 84471.7 73912.7 126274 126371 126383 126503 79.7637 

Fishing_mortalityModel_Proj.dat
Year F0 Fabc Fofl LowCI_F Median_F Mean_F UpperCI_F Stdev_F 
2008  0 0.365915 0.453098 0.136371 0.136371 0.136371 0.136371 0 
2009  0 0.365915 0.453098 0.365915 0.365915 0.365915 0.365915 6.4811e-12 
2010  0 0.365915 0.453098 0.365915 0.365915 0.365915 0.365915 4.16752e-10 
2011  0 0.365915 0.453098 0.453097 0.453097 0.453097 0.453097 1.11796e-09 

Total_BiomassModel_Proj.dat
Year B100 Babc Bofl LowCI_Biom Median_Biom Mean_Biom UpperCI_Biom Stdev_Biom 
2008 1.34833e+06 446977 425346 674281 674281 674281 674281 1.16415e-09 
2009 1.34833e+06 446977 425346 676359 684986 685890 697427 6837.52 
2010 1.34833e+06 446977 425346 635616 653603 655291 675089 14785 
2011 1.34833e+06 446977 425346 595936 624793 625809 660543 23662.2 
