Model_Proj.dat 1 2008 Cabc 36548.2
Model_Proj.dat 1 2008 Cofl 39827.4
Model_Proj.dat 1 2008 CLCI 24539.8
Model_Proj.dat 1 2008 CUCI 24539.8
Model_Proj.dat 1 2008 CMedian 24539.8
Model_Proj.dat 1 2008 CMean 24539.8
Model_Proj.dat 1 2008 CStdn 3.63798e-11
Model_Proj.dat 1 2009 Cabc 36548.2
Model_Proj.dat 1 2009 Cofl 39827.4
Model_Proj.dat 1 2009 CLCI 19557.9
Model_Proj.dat 1 2009 CUCI 19557.9
Model_Proj.dat 1 2009 CMedian 19557.9
Model_Proj.dat 1 2009 CMean 19557.9
Model_Proj.dat 1 2009 CStdn 5.06429e-07
Model_Proj.dat 1 2010 Cabc 36548.2
Model_Proj.dat 1 2010 Cofl 39827.4
Model_Proj.dat 1 2010 CLCI 20127.1
Model_Proj.dat 1 2010 CUCI 20127.1
Model_Proj.dat 1 2010 CMedian 20127.1
Model_Proj.dat 1 2010 CMean 20127.1
Model_Proj.dat 1 2010 CStdn 9.81665e-06
Model_Proj.dat 1 2011 Cabc 36548.2
Model_Proj.dat 1 2011 Cofl 39827.4
Model_Proj.dat 1 2011 CLCI 13558
Model_Proj.dat 1 2011 CUCI 13558
Model_Proj.dat 1 2011 CMedian 13558
Model_Proj.dat 1 2011 CMean 13558
Model_Proj.dat 1 2011 CStdn 0.00137478
Model_Proj.dat 1 2008 SSBF100 211179
Model_Proj.dat 1 2008 SSBFabc 84471.7
Model_Proj.dat 1 2008 SSBFofl 73912.7
Model_Proj.dat 1 2008 SSBLCI 148075
Model_Proj.dat 1 2008 SSBUCI 148075
Model_Proj.dat 1 2008 SSBMedian 148075
Model_Proj.dat 1 2008 SSBMean 148075
Model_Proj.dat 1 2009 SSBF100 211179
Model_Proj.dat 1 2009 SSBFabc 84471.7
Model_Proj.dat 1 2009 SSBFofl 73912.7
Model_Proj.dat 1 2009 SSBLCI 146660
Model_Proj.dat 1 2009 SSBUCI 146671
Model_Proj.dat 1 2009 SSBMedian 146664
Model_Proj.dat 1 2009 SSBMean 146665
Model_Proj.dat 1 2010 SSBF100 211179
Model_Proj.dat 1 2010 SSBFabc 84471.7
Model_Proj.dat 1 2010 SSBFofl 73912.7
Model_Proj.dat 1 2010 SSBLCI 151073
Model_Proj.dat 1 2010 SSBUCI 151134
Model_Proj.dat 1 2010 SSBMedian 151097
Model_Proj.dat 1 2010 SSBMean 151102
Model_Proj.dat 1 2011 SSBF100 211179
Model_Proj.dat 1 2011 SSBFabc 84471.7
Model_Proj.dat 1 2011 SSBFofl 73912.7
Model_Proj.dat 1 2011 SSBLCI 158572
Model_Proj.dat 1 2011 SSBUCI 158811
Model_Proj.dat 1 2011 SSBMedian 158673
Model_Proj.dat 1 2011 SSBMean 158685
Model_Proj.dat 1 2008 F0 0 
Model_Proj.dat 1 2008 Fabc 0.365915
Model_Proj.dat 1 2008 Fofl 0.453098
Model_Proj.dat 1 2008  F_LCI 0.136371
Model_Proj.dat 1 2008  F_UCI 0.136371
Model_Proj.dat 1 2008  F_Median 0.136371
Model_Proj.dat 1 2008  F_Mean 0.136371
Model_Proj.dat 1 2009 F0 0 
Model_Proj.dat 1 2009 Fabc 0.365915
Model_Proj.dat 1 2009 Fofl 0.453098
Model_Proj.dat 1 2009  F_LCI 0.107546
Model_Proj.dat 1 2009  F_UCI 0.10756
Model_Proj.dat 1 2009  F_Median 0.107555
Model_Proj.dat 1 2009  F_Mean 0.107554
Model_Proj.dat 1 2010 F0 0 
Model_Proj.dat 1 2010 Fabc 0.365915
Model_Proj.dat 1 2010 Fofl 0.453098
Model_Proj.dat 1 2010  F_LCI 0.106383
Model_Proj.dat 1 2010  F_UCI 0.106498
Model_Proj.dat 1 2010  F_Median 0.106449
Model_Proj.dat 1 2010  F_Mean 0.106446
Model_Proj.dat 1 2011 F0 0 
Model_Proj.dat 1 2011 Fabc 0.365915
Model_Proj.dat 1 2011 Fofl 0.453098
Model_Proj.dat 1 2011  F_LCI 0.0675082
Model_Proj.dat 1 2011  F_UCI 0.0678396
Model_Proj.dat 1 2011  F_Median 0.0676984
Model_Proj.dat 1 2011  F_Mean 0.0676847
Model_Proj.dat 2 2008 Cabc 36548.2
Model_Proj.dat 2 2008 Cofl 39827.4
Model_Proj.dat 2 2008 CLCI 24539.8
Model_Proj.dat 2 2008 CUCI 24539.8
Model_Proj.dat 2 2008 CMedian 24539.8
Model_Proj.dat 2 2008 CMean 24539.8
Model_Proj.dat 2 2008 CStdn 3.63798e-11
Model_Proj.dat 2 2009 Cabc 36548.2
Model_Proj.dat 2 2009 Cofl 39827.4
Model_Proj.dat 2 2009 CLCI 19557.9
Model_Proj.dat 2 2009 CUCI 19557.9
Model_Proj.dat 2 2009 CMedian 19557.9
Model_Proj.dat 2 2009 CMean 19557.9
Model_Proj.dat 2 2009 CStdn 5.06429e-07
Model_Proj.dat 2 2010 Cabc 36548.2
Model_Proj.dat 2 2010 Cofl 39827.4
Model_Proj.dat 2 2010 CLCI 20127.1
Model_Proj.dat 2 2010 CUCI 20127.1
Model_Proj.dat 2 2010 CMedian 20127.1
Model_Proj.dat 2 2010 CMean 20127.1
Model_Proj.dat 2 2010 CStdn 9.81665e-06
Model_Proj.dat 2 2011 Cabc 36548.2
Model_Proj.dat 2 2011 Cofl 39827.4
Model_Proj.dat 2 2011 CLCI 13558
Model_Proj.dat 2 2011 CUCI 13558
Model_Proj.dat 2 2011 CMedian 13558
Model_Proj.dat 2 2011 CMean 13558
Model_Proj.dat 2 2011 CStdn 0.00137478
Model_Proj.dat 2 2008 SSBF100 211179
Model_Proj.dat 2 2008 SSBFabc 84471.7
Model_Proj.dat 2 2008 SSBFofl 73912.7
Model_Proj.dat 2 2008 SSBLCI 148075
Model_Proj.dat 2 2008 SSBUCI 148075
Model_Proj.dat 2 2008 SSBMedian 148075
Model_Proj.dat 2 2008 SSBMean 148075
Model_Proj.dat 2 2009 SSBF100 211179
Model_Proj.dat 2 2009 SSBFabc 84471.7
Model_Proj.dat 2 2009 SSBFofl 73912.7
Model_Proj.dat 2 2009 SSBLCI 146660
Model_Proj.dat 2 2009 SSBUCI 146671
Model_Proj.dat 2 2009 SSBMedian 146664
Model_Proj.dat 2 2009 SSBMean 146665
Model_Proj.dat 2 2010 SSBF100 211179
Model_Proj.dat 2 2010 SSBFabc 84471.7
Model_Proj.dat 2 2010 SSBFofl 73912.7
Model_Proj.dat 2 2010 SSBLCI 151073
Model_Proj.dat 2 2010 SSBUCI 151134
Model_Proj.dat 2 2010 SSBMedian 151097
Model_Proj.dat 2 2010 SSBMean 151102
Model_Proj.dat 2 2011 SSBF100 211179
Model_Proj.dat 2 2011 SSBFabc 84471.7
Model_Proj.dat 2 2011 SSBFofl 73912.7
Model_Proj.dat 2 2011 SSBLCI 158572
Model_Proj.dat 2 2011 SSBUCI 158811
Model_Proj.dat 2 2011 SSBMedian 158673
Model_Proj.dat 2 2011 SSBMean 158685
Model_Proj.dat 2 2008 F0 0 
Model_Proj.dat 2 2008 Fabc 0.365915
Model_Proj.dat 2 2008 Fofl 0.453098
Model_Proj.dat 2 2008  F_LCI 0.136371
Model_Proj.dat 2 2008  F_UCI 0.136371
Model_Proj.dat 2 2008  F_Median 0.136371
Model_Proj.dat 2 2008  F_Mean 0.136371
Model_Proj.dat 2 2009 F0 0 
Model_Proj.dat 2 2009 Fabc 0.365915
Model_Proj.dat 2 2009 Fofl 0.453098
Model_Proj.dat 2 2009  F_LCI 0.107546
Model_Proj.dat 2 2009  F_UCI 0.10756
Model_Proj.dat 2 2009  F_Median 0.107555
Model_Proj.dat 2 2009  F_Mean 0.107554
Model_Proj.dat 2 2010 F0 0 
Model_Proj.dat 2 2010 Fabc 0.365915
Model_Proj.dat 2 2010 Fofl 0.453098
Model_Proj.dat 2 2010  F_LCI 0.106383
Model_Proj.dat 2 2010  F_UCI 0.106498
Model_Proj.dat 2 2010  F_Median 0.106449
Model_Proj.dat 2 2010  F_Mean 0.106446
Model_Proj.dat 2 2011 F0 0 
Model_Proj.dat 2 2011 Fabc 0.365915
Model_Proj.dat 2 2011 Fofl 0.453098
Model_Proj.dat 2 2011  F_LCI 0.0675082
Model_Proj.dat 2 2011  F_UCI 0.0678396
Model_Proj.dat 2 2011  F_Median 0.0676984
Model_Proj.dat 2 2011  F_Mean 0.0676847
Model_Proj.dat 3 2008 Cabc 36548.2
Model_Proj.dat 3 2008 Cofl 39827.4
Model_Proj.dat 3 2008 CLCI 24539.8
Model_Proj.dat 3 2008 CUCI 24539.8
Model_Proj.dat 3 2008 CMedian 24539.8
Model_Proj.dat 3 2008 CMean 24539.8
Model_Proj.dat 3 2008 CStdn 3.63798e-11
Model_Proj.dat 3 2009 Cabc 36548.2
Model_Proj.dat 3 2009 Cofl 39827.4
Model_Proj.dat 3 2009 CLCI 19557.9
Model_Proj.dat 3 2009 CUCI 19557.9
Model_Proj.dat 3 2009 CMedian 19557.9
Model_Proj.dat 3 2009 CMean 19557.9
Model_Proj.dat 3 2009 CStdn 5.06429e-07
Model_Proj.dat 3 2010 Cabc 36548.2
Model_Proj.dat 3 2010 Cofl 39827.4
Model_Proj.dat 3 2010 CLCI 20127.1
Model_Proj.dat 3 2010 CUCI 20127.1
Model_Proj.dat 3 2010 CMedian 20127.1
Model_Proj.dat 3 2010 CMean 20127.1
Model_Proj.dat 3 2010 CStdn 9.81665e-06
Model_Proj.dat 3 2011 Cabc 36548.2
Model_Proj.dat 3 2011 Cofl 39827.4
Model_Proj.dat 3 2011 CLCI 13558
Model_Proj.dat 3 2011 CUCI 13558
Model_Proj.dat 3 2011 CMedian 13558
Model_Proj.dat 3 2011 CMean 13558
Model_Proj.dat 3 2011 CStdn 0.00137478
Model_Proj.dat 3 2008 SSBF100 211179
Model_Proj.dat 3 2008 SSBFabc 84471.7
Model_Proj.dat 3 2008 SSBFofl 73912.7
Model_Proj.dat 3 2008 SSBLCI 148075
Model_Proj.dat 3 2008 SSBUCI 148075
Model_Proj.dat 3 2008 SSBMedian 148075
Model_Proj.dat 3 2008 SSBMean 148075
Model_Proj.dat 3 2009 SSBF100 211179
Model_Proj.dat 3 2009 SSBFabc 84471.7
Model_Proj.dat 3 2009 SSBFofl 73912.7
Model_Proj.dat 3 2009 SSBLCI 146660
Model_Proj.dat 3 2009 SSBUCI 146671
Model_Proj.dat 3 2009 SSBMedian 146664
Model_Proj.dat 3 2009 SSBMean 146665
Model_Proj.dat 3 2010 SSBF100 211179
Model_Proj.dat 3 2010 SSBFabc 84471.7
Model_Proj.dat 3 2010 SSBFofl 73912.7
Model_Proj.dat 3 2010 SSBLCI 151073
Model_Proj.dat 3 2010 SSBUCI 151134
Model_Proj.dat 3 2010 SSBMedian 151097
Model_Proj.dat 3 2010 SSBMean 151102
Model_Proj.dat 3 2011 SSBF100 211179
Model_Proj.dat 3 2011 SSBFabc 84471.7
Model_Proj.dat 3 2011 SSBFofl 73912.7
Model_Proj.dat 3 2011 SSBLCI 158572
Model_Proj.dat 3 2011 SSBUCI 158811
Model_Proj.dat 3 2011 SSBMedian 158673
Model_Proj.dat 3 2011 SSBMean 158685
Model_Proj.dat 3 2008 F0 0 
Model_Proj.dat 3 2008 Fabc 0.365915
Model_Proj.dat 3 2008 Fofl 0.453098
Model_Proj.dat 3 2008  F_LCI 0.136371
Model_Proj.dat 3 2008  F_UCI 0.136371
Model_Proj.dat 3 2008  F_Median 0.136371
Model_Proj.dat 3 2008  F_Mean 0.136371
Model_Proj.dat 3 2009 F0 0 
Model_Proj.dat 3 2009 Fabc 0.365915
Model_Proj.dat 3 2009 Fofl 0.453098
Model_Proj.dat 3 2009  F_LCI 0.107546
Model_Proj.dat 3 2009  F_UCI 0.10756
Model_Proj.dat 3 2009  F_Median 0.107555
Model_Proj.dat 3 2009  F_Mean 0.107554
Model_Proj.dat 3 2010 F0 0 
Model_Proj.dat 3 2010 Fabc 0.365915
Model_Proj.dat 3 2010 Fofl 0.453098
Model_Proj.dat 3 2010  F_LCI 0.106383
Model_Proj.dat 3 2010  F_UCI 0.106498
Model_Proj.dat 3 2010  F_Median 0.106449
Model_Proj.dat 3 2010  F_Mean 0.106446
Model_Proj.dat 3 2011 F0 0 
Model_Proj.dat 3 2011 Fabc 0.365915
Model_Proj.dat 3 2011 Fofl 0.453098
Model_Proj.dat 3 2011  F_LCI 0.0675082
Model_Proj.dat 3 2011  F_UCI 0.0678396
Model_Proj.dat 3 2011  F_Median 0.0676984
Model_Proj.dat 3 2011  F_Mean 0.0676847
Model_Proj.dat 4 2008 Cabc 36548.2
Model_Proj.dat 4 2008 Cofl 39827.4
Model_Proj.dat 4 2008 CLCI 24539.8
Model_Proj.dat 4 2008 CUCI 24539.8
Model_Proj.dat 4 2008 CMedian 24539.8
Model_Proj.dat 4 2008 CMean 24539.8
Model_Proj.dat 4 2008 CStdn 3.63798e-11
Model_Proj.dat 4 2009 Cabc 36548.2
Model_Proj.dat 4 2009 Cofl 39827.4
Model_Proj.dat 4 2009 CLCI 19557.9
Model_Proj.dat 4 2009 CUCI 19557.9
Model_Proj.dat 4 2009 CMedian 19557.9
Model_Proj.dat 4 2009 CMean 19557.9
Model_Proj.dat 4 2009 CStdn 5.06429e-07
Model_Proj.dat 4 2010 Cabc 36548.2
Model_Proj.dat 4 2010 Cofl 39827.4
Model_Proj.dat 4 2010 CLCI 20127.1
Model_Proj.dat 4 2010 CUCI 20127.1
Model_Proj.dat 4 2010 CMedian 20127.1
Model_Proj.dat 4 2010 CMean 20127.1
Model_Proj.dat 4 2010 CStdn 9.81665e-06
Model_Proj.dat 4 2011 Cabc 36548.2
Model_Proj.dat 4 2011 Cofl 39827.4
Model_Proj.dat 4 2011 CLCI 13558
Model_Proj.dat 4 2011 CUCI 13558
Model_Proj.dat 4 2011 CMedian 13558
Model_Proj.dat 4 2011 CMean 13558
Model_Proj.dat 4 2011 CStdn 0.00137478
Model_Proj.dat 4 2008 SSBF100 211179
Model_Proj.dat 4 2008 SSBFabc 84471.7
Model_Proj.dat 4 2008 SSBFofl 73912.7
Model_Proj.dat 4 2008 SSBLCI 148075
Model_Proj.dat 4 2008 SSBUCI 148075
Model_Proj.dat 4 2008 SSBMedian 148075
Model_Proj.dat 4 2008 SSBMean 148075
Model_Proj.dat 4 2009 SSBF100 211179
Model_Proj.dat 4 2009 SSBFabc 84471.7
Model_Proj.dat 4 2009 SSBFofl 73912.7
Model_Proj.dat 4 2009 SSBLCI 146660
Model_Proj.dat 4 2009 SSBUCI 146671
Model_Proj.dat 4 2009 SSBMedian 146664
Model_Proj.dat 4 2009 SSBMean 146665
Model_Proj.dat 4 2010 SSBF100 211179
Model_Proj.dat 4 2010 SSBFabc 84471.7
Model_Proj.dat 4 2010 SSBFofl 73912.7
Model_Proj.dat 4 2010 SSBLCI 151073
Model_Proj.dat 4 2010 SSBUCI 151134
Model_Proj.dat 4 2010 SSBMedian 151097
Model_Proj.dat 4 2010 SSBMean 151102
Model_Proj.dat 4 2011 SSBF100 211179
Model_Proj.dat 4 2011 SSBFabc 84471.7
Model_Proj.dat 4 2011 SSBFofl 73912.7
Model_Proj.dat 4 2011 SSBLCI 158572
Model_Proj.dat 4 2011 SSBUCI 158811
Model_Proj.dat 4 2011 SSBMedian 158673
Model_Proj.dat 4 2011 SSBMean 158685
Model_Proj.dat 4 2008 F0 0 
Model_Proj.dat 4 2008 Fabc 0.365915
Model_Proj.dat 4 2008 Fofl 0.453098
Model_Proj.dat 4 2008  F_LCI 0.136371
Model_Proj.dat 4 2008  F_UCI 0.136371
Model_Proj.dat 4 2008  F_Median 0.136371
Model_Proj.dat 4 2008  F_Mean 0.136371
Model_Proj.dat 4 2009 F0 0 
Model_Proj.dat 4 2009 Fabc 0.365915
Model_Proj.dat 4 2009 Fofl 0.453098
Model_Proj.dat 4 2009  F_LCI 0.107546
Model_Proj.dat 4 2009  F_UCI 0.10756
Model_Proj.dat 4 2009  F_Median 0.107555
Model_Proj.dat 4 2009  F_Mean 0.107554
Model_Proj.dat 4 2010 F0 0 
Model_Proj.dat 4 2010 Fabc 0.365915
Model_Proj.dat 4 2010 Fofl 0.453098
Model_Proj.dat 4 2010  F_LCI 0.106383
Model_Proj.dat 4 2010  F_UCI 0.106498
Model_Proj.dat 4 2010  F_Median 0.106449
Model_Proj.dat 4 2010  F_Mean 0.106446
Model_Proj.dat 4 2011 F0 0 
Model_Proj.dat 4 2011 Fabc 0.365915
Model_Proj.dat 4 2011 Fofl 0.453098
Model_Proj.dat 4 2011  F_LCI 0.0675082
Model_Proj.dat 4 2011  F_UCI 0.0678396
Model_Proj.dat 4 2011  F_Median 0.0676984
Model_Proj.dat 4 2011  F_Mean 0.0676847
Model_Proj.dat 5 2008 Cabc 36548.2
Model_Proj.dat 5 2008 Cofl 39827.4
Model_Proj.dat 5 2008 CLCI 24539.8
Model_Proj.dat 5 2008 CUCI 24539.8
Model_Proj.dat 5 2008 CMedian 24539.8
Model_Proj.dat 5 2008 CMean 24539.8
Model_Proj.dat 5 2008 CStdn 3.63798e-11
Model_Proj.dat 5 2009 Cabc 36548.2
Model_Proj.dat 5 2009 Cofl 39827.4
Model_Proj.dat 5 2009 CLCI 19557.9
Model_Proj.dat 5 2009 CUCI 19557.9
Model_Proj.dat 5 2009 CMedian 19557.9
Model_Proj.dat 5 2009 CMean 19557.9
Model_Proj.dat 5 2009 CStdn 5.06429e-07
Model_Proj.dat 5 2010 Cabc 36548.2
Model_Proj.dat 5 2010 Cofl 39827.4
Model_Proj.dat 5 2010 CLCI 20127.1
Model_Proj.dat 5 2010 CUCI 20127.1
Model_Proj.dat 5 2010 CMedian 20127.1
Model_Proj.dat 5 2010 CMean 20127.1
Model_Proj.dat 5 2010 CStdn 9.81665e-06
Model_Proj.dat 5 2011 Cabc 36548.2
Model_Proj.dat 5 2011 Cofl 39827.4
Model_Proj.dat 5 2011 CLCI 13558
Model_Proj.dat 5 2011 CUCI 13558
Model_Proj.dat 5 2011 CMedian 13558
Model_Proj.dat 5 2011 CMean 13558
Model_Proj.dat 5 2011 CStdn 0.00137478
Model_Proj.dat 5 2008 SSBF100 211179
Model_Proj.dat 5 2008 SSBFabc 84471.7
Model_Proj.dat 5 2008 SSBFofl 73912.7
Model_Proj.dat 5 2008 SSBLCI 148075
Model_Proj.dat 5 2008 SSBUCI 148075
Model_Proj.dat 5 2008 SSBMedian 148075
Model_Proj.dat 5 2008 SSBMean 148075
Model_Proj.dat 5 2009 SSBF100 211179
Model_Proj.dat 5 2009 SSBFabc 84471.7
Model_Proj.dat 5 2009 SSBFofl 73912.7
Model_Proj.dat 5 2009 SSBLCI 146660
Model_Proj.dat 5 2009 SSBUCI 146671
Model_Proj.dat 5 2009 SSBMedian 146664
Model_Proj.dat 5 2009 SSBMean 146665
Model_Proj.dat 5 2010 SSBF100 211179
Model_Proj.dat 5 2010 SSBFabc 84471.7
Model_Proj.dat 5 2010 SSBFofl 73912.7
Model_Proj.dat 5 2010 SSBLCI 151073
Model_Proj.dat 5 2010 SSBUCI 151134
Model_Proj.dat 5 2010 SSBMedian 151097
Model_Proj.dat 5 2010 SSBMean 151102
Model_Proj.dat 5 2011 SSBF100 211179
Model_Proj.dat 5 2011 SSBFabc 84471.7
Model_Proj.dat 5 2011 SSBFofl 73912.7
Model_Proj.dat 5 2011 SSBLCI 158572
Model_Proj.dat 5 2011 SSBUCI 158811
Model_Proj.dat 5 2011 SSBMedian 158673
Model_Proj.dat 5 2011 SSBMean 158685
Model_Proj.dat 5 2008 F0 0 
Model_Proj.dat 5 2008 Fabc 0.365915
Model_Proj.dat 5 2008 Fofl 0.453098
Model_Proj.dat 5 2008  F_LCI 0.136371
Model_Proj.dat 5 2008  F_UCI 0.136371
Model_Proj.dat 5 2008  F_Median 0.136371
Model_Proj.dat 5 2008  F_Mean 0.136371
Model_Proj.dat 5 2009 F0 0 
Model_Proj.dat 5 2009 Fabc 0.365915
Model_Proj.dat 5 2009 Fofl 0.453098
Model_Proj.dat 5 2009  F_LCI 0.107546
Model_Proj.dat 5 2009  F_UCI 0.10756
Model_Proj.dat 5 2009  F_Median 0.107555
Model_Proj.dat 5 2009  F_Mean 0.107554
Model_Proj.dat 5 2010 F0 0 
Model_Proj.dat 5 2010 Fabc 0.365915
Model_Proj.dat 5 2010 Fofl 0.453098
Model_Proj.dat 5 2010  F_LCI 0.106383
Model_Proj.dat 5 2010  F_UCI 0.106498
Model_Proj.dat 5 2010  F_Median 0.106449
Model_Proj.dat 5 2010  F_Mean 0.106446
Model_Proj.dat 5 2011 F0 0 
Model_Proj.dat 5 2011 Fabc 0.365915
Model_Proj.dat 5 2011 Fofl 0.453098
Model_Proj.dat 5 2011  F_LCI 0.0675082
Model_Proj.dat 5 2011  F_UCI 0.0678396
Model_Proj.dat 5 2011  F_Median 0.0676984
Model_Proj.dat 5 2011  F_Mean 0.0676847
Model_Proj.dat 6 2008 Cabc 36548.2
Model_Proj.dat 6 2008 Cofl 39827.4
Model_Proj.dat 6 2008 CLCI 24539.8
Model_Proj.dat 6 2008 CUCI 24539.8
Model_Proj.dat 6 2008 CMedian 24539.8
Model_Proj.dat 6 2008 CMean 24539.8
Model_Proj.dat 6 2008 CStdn 3.63798e-11
Model_Proj.dat 6 2009 Cabc 36548.2
Model_Proj.dat 6 2009 Cofl 39827.4
Model_Proj.dat 6 2009 CLCI 75915.4
Model_Proj.dat 6 2009 CUCI 75926
Model_Proj.dat 6 2009 CMedian 75919.8
Model_Proj.dat 6 2009 CMean 75920.2
Model_Proj.dat 6 2009 CStdn 3.41481
Model_Proj.dat 6 2010 Cabc 36548.2
Model_Proj.dat 6 2010 Cofl 39827.4
Model_Proj.dat 6 2010 CLCI 68566.5
Model_Proj.dat 6 2010 CUCI 68656.9
Model_Proj.dat 6 2010 CMedian 68603.7
Model_Proj.dat 6 2010 CMean 68608.1
Model_Proj.dat 6 2010 CStdn 29.8554
Model_Proj.dat 6 2011 Cabc 36548.2
Model_Proj.dat 6 2011 Cofl 39827.4
Model_Proj.dat 6 2011 CLCI 64682.8
Model_Proj.dat 6 2011 CUCI 65112.1
Model_Proj.dat 6 2011 CMedian 64856
Model_Proj.dat 6 2011 CMean 64883.9
Model_Proj.dat 6 2011 CStdn 146.914
Model_Proj.dat 6 2008 SSBF100 211179
Model_Proj.dat 6 2008 SSBFabc 84471.7
Model_Proj.dat 6 2008 SSBFofl 73912.7
Model_Proj.dat 6 2008 SSBLCI 148075
Model_Proj.dat 6 2008 SSBUCI 148075
Model_Proj.dat 6 2008 SSBMedian 148075
Model_Proj.dat 6 2008 SSBMean 148075
Model_Proj.dat 6 2009 SSBF100 211179
Model_Proj.dat 6 2009 SSBFabc 84471.7
Model_Proj.dat 6 2009 SSBFofl 73912.7
Model_Proj.dat 6 2009 SSBLCI 146660
Model_Proj.dat 6 2009 SSBUCI 146671
Model_Proj.dat 6 2009 SSBMedian 146664
Model_Proj.dat 6 2009 SSBMean 146665
Model_Proj.dat 6 2010 SSBF100 211179
Model_Proj.dat 6 2010 SSBFabc 84471.7
Model_Proj.dat 6 2010 SSBFofl 73912.7
Model_Proj.dat 6 2010 SSBLCI 127186
Model_Proj.dat 6 2010 SSBUCI 127246
Model_Proj.dat 6 2010 SSBMedian 127210
Model_Proj.dat 6 2010 SSBMean 127214
Model_Proj.dat 6 2011 SSBF100 211179
Model_Proj.dat 6 2011 SSBFabc 84471.7
Model_Proj.dat 6 2011 SSBFofl 73912.7
Model_Proj.dat 6 2011 SSBLCI 117445
Model_Proj.dat 6 2011 SSBUCI 117674
Model_Proj.dat 6 2011 SSBMedian 117541
Model_Proj.dat 6 2011 SSBMean 117554
Model_Proj.dat 6 2008 F0 0 
Model_Proj.dat 6 2008 Fabc 0.365915
Model_Proj.dat 6 2008 Fofl 0.453098
Model_Proj.dat 6 2008  F_LCI 0.136371
Model_Proj.dat 6 2008  F_UCI 0.136371
Model_Proj.dat 6 2008  F_Median 0.136371
Model_Proj.dat 6 2008  F_Mean 0.136371
Model_Proj.dat 6 2009 F0 0 
Model_Proj.dat 6 2009 Fabc 0.365915
Model_Proj.dat 6 2009 Fofl 0.453098
Model_Proj.dat 6 2009  F_LCI 0.453097
Model_Proj.dat 6 2009  F_UCI 0.453097
Model_Proj.dat 6 2009  F_Median 0.453097
Model_Proj.dat 6 2009  F_Mean 0.453097
Model_Proj.dat 6 2010 F0 0 
Model_Proj.dat 6 2010 Fabc 0.365915
Model_Proj.dat 6 2010 Fofl 0.453098
Model_Proj.dat 6 2010  F_LCI 0.453097
Model_Proj.dat 6 2010  F_UCI 0.453097
Model_Proj.dat 6 2010  F_Median 0.453097
Model_Proj.dat 6 2010  F_Mean 0.453097
Model_Proj.dat 6 2011 F0 0 
Model_Proj.dat 6 2011 Fabc 0.365915
Model_Proj.dat 6 2011 Fofl 0.453098
Model_Proj.dat 6 2011  F_LCI 0.453097
Model_Proj.dat 6 2011  F_UCI 0.453097
Model_Proj.dat 6 2011  F_Median 0.453097
Model_Proj.dat 6 2011  F_Mean 0.453097
Model_Proj.dat 7 2008 Cabc 36548.2
Model_Proj.dat 7 2008 Cofl 39827.4
Model_Proj.dat 7 2008 CLCI 24539.8
Model_Proj.dat 7 2008 CUCI 24539.8
Model_Proj.dat 7 2008 CMedian 24539.8
Model_Proj.dat 7 2008 CMean 24539.8
Model_Proj.dat 7 2008 CStdn 3.63798e-11
Model_Proj.dat 7 2009 Cabc 36548.2
Model_Proj.dat 7 2009 Cofl 39827.4
Model_Proj.dat 7 2009 CLCI 62559.6
Model_Proj.dat 7 2009 CUCI 62568.1
Model_Proj.dat 7 2009 CMedian 62563.1
Model_Proj.dat 7 2009 CMean 62563.5
Model_Proj.dat 7 2009 CStdn 2.75786
Model_Proj.dat 7 2010 Cabc 36548.2
Model_Proj.dat 7 2010 Cofl 39827.4
Model_Proj.dat 7 2010 CLCI 58455.8
Model_Proj.dat 7 2010 CUCI 58528.8
Model_Proj.dat 7 2010 CMedian 58485.8
Model_Proj.dat 7 2010 CMean 58489.4
Model_Proj.dat 7 2010 CStdn 24.118
Model_Proj.dat 7 2011 Cabc 36548.2
Model_Proj.dat 7 2011 Cofl 39827.4
Model_Proj.dat 7 2011 CLCI 68680.6
Model_Proj.dat 7 2011 CUCI 69110.2
Model_Proj.dat 7 2011 CMedian 68853.9
Model_Proj.dat 7 2011 CMean 68881.8
Model_Proj.dat 7 2011 CStdn 146.988
Model_Proj.dat 7 2008 SSBF100 211179
Model_Proj.dat 7 2008 SSBFabc 84471.7
Model_Proj.dat 7 2008 SSBFofl 73912.7
Model_Proj.dat 7 2008 SSBLCI 148075
Model_Proj.dat 7 2008 SSBUCI 148075
Model_Proj.dat 7 2008 SSBMedian 148075
Model_Proj.dat 7 2008 SSBMean 148075
Model_Proj.dat 7 2009 SSBF100 211179
Model_Proj.dat 7 2009 SSBFabc 84471.7
Model_Proj.dat 7 2009 SSBFofl 73912.7
Model_Proj.dat 7 2009 SSBLCI 146660
Model_Proj.dat 7 2009 SSBUCI 146671
Model_Proj.dat 7 2009 SSBMedian 146664
Model_Proj.dat 7 2009 SSBMean 146665
Model_Proj.dat 7 2010 SSBF100 211179
Model_Proj.dat 7 2010 SSBFabc 84471.7
Model_Proj.dat 7 2010 SSBFofl 73912.7
Model_Proj.dat 7 2010 SSBLCI 132730
Model_Proj.dat 7 2010 SSBUCI 132789
Model_Proj.dat 7 2010 SSBMedian 132754
Model_Proj.dat 7 2010 SSBMean 132758
Model_Proj.dat 7 2011 SSBF100 211179
Model_Proj.dat 7 2011 SSBFabc 84471.7
Model_Proj.dat 7 2011 SSBFofl 73912.7
Model_Proj.dat 7 2011 SSBLCI 126274
Model_Proj.dat 7 2011 SSBUCI 126503
Model_Proj.dat 7 2011 SSBMedian 126371
Model_Proj.dat 7 2011 SSBMean 126383
Model_Proj.dat 7 2008 F0 0 
Model_Proj.dat 7 2008 Fabc 0.365915
Model_Proj.dat 7 2008 Fofl 0.453098
Model_Proj.dat 7 2008  F_LCI 0.136371
Model_Proj.dat 7 2008  F_UCI 0.136371
Model_Proj.dat 7 2008  F_Median 0.136371
Model_Proj.dat 7 2008  F_Mean 0.136371
Model_Proj.dat 7 2009 F0 0 
Model_Proj.dat 7 2009 Fabc 0.365915
Model_Proj.dat 7 2009 Fofl 0.453098
Model_Proj.dat 7 2009  F_LCI 0.365915
Model_Proj.dat 7 2009  F_UCI 0.365915
Model_Proj.dat 7 2009  F_Median 0.365915
Model_Proj.dat 7 2009  F_Mean 0.365915
Model_Proj.dat 7 2010 F0 0 
Model_Proj.dat 7 2010 Fabc 0.365915
Model_Proj.dat 7 2010 Fofl 0.453098
Model_Proj.dat 7 2010  F_LCI 0.365915
Model_Proj.dat 7 2010  F_UCI 0.365915
Model_Proj.dat 7 2010  F_Median 0.365915
Model_Proj.dat 7 2010  F_Mean 0.365915
Model_Proj.dat 7 2011 F0 0 
Model_Proj.dat 7 2011 Fabc 0.365915
Model_Proj.dat 7 2011 Fofl 0.453098
Model_Proj.dat 7 2011  F_LCI 0.453097
Model_Proj.dat 7 2011  F_UCI 0.453097
Model_Proj.dat 7 2011  F_Median 0.453097
Model_Proj.dat 7 2011  F_Mean 0.453097
