Alternative 1 Catch
     Model_Proj.dat 
Equil_Fabc 34253.2 
Year 
2016 10312.9 
2017 9110.9 
2018 11006.6 

Alternative 1 ABCs
     Model_Proj.dat 

Year 
2016 59640.6 
2017 58085.6 
2018 57274.7 

Alternative 1 TACs
     Model_Proj.dat 

Year 
2016  NA 
2017  NA 
2018  NA 

Alternative 1 Sp_Biomass
     Model_Proj.dat 
Equil_Fabc 78795.7 
Year 
2016 152626 
2017 146814 
2018 142160 

Alternative 1 Fishing Mortality
     Model_Proj.dat 
Equil_Fabc 0.358454 
Year 
2016 0.0570558 
2017 0.0516729 
2018 0.0635779 

Alternative 1 Biomass
     Model_Proj.dat 

Year 
2016 507561 
2017 510883 
2018 517997 

Alternative 1 Implied SPR rate 
     Model_Proj.dat 
Equil_Fabc 0.4 
Year 
2016 0.805016 
2017 0.820025 
2018 0.787568 

  Model_Proj.dat 
EquilAvgAgeF0  5.39324 
EquilAvgAgeFabc  4.09852 
AvgAgeYr2018 4.80926 
Alternative 2 Catch
     Model_Proj.dat 
Equil_Fabc 34253.2 
Year 
2016 10312.9 
2017 9110.9 
2018 11006.6 

Alternative 2 ABCs
     Model_Proj.dat 

Year 
2016 59640.6 
2017 58085.6 
2018 57274.7 

Alternative 2 TACs
     Model_Proj.dat 

Year 
2016  NA 
2017  NA 
2018  NA 

Alternative 2 Sp_Biomass
     Model_Proj.dat 
Equil_Fabc 78795.7 
Year 
2016 152626 
2017 146814 
2018 142160 

Alternative 2 Fishing Mortality
     Model_Proj.dat 
Equil_Fabc 0.358454 
Year 
2016 0.0570558 
2017 0.0516729 
2018 0.0635779 

Alternative 2 Biomass
     Model_Proj.dat 

Year 
2016 507561 
2017 510883 
2018 517997 

Alternative 2 Implied SPR rate 
     Model_Proj.dat 
Equil_Fabc 0.4 
Year 
2016 0.805016 
2017 0.820025 
2018 0.787568 

  Model_Proj.dat 
EquilAvgAgeF0  5.39324 
EquilAvgAgeFabc  4.09852 
AvgAgeYr2018 4.80926 
Alternative 3 Catch
     Model_Proj.dat 
Equil_Fabc 34253.2 
Year 
2016 10312.9 
2017 9110.9 
2018 11006.6 

Alternative 3 ABCs
     Model_Proj.dat 

Year 
2016 12519.1 
2017 12193.5 
2018 12012.7 

Alternative 3 TACs
     Model_Proj.dat 

Year 
2016  NA 
2017  NA 
2018  NA 

Alternative 3 Sp_Biomass
     Model_Proj.dat 
Equil_Fabc 78795.7 
Year 
2016 152626 
2017 146814 
2018 142160 

Alternative 3 Fishing Mortality
     Model_Proj.dat 
Equil_Fabc 0.358454 
Year 
2016 0.0570558 
2017 0.0516729 
2018 0.0635779 

Alternative 3 Biomass
     Model_Proj.dat 

Year 
2016 507561 
2017 510883 
2018 517997 

Alternative 3 Implied SPR rate 
     Model_Proj.dat 
Equil_Fabc 0.4 
Year 
2016 0.805016 
2017 0.820025 
2018 0.787568 

  Model_Proj.dat 
EquilAvgAgeF0  5.39324 
EquilAvgAgeFabc  4.09852 
AvgAgeYr2018 4.80926 
Alternative 4 Catch
     Model_Proj.dat 
Equil_Fabc 34253.2 
Year 
2016 10312.9 
2017 9110.9 
2018 11006.6 

Alternative 4 ABCs
     Model_Proj.dat 

Year 
2016 14134.8 
2017 13767.2 
2018 13563.4 

Alternative 4 TACs
     Model_Proj.dat 

Year 
2016  NA 
2017  NA 
2018  NA 

Alternative 4 Sp_Biomass
     Model_Proj.dat 
Equil_Fabc 78795.7 
Year 
2016 152626 
2017 146814 
2018 142160 

Alternative 4 Fishing Mortality
     Model_Proj.dat 
Equil_Fabc 0.358454 
Year 
2016 0.0570558 
2017 0.0516729 
2018 0.0635779 

Alternative 4 Biomass
     Model_Proj.dat 

Year 
2016 507561 
2017 510883 
2018 517997 

Alternative 4 Implied SPR rate 
     Model_Proj.dat 
Equil_Fabc 0.4 
Year 
2016 0.805016 
2017 0.820025 
2018 0.787568 

  Model_Proj.dat 
EquilAvgAgeF0  5.39324 
EquilAvgAgeFabc  4.09852 
AvgAgeYr2018 4.80926 
Alternative 5 Catch
     Model_Proj.dat 
Equil_Fabc 34253.2 
Year 
2016 10312.9 
2017 9110.9 
2018 11006.6 

Alternative 5 ABCs
     Model_Proj.dat 

Year 
2016  NA 
2017  NA 
2018  NA 

Alternative 5 TACs
     Model_Proj.dat 

Year 
2016  NA 
2017  NA 
2018  NA 

Alternative 5 Sp_Biomass
     Model_Proj.dat 
Equil_Fabc 78795.7 
Year 
2016 152626 
2017 146814 
2018 142160 

Alternative 5 Fishing Mortality
     Model_Proj.dat 
Equil_Fabc 0.358454 
Year 
2016 0.0570558 
2017 0.0516729 
2018 0.0635779 

Alternative 5 Biomass
     Model_Proj.dat 

Year 
2016 507561 
2017 510883 
2018 517997 

Alternative 5 Implied SPR rate 
     Model_Proj.dat 
Equil_Fabc 0.4 
Year 
2016 0.805016 
2017 0.820025 
2018 0.787568 

  Model_Proj.dat 
EquilAvgAgeF0  5.39324 
EquilAvgAgeFabc  4.09852 
AvgAgeYr2018 4.80926 
Alternative 6 Catch
     Model_Proj.dat 
Equil_Fabc 34253.2 
Year 
2016 10312.9 
2017 70312.4 
2018 56816.1 

Alternative 6 ABCs
     Model_Proj.dat 

Year 
2016 72194.7 
2017 70312.5 
2018 56816.1 

Alternative 6 TACs
     Model_Proj.dat 

Year 
2016  NA 
2017 70312.5 
2018 56816.1 

Alternative 6 Sp_Biomass
     Model_Proj.dat 
Equil_Fabc 78795.7 
Year 
2016 152626 
2017 146814 
2018 112878 

Alternative 6 Fishing Mortality
     Model_Proj.dat 
Equil_Fabc 0.358454 
Year 
2016 0.0570558 
2017 0.443921 
2018 0.443921 

Alternative 6 Biomass
     Model_Proj.dat 

Year 
2016 507561 
2017 510883 
2018 463600 

Alternative 6 Implied SPR rate 
     Model_Proj.dat 
Equil_Fabc 0.4 
Year 
2016 0.805016 
2017 0.35 
2018 0.35 

  Model_Proj.dat 
EquilAvgAgeF0  5.39324 
EquilAvgAgeFabc  4.09852 
AvgAgeYr2018 4.27793 
Alternative 7 Catch
     Model_Proj.dat 
Equil_Fabc 34253.2 
Year 
2016 10312.9 
2017 58085.6 
2018 48930.9 

Alternative 7 ABCs
     Model_Proj.dat 

Year 
2016 72194.7 
2017 70312.5 
2018 59288.1 

Alternative 7 TACs
     Model_Proj.dat 

Year 
2016  NA 
2017 70312.5 
2018 59288.1 

Alternative 7 Sp_Biomass
     Model_Proj.dat 
Equil_Fabc 78795.7 
Year 
2016 152626 
2017 146814 
2018 118607 

Alternative 7 Fishing Mortality
     Model_Proj.dat 
Equil_Fabc 0.358454 
Year 
2016 0.0570558 
2017 0.358454 
2018 0.358454 

Alternative 7 Biomass
     Model_Proj.dat 

Year 
2016 507561 
2017 510883 
2018 474440 

Alternative 7 Implied SPR rate 
     Model_Proj.dat 
Equil_Fabc 0.4 
Year 
2016 0.805016 
2017 0.4 
2018 0.4 

  Model_Proj.dat 
EquilAvgAgeF0  5.39324 
EquilAvgAgeFabc  4.09852 
AvgAgeYr2018 4.37894 
