Model_Proj.dat 1 2016 Cabc 34253.2
Model_Proj.dat 1 2016 Cofl 37353.4
Model_Proj.dat 1 2016 CLCI 10312.9
Model_Proj.dat 1 2016 CUCI 10312.9
Model_Proj.dat 1 2016 CMedian 10312.9
Model_Proj.dat 1 2016 CMean 10312.9
Model_Proj.dat 1 2016 CStdn 2.54659e-11
Model_Proj.dat 1 2017 Cabc 34253.2
Model_Proj.dat 1 2017 Cofl 37353.4
Model_Proj.dat 1 2017 CLCI 9110.9
Model_Proj.dat 1 2017 CUCI 9110.9
Model_Proj.dat 1 2017 CMedian 9110.9
Model_Proj.dat 1 2017 CMean 9110.9
Model_Proj.dat 1 2017 CStdn 9.70133e-07
Model_Proj.dat 1 2018 Cabc 34253.2
Model_Proj.dat 1 2018 Cofl 37353.4
Model_Proj.dat 1 2018 CLCI 11006.6
Model_Proj.dat 1 2018 CUCI 11006.6
Model_Proj.dat 1 2018 CMedian 11006.6
Model_Proj.dat 1 2018 CMean 11006.6
Model_Proj.dat 1 2018 CStdn 4.71884e-06
Model_Proj.dat 1 2016 SSBF100 196989
Model_Proj.dat 1 2016 SSBFabc 78795.7
Model_Proj.dat 1 2016 SSBFofl 68946.2
Model_Proj.dat 1 2016 SSBLCI 152626
Model_Proj.dat 1 2016 SSBUCI 152626
Model_Proj.dat 1 2016 SSBMedian 152626
Model_Proj.dat 1 2016 SSBMean 152626
Model_Proj.dat 1 2017 SSBF100 196989
Model_Proj.dat 1 2017 SSBFabc 78795.7
Model_Proj.dat 1 2017 SSBFofl 68946.2
Model_Proj.dat 1 2017 SSBLCI 146810
Model_Proj.dat 1 2017 SSBUCI 146820
Model_Proj.dat 1 2017 SSBMedian 146814
Model_Proj.dat 1 2017 SSBMean 146814
Model_Proj.dat 1 2018 SSBF100 196989
Model_Proj.dat 1 2018 SSBFabc 78795.7
Model_Proj.dat 1 2018 SSBFofl 68946.2
Model_Proj.dat 1 2018 SSBLCI 142136
Model_Proj.dat 1 2018 SSBUCI 142194
Model_Proj.dat 1 2018 SSBMedian 142157
Model_Proj.dat 1 2018 SSBMean 142160
Model_Proj.dat 1 2016 F0 0 
Model_Proj.dat 1 2016 Fabc 0.358454
Model_Proj.dat 1 2016 Fofl 0.443921
Model_Proj.dat 1 2016  F_LCI 0.0570558
Model_Proj.dat 1 2016  F_UCI 0.0570558
Model_Proj.dat 1 2016  F_Median 0.0570558
Model_Proj.dat 1 2016  F_Mean 0.0570558
Model_Proj.dat 1 2017 F0 0 
Model_Proj.dat 1 2017 Fabc 0.358454
Model_Proj.dat 1 2017 Fofl 0.443921
Model_Proj.dat 1 2017  F_LCI 0.0516693
Model_Proj.dat 1 2017  F_UCI 0.0516752
Model_Proj.dat 1 2017  F_Median 0.0516732
Model_Proj.dat 1 2017  F_Mean 0.0516729
Model_Proj.dat 1 2018 F0 0 
Model_Proj.dat 1 2018 Fabc 0.358454
Model_Proj.dat 1 2018 Fofl 0.443921
Model_Proj.dat 1 2018  F_LCI 0.0635344
Model_Proj.dat 1 2018  F_UCI 0.0636054
Model_Proj.dat 1 2018  F_Median 0.0635818
Model_Proj.dat 1 2018  F_Mean 0.0635779
Model_Proj.dat 2 2016 Cabc 34253.2
Model_Proj.dat 2 2016 Cofl 37353.4
Model_Proj.dat 2 2016 CLCI 10312.9
Model_Proj.dat 2 2016 CUCI 10312.9
Model_Proj.dat 2 2016 CMedian 10312.9
Model_Proj.dat 2 2016 CMean 10312.9
Model_Proj.dat 2 2016 CStdn 2.54659e-11
Model_Proj.dat 2 2017 Cabc 34253.2
Model_Proj.dat 2 2017 Cofl 37353.4
Model_Proj.dat 2 2017 CLCI 9110.9
Model_Proj.dat 2 2017 CUCI 9110.9
Model_Proj.dat 2 2017 CMedian 9110.9
Model_Proj.dat 2 2017 CMean 9110.9
Model_Proj.dat 2 2017 CStdn 9.70133e-07
Model_Proj.dat 2 2018 Cabc 34253.2
Model_Proj.dat 2 2018 Cofl 37353.4
Model_Proj.dat 2 2018 CLCI 11006.6
Model_Proj.dat 2 2018 CUCI 11006.6
Model_Proj.dat 2 2018 CMedian 11006.6
Model_Proj.dat 2 2018 CMean 11006.6
Model_Proj.dat 2 2018 CStdn 4.71884e-06
Model_Proj.dat 2 2016 SSBF100 196989
Model_Proj.dat 2 2016 SSBFabc 78795.7
Model_Proj.dat 2 2016 SSBFofl 68946.2
Model_Proj.dat 2 2016 SSBLCI 152626
Model_Proj.dat 2 2016 SSBUCI 152626
Model_Proj.dat 2 2016 SSBMedian 152626
Model_Proj.dat 2 2016 SSBMean 152626
Model_Proj.dat 2 2017 SSBF100 196989
Model_Proj.dat 2 2017 SSBFabc 78795.7
Model_Proj.dat 2 2017 SSBFofl 68946.2
Model_Proj.dat 2 2017 SSBLCI 146810
Model_Proj.dat 2 2017 SSBUCI 146820
Model_Proj.dat 2 2017 SSBMedian 146814
Model_Proj.dat 2 2017 SSBMean 146814
Model_Proj.dat 2 2018 SSBF100 196989
Model_Proj.dat 2 2018 SSBFabc 78795.7
Model_Proj.dat 2 2018 SSBFofl 68946.2
Model_Proj.dat 2 2018 SSBLCI 142136
Model_Proj.dat 2 2018 SSBUCI 142194
Model_Proj.dat 2 2018 SSBMedian 142157
Model_Proj.dat 2 2018 SSBMean 142160
Model_Proj.dat 2 2016 F0 0 
Model_Proj.dat 2 2016 Fabc 0.358454
Model_Proj.dat 2 2016 Fofl 0.443921
Model_Proj.dat 2 2016  F_LCI 0.0570558
Model_Proj.dat 2 2016  F_UCI 0.0570558
Model_Proj.dat 2 2016  F_Median 0.0570558
Model_Proj.dat 2 2016  F_Mean 0.0570558
Model_Proj.dat 2 2017 F0 0 
Model_Proj.dat 2 2017 Fabc 0.358454
Model_Proj.dat 2 2017 Fofl 0.443921
Model_Proj.dat 2 2017  F_LCI 0.0516693
Model_Proj.dat 2 2017  F_UCI 0.0516752
Model_Proj.dat 2 2017  F_Median 0.0516732
Model_Proj.dat 2 2017  F_Mean 0.0516729
Model_Proj.dat 2 2018 F0 0 
Model_Proj.dat 2 2018 Fabc 0.358454
Model_Proj.dat 2 2018 Fofl 0.443921
Model_Proj.dat 2 2018  F_LCI 0.0635344
Model_Proj.dat 2 2018  F_UCI 0.0636054
Model_Proj.dat 2 2018  F_Median 0.0635818
Model_Proj.dat 2 2018  F_Mean 0.0635779
Model_Proj.dat 3 2016 Cabc 34253.2
Model_Proj.dat 3 2016 Cofl 37353.4
Model_Proj.dat 3 2016 CLCI 10312.9
Model_Proj.dat 3 2016 CUCI 10312.9
Model_Proj.dat 3 2016 CMedian 10312.9
Model_Proj.dat 3 2016 CMean 10312.9
Model_Proj.dat 3 2016 CStdn 2.54659e-11
Model_Proj.dat 3 2017 Cabc 34253.2
Model_Proj.dat 3 2017 Cofl 37353.4
Model_Proj.dat 3 2017 CLCI 9110.9
Model_Proj.dat 3 2017 CUCI 9110.9
Model_Proj.dat 3 2017 CMedian 9110.9
Model_Proj.dat 3 2017 CMean 9110.9
Model_Proj.dat 3 2017 CStdn 9.70133e-07
Model_Proj.dat 3 2018 Cabc 34253.2
Model_Proj.dat 3 2018 Cofl 37353.4
Model_Proj.dat 3 2018 CLCI 11006.6
Model_Proj.dat 3 2018 CUCI 11006.6
Model_Proj.dat 3 2018 CMedian 11006.6
Model_Proj.dat 3 2018 CMean 11006.6
Model_Proj.dat 3 2018 CStdn 4.71884e-06
Model_Proj.dat 3 2016 SSBF100 196989
Model_Proj.dat 3 2016 SSBFabc 78795.7
Model_Proj.dat 3 2016 SSBFofl 68946.2
Model_Proj.dat 3 2016 SSBLCI 152626
Model_Proj.dat 3 2016 SSBUCI 152626
Model_Proj.dat 3 2016 SSBMedian 152626
Model_Proj.dat 3 2016 SSBMean 152626
Model_Proj.dat 3 2017 SSBF100 196989
Model_Proj.dat 3 2017 SSBFabc 78795.7
Model_Proj.dat 3 2017 SSBFofl 68946.2
Model_Proj.dat 3 2017 SSBLCI 146810
Model_Proj.dat 3 2017 SSBUCI 146820
Model_Proj.dat 3 2017 SSBMedian 146814
Model_Proj.dat 3 2017 SSBMean 146814
Model_Proj.dat 3 2018 SSBF100 196989
Model_Proj.dat 3 2018 SSBFabc 78795.7
Model_Proj.dat 3 2018 SSBFofl 68946.2
Model_Proj.dat 3 2018 SSBLCI 142136
Model_Proj.dat 3 2018 SSBUCI 142194
Model_Proj.dat 3 2018 SSBMedian 142157
Model_Proj.dat 3 2018 SSBMean 142160
Model_Proj.dat 3 2016 F0 0 
Model_Proj.dat 3 2016 Fabc 0.358454
Model_Proj.dat 3 2016 Fofl 0.443921
Model_Proj.dat 3 2016  F_LCI 0.0570558
Model_Proj.dat 3 2016  F_UCI 0.0570558
Model_Proj.dat 3 2016  F_Median 0.0570558
Model_Proj.dat 3 2016  F_Mean 0.0570558
Model_Proj.dat 3 2017 F0 0 
Model_Proj.dat 3 2017 Fabc 0.358454
Model_Proj.dat 3 2017 Fofl 0.443921
Model_Proj.dat 3 2017  F_LCI 0.0516693
Model_Proj.dat 3 2017  F_UCI 0.0516752
Model_Proj.dat 3 2017  F_Median 0.0516732
Model_Proj.dat 3 2017  F_Mean 0.0516729
Model_Proj.dat 3 2018 F0 0 
Model_Proj.dat 3 2018 Fabc 0.358454
Model_Proj.dat 3 2018 Fofl 0.443921
Model_Proj.dat 3 2018  F_LCI 0.0635344
Model_Proj.dat 3 2018  F_UCI 0.0636054
Model_Proj.dat 3 2018  F_Median 0.0635818
Model_Proj.dat 3 2018  F_Mean 0.0635779
Model_Proj.dat 4 2016 Cabc 34253.2
Model_Proj.dat 4 2016 Cofl 37353.4
Model_Proj.dat 4 2016 CLCI 10312.9
Model_Proj.dat 4 2016 CUCI 10312.9
Model_Proj.dat 4 2016 CMedian 10312.9
Model_Proj.dat 4 2016 CMean 10312.9
Model_Proj.dat 4 2016 CStdn 2.54659e-11
Model_Proj.dat 4 2017 Cabc 34253.2
Model_Proj.dat 4 2017 Cofl 37353.4
Model_Proj.dat 4 2017 CLCI 9110.9
Model_Proj.dat 4 2017 CUCI 9110.9
Model_Proj.dat 4 2017 CMedian 9110.9
Model_Proj.dat 4 2017 CMean 9110.9
Model_Proj.dat 4 2017 CStdn 9.70133e-07
Model_Proj.dat 4 2018 Cabc 34253.2
Model_Proj.dat 4 2018 Cofl 37353.4
Model_Proj.dat 4 2018 CLCI 11006.6
Model_Proj.dat 4 2018 CUCI 11006.6
Model_Proj.dat 4 2018 CMedian 11006.6
Model_Proj.dat 4 2018 CMean 11006.6
Model_Proj.dat 4 2018 CStdn 4.71884e-06
Model_Proj.dat 4 2016 SSBF100 196989
Model_Proj.dat 4 2016 SSBFabc 78795.7
Model_Proj.dat 4 2016 SSBFofl 68946.2
Model_Proj.dat 4 2016 SSBLCI 152626
Model_Proj.dat 4 2016 SSBUCI 152626
Model_Proj.dat 4 2016 SSBMedian 152626
Model_Proj.dat 4 2016 SSBMean 152626
Model_Proj.dat 4 2017 SSBF100 196989
Model_Proj.dat 4 2017 SSBFabc 78795.7
Model_Proj.dat 4 2017 SSBFofl 68946.2
Model_Proj.dat 4 2017 SSBLCI 146810
Model_Proj.dat 4 2017 SSBUCI 146820
Model_Proj.dat 4 2017 SSBMedian 146814
Model_Proj.dat 4 2017 SSBMean 146814
Model_Proj.dat 4 2018 SSBF100 196989
Model_Proj.dat 4 2018 SSBFabc 78795.7
Model_Proj.dat 4 2018 SSBFofl 68946.2
Model_Proj.dat 4 2018 SSBLCI 142136
Model_Proj.dat 4 2018 SSBUCI 142194
Model_Proj.dat 4 2018 SSBMedian 142157
Model_Proj.dat 4 2018 SSBMean 142160
Model_Proj.dat 4 2016 F0 0 
Model_Proj.dat 4 2016 Fabc 0.358454
Model_Proj.dat 4 2016 Fofl 0.443921
Model_Proj.dat 4 2016  F_LCI 0.0570558
Model_Proj.dat 4 2016  F_UCI 0.0570558
Model_Proj.dat 4 2016  F_Median 0.0570558
Model_Proj.dat 4 2016  F_Mean 0.0570558
Model_Proj.dat 4 2017 F0 0 
Model_Proj.dat 4 2017 Fabc 0.358454
Model_Proj.dat 4 2017 Fofl 0.443921
Model_Proj.dat 4 2017  F_LCI 0.0516693
Model_Proj.dat 4 2017  F_UCI 0.0516752
Model_Proj.dat 4 2017  F_Median 0.0516732
Model_Proj.dat 4 2017  F_Mean 0.0516729
Model_Proj.dat 4 2018 F0 0 
Model_Proj.dat 4 2018 Fabc 0.358454
Model_Proj.dat 4 2018 Fofl 0.443921
Model_Proj.dat 4 2018  F_LCI 0.0635344
Model_Proj.dat 4 2018  F_UCI 0.0636054
Model_Proj.dat 4 2018  F_Median 0.0635818
Model_Proj.dat 4 2018  F_Mean 0.0635779
Model_Proj.dat 5 2016 Cabc 34253.2
Model_Proj.dat 5 2016 Cofl 37353.4
Model_Proj.dat 5 2016 CLCI 10312.9
Model_Proj.dat 5 2016 CUCI 10312.9
Model_Proj.dat 5 2016 CMedian 10312.9
Model_Proj.dat 5 2016 CMean 10312.9
Model_Proj.dat 5 2016 CStdn 2.54659e-11
Model_Proj.dat 5 2017 Cabc 34253.2
Model_Proj.dat 5 2017 Cofl 37353.4
Model_Proj.dat 5 2017 CLCI 9110.9
Model_Proj.dat 5 2017 CUCI 9110.9
Model_Proj.dat 5 2017 CMedian 9110.9
Model_Proj.dat 5 2017 CMean 9110.9
Model_Proj.dat 5 2017 CStdn 9.70133e-07
Model_Proj.dat 5 2018 Cabc 34253.2
Model_Proj.dat 5 2018 Cofl 37353.4
Model_Proj.dat 5 2018 CLCI 11006.6
Model_Proj.dat 5 2018 CUCI 11006.6
Model_Proj.dat 5 2018 CMedian 11006.6
Model_Proj.dat 5 2018 CMean 11006.6
Model_Proj.dat 5 2018 CStdn 4.71884e-06
Model_Proj.dat 5 2016 SSBF100 196989
Model_Proj.dat 5 2016 SSBFabc 78795.7
Model_Proj.dat 5 2016 SSBFofl 68946.2
Model_Proj.dat 5 2016 SSBLCI 152626
Model_Proj.dat 5 2016 SSBUCI 152626
Model_Proj.dat 5 2016 SSBMedian 152626
Model_Proj.dat 5 2016 SSBMean 152626
Model_Proj.dat 5 2017 SSBF100 196989
Model_Proj.dat 5 2017 SSBFabc 78795.7
Model_Proj.dat 5 2017 SSBFofl 68946.2
Model_Proj.dat 5 2017 SSBLCI 146810
Model_Proj.dat 5 2017 SSBUCI 146820
Model_Proj.dat 5 2017 SSBMedian 146814
Model_Proj.dat 5 2017 SSBMean 146814
Model_Proj.dat 5 2018 SSBF100 196989
Model_Proj.dat 5 2018 SSBFabc 78795.7
Model_Proj.dat 5 2018 SSBFofl 68946.2
Model_Proj.dat 5 2018 SSBLCI 142136
Model_Proj.dat 5 2018 SSBUCI 142194
Model_Proj.dat 5 2018 SSBMedian 142157
Model_Proj.dat 5 2018 SSBMean 142160
Model_Proj.dat 5 2016 F0 0 
Model_Proj.dat 5 2016 Fabc 0.358454
Model_Proj.dat 5 2016 Fofl 0.443921
Model_Proj.dat 5 2016  F_LCI 0.0570558
Model_Proj.dat 5 2016  F_UCI 0.0570558
Model_Proj.dat 5 2016  F_Median 0.0570558
Model_Proj.dat 5 2016  F_Mean 0.0570558
Model_Proj.dat 5 2017 F0 0 
Model_Proj.dat 5 2017 Fabc 0.358454
Model_Proj.dat 5 2017 Fofl 0.443921
Model_Proj.dat 5 2017  F_LCI 0.0516693
Model_Proj.dat 5 2017  F_UCI 0.0516752
Model_Proj.dat 5 2017  F_Median 0.0516732
Model_Proj.dat 5 2017  F_Mean 0.0516729
Model_Proj.dat 5 2018 F0 0 
Model_Proj.dat 5 2018 Fabc 0.358454
Model_Proj.dat 5 2018 Fofl 0.443921
Model_Proj.dat 5 2018  F_LCI 0.0635344
Model_Proj.dat 5 2018  F_UCI 0.0636054
Model_Proj.dat 5 2018  F_Median 0.0635818
Model_Proj.dat 5 2018  F_Mean 0.0635779
Model_Proj.dat 6 2016 Cabc 34253.2
Model_Proj.dat 6 2016 Cofl 37353.4
Model_Proj.dat 6 2016 CLCI 10312.9
Model_Proj.dat 6 2016 CUCI 10312.9
Model_Proj.dat 6 2016 CMedian 10312.9
Model_Proj.dat 6 2016 CMean 10312.9
Model_Proj.dat 6 2016 CStdn 2.54659e-11
Model_Proj.dat 6 2017 Cabc 34253.2
Model_Proj.dat 6 2017 Cofl 37353.4
Model_Proj.dat 6 2017 CLCI 70308.9
Model_Proj.dat 6 2017 CUCI 70317
Model_Proj.dat 6 2017 CMedian 70312
Model_Proj.dat 6 2017 CMean 70312.4
Model_Proj.dat 6 2017 CStdn 2.94116
Model_Proj.dat 6 2018 Cabc 34253.2
Model_Proj.dat 6 2018 Cofl 37353.4
Model_Proj.dat 6 2018 CLCI 56783.3
Model_Proj.dat 6 2018 CUCI 56864.6
Model_Proj.dat 6 2018 CMedian 56811.2
Model_Proj.dat 6 2018 CMean 56816.1
Model_Proj.dat 6 2018 CStdn 27.0976
Model_Proj.dat 6 2016 SSBF100 196989
Model_Proj.dat 6 2016 SSBFabc 78795.7
Model_Proj.dat 6 2016 SSBFofl 68946.2
Model_Proj.dat 6 2016 SSBLCI 152626
Model_Proj.dat 6 2016 SSBUCI 152626
Model_Proj.dat 6 2016 SSBMedian 152626
Model_Proj.dat 6 2016 SSBMean 152626
Model_Proj.dat 6 2017 SSBF100 196989
Model_Proj.dat 6 2017 SSBFabc 78795.7
Model_Proj.dat 6 2017 SSBFofl 68946.2
Model_Proj.dat 6 2017 SSBLCI 146810
Model_Proj.dat 6 2017 SSBUCI 146820
Model_Proj.dat 6 2017 SSBMedian 146814
Model_Proj.dat 6 2017 SSBMean 146814
Model_Proj.dat 6 2018 SSBF100 196989
Model_Proj.dat 6 2018 SSBFabc 78795.7
Model_Proj.dat 6 2018 SSBFofl 68946.2
Model_Proj.dat 6 2018 SSBLCI 112853
Model_Proj.dat 6 2018 SSBUCI 112911
Model_Proj.dat 6 2018 SSBMedian 112875
Model_Proj.dat 6 2018 SSBMean 112878
Model_Proj.dat 6 2016 F0 0 
Model_Proj.dat 6 2016 Fabc 0.358454
Model_Proj.dat 6 2016 Fofl 0.443921
Model_Proj.dat 6 2016  F_LCI 0.0570558
Model_Proj.dat 6 2016  F_UCI 0.0570558
Model_Proj.dat 6 2016  F_Median 0.0570558
Model_Proj.dat 6 2016  F_Mean 0.0570558
Model_Proj.dat 6 2017 F0 0 
Model_Proj.dat 6 2017 Fabc 0.358454
Model_Proj.dat 6 2017 Fofl 0.443921
Model_Proj.dat 6 2017  F_LCI 0.443921
Model_Proj.dat 6 2017  F_UCI 0.443921
Model_Proj.dat 6 2017  F_Median 0.443921
Model_Proj.dat 6 2017  F_Mean 0.443921
Model_Proj.dat 6 2018 F0 0 
Model_Proj.dat 6 2018 Fabc 0.358454
Model_Proj.dat 6 2018 Fofl 0.443921
Model_Proj.dat 6 2018  F_LCI 0.443921
Model_Proj.dat 6 2018  F_UCI 0.443921
Model_Proj.dat 6 2018  F_Median 0.443921
Model_Proj.dat 6 2018  F_Mean 0.443921
Model_Proj.dat 7 2016 Cabc 34253.2
Model_Proj.dat 7 2016 Cofl 37353.4
Model_Proj.dat 7 2016 CLCI 10312.9
Model_Proj.dat 7 2016 CUCI 10312.9
Model_Proj.dat 7 2016 CMedian 10312.9
Model_Proj.dat 7 2016 CMean 10312.9
Model_Proj.dat 7 2016 CStdn 2.54659e-11
Model_Proj.dat 7 2017 Cabc 34253.2
Model_Proj.dat 7 2017 Cofl 37353.4
Model_Proj.dat 7 2017 CLCI 58082.7
Model_Proj.dat 7 2017 CUCI 58089.3
Model_Proj.dat 7 2017 CMedian 58085.2
Model_Proj.dat 7 2017 CMean 58085.6
Model_Proj.dat 7 2017 CStdn 2.375
Model_Proj.dat 7 2018 Cabc 34253.2
Model_Proj.dat 7 2018 Cofl 37353.4
Model_Proj.dat 7 2018 CLCI 48904.4
Model_Proj.dat 7 2018 CUCI 48970.1
Model_Proj.dat 7 2018 CMedian 48926.9
Model_Proj.dat 7 2018 CMean 48930.9
Model_Proj.dat 7 2018 CStdn 21.9037
Model_Proj.dat 7 2016 SSBF100 196989
Model_Proj.dat 7 2016 SSBFabc 78795.7
Model_Proj.dat 7 2016 SSBFofl 68946.2
Model_Proj.dat 7 2016 SSBLCI 152626
Model_Proj.dat 7 2016 SSBUCI 152626
Model_Proj.dat 7 2016 SSBMedian 152626
Model_Proj.dat 7 2016 SSBMean 152626
Model_Proj.dat 7 2017 SSBF100 196989
Model_Proj.dat 7 2017 SSBFabc 78795.7
Model_Proj.dat 7 2017 SSBFofl 68946.2
Model_Proj.dat 7 2017 SSBLCI 146810
Model_Proj.dat 7 2017 SSBUCI 146820
Model_Proj.dat 7 2017 SSBMedian 146814
Model_Proj.dat 7 2017 SSBMean 146814
Model_Proj.dat 7 2018 SSBF100 196989
Model_Proj.dat 7 2018 SSBFabc 78795.7
Model_Proj.dat 7 2018 SSBFofl 68946.2
Model_Proj.dat 7 2018 SSBLCI 118583
Model_Proj.dat 7 2018 SSBUCI 118641
Model_Proj.dat 7 2018 SSBMedian 118604
Model_Proj.dat 7 2018 SSBMean 118607
Model_Proj.dat 7 2016 F0 0 
Model_Proj.dat 7 2016 Fabc 0.358454
Model_Proj.dat 7 2016 Fofl 0.443921
Model_Proj.dat 7 2016  F_LCI 0.0570558
Model_Proj.dat 7 2016  F_UCI 0.0570558
Model_Proj.dat 7 2016  F_Median 0.0570558
Model_Proj.dat 7 2016  F_Mean 0.0570558
Model_Proj.dat 7 2017 F0 0 
Model_Proj.dat 7 2017 Fabc 0.358454
Model_Proj.dat 7 2017 Fofl 0.443921
Model_Proj.dat 7 2017  F_LCI 0.358454
Model_Proj.dat 7 2017  F_UCI 0.358454
Model_Proj.dat 7 2017  F_Median 0.358454
Model_Proj.dat 7 2017  F_Mean 0.358454
Model_Proj.dat 7 2018 F0 0 
Model_Proj.dat 7 2018 Fabc 0.358454
Model_Proj.dat 7 2018 Fofl 0.443921
Model_Proj.dat 7 2018  F_LCI 0.358454
Model_Proj.dat 7 2018  F_UCI 0.358454
Model_Proj.dat 7 2018  F_Median 0.358454
Model_Proj.dat 7 2018  F_Mean 0.358454
