
SB0 SB40 SB35 MeanRec HarMeanRec Bnow
196989 78795.7 68946.2 449950 356625 152626 
CV Recruit
0.511558 
Alternative 1 Alternative  Stock: Model_Proj.dat
Catch Model_Proj.dat
Year C0 Cabc Cofl LowCI_Catch Median_Catch Mean_Catch UpperCI_Catch Stdev_Catch 
2016  0 34253.2 37353.4 10312.9 10312.9 10312.9 10312.9 2.54659e-11 
2017  0 34253.2 37353.4 9110.9 9110.9 9110.9 9110.9 9.70133e-07 
2018  0 34253.2 37353.4 11006.6 11006.6 11006.6 11006.6 4.71884e-06 

Spawning_Biomass Model_Proj.dat
Year SSB100 SSBabc SSBofl LowCI_SSB Median_SSB Mean_SSB UpperCI_SSB Stdev_SSB 
2016 196989 78795.7 68946.2 152626 152626 152626 152626 8.73115e-11 
2017 196989 78795.7 68946.2 146810 146814 146814 146820 3.53468 
2018 196989 78795.7 68946.2 142136 142157 142160 142194 18.9698 

Fishing_mortalityModel_Proj.dat
Year F0 Fabc Fofl LowCI_F Median_F Mean_F UpperCI_F Stdev_F 
2016  0 0.358454 0.443921 0.0570558 0.0570558 0.0570558 0.0570558 3.46945e-17 
2017  0 0.358454 0.443921 0.0516693 0.0516732 0.0516729 0.0516752 1.97066e-06 
2018  0 0.358454 0.443921 0.0635344 0.0635818 0.0635779 0.0636054 2.29095e-05 

Total_BiomassModel_Proj.dat
Year B100 Babc Bofl LowCI_Biom Median_Biom Mean_Biom UpperCI_Biom Stdev_Biom 
2016 1.25489e+06 416278 396196 507561 507561 507561 507561 5.23869e-10 
2017 1.25489e+06 416278 396196 503162 509930 510883 520726 6359.12 
2018 1.25489e+06 416278 396196 498426 515982 517997 544023 14579.3 
Alternative 2 Alternative  Stock: Model_Proj.dat
Catch Model_Proj.dat
Year C0 Cabc Cofl LowCI_Catch Median_Catch Mean_Catch UpperCI_Catch Stdev_Catch 
2016  0 34253.2 37353.4 10312.9 10312.9 10312.9 10312.9 2.54659e-11 
2017  0 34253.2 37353.4 9110.9 9110.9 9110.9 9110.9 9.70133e-07 
2018  0 34253.2 37353.4 11006.6 11006.6 11006.6 11006.6 4.71884e-06 

Spawning_Biomass Model_Proj.dat
Year SSB100 SSBabc SSBofl LowCI_SSB Median_SSB Mean_SSB UpperCI_SSB Stdev_SSB 
2016 196989 78795.7 68946.2 152626 152626 152626 152626 8.73115e-11 
2017 196989 78795.7 68946.2 146810 146814 146814 146820 3.53468 
2018 196989 78795.7 68946.2 142136 142157 142160 142194 18.9698 

Fishing_mortalityModel_Proj.dat
Year F0 Fabc Fofl LowCI_F Median_F Mean_F UpperCI_F Stdev_F 
2016  0 0.358454 0.443921 0.0570558 0.0570558 0.0570558 0.0570558 3.46945e-17 
2017  0 0.358454 0.443921 0.0516693 0.0516732 0.0516729 0.0516752 1.97066e-06 
2018  0 0.358454 0.443921 0.0635344 0.0635818 0.0635779 0.0636054 2.29095e-05 

Total_BiomassModel_Proj.dat
Year B100 Babc Bofl LowCI_Biom Median_Biom Mean_Biom UpperCI_Biom Stdev_Biom 
2016 1.25489e+06 416278 396196 507561 507561 507561 507561 5.23869e-10 
2017 1.25489e+06 416278 396196 503162 509930 510883 520726 6359.12 
2018 1.25489e+06 416278 396196 498426 515982 517997 544023 14579.3 
Alternative 3 Alternative  Stock: Model_Proj.dat
Catch Model_Proj.dat
Year C0 Cabc Cofl LowCI_Catch Median_Catch Mean_Catch UpperCI_Catch Stdev_Catch 
2016  0 34253.2 37353.4 10312.9 10312.9 10312.9 10312.9 2.54659e-11 
2017  0 34253.2 37353.4 9110.9 9110.9 9110.9 9110.9 9.70133e-07 
2018  0 34253.2 37353.4 11006.6 11006.6 11006.6 11006.6 4.71884e-06 

Spawning_Biomass Model_Proj.dat
Year SSB100 SSBabc SSBofl LowCI_SSB Median_SSB Mean_SSB UpperCI_SSB Stdev_SSB 
2016 196989 78795.7 68946.2 152626 152626 152626 152626 8.73115e-11 
2017 196989 78795.7 68946.2 146810 146814 146814 146820 3.53468 
2018 196989 78795.7 68946.2 142136 142157 142160 142194 18.9698 

Fishing_mortalityModel_Proj.dat
Year F0 Fabc Fofl LowCI_F Median_F Mean_F UpperCI_F Stdev_F 
2016  0 0.358454 0.443921 0.0570558 0.0570558 0.0570558 0.0570558 3.46945e-17 
2017  0 0.358454 0.443921 0.0516693 0.0516732 0.0516729 0.0516752 1.97066e-06 
2018  0 0.358454 0.443921 0.0635344 0.0635818 0.0635779 0.0636054 2.29095e-05 

Total_BiomassModel_Proj.dat
Year B100 Babc Bofl LowCI_Biom Median_Biom Mean_Biom UpperCI_Biom Stdev_Biom 
2016 1.25489e+06 416278 396196 507561 507561 507561 507561 5.23869e-10 
2017 1.25489e+06 416278 396196 503162 509930 510883 520726 6359.12 
2018 1.25489e+06 416278 396196 498426 515982 517997 544023 14579.3 
Alternative 4 Alternative  Stock: Model_Proj.dat
Catch Model_Proj.dat
Year C0 Cabc Cofl LowCI_Catch Median_Catch Mean_Catch UpperCI_Catch Stdev_Catch 
2016  0 34253.2 37353.4 10312.9 10312.9 10312.9 10312.9 2.54659e-11 
2017  0 34253.2 37353.4 9110.9 9110.9 9110.9 9110.9 9.70133e-07 
2018  0 34253.2 37353.4 11006.6 11006.6 11006.6 11006.6 4.71884e-06 

Spawning_Biomass Model_Proj.dat
Year SSB100 SSBabc SSBofl LowCI_SSB Median_SSB Mean_SSB UpperCI_SSB Stdev_SSB 
2016 196989 78795.7 68946.2 152626 152626 152626 152626 8.73115e-11 
2017 196989 78795.7 68946.2 146810 146814 146814 146820 3.53468 
2018 196989 78795.7 68946.2 142136 142157 142160 142194 18.9698 

Fishing_mortalityModel_Proj.dat
Year F0 Fabc Fofl LowCI_F Median_F Mean_F UpperCI_F Stdev_F 
2016  0 0.358454 0.443921 0.0570558 0.0570558 0.0570558 0.0570558 3.46945e-17 
2017  0 0.358454 0.443921 0.0516693 0.0516732 0.0516729 0.0516752 1.97066e-06 
2018  0 0.358454 0.443921 0.0635344 0.0635818 0.0635779 0.0636054 2.29095e-05 

Total_BiomassModel_Proj.dat
Year B100 Babc Bofl LowCI_Biom Median_Biom Mean_Biom UpperCI_Biom Stdev_Biom 
2016 1.25489e+06 416278 396196 507561 507561 507561 507561 5.23869e-10 
2017 1.25489e+06 416278 396196 503162 509930 510883 520726 6359.12 
2018 1.25489e+06 416278 396196 498426 515982 517997 544023 14579.3 
Alternative 5 Alternative  Stock: Model_Proj.dat
Catch Model_Proj.dat
Year C0 Cabc Cofl LowCI_Catch Median_Catch Mean_Catch UpperCI_Catch Stdev_Catch 
2016  0 34253.2 37353.4 10312.9 10312.9 10312.9 10312.9 2.54659e-11 
2017  0 34253.2 37353.4 9110.9 9110.9 9110.9 9110.9 9.70133e-07 
2018  0 34253.2 37353.4 11006.6 11006.6 11006.6 11006.6 4.71884e-06 

Spawning_Biomass Model_Proj.dat
Year SSB100 SSBabc SSBofl LowCI_SSB Median_SSB Mean_SSB UpperCI_SSB Stdev_SSB 
2016 196989 78795.7 68946.2 152626 152626 152626 152626 8.73115e-11 
2017 196989 78795.7 68946.2 146810 146814 146814 146820 3.53468 
2018 196989 78795.7 68946.2 142136 142157 142160 142194 18.9698 

Fishing_mortalityModel_Proj.dat
Year F0 Fabc Fofl LowCI_F Median_F Mean_F UpperCI_F Stdev_F 
2016  0 0.358454 0.443921 0.0570558 0.0570558 0.0570558 0.0570558 3.46945e-17 
2017  0 0.358454 0.443921 0.0516693 0.0516732 0.0516729 0.0516752 1.97066e-06 
2018  0 0.358454 0.443921 0.0635344 0.0635818 0.0635779 0.0636054 2.29095e-05 

Total_BiomassModel_Proj.dat
Year B100 Babc Bofl LowCI_Biom Median_Biom Mean_Biom UpperCI_Biom Stdev_Biom 
2016 1.25489e+06 416278 396196 507561 507561 507561 507561 5.23869e-10 
2017 1.25489e+06 416278 396196 503162 509930 510883 520726 6359.12 
2018 1.25489e+06 416278 396196 498426 515982 517997 544023 14579.3 
Alternative 6 Alternative  Stock: Model_Proj.dat
Catch Model_Proj.dat
Year C0 Cabc Cofl LowCI_Catch Median_Catch Mean_Catch UpperCI_Catch Stdev_Catch 
2016  0 34253.2 37353.4 10312.9 10312.9 10312.9 10312.9 2.54659e-11 
2017  0 34253.2 37353.4 70308.9 70312 70312.4 70317 2.94116 
2018  0 34253.2 37353.4 56783.3 56811.2 56816.1 56864.6 27.0976 

Spawning_Biomass Model_Proj.dat
Year SSB100 SSBabc SSBofl LowCI_SSB Median_SSB Mean_SSB UpperCI_SSB Stdev_SSB 
2016 196989 78795.7 68946.2 152626 152626 152626 152626 8.73115e-11 
2017 196989 78795.7 68946.2 146810 146814 146814 146820 3.53468 
2018 196989 78795.7 68946.2 112853 112875 112878 112911 18.8041 

Fishing_mortalityModel_Proj.dat
Year F0 Fabc Fofl LowCI_F Median_F Mean_F UpperCI_F Stdev_F 
2016  0 0.358454 0.443921 0.0570558 0.0570558 0.0570558 0.0570558 3.46945e-17 
2017  0 0.358454 0.443921 0.443921 0.443921 0.443921 0.443921 6.39518e-12 
2018  0 0.358454 0.443921 0.443921 0.443921 0.443921 0.443921 7.30757e-10 

Total_BiomassModel_Proj.dat
Year B100 Babc Bofl LowCI_Biom Median_Biom Mean_Biom UpperCI_Biom Stdev_Biom 
2016 1.25489e+06 416278 396196 507561 507561 507561 507561 5.23869e-10 
2017 1.25489e+06 416278 396196 503162 509930 510883 520726 6359.12 
2018 1.25489e+06 416278 396196 444034 461585 463600 489616 14575.5 
Alternative 7 Alternative  Stock: Model_Proj.dat
Catch Model_Proj.dat
Year C0 Cabc Cofl LowCI_Catch Median_Catch Mean_Catch UpperCI_Catch Stdev_Catch 
2016  0 34253.2 37353.4 10312.9 10312.9 10312.9 10312.9 2.54659e-11 
2017  0 34253.2 37353.4 58082.7 58085.2 58085.6 58089.3 2.375 
2018  0 34253.2 37353.4 48904.4 48926.9 48930.9 48970.1 21.9037 

Spawning_Biomass Model_Proj.dat
Year SSB100 SSBabc SSBofl LowCI_SSB Median_SSB Mean_SSB UpperCI_SSB Stdev_SSB 
2016 196989 78795.7 68946.2 152626 152626 152626 152626 8.73115e-11 
2017 196989 78795.7 68946.2 146810 146814 146814 146820 3.53468 
2018 196989 78795.7 68946.2 118583 118604 118607 118641 18.8048 

Fishing_mortalityModel_Proj.dat
Year F0 Fabc Fofl LowCI_F Median_F Mean_F UpperCI_F Stdev_F 
2016  0 0.358454 0.443921 0.0570558 0.0570558 0.0570558 0.0570558 3.46945e-17 
2017  0 0.358454 0.443921 0.358454 0.358454 0.358454 0.358454 5.09002e-11 
2018  0 0.358454 0.443921 0.358454 0.358454 0.358454 0.358454 1.71879e-07 

Total_BiomassModel_Proj.dat
Year B100 Babc Bofl LowCI_Biom Median_Biom Mean_Biom UpperCI_Biom Stdev_Biom 
2016 1.25489e+06 416278 396196 507561 507561 507561 507561 5.23869e-10 
2017 1.25489e+06 416278 396196 503162 509930 510883 520726 6359.12 
2018 1.25489e+06 416278 396196 454873 472425 474440 500458 14576.3 
