Alternative 1 Catch
     Model_Proj.dat 
Equil_Fabc 36548.2 
Year 
2020 8555.53 
2021  NA 
2022  NA 
2023  NA 
2024  NA 

Alternative 1 ABCs
     Model_Proj.dat 

Year 
2020 62201.8 
2021 65156.6 
2022 70668.3 
2023 76690.1 
2024 82371.3 

Alternative 1 TACs
     Model_Proj.dat 

Year 
2020  NA 
2021  NA 
2022  NA 
2023  NA 
2024  NA 

Alternative 1 Sp_Biomass
     Model_Proj.dat 
Equil_Fabc 84471.7 
Year 
2020 148075 
2021 153867 
2022 166357 
2023 181359 
2024 199117 

Alternative 1 Fishing Mortality
     Model_Proj.dat 
Equil_Fabc 0.365915 
Year 
2020 0.0464685 
2021  NA 
2022  NA 
2023  NA 
2024  NA 

Alternative 1 Biomass
     Model_Proj.dat 

Year 
2020 674281 
2021 699511 
2022 722434 
2023 735033 
2024 739031 

Alternative 1 Implied SPR rate 
     Model_Proj.dat 
Equil_Fabc 0.4 
Year 
2020 0.837767 
2021 1 
2022 1 
2023 1 
2024 1 

  Model_Proj.dat 
EquilAvgAgeF0  5.39324 
EquilAvgAgeFabc  4.0977 
AvgAgeYr2024 5.46837 
Alternative 2 Catch
     Model_Proj.dat 
Equil_Fabc 36548.2 
Year 
2020 8555.53 
2021  NA 
2022  NA 
2023  NA 
2024  NA 

Alternative 2 ABCs
     Model_Proj.dat 

Year 
2020 62201.8 
2021 65156.6 
2022 70668.3 
2023 76690.1 
2024 82371.3 

Alternative 2 TACs
     Model_Proj.dat 

Year 
2020  NA 
2021  NA 
2022  NA 
2023  NA 
2024  NA 

Alternative 2 Sp_Biomass
     Model_Proj.dat 
Equil_Fabc 84471.7 
Year 
2020 148075 
2021 153867 
2022 166357 
2023 181359 
2024 199117 

Alternative 2 Fishing Mortality
     Model_Proj.dat 
Equil_Fabc 0.365915 
Year 
2020 0.0464685 
2021  NA 
2022  NA 
2023  NA 
2024  NA 

Alternative 2 Biomass
     Model_Proj.dat 

Year 
2020 674281 
2021 699511 
2022 722434 
2023 735033 
2024 739031 

Alternative 2 Implied SPR rate 
     Model_Proj.dat 
Equil_Fabc 0.4 
Year 
2020 0.837767 
2021 1 
2022 1 
2023 1 
2024 1 

  Model_Proj.dat 
EquilAvgAgeF0  5.39324 
EquilAvgAgeFabc  4.0977 
AvgAgeYr2024 5.46837 
Alternative 3 Catch
     Model_Proj.dat 
Equil_Fabc 36548.2 
Year 
2020 8555.53 
2021  NA 
2022  NA 
2023  NA 
2024  NA 

Alternative 3 ABCs
     Model_Proj.dat 

Year 
2020 10955.5 
2021 11449.6 
2022 12398.6 
2023 13446.7 
2024 14453.5 

Alternative 3 TACs
     Model_Proj.dat 

Year 
2020  NA 
2021  NA 
2022  NA 
2023  NA 
2024  NA 

Alternative 3 Sp_Biomass
     Model_Proj.dat 
Equil_Fabc 84471.7 
Year 
2020 148075 
2021 153867 
2022 166357 
2023 181359 
2024 199117 

Alternative 3 Fishing Mortality
     Model_Proj.dat 
Equil_Fabc 0.365915 
Year 
2020 0.0464685 
2021  NA 
2022  NA 
2023  NA 
2024  NA 

Alternative 3 Biomass
     Model_Proj.dat 

Year 
2020 674281 
2021 699511 
2022 722434 
2023 735033 
2024 739031 

Alternative 3 Implied SPR rate 
     Model_Proj.dat 
Equil_Fabc 0.4 
Year 
2020 0.837767 
2021 1 
2022 1 
2023 1 
2024 1 

  Model_Proj.dat 
EquilAvgAgeF0  5.39324 
EquilAvgAgeFabc  4.0977 
AvgAgeYr2024 5.46837 
Alternative 4 Catch
     Model_Proj.dat 
Equil_Fabc 36548.2 
Year 
2020 8555.53 
2021  NA 
2022  NA 
2023  NA 
2024  NA 

Alternative 4 ABCs
     Model_Proj.dat 

Year 
2020 14650 
2021 15313.1 
2022 16584.2 
2023 17986.8 
2024 19332.7 

Alternative 4 TACs
     Model_Proj.dat 

Year 
2020  NA 
2021  NA 
2022  NA 
2023  NA 
2024  NA 

Alternative 4 Sp_Biomass
     Model_Proj.dat 
Equil_Fabc 84471.7 
Year 
2020 148075 
2021 153867 
2022 166357 
2023 181359 
2024 199117 

Alternative 4 Fishing Mortality
     Model_Proj.dat 
Equil_Fabc 0.365915 
Year 
2020 0.0464685 
2021  NA 
2022  NA 
2023  NA 
2024  NA 

Alternative 4 Biomass
     Model_Proj.dat 

Year 
2020 674281 
2021 699511 
2022 722434 
2023 735033 
2024 739031 

Alternative 4 Implied SPR rate 
     Model_Proj.dat 
Equil_Fabc 0.4 
Year 
2020 0.837767 
2021 1 
2022 1 
2023 1 
2024 1 

  Model_Proj.dat 
EquilAvgAgeF0  5.39324 
EquilAvgAgeFabc  4.0977 
AvgAgeYr2024 5.46837 
Alternative 5 Catch
     Model_Proj.dat 
Equil_Fabc 36548.2 
Year 
2020 8555.53 
2021  NA 
2022  NA 
2023  NA 
2024  NA 

Alternative 5 ABCs
     Model_Proj.dat 

Year 
2020  NA 
2021  NA 
2022  NA 
2023  NA 
2024  NA 

Alternative 5 TACs
     Model_Proj.dat 

Year 
2020  NA 
2021  NA 
2022  NA 
2023  NA 
2024  NA 

Alternative 5 Sp_Biomass
     Model_Proj.dat 
Equil_Fabc 84471.7 
Year 
2020 148075 
2021 153867 
2022 166357 
2023 181359 
2024 199117 

Alternative 5 Fishing Mortality
     Model_Proj.dat 
Equil_Fabc 0.365915 
Year 
2020 0.0464685 
2021  NA 
2022  NA 
2023  NA 
2024  NA 

Alternative 5 Biomass
     Model_Proj.dat 

Year 
2020 674281 
2021 699511 
2022 722434 
2023 735033 
2024 739031 

Alternative 5 Implied SPR rate 
     Model_Proj.dat 
Equil_Fabc 0.4 
Year 
2020 0.837767 
2021 1 
2022 1 
2023 1 
2024 1 

  Model_Proj.dat 
EquilAvgAgeF0  5.39324 
EquilAvgAgeFabc  4.0977 
AvgAgeYr2024 5.46837 
Alternative 6 Catch
     Model_Proj.dat 
Equil_Fabc 36548.2 
Year 
2020 8555.53 
2021 79048.8 
2022 70788 
2023 66379.1 
2024 63502.5 

Alternative 6 ABCs
     Model_Proj.dat 

Year 
2020 75416.2 
2021 79048.8 
2022 70788 
2023 66379.1 
2024 63502.5 

Alternative 6 TACs
     Model_Proj.dat 

Year 
2020  NA 
2021 79048.8 
2022 70788 
2023 66379.1 
2024 63502.5 

Alternative 6 Sp_Biomass
     Model_Proj.dat 
Equil_Fabc 84471.7 
Year 
2020 148075 
2021 153867 
2022 132145 
2023 120887 
2024 117110 

Alternative 6 Fishing Mortality
     Model_Proj.dat 
Equil_Fabc 0.365915 
Year 
2020 0.0464685 
2021 0.453097 
2022 0.453097 
2023 0.453097 
2024 0.453098 

Alternative 6 Biomass
     Model_Proj.dat 

Year 
2020 674281 
2021 699511 
2022 652136 
2023 610099 
2024 570168 

Alternative 6 Implied SPR rate 
     Model_Proj.dat 
Equil_Fabc 0.4 
Year 
2020 0.837767 
2021 0.35 
2022 0.35 
2023 0.35 
2024 0.35 

  Model_Proj.dat 
EquilAvgAgeF0  5.39324 
EquilAvgAgeFabc  4.0977 
AvgAgeYr2024 4.56246 
Alternative 7 Catch
     Model_Proj.dat 
Equil_Fabc 36548.2 
Year 
2020 8555.53 
2021 65156.6 
2022 60395.3 
2023 70541.8 
2024 66528.4 

Alternative 7 ABCs
     Model_Proj.dat 

Year 
2020 75416.2 
2021 79048.8 
2022 73371.4 
2023 70541.8 
2024 66528.4 

Alternative 7 TACs
     Model_Proj.dat 

Year 
2020  NA 
2021 79048.8 
2022 73371.4 
2023 70541.8 
2024 66528.4 

Alternative 7 Sp_Biomass
     Model_Proj.dat 
Equil_Fabc 84471.7 
Year 
2020 148075 
2021 153867 
2022 137982 
2023 130115 
2024 123715 

Alternative 7 Fishing Mortality
     Model_Proj.dat 
Equil_Fabc 0.365915 
Year 
2020 0.0464685 
2021 0.365915 
2022 0.365915 
2023 0.453097 
2024 0.453098 

Alternative 7 Biomass
     Model_Proj.dat 

Year 
2020 674281 
2021 699511 
2022 664461 
2023 630225 
2024 584275 

Alternative 7 Implied SPR rate 
     Model_Proj.dat 
Equil_Fabc 0.4 
Year 
2020 0.837767 
2021 0.4 
2022 0.4 
2023 0.35 
2024 0.35 

  Model_Proj.dat 
EquilAvgAgeF0  5.39324 
EquilAvgAgeFabc  4.0977 
AvgAgeYr2024 4.60972 
