
SB0 SB40 SB35 MeanRec HarMeanRec Bnow
211179 84471.7 73912.7 480413 375056 148075 
CV Recruit
0.530011 
Alternative 1 Alternative  Stock: Model_Proj.dat
Catch Model_Proj.dat
Year C0 Cabc Cofl LowCI_Catch Median_Catch Mean_Catch UpperCI_Catch Stdev_Catch 
2020  0 36548.2 39827.4 8555.53 8555.53 8555.53 8555.53 1.81899e-11 
2021  0 36548.2 39827.4 0 0 0 0 0 
2022  0 36548.2 39827.4 0 0 0 0 0 
2023  0 36548.2 39827.4 0 0 0 0 0 
2024  0 36548.2 39827.4 0 0 0 0 0 

Spawning_Biomass Model_Proj.dat
Year SSB100 SSBabc SSBofl LowCI_SSB Median_SSB Mean_SSB UpperCI_SSB Stdev_SSB 
2020 211179 84471.7 73912.7 148075 148075 148075 148075 1.45519e-10 
2021 211179 84471.7 73912.7 153862 153867 153867 153874 4.35709 
2022 211179 84471.7 73912.7 166327 166353 166357 166392 22.9033 
2023 211179 84471.7 73912.7 181234 181344 181359 181498 89.3918 
2024 211179 84471.7 73912.7 198700 199068 199117 199589 295.408 

Fishing_mortalityModel_Proj.dat
Year F0 Fabc Fofl LowCI_F Median_F Mean_F UpperCI_F Stdev_F 
2020  0 0.365915 0.453098 0.0464685 0.0464685 0.0464685 0.0464685 1.11022e-16 
2021  0 0.365915 0.453098 0 0 0 0 0 
2022  0 0.365915 0.453098 0 0 0 0 0 
2023  0 0.365915 0.453098 0 0 0 0 0 
2024  0 0.365915 0.453098 0 0 0 0 0 

Total_BiomassModel_Proj.dat
Year B100 Babc Bofl LowCI_Biom Median_Biom Mean_Biom UpperCI_Biom Stdev_Biom 
2020 1.34833e+06 446977 425346 674281 674281 674281 674281 1.16415e-09 
2021 1.34833e+06 446977 425346 689783 698020 699511 711198 7752.63 
2022 1.34833e+06 446977 425346 699112 720277 722434 752787 16279.1 
2023 1.34833e+06 446977 425346 697870 732488 735033 775520 25232.1 
2024 1.34833e+06 446977 425346 692414 738826 739031 798879 34095.5 
Alternative 2 Alternative  Stock: Model_Proj.dat
Catch Model_Proj.dat
Year C0 Cabc Cofl LowCI_Catch Median_Catch Mean_Catch UpperCI_Catch Stdev_Catch 
2020  0 36548.2 39827.4 8555.53 8555.53 8555.53 8555.53 1.81899e-11 
2021  0 36548.2 39827.4 0 0 0 0 0 
2022  0 36548.2 39827.4 0 0 0 0 0 
2023  0 36548.2 39827.4 0 0 0 0 0 
2024  0 36548.2 39827.4 0 0 0 0 0 

Spawning_Biomass Model_Proj.dat
Year SSB100 SSBabc SSBofl LowCI_SSB Median_SSB Mean_SSB UpperCI_SSB Stdev_SSB 
2020 211179 84471.7 73912.7 148075 148075 148075 148075 1.45519e-10 
2021 211179 84471.7 73912.7 153862 153867 153867 153874 4.35709 
2022 211179 84471.7 73912.7 166327 166353 166357 166392 22.9033 
2023 211179 84471.7 73912.7 181234 181344 181359 181498 89.3918 
2024 211179 84471.7 73912.7 198700 199068 199117 199589 295.408 

Fishing_mortalityModel_Proj.dat
Year F0 Fabc Fofl LowCI_F Median_F Mean_F UpperCI_F Stdev_F 
2020  0 0.365915 0.453098 0.0464685 0.0464685 0.0464685 0.0464685 1.11022e-16 
2021  0 0.365915 0.453098 0 0 0 0 0 
2022  0 0.365915 0.453098 0 0 0 0 0 
2023  0 0.365915 0.453098 0 0 0 0 0 
2024  0 0.365915 0.453098 0 0 0 0 0 

Total_BiomassModel_Proj.dat
Year B100 Babc Bofl LowCI_Biom Median_Biom Mean_Biom UpperCI_Biom Stdev_Biom 
2020 1.34833e+06 446977 425346 674281 674281 674281 674281 1.16415e-09 
2021 1.34833e+06 446977 425346 689783 698020 699511 711198 7752.63 
2022 1.34833e+06 446977 425346 699112 720277 722434 752787 16279.1 
2023 1.34833e+06 446977 425346 697870 732488 735033 775520 25232.1 
2024 1.34833e+06 446977 425346 692414 738826 739031 798879 34095.5 
Alternative 3 Alternative  Stock: Model_Proj.dat
Catch Model_Proj.dat
Year C0 Cabc Cofl LowCI_Catch Median_Catch Mean_Catch UpperCI_Catch Stdev_Catch 
2020  0 36548.2 39827.4 8555.53 8555.53 8555.53 8555.53 1.81899e-11 
2021  0 36548.2 39827.4 0 0 0 0 0 
2022  0 36548.2 39827.4 0 0 0 0 0 
2023  0 36548.2 39827.4 0 0 0 0 0 
2024  0 36548.2 39827.4 0 0 0 0 0 

Spawning_Biomass Model_Proj.dat
Year SSB100 SSBabc SSBofl LowCI_SSB Median_SSB Mean_SSB UpperCI_SSB Stdev_SSB 
2020 211179 84471.7 73912.7 148075 148075 148075 148075 1.45519e-10 
2021 211179 84471.7 73912.7 153862 153867 153867 153874 4.35709 
2022 211179 84471.7 73912.7 166327 166353 166357 166392 22.9033 
2023 211179 84471.7 73912.7 181234 181344 181359 181498 89.3918 
2024 211179 84471.7 73912.7 198700 199068 199117 199589 295.408 

Fishing_mortalityModel_Proj.dat
Year F0 Fabc Fofl LowCI_F Median_F Mean_F UpperCI_F Stdev_F 
2020  0 0.365915 0.453098 0.0464685 0.0464685 0.0464685 0.0464685 1.11022e-16 
2021  0 0.365915 0.453098 0 0 0 0 0 
2022  0 0.365915 0.453098 0 0 0 0 0 
2023  0 0.365915 0.453098 0 0 0 0 0 
2024  0 0.365915 0.453098 0 0 0 0 0 

Total_BiomassModel_Proj.dat
Year B100 Babc Bofl LowCI_Biom Median_Biom Mean_Biom UpperCI_Biom Stdev_Biom 
2020 1.34833e+06 446977 425346 674281 674281 674281 674281 1.16415e-09 
2021 1.34833e+06 446977 425346 689783 698020 699511 711198 7752.63 
2022 1.34833e+06 446977 425346 699112 720277 722434 752787 16279.1 
2023 1.34833e+06 446977 425346 697870 732488 735033 775520 25232.1 
2024 1.34833e+06 446977 425346 692414 738826 739031 798879 34095.5 
Alternative 4 Alternative  Stock: Model_Proj.dat
Catch Model_Proj.dat
Year C0 Cabc Cofl LowCI_Catch Median_Catch Mean_Catch UpperCI_Catch Stdev_Catch 
2020  0 36548.2 39827.4 8555.53 8555.53 8555.53 8555.53 1.81899e-11 
2021  0 36548.2 39827.4 0 0 0 0 0 
2022  0 36548.2 39827.4 0 0 0 0 0 
2023  0 36548.2 39827.4 0 0 0 0 0 
2024  0 36548.2 39827.4 0 0 0 0 0 

Spawning_Biomass Model_Proj.dat
Year SSB100 SSBabc SSBofl LowCI_SSB Median_SSB Mean_SSB UpperCI_SSB Stdev_SSB 
2020 211179 84471.7 73912.7 148075 148075 148075 148075 1.45519e-10 
2021 211179 84471.7 73912.7 153862 153867 153867 153874 4.35709 
2022 211179 84471.7 73912.7 166327 166353 166357 166392 22.9033 
2023 211179 84471.7 73912.7 181234 181344 181359 181498 89.3918 
2024 211179 84471.7 73912.7 198700 199068 199117 199589 295.408 

Fishing_mortalityModel_Proj.dat
Year F0 Fabc Fofl LowCI_F Median_F Mean_F UpperCI_F Stdev_F 
2020  0 0.365915 0.453098 0.0464685 0.0464685 0.0464685 0.0464685 1.11022e-16 
2021  0 0.365915 0.453098 0 0 0 0 0 
2022  0 0.365915 0.453098 0 0 0 0 0 
2023  0 0.365915 0.453098 0 0 0 0 0 
2024  0 0.365915 0.453098 0 0 0 0 0 

Total_BiomassModel_Proj.dat
Year B100 Babc Bofl LowCI_Biom Median_Biom Mean_Biom UpperCI_Biom Stdev_Biom 
2020 1.34833e+06 446977 425346 674281 674281 674281 674281 1.16415e-09 
2021 1.34833e+06 446977 425346 689783 698020 699511 711198 7752.63 
2022 1.34833e+06 446977 425346 699112 720277 722434 752787 16279.1 
2023 1.34833e+06 446977 425346 697870 732488 735033 775520 25232.1 
2024 1.34833e+06 446977 425346 692414 738826 739031 798879 34095.5 
Alternative 5 Alternative  Stock: Model_Proj.dat
Catch Model_Proj.dat
Year C0 Cabc Cofl LowCI_Catch Median_Catch Mean_Catch UpperCI_Catch Stdev_Catch 
2020  0 36548.2 39827.4 8555.53 8555.53 8555.53 8555.53 1.81899e-11 
2021  0 36548.2 39827.4 0 0 0 0 0 
2022  0 36548.2 39827.4 0 0 0 0 0 
2023  0 36548.2 39827.4 0 0 0 0 0 
2024  0 36548.2 39827.4 0 0 0 0 0 

Spawning_Biomass Model_Proj.dat
Year SSB100 SSBabc SSBofl LowCI_SSB Median_SSB Mean_SSB UpperCI_SSB Stdev_SSB 
2020 211179 84471.7 73912.7 148075 148075 148075 148075 1.45519e-10 
2021 211179 84471.7 73912.7 153862 153867 153867 153874 4.35709 
2022 211179 84471.7 73912.7 166327 166353 166357 166392 22.9033 
2023 211179 84471.7 73912.7 181234 181344 181359 181498 89.3918 
2024 211179 84471.7 73912.7 198700 199068 199117 199589 295.408 

Fishing_mortalityModel_Proj.dat
Year F0 Fabc Fofl LowCI_F Median_F Mean_F UpperCI_F Stdev_F 
2020  0 0.365915 0.453098 0.0464685 0.0464685 0.0464685 0.0464685 1.11022e-16 
2021  0 0.365915 0.453098 0 0 0 0 0 
2022  0 0.365915 0.453098 0 0 0 0 0 
2023  0 0.365915 0.453098 0 0 0 0 0 
2024  0 0.365915 0.453098 0 0 0 0 0 

Total_BiomassModel_Proj.dat
Year B100 Babc Bofl LowCI_Biom Median_Biom Mean_Biom UpperCI_Biom Stdev_Biom 
2020 1.34833e+06 446977 425346 674281 674281 674281 674281 1.16415e-09 
2021 1.34833e+06 446977 425346 689783 698020 699511 711198 7752.63 
2022 1.34833e+06 446977 425346 699112 720277 722434 752787 16279.1 
2023 1.34833e+06 446977 425346 697870 732488 735033 775520 25232.1 
2024 1.34833e+06 446977 425346 692414 738826 739031 798879 34095.5 
Alternative 6 Alternative  Stock: Model_Proj.dat
Catch Model_Proj.dat
Year C0 Cabc Cofl LowCI_Catch Median_Catch Mean_Catch UpperCI_Catch Stdev_Catch 
2020  0 36548.2 39827.4 8555.53 8555.53 8555.53 8555.53 1.81899e-11 
2021  0 36548.2 39827.4 79044 79048.1 79048.8 79054.7 3.87183 
2022  0 36548.2 39827.4 70743.8 70780.4 70788 70841 33.7337 
2023  0 36548.2 39827.4 66159.4 66351.7 66379.1 66632.6 165.135 
2024  0 36548.2 39827.4 62747.6 63410.5 63502.5 64366.1 533.227 

Spawning_Biomass Model_Proj.dat
Year SSB100 SSBabc SSBofl LowCI_SSB Median_SSB Mean_SSB UpperCI_SSB Stdev_SSB 
2020 211179 84471.7 73912.7 148075 148075 148075 148075 1.45519e-10 
2021 211179 84471.7 73912.7 153862 153867 153867 153874 4.35709 
2022 211179 84471.7 73912.7 132115 132142 132145 132180 22.8974 
2023 211179 84471.7 73912.7 120763 120873 120887 121027 89.266 
2024 211179 84471.7 73912.7 116696 117062 117110 117580 293.747 

Fishing_mortalityModel_Proj.dat
Year F0 Fabc Fofl LowCI_F Median_F Mean_F UpperCI_F Stdev_F 
2020  0 0.365915 0.453098 0.0464685 0.0464685 0.0464685 0.0464685 1.11022e-16 
2021  0 0.365915 0.453098 0.453097 0.453097 0.453097 0.453097 1.49778e-11 
2022  0 0.365915 0.453098 0.453097 0.453097 0.453097 0.453097 2.44136e-10 
2023  0 0.365915 0.453098 0.453097 0.453097 0.453097 0.453097 1.29194e-09 
2024  0 0.365915 0.453098 0.453098 0.453098 0.453098 0.453098 2.78945e-09 

Total_BiomassModel_Proj.dat
Year B100 Babc Bofl LowCI_Biom Median_Biom Mean_Biom UpperCI_Biom Stdev_Biom 
2020 1.34833e+06 446977 425346 674281 674281 674281 674281 1.16415e-09 
2021 1.34833e+06 446977 425346 689783 698020 699511 711198 7752.63 
2022 1.34833e+06 446977 425346 628823 649979 652136 682477 16273.4 
2023 1.34833e+06 446977 425346 573002 607573 610099 650486 25187.9 
2024 1.34833e+06 446977 425346 523881 570067 570168 629698 33902 
Alternative 7 Alternative  Stock: Model_Proj.dat
Catch Model_Proj.dat
Year C0 Cabc Cofl LowCI_Catch Median_Catch Mean_Catch UpperCI_Catch Stdev_Catch 
2020  0 36548.2 39827.4 8555.53 8555.53 8555.53 8555.53 1.81899e-11 
2021  0 36548.2 39827.4 65152.7 65156 65156.6 65161.3 3.12697 
2022  0 36548.2 39827.4 60359.6 60389.2 60395.3 60438.2 27.2511 
2023  0 36548.2 39827.4 70322 70514.4 70541.8 70795.5 165.219 
2024  0 36548.2 39827.4 65773.3 66436.4 66528.4 67392.3 533.477 

Spawning_Biomass Model_Proj.dat
Year SSB100 SSBabc SSBofl LowCI_SSB Median_SSB Mean_SSB UpperCI_SSB Stdev_SSB 
2020 211179 84471.7 73912.7 148075 148075 148075 148075 1.45519e-10 
2021 211179 84471.7 73912.7 153862 153867 153867 153874 4.35709 
2022 211179 84471.7 73912.7 137952 137979 137982 138017 22.8985 
2023 211179 84471.7 73912.7 129990 130100 130115 130254 89.2902 
2024 211179 84471.7 73912.7 123301 123667 123715 124185 293.825 

Fishing_mortalityModel_Proj.dat
Year F0 Fabc Fofl LowCI_F Median_F Mean_F UpperCI_F Stdev_F 
2020  0 0.365915 0.453098 0.0464685 0.0464685 0.0464685 0.0464685 1.11022e-16 
2021  0 0.365915 0.453098 0.365915 0.365915 0.365915 0.365915 7.62358e-12 
2022  0 0.365915 0.453098 0.365915 0.365915 0.365915 0.365915 4.60903e-10 
2023  0 0.365915 0.453098 0.453097 0.453097 0.453097 0.453097 1.2639e-09 
2024  0 0.365915 0.453098 0.453097 0.453098 0.453098 0.453098 2.7939e-09 

Total_BiomassModel_Proj.dat
Year B100 Babc Bofl LowCI_Biom Median_Biom Mean_Biom UpperCI_Biom Stdev_Biom 
2020 1.34833e+06 446977 425346 674281 674281 674281 674281 1.16415e-09 
2021 1.34833e+06 446977 425346 689783 698020 699511 711198 7752.63 
2022 1.34833e+06 446977 425346 641146 662304 664461 694805 16274.5 
2023 1.34833e+06 446977 425346 593116 627695 630225 670632 25196.4 
2024 1.34833e+06 446977 425346 537974 584168 584275 643834 33910.7 
