Alternative 1 Catch
     Model_Proj.dat 
Equil_Fabc 34059.4 
Year 
2014 16512.3 
2015 11307.5 
2016 10312.9 

Alternative 1 ABCs
     Model_Proj.dat 

Year 
2014 62852.8 
2015 59917.5 
2016 57772 

Alternative 1 TACs
     Model_Proj.dat 

Year 
2014  NA 
2015  NA 
2016  NA 

Alternative 1 Sp_Biomass
     Model_Proj.dat 
Equil_Fabc 77202.2 
Year 
2014 159064 
2015 151306 
2016 144718 

Alternative 1 Fishing Mortality
     Model_Proj.dat 
Equil_Fabc 0.387163 
Year 
2014 0.0943845 
2015 0.0672293 
2016 0.0634726 

Alternative 1 Biomass
     Model_Proj.dat 

Year 
2014 487040 
2015 477071 
2016 478649 

Alternative 1 Implied SPR rate 
     Model_Proj.dat 
Equil_Fabc 0.4 
Year 
2014 0.728078 
2015 0.789252 
2016 0.798569 

  Model_Proj.dat 
EquilAvgAgeF0  5.39324 
EquilAvgAgeFabc  4.09584 
AvgAgeYr2016 4.75838 
Alternative 2 Catch
     Model_Proj.dat 
Equil_Fabc 34059.4 
Year 
2014 16512.3 
2015 11307.5 
2016 10312.9 

Alternative 2 ABCs
     Model_Proj.dat 

Year 
2014 62852.8 
2015 59917.5 
2016 57772 

Alternative 2 TACs
     Model_Proj.dat 

Year 
2014  NA 
2015  NA 
2016  NA 

Alternative 2 Sp_Biomass
     Model_Proj.dat 
Equil_Fabc 77202.2 
Year 
2014 159064 
2015 151306 
2016 144718 

Alternative 2 Fishing Mortality
     Model_Proj.dat 
Equil_Fabc 0.387163 
Year 
2014 0.0943845 
2015 0.0672293 
2016 0.0634726 

Alternative 2 Biomass
     Model_Proj.dat 

Year 
2014 487040 
2015 477071 
2016 478649 

Alternative 2 Implied SPR rate 
     Model_Proj.dat 
Equil_Fabc 0.4 
Year 
2014 0.728078 
2015 0.789252 
2016 0.798569 

  Model_Proj.dat 
EquilAvgAgeF0  5.39324 
EquilAvgAgeFabc  4.09584 
AvgAgeYr2016 4.75838 
Alternative 3 Catch
     Model_Proj.dat 
Equil_Fabc 34059.4 
Year 
2014 16512.3 
2015 11307.5 
2016 10312.9 

Alternative 3 ABCs
     Model_Proj.dat 

Year 
2014 15171.9 
2015 14481.9 
2016 13974.8 

Alternative 3 TACs
     Model_Proj.dat 

Year 
2014  NA 
2015  NA 
2016  NA 

Alternative 3 Sp_Biomass
     Model_Proj.dat 
Equil_Fabc 77202.2 
Year 
2014 159064 
2015 151306 
2016 144718 

Alternative 3 Fishing Mortality
     Model_Proj.dat 
Equil_Fabc 0.387163 
Year 
2014 0.0943845 
2015 0.0672293 
2016 0.0634726 

Alternative 3 Biomass
     Model_Proj.dat 

Year 
2014 487040 
2015 477071 
2016 478649 

Alternative 3 Implied SPR rate 
     Model_Proj.dat 
Equil_Fabc 0.4 
Year 
2014 0.728078 
2015 0.789252 
2016 0.798569 

  Model_Proj.dat 
EquilAvgAgeF0  5.39324 
EquilAvgAgeFabc  4.09584 
AvgAgeYr2016 4.75838 
Alternative 4 Catch
     Model_Proj.dat 
Equil_Fabc 34059.4 
Year 
2014 16512.3 
2015 11307.5 
2016 10312.9 

Alternative 4 ABCs
     Model_Proj.dat 

Year 
2014 14756.7 
2015 14085.7 
2016 13592.6 

Alternative 4 TACs
     Model_Proj.dat 

Year 
2014  NA 
2015  NA 
2016  NA 

Alternative 4 Sp_Biomass
     Model_Proj.dat 
Equil_Fabc 77202.2 
Year 
2014 159064 
2015 151306 
2016 144718 

Alternative 4 Fishing Mortality
     Model_Proj.dat 
Equil_Fabc 0.387163 
Year 
2014 0.0943845 
2015 0.0672293 
2016 0.0634726 

Alternative 4 Biomass
     Model_Proj.dat 

Year 
2014 487040 
2015 477071 
2016 478649 

Alternative 4 Implied SPR rate 
     Model_Proj.dat 
Equil_Fabc 0.4 
Year 
2014 0.728078 
2015 0.789252 
2016 0.798569 

  Model_Proj.dat 
EquilAvgAgeF0  5.39324 
EquilAvgAgeFabc  4.09584 
AvgAgeYr2016 4.75838 
Alternative 5 Catch
     Model_Proj.dat 
Equil_Fabc 34059.4 
Year 
2014 16512.3 
2015 11307.5 
2016 10312.9 

Alternative 5 ABCs
     Model_Proj.dat 

Year 
2014  NA 
2015  NA 
2016  NA 

Alternative 5 TACs
     Model_Proj.dat 

Year 
2014  NA 
2015  NA 
2016  NA 

Alternative 5 Sp_Biomass
     Model_Proj.dat 
Equil_Fabc 77202.2 
Year 
2014 159064 
2015 151306 
2016 144718 

Alternative 5 Fishing Mortality
     Model_Proj.dat 
Equil_Fabc 0.387163 
Year 
2014 0.0943845 
2015 0.0672293 
2016 0.0634726 

Alternative 5 Biomass
     Model_Proj.dat 

Year 
2014 487040 
2015 477071 
2016 478649 

Alternative 5 Implied SPR rate 
     Model_Proj.dat 
Equil_Fabc 0.4 
Year 
2014 0.728078 
2015 0.789252 
2016 0.798569 

  Model_Proj.dat 
EquilAvgAgeF0  5.39324 
EquilAvgAgeFabc  4.09584 
AvgAgeYr2016 4.75838 
Alternative 6 Catch
     Model_Proj.dat 
Equil_Fabc 34059.4 
Year 
2014 16512.3 
2015 72591.8 
2016 57090.5 

Alternative 6 ABCs
     Model_Proj.dat 

Year 
2014 76176.8 
2015 72591.8 
2016 57090.5 

Alternative 6 TACs
     Model_Proj.dat 

Year 
2014  NA 
2015 72591.8 
2016 57090.5 

Alternative 6 Sp_Biomass
     Model_Proj.dat 
Equil_Fabc 77202.2 
Year 
2014 159064 
2015 151306 
2016 115283 

Alternative 6 Fishing Mortality
     Model_Proj.dat 
Equil_Fabc 0.387163 
Year 
2014 0.0943845 
2015 0.480216 
2016 0.480216 

Alternative 6 Biomass
     Model_Proj.dat 

Year 
2014 487040 
2015 477071 
2016 424435 

Alternative 6 Implied SPR rate 
     Model_Proj.dat 
Equil_Fabc 0.4 
Year 
2014 0.728078 
2015 0.35 
2016 0.35 

  Model_Proj.dat 
EquilAvgAgeF0  5.39324 
EquilAvgAgeFabc  4.09584 
AvgAgeYr2016 4.17693 
Alternative 7 Catch
     Model_Proj.dat 
Equil_Fabc 34059.4 
Year 
2014 16512.3 
2015 59917.5 
2016 49278.3 

Alternative 7 ABCs
     Model_Proj.dat 

Year 
2014 76176.8 
2015 72591.8 
2016 59724.6 

Alternative 7 TACs
     Model_Proj.dat 

Year 
2014  NA 
2015 72591.8 
2016 59724.6 

Alternative 7 Sp_Biomass
     Model_Proj.dat 
Equil_Fabc 77202.2 
Year 
2014 159064 
2015 151306 
2016 121260 

Alternative 7 Fishing Mortality
     Model_Proj.dat 
Equil_Fabc 0.387163 
Year 
2014 0.0943845 
2015 0.387163 
2016 0.387163 

Alternative 7 Biomass
     Model_Proj.dat 

Year 
2014 487040 
2015 477071 
2016 435618 

Alternative 7 Implied SPR rate 
     Model_Proj.dat 
Equil_Fabc 0.4 
Year 
2014 0.728078 
2015 0.4 
2016 0.4 

  Model_Proj.dat 
EquilAvgAgeF0  5.39324 
EquilAvgAgeFabc  4.09584 
AvgAgeYr2016 4.28907 
