
SB0 SB40 SB35 MeanRec HarMeanRec Bnow
193005 77202.2 67551.9 440657 348445 159064 
CV Recruit
0.514433 
Alternative 1 Alternative  Stock: Model_Proj.dat
Catch Model_Proj.dat
Year C0 Cabc Cofl LowCI_Catch Median_Catch Mean_Catch UpperCI_Catch Stdev_Catch 
2014  0 34059.4 37161.4 16512.3 16512.3 16512.3 16512.3 1.81899e-11 
2015  0 34059.4 37161.4 11307.5 11307.5 11307.5 11307.5 4.08165e-07 
2016  0 34059.4 37161.4 10312.9 10312.9 10312.9 10312.9 6.74425e-06 

Spawning_Biomass Model_Proj.dat
Year SSB100 SSBabc SSBofl LowCI_SSB Median_SSB Mean_SSB UpperCI_SSB Stdev_SSB 
2014 193005 77202.2 67551.9 159064 159064 159064 159064 0 
2015 193005 77202.2 67551.9 151302 151306 151306 151312 3.51503 
2016 193005 77202.2 67551.9 144693 144714 144718 144751 18.9735 

Fishing_mortalityModel_Proj.dat
Year F0 Fabc Fofl LowCI_F Median_F Mean_F UpperCI_F Stdev_F 
2014  0 0.387163 0.480216 0.0943845 0.0943845 0.0943845 0.0943845 1.52656e-16 
2015  0 0.387163 0.480216 0.0672237 0.0672297 0.0672293 0.0672327 2.97616e-06 
2016  0 0.387163 0.480216 0.0634245 0.063477 0.0634726 0.0635032 2.54193e-05 

Total_BiomassModel_Proj.dat
Year B100 Babc Bofl LowCI_Biom Median_Biom Mean_Biom UpperCI_Biom Stdev_Biom 
2014 1.23352e+06 409393 389609 487040 487040 487040 487040 5.23869e-10 
2015 1.23352e+06 409393 389609 469410 476117 477071 486853 6319.46 
2016 1.23352e+06 409393 389609 459227 476624 478649 504502 14484.4 
Alternative 2 Alternative  Stock: Model_Proj.dat
Catch Model_Proj.dat
Year C0 Cabc Cofl LowCI_Catch Median_Catch Mean_Catch UpperCI_Catch Stdev_Catch 
2014  0 34059.4 37161.4 16512.3 16512.3 16512.3 16512.3 1.81899e-11 
2015  0 34059.4 37161.4 11307.5 11307.5 11307.5 11307.5 4.08165e-07 
2016  0 34059.4 37161.4 10312.9 10312.9 10312.9 10312.9 6.74425e-06 

Spawning_Biomass Model_Proj.dat
Year SSB100 SSBabc SSBofl LowCI_SSB Median_SSB Mean_SSB UpperCI_SSB Stdev_SSB 
2014 193005 77202.2 67551.9 159064 159064 159064 159064 0 
2015 193005 77202.2 67551.9 151302 151306 151306 151312 3.51503 
2016 193005 77202.2 67551.9 144693 144714 144718 144751 18.9735 

Fishing_mortalityModel_Proj.dat
Year F0 Fabc Fofl LowCI_F Median_F Mean_F UpperCI_F Stdev_F 
2014  0 0.387163 0.480216 0.0943845 0.0943845 0.0943845 0.0943845 1.52656e-16 
2015  0 0.387163 0.480216 0.0672237 0.0672297 0.0672293 0.0672327 2.97616e-06 
2016  0 0.387163 0.480216 0.0634245 0.063477 0.0634726 0.0635032 2.54193e-05 

Total_BiomassModel_Proj.dat
Year B100 Babc Bofl LowCI_Biom Median_Biom Mean_Biom UpperCI_Biom Stdev_Biom 
2014 1.23352e+06 409393 389609 487040 487040 487040 487040 5.23869e-10 
2015 1.23352e+06 409393 389609 469410 476117 477071 486853 6319.46 
2016 1.23352e+06 409393 389609 459227 476624 478649 504502 14484.4 
Alternative 3 Alternative  Stock: Model_Proj.dat
Catch Model_Proj.dat
Year C0 Cabc Cofl LowCI_Catch Median_Catch Mean_Catch UpperCI_Catch Stdev_Catch 
2014  0 34059.4 37161.4 16512.3 16512.3 16512.3 16512.3 1.81899e-11 
2015  0 34059.4 37161.4 11307.5 11307.5 11307.5 11307.5 4.08165e-07 
2016  0 34059.4 37161.4 10312.9 10312.9 10312.9 10312.9 6.74425e-06 

Spawning_Biomass Model_Proj.dat
Year SSB100 SSBabc SSBofl LowCI_SSB Median_SSB Mean_SSB UpperCI_SSB Stdev_SSB 
2014 193005 77202.2 67551.9 159064 159064 159064 159064 0 
2015 193005 77202.2 67551.9 151302 151306 151306 151312 3.51503 
2016 193005 77202.2 67551.9 144693 144714 144718 144751 18.9735 

Fishing_mortalityModel_Proj.dat
Year F0 Fabc Fofl LowCI_F Median_F Mean_F UpperCI_F Stdev_F 
2014  0 0.387163 0.480216 0.0943845 0.0943845 0.0943845 0.0943845 1.52656e-16 
2015  0 0.387163 0.480216 0.0672237 0.0672297 0.0672293 0.0672327 2.97616e-06 
2016  0 0.387163 0.480216 0.0634245 0.063477 0.0634726 0.0635032 2.54193e-05 

Total_BiomassModel_Proj.dat
Year B100 Babc Bofl LowCI_Biom Median_Biom Mean_Biom UpperCI_Biom Stdev_Biom 
2014 1.23352e+06 409393 389609 487040 487040 487040 487040 5.23869e-10 
2015 1.23352e+06 409393 389609 469410 476117 477071 486853 6319.46 
2016 1.23352e+06 409393 389609 459227 476624 478649 504502 14484.4 
Alternative 4 Alternative  Stock: Model_Proj.dat
Catch Model_Proj.dat
Year C0 Cabc Cofl LowCI_Catch Median_Catch Mean_Catch UpperCI_Catch Stdev_Catch 
2014  0 34059.4 37161.4 16512.3 16512.3 16512.3 16512.3 1.81899e-11 
2015  0 34059.4 37161.4 11307.5 11307.5 11307.5 11307.5 4.08165e-07 
2016  0 34059.4 37161.4 10312.9 10312.9 10312.9 10312.9 6.74425e-06 

Spawning_Biomass Model_Proj.dat
Year SSB100 SSBabc SSBofl LowCI_SSB Median_SSB Mean_SSB UpperCI_SSB Stdev_SSB 
2014 193005 77202.2 67551.9 159064 159064 159064 159064 0 
2015 193005 77202.2 67551.9 151302 151306 151306 151312 3.51503 
2016 193005 77202.2 67551.9 144693 144714 144718 144751 18.9735 

Fishing_mortalityModel_Proj.dat
Year F0 Fabc Fofl LowCI_F Median_F Mean_F UpperCI_F Stdev_F 
2014  0 0.387163 0.480216 0.0943845 0.0943845 0.0943845 0.0943845 1.52656e-16 
2015  0 0.387163 0.480216 0.0672237 0.0672297 0.0672293 0.0672327 2.97616e-06 
2016  0 0.387163 0.480216 0.0634245 0.063477 0.0634726 0.0635032 2.54193e-05 

Total_BiomassModel_Proj.dat
Year B100 Babc Bofl LowCI_Biom Median_Biom Mean_Biom UpperCI_Biom Stdev_Biom 
2014 1.23352e+06 409393 389609 487040 487040 487040 487040 5.23869e-10 
2015 1.23352e+06 409393 389609 469410 476117 477071 486853 6319.46 
2016 1.23352e+06 409393 389609 459227 476624 478649 504502 14484.4 
Alternative 5 Alternative  Stock: Model_Proj.dat
Catch Model_Proj.dat
Year C0 Cabc Cofl LowCI_Catch Median_Catch Mean_Catch UpperCI_Catch Stdev_Catch 
2014  0 34059.4 37161.4 16512.3 16512.3 16512.3 16512.3 1.81899e-11 
2015  0 34059.4 37161.4 11307.5 11307.5 11307.5 11307.5 4.08165e-07 
2016  0 34059.4 37161.4 10312.9 10312.9 10312.9 10312.9 6.74425e-06 

Spawning_Biomass Model_Proj.dat
Year SSB100 SSBabc SSBofl LowCI_SSB Median_SSB Mean_SSB UpperCI_SSB Stdev_SSB 
2014 193005 77202.2 67551.9 159064 159064 159064 159064 0 
2015 193005 77202.2 67551.9 151302 151306 151306 151312 3.51503 
2016 193005 77202.2 67551.9 144693 144714 144718 144751 18.9735 

Fishing_mortalityModel_Proj.dat
Year F0 Fabc Fofl LowCI_F Median_F Mean_F UpperCI_F Stdev_F 
2014  0 0.387163 0.480216 0.0943845 0.0943845 0.0943845 0.0943845 1.52656e-16 
2015  0 0.387163 0.480216 0.0672237 0.0672297 0.0672293 0.0672327 2.97616e-06 
2016  0 0.387163 0.480216 0.0634245 0.063477 0.0634726 0.0635032 2.54193e-05 

Total_BiomassModel_Proj.dat
Year B100 Babc Bofl LowCI_Biom Median_Biom Mean_Biom UpperCI_Biom Stdev_Biom 
2014 1.23352e+06 409393 389609 487040 487040 487040 487040 5.23869e-10 
2015 1.23352e+06 409393 389609 469410 476117 477071 486853 6319.46 
2016 1.23352e+06 409393 389609 459227 476624 478649 504502 14484.4 
Alternative 6 Alternative  Stock: Model_Proj.dat
Catch Model_Proj.dat
Year C0 Cabc Cofl LowCI_Catch Median_Catch Mean_Catch UpperCI_Catch Stdev_Catch 
2014  0 34059.4 37161.4 16512.3 16512.3 16512.3 16512.3 1.81899e-11 
2015  0 34059.4 37161.4 72587.5 72591.3 72591.8 72597.2 3.51101 
2016  0 34059.4 37161.4 57053.7 57084.9 57090.5 57145.7 30.5632 

Spawning_Biomass Model_Proj.dat
Year SSB100 SSBabc SSBofl LowCI_SSB Median_SSB Mean_SSB UpperCI_SSB Stdev_SSB 
2014 193005 77202.2 67551.9 159064 159064 159064 159064 0 
2015 193005 77202.2 67551.9 151302 151306 151306 151312 3.51503 
2016 193005 77202.2 67551.9 115259 115280 115283 115316 18.7358 

Fishing_mortalityModel_Proj.dat
Year F0 Fabc Fofl LowCI_F Median_F Mean_F UpperCI_F Stdev_F 
2014  0 0.387163 0.480216 0.0943845 0.0943845 0.0943845 0.0943845 1.52656e-16 
2015  0 0.387163 0.480216 0.480216 0.480216 0.480216 0.480216 8.69956e-12 
2016  0 0.387163 0.480216 0.480216 0.480216 0.480216 0.480216 1.25617e-10 

Total_BiomassModel_Proj.dat
Year B100 Babc Bofl LowCI_Biom Median_Biom Mean_Biom UpperCI_Biom Stdev_Biom 
2014 1.23352e+06 409393 389609 487040 487040 487040 487040 5.23869e-10 
2015 1.23352e+06 409393 389609 469410 476117 477071 486853 6319.46 
2016 1.23352e+06 409393 389609 405019 422409 424435 450276 14480 
Alternative 7 Alternative  Stock: Model_Proj.dat
Catch Model_Proj.dat
Year C0 Cabc Cofl LowCI_Catch Median_Catch Mean_Catch UpperCI_Catch Stdev_Catch 
2014  0 34059.4 37161.4 16512.3 16512.3 16512.3 16512.3 1.81899e-11 
2015  0 34059.4 37161.4 59914.1 59917.1 59917.5 59921.9 2.8308 
2016  0 34059.4 37161.4 49248.6 49273.8 49278.3 49322.8 24.6493 

Spawning_Biomass Model_Proj.dat
Year SSB100 SSBabc SSBofl LowCI_SSB Median_SSB Mean_SSB UpperCI_SSB Stdev_SSB 
2014 193005 77202.2 67551.9 159064 159064 159064 159064 0 
2015 193005 77202.2 67551.9 151302 151306 151306 151312 3.51503 
2016 193005 77202.2 67551.9 121235 121256 121260 121293 18.7368 

Fishing_mortalityModel_Proj.dat
Year F0 Fabc Fofl LowCI_F Median_F Mean_F UpperCI_F Stdev_F 
2014  0 0.387163 0.480216 0.0943845 0.0943845 0.0943845 0.0943845 1.52656e-16 
2015  0 0.387163 0.480216 0.387163 0.387163 0.387163 0.387163 3.96312e-12 
2016  0 0.387163 0.480216 0.387163 0.387163 0.387163 0.387163 2.20583e-10 

Total_BiomassModel_Proj.dat
Year B100 Babc Bofl LowCI_Biom Median_Biom Mean_Biom UpperCI_Biom Stdev_Biom 
2014 1.23352e+06 409393 389609 487040 487040 487040 487040 5.23869e-10 
2015 1.23352e+06 409393 389609 469410 476117 477071 486853 6319.46 
2016 1.23352e+06 409393 389609 416201 433593 435618 461461 14480.9 
