Model_Proj.dat 1 2014 Cabc 34059.4
Model_Proj.dat 1 2014 Cofl 37161.4
Model_Proj.dat 1 2014 CLCI 16512.3
Model_Proj.dat 1 2014 CUCI 16512.3
Model_Proj.dat 1 2014 CMedian 16512.3
Model_Proj.dat 1 2014 CMean 16512.3
Model_Proj.dat 1 2014 CStdn 1.81899e-11
Model_Proj.dat 1 2015 Cabc 34059.4
Model_Proj.dat 1 2015 Cofl 37161.4
Model_Proj.dat 1 2015 CLCI 11307.5
Model_Proj.dat 1 2015 CUCI 11307.5
Model_Proj.dat 1 2015 CMedian 11307.5
Model_Proj.dat 1 2015 CMean 11307.5
Model_Proj.dat 1 2015 CStdn 4.08165e-07
Model_Proj.dat 1 2016 Cabc 34059.4
Model_Proj.dat 1 2016 Cofl 37161.4
Model_Proj.dat 1 2016 CLCI 10312.9
Model_Proj.dat 1 2016 CUCI 10312.9
Model_Proj.dat 1 2016 CMedian 10312.9
Model_Proj.dat 1 2016 CMean 10312.9
Model_Proj.dat 1 2016 CStdn 6.74425e-06
Model_Proj.dat 1 2014 SSBF100 193005
Model_Proj.dat 1 2014 SSBFabc 77202.2
Model_Proj.dat 1 2014 SSBFofl 67551.9
Model_Proj.dat 1 2014 SSBLCI 159064
Model_Proj.dat 1 2014 SSBUCI 159064
Model_Proj.dat 1 2014 SSBMedian 159064
Model_Proj.dat 1 2014 SSBMean 159064
Model_Proj.dat 1 2015 SSBF100 193005
Model_Proj.dat 1 2015 SSBFabc 77202.2
Model_Proj.dat 1 2015 SSBFofl 67551.9
Model_Proj.dat 1 2015 SSBLCI 151302
Model_Proj.dat 1 2015 SSBUCI 151312
Model_Proj.dat 1 2015 SSBMedian 151306
Model_Proj.dat 1 2015 SSBMean 151306
Model_Proj.dat 1 2016 SSBF100 193005
Model_Proj.dat 1 2016 SSBFabc 77202.2
Model_Proj.dat 1 2016 SSBFofl 67551.9
Model_Proj.dat 1 2016 SSBLCI 144693
Model_Proj.dat 1 2016 SSBUCI 144751
Model_Proj.dat 1 2016 SSBMedian 144714
Model_Proj.dat 1 2016 SSBMean 144718
Model_Proj.dat 1 2014 F0 0 
Model_Proj.dat 1 2014 Fabc 0.387163
Model_Proj.dat 1 2014 Fofl 0.480216
Model_Proj.dat 1 2014  F_LCI 0.0943845
Model_Proj.dat 1 2014  F_UCI 0.0943845
Model_Proj.dat 1 2014  F_Median 0.0943845
Model_Proj.dat 1 2014  F_Mean 0.0943845
Model_Proj.dat 1 2015 F0 0 
Model_Proj.dat 1 2015 Fabc 0.387163
Model_Proj.dat 1 2015 Fofl 0.480216
Model_Proj.dat 1 2015  F_LCI 0.0672237
Model_Proj.dat 1 2015  F_UCI 0.0672327
Model_Proj.dat 1 2015  F_Median 0.0672297
Model_Proj.dat 1 2015  F_Mean 0.0672293
Model_Proj.dat 1 2016 F0 0 
Model_Proj.dat 1 2016 Fabc 0.387163
Model_Proj.dat 1 2016 Fofl 0.480216
Model_Proj.dat 1 2016  F_LCI 0.0634245
Model_Proj.dat 1 2016  F_UCI 0.0635032
Model_Proj.dat 1 2016  F_Median 0.063477
Model_Proj.dat 1 2016  F_Mean 0.0634726
Model_Proj.dat 2 2014 Cabc 34059.4
Model_Proj.dat 2 2014 Cofl 37161.4
Model_Proj.dat 2 2014 CLCI 16512.3
Model_Proj.dat 2 2014 CUCI 16512.3
Model_Proj.dat 2 2014 CMedian 16512.3
Model_Proj.dat 2 2014 CMean 16512.3
Model_Proj.dat 2 2014 CStdn 1.81899e-11
Model_Proj.dat 2 2015 Cabc 34059.4
Model_Proj.dat 2 2015 Cofl 37161.4
Model_Proj.dat 2 2015 CLCI 11307.5
Model_Proj.dat 2 2015 CUCI 11307.5
Model_Proj.dat 2 2015 CMedian 11307.5
Model_Proj.dat 2 2015 CMean 11307.5
Model_Proj.dat 2 2015 CStdn 4.08165e-07
Model_Proj.dat 2 2016 Cabc 34059.4
Model_Proj.dat 2 2016 Cofl 37161.4
Model_Proj.dat 2 2016 CLCI 10312.9
Model_Proj.dat 2 2016 CUCI 10312.9
Model_Proj.dat 2 2016 CMedian 10312.9
Model_Proj.dat 2 2016 CMean 10312.9
Model_Proj.dat 2 2016 CStdn 6.74425e-06
Model_Proj.dat 2 2014 SSBF100 193005
Model_Proj.dat 2 2014 SSBFabc 77202.2
Model_Proj.dat 2 2014 SSBFofl 67551.9
Model_Proj.dat 2 2014 SSBLCI 159064
Model_Proj.dat 2 2014 SSBUCI 159064
Model_Proj.dat 2 2014 SSBMedian 159064
Model_Proj.dat 2 2014 SSBMean 159064
Model_Proj.dat 2 2015 SSBF100 193005
Model_Proj.dat 2 2015 SSBFabc 77202.2
Model_Proj.dat 2 2015 SSBFofl 67551.9
Model_Proj.dat 2 2015 SSBLCI 151302
Model_Proj.dat 2 2015 SSBUCI 151312
Model_Proj.dat 2 2015 SSBMedian 151306
Model_Proj.dat 2 2015 SSBMean 151306
Model_Proj.dat 2 2016 SSBF100 193005
Model_Proj.dat 2 2016 SSBFabc 77202.2
Model_Proj.dat 2 2016 SSBFofl 67551.9
Model_Proj.dat 2 2016 SSBLCI 144693
Model_Proj.dat 2 2016 SSBUCI 144751
Model_Proj.dat 2 2016 SSBMedian 144714
Model_Proj.dat 2 2016 SSBMean 144718
Model_Proj.dat 2 2014 F0 0 
Model_Proj.dat 2 2014 Fabc 0.387163
Model_Proj.dat 2 2014 Fofl 0.480216
Model_Proj.dat 2 2014  F_LCI 0.0943845
Model_Proj.dat 2 2014  F_UCI 0.0943845
Model_Proj.dat 2 2014  F_Median 0.0943845
Model_Proj.dat 2 2014  F_Mean 0.0943845
Model_Proj.dat 2 2015 F0 0 
Model_Proj.dat 2 2015 Fabc 0.387163
Model_Proj.dat 2 2015 Fofl 0.480216
Model_Proj.dat 2 2015  F_LCI 0.0672237
Model_Proj.dat 2 2015  F_UCI 0.0672327
Model_Proj.dat 2 2015  F_Median 0.0672297
Model_Proj.dat 2 2015  F_Mean 0.0672293
Model_Proj.dat 2 2016 F0 0 
Model_Proj.dat 2 2016 Fabc 0.387163
Model_Proj.dat 2 2016 Fofl 0.480216
Model_Proj.dat 2 2016  F_LCI 0.0634245
Model_Proj.dat 2 2016  F_UCI 0.0635032
Model_Proj.dat 2 2016  F_Median 0.063477
Model_Proj.dat 2 2016  F_Mean 0.0634726
Model_Proj.dat 3 2014 Cabc 34059.4
Model_Proj.dat 3 2014 Cofl 37161.4
Model_Proj.dat 3 2014 CLCI 16512.3
Model_Proj.dat 3 2014 CUCI 16512.3
Model_Proj.dat 3 2014 CMedian 16512.3
Model_Proj.dat 3 2014 CMean 16512.3
Model_Proj.dat 3 2014 CStdn 1.81899e-11
Model_Proj.dat 3 2015 Cabc 34059.4
Model_Proj.dat 3 2015 Cofl 37161.4
Model_Proj.dat 3 2015 CLCI 11307.5
Model_Proj.dat 3 2015 CUCI 11307.5
Model_Proj.dat 3 2015 CMedian 11307.5
Model_Proj.dat 3 2015 CMean 11307.5
Model_Proj.dat 3 2015 CStdn 4.08165e-07
Model_Proj.dat 3 2016 Cabc 34059.4
Model_Proj.dat 3 2016 Cofl 37161.4
Model_Proj.dat 3 2016 CLCI 10312.9
Model_Proj.dat 3 2016 CUCI 10312.9
Model_Proj.dat 3 2016 CMedian 10312.9
Model_Proj.dat 3 2016 CMean 10312.9
Model_Proj.dat 3 2016 CStdn 6.74425e-06
Model_Proj.dat 3 2014 SSBF100 193005
Model_Proj.dat 3 2014 SSBFabc 77202.2
Model_Proj.dat 3 2014 SSBFofl 67551.9
Model_Proj.dat 3 2014 SSBLCI 159064
Model_Proj.dat 3 2014 SSBUCI 159064
Model_Proj.dat 3 2014 SSBMedian 159064
Model_Proj.dat 3 2014 SSBMean 159064
Model_Proj.dat 3 2015 SSBF100 193005
Model_Proj.dat 3 2015 SSBFabc 77202.2
Model_Proj.dat 3 2015 SSBFofl 67551.9
Model_Proj.dat 3 2015 SSBLCI 151302
Model_Proj.dat 3 2015 SSBUCI 151312
Model_Proj.dat 3 2015 SSBMedian 151306
Model_Proj.dat 3 2015 SSBMean 151306
Model_Proj.dat 3 2016 SSBF100 193005
Model_Proj.dat 3 2016 SSBFabc 77202.2
Model_Proj.dat 3 2016 SSBFofl 67551.9
Model_Proj.dat 3 2016 SSBLCI 144693
Model_Proj.dat 3 2016 SSBUCI 144751
Model_Proj.dat 3 2016 SSBMedian 144714
Model_Proj.dat 3 2016 SSBMean 144718
Model_Proj.dat 3 2014 F0 0 
Model_Proj.dat 3 2014 Fabc 0.387163
Model_Proj.dat 3 2014 Fofl 0.480216
Model_Proj.dat 3 2014  F_LCI 0.0943845
Model_Proj.dat 3 2014  F_UCI 0.0943845
Model_Proj.dat 3 2014  F_Median 0.0943845
Model_Proj.dat 3 2014  F_Mean 0.0943845
Model_Proj.dat 3 2015 F0 0 
Model_Proj.dat 3 2015 Fabc 0.387163
Model_Proj.dat 3 2015 Fofl 0.480216
Model_Proj.dat 3 2015  F_LCI 0.0672237
Model_Proj.dat 3 2015  F_UCI 0.0672327
Model_Proj.dat 3 2015  F_Median 0.0672297
Model_Proj.dat 3 2015  F_Mean 0.0672293
Model_Proj.dat 3 2016 F0 0 
Model_Proj.dat 3 2016 Fabc 0.387163
Model_Proj.dat 3 2016 Fofl 0.480216
Model_Proj.dat 3 2016  F_LCI 0.0634245
Model_Proj.dat 3 2016  F_UCI 0.0635032
Model_Proj.dat 3 2016  F_Median 0.063477
Model_Proj.dat 3 2016  F_Mean 0.0634726
Model_Proj.dat 4 2014 Cabc 34059.4
Model_Proj.dat 4 2014 Cofl 37161.4
Model_Proj.dat 4 2014 CLCI 16512.3
Model_Proj.dat 4 2014 CUCI 16512.3
Model_Proj.dat 4 2014 CMedian 16512.3
Model_Proj.dat 4 2014 CMean 16512.3
Model_Proj.dat 4 2014 CStdn 1.81899e-11
Model_Proj.dat 4 2015 Cabc 34059.4
Model_Proj.dat 4 2015 Cofl 37161.4
Model_Proj.dat 4 2015 CLCI 11307.5
Model_Proj.dat 4 2015 CUCI 11307.5
Model_Proj.dat 4 2015 CMedian 11307.5
Model_Proj.dat 4 2015 CMean 11307.5
Model_Proj.dat 4 2015 CStdn 4.08165e-07
Model_Proj.dat 4 2016 Cabc 34059.4
Model_Proj.dat 4 2016 Cofl 37161.4
Model_Proj.dat 4 2016 CLCI 10312.9
Model_Proj.dat 4 2016 CUCI 10312.9
Model_Proj.dat 4 2016 CMedian 10312.9
Model_Proj.dat 4 2016 CMean 10312.9
Model_Proj.dat 4 2016 CStdn 6.74425e-06
Model_Proj.dat 4 2014 SSBF100 193005
Model_Proj.dat 4 2014 SSBFabc 77202.2
Model_Proj.dat 4 2014 SSBFofl 67551.9
Model_Proj.dat 4 2014 SSBLCI 159064
Model_Proj.dat 4 2014 SSBUCI 159064
Model_Proj.dat 4 2014 SSBMedian 159064
Model_Proj.dat 4 2014 SSBMean 159064
Model_Proj.dat 4 2015 SSBF100 193005
Model_Proj.dat 4 2015 SSBFabc 77202.2
Model_Proj.dat 4 2015 SSBFofl 67551.9
Model_Proj.dat 4 2015 SSBLCI 151302
Model_Proj.dat 4 2015 SSBUCI 151312
Model_Proj.dat 4 2015 SSBMedian 151306
Model_Proj.dat 4 2015 SSBMean 151306
Model_Proj.dat 4 2016 SSBF100 193005
Model_Proj.dat 4 2016 SSBFabc 77202.2
Model_Proj.dat 4 2016 SSBFofl 67551.9
Model_Proj.dat 4 2016 SSBLCI 144693
Model_Proj.dat 4 2016 SSBUCI 144751
Model_Proj.dat 4 2016 SSBMedian 144714
Model_Proj.dat 4 2016 SSBMean 144718
Model_Proj.dat 4 2014 F0 0 
Model_Proj.dat 4 2014 Fabc 0.387163
Model_Proj.dat 4 2014 Fofl 0.480216
Model_Proj.dat 4 2014  F_LCI 0.0943845
Model_Proj.dat 4 2014  F_UCI 0.0943845
Model_Proj.dat 4 2014  F_Median 0.0943845
Model_Proj.dat 4 2014  F_Mean 0.0943845
Model_Proj.dat 4 2015 F0 0 
Model_Proj.dat 4 2015 Fabc 0.387163
Model_Proj.dat 4 2015 Fofl 0.480216
Model_Proj.dat 4 2015  F_LCI 0.0672237
Model_Proj.dat 4 2015  F_UCI 0.0672327
Model_Proj.dat 4 2015  F_Median 0.0672297
Model_Proj.dat 4 2015  F_Mean 0.0672293
Model_Proj.dat 4 2016 F0 0 
Model_Proj.dat 4 2016 Fabc 0.387163
Model_Proj.dat 4 2016 Fofl 0.480216
Model_Proj.dat 4 2016  F_LCI 0.0634245
Model_Proj.dat 4 2016  F_UCI 0.0635032
Model_Proj.dat 4 2016  F_Median 0.063477
Model_Proj.dat 4 2016  F_Mean 0.0634726
Model_Proj.dat 5 2014 Cabc 34059.4
Model_Proj.dat 5 2014 Cofl 37161.4
Model_Proj.dat 5 2014 CLCI 16512.3
Model_Proj.dat 5 2014 CUCI 16512.3
Model_Proj.dat 5 2014 CMedian 16512.3
Model_Proj.dat 5 2014 CMean 16512.3
Model_Proj.dat 5 2014 CStdn 1.81899e-11
Model_Proj.dat 5 2015 Cabc 34059.4
Model_Proj.dat 5 2015 Cofl 37161.4
Model_Proj.dat 5 2015 CLCI 11307.5
Model_Proj.dat 5 2015 CUCI 11307.5
Model_Proj.dat 5 2015 CMedian 11307.5
Model_Proj.dat 5 2015 CMean 11307.5
Model_Proj.dat 5 2015 CStdn 4.08165e-07
Model_Proj.dat 5 2016 Cabc 34059.4
Model_Proj.dat 5 2016 Cofl 37161.4
Model_Proj.dat 5 2016 CLCI 10312.9
Model_Proj.dat 5 2016 CUCI 10312.9
Model_Proj.dat 5 2016 CMedian 10312.9
Model_Proj.dat 5 2016 CMean 10312.9
Model_Proj.dat 5 2016 CStdn 6.74425e-06
Model_Proj.dat 5 2014 SSBF100 193005
Model_Proj.dat 5 2014 SSBFabc 77202.2
Model_Proj.dat 5 2014 SSBFofl 67551.9
Model_Proj.dat 5 2014 SSBLCI 159064
Model_Proj.dat 5 2014 SSBUCI 159064
Model_Proj.dat 5 2014 SSBMedian 159064
Model_Proj.dat 5 2014 SSBMean 159064
Model_Proj.dat 5 2015 SSBF100 193005
Model_Proj.dat 5 2015 SSBFabc 77202.2
Model_Proj.dat 5 2015 SSBFofl 67551.9
Model_Proj.dat 5 2015 SSBLCI 151302
Model_Proj.dat 5 2015 SSBUCI 151312
Model_Proj.dat 5 2015 SSBMedian 151306
Model_Proj.dat 5 2015 SSBMean 151306
Model_Proj.dat 5 2016 SSBF100 193005
Model_Proj.dat 5 2016 SSBFabc 77202.2
Model_Proj.dat 5 2016 SSBFofl 67551.9
Model_Proj.dat 5 2016 SSBLCI 144693
Model_Proj.dat 5 2016 SSBUCI 144751
Model_Proj.dat 5 2016 SSBMedian 144714
Model_Proj.dat 5 2016 SSBMean 144718
Model_Proj.dat 5 2014 F0 0 
Model_Proj.dat 5 2014 Fabc 0.387163
Model_Proj.dat 5 2014 Fofl 0.480216
Model_Proj.dat 5 2014  F_LCI 0.0943845
Model_Proj.dat 5 2014  F_UCI 0.0943845
Model_Proj.dat 5 2014  F_Median 0.0943845
Model_Proj.dat 5 2014  F_Mean 0.0943845
Model_Proj.dat 5 2015 F0 0 
Model_Proj.dat 5 2015 Fabc 0.387163
Model_Proj.dat 5 2015 Fofl 0.480216
Model_Proj.dat 5 2015  F_LCI 0.0672237
Model_Proj.dat 5 2015  F_UCI 0.0672327
Model_Proj.dat 5 2015  F_Median 0.0672297
Model_Proj.dat 5 2015  F_Mean 0.0672293
Model_Proj.dat 5 2016 F0 0 
Model_Proj.dat 5 2016 Fabc 0.387163
Model_Proj.dat 5 2016 Fofl 0.480216
Model_Proj.dat 5 2016  F_LCI 0.0634245
Model_Proj.dat 5 2016  F_UCI 0.0635032
Model_Proj.dat 5 2016  F_Median 0.063477
Model_Proj.dat 5 2016  F_Mean 0.0634726
Model_Proj.dat 6 2014 Cabc 34059.4
Model_Proj.dat 6 2014 Cofl 37161.4
Model_Proj.dat 6 2014 CLCI 16512.3
Model_Proj.dat 6 2014 CUCI 16512.3
Model_Proj.dat 6 2014 CMedian 16512.3
Model_Proj.dat 6 2014 CMean 16512.3
Model_Proj.dat 6 2014 CStdn 1.81899e-11
Model_Proj.dat 6 2015 Cabc 34059.4
Model_Proj.dat 6 2015 Cofl 37161.4
Model_Proj.dat 6 2015 CLCI 72587.5
Model_Proj.dat 6 2015 CUCI 72597.2
Model_Proj.dat 6 2015 CMedian 72591.3
Model_Proj.dat 6 2015 CMean 72591.8
Model_Proj.dat 6 2015 CStdn 3.51101
Model_Proj.dat 6 2016 Cabc 34059.4
Model_Proj.dat 6 2016 Cofl 37161.4
Model_Proj.dat 6 2016 CLCI 57053.7
Model_Proj.dat 6 2016 CUCI 57145.7
Model_Proj.dat 6 2016 CMedian 57084.9
Model_Proj.dat 6 2016 CMean 57090.5
Model_Proj.dat 6 2016 CStdn 30.5632
Model_Proj.dat 6 2014 SSBF100 193005
Model_Proj.dat 6 2014 SSBFabc 77202.2
Model_Proj.dat 6 2014 SSBFofl 67551.9
Model_Proj.dat 6 2014 SSBLCI 159064
Model_Proj.dat 6 2014 SSBUCI 159064
Model_Proj.dat 6 2014 SSBMedian 159064
Model_Proj.dat 6 2014 SSBMean 159064
Model_Proj.dat 6 2015 SSBF100 193005
Model_Proj.dat 6 2015 SSBFabc 77202.2
Model_Proj.dat 6 2015 SSBFofl 67551.9
Model_Proj.dat 6 2015 SSBLCI 151302
Model_Proj.dat 6 2015 SSBUCI 151312
Model_Proj.dat 6 2015 SSBMedian 151306
Model_Proj.dat 6 2015 SSBMean 151306
Model_Proj.dat 6 2016 SSBF100 193005
Model_Proj.dat 6 2016 SSBFabc 77202.2
Model_Proj.dat 6 2016 SSBFofl 67551.9
Model_Proj.dat 6 2016 SSBLCI 115259
Model_Proj.dat 6 2016 SSBUCI 115316
Model_Proj.dat 6 2016 SSBMedian 115280
Model_Proj.dat 6 2016 SSBMean 115283
Model_Proj.dat 6 2014 F0 0 
Model_Proj.dat 6 2014 Fabc 0.387163
Model_Proj.dat 6 2014 Fofl 0.480216
Model_Proj.dat 6 2014  F_LCI 0.0943845
Model_Proj.dat 6 2014  F_UCI 0.0943845
Model_Proj.dat 6 2014  F_Median 0.0943845
Model_Proj.dat 6 2014  F_Mean 0.0943845
Model_Proj.dat 6 2015 F0 0 
Model_Proj.dat 6 2015 Fabc 0.387163
Model_Proj.dat 6 2015 Fofl 0.480216
Model_Proj.dat 6 2015  F_LCI 0.480216
Model_Proj.dat 6 2015  F_UCI 0.480216
Model_Proj.dat 6 2015  F_Median 0.480216
Model_Proj.dat 6 2015  F_Mean 0.480216
Model_Proj.dat 6 2016 F0 0 
Model_Proj.dat 6 2016 Fabc 0.387163
Model_Proj.dat 6 2016 Fofl 0.480216
Model_Proj.dat 6 2016  F_LCI 0.480216
Model_Proj.dat 6 2016  F_UCI 0.480216
Model_Proj.dat 6 2016  F_Median 0.480216
Model_Proj.dat 6 2016  F_Mean 0.480216
Model_Proj.dat 7 2014 Cabc 34059.4
Model_Proj.dat 7 2014 Cofl 37161.4
Model_Proj.dat 7 2014 CLCI 16512.3
Model_Proj.dat 7 2014 CUCI 16512.3
Model_Proj.dat 7 2014 CMedian 16512.3
Model_Proj.dat 7 2014 CMean 16512.3
Model_Proj.dat 7 2014 CStdn 1.81899e-11
Model_Proj.dat 7 2015 Cabc 34059.4
Model_Proj.dat 7 2015 Cofl 37161.4
Model_Proj.dat 7 2015 CLCI 59914.1
Model_Proj.dat 7 2015 CUCI 59921.9
Model_Proj.dat 7 2015 CMedian 59917.1
Model_Proj.dat 7 2015 CMean 59917.5
Model_Proj.dat 7 2015 CStdn 2.8308
Model_Proj.dat 7 2016 Cabc 34059.4
Model_Proj.dat 7 2016 Cofl 37161.4
Model_Proj.dat 7 2016 CLCI 49248.6
Model_Proj.dat 7 2016 CUCI 49322.8
Model_Proj.dat 7 2016 CMedian 49273.8
Model_Proj.dat 7 2016 CMean 49278.3
Model_Proj.dat 7 2016 CStdn 24.6493
Model_Proj.dat 7 2014 SSBF100 193005
Model_Proj.dat 7 2014 SSBFabc 77202.2
Model_Proj.dat 7 2014 SSBFofl 67551.9
Model_Proj.dat 7 2014 SSBLCI 159064
Model_Proj.dat 7 2014 SSBUCI 159064
Model_Proj.dat 7 2014 SSBMedian 159064
Model_Proj.dat 7 2014 SSBMean 159064
Model_Proj.dat 7 2015 SSBF100 193005
Model_Proj.dat 7 2015 SSBFabc 77202.2
Model_Proj.dat 7 2015 SSBFofl 67551.9
Model_Proj.dat 7 2015 SSBLCI 151302
Model_Proj.dat 7 2015 SSBUCI 151312
Model_Proj.dat 7 2015 SSBMedian 151306
Model_Proj.dat 7 2015 SSBMean 151306
Model_Proj.dat 7 2016 SSBF100 193005
Model_Proj.dat 7 2016 SSBFabc 77202.2
Model_Proj.dat 7 2016 SSBFofl 67551.9
Model_Proj.dat 7 2016 SSBLCI 121235
Model_Proj.dat 7 2016 SSBUCI 121293
Model_Proj.dat 7 2016 SSBMedian 121256
Model_Proj.dat 7 2016 SSBMean 121260
Model_Proj.dat 7 2014 F0 0 
Model_Proj.dat 7 2014 Fabc 0.387163
Model_Proj.dat 7 2014 Fofl 0.480216
Model_Proj.dat 7 2014  F_LCI 0.0943845
Model_Proj.dat 7 2014  F_UCI 0.0943845
Model_Proj.dat 7 2014  F_Median 0.0943845
Model_Proj.dat 7 2014  F_Mean 0.0943845
Model_Proj.dat 7 2015 F0 0 
Model_Proj.dat 7 2015 Fabc 0.387163
Model_Proj.dat 7 2015 Fofl 0.480216
Model_Proj.dat 7 2015  F_LCI 0.387163
Model_Proj.dat 7 2015  F_UCI 0.387163
Model_Proj.dat 7 2015  F_Median 0.387163
Model_Proj.dat 7 2015  F_Mean 0.387163
Model_Proj.dat 7 2016 F0 0 
Model_Proj.dat 7 2016 Fabc 0.387163
Model_Proj.dat 7 2016 Fofl 0.480216
Model_Proj.dat 7 2016  F_LCI 0.387163
Model_Proj.dat 7 2016  F_UCI 0.387163
Model_Proj.dat 7 2016  F_Median 0.387163
Model_Proj.dat 7 2016  F_Mean 0.387163
