Alternative 1 Catch
     Model_Proj.dat 
Equil_Fabc 35.2579 
Year 
2020 8.669 
2021 11.519 
2022 11.519 
2023 65.7753 
2024 58.6292 
2025 53.0164 
2026 48.65 
2027 45.2119 
2028 42.5424 
2029 40.4574 
2030 38.578 
2031 37.1591 
2032 36.2643 
2033 35.6977 

Alternative 1 ABCs
     Model_Proj.dat 

Year 
2020 60.9271 
2021 62.5672 
2022 64.1188 
2023 65.7753 
2024 58.6292 
2025 53.0164 
2026 48.65 
2027 45.2119 
2028 42.5424 
2029 40.4574 
2030 38.578 
2031 37.1591 
2032 36.2643 
2033 35.6977 

Alternative 1 TACs
     Model_Proj.dat 

Year 
2020  NA 
2021  NA 
2022  NA 
2023 65.7753 
2024 58.6292 
2025 53.0164 
2026 48.65 
2027 45.2119 
2028 42.5424 
2029 40.4574 
2030 38.578 
2031 37.1591 
2032 36.2643 
2033 35.6977 

Alternative 1 Sp_Biomass
     Model_Proj.dat 
Equil_Fabc 81.4632 
Year 
2020 146.307 
2021 150.433 
2022 154.906 
2023 160.138 
2024 141.369 
2025 126.904 
2026 115.617 
2027 106.673 
2028 99.6795 
2029 94.3787 
2030 90.5094 
2031 87.8706 
2032 86.184 
2033 85.0993 

Alternative 1 Fishing Mortality
     Model_Proj.dat 
Equil_Fabc 0.368177 
Year 
2020 0.0483308 
2021 0.0628575 
2022 0.0613702 
2023 0.368177 
2024 0.368177 
2025 0.368177 
2026 0.368177 
2027 0.368177 
2028 0.368177 
2029 0.367465 
2030 0.362799 
2031 0.357954 
2032 0.354922 
2033 0.353131 

Alternative 1 Biomass
     Model_Proj.dat 

Year 
2020 591.002 
2021 602.497 
2022 608.576 
2023 612.343 
2024 566.065 
2025 530.018 
2026 502.518 
2027 481.727 
2028 466.252 
2029 455.436 
2030 447.675 
2031 442.486 
2032 438.683 
2033 436.013 

Alternative 1 Implied SPR rate 
     Model_Proj.dat 
Equil_Fabc 0.4 
Year 
2020 0.833193 
2021 0.793667 
2022 0.797536 
2023 0.4 
2024 0.4 
2025 0.4 
2026 0.4 
2027 0.4 
2028 0.4 
2029 0.400477 
2030 0.403697 
2031 0.407157 
2032 0.40938 
2033 0.410678 

  Model_Proj.dat 
EquilAvgAgeF0  5.39324 
EquilAvgAgeFabc  4.09778 
AvgAgeYr2033 4.18607 
Alternative 2 Catch
     Model_Proj.dat 
Equil_Fabc 35.2579 
Year 
2020 8.669 
2021 11.519 
2022 11.519 
2023 65.7753 
2024 58.6292 
2025 53.0164 
2026 48.65 
2027 45.2119 
2028 42.5424 
2029 40.4574 
2030 38.578 
2031 37.1591 
2032 36.2643 
2033 35.6977 

Alternative 2 ABCs
     Model_Proj.dat 

Year 
2020 60.9271 
2021 62.5672 
2022 64.1188 
2023 65.7753 
2024 58.6292 
2025 53.0164 
2026 48.65 
2027 45.2119 
2028 42.5424 
2029 40.4574 
2030 38.578 
2031 37.1591 
2032 36.2643 
2033 35.6977 

Alternative 2 TACs
     Model_Proj.dat 

Year 
2020  NA 
2021  NA 
2022  NA 
2023 65.7753 
2024 58.6292 
2025 53.0164 
2026 48.65 
2027 45.2119 
2028 42.5424 
2029 40.4574 
2030 38.578 
2031 37.1591 
2032 36.2643 
2033 35.6977 

Alternative 2 Sp_Biomass
     Model_Proj.dat 
Equil_Fabc 81.4632 
Year 
2020 146.307 
2021 150.433 
2022 154.906 
2023 160.138 
2024 141.369 
2025 126.904 
2026 115.617 
2027 106.673 
2028 99.6795 
2029 94.3787 
2030 90.5094 
2031 87.8706 
2032 86.184 
2033 85.0993 

Alternative 2 Fishing Mortality
     Model_Proj.dat 
Equil_Fabc 0.368177 
Year 
2020 0.0483308 
2021 0.0628575 
2022 0.0613702 
2023 0.368177 
2024 0.368177 
2025 0.368177 
2026 0.368177 
2027 0.368177 
2028 0.368177 
2029 0.367465 
2030 0.362799 
2031 0.357954 
2032 0.354922 
2033 0.353131 

Alternative 2 Biomass
     Model_Proj.dat 

Year 
2020 591.002 
2021 602.497 
2022 608.576 
2023 612.343 
2024 566.065 
2025 530.018 
2026 502.518 
2027 481.727 
2028 466.252 
2029 455.436 
2030 447.675 
2031 442.486 
2032 438.683 
2033 436.013 

Alternative 2 Implied SPR rate 
     Model_Proj.dat 
Equil_Fabc 0.4 
Year 
2020 0.833193 
2021 0.793667 
2022 0.797536 
2023 0.4 
2024 0.4 
2025 0.4 
2026 0.4 
2027 0.4 
2028 0.4 
2029 0.400477 
2030 0.403697 
2031 0.407157 
2032 0.40938 
2033 0.410678 

  Model_Proj.dat 
EquilAvgAgeF0  5.39324 
EquilAvgAgeFabc  4.09778 
AvgAgeYr2033 4.18607 
Alternative 3 Catch
     Model_Proj.dat 
Equil_Fabc 35.2579 
Year 
2020 8.669 
2021 11.519 
2022 11.519 
2023 11.6465 
2024 11.916 
2025 12.1084 
2026 12.2475 
2027 12.3191 
2028 12.3352 
2029 12.3156 
2030 12.2702 
2031 12.2083 
2032 12.1581 
2033 12.0868 

Alternative 3 ABCs
     Model_Proj.dat 

Year 
2020 10.8161 
2021 11.092 
2022 11.3565 
2023 11.6465 
2024 11.916 
2025 12.1084 
2026 12.2475 
2027 12.3191 
2028 12.3352 
2029 12.3156 
2030 12.2702 
2031 12.2083 
2032 12.1581 
2033 12.0868 

Alternative 3 TACs
     Model_Proj.dat 

Year 
2020  NA 
2021  NA 
2022  NA 
2023 11.6465 
2024 11.916 
2025 12.1084 
2026 12.2475 
2027 12.3191 
2028 12.3352 
2029 12.3156 
2030 12.2702 
2031 12.2083 
2032 12.1581 
2033 12.0868 

Alternative 3 Sp_Biomass
     Model_Proj.dat 
Equil_Fabc 81.4632 
Year 
2020 146.307 
2021 150.433 
2022 154.906 
2023 160.138 
2024 165.473 
2025 169.518 
2026 172.274 
2027 173.601 
2028 173.793 
2029 173.304 
2030 172.424 
2031 171.328 
2032 170.395 
2033 169.198 

Alternative 3 Fishing Mortality
     Model_Proj.dat 
Equil_Fabc 0.368177 
Year 
2020 0.0483308 
2021 0.0628575 
2022 0.0613702 
2023 0.060491 
2024 0.060491 
2025 0.060491 
2026 0.060491 
2027 0.060491 
2028 0.060491 
2029 0.060491 
2030 0.060491 
2031 0.060491 
2032 0.060491 
2033 0.060491 

Alternative 3 Biomass
     Model_Proj.dat 

Year 
2020 591.002 
2021 602.497 
2022 608.576 
2023 612.343 
2024 614.027 
2025 613.45 
2026 611.782 
2027 609.297 
2028 606.364 
2029 603.848 
2030 601.234 
2031 598.662 
2032 595.979 
2033 593.138 

Alternative 3 Implied SPR rate 
     Model_Proj.dat 
Equil_Fabc 0.4 
Year 
2020 0.833193 
2021 0.793667 
2022 0.797536 
2023 0.799841 
2024 0.799841 
2025 0.799841 
2026 0.799841 
2027 0.799841 
2028 0.799841 
2029 0.799841 
2030 0.799841 
2031 0.799841 
2032 0.799841 
2033 0.799841 

  Model_Proj.dat 
EquilAvgAgeF0  5.39324 
EquilAvgAgeFabc  4.09778 
AvgAgeYr2033 5.10515 
Alternative 4 Catch
     Model_Proj.dat 
Equil_Fabc 35.2579 
Year 
2020 8.669 
2021 11.519 
2022 11.519 
2023 15.4666 
2024 15.6766 
2025 15.7975 
2026 15.8611 
2027 15.8502 
2028 15.7815 
2029 15.6804 
2030 15.5593 
2031 15.4295 
2032 15.3235 
2033 15.2026 

Alternative 4 ABCs
     Model_Proj.dat 

Year 
2020 14.3612 
2021 14.7288 
2022 15.081 
2023 15.4666 
2024 15.6766 
2025 15.7975 
2026 15.8611 
2027 15.8502 
2028 15.7815 
2029 15.6804 
2030 15.5593 
2031 15.4295 
2032 15.3235 
2033 15.2026 

Alternative 4 TACs
     Model_Proj.dat 

Year 
2020  NA 
2021  NA 
2022  NA 
2023 15.4666 
2024 15.6766 
2025 15.7975 
2026 15.8611 
2027 15.8502 
2028 15.7815 
2029 15.6804 
2030 15.5593 
2031 15.4295 
2032 15.3235 
2033 15.2026 

Alternative 4 Sp_Biomass
     Model_Proj.dat 
Equil_Fabc 81.4632 
Year 
2020 146.307 
2021 150.433 
2022 154.906 
2023 160.138 
2024 163.74 
2025 166.203 
2026 167.545 
2027 167.649 
2028 166.817 
2029 165.489 
2030 163.941 
2031 162.329 
2032 160.978 
2033 159.503 

Alternative 4 Fishing Mortality
     Model_Proj.dat 
Equil_Fabc 0.368177 
Year 
2020 0.0483308 
2021 0.0628575 
2022 0.0613702 
2023 0.0807373 
2024 0.0807373 
2025 0.0807373 
2026 0.0807373 
2027 0.0807373 
2028 0.0807373 
2029 0.0807373 
2030 0.0807373 
2031 0.0807373 
2032 0.0807373 
2033 0.0807373 

Alternative 4 Biomass
     Model_Proj.dat 

Year 
2020 591.002 
2021 602.497 
2022 608.576 
2023 612.343 
2024 610.636 
2025 607.147 
2026 603.009 
2027 598.469 
2028 593.858 
2029 589.992 
2030 586.314 
2031 582.925 
2032 579.594 
2033 576.306 

Alternative 4 Implied SPR rate 
     Model_Proj.dat 
Equil_Fabc 0.4 
Year 
2020 0.833193 
2021 0.793667 
2022 0.797536 
2023 0.75 
2024 0.75 
2025 0.75 
2026 0.75 
2027 0.75 
2028 0.75 
2029 0.75 
2030 0.75 
2031 0.75 
2032 0.75 
2033 0.75 

  Model_Proj.dat 
EquilAvgAgeF0  5.39324 
EquilAvgAgeFabc  4.09778 
AvgAgeYr2033 5.00361 
Alternative 5 Catch
     Model_Proj.dat 
Equil_Fabc 35.2579 
Year 
2020 8.669 
2021 11.519 
2022 11.519 
2023  NA 
2024  NA 
2025  NA 
2026  NA 
2027  NA 
2028  NA 
2029  NA 
2030  NA 
2031  NA 
2032  NA 
2033  NA 

Alternative 5 ABCs
     Model_Proj.dat 

Year 
2020  NA 
2021  NA 
2022  NA 
2023  NA 
2024  NA 
2025  NA 
2026  NA 
2027  NA 
2028  NA 
2029  NA 
2030  NA 
2031  NA 
2032  NA 
2033  NA 

Alternative 5 TACs
     Model_Proj.dat 

Year 
2020  NA 
2021  NA 
2022  NA 
2023  NA 
2024  NA 
2025  NA 
2026  NA 
2027  NA 
2028  NA 
2029  NA 
2030  NA 
2031  NA 
2032  NA 
2033  NA 

Alternative 5 Sp_Biomass
     Model_Proj.dat 
Equil_Fabc 81.4632 
Year 
2020 146.307 
2021 150.433 
2022 154.906 
2023 160.138 
2024 170.785 
2025 179.926 
2026 187.468 
2027 193.147 
2028 197.185 
2029 200.037 
2030 201.996 
2031 203.259 
2032 204.371 
2033 204.708 

Alternative 5 Fishing Mortality
     Model_Proj.dat 
Equil_Fabc 0.368177 
Year 
2020 0.0483308 
2021 0.0628575 
2022 0.0613702 
2023  NA 
2024  NA 
2025  NA 
2026  NA 
2027  NA 
2028  NA 
2029  NA 
2030  NA 
2031  NA 
2032  NA 
2033  NA 

Alternative 5 Biomass
     Model_Proj.dat 

Year 
2020 591.002 
2021 602.497 
2022 608.576 
2023 612.343 
2024 624.373 
2025 633.071 
2026 639.634 
2027 644.337 
2028 647.584 
2029 650.326 
2030 652.117 
2031 653.173 
2032 653.566 
2033 653.071 

Alternative 5 Implied SPR rate 
     Model_Proj.dat 
Equil_Fabc 0.4 
Year 
2020 0.833193 
2021 0.793667 
2022 0.797536 
2023 1 
2024 1 
2025 1 
2026 1 
2027 1 
2028 1 
2029 1 
2030 1 
2031 1 
2032 1 
2033 1 

  Model_Proj.dat 
EquilAvgAgeF0  5.39324 
EquilAvgAgeFabc  4.09778 
AvgAgeYr2033 5.46782 
Alternative 6 Catch
     Model_Proj.dat 
Equil_Fabc 35.2579 
Year 
2020 8.669 
2021 75.8626 
2022 65.3346 
2023 58.2902 
2024 53.371 
2025 49.7029 
2026 46.9064 
2027 44.4925 
2028 41.6223 
2029 39.5957 
2030 38.4232 
2031 37.8191 
2032 37.4875 
2033 37.3466 

Alternative 6 ABCs
     Model_Proj.dat 

Year 
2020 73.8461 
2021 75.8626 
2022 65.3346 
2023 58.2902 
2024 53.371 
2025 49.7029 
2026 46.9064 
2027 44.4925 
2028 41.6223 
2029 39.5957 
2030 38.4232 
2031 37.8191 
2032 37.4875 
2033 37.3466 

Alternative 6 TACs
     Model_Proj.dat 

Year 
2020  NA 
2021 75.8626 
2022 65.3346 
2023 58.2902 
2024 53.371 
2025 49.7029 
2026 46.9064 
2027 44.4925 
2028 41.6223 
2029 39.5957 
2030 38.4232 
2031 37.8191 
2032 37.4875 
2033 37.3466 

Alternative 6 Sp_Biomass
     Model_Proj.dat 
Equil_Fabc 81.4632 
Year 
2020 146.307 
2021 150.433 
2022 126.44 
2023 111.184 
2024 101.378 
2025 94.3433 
2026 88.9245 
2027 84.5451 
2028 81.0812 
2029 78.8269 
2030 77.4947 
2031 76.7248 
2032 76.2834 
2033 76.0414 

Alternative 6 Fishing Mortality
     Model_Proj.dat 
Equil_Fabc 0.368177 
Year 
2020 0.0483308 
2021 0.455889 
2022 0.455889 
2023 0.455889 
2024 0.455889 
2025 0.455889 
2026 0.455889 
2027 0.453206 
2028 0.437886 
2029 0.425079 
2030 0.417658 
2031 0.414247 
2032 0.412387 
2033 0.4118 

Alternative 6 Biomass
     Model_Proj.dat 

Year 
2020 591.002 
2021 602.497 
2022 551.535 
2023 514.505 
2024 486.882 
2025 465.677 
2026 449.536 
2027 437.327 
2028 428.413 
2029 423.434 
2030 420.675 
2031 419.193 
2032 417.847 
2033 416.801 

Alternative 6 Implied SPR rate 
     Model_Proj.dat 
Equil_Fabc 0.4 
Year 
2020 0.833193 
2021 0.35 
2022 0.35 
2023 0.35 
2024 0.35 
2025 0.35 
2026 0.35 
2027 0.351371 
2028 0.359569 
2029 0.366861 
2030 0.371286 
2031 0.373424 
2032 0.374571 
2033 0.374933 

  Model_Proj.dat 
EquilAvgAgeF0  5.39324 
EquilAvgAgeFabc  4.09778 
AvgAgeYr2033 4.08263 
Alternative 7 Catch
     Model_Proj.dat 
Equil_Fabc 35.2579 
Year 
2020 8.669 
2021 62.5672 
2022 55.9178 
2023 62.2964 
2024 56.2325 
2025 51.7049 
2026 48.2794 
2027 45.5785 
2028 42.4633 
2029 40.0618 
2030 38.6542 
2031 37.9239 
2032 37.5296 
2033 37.3597 

Alternative 7 ABCs
     Model_Proj.dat 

Year 
2020 73.8461 
2021 75.8626 
2022 67.8651 
2023 62.2964 
2024 56.2325 
2025 51.7049 
2026 48.2794 
2027 45.5785 
2028 42.4633 
2029 40.0618 
2030 38.6542 
2031 37.9239 
2032 37.5296 
2033 37.3597 

Alternative 7 TACs
     Model_Proj.dat 

Year 
2020  NA 
2021 75.8626 
2022 67.8651 
2023 62.2964 
2024 56.2325 
2025 51.7049 
2026 48.2794 
2027 45.5785 
2028 42.4633 
2029 40.0618 
2030 38.6542 
2031 37.9239 
2032 37.5296 
2033 37.3597 

Alternative 7 Sp_Biomass
     Model_Proj.dat 
Equil_Fabc 81.4632 
Year 
2020 146.307 
2021 150.433 
2022 132.188 
2023 120.168 
2024 107.715 
2025 98.7083 
2026 91.8566 
2027 86.4569 
2028 82.2268 
2029 79.4256 
2030 77.7799 
2031 76.8444 
2032 76.323 
2033 76.0458 

Alternative 7 Fishing Mortality
     Model_Proj.dat 
Equil_Fabc 0.368177 
Year 
2020 0.0483308 
2021 0.368177 
2022 0.368177 
2023 0.455889 
2024 0.455889 
2025 0.455889 
2026 0.455889 
2027 0.455281 
2028 0.441389 
2029 0.427101 
2030 0.418573 
2031 0.414581 
2032 0.41246 
2033 0.411774 

Alternative 7 Biomass
     Model_Proj.dat 

Year 
2020 591.002 
2021 602.497 
2022 563.295 
2023 533.197 
2024 499.785 
2025 474.401 
2026 455.326 
2027 441.094 
2028 430.671 
2029 424.601 
2030 421.231 
2031 419.437 
2032 417.942 
2033 416.831 

Alternative 7 Implied SPR rate 
     Model_Proj.dat 
Equil_Fabc 0.4 
Year 
2020 0.833193 
2021 0.4 
2022 0.4 
2023 0.35 
2024 0.35 
2025 0.35 
2026 0.35 
2027 0.350309 
2028 0.357669 
2029 0.36572 
2030 0.370759 
2031 0.373232 
2032 0.374531 
2033 0.37495 

  Model_Proj.dat 
EquilAvgAgeF0  5.39324 
EquilAvgAgeFabc  4.09778 
AvgAgeYr2033 4.08265 
