Model_Proj.dat 1 2020 Cabc 35.2579
Model_Proj.dat 1 2020 Cofl 38.4221
Model_Proj.dat 1 2020 CLCI 8.669
Model_Proj.dat 1 2020 CUCI 8.669
Model_Proj.dat 1 2020 CMedian 8.669
Model_Proj.dat 1 2020 CMean 8.669
Model_Proj.dat 1 2020 CStdn 8.88178e-15
Model_Proj.dat 1 2021 Cabc 35.2579
Model_Proj.dat 1 2021 Cofl 38.4221
Model_Proj.dat 1 2021 CLCI 11.519
Model_Proj.dat 1 2021 CUCI 11.519
Model_Proj.dat 1 2021 CMedian 11.519
Model_Proj.dat 1 2021 CMean 11.519
Model_Proj.dat 1 2021 CStdn 1.42312e-09
Model_Proj.dat 1 2022 Cabc 35.2579
Model_Proj.dat 1 2022 Cofl 38.4221
Model_Proj.dat 1 2022 CLCI 11.519
Model_Proj.dat 1 2022 CUCI 11.519
Model_Proj.dat 1 2022 CMedian 11.519
Model_Proj.dat 1 2022 CMean 11.519
Model_Proj.dat 1 2022 CStdn 2.05497e-08
Model_Proj.dat 1 2023 Cabc 35.2579
Model_Proj.dat 1 2023 Cofl 38.4221
Model_Proj.dat 1 2023 CLCI 65.5961
Model_Proj.dat 1 2023 CUCI 66.0417
Model_Proj.dat 1 2023 CMedian 65.7498
Model_Proj.dat 1 2023 CMean 65.7753
Model_Proj.dat 1 2023 CStdn 0.150484
Model_Proj.dat 1 2024 Cabc 35.2579
Model_Proj.dat 1 2024 Cofl 38.4221
Model_Proj.dat 1 2024 CLCI 58.0336
Model_Proj.dat 1 2024 CUCI 59.4517
Model_Proj.dat 1 2024 CMedian 58.5489
Model_Proj.dat 1 2024 CMean 58.6292
Model_Proj.dat 1 2024 CStdn 0.481555
Model_Proj.dat 1 2025 Cabc 35.2579
Model_Proj.dat 1 2025 Cofl 38.4221
Model_Proj.dat 1 2025 CLCI 51.6053
Model_Proj.dat 1 2025 CUCI 54.9732
Model_Proj.dat 1 2025 CMedian 52.8389
Model_Proj.dat 1 2025 CMean 53.0164
Model_Proj.dat 1 2025 CStdn 1.12289
Model_Proj.dat 1 2026 Cabc 35.2579
Model_Proj.dat 1 2026 Cofl 38.4221
Model_Proj.dat 1 2026 CLCI 46.0179
Model_Proj.dat 1 2026 CUCI 52.155
Model_Proj.dat 1 2026 CMedian 48.3835
Model_Proj.dat 1 2026 CMean 48.65
Model_Proj.dat 1 2026 CStdn 2.04064
Model_Proj.dat 1 2027 Cabc 35.2579
Model_Proj.dat 1 2027 Cofl 38.4221
Model_Proj.dat 1 2027 CLCI 41.2319
Model_Proj.dat 1 2027 CUCI 50.7329
Model_Proj.dat 1 2027 CMedian 44.8051
Model_Proj.dat 1 2027 CMean 45.2119
Model_Proj.dat 1 2027 CStdn 3.05627
Model_Proj.dat 1 2028 Cabc 35.2579
Model_Proj.dat 1 2028 Cofl 38.4221
Model_Proj.dat 1 2028 CLCI 37.2302
Model_Proj.dat 1 2028 CUCI 49.3014
Model_Proj.dat 1 2028 CMedian 41.9548
Model_Proj.dat 1 2028 CMean 42.5424
Model_Proj.dat 1 2028 CStdn 3.96075
Model_Proj.dat 1 2029 Cabc 35.2579
Model_Proj.dat 1 2029 Cofl 38.4221
Model_Proj.dat 1 2029 CLCI 33.7333
Model_Proj.dat 1 2029 CUCI 48.7549
Model_Proj.dat 1 2029 CMedian 39.9934
Model_Proj.dat 1 2029 CMean 40.4574
Model_Proj.dat 1 2029 CStdn 4.73474
Model_Proj.dat 1 2030 Cabc 35.2579
Model_Proj.dat 1 2030 Cofl 38.4221
Model_Proj.dat 1 2030 CLCI 28.6691
Model_Proj.dat 1 2030 CUCI 47.9451
Model_Proj.dat 1 2030 CMedian 38.3995
Model_Proj.dat 1 2030 CMean 38.578
Model_Proj.dat 1 2030 CStdn 5.67704
Model_Proj.dat 1 2031 Cabc 35.2579
Model_Proj.dat 1 2031 Cofl 38.4221
Model_Proj.dat 1 2031 CLCI 26.3465
Model_Proj.dat 1 2031 CUCI 47.1792
Model_Proj.dat 1 2031 CMedian 37.4334
Model_Proj.dat 1 2031 CMean 37.1591
Model_Proj.dat 1 2031 CStdn 6.26269
Model_Proj.dat 1 2032 Cabc 35.2579
Model_Proj.dat 1 2032 Cofl 38.4221
Model_Proj.dat 1 2032 CLCI 25.1633
Model_Proj.dat 1 2032 CUCI 46.4218
Model_Proj.dat 1 2032 CMedian 36.5904
Model_Proj.dat 1 2032 CMean 36.2643
Model_Proj.dat 1 2032 CStdn 6.49288
Model_Proj.dat 1 2033 Cabc 35.2579
Model_Proj.dat 1 2033 Cofl 38.4221
Model_Proj.dat 1 2033 CLCI 25.0156
Model_Proj.dat 1 2033 CUCI 46.1431
Model_Proj.dat 1 2033 CMedian 35.9659
Model_Proj.dat 1 2033 CMean 35.6977
Model_Proj.dat 1 2033 CStdn 6.54281
Model_Proj.dat 1 2020 SSBF100 203.658
Model_Proj.dat 1 2020 SSBFabc 81.4632
Model_Proj.dat 1 2020 SSBFofl 71.2803
Model_Proj.dat 1 2020 SSBLCI 146.307
Model_Proj.dat 1 2020 SSBUCI 146.307
Model_Proj.dat 1 2020 SSBMedian 146.307
Model_Proj.dat 1 2020 SSBMean 146.307
Model_Proj.dat 1 2021 SSBF100 203.658
Model_Proj.dat 1 2021 SSBFabc 81.4632
Model_Proj.dat 1 2021 SSBFofl 71.2803
Model_Proj.dat 1 2021 SSBLCI 150.428
Model_Proj.dat 1 2021 SSBUCI 150.442
Model_Proj.dat 1 2021 SSBMedian 150.432
Model_Proj.dat 1 2021 SSBMean 150.433
Model_Proj.dat 1 2022 SSBF100 203.658
Model_Proj.dat 1 2022 SSBFabc 81.4632
Model_Proj.dat 1 2022 SSBFofl 71.2803
Model_Proj.dat 1 2022 SSBLCI 154.876
Model_Proj.dat 1 2022 SSBUCI 154.951
Model_Proj.dat 1 2022 SSBMedian 154.901
Model_Proj.dat 1 2022 SSBMean 154.906
Model_Proj.dat 1 2023 SSBF100 203.658
Model_Proj.dat 1 2023 SSBFabc 81.4632
Model_Proj.dat 1 2023 SSBFofl 71.2803
Model_Proj.dat 1 2023 SSBLCI 160.016
Model_Proj.dat 1 2023 SSBUCI 160.313
Model_Proj.dat 1 2023 SSBMedian 160.121
Model_Proj.dat 1 2023 SSBMean 160.138
Model_Proj.dat 1 2024 SSBF100 203.658
Model_Proj.dat 1 2024 SSBFabc 81.4632
Model_Proj.dat 1 2024 SSBFofl 71.2803
Model_Proj.dat 1 2024 SSBLCI 140.967
Model_Proj.dat 1 2024 SSBUCI 141.924
Model_Proj.dat 1 2024 SSBMedian 141.316
Model_Proj.dat 1 2024 SSBMean 141.369
Model_Proj.dat 1 2025 SSBF100 203.658
Model_Proj.dat 1 2025 SSBFabc 81.4632
Model_Proj.dat 1 2025 SSBFofl 71.2803
Model_Proj.dat 1 2025 SSBLCI 125.757
Model_Proj.dat 1 2025 SSBUCI 128.5
Model_Proj.dat 1 2025 SSBMedian 126.76
Model_Proj.dat 1 2025 SSBMean 126.904
Model_Proj.dat 1 2026 SSBF100 203.658
Model_Proj.dat 1 2026 SSBFabc 81.4632
Model_Proj.dat 1 2026 SSBFofl 71.2803
Model_Proj.dat 1 2026 SSBLCI 112.736
Model_Proj.dat 1 2026 SSBUCI 119.627
Model_Proj.dat 1 2026 SSBMedian 115.274
Model_Proj.dat 1 2026 SSBMean 115.617
Model_Proj.dat 1 2027 SSBF100 203.658
Model_Proj.dat 1 2027 SSBFabc 81.4632
Model_Proj.dat 1 2027 SSBFofl 71.2803
Model_Proj.dat 1 2027 SSBLCI 100.636
Model_Proj.dat 1 2027 SSBUCI 114.789
Model_Proj.dat 1 2027 SSBMedian 105.981
Model_Proj.dat 1 2027 SSBMean 106.673
Model_Proj.dat 1 2028 SSBF100 203.658
Model_Proj.dat 1 2028 SSBFabc 81.4632
Model_Proj.dat 1 2028 SSBFofl 71.2803
Model_Proj.dat 1 2028 SSBLCI 89.4831
Model_Proj.dat 1 2028 SSBUCI 113.579
Model_Proj.dat 1 2028 SSBMedian 98.7207
Model_Proj.dat 1 2028 SSBMean 99.6795
Model_Proj.dat 1 2029 SSBF100 203.658
Model_Proj.dat 1 2029 SSBFabc 81.4632
Model_Proj.dat 1 2029 SSBFofl 71.2803
Model_Proj.dat 1 2029 SSBLCI 80.6179
Model_Proj.dat 1 2029 SSBUCI 112.297
Model_Proj.dat 1 2029 SSBMedian 92.88
Model_Proj.dat 1 2029 SSBMean 94.3787
Model_Proj.dat 1 2030 SSBF100 203.658
Model_Proj.dat 1 2030 SSBFabc 81.4632
Model_Proj.dat 1 2030 SSBFofl 71.2803
Model_Proj.dat 1 2030 SSBLCI 73.958
Model_Proj.dat 1 2030 SSBUCI 111.621
Model_Proj.dat 1 2030 SSBMedian 88.9783
Model_Proj.dat 1 2030 SSBMean 90.5094
Model_Proj.dat 1 2031 SSBF100 203.658
Model_Proj.dat 1 2031 SSBFabc 81.4632
Model_Proj.dat 1 2031 SSBFofl 71.2803
Model_Proj.dat 1 2031 SSBLCI 70.2705
Model_Proj.dat 1 2031 SSBUCI 111.042
Model_Proj.dat 1 2031 SSBMedian 86.23
Model_Proj.dat 1 2031 SSBMean 87.8706
Model_Proj.dat 1 2032 SSBF100 203.658
Model_Proj.dat 1 2032 SSBFabc 81.4632
Model_Proj.dat 1 2032 SSBFofl 71.2803
Model_Proj.dat 1 2032 SSBLCI 68.3611
Model_Proj.dat 1 2032 SSBUCI 108.486
Model_Proj.dat 1 2032 SSBMedian 84.4674
Model_Proj.dat 1 2032 SSBMean 86.184
Model_Proj.dat 1 2033 SSBF100 203.658
Model_Proj.dat 1 2033 SSBFabc 81.4632
Model_Proj.dat 1 2033 SSBFofl 71.2803
Model_Proj.dat 1 2033 SSBLCI 67.6482
Model_Proj.dat 1 2033 SSBUCI 108.083
Model_Proj.dat 1 2033 SSBMedian 83.2725
Model_Proj.dat 1 2033 SSBMean 85.0993
Model_Proj.dat 1 2020 F0 0 
Model_Proj.dat 1 2020 Fabc 0.368177
Model_Proj.dat 1 2020 Fofl 0.455889
Model_Proj.dat 1 2020  F_LCI 0.0483308
Model_Proj.dat 1 2020  F_UCI 0.0483308
Model_Proj.dat 1 2020  F_Median 0.0483308
Model_Proj.dat 1 2020  F_Mean 0.0483308
Model_Proj.dat 1 2021 F0 0 
Model_Proj.dat 1 2021 Fabc 0.368177
Model_Proj.dat 1 2021 Fofl 0.455889
Model_Proj.dat 1 2021  F_LCI 0.0628511
Model_Proj.dat 1 2021  F_UCI 0.0628615
Model_Proj.dat 1 2021  F_Median 0.0628582
Model_Proj.dat 1 2021  F_Mean 0.0628575
Model_Proj.dat 1 2022 F0 0 
Model_Proj.dat 1 2022 Fabc 0.368177
Model_Proj.dat 1 2022 Fofl 0.455889
Model_Proj.dat 1 2022  F_LCI 0.0613189
Model_Proj.dat 1 2022  F_UCI 0.0614035
Model_Proj.dat 1 2022  F_Median 0.0613757
Model_Proj.dat 1 2022  F_Mean 0.0613702
Model_Proj.dat 1 2023 F0 0 
Model_Proj.dat 1 2023 Fabc 0.368177
Model_Proj.dat 1 2023 Fofl 0.455889
Model_Proj.dat 1 2023  F_LCI 0.368177
Model_Proj.dat 1 2023  F_UCI 0.368177
Model_Proj.dat 1 2023  F_Median 0.368177
Model_Proj.dat 1 2023  F_Mean 0.368177
Model_Proj.dat 1 2024 F0 0 
Model_Proj.dat 1 2024 Fabc 0.368177
Model_Proj.dat 1 2024 Fofl 0.455889
Model_Proj.dat 1 2024  F_LCI 0.368177
Model_Proj.dat 1 2024  F_UCI 0.368177
Model_Proj.dat 1 2024  F_Median 0.368177
Model_Proj.dat 1 2024  F_Mean 0.368177
Model_Proj.dat 1 2025 F0 0 
Model_Proj.dat 1 2025 Fabc 0.368177
Model_Proj.dat 1 2025 Fofl 0.455889
Model_Proj.dat 1 2025  F_LCI 0.368177
Model_Proj.dat 1 2025  F_UCI 0.368177
Model_Proj.dat 1 2025  F_Median 0.368177
Model_Proj.dat 1 2025  F_Mean 0.368177
Model_Proj.dat 1 2026 F0 0 
Model_Proj.dat 1 2026 Fabc 0.368177
Model_Proj.dat 1 2026 Fofl 0.455889
Model_Proj.dat 1 2026  F_LCI 0.368177
Model_Proj.dat 1 2026  F_UCI 0.368177
Model_Proj.dat 1 2026  F_Median 0.368177
Model_Proj.dat 1 2026  F_Mean 0.368177
Model_Proj.dat 1 2027 F0 0 
Model_Proj.dat 1 2027 Fabc 0.368177
Model_Proj.dat 1 2027 Fofl 0.455889
Model_Proj.dat 1 2027  F_LCI 0.368177
Model_Proj.dat 1 2027  F_UCI 0.368177
Model_Proj.dat 1 2027  F_Median 0.368177
Model_Proj.dat 1 2027  F_Mean 0.368177
Model_Proj.dat 1 2028 F0 0 
Model_Proj.dat 1 2028 Fabc 0.368177
Model_Proj.dat 1 2028 Fofl 0.455889
Model_Proj.dat 1 2028  F_LCI 0.368177
Model_Proj.dat 1 2028  F_UCI 0.368177
Model_Proj.dat 1 2028  F_Median 0.368177
Model_Proj.dat 1 2028  F_Mean 0.368177
Model_Proj.dat 1 2029 F0 0 
Model_Proj.dat 1 2029 Fabc 0.368177
Model_Proj.dat 1 2029 Fofl 0.455889
Model_Proj.dat 1 2029  F_LCI 0.364156
Model_Proj.dat 1 2029  F_UCI 0.368177
Model_Proj.dat 1 2029  F_Median 0.368177
Model_Proj.dat 1 2029  F_Mean 0.367465
Model_Proj.dat 1 2030 F0 0 
Model_Proj.dat 1 2030 Fabc 0.368177
Model_Proj.dat 1 2030 Fofl 0.455889
Model_Proj.dat 1 2030  F_LCI 0.332472
Model_Proj.dat 1 2030  F_UCI 0.368177
Model_Proj.dat 1 2030  F_Median 0.368177
Model_Proj.dat 1 2030  F_Mean 0.362799
Model_Proj.dat 1 2031 F0 0 
Model_Proj.dat 1 2031 Fabc 0.368177
Model_Proj.dat 1 2031 Fofl 0.455889
Model_Proj.dat 1 2031  F_LCI 0.314929
Model_Proj.dat 1 2031  F_UCI 0.368177
Model_Proj.dat 1 2031  F_Median 0.368177
Model_Proj.dat 1 2031  F_Mean 0.357954
Model_Proj.dat 1 2032 F0 0 
Model_Proj.dat 1 2032 Fabc 0.368177
Model_Proj.dat 1 2032 Fofl 0.455889
Model_Proj.dat 1 2032  F_LCI 0.305845
Model_Proj.dat 1 2032  F_UCI 0.368177
Model_Proj.dat 1 2032  F_Median 0.368177
Model_Proj.dat 1 2032  F_Mean 0.354922
Model_Proj.dat 1 2033 F0 0 
Model_Proj.dat 1 2033 Fabc 0.368177
Model_Proj.dat 1 2033 Fofl 0.455889
Model_Proj.dat 1 2033  F_LCI 0.302454
Model_Proj.dat 1 2033  F_UCI 0.368177
Model_Proj.dat 1 2033  F_Median 0.368177
Model_Proj.dat 1 2033  F_Mean 0.353131
Model_Proj.dat 2 2020 Cabc 35.2579
Model_Proj.dat 2 2020 Cofl 38.4221
Model_Proj.dat 2 2020 CLCI 8.669
Model_Proj.dat 2 2020 CUCI 8.669
Model_Proj.dat 2 2020 CMedian 8.669
Model_Proj.dat 2 2020 CMean 8.669
Model_Proj.dat 2 2020 CStdn 8.88178e-15
Model_Proj.dat 2 2021 Cabc 35.2579
Model_Proj.dat 2 2021 Cofl 38.4221
Model_Proj.dat 2 2021 CLCI 11.519
Model_Proj.dat 2 2021 CUCI 11.519
Model_Proj.dat 2 2021 CMedian 11.519
Model_Proj.dat 2 2021 CMean 11.519
Model_Proj.dat 2 2021 CStdn 1.42312e-09
Model_Proj.dat 2 2022 Cabc 35.2579
Model_Proj.dat 2 2022 Cofl 38.4221
Model_Proj.dat 2 2022 CLCI 11.519
Model_Proj.dat 2 2022 CUCI 11.519
Model_Proj.dat 2 2022 CMedian 11.519
Model_Proj.dat 2 2022 CMean 11.519
Model_Proj.dat 2 2022 CStdn 2.05497e-08
Model_Proj.dat 2 2023 Cabc 35.2579
Model_Proj.dat 2 2023 Cofl 38.4221
Model_Proj.dat 2 2023 CLCI 65.5961
Model_Proj.dat 2 2023 CUCI 66.0417
Model_Proj.dat 2 2023 CMedian 65.7498
Model_Proj.dat 2 2023 CMean 65.7753
Model_Proj.dat 2 2023 CStdn 0.150484
Model_Proj.dat 2 2024 Cabc 35.2579
Model_Proj.dat 2 2024 Cofl 38.4221
Model_Proj.dat 2 2024 CLCI 58.0336
Model_Proj.dat 2 2024 CUCI 59.4517
Model_Proj.dat 2 2024 CMedian 58.5489
Model_Proj.dat 2 2024 CMean 58.6292
Model_Proj.dat 2 2024 CStdn 0.481555
Model_Proj.dat 2 2025 Cabc 35.2579
Model_Proj.dat 2 2025 Cofl 38.4221
Model_Proj.dat 2 2025 CLCI 51.6053
Model_Proj.dat 2 2025 CUCI 54.9732
Model_Proj.dat 2 2025 CMedian 52.8389
Model_Proj.dat 2 2025 CMean 53.0164
Model_Proj.dat 2 2025 CStdn 1.12289
Model_Proj.dat 2 2026 Cabc 35.2579
Model_Proj.dat 2 2026 Cofl 38.4221
Model_Proj.dat 2 2026 CLCI 46.0179
Model_Proj.dat 2 2026 CUCI 52.155
Model_Proj.dat 2 2026 CMedian 48.3835
Model_Proj.dat 2 2026 CMean 48.65
Model_Proj.dat 2 2026 CStdn 2.04064
Model_Proj.dat 2 2027 Cabc 35.2579
Model_Proj.dat 2 2027 Cofl 38.4221
Model_Proj.dat 2 2027 CLCI 41.2319
Model_Proj.dat 2 2027 CUCI 50.7329
Model_Proj.dat 2 2027 CMedian 44.8051
Model_Proj.dat 2 2027 CMean 45.2119
Model_Proj.dat 2 2027 CStdn 3.05627
Model_Proj.dat 2 2028 Cabc 35.2579
Model_Proj.dat 2 2028 Cofl 38.4221
Model_Proj.dat 2 2028 CLCI 37.2302
Model_Proj.dat 2 2028 CUCI 49.3014
Model_Proj.dat 2 2028 CMedian 41.9548
Model_Proj.dat 2 2028 CMean 42.5424
Model_Proj.dat 2 2028 CStdn 3.96075
Model_Proj.dat 2 2029 Cabc 35.2579
Model_Proj.dat 2 2029 Cofl 38.4221
Model_Proj.dat 2 2029 CLCI 33.7333
Model_Proj.dat 2 2029 CUCI 48.7549
Model_Proj.dat 2 2029 CMedian 39.9934
Model_Proj.dat 2 2029 CMean 40.4574
Model_Proj.dat 2 2029 CStdn 4.73474
Model_Proj.dat 2 2030 Cabc 35.2579
Model_Proj.dat 2 2030 Cofl 38.4221
Model_Proj.dat 2 2030 CLCI 28.6691
Model_Proj.dat 2 2030 CUCI 47.9451
Model_Proj.dat 2 2030 CMedian 38.3995
Model_Proj.dat 2 2030 CMean 38.578
Model_Proj.dat 2 2030 CStdn 5.67704
Model_Proj.dat 2 2031 Cabc 35.2579
Model_Proj.dat 2 2031 Cofl 38.4221
Model_Proj.dat 2 2031 CLCI 26.3465
Model_Proj.dat 2 2031 CUCI 47.1792
Model_Proj.dat 2 2031 CMedian 37.4334
Model_Proj.dat 2 2031 CMean 37.1591
Model_Proj.dat 2 2031 CStdn 6.26269
Model_Proj.dat 2 2032 Cabc 35.2579
Model_Proj.dat 2 2032 Cofl 38.4221
Model_Proj.dat 2 2032 CLCI 25.1633
Model_Proj.dat 2 2032 CUCI 46.4218
Model_Proj.dat 2 2032 CMedian 36.5904
Model_Proj.dat 2 2032 CMean 36.2643
Model_Proj.dat 2 2032 CStdn 6.49288
Model_Proj.dat 2 2033 Cabc 35.2579
Model_Proj.dat 2 2033 Cofl 38.4221
Model_Proj.dat 2 2033 CLCI 25.0156
Model_Proj.dat 2 2033 CUCI 46.1431
Model_Proj.dat 2 2033 CMedian 35.9659
Model_Proj.dat 2 2033 CMean 35.6977
Model_Proj.dat 2 2033 CStdn 6.54281
Model_Proj.dat 2 2020 SSBF100 203.658
Model_Proj.dat 2 2020 SSBFabc 81.4632
Model_Proj.dat 2 2020 SSBFofl 71.2803
Model_Proj.dat 2 2020 SSBLCI 146.307
Model_Proj.dat 2 2020 SSBUCI 146.307
Model_Proj.dat 2 2020 SSBMedian 146.307
Model_Proj.dat 2 2020 SSBMean 146.307
Model_Proj.dat 2 2021 SSBF100 203.658
Model_Proj.dat 2 2021 SSBFabc 81.4632
Model_Proj.dat 2 2021 SSBFofl 71.2803
Model_Proj.dat 2 2021 SSBLCI 150.428
Model_Proj.dat 2 2021 SSBUCI 150.442
Model_Proj.dat 2 2021 SSBMedian 150.432
Model_Proj.dat 2 2021 SSBMean 150.433
Model_Proj.dat 2 2022 SSBF100 203.658
Model_Proj.dat 2 2022 SSBFabc 81.4632
Model_Proj.dat 2 2022 SSBFofl 71.2803
Model_Proj.dat 2 2022 SSBLCI 154.876
Model_Proj.dat 2 2022 SSBUCI 154.951
Model_Proj.dat 2 2022 SSBMedian 154.901
Model_Proj.dat 2 2022 SSBMean 154.906
Model_Proj.dat 2 2023 SSBF100 203.658
Model_Proj.dat 2 2023 SSBFabc 81.4632
Model_Proj.dat 2 2023 SSBFofl 71.2803
Model_Proj.dat 2 2023 SSBLCI 160.016
Model_Proj.dat 2 2023 SSBUCI 160.313
Model_Proj.dat 2 2023 SSBMedian 160.121
Model_Proj.dat 2 2023 SSBMean 160.138
Model_Proj.dat 2 2024 SSBF100 203.658
Model_Proj.dat 2 2024 SSBFabc 81.4632
Model_Proj.dat 2 2024 SSBFofl 71.2803
Model_Proj.dat 2 2024 SSBLCI 140.967
Model_Proj.dat 2 2024 SSBUCI 141.924
Model_Proj.dat 2 2024 SSBMedian 141.316
Model_Proj.dat 2 2024 SSBMean 141.369
Model_Proj.dat 2 2025 SSBF100 203.658
Model_Proj.dat 2 2025 SSBFabc 81.4632
Model_Proj.dat 2 2025 SSBFofl 71.2803
Model_Proj.dat 2 2025 SSBLCI 125.757
Model_Proj.dat 2 2025 SSBUCI 128.5
Model_Proj.dat 2 2025 SSBMedian 126.76
Model_Proj.dat 2 2025 SSBMean 126.904
Model_Proj.dat 2 2026 SSBF100 203.658
Model_Proj.dat 2 2026 SSBFabc 81.4632
Model_Proj.dat 2 2026 SSBFofl 71.2803
Model_Proj.dat 2 2026 SSBLCI 112.736
Model_Proj.dat 2 2026 SSBUCI 119.627
Model_Proj.dat 2 2026 SSBMedian 115.274
Model_Proj.dat 2 2026 SSBMean 115.617
Model_Proj.dat 2 2027 SSBF100 203.658
Model_Proj.dat 2 2027 SSBFabc 81.4632
Model_Proj.dat 2 2027 SSBFofl 71.2803
Model_Proj.dat 2 2027 SSBLCI 100.636
Model_Proj.dat 2 2027 SSBUCI 114.789
Model_Proj.dat 2 2027 SSBMedian 105.981
Model_Proj.dat 2 2027 SSBMean 106.673
Model_Proj.dat 2 2028 SSBF100 203.658
Model_Proj.dat 2 2028 SSBFabc 81.4632
Model_Proj.dat 2 2028 SSBFofl 71.2803
Model_Proj.dat 2 2028 SSBLCI 89.4831
Model_Proj.dat 2 2028 SSBUCI 113.579
Model_Proj.dat 2 2028 SSBMedian 98.7207
Model_Proj.dat 2 2028 SSBMean 99.6795
Model_Proj.dat 2 2029 SSBF100 203.658
Model_Proj.dat 2 2029 SSBFabc 81.4632
Model_Proj.dat 2 2029 SSBFofl 71.2803
Model_Proj.dat 2 2029 SSBLCI 80.6179
Model_Proj.dat 2 2029 SSBUCI 112.297
Model_Proj.dat 2 2029 SSBMedian 92.88
Model_Proj.dat 2 2029 SSBMean 94.3787
Model_Proj.dat 2 2030 SSBF100 203.658
Model_Proj.dat 2 2030 SSBFabc 81.4632
Model_Proj.dat 2 2030 SSBFofl 71.2803
Model_Proj.dat 2 2030 SSBLCI 73.958
Model_Proj.dat 2 2030 SSBUCI 111.621
Model_Proj.dat 2 2030 SSBMedian 88.9783
Model_Proj.dat 2 2030 SSBMean 90.5094
Model_Proj.dat 2 2031 SSBF100 203.658
Model_Proj.dat 2 2031 SSBFabc 81.4632
Model_Proj.dat 2 2031 SSBFofl 71.2803
Model_Proj.dat 2 2031 SSBLCI 70.2705
Model_Proj.dat 2 2031 SSBUCI 111.042
Model_Proj.dat 2 2031 SSBMedian 86.23
Model_Proj.dat 2 2031 SSBMean 87.8706
Model_Proj.dat 2 2032 SSBF100 203.658
Model_Proj.dat 2 2032 SSBFabc 81.4632
Model_Proj.dat 2 2032 SSBFofl 71.2803
Model_Proj.dat 2 2032 SSBLCI 68.3611
Model_Proj.dat 2 2032 SSBUCI 108.486
Model_Proj.dat 2 2032 SSBMedian 84.4674
Model_Proj.dat 2 2032 SSBMean 86.184
Model_Proj.dat 2 2033 SSBF100 203.658
Model_Proj.dat 2 2033 SSBFabc 81.4632
Model_Proj.dat 2 2033 SSBFofl 71.2803
Model_Proj.dat 2 2033 SSBLCI 67.6482
Model_Proj.dat 2 2033 SSBUCI 108.083
Model_Proj.dat 2 2033 SSBMedian 83.2725
Model_Proj.dat 2 2033 SSBMean 85.0993
Model_Proj.dat 2 2020 F0 0 
Model_Proj.dat 2 2020 Fabc 0.368177
Model_Proj.dat 2 2020 Fofl 0.455889
Model_Proj.dat 2 2020  F_LCI 0.0483308
Model_Proj.dat 2 2020  F_UCI 0.0483308
Model_Proj.dat 2 2020  F_Median 0.0483308
Model_Proj.dat 2 2020  F_Mean 0.0483308
Model_Proj.dat 2 2021 F0 0 
Model_Proj.dat 2 2021 Fabc 0.368177
Model_Proj.dat 2 2021 Fofl 0.455889
Model_Proj.dat 2 2021  F_LCI 0.0628511
Model_Proj.dat 2 2021  F_UCI 0.0628615
Model_Proj.dat 2 2021  F_Median 0.0628582
Model_Proj.dat 2 2021  F_Mean 0.0628575
Model_Proj.dat 2 2022 F0 0 
Model_Proj.dat 2 2022 Fabc 0.368177
Model_Proj.dat 2 2022 Fofl 0.455889
Model_Proj.dat 2 2022  F_LCI 0.0613189
Model_Proj.dat 2 2022  F_UCI 0.0614035
Model_Proj.dat 2 2022  F_Median 0.0613757
Model_Proj.dat 2 2022  F_Mean 0.0613702
Model_Proj.dat 2 2023 F0 0 
Model_Proj.dat 2 2023 Fabc 0.368177
Model_Proj.dat 2 2023 Fofl 0.455889
Model_Proj.dat 2 2023  F_LCI 0.368177
Model_Proj.dat 2 2023  F_UCI 0.368177
Model_Proj.dat 2 2023  F_Median 0.368177
Model_Proj.dat 2 2023  F_Mean 0.368177
Model_Proj.dat 2 2024 F0 0 
Model_Proj.dat 2 2024 Fabc 0.368177
Model_Proj.dat 2 2024 Fofl 0.455889
Model_Proj.dat 2 2024  F_LCI 0.368177
Model_Proj.dat 2 2024  F_UCI 0.368177
Model_Proj.dat 2 2024  F_Median 0.368177
Model_Proj.dat 2 2024  F_Mean 0.368177
Model_Proj.dat 2 2025 F0 0 
Model_Proj.dat 2 2025 Fabc 0.368177
Model_Proj.dat 2 2025 Fofl 0.455889
Model_Proj.dat 2 2025  F_LCI 0.368177
Model_Proj.dat 2 2025  F_UCI 0.368177
Model_Proj.dat 2 2025  F_Median 0.368177
Model_Proj.dat 2 2025  F_Mean 0.368177
Model_Proj.dat 2 2026 F0 0 
Model_Proj.dat 2 2026 Fabc 0.368177
Model_Proj.dat 2 2026 Fofl 0.455889
Model_Proj.dat 2 2026  F_LCI 0.368177
Model_Proj.dat 2 2026  F_UCI 0.368177
Model_Proj.dat 2 2026  F_Median 0.368177
Model_Proj.dat 2 2026  F_Mean 0.368177
Model_Proj.dat 2 2027 F0 0 
Model_Proj.dat 2 2027 Fabc 0.368177
Model_Proj.dat 2 2027 Fofl 0.455889
Model_Proj.dat 2 2027  F_LCI 0.368177
Model_Proj.dat 2 2027  F_UCI 0.368177
Model_Proj.dat 2 2027  F_Median 0.368177
Model_Proj.dat 2 2027  F_Mean 0.368177
Model_Proj.dat 2 2028 F0 0 
Model_Proj.dat 2 2028 Fabc 0.368177
Model_Proj.dat 2 2028 Fofl 0.455889
Model_Proj.dat 2 2028  F_LCI 0.368177
Model_Proj.dat 2 2028  F_UCI 0.368177
Model_Proj.dat 2 2028  F_Median 0.368177
Model_Proj.dat 2 2028  F_Mean 0.368177
Model_Proj.dat 2 2029 F0 0 
Model_Proj.dat 2 2029 Fabc 0.368177
Model_Proj.dat 2 2029 Fofl 0.455889
Model_Proj.dat 2 2029  F_LCI 0.364156
Model_Proj.dat 2 2029  F_UCI 0.368177
Model_Proj.dat 2 2029  F_Median 0.368177
Model_Proj.dat 2 2029  F_Mean 0.367465
Model_Proj.dat 2 2030 F0 0 
Model_Proj.dat 2 2030 Fabc 0.368177
Model_Proj.dat 2 2030 Fofl 0.455889
Model_Proj.dat 2 2030  F_LCI 0.332472
Model_Proj.dat 2 2030  F_UCI 0.368177
Model_Proj.dat 2 2030  F_Median 0.368177
Model_Proj.dat 2 2030  F_Mean 0.362799
Model_Proj.dat 2 2031 F0 0 
Model_Proj.dat 2 2031 Fabc 0.368177
Model_Proj.dat 2 2031 Fofl 0.455889
Model_Proj.dat 2 2031  F_LCI 0.314929
Model_Proj.dat 2 2031  F_UCI 0.368177
Model_Proj.dat 2 2031  F_Median 0.368177
Model_Proj.dat 2 2031  F_Mean 0.357954
Model_Proj.dat 2 2032 F0 0 
Model_Proj.dat 2 2032 Fabc 0.368177
Model_Proj.dat 2 2032 Fofl 0.455889
Model_Proj.dat 2 2032  F_LCI 0.305845
Model_Proj.dat 2 2032  F_UCI 0.368177
Model_Proj.dat 2 2032  F_Median 0.368177
Model_Proj.dat 2 2032  F_Mean 0.354922
Model_Proj.dat 2 2033 F0 0 
Model_Proj.dat 2 2033 Fabc 0.368177
Model_Proj.dat 2 2033 Fofl 0.455889
Model_Proj.dat 2 2033  F_LCI 0.302454
Model_Proj.dat 2 2033  F_UCI 0.368177
Model_Proj.dat 2 2033  F_Median 0.368177
Model_Proj.dat 2 2033  F_Mean 0.353131
Model_Proj.dat 3 2020 Cabc 35.2579
Model_Proj.dat 3 2020 Cofl 38.4221
Model_Proj.dat 3 2020 CLCI 8.669
Model_Proj.dat 3 2020 CUCI 8.669
Model_Proj.dat 3 2020 CMedian 8.669
Model_Proj.dat 3 2020 CMean 8.669
Model_Proj.dat 3 2020 CStdn 8.88178e-15
Model_Proj.dat 3 2021 Cabc 35.2579
Model_Proj.dat 3 2021 Cofl 38.4221
Model_Proj.dat 3 2021 CLCI 11.519
Model_Proj.dat 3 2021 CUCI 11.519
Model_Proj.dat 3 2021 CMedian 11.519
Model_Proj.dat 3 2021 CMean 11.519
Model_Proj.dat 3 2021 CStdn 1.42312e-09
Model_Proj.dat 3 2022 Cabc 35.2579
Model_Proj.dat 3 2022 Cofl 38.4221
Model_Proj.dat 3 2022 CLCI 11.519
Model_Proj.dat 3 2022 CUCI 11.519
Model_Proj.dat 3 2022 CMedian 11.519
Model_Proj.dat 3 2022 CMean 11.519
Model_Proj.dat 3 2022 CStdn 2.05497e-08
Model_Proj.dat 3 2023 Cabc 35.2579
Model_Proj.dat 3 2023 Cofl 38.4221
Model_Proj.dat 3 2023 CLCI 11.617
Model_Proj.dat 3 2023 CUCI 11.6905
Model_Proj.dat 3 2023 CMedian 11.6423
Model_Proj.dat 3 2023 CMean 11.6465
Model_Proj.dat 3 2023 CStdn 0.0248042
Model_Proj.dat 3 2024 Cabc 35.2579
Model_Proj.dat 3 2024 Cofl 38.4221
Model_Proj.dat 3 2024 CLCI 11.817
Model_Proj.dat 3 2024 CUCI 12.0529
Model_Proj.dat 3 2024 CMedian 11.9027
Model_Proj.dat 3 2024 CMean 11.916
Model_Proj.dat 3 2024 CStdn 0.0800792
Model_Proj.dat 3 2025 Cabc 35.2579
Model_Proj.dat 3 2025 Cofl 38.4221
Model_Proj.dat 3 2025 CLCI 11.8693
Model_Proj.dat 3 2025 CUCI 12.4406
Model_Proj.dat 3 2025 CMedian 12.0773
Model_Proj.dat 3 2025 CMean 12.1084
Model_Proj.dat 3 2025 CStdn 0.190094
Model_Proj.dat 3 2026 Cabc 35.2579
Model_Proj.dat 3 2026 Cofl 38.4221
Model_Proj.dat 3 2026 CLCI 11.7894
Model_Proj.dat 3 2026 CUCI 12.8673
Model_Proj.dat 3 2026 CMedian 12.2001
Model_Proj.dat 3 2026 CMean 12.2475
Model_Proj.dat 3 2026 CStdn 0.356044
Model_Proj.dat 3 2027 Cabc 35.2579
Model_Proj.dat 3 2027 Cofl 38.4221
Model_Proj.dat 3 2027 CLCI 11.5901
Model_Proj.dat 3 2027 CUCI 13.3383
Model_Proj.dat 3 2027 CMedian 12.247
Model_Proj.dat 3 2027 CMean 12.3191
Model_Proj.dat 3 2027 CStdn 0.557052
Model_Proj.dat 3 2028 Cabc 35.2579
Model_Proj.dat 3 2028 Cofl 38.4221
Model_Proj.dat 3 2028 CLCI 11.3283
Model_Proj.dat 3 2028 CUCI 13.6404
Model_Proj.dat 3 2028 CMedian 12.2295
Model_Proj.dat 3 2028 CMean 12.3352
Model_Proj.dat 3 2028 CStdn 0.762807
Model_Proj.dat 3 2029 Cabc 35.2579
Model_Proj.dat 3 2029 Cofl 38.4221
Model_Proj.dat 3 2029 CLCI 11.0234
Model_Proj.dat 3 2029 CUCI 14.0093
Model_Proj.dat 3 2029 CMedian 12.1959
Model_Proj.dat 3 2029 CMean 12.3156
Model_Proj.dat 3 2029 CStdn 0.948846
Model_Proj.dat 3 2030 Cabc 35.2579
Model_Proj.dat 3 2030 Cofl 38.4221
Model_Proj.dat 3 2030 CLCI 10.6939
Model_Proj.dat 3 2030 CUCI 14.2701
Model_Proj.dat 3 2030 CMedian 12.1557
Model_Proj.dat 3 2030 CMean 12.2702
Model_Proj.dat 3 2030 CStdn 1.10184
Model_Proj.dat 3 2031 Cabc 35.2579
Model_Proj.dat 3 2031 Cofl 38.4221
Model_Proj.dat 3 2031 CLCI 10.4165
Model_Proj.dat 3 2031 CUCI 14.4272
Model_Proj.dat 3 2031 CMedian 12.0799
Model_Proj.dat 3 2031 CMean 12.2083
Model_Proj.dat 3 2031 CStdn 1.21804
Model_Proj.dat 3 2032 Cabc 35.2579
Model_Proj.dat 3 2032 Cofl 38.4221
Model_Proj.dat 3 2032 CLCI 10.2225
Model_Proj.dat 3 2032 CUCI 14.4651
Model_Proj.dat 3 2032 CMedian 12.0301
Model_Proj.dat 3 2032 CMean 12.1581
Model_Proj.dat 3 2032 CStdn 1.30076
Model_Proj.dat 3 2033 Cabc 35.2579
Model_Proj.dat 3 2033 Cofl 38.4221
Model_Proj.dat 3 2033 CLCI 10.0805
Model_Proj.dat 3 2033 CUCI 14.5032
Model_Proj.dat 3 2033 CMedian 11.954
Model_Proj.dat 3 2033 CMean 12.0868
Model_Proj.dat 3 2033 CStdn 1.35783
Model_Proj.dat 3 2020 SSBF100 203.658
Model_Proj.dat 3 2020 SSBFabc 81.4632
Model_Proj.dat 3 2020 SSBFofl 71.2803
Model_Proj.dat 3 2020 SSBLCI 146.307
Model_Proj.dat 3 2020 SSBUCI 146.307
Model_Proj.dat 3 2020 SSBMedian 146.307
Model_Proj.dat 3 2020 SSBMean 146.307
Model_Proj.dat 3 2021 SSBF100 203.658
Model_Proj.dat 3 2021 SSBFabc 81.4632
Model_Proj.dat 3 2021 SSBFofl 71.2803
Model_Proj.dat 3 2021 SSBLCI 150.428
Model_Proj.dat 3 2021 SSBUCI 150.442
Model_Proj.dat 3 2021 SSBMedian 150.432
Model_Proj.dat 3 2021 SSBMean 150.433
Model_Proj.dat 3 2022 SSBF100 203.658
Model_Proj.dat 3 2022 SSBFabc 81.4632
Model_Proj.dat 3 2022 SSBFofl 71.2803
Model_Proj.dat 3 2022 SSBLCI 154.876
Model_Proj.dat 3 2022 SSBUCI 154.951
Model_Proj.dat 3 2022 SSBMedian 154.901
Model_Proj.dat 3 2022 SSBMean 154.906
Model_Proj.dat 3 2023 SSBF100 203.658
Model_Proj.dat 3 2023 SSBFabc 81.4632
Model_Proj.dat 3 2023 SSBFofl 71.2803
Model_Proj.dat 3 2023 SSBLCI 160.016
Model_Proj.dat 3 2023 SSBUCI 160.313
Model_Proj.dat 3 2023 SSBMedian 160.121
Model_Proj.dat 3 2023 SSBMean 160.138
Model_Proj.dat 3 2024 SSBF100 203.658
Model_Proj.dat 3 2024 SSBFabc 81.4632
Model_Proj.dat 3 2024 SSBFofl 71.2803
Model_Proj.dat 3 2024 SSBLCI 165.07
Model_Proj.dat 3 2024 SSBUCI 166.03
Model_Proj.dat 3 2024 SSBMedian 165.42
Model_Proj.dat 3 2024 SSBMean 165.473
Model_Proj.dat 3 2025 SSBF100 203.658
Model_Proj.dat 3 2025 SSBFabc 81.4632
Model_Proj.dat 3 2025 SSBFofl 71.2803
Model_Proj.dat 3 2025 SSBLCI 168.355
Model_Proj.dat 3 2025 SSBUCI 171.129
Model_Proj.dat 3 2025 SSBMedian 169.376
Model_Proj.dat 3 2025 SSBMean 169.518
Model_Proj.dat 3 2026 SSBF100 203.658
Model_Proj.dat 3 2026 SSBFabc 81.4632
Model_Proj.dat 3 2026 SSBFofl 71.2803
Model_Proj.dat 3 2026 SSBLCI 169.31
Model_Proj.dat 3 2026 SSBUCI 176.436
Model_Proj.dat 3 2026 SSBMedian 171.915
Model_Proj.dat 3 2026 SSBMean 172.274
Model_Proj.dat 3 2027 SSBF100 203.658
Model_Proj.dat 3 2027 SSBFabc 81.4632
Model_Proj.dat 3 2027 SSBFofl 71.2803
Model_Proj.dat 3 2027 SSBLCI 167.13
Model_Proj.dat 3 2027 SSBUCI 182.4
Model_Proj.dat 3 2027 SSBMedian 172.868
Model_Proj.dat 3 2027 SSBMean 173.601
Model_Proj.dat 3 2028 SSBF100 203.658
Model_Proj.dat 3 2028 SSBFabc 81.4632
Model_Proj.dat 3 2028 SSBFofl 71.2803
Model_Proj.dat 3 2028 SSBLCI 162.261
Model_Proj.dat 3 2028 SSBUCI 189.114
Model_Proj.dat 3 2028 SSBMedian 172.648
Model_Proj.dat 3 2028 SSBMean 173.793
Model_Proj.dat 3 2029 SSBF100 203.658
Model_Proj.dat 3 2029 SSBFabc 81.4632
Model_Proj.dat 3 2029 SSBFofl 71.2803
Model_Proj.dat 3 2029 SSBLCI 156.74
Model_Proj.dat 3 2029 SSBUCI 195.683
Model_Proj.dat 3 2029 SSBMedian 171.479
Model_Proj.dat 3 2029 SSBMean 173.304
Model_Proj.dat 3 2030 SSBF100 203.658
Model_Proj.dat 3 2030 SSBFabc 81.4632
Model_Proj.dat 3 2030 SSBFofl 71.2803
Model_Proj.dat 3 2030 SSBLCI 151.226
Model_Proj.dat 3 2030 SSBUCI 199.364
Model_Proj.dat 3 2030 SSBMedian 170.4
Model_Proj.dat 3 2030 SSBMean 172.424
Model_Proj.dat 3 2031 SSBF100 203.658
Model_Proj.dat 3 2031 SSBFabc 81.4632
Model_Proj.dat 3 2031 SSBFofl 71.2803
Model_Proj.dat 3 2031 SSBLCI 145.624
Model_Proj.dat 3 2031 SSBUCI 204.128
Model_Proj.dat 3 2031 SSBMedian 169.514
Model_Proj.dat 3 2031 SSBMean 171.328
Model_Proj.dat 3 2032 SSBF100 203.658
Model_Proj.dat 3 2032 SSBFabc 81.4632
Model_Proj.dat 3 2032 SSBFofl 71.2803
Model_Proj.dat 3 2032 SSBLCI 141.585
Model_Proj.dat 3 2032 SSBUCI 205.379
Model_Proj.dat 3 2032 SSBMedian 168.245
Model_Proj.dat 3 2032 SSBMean 170.395
Model_Proj.dat 3 2033 SSBF100 203.658
Model_Proj.dat 3 2033 SSBFabc 81.4632
Model_Proj.dat 3 2033 SSBFofl 71.2803
Model_Proj.dat 3 2033 SSBLCI 139.36
Model_Proj.dat 3 2033 SSBUCI 205.079
Model_Proj.dat 3 2033 SSBMedian 167.407
Model_Proj.dat 3 2033 SSBMean 169.198
Model_Proj.dat 3 2020 F0 0 
Model_Proj.dat 3 2020 Fabc 0.368177
Model_Proj.dat 3 2020 Fofl 0.455889
Model_Proj.dat 3 2020  F_LCI 0.0483308
Model_Proj.dat 3 2020  F_UCI 0.0483308
Model_Proj.dat 3 2020  F_Median 0.0483308
Model_Proj.dat 3 2020  F_Mean 0.0483308
Model_Proj.dat 3 2021 F0 0 
Model_Proj.dat 3 2021 Fabc 0.368177
Model_Proj.dat 3 2021 Fofl 0.455889
Model_Proj.dat 3 2021  F_LCI 0.0628511
Model_Proj.dat 3 2021  F_UCI 0.0628615
Model_Proj.dat 3 2021  F_Median 0.0628582
Model_Proj.dat 3 2021  F_Mean 0.0628575
Model_Proj.dat 3 2022 F0 0 
Model_Proj.dat 3 2022 Fabc 0.368177
Model_Proj.dat 3 2022 Fofl 0.455889
Model_Proj.dat 3 2022  F_LCI 0.0613189
Model_Proj.dat 3 2022  F_UCI 0.0614035
Model_Proj.dat 3 2022  F_Median 0.0613757
Model_Proj.dat 3 2022  F_Mean 0.0613702
Model_Proj.dat 3 2023 F0 0 
Model_Proj.dat 3 2023 Fabc 0.368177
Model_Proj.dat 3 2023 Fofl 0.455889
Model_Proj.dat 3 2023  F_LCI 0.060491
Model_Proj.dat 3 2023  F_UCI 0.060491
Model_Proj.dat 3 2023  F_Median 0.060491
Model_Proj.dat 3 2023  F_Mean 0.060491
Model_Proj.dat 3 2024 F0 0 
Model_Proj.dat 3 2024 Fabc 0.368177
Model_Proj.dat 3 2024 Fofl 0.455889
Model_Proj.dat 3 2024  F_LCI 0.060491
Model_Proj.dat 3 2024  F_UCI 0.060491
Model_Proj.dat 3 2024  F_Median 0.060491
Model_Proj.dat 3 2024  F_Mean 0.060491
Model_Proj.dat 3 2025 F0 0 
Model_Proj.dat 3 2025 Fabc 0.368177
Model_Proj.dat 3 2025 Fofl 0.455889
Model_Proj.dat 3 2025  F_LCI 0.060491
Model_Proj.dat 3 2025  F_UCI 0.060491
Model_Proj.dat 3 2025  F_Median 0.060491
Model_Proj.dat 3 2025  F_Mean 0.060491
Model_Proj.dat 3 2026 F0 0 
Model_Proj.dat 3 2026 Fabc 0.368177
Model_Proj.dat 3 2026 Fofl 0.455889
Model_Proj.dat 3 2026  F_LCI 0.060491
Model_Proj.dat 3 2026  F_UCI 0.060491
Model_Proj.dat 3 2026  F_Median 0.060491
Model_Proj.dat 3 2026  F_Mean 0.060491
Model_Proj.dat 3 2027 F0 0 
Model_Proj.dat 3 2027 Fabc 0.368177
Model_Proj.dat 3 2027 Fofl 0.455889
Model_Proj.dat 3 2027  F_LCI 0.060491
Model_Proj.dat 3 2027  F_UCI 0.060491
Model_Proj.dat 3 2027  F_Median 0.060491
Model_Proj.dat 3 2027  F_Mean 0.060491
Model_Proj.dat 3 2028 F0 0 
Model_Proj.dat 3 2028 Fabc 0.368177
Model_Proj.dat 3 2028 Fofl 0.455889
Model_Proj.dat 3 2028  F_LCI 0.060491
Model_Proj.dat 3 2028  F_UCI 0.060491
Model_Proj.dat 3 2028  F_Median 0.060491
Model_Proj.dat 3 2028  F_Mean 0.060491
Model_Proj.dat 3 2029 F0 0 
Model_Proj.dat 3 2029 Fabc 0.368177
Model_Proj.dat 3 2029 Fofl 0.455889
Model_Proj.dat 3 2029  F_LCI 0.060491
Model_Proj.dat 3 2029  F_UCI 0.060491
Model_Proj.dat 3 2029  F_Median 0.060491
Model_Proj.dat 3 2029  F_Mean 0.060491
Model_Proj.dat 3 2030 F0 0 
Model_Proj.dat 3 2030 Fabc 0.368177
Model_Proj.dat 3 2030 Fofl 0.455889
Model_Proj.dat 3 2030  F_LCI 0.060491
Model_Proj.dat 3 2030  F_UCI 0.060491
Model_Proj.dat 3 2030  F_Median 0.060491
Model_Proj.dat 3 2030  F_Mean 0.060491
Model_Proj.dat 3 2031 F0 0 
Model_Proj.dat 3 2031 Fabc 0.368177
Model_Proj.dat 3 2031 Fofl 0.455889
Model_Proj.dat 3 2031  F_LCI 0.060491
Model_Proj.dat 3 2031  F_UCI 0.060491
Model_Proj.dat 3 2031  F_Median 0.060491
Model_Proj.dat 3 2031  F_Mean 0.060491
Model_Proj.dat 3 2032 F0 0 
Model_Proj.dat 3 2032 Fabc 0.368177
Model_Proj.dat 3 2032 Fofl 0.455889
Model_Proj.dat 3 2032  F_LCI 0.060491
Model_Proj.dat 3 2032  F_UCI 0.060491
Model_Proj.dat 3 2032  F_Median 0.060491
Model_Proj.dat 3 2032  F_Mean 0.060491
Model_Proj.dat 3 2033 F0 0 
Model_Proj.dat 3 2033 Fabc 0.368177
Model_Proj.dat 3 2033 Fofl 0.455889
Model_Proj.dat 3 2033  F_LCI 0.060491
Model_Proj.dat 3 2033  F_UCI 0.060491
Model_Proj.dat 3 2033  F_Median 0.060491
Model_Proj.dat 3 2033  F_Mean 0.060491
Model_Proj.dat 4 2020 Cabc 35.2579
Model_Proj.dat 4 2020 Cofl 38.4221
Model_Proj.dat 4 2020 CLCI 8.669
Model_Proj.dat 4 2020 CUCI 8.669
Model_Proj.dat 4 2020 CMedian 8.669
Model_Proj.dat 4 2020 CMean 8.669
Model_Proj.dat 4 2020 CStdn 8.88178e-15
Model_Proj.dat 4 2021 Cabc 35.2579
Model_Proj.dat 4 2021 Cofl 38.4221
Model_Proj.dat 4 2021 CLCI 11.519
Model_Proj.dat 4 2021 CUCI 11.519
Model_Proj.dat 4 2021 CMedian 11.519
Model_Proj.dat 4 2021 CMean 11.519
Model_Proj.dat 4 2021 CStdn 1.42312e-09
Model_Proj.dat 4 2022 Cabc 35.2579
Model_Proj.dat 4 2022 Cofl 38.4221
Model_Proj.dat 4 2022 CLCI 11.519
Model_Proj.dat 4 2022 CUCI 11.519
Model_Proj.dat 4 2022 CMedian 11.519
Model_Proj.dat 4 2022 CMean 11.519
Model_Proj.dat 4 2022 CStdn 2.05497e-08
Model_Proj.dat 4 2023 Cabc 35.2579
Model_Proj.dat 4 2023 Cofl 38.4221
Model_Proj.dat 4 2023 CLCI 15.4271
Model_Proj.dat 4 2023 CUCI 15.5252
Model_Proj.dat 4 2023 CMedian 15.461
Model_Proj.dat 4 2023 CMean 15.4666
Model_Proj.dat 4 2023 CStdn 0.033099
Model_Proj.dat 4 2024 Cabc 35.2579
Model_Proj.dat 4 2024 Cofl 38.4221
Model_Proj.dat 4 2024 CLCI 15.5445
Model_Proj.dat 4 2024 CUCI 15.8592
Model_Proj.dat 4 2024 CMedian 15.6589
Model_Proj.dat 4 2024 CMean 15.6766
Model_Proj.dat 4 2024 CStdn 0.106796
Model_Proj.dat 4 2025 Cabc 35.2579
Model_Proj.dat 4 2025 Cofl 38.4221
Model_Proj.dat 4 2025 CLCI 15.479
Model_Proj.dat 4 2025 CUCI 16.2399
Model_Proj.dat 4 2025 CMedian 15.7563
Model_Proj.dat 4 2025 CMean 15.7975
Model_Proj.dat 4 2025 CStdn 0.253216
Model_Proj.dat 4 2026 Cabc 35.2579
Model_Proj.dat 4 2026 Cofl 38.4221
Model_Proj.dat 4 2026 CLCI 15.2522
Model_Proj.dat 4 2026 CUCI 16.6843
Model_Proj.dat 4 2026 CMedian 15.7977
Model_Proj.dat 4 2026 CMean 15.8611
Model_Proj.dat 4 2026 CStdn 0.47332
Model_Proj.dat 4 2027 Cabc 35.2579
Model_Proj.dat 4 2027 Cofl 38.4221
Model_Proj.dat 4 2027 CLCI 14.8844
Model_Proj.dat 4 2027 CUCI 17.1989
Model_Proj.dat 4 2027 CMedian 15.7525
Model_Proj.dat 4 2027 CMean 15.8502
Model_Proj.dat 4 2027 CStdn 0.738358
Model_Proj.dat 4 2028 Cabc 35.2579
Model_Proj.dat 4 2028 Cofl 38.4221
Model_Proj.dat 4 2028 CLCI 14.4484
Model_Proj.dat 4 2028 CUCI 17.4993
Model_Proj.dat 4 2028 CMedian 15.6423
Model_Proj.dat 4 2028 CMean 15.7815
Model_Proj.dat 4 2028 CStdn 1.00724
Model_Proj.dat 4 2029 Cabc 35.2579
Model_Proj.dat 4 2029 Cofl 38.4221
Model_Proj.dat 4 2029 CLCI 13.9869
Model_Proj.dat 4 2029 CUCI 17.9101
Model_Proj.dat 4 2029 CMedian 15.526
Model_Proj.dat 4 2029 CMean 15.6804
Model_Proj.dat 4 2029 CStdn 1.24737
Model_Proj.dat 4 2030 Cabc 35.2579
Model_Proj.dat 4 2030 Cofl 38.4221
Model_Proj.dat 4 2030 CLCI 13.4936
Model_Proj.dat 4 2030 CUCI 18.1912
Model_Proj.dat 4 2030 CMedian 15.4056
Model_Proj.dat 4 2030 CMean 15.5593
Model_Proj.dat 4 2030 CStdn 1.4417
Model_Proj.dat 4 2031 Cabc 35.2579
Model_Proj.dat 4 2031 Cofl 38.4221
Model_Proj.dat 4 2031 CLCI 13.0921
Model_Proj.dat 4 2031 CUCI 18.3054
Model_Proj.dat 4 2031 CMedian 15.2646
Model_Proj.dat 4 2031 CMean 15.4295
Model_Proj.dat 4 2031 CStdn 1.58628
Model_Proj.dat 4 2032 Cabc 35.2579
Model_Proj.dat 4 2032 Cofl 38.4221
Model_Proj.dat 4 2032 CLCI 12.8072
Model_Proj.dat 4 2032 CUCI 18.2855
Model_Proj.dat 4 2032 CMedian 15.1748
Model_Proj.dat 4 2032 CMean 15.3235
Model_Proj.dat 4 2032 CStdn 1.68661
Model_Proj.dat 4 2033 Cabc 35.2579
Model_Proj.dat 4 2033 Cofl 38.4221
Model_Proj.dat 4 2033 CLCI 12.6152
Model_Proj.dat 4 2033 CUCI 18.3587
Model_Proj.dat 4 2033 CMedian 15.0331
Model_Proj.dat 4 2033 CMean 15.2026
Model_Proj.dat 4 2033 CStdn 1.75396
Model_Proj.dat 4 2020 SSBF100 203.658
Model_Proj.dat 4 2020 SSBFabc 81.4632
Model_Proj.dat 4 2020 SSBFofl 71.2803
Model_Proj.dat 4 2020 SSBLCI 146.307
Model_Proj.dat 4 2020 SSBUCI 146.307
Model_Proj.dat 4 2020 SSBMedian 146.307
Model_Proj.dat 4 2020 SSBMean 146.307
Model_Proj.dat 4 2021 SSBF100 203.658
Model_Proj.dat 4 2021 SSBFabc 81.4632
Model_Proj.dat 4 2021 SSBFofl 71.2803
Model_Proj.dat 4 2021 SSBLCI 150.428
Model_Proj.dat 4 2021 SSBUCI 150.442
Model_Proj.dat 4 2021 SSBMedian 150.432
Model_Proj.dat 4 2021 SSBMean 150.433
Model_Proj.dat 4 2022 SSBF100 203.658
Model_Proj.dat 4 2022 SSBFabc 81.4632
Model_Proj.dat 4 2022 SSBFofl 71.2803
Model_Proj.dat 4 2022 SSBLCI 154.876
Model_Proj.dat 4 2022 SSBUCI 154.951
Model_Proj.dat 4 2022 SSBMedian 154.901
Model_Proj.dat 4 2022 SSBMean 154.906
Model_Proj.dat 4 2023 SSBF100 203.658
Model_Proj.dat 4 2023 SSBFabc 81.4632
Model_Proj.dat 4 2023 SSBFofl 71.2803
Model_Proj.dat 4 2023 SSBLCI 160.016
Model_Proj.dat 4 2023 SSBUCI 160.313
Model_Proj.dat 4 2023 SSBMedian 160.121
Model_Proj.dat 4 2023 SSBMean 160.138
Model_Proj.dat 4 2024 SSBF100 203.658
Model_Proj.dat 4 2024 SSBFabc 81.4632
Model_Proj.dat 4 2024 SSBFofl 71.2803
Model_Proj.dat 4 2024 SSBLCI 163.337
Model_Proj.dat 4 2024 SSBUCI 164.297
Model_Proj.dat 4 2024 SSBMedian 163.687
Model_Proj.dat 4 2024 SSBMean 163.74
Model_Proj.dat 4 2025 SSBF100 203.658
Model_Proj.dat 4 2025 SSBFabc 81.4632
Model_Proj.dat 4 2025 SSBFofl 71.2803
Model_Proj.dat 4 2025 SSBLCI 165.041
Model_Proj.dat 4 2025 SSBUCI 167.813
Model_Proj.dat 4 2025 SSBMedian 166.061
Model_Proj.dat 4 2025 SSBMean 166.203
Model_Proj.dat 4 2026 SSBF100 203.658
Model_Proj.dat 4 2026 SSBFabc 81.4632
Model_Proj.dat 4 2026 SSBFofl 71.2803
Model_Proj.dat 4 2026 SSBLCI 164.587
Model_Proj.dat 4 2026 SSBUCI 171.696
Model_Proj.dat 4 2026 SSBMedian 167.186
Model_Proj.dat 4 2026 SSBMean 167.545
Model_Proj.dat 4 2027 SSBF100 203.658
Model_Proj.dat 4 2027 SSBFabc 81.4632
Model_Proj.dat 4 2027 SSBFofl 71.2803
Model_Proj.dat 4 2027 SSBLCI 161.206
Model_Proj.dat 4 2027 SSBUCI 176.409
Model_Proj.dat 4 2027 SSBMedian 166.918
Model_Proj.dat 4 2027 SSBMean 167.649
Model_Proj.dat 4 2028 SSBF100 203.658
Model_Proj.dat 4 2028 SSBFabc 81.4632
Model_Proj.dat 4 2028 SSBFofl 71.2803
Model_Proj.dat 4 2028 SSBLCI 155.379
Model_Proj.dat 4 2028 SSBUCI 182.079
Model_Proj.dat 4 2028 SSBMedian 165.698
Model_Proj.dat 4 2028 SSBMean 166.817
Model_Proj.dat 4 2029 SSBF100 203.658
Model_Proj.dat 4 2029 SSBFabc 81.4632
Model_Proj.dat 4 2029 SSBFofl 71.2803
Model_Proj.dat 4 2029 SSBLCI 149.089
Model_Proj.dat 4 2029 SSBUCI 187.513
Model_Proj.dat 4 2029 SSBMedian 163.673
Model_Proj.dat 4 2029 SSBMean 165.489
Model_Proj.dat 4 2030 SSBF100 203.658
Model_Proj.dat 4 2030 SSBFabc 81.4632
Model_Proj.dat 4 2030 SSBFofl 71.2803
Model_Proj.dat 4 2030 SSBLCI 142.984
Model_Proj.dat 4 2030 SSBUCI 190.361
Model_Proj.dat 4 2030 SSBMedian 161.947
Model_Proj.dat 4 2030 SSBMean 163.941
Model_Proj.dat 4 2031 SSBF100 203.658
Model_Proj.dat 4 2031 SSBFabc 81.4632
Model_Proj.dat 4 2031 SSBFofl 71.2803
Model_Proj.dat 4 2031 SSBLCI 137.201
Model_Proj.dat 4 2031 SSBUCI 194.463
Model_Proj.dat 4 2031 SSBMedian 160.545
Model_Proj.dat 4 2031 SSBMean 162.329
Model_Proj.dat 4 2032 SSBF100 203.658
Model_Proj.dat 4 2032 SSBFabc 81.4632
Model_Proj.dat 4 2032 SSBFofl 71.2803
Model_Proj.dat 4 2032 SSBLCI 132.894
Model_Proj.dat 4 2032 SSBUCI 194.567
Model_Proj.dat 4 2032 SSBMedian 158.832
Model_Proj.dat 4 2032 SSBMean 160.978
Model_Proj.dat 4 2033 SSBF100 203.658
Model_Proj.dat 4 2033 SSBFabc 81.4632
Model_Proj.dat 4 2033 SSBFofl 71.2803
Model_Proj.dat 4 2033 SSBLCI 130.269
Model_Proj.dat 4 2033 SSBUCI 194.454
Model_Proj.dat 4 2033 SSBMedian 157.678
Model_Proj.dat 4 2033 SSBMean 159.503
Model_Proj.dat 4 2020 F0 0 
Model_Proj.dat 4 2020 Fabc 0.368177
Model_Proj.dat 4 2020 Fofl 0.455889
Model_Proj.dat 4 2020  F_LCI 0.0483308
Model_Proj.dat 4 2020  F_UCI 0.0483308
Model_Proj.dat 4 2020  F_Median 0.0483308
Model_Proj.dat 4 2020  F_Mean 0.0483308
Model_Proj.dat 4 2021 F0 0 
Model_Proj.dat 4 2021 Fabc 0.368177
Model_Proj.dat 4 2021 Fofl 0.455889
Model_Proj.dat 4 2021  F_LCI 0.0628511
Model_Proj.dat 4 2021  F_UCI 0.0628615
Model_Proj.dat 4 2021  F_Median 0.0628582
Model_Proj.dat 4 2021  F_Mean 0.0628575
Model_Proj.dat 4 2022 F0 0 
Model_Proj.dat 4 2022 Fabc 0.368177
Model_Proj.dat 4 2022 Fofl 0.455889
Model_Proj.dat 4 2022  F_LCI 0.0613189
Model_Proj.dat 4 2022  F_UCI 0.0614035
Model_Proj.dat 4 2022  F_Median 0.0613757
Model_Proj.dat 4 2022  F_Mean 0.0613702
Model_Proj.dat 4 2023 F0 0 
Model_Proj.dat 4 2023 Fabc 0.368177
Model_Proj.dat 4 2023 Fofl 0.455889
Model_Proj.dat 4 2023  F_LCI 0.0807373
Model_Proj.dat 4 2023  F_UCI 0.0807373
Model_Proj.dat 4 2023  F_Median 0.0807373
Model_Proj.dat 4 2023  F_Mean 0.0807373
Model_Proj.dat 4 2024 F0 0 
Model_Proj.dat 4 2024 Fabc 0.368177
Model_Proj.dat 4 2024 Fofl 0.455889
Model_Proj.dat 4 2024  F_LCI 0.0807373
Model_Proj.dat 4 2024  F_UCI 0.0807373
Model_Proj.dat 4 2024  F_Median 0.0807373
Model_Proj.dat 4 2024  F_Mean 0.0807373
Model_Proj.dat 4 2025 F0 0 
Model_Proj.dat 4 2025 Fabc 0.368177
Model_Proj.dat 4 2025 Fofl 0.455889
Model_Proj.dat 4 2025  F_LCI 0.0807373
Model_Proj.dat 4 2025  F_UCI 0.0807373
Model_Proj.dat 4 2025  F_Median 0.0807373
Model_Proj.dat 4 2025  F_Mean 0.0807373
Model_Proj.dat 4 2026 F0 0 
Model_Proj.dat 4 2026 Fabc 0.368177
Model_Proj.dat 4 2026 Fofl 0.455889
Model_Proj.dat 4 2026  F_LCI 0.0807373
Model_Proj.dat 4 2026  F_UCI 0.0807373
Model_Proj.dat 4 2026  F_Median 0.0807373
Model_Proj.dat 4 2026  F_Mean 0.0807373
Model_Proj.dat 4 2027 F0 0 
Model_Proj.dat 4 2027 Fabc 0.368177
Model_Proj.dat 4 2027 Fofl 0.455889
Model_Proj.dat 4 2027  F_LCI 0.0807373
Model_Proj.dat 4 2027  F_UCI 0.0807373
Model_Proj.dat 4 2027  F_Median 0.0807373
Model_Proj.dat 4 2027  F_Mean 0.0807373
Model_Proj.dat 4 2028 F0 0 
Model_Proj.dat 4 2028 Fabc 0.368177
Model_Proj.dat 4 2028 Fofl 0.455889
Model_Proj.dat 4 2028  F_LCI 0.0807373
Model_Proj.dat 4 2028  F_UCI 0.0807373
Model_Proj.dat 4 2028  F_Median 0.0807373
Model_Proj.dat 4 2028  F_Mean 0.0807373
Model_Proj.dat 4 2029 F0 0 
Model_Proj.dat 4 2029 Fabc 0.368177
Model_Proj.dat 4 2029 Fofl 0.455889
Model_Proj.dat 4 2029  F_LCI 0.0807373
Model_Proj.dat 4 2029  F_UCI 0.0807373
Model_Proj.dat 4 2029  F_Median 0.0807373
Model_Proj.dat 4 2029  F_Mean 0.0807373
Model_Proj.dat 4 2030 F0 0 
Model_Proj.dat 4 2030 Fabc 0.368177
Model_Proj.dat 4 2030 Fofl 0.455889
Model_Proj.dat 4 2030  F_LCI 0.0807373
Model_Proj.dat 4 2030  F_UCI 0.0807373
Model_Proj.dat 4 2030  F_Median 0.0807373
Model_Proj.dat 4 2030  F_Mean 0.0807373
Model_Proj.dat 4 2031 F0 0 
Model_Proj.dat 4 2031 Fabc 0.368177
Model_Proj.dat 4 2031 Fofl 0.455889
Model_Proj.dat 4 2031  F_LCI 0.0807373
Model_Proj.dat 4 2031  F_UCI 0.0807373
Model_Proj.dat 4 2031  F_Median 0.0807373
Model_Proj.dat 4 2031  F_Mean 0.0807373
Model_Proj.dat 4 2032 F0 0 
Model_Proj.dat 4 2032 Fabc 0.368177
Model_Proj.dat 4 2032 Fofl 0.455889
Model_Proj.dat 4 2032  F_LCI 0.0807373
Model_Proj.dat 4 2032  F_UCI 0.0807373
Model_Proj.dat 4 2032  F_Median 0.0807373
Model_Proj.dat 4 2032  F_Mean 0.0807373
Model_Proj.dat 4 2033 F0 0 
Model_Proj.dat 4 2033 Fabc 0.368177
Model_Proj.dat 4 2033 Fofl 0.455889
Model_Proj.dat 4 2033  F_LCI 0.0807373
Model_Proj.dat 4 2033  F_UCI 0.0807373
Model_Proj.dat 4 2033  F_Median 0.0807373
Model_Proj.dat 4 2033  F_Mean 0.0807373
Model_Proj.dat 5 2020 Cabc 35.2579
Model_Proj.dat 5 2020 Cofl 38.4221
Model_Proj.dat 5 2020 CLCI 8.669
Model_Proj.dat 5 2020 CUCI 8.669
Model_Proj.dat 5 2020 CMedian 8.669
Model_Proj.dat 5 2020 CMean 8.669
Model_Proj.dat 5 2020 CStdn 8.88178e-15
Model_Proj.dat 5 2021 Cabc 35.2579
Model_Proj.dat 5 2021 Cofl 38.4221
Model_Proj.dat 5 2021 CLCI 11.519
Model_Proj.dat 5 2021 CUCI 11.519
Model_Proj.dat 5 2021 CMedian 11.519
Model_Proj.dat 5 2021 CMean 11.519
Model_Proj.dat 5 2021 CStdn 1.42312e-09
Model_Proj.dat 5 2022 Cabc 35.2579
Model_Proj.dat 5 2022 Cofl 38.4221
Model_Proj.dat 5 2022 CLCI 11.519
Model_Proj.dat 5 2022 CUCI 11.519
Model_Proj.dat 5 2022 CMedian 11.519
Model_Proj.dat 5 2022 CMean 11.519
Model_Proj.dat 5 2022 CStdn 2.05497e-08
Model_Proj.dat 5 2023 Cabc 35.2579
Model_Proj.dat 5 2023 Cofl 38.4221
Model_Proj.dat 5 2023 CLCI 0
Model_Proj.dat 5 2023 CUCI 0
Model_Proj.dat 5 2023 CMedian 0
Model_Proj.dat 5 2023 CMean 0
Model_Proj.dat 5 2023 CStdn 0
Model_Proj.dat 5 2024 Cabc 35.2579
Model_Proj.dat 5 2024 Cofl 38.4221
Model_Proj.dat 5 2024 CLCI 0
Model_Proj.dat 5 2024 CUCI 0
Model_Proj.dat 5 2024 CMedian 0
Model_Proj.dat 5 2024 CMean 0
Model_Proj.dat 5 2024 CStdn 0
Model_Proj.dat 5 2025 Cabc 35.2579
Model_Proj.dat 5 2025 Cofl 38.4221
Model_Proj.dat 5 2025 CLCI 0
Model_Proj.dat 5 2025 CUCI 0
Model_Proj.dat 5 2025 CMedian 0
Model_Proj.dat 5 2025 CMean 0
Model_Proj.dat 5 2025 CStdn 0
Model_Proj.dat 5 2026 Cabc 35.2579
Model_Proj.dat 5 2026 Cofl 38.4221
Model_Proj.dat 5 2026 CLCI 0
Model_Proj.dat 5 2026 CUCI 0
Model_Proj.dat 5 2026 CMedian 0
Model_Proj.dat 5 2026 CMean 0
Model_Proj.dat 5 2026 CStdn 0
Model_Proj.dat 5 2027 Cabc 35.2579
Model_Proj.dat 5 2027 Cofl 38.4221
Model_Proj.dat 5 2027 CLCI 0
Model_Proj.dat 5 2027 CUCI 0
Model_Proj.dat 5 2027 CMedian 0
Model_Proj.dat 5 2027 CMean 0
Model_Proj.dat 5 2027 CStdn 0
Model_Proj.dat 5 2028 Cabc 35.2579
Model_Proj.dat 5 2028 Cofl 38.4221
Model_Proj.dat 5 2028 CLCI 0
Model_Proj.dat 5 2028 CUCI 0
Model_Proj.dat 5 2028 CMedian 0
Model_Proj.dat 5 2028 CMean 0
Model_Proj.dat 5 2028 CStdn 0
Model_Proj.dat 5 2029 Cabc 35.2579
Model_Proj.dat 5 2029 Cofl 38.4221
Model_Proj.dat 5 2029 CLCI 0
Model_Proj.dat 5 2029 CUCI 0
Model_Proj.dat 5 2029 CMedian 0
Model_Proj.dat 5 2029 CMean 0
Model_Proj.dat 5 2029 CStdn 0
Model_Proj.dat 5 2030 Cabc 35.2579
Model_Proj.dat 5 2030 Cofl 38.4221
Model_Proj.dat 5 2030 CLCI 0
Model_Proj.dat 5 2030 CUCI 0
Model_Proj.dat 5 2030 CMedian 0
Model_Proj.dat 5 2030 CMean 0
Model_Proj.dat 5 2030 CStdn 0
Model_Proj.dat 5 2031 Cabc 35.2579
Model_Proj.dat 5 2031 Cofl 38.4221
Model_Proj.dat 5 2031 CLCI 0
Model_Proj.dat 5 2031 CUCI 0
Model_Proj.dat 5 2031 CMedian 0
Model_Proj.dat 5 2031 CMean 0
Model_Proj.dat 5 2031 CStdn 0
Model_Proj.dat 5 2032 Cabc 35.2579
Model_Proj.dat 5 2032 Cofl 38.4221
Model_Proj.dat 5 2032 CLCI 0
Model_Proj.dat 5 2032 CUCI 0
Model_Proj.dat 5 2032 CMedian 0
Model_Proj.dat 5 2032 CMean 0
Model_Proj.dat 5 2032 CStdn 0
Model_Proj.dat 5 2033 Cabc 35.2579
Model_Proj.dat 5 2033 Cofl 38.4221
Model_Proj.dat 5 2033 CLCI 0
Model_Proj.dat 5 2033 CUCI 0
Model_Proj.dat 5 2033 CMedian 0
Model_Proj.dat 5 2033 CMean 0
Model_Proj.dat 5 2033 CStdn 0
Model_Proj.dat 5 2020 SSBF100 203.658
Model_Proj.dat 5 2020 SSBFabc 81.4632
Model_Proj.dat 5 2020 SSBFofl 71.2803
Model_Proj.dat 5 2020 SSBLCI 146.307
Model_Proj.dat 5 2020 SSBUCI 146.307
Model_Proj.dat 5 2020 SSBMedian 146.307
Model_Proj.dat 5 2020 SSBMean 146.307
Model_Proj.dat 5 2021 SSBF100 203.658
Model_Proj.dat 5 2021 SSBFabc 81.4632
Model_Proj.dat 5 2021 SSBFofl 71.2803
Model_Proj.dat 5 2021 SSBLCI 150.428
Model_Proj.dat 5 2021 SSBUCI 150.442
Model_Proj.dat 5 2021 SSBMedian 150.432
Model_Proj.dat 5 2021 SSBMean 150.433
Model_Proj.dat 5 2022 SSBF100 203.658
Model_Proj.dat 5 2022 SSBFabc 81.4632
Model_Proj.dat 5 2022 SSBFofl 71.2803
Model_Proj.dat 5 2022 SSBLCI 154.876
Model_Proj.dat 5 2022 SSBUCI 154.951
Model_Proj.dat 5 2022 SSBMedian 154.901
Model_Proj.dat 5 2022 SSBMean 154.906
Model_Proj.dat 5 2023 SSBF100 203.658
Model_Proj.dat 5 2023 SSBFabc 81.4632
Model_Proj.dat 5 2023 SSBFofl 71.2803
Model_Proj.dat 5 2023 SSBLCI 160.016
Model_Proj.dat 5 2023 SSBUCI 160.313
Model_Proj.dat 5 2023 SSBMedian 160.121
Model_Proj.dat 5 2023 SSBMean 160.138
Model_Proj.dat 5 2024 SSBF100 203.658
Model_Proj.dat 5 2024 SSBFabc 81.4632
Model_Proj.dat 5 2024 SSBFofl 71.2803
Model_Proj.dat 5 2024 SSBLCI 170.381
Model_Proj.dat 5 2024 SSBUCI 171.342
Model_Proj.dat 5 2024 SSBMedian 170.732
Model_Proj.dat 5 2024 SSBMean 170.785
Model_Proj.dat 5 2025 SSBF100 203.658
Model_Proj.dat 5 2025 SSBFabc 81.4632
Model_Proj.dat 5 2025 SSBFofl 71.2803
Model_Proj.dat 5 2025 SSBLCI 178.76
Model_Proj.dat 5 2025 SSBUCI 181.54
Model_Proj.dat 5 2025 SSBMedian 179.784
Model_Proj.dat 5 2025 SSBMean 179.926
Model_Proj.dat 5 2026 SSBF100 203.658
Model_Proj.dat 5 2026 SSBFabc 81.4632
Model_Proj.dat 5 2026 SSBFofl 71.2803
Model_Proj.dat 5 2026 SSBLCI 184.486
Model_Proj.dat 5 2026 SSBUCI 191.66
Model_Proj.dat 5 2026 SSBMedian 187.113
Model_Proj.dat 5 2026 SSBMean 187.468
Model_Proj.dat 5 2027 SSBF100 203.658
Model_Proj.dat 5 2027 SSBFabc 81.4632
Model_Proj.dat 5 2027 SSBFofl 71.2803
Model_Proj.dat 5 2027 SSBLCI 186.589
Model_Proj.dat 5 2027 SSBUCI 202.064
Model_Proj.dat 5 2027 SSBMedian 192.391
Model_Proj.dat 5 2027 SSBMean 193.147
Model_Proj.dat 5 2028 SSBF100 203.658
Model_Proj.dat 5 2028 SSBFabc 81.4632
Model_Proj.dat 5 2028 SSBFofl 71.2803
Model_Proj.dat 5 2028 SSBLCI 185.404
Model_Proj.dat 5 2028 SSBUCI 212.775
Model_Proj.dat 5 2028 SSBMedian 196.025
Model_Proj.dat 5 2028 SSBMean 197.185
Model_Proj.dat 5 2029 SSBF100 203.658
Model_Proj.dat 5 2029 SSBFabc 81.4632
Model_Proj.dat 5 2029 SSBFofl 71.2803
Model_Proj.dat 5 2029 SSBLCI 182.838
Model_Proj.dat 5 2029 SSBUCI 223.511
Model_Proj.dat 5 2029 SSBMedian 198.275
Model_Proj.dat 5 2029 SSBMean 200.037
Model_Proj.dat 5 2030 SSBF100 203.658
Model_Proj.dat 5 2030 SSBFabc 81.4632
Model_Proj.dat 5 2030 SSBFofl 71.2803
Model_Proj.dat 5 2030 SSBLCI 179.744
Model_Proj.dat 5 2030 SSBUCI 230.727
Model_Proj.dat 5 2030 SSBMedian 199.839
Model_Proj.dat 5 2030 SSBMean 201.996
Model_Proj.dat 5 2031 SSBF100 203.658
Model_Proj.dat 5 2031 SSBFabc 81.4632
Model_Proj.dat 5 2031 SSBFofl 71.2803
Model_Proj.dat 5 2031 SSBLCI 175.945
Model_Proj.dat 5 2031 SSBUCI 237.544
Model_Proj.dat 5 2031 SSBMedian 201.304
Model_Proj.dat 5 2031 SSBMean 203.259
Model_Proj.dat 5 2032 SSBF100 203.658
Model_Proj.dat 5 2032 SSBFabc 81.4632
Model_Proj.dat 5 2032 SSBFofl 71.2803
Model_Proj.dat 5 2032 SSBLCI 173.403
Model_Proj.dat 5 2032 SSBUCI 242.058
Model_Proj.dat 5 2032 SSBMedian 202.326
Model_Proj.dat 5 2032 SSBMean 204.371
Model_Proj.dat 5 2033 SSBF100 203.658
Model_Proj.dat 5 2033 SSBFabc 81.4632
Model_Proj.dat 5 2033 SSBFofl 71.2803
Model_Proj.dat 5 2033 SSBLCI 171.731
Model_Proj.dat 5 2033 SSBUCI 243.858
Model_Proj.dat 5 2033 SSBMedian 202.749
Model_Proj.dat 5 2033 SSBMean 204.708
Model_Proj.dat 5 2020 F0 0 
Model_Proj.dat 5 2020 Fabc 0.368177
Model_Proj.dat 5 2020 Fofl 0.455889
Model_Proj.dat 5 2020  F_LCI 0.0483308
Model_Proj.dat 5 2020  F_UCI 0.0483308
Model_Proj.dat 5 2020  F_Median 0.0483308
Model_Proj.dat 5 2020  F_Mean 0.0483308
Model_Proj.dat 5 2021 F0 0 
Model_Proj.dat 5 2021 Fabc 0.368177
Model_Proj.dat 5 2021 Fofl 0.455889
Model_Proj.dat 5 2021  F_LCI 0.0628511
Model_Proj.dat 5 2021  F_UCI 0.0628615
Model_Proj.dat 5 2021  F_Median 0.0628582
Model_Proj.dat 5 2021  F_Mean 0.0628575
Model_Proj.dat 5 2022 F0 0 
Model_Proj.dat 5 2022 Fabc 0.368177
Model_Proj.dat 5 2022 Fofl 0.455889
Model_Proj.dat 5 2022  F_LCI 0.0613189
Model_Proj.dat 5 2022  F_UCI 0.0614035
Model_Proj.dat 5 2022  F_Median 0.0613757
Model_Proj.dat 5 2022  F_Mean 0.0613702
Model_Proj.dat 5 2023 F0 0 
Model_Proj.dat 5 2023 Fabc 0.368177
Model_Proj.dat 5 2023 Fofl 0.455889
Model_Proj.dat 5 2023  F_LCI 0
Model_Proj.dat 5 2023  F_UCI 0
Model_Proj.dat 5 2023  F_Median 0
Model_Proj.dat 5 2023  F_Mean 0
Model_Proj.dat 5 2024 F0 0 
Model_Proj.dat 5 2024 Fabc 0.368177
Model_Proj.dat 5 2024 Fofl 0.455889
Model_Proj.dat 5 2024  F_LCI 0
Model_Proj.dat 5 2024  F_UCI 0
Model_Proj.dat 5 2024  F_Median 0
Model_Proj.dat 5 2024  F_Mean 0
Model_Proj.dat 5 2025 F0 0 
Model_Proj.dat 5 2025 Fabc 0.368177
Model_Proj.dat 5 2025 Fofl 0.455889
Model_Proj.dat 5 2025  F_LCI 0
Model_Proj.dat 5 2025  F_UCI 0
Model_Proj.dat 5 2025  F_Median 0
Model_Proj.dat 5 2025  F_Mean 0
Model_Proj.dat 5 2026 F0 0 
Model_Proj.dat 5 2026 Fabc 0.368177
Model_Proj.dat 5 2026 Fofl 0.455889
Model_Proj.dat 5 2026  F_LCI 0
Model_Proj.dat 5 2026  F_UCI 0
Model_Proj.dat 5 2026  F_Median 0
Model_Proj.dat 5 2026  F_Mean 0
Model_Proj.dat 5 2027 F0 0 
Model_Proj.dat 5 2027 Fabc 0.368177
Model_Proj.dat 5 2027 Fofl 0.455889
Model_Proj.dat 5 2027  F_LCI 0
Model_Proj.dat 5 2027  F_UCI 0
Model_Proj.dat 5 2027  F_Median 0
Model_Proj.dat 5 2027  F_Mean 0
Model_Proj.dat 5 2028 F0 0 
Model_Proj.dat 5 2028 Fabc 0.368177
Model_Proj.dat 5 2028 Fofl 0.455889
Model_Proj.dat 5 2028  F_LCI 0
Model_Proj.dat 5 2028  F_UCI 0
Model_Proj.dat 5 2028  F_Median 0
Model_Proj.dat 5 2028  F_Mean 0
Model_Proj.dat 5 2029 F0 0 
Model_Proj.dat 5 2029 Fabc 0.368177
Model_Proj.dat 5 2029 Fofl 0.455889
Model_Proj.dat 5 2029  F_LCI 0
Model_Proj.dat 5 2029  F_UCI 0
Model_Proj.dat 5 2029  F_Median 0
Model_Proj.dat 5 2029  F_Mean 0
Model_Proj.dat 5 2030 F0 0 
Model_Proj.dat 5 2030 Fabc 0.368177
Model_Proj.dat 5 2030 Fofl 0.455889
Model_Proj.dat 5 2030  F_LCI 0
Model_Proj.dat 5 2030  F_UCI 0
Model_Proj.dat 5 2030  F_Median 0
Model_Proj.dat 5 2030  F_Mean 0
Model_Proj.dat 5 2031 F0 0 
Model_Proj.dat 5 2031 Fabc 0.368177
Model_Proj.dat 5 2031 Fofl 0.455889
Model_Proj.dat 5 2031  F_LCI 0
Model_Proj.dat 5 2031  F_UCI 0
Model_Proj.dat 5 2031  F_Median 0
Model_Proj.dat 5 2031  F_Mean 0
Model_Proj.dat 5 2032 F0 0 
Model_Proj.dat 5 2032 Fabc 0.368177
Model_Proj.dat 5 2032 Fofl 0.455889
Model_Proj.dat 5 2032  F_LCI 0
Model_Proj.dat 5 2032  F_UCI 0
Model_Proj.dat 5 2032  F_Median 0
Model_Proj.dat 5 2032  F_Mean 0
Model_Proj.dat 5 2033 F0 0 
Model_Proj.dat 5 2033 Fabc 0.368177
Model_Proj.dat 5 2033 Fofl 0.455889
Model_Proj.dat 5 2033  F_LCI 0
Model_Proj.dat 5 2033  F_UCI 0
Model_Proj.dat 5 2033  F_Median 0
Model_Proj.dat 5 2033  F_Mean 0
Model_Proj.dat 6 2020 Cabc 35.2579
Model_Proj.dat 6 2020 Cofl 38.4221
Model_Proj.dat 6 2020 CLCI 8.669
Model_Proj.dat 6 2020 CUCI 8.669
Model_Proj.dat 6 2020 CMedian 8.669
Model_Proj.dat 6 2020 CMean 8.669
Model_Proj.dat 6 2020 CStdn 8.88178e-15
Model_Proj.dat 6 2021 Cabc 35.2579
Model_Proj.dat 6 2021 Cofl 38.4221
Model_Proj.dat 6 2021 CLCI 75.8574
Model_Proj.dat 6 2021 CUCI 75.8709
Model_Proj.dat 6 2021 CMedian 75.8617
Model_Proj.dat 6 2021 CMean 75.8626
Model_Proj.dat 6 2021 CStdn 0.00447811
Model_Proj.dat 6 2022 Cabc 35.2579
Model_Proj.dat 6 2022 Cofl 38.4221
Model_Proj.dat 6 2022 CLCI 65.289
Model_Proj.dat 6 2022 CUCI 65.4044
Model_Proj.dat 6 2022 CMedian 65.327
Model_Proj.dat 6 2022 CMean 65.3346
Model_Proj.dat 6 2022 CStdn 0.0384655
Model_Proj.dat 6 2023 Cabc 35.2579
Model_Proj.dat 6 2023 Cofl 38.4221
Model_Proj.dat 6 2023 CLCI 58.0704
Model_Proj.dat 6 2023 CUCI 58.6169
Model_Proj.dat 6 2023 CMedian 58.2591
Model_Proj.dat 6 2023 CMean 58.2902
Model_Proj.dat 6 2023 CStdn 0.184602
Model_Proj.dat 6 2024 Cabc 35.2579
Model_Proj.dat 6 2024 Cofl 38.4221
Model_Proj.dat 6 2024 CLCI 52.638
Model_Proj.dat 6 2024 CUCI 54.3816
Model_Proj.dat 6 2024 CMedian 53.2718
Model_Proj.dat 6 2024 CMean 53.371
Model_Proj.dat 6 2024 CStdn 0.592173
Model_Proj.dat 6 2025 Cabc 35.2579
Model_Proj.dat 6 2025 Cofl 38.4221
Model_Proj.dat 6 2025 CLCI 47.9715
Model_Proj.dat 6 2025 CUCI 52.1008
Model_Proj.dat 6 2025 CMedian 49.4874
Model_Proj.dat 6 2025 CMean 49.7029
Model_Proj.dat 6 2025 CStdn 1.37552
Model_Proj.dat 6 2026 Cabc 35.2579
Model_Proj.dat 6 2026 Cofl 38.4221
Model_Proj.dat 6 2026 CLCI 43.7072
Model_Proj.dat 6 2026 CUCI 51.1467
Model_Proj.dat 6 2026 CMedian 46.5938
Model_Proj.dat 6 2026 CMean 46.9064
Model_Proj.dat 6 2026 CStdn 2.48007
Model_Proj.dat 6 2027 Cabc 35.2579
Model_Proj.dat 6 2027 Cofl 38.4221
Model_Proj.dat 6 2027 CLCI 38.5438
Model_Proj.dat 6 2027 CUCI 51.294
Model_Proj.dat 6 2027 CMedian 44.2537
Model_Proj.dat 6 2027 CMean 44.4925
Model_Proj.dat 6 2027 CStdn 3.94624
Model_Proj.dat 6 2028 Cabc 35.2579
Model_Proj.dat 6 2028 Cofl 38.4221
Model_Proj.dat 6 2028 CLCI 32.8063
Model_Proj.dat 6 2028 CUCI 51.0764
Model_Proj.dat 6 2028 CMedian 41.5024
Model_Proj.dat 6 2028 CMean 41.6223
Model_Proj.dat 6 2028 CStdn 5.9558
Model_Proj.dat 6 2029 Cabc 35.2579
Model_Proj.dat 6 2029 Cofl 38.4221
Model_Proj.dat 6 2029 CLCI 29.0522
Model_Proj.dat 6 2029 CUCI 51.2666
Model_Proj.dat 6 2029 CMedian 39.1758
Model_Proj.dat 6 2029 CMean 39.5957
Model_Proj.dat 6 2029 CStdn 7.10948
Model_Proj.dat 6 2030 Cabc 35.2579
Model_Proj.dat 6 2030 Cofl 38.4221
Model_Proj.dat 6 2030 CLCI 26.6839
Model_Proj.dat 6 2030 CUCI 50.911
Model_Proj.dat 6 2030 CMedian 37.8682
Model_Proj.dat 6 2030 CMean 38.4232
Model_Proj.dat 6 2030 CStdn 7.63534
Model_Proj.dat 6 2031 Cabc 35.2579
Model_Proj.dat 6 2031 Cofl 38.4221
Model_Proj.dat 6 2031 CLCI 25.6512
Model_Proj.dat 6 2031 CUCI 50.3996
Model_Proj.dat 6 2031 CMedian 37.2917
Model_Proj.dat 6 2031 CMean 37.8191
Model_Proj.dat 6 2031 CStdn 7.83886
Model_Proj.dat 6 2032 Cabc 35.2579
Model_Proj.dat 6 2032 Cofl 38.4221
Model_Proj.dat 6 2032 CLCI 25.0734
Model_Proj.dat 6 2032 CUCI 50.5566
Model_Proj.dat 6 2032 CMedian 36.9812
Model_Proj.dat 6 2032 CMean 37.4875
Model_Proj.dat 6 2032 CStdn 7.86027
Model_Proj.dat 6 2033 Cabc 35.2579
Model_Proj.dat 6 2033 Cofl 38.4221
Model_Proj.dat 6 2033 CLCI 25.2273
Model_Proj.dat 6 2033 CUCI 50.2899
Model_Proj.dat 6 2033 CMedian 36.8733
Model_Proj.dat 6 2033 CMean 37.3466
Model_Proj.dat 6 2033 CStdn 7.85529
Model_Proj.dat 6 2020 SSBF100 203.658
Model_Proj.dat 6 2020 SSBFabc 81.4632
Model_Proj.dat 6 2020 SSBFofl 71.2803
Model_Proj.dat 6 2020 SSBLCI 146.307
Model_Proj.dat 6 2020 SSBUCI 146.307
Model_Proj.dat 6 2020 SSBMedian 146.307
Model_Proj.dat 6 2020 SSBMean 146.307
Model_Proj.dat 6 2021 SSBF100 203.658
Model_Proj.dat 6 2021 SSBFabc 81.4632
Model_Proj.dat 6 2021 SSBFofl 71.2803
Model_Proj.dat 6 2021 SSBLCI 150.428
Model_Proj.dat 6 2021 SSBUCI 150.442
Model_Proj.dat 6 2021 SSBMedian 150.432
Model_Proj.dat 6 2021 SSBMean 150.433
Model_Proj.dat 6 2022 SSBF100 203.658
Model_Proj.dat 6 2022 SSBFabc 81.4632
Model_Proj.dat 6 2022 SSBFofl 71.2803
Model_Proj.dat 6 2022 SSBLCI 126.411
Model_Proj.dat 6 2022 SSBUCI 126.485
Model_Proj.dat 6 2022 SSBMedian 126.436
Model_Proj.dat 6 2022 SSBMean 126.44
Model_Proj.dat 6 2023 SSBF100 203.658
Model_Proj.dat 6 2023 SSBFabc 81.4632
Model_Proj.dat 6 2023 SSBFofl 71.2803
Model_Proj.dat 6 2023 SSBLCI 111.065
Model_Proj.dat 6 2023 SSBUCI 111.354
Model_Proj.dat 6 2023 SSBMedian 111.167
Model_Proj.dat 6 2023 SSBMean 111.184
Model_Proj.dat 6 2024 SSBF100 203.658
Model_Proj.dat 6 2024 SSBFabc 81.4632
Model_Proj.dat 6 2024 SSBFofl 71.2803
Model_Proj.dat 6 2024 SSBLCI 100.979
Model_Proj.dat 6 2024 SSBUCI 101.929
Model_Proj.dat 6 2024 SSBMedian 101.326
Model_Proj.dat 6 2024 SSBMean 101.378
Model_Proj.dat 6 2025 SSBF100 203.658
Model_Proj.dat 6 2025 SSBFabc 81.4632
Model_Proj.dat 6 2025 SSBFofl 71.2803
Model_Proj.dat 6 2025 SSBLCI 93.2025
Model_Proj.dat 6 2025 SSBUCI 95.9316
Model_Proj.dat 6 2025 SSBMedian 94.2026
Model_Proj.dat 6 2025 SSBMean 94.3433
Model_Proj.dat 6 2026 SSBF100 203.658
Model_Proj.dat 6 2026 SSBFabc 81.4632
Model_Proj.dat 6 2026 SSBFofl 71.2803
Model_Proj.dat 6 2026 SSBLCI 86.0695
Model_Proj.dat 6 2026 SSBUCI 92.8859
Model_Proj.dat 6 2026 SSBMedian 88.5798
Model_Proj.dat 6 2026 SSBMean 88.9245
Model_Proj.dat 6 2027 SSBF100 203.658
Model_Proj.dat 6 2027 SSBFabc 81.4632
Model_Proj.dat 6 2027 SSBFofl 71.2803
Model_Proj.dat 6 2027 SSBLCI 78.6287
Model_Proj.dat 6 2027 SSBUCI 92.5397
Model_Proj.dat 6 2027 SSBMedian 83.8439
Model_Proj.dat 6 2027 SSBMean 84.5451
Model_Proj.dat 6 2028 SSBF100 203.658
Model_Proj.dat 6 2028 SSBFabc 81.4632
Model_Proj.dat 6 2028 SSBFofl 71.2803
Model_Proj.dat 6 2028 SSBLCI 71.6873
Model_Proj.dat 6 2028 SSBUCI 94.5643
Model_Proj.dat 6 2028 SSBMedian 79.9971
Model_Proj.dat 6 2028 SSBMean 81.0812
Model_Proj.dat 6 2029 SSBF100 203.658
Model_Proj.dat 6 2029 SSBFabc 81.4632
Model_Proj.dat 6 2029 SSBFofl 71.2803
Model_Proj.dat 6 2029 SSBLCI 67.0909
Model_Proj.dat 6 2029 SSBUCI 95.2772
Model_Proj.dat 6 2029 SSBMedian 77.0616
Model_Proj.dat 6 2029 SSBMean 78.8269
Model_Proj.dat 6 2030 SSBF100 203.658
Model_Proj.dat 6 2030 SSBFabc 81.4632
Model_Proj.dat 6 2030 SSBFofl 71.2803
Model_Proj.dat 6 2030 SSBLCI 63.9544
Model_Proj.dat 6 2030 SSBUCI 96.058
Model_Proj.dat 6 2030 SSBMedian 75.8504
Model_Proj.dat 6 2030 SSBMean 77.4947
Model_Proj.dat 6 2031 SSBF100 203.658
Model_Proj.dat 6 2031 SSBFabc 81.4632
Model_Proj.dat 6 2031 SSBFofl 71.2803
Model_Proj.dat 6 2031 SSBLCI 62.5796
Model_Proj.dat 6 2031 SSBUCI 95.5789
Model_Proj.dat 6 2031 SSBMedian 75.1581
Model_Proj.dat 6 2031 SSBMean 76.7248
Model_Proj.dat 6 2032 SSBF100 203.658
Model_Proj.dat 6 2032 SSBFabc 81.4632
Model_Proj.dat 6 2032 SSBFofl 71.2803
Model_Proj.dat 6 2032 SSBLCI 61.4882
Model_Proj.dat 6 2032 SSBUCI 94.7112
Model_Proj.dat 6 2032 SSBMedian 75.0296
Model_Proj.dat 6 2032 SSBMean 76.2834
Model_Proj.dat 6 2033 SSBF100 203.658
Model_Proj.dat 6 2033 SSBFabc 81.4632
Model_Proj.dat 6 2033 SSBFofl 71.2803
Model_Proj.dat 6 2033 SSBLCI 61.537
Model_Proj.dat 6 2033 SSBUCI 94.2402
Model_Proj.dat 6 2033 SSBMedian 74.7095
Model_Proj.dat 6 2033 SSBMean 76.0414
Model_Proj.dat 6 2020 F0 0 
Model_Proj.dat 6 2020 Fabc 0.368177
Model_Proj.dat 6 2020 Fofl 0.455889
Model_Proj.dat 6 2020  F_LCI 0.0483308
Model_Proj.dat 6 2020  F_UCI 0.0483308
Model_Proj.dat 6 2020  F_Median 0.0483308
Model_Proj.dat 6 2020  F_Mean 0.0483308
Model_Proj.dat 6 2021 F0 0 
Model_Proj.dat 6 2021 Fabc 0.368177
Model_Proj.dat 6 2021 Fofl 0.455889
Model_Proj.dat 6 2021  F_LCI 0.455889
Model_Proj.dat 6 2021  F_UCI 0.455889
Model_Proj.dat 6 2021  F_Median 0.455889
Model_Proj.dat 6 2021  F_Mean 0.455889
Model_Proj.dat 6 2022 F0 0 
Model_Proj.dat 6 2022 Fabc 0.368177
Model_Proj.dat 6 2022 Fofl 0.455889
Model_Proj.dat 6 2022  F_LCI 0.455889
Model_Proj.dat 6 2022  F_UCI 0.455889
Model_Proj.dat 6 2022  F_Median 0.455889
Model_Proj.dat 6 2022  F_Mean 0.455889
Model_Proj.dat 6 2023 F0 0 
Model_Proj.dat 6 2023 Fabc 0.368177
Model_Proj.dat 6 2023 Fofl 0.455889
Model_Proj.dat 6 2023  F_LCI 0.455889
Model_Proj.dat 6 2023  F_UCI 0.455889
Model_Proj.dat 6 2023  F_Median 0.455889
Model_Proj.dat 6 2023  F_Mean 0.455889
Model_Proj.dat 6 2024 F0 0 
Model_Proj.dat 6 2024 Fabc 0.368177
Model_Proj.dat 6 2024 Fofl 0.455889
Model_Proj.dat 6 2024  F_LCI 0.455889
Model_Proj.dat 6 2024  F_UCI 0.455889
Model_Proj.dat 6 2024  F_Median 0.455889
Model_Proj.dat 6 2024  F_Mean 0.455889
Model_Proj.dat 6 2025 F0 0 
Model_Proj.dat 6 2025 Fabc 0.368177
Model_Proj.dat 6 2025 Fofl 0.455889
Model_Proj.dat 6 2025  F_LCI 0.455889
Model_Proj.dat 6 2025  F_UCI 0.455889
Model_Proj.dat 6 2025  F_Median 0.455889
Model_Proj.dat 6 2025  F_Mean 0.455889
Model_Proj.dat 6 2026 F0 0 
Model_Proj.dat 6 2026 Fabc 0.368177
Model_Proj.dat 6 2026 Fofl 0.455889
Model_Proj.dat 6 2026  F_LCI 0.455889
Model_Proj.dat 6 2026  F_UCI 0.455889
Model_Proj.dat 6 2026  F_Median 0.455889
Model_Proj.dat 6 2026  F_Mean 0.455889
Model_Proj.dat 6 2027 F0 0 
Model_Proj.dat 6 2027 Fabc 0.368177
Model_Proj.dat 6 2027 Fofl 0.455889
Model_Proj.dat 6 2027  F_LCI 0.439192
Model_Proj.dat 6 2027  F_UCI 0.455889
Model_Proj.dat 6 2027  F_Median 0.455889
Model_Proj.dat 6 2027  F_Mean 0.453206
Model_Proj.dat 6 2028 F0 0 
Model_Proj.dat 6 2028 Fabc 0.368177
Model_Proj.dat 6 2028 Fofl 0.455889
Model_Proj.dat 6 2028  F_LCI 0.398302
Model_Proj.dat 6 2028  F_UCI 0.455889
Model_Proj.dat 6 2028  F_Median 0.447253
Model_Proj.dat 6 2028  F_Mean 0.437886
Model_Proj.dat 6 2029 F0 0 
Model_Proj.dat 6 2029 Fabc 0.368177
Model_Proj.dat 6 2029 Fofl 0.455889
Model_Proj.dat 6 2029  F_LCI 0.371226
Model_Proj.dat 6 2029  F_UCI 0.455889
Model_Proj.dat 6 2029  F_Median 0.429961
Model_Proj.dat 6 2029  F_Mean 0.425079
Model_Proj.dat 6 2030 F0 0 
Model_Proj.dat 6 2030 Fabc 0.368177
Model_Proj.dat 6 2030 Fofl 0.455889
Model_Proj.dat 6 2030  F_LCI 0.352749
Model_Proj.dat 6 2030  F_UCI 0.455889
Model_Proj.dat 6 2030  F_Median 0.422826
Model_Proj.dat 6 2030  F_Mean 0.417658
Model_Proj.dat 6 2031 F0 0 
Model_Proj.dat 6 2031 Fabc 0.368177
Model_Proj.dat 6 2031 Fofl 0.455889
Model_Proj.dat 6 2031  F_LCI 0.34465
Model_Proj.dat 6 2031  F_UCI 0.455889
Model_Proj.dat 6 2031  F_Median 0.418747
Model_Proj.dat 6 2031  F_Mean 0.414247
Model_Proj.dat 6 2032 F0 0 
Model_Proj.dat 6 2032 Fabc 0.368177
Model_Proj.dat 6 2032 Fofl 0.455889
Model_Proj.dat 6 2032  F_LCI 0.338221
Model_Proj.dat 6 2032  F_UCI 0.455889
Model_Proj.dat 6 2032  F_Median 0.417991
Model_Proj.dat 6 2032  F_Mean 0.412387
Model_Proj.dat 6 2033 F0 0 
Model_Proj.dat 6 2033 Fabc 0.368177
Model_Proj.dat 6 2033 Fofl 0.455889
Model_Proj.dat 6 2033  F_LCI 0.338508
Model_Proj.dat 6 2033  F_UCI 0.455889
Model_Proj.dat 6 2033  F_Median 0.416105
Model_Proj.dat 6 2033  F_Mean 0.4118
Model_Proj.dat 7 2020 Cabc 35.2579
Model_Proj.dat 7 2020 Cofl 38.4221
Model_Proj.dat 7 2020 CLCI 8.669
Model_Proj.dat 7 2020 CUCI 8.669
Model_Proj.dat 7 2020 CMedian 8.669
Model_Proj.dat 7 2020 CMean 8.669
Model_Proj.dat 7 2020 CStdn 8.88178e-15
Model_Proj.dat 7 2021 Cabc 35.2579
Model_Proj.dat 7 2021 Cofl 38.4221
Model_Proj.dat 7 2021 CLCI 62.563
Model_Proj.dat 7 2021 CUCI 62.574
Model_Proj.dat 7 2021 CMedian 62.5665
Model_Proj.dat 7 2021 CMean 62.5672
Model_Proj.dat 7 2021 CStdn 0.0036167
Model_Proj.dat 7 2022 Cabc 35.2579
Model_Proj.dat 7 2022 Cofl 38.4221
Model_Proj.dat 7 2022 CLCI 55.8809
Model_Proj.dat 7 2022 CUCI 55.9742
Model_Proj.dat 7 2022 CMedian 55.9116
Model_Proj.dat 7 2022 CMean 55.9178
Model_Proj.dat 7 2022 CStdn 0.0310747
Model_Proj.dat 7 2023 Cabc 35.2579
Model_Proj.dat 7 2023 Cofl 38.4221
Model_Proj.dat 7 2023 CLCI 62.0765
Model_Proj.dat 7 2023 CUCI 62.6232
Model_Proj.dat 7 2023 CMedian 62.2652
Model_Proj.dat 7 2023 CMean 62.2964
Model_Proj.dat 7 2023 CStdn 0.184701
Model_Proj.dat 7 2024 Cabc 35.2579
Model_Proj.dat 7 2024 Cofl 38.4221
Model_Proj.dat 7 2024 CLCI 55.4992
Model_Proj.dat 7 2024 CUCI 57.2436
Model_Proj.dat 7 2024 CMedian 56.1332
Model_Proj.dat 7 2024 CMean 56.2325
Model_Proj.dat 7 2024 CStdn 0.592463
Model_Proj.dat 7 2025 Cabc 35.2579
Model_Proj.dat 7 2025 Cofl 38.4221
Model_Proj.dat 7 2025 CLCI 49.973
Model_Proj.dat 7 2025 CUCI 54.1031
Model_Proj.dat 7 2025 CMedian 51.4892
Model_Proj.dat 7 2025 CMean 51.7049
Model_Proj.dat 7 2025 CStdn 1.37611
Model_Proj.dat 7 2026 Cabc 35.2579
Model_Proj.dat 7 2026 Cofl 38.4221
Model_Proj.dat 7 2026 CLCI 45.0791
Model_Proj.dat 7 2026 CUCI 52.5217
Model_Proj.dat 7 2026 CMedian 47.9665
Model_Proj.dat 7 2026 CMean 48.2794
Model_Proj.dat 7 2026 CStdn 2.48095
Model_Proj.dat 7 2027 Cabc 35.2579
Model_Proj.dat 7 2027 Cofl 38.4221
Model_Proj.dat 7 2027 CLCI 40.3488
Model_Proj.dat 7 2027 CUCI 52.2161
Model_Proj.dat 7 2027 CMedian 45.1734
Model_Proj.dat 7 2027 CMean 45.5785
Model_Proj.dat 7 2027 CStdn 3.7463
Model_Proj.dat 7 2028 Cabc 35.2579
Model_Proj.dat 7 2028 Cofl 38.4221
Model_Proj.dat 7 2028 CLCI 33.583
Model_Proj.dat 7 2028 CUCI 51.6809
Model_Proj.dat 7 2028 CMedian 42.611
Model_Proj.dat 7 2028 CMean 42.4633
Model_Proj.dat 7 2028 CStdn 5.82727
Model_Proj.dat 7 2029 Cabc 35.2579
Model_Proj.dat 7 2029 Cofl 38.4221
Model_Proj.dat 7 2029 CLCI 29.4792
Model_Proj.dat 7 2029 CUCI 51.6539
Model_Proj.dat 7 2029 CMedian 39.7533
Model_Proj.dat 7 2029 CMean 40.0618
Model_Proj.dat 7 2029 CStdn 7.1049
Model_Proj.dat 7 2030 Cabc 35.2579
Model_Proj.dat 7 2030 Cofl 38.4221
Model_Proj.dat 7 2030 CLCI 26.8396
Model_Proj.dat 7 2030 CUCI 51.1547
Model_Proj.dat 7 2030 CMedian 38.1607
Model_Proj.dat 7 2030 CMean 38.6542
Model_Proj.dat 7 2030 CStdn 7.66023
Model_Proj.dat 7 2031 Cabc 35.2579
Model_Proj.dat 7 2031 Cofl 38.4221
Model_Proj.dat 7 2031 CLCI 25.6943
Model_Proj.dat 7 2031 CUCI 50.5506
Model_Proj.dat 7 2031 CMedian 37.3655
Model_Proj.dat 7 2031 CMean 37.9239
Model_Proj.dat 7 2031 CStdn 7.86283
Model_Proj.dat 7 2032 Cabc 35.2579
Model_Proj.dat 7 2032 Cofl 38.4221
Model_Proj.dat 7 2032 CLCI 25.0899
Model_Proj.dat 7 2032 CUCI 50.6489
Model_Proj.dat 7 2032 CMedian 37.0284
Model_Proj.dat 7 2032 CMean 37.5296
Model_Proj.dat 7 2032 CStdn 7.87563
Model_Proj.dat 7 2033 Cabc 35.2579
Model_Proj.dat 7 2033 Cofl 38.4221
Model_Proj.dat 7 2033 CLCI 25.2347
Model_Proj.dat 7 2033 CUCI 50.3453
Model_Proj.dat 7 2033 CMedian 36.8583
Model_Proj.dat 7 2033 CMean 37.3597
Model_Proj.dat 7 2033 CStdn 7.86427
Model_Proj.dat 7 2020 SSBF100 203.658
Model_Proj.dat 7 2020 SSBFabc 81.4632
Model_Proj.dat 7 2020 SSBFofl 71.2803
Model_Proj.dat 7 2020 SSBLCI 146.307
Model_Proj.dat 7 2020 SSBUCI 146.307
Model_Proj.dat 7 2020 SSBMedian 146.307
Model_Proj.dat 7 2020 SSBMean 146.307
Model_Proj.dat 7 2021 SSBF100 203.658
Model_Proj.dat 7 2021 SSBFabc 81.4632
Model_Proj.dat 7 2021 SSBFofl 71.2803
Model_Proj.dat 7 2021 SSBLCI 150.428
Model_Proj.dat 7 2021 SSBUCI 150.442
Model_Proj.dat 7 2021 SSBMedian 150.432
Model_Proj.dat 7 2021 SSBMean 150.433
Model_Proj.dat 7 2022 SSBF100 203.658
Model_Proj.dat 7 2022 SSBFabc 81.4632
Model_Proj.dat 7 2022 SSBFofl 71.2803
Model_Proj.dat 7 2022 SSBLCI 132.159
Model_Proj.dat 7 2022 SSBUCI 132.233
Model_Proj.dat 7 2022 SSBMedian 132.184
Model_Proj.dat 7 2022 SSBMean 132.188
Model_Proj.dat 7 2023 SSBF100 203.658
Model_Proj.dat 7 2023 SSBFabc 81.4632
Model_Proj.dat 7 2023 SSBFofl 71.2803
Model_Proj.dat 7 2023 SSBLCI 120.05
Model_Proj.dat 7 2023 SSBUCI 120.338
Model_Proj.dat 7 2023 SSBMedian 120.152
Model_Proj.dat 7 2023 SSBMean 120.168
Model_Proj.dat 7 2024 SSBF100 203.658
Model_Proj.dat 7 2024 SSBFabc 81.4632
Model_Proj.dat 7 2024 SSBFofl 71.2803
Model_Proj.dat 7 2024 SSBLCI 107.315
Model_Proj.dat 7 2024 SSBUCI 108.265
Model_Proj.dat 7 2024 SSBMedian 107.662
Model_Proj.dat 7 2024 SSBMean 107.715
Model_Proj.dat 7 2025 SSBF100 203.658
Model_Proj.dat 7 2025 SSBFabc 81.4632
Model_Proj.dat 7 2025 SSBFofl 71.2803
Model_Proj.dat 7 2025 SSBLCI 97.5672
Model_Proj.dat 7 2025 SSBUCI 100.297
Model_Proj.dat 7 2025 SSBMedian 98.5675
Model_Proj.dat 7 2025 SSBMean 98.7083
Model_Proj.dat 7 2026 SSBF100 203.658
Model_Proj.dat 7 2026 SSBFabc 81.4632
Model_Proj.dat 7 2026 SSBFofl 71.2803
Model_Proj.dat 7 2026 SSBLCI 89.001
Model_Proj.dat 7 2026 SSBUCI 95.8193
Model_Proj.dat 7 2026 SSBMedian 91.5117
Model_Proj.dat 7 2026 SSBMean 91.8566
Model_Proj.dat 7 2027 SSBF100 203.658
Model_Proj.dat 7 2027 SSBFabc 81.4632
Model_Proj.dat 7 2027 SSBFofl 71.2803
Model_Proj.dat 7 2027 SSBLCI 80.5391
Model_Proj.dat 7 2027 SSBUCI 94.4525
Model_Proj.dat 7 2027 SSBMedian 85.756
Model_Proj.dat 7 2027 SSBMean 86.4569
Model_Proj.dat 7 2028 SSBF100 203.658
Model_Proj.dat 7 2028 SSBFabc 81.4632
Model_Proj.dat 7 2028 SSBFofl 71.2803
Model_Proj.dat 7 2028 SSBLCI 72.5426
Model_Proj.dat 7 2028 SSBUCI 95.7811
Model_Proj.dat 7 2028 SSBMedian 81.2094
Model_Proj.dat 7 2028 SSBMean 82.2268
Model_Proj.dat 7 2029 SSBF100 203.658
Model_Proj.dat 7 2029 SSBFabc 81.4632
Model_Proj.dat 7 2029 SSBFofl 71.2803
Model_Proj.dat 7 2029 SSBLCI 67.467
Model_Proj.dat 7 2029 SSBUCI 96.0308
Model_Proj.dat 7 2029 SSBMedian 77.656
Model_Proj.dat 7 2029 SSBMean 79.4256
Model_Proj.dat 7 2030 SSBF100 203.658
Model_Proj.dat 7 2030 SSBFabc 81.4632
Model_Proj.dat 7 2030 SSBFofl 71.2803
Model_Proj.dat 7 2030 SSBLCI 64.088
Model_Proj.dat 7 2030 SSBUCI 96.5117
Model_Proj.dat 7 2030 SSBMedian 76.0807
Model_Proj.dat 7 2030 SSBMean 77.7799
Model_Proj.dat 7 2031 SSBF100 203.658
Model_Proj.dat 7 2031 SSBFabc 81.4632
Model_Proj.dat 7 2031 SSBFofl 71.2803
Model_Proj.dat 7 2031 SSBLCI 62.5943
Model_Proj.dat 7 2031 SSBUCI 95.85
Model_Proj.dat 7 2031 SSBMedian 75.2306
Model_Proj.dat 7 2031 SSBMean 76.8444
Model_Proj.dat 7 2032 SSBF100 203.658
Model_Proj.dat 7 2032 SSBFabc 81.4632
Model_Proj.dat 7 2032 SSBFofl 71.2803
Model_Proj.dat 7 2032 SSBLCI 61.4897
Model_Proj.dat 7 2032 SSBUCI 94.8692
Model_Proj.dat 7 2032 SSBMedian 75.0281
Model_Proj.dat 7 2032 SSBMean 76.323
Model_Proj.dat 7 2033 SSBF100 203.658
Model_Proj.dat 7 2033 SSBFabc 81.4632
Model_Proj.dat 7 2033 SSBFofl 71.2803
Model_Proj.dat 7 2033 SSBLCI 61.5179
Model_Proj.dat 7 2033 SSBUCI 94.3286
Model_Proj.dat 7 2033 SSBMedian 74.6883
Model_Proj.dat 7 2033 SSBMean 76.0458
Model_Proj.dat 7 2020 F0 0 
Model_Proj.dat 7 2020 Fabc 0.368177
Model_Proj.dat 7 2020 Fofl 0.455889
Model_Proj.dat 7 2020  F_LCI 0.0483308
Model_Proj.dat 7 2020  F_UCI 0.0483308
Model_Proj.dat 7 2020  F_Median 0.0483308
Model_Proj.dat 7 2020  F_Mean 0.0483308
Model_Proj.dat 7 2021 F0 0 
Model_Proj.dat 7 2021 Fabc 0.368177
Model_Proj.dat 7 2021 Fofl 0.455889
Model_Proj.dat 7 2021  F_LCI 0.368177
Model_Proj.dat 7 2021  F_UCI 0.368177
Model_Proj.dat 7 2021  F_Median 0.368177
Model_Proj.dat 7 2021  F_Mean 0.368177
Model_Proj.dat 7 2022 F0 0 
Model_Proj.dat 7 2022 Fabc 0.368177
Model_Proj.dat 7 2022 Fofl 0.455889
Model_Proj.dat 7 2022  F_LCI 0.368177
Model_Proj.dat 7 2022  F_UCI 0.368177
Model_Proj.dat 7 2022  F_Median 0.368177
Model_Proj.dat 7 2022  F_Mean 0.368177
Model_Proj.dat 7 2023 F0 0 
Model_Proj.dat 7 2023 Fabc 0.368177
Model_Proj.dat 7 2023 Fofl 0.455889
Model_Proj.dat 7 2023  F_LCI 0.455889
Model_Proj.dat 7 2023  F_UCI 0.455889
Model_Proj.dat 7 2023  F_Median 0.455889
Model_Proj.dat 7 2023  F_Mean 0.455889
Model_Proj.dat 7 2024 F0 0 
Model_Proj.dat 7 2024 Fabc 0.368177
Model_Proj.dat 7 2024 Fofl 0.455889
Model_Proj.dat 7 2024  F_LCI 0.455889
Model_Proj.dat 7 2024  F_UCI 0.455889
Model_Proj.dat 7 2024  F_Median 0.455889
Model_Proj.dat 7 2024  F_Mean 0.455889
Model_Proj.dat 7 2025 F0 0 
Model_Proj.dat 7 2025 Fabc 0.368177
Model_Proj.dat 7 2025 Fofl 0.455889
Model_Proj.dat 7 2025  F_LCI 0.455889
Model_Proj.dat 7 2025  F_UCI 0.455889
Model_Proj.dat 7 2025  F_Median 0.455889
Model_Proj.dat 7 2025  F_Mean 0.455889
Model_Proj.dat 7 2026 F0 0 
Model_Proj.dat 7 2026 Fabc 0.368177
Model_Proj.dat 7 2026 Fofl 0.455889
Model_Proj.dat 7 2026  F_LCI 0.455889
Model_Proj.dat 7 2026  F_UCI 0.455889
Model_Proj.dat 7 2026  F_Median 0.455889
Model_Proj.dat 7 2026  F_Mean 0.455889
Model_Proj.dat 7 2027 F0 0 
Model_Proj.dat 7 2027 Fabc 0.368177
Model_Proj.dat 7 2027 Fofl 0.455889
Model_Proj.dat 7 2027  F_LCI 0.450446
Model_Proj.dat 7 2027  F_UCI 0.455889
Model_Proj.dat 7 2027  F_Median 0.455889
Model_Proj.dat 7 2027  F_Mean 0.455281
Model_Proj.dat 7 2028 F0 0 
Model_Proj.dat 7 2028 Fabc 0.368177
Model_Proj.dat 7 2028 Fofl 0.455889
Model_Proj.dat 7 2028  F_LCI 0.40334
Model_Proj.dat 7 2028  F_UCI 0.455889
Model_Proj.dat 7 2028  F_Median 0.454395
Model_Proj.dat 7 2028  F_Mean 0.441389
Model_Proj.dat 7 2029 F0 0 
Model_Proj.dat 7 2029 Fabc 0.368177
Model_Proj.dat 7 2029 Fofl 0.455889
Model_Proj.dat 7 2029  F_LCI 0.373441
Model_Proj.dat 7 2029  F_UCI 0.455889
Model_Proj.dat 7 2029  F_Median 0.433462
Model_Proj.dat 7 2029  F_Mean 0.427101
Model_Proj.dat 7 2030 F0 0 
Model_Proj.dat 7 2030 Fabc 0.368177
Model_Proj.dat 7 2030 Fofl 0.455889
Model_Proj.dat 7 2030  F_LCI 0.353536
Model_Proj.dat 7 2030  F_UCI 0.455889
Model_Proj.dat 7 2030  F_Median 0.424183
Model_Proj.dat 7 2030  F_Mean 0.418573
Model_Proj.dat 7 2031 F0 0 
Model_Proj.dat 7 2031 Fabc 0.368177
Model_Proj.dat 7 2031 Fofl 0.455889
Model_Proj.dat 7 2031  F_LCI 0.344737
Model_Proj.dat 7 2031  F_UCI 0.455889
Model_Proj.dat 7 2031  F_Median 0.419175
Model_Proj.dat 7 2031  F_Mean 0.414581
Model_Proj.dat 7 2032 F0 0 
Model_Proj.dat 7 2032 Fabc 0.368177
Model_Proj.dat 7 2032 Fofl 0.455889
Model_Proj.dat 7 2032  F_LCI 0.338229
Model_Proj.dat 7 2032  F_UCI 0.455889
Model_Proj.dat 7 2032  F_Median 0.417982
Model_Proj.dat 7 2032  F_Mean 0.41246
Model_Proj.dat 7 2033 F0 0 
Model_Proj.dat 7 2033 Fabc 0.368177
Model_Proj.dat 7 2033 Fofl 0.455889
Model_Proj.dat 7 2033  F_LCI 0.338396
Model_Proj.dat 7 2033  F_UCI 0.455889
Model_Proj.dat 7 2033  F_Median 0.41598
Model_Proj.dat 7 2033  F_Mean 0.411774
