
SB0 SB40 SB35 MeanRec HarMeanRec Bnow
212.06 84.824 74.221 496.998 398.154 154.355 
CV Recruit
0.498252 
Alternative 1 Alternative  Stock: BSAI_flats
Catch BSAI_flats
Year C0 Cabc Cofl LowCI_Catch Median_Catch Mean_Catch UpperCI_Catch Stdev_Catch 
2018  0 38.5606 42.1726 11.305 11.305 11.305 11.305 1.66978e-13 
2019  0 38.5606 42.1726 66.6211 66.6239 66.6245 66.63 0.00296326 
2020  0 38.5606 42.1726 59.5867 59.6159 59.6215 59.6759 0.0296429 
2021  0 38.5606 42.1726 55.5969 55.756 55.7833 56.0643 0.157328 
2022  0 38.5606 42.1726 53.0402 53.5994 53.6865 54.5881 0.527061 
2023  0 38.5606 42.1726 50.5955 51.9566 52.1558 54.315 1.24566 
2024  0 38.5606 42.1726 47.6116 50.2301 50.5167 54.4227 2.26613 
2025  0 38.5606 42.1726 44.2079 48.1754 48.6003 54.71 3.38466 
2026  0 38.5606 42.1726 40.7417 45.9346 46.5884 54.0707 4.37292 
2027  0 38.5606 42.1726 37.4602 44.0952 44.6599 53.5826 5.12498 
2028  0 38.5606 42.1726 32.7283 42.3541 42.7486 52.8657 5.9754 
2029  0 38.5606 42.1726 29.3632 41.1871 41.0565 51.5874 6.68312 
2030  0 38.5606 42.1726 27.7258 40.0943 39.8212 50.9235 7.03857 
2031  0 38.5606 42.1726 27.3032 39.2345 39.0071 50.4163 7.15144 

Spawning_Biomass BSAI_flats
Year SSB100 SSBabc SSBofl LowCI_SSB Median_SSB Mean_SSB UpperCI_SSB Stdev_SSB 
2018 212.06 84.824 74.221 154.355 154.355 154.355 154.355 3.35376e-12 
2019 212.06 84.824 74.221 153.197 153.202 153.203 153.213 0.00519058 
2020 212.06 84.824 74.221 131.627 131.653 131.658 131.705 0.0264876 
2021 212.06 84.824 74.221 120.714 120.821 120.838 121.015 0.102425 
2022 212.06 84.824 74.221 116.001 116.362 116.417 116.993 0.336452 
2023 212.06 84.824 74.221 113.996 115.038 115.186 116.834 0.962811 
2024 212.06 84.824 74.221 111.301 113.956 114.318 118.435 2.39141 
2025 212.06 84.824 74.221 105.176 110.748 111.465 119.961 4.94617 
2026 212.06 84.824 74.221 96.1125 105.746 106.764 121.356 8.19415 
2027 212.06 84.824 74.221 87.1493 99.9042 101.6 120.591 11.0113 
2028 212.06 84.824 74.221 79.6656 95.4527 97.0429 119.217 12.7632 
2029 212.06 84.824 74.221 74.6961 91.8453 93.5346 117.38 13.5005 
2030 212.06 84.824 74.221 72.0815 89.4473 91.0655 114.534 13.5918 
2031 212.06 84.824 74.221 70.863 87.7049 89.4473 113.956 13.383 

Fishing_mortalityBSAI_flats
Year F0 Fabc Fofl LowCI_F Median_F Mean_F UpperCI_F Stdev_F 
2018  0 0.380297 0.472195 0.0603301 0.0603301 0.0603301 0.0603301 6.45317e-16 
2019  0 0.380297 0.472195 0.380297 0.380297 0.380297 0.380297 1.11022e-15 
2020  0 0.380297 0.472195 0.380297 0.380297 0.380297 0.380297 1.11022e-15 
2021  0 0.380297 0.472195 0.380297 0.380297 0.380297 0.380297 1.11022e-15 
2022  0 0.380297 0.472195 0.380297 0.380297 0.380297 0.380297 1.11022e-15 
2023  0 0.380297 0.472195 0.380297 0.380297 0.380297 0.380297 1.11022e-15 
2024  0 0.380297 0.472195 0.380297 0.380297 0.380297 0.380297 1.11022e-15 
2025  0 0.380297 0.472195 0.380297 0.380297 0.380297 0.380297 1.11022e-15 
2026  0 0.380297 0.472195 0.380297 0.380297 0.380297 0.380297 1.11022e-15 
2027  0 0.380297 0.472195 0.380297 0.380297 0.380155 0.380297 0.00146279 
2028  0 0.380297 0.472195 0.355953 0.380297 0.377178 0.380297 0.00912047 
2029  0 0.380297 0.472195 0.3325 0.380297 0.372323 0.380297 0.0166708 
2030  0 0.380297 0.472195 0.320161 0.380297 0.368362 0.380297 0.0214228 
2031  0 0.380297 0.472195 0.314411 0.380297 0.365822 0.380297 0.0236048 

Total_BiomassBSAI_flats
Year B100 Babc Bofl LowCI_Biom Median_Biom Mean_Biom UpperCI_Biom Stdev_Biom 
2018 1391.42 466.448 444.529 652.825 652.825 652.825 652.825 1.61435e-11 
2019 1391.42 466.448 444.529 662.545 671.745 673.718 691.643 9.65168 
2020 1391.42 466.448 444.529 614.328 636.197 639.389 673.589 20.3512 
2021 1391.42 466.448 444.529 569.969 606.724 611.193 666.278 31.7356 
2022 1391.42 466.448 444.529 531.334 580.46 586.212 657.761 42.1835 
2023 1391.42 466.448 444.529 493.568 556.808 563.13 651.399 51.1678 
2024 1391.42 466.448 444.529 458.934 535.529 541.996 645.826 57.976 
2025 1391.42 466.448 444.529 431.847 516.183 523.314 634.54 62.7687 
2026 1391.42 466.448 444.529 409.609 501.779 507.643 619.958 65.5395 
2027 1391.42 466.448 444.529 398.44 488.81 495.498 615.874 67.0696 
2028 1391.42 466.448 444.529 388.434 477.588 486.066 608.144 68.2977 
2029 1391.42 466.448 444.529 378.651 471.826 479.163 602.335 68.3715 
2030 1391.42 466.448 444.529 376.079 466.488 473.887 592.969 67.8391 
2031 1391.42 466.448 444.529 369.085 464.527 470.207 589.92 67.1692 
Alternative 2 Alternative  Stock: BSAI_flats
Catch BSAI_flats
Year C0 Cabc Cofl LowCI_Catch Median_Catch Mean_Catch UpperCI_Catch Stdev_Catch 
2018  0 38.5606 42.1726 11.305 11.305 11.305 11.305 1.66978e-13 
2019  0 38.5606 42.1726 66.6211 66.6239 66.6245 66.63 0.00296326 
2020  0 38.5606 42.1726 59.5867 59.6159 59.6215 59.6759 0.0296429 
2021  0 38.5606 42.1726 55.5969 55.756 55.7833 56.0643 0.157328 
2022  0 38.5606 42.1726 53.0402 53.5994 53.6865 54.5881 0.527061 
2023  0 38.5606 42.1726 50.5955 51.9566 52.1558 54.315 1.24566 
2024  0 38.5606 42.1726 47.6116 50.2301 50.5167 54.4227 2.26613 
2025  0 38.5606 42.1726 44.2079 48.1754 48.6003 54.71 3.38466 
2026  0 38.5606 42.1726 40.7417 45.9346 46.5884 54.0707 4.37292 
2027  0 38.5606 42.1726 37.4602 44.0952 44.6599 53.5826 5.12498 
2028  0 38.5606 42.1726 32.7283 42.3541 42.7486 52.8657 5.9754 
2029  0 38.5606 42.1726 29.3632 41.1871 41.0565 51.5874 6.68312 
2030  0 38.5606 42.1726 27.7258 40.0943 39.8212 50.9235 7.03857 
2031  0 38.5606 42.1726 27.3032 39.2345 39.0071 50.4163 7.15144 

Spawning_Biomass BSAI_flats
Year SSB100 SSBabc SSBofl LowCI_SSB Median_SSB Mean_SSB UpperCI_SSB Stdev_SSB 
2018 212.06 84.824 74.221 154.355 154.355 154.355 154.355 3.35376e-12 
2019 212.06 84.824 74.221 153.197 153.202 153.203 153.213 0.00519058 
2020 212.06 84.824 74.221 131.627 131.653 131.658 131.705 0.0264876 
2021 212.06 84.824 74.221 120.714 120.821 120.838 121.015 0.102425 
2022 212.06 84.824 74.221 116.001 116.362 116.417 116.993 0.336452 
2023 212.06 84.824 74.221 113.996 115.038 115.186 116.834 0.962811 
2024 212.06 84.824 74.221 111.301 113.956 114.318 118.435 2.39141 
2025 212.06 84.824 74.221 105.176 110.748 111.465 119.961 4.94617 
2026 212.06 84.824 74.221 96.1125 105.746 106.764 121.356 8.19415 
2027 212.06 84.824 74.221 87.1493 99.9042 101.6 120.591 11.0113 
2028 212.06 84.824 74.221 79.6656 95.4527 97.0429 119.217 12.7632 
2029 212.06 84.824 74.221 74.6961 91.8453 93.5346 117.38 13.5005 
2030 212.06 84.824 74.221 72.0815 89.4473 91.0655 114.534 13.5918 
2031 212.06 84.824 74.221 70.863 87.7049 89.4473 113.956 13.383 

Fishing_mortalityBSAI_flats
Year F0 Fabc Fofl LowCI_F Median_F Mean_F UpperCI_F Stdev_F 
2018  0 0.380297 0.472195 0.0603301 0.0603301 0.0603301 0.0603301 6.45317e-16 
2019  0 0.380297 0.472195 0.380297 0.380297 0.380297 0.380297 1.11022e-15 
2020  0 0.380297 0.472195 0.380297 0.380297 0.380297 0.380297 1.11022e-15 
2021  0 0.380297 0.472195 0.380297 0.380297 0.380297 0.380297 1.11022e-15 
2022  0 0.380297 0.472195 0.380297 0.380297 0.380297 0.380297 1.11022e-15 
2023  0 0.380297 0.472195 0.380297 0.380297 0.380297 0.380297 1.11022e-15 
2024  0 0.380297 0.472195 0.380297 0.380297 0.380297 0.380297 1.11022e-15 
2025  0 0.380297 0.472195 0.380297 0.380297 0.380297 0.380297 1.11022e-15 
2026  0 0.380297 0.472195 0.380297 0.380297 0.380297 0.380297 1.11022e-15 
2027  0 0.380297 0.472195 0.380297 0.380297 0.380155 0.380297 0.00146279 
2028  0 0.380297 0.472195 0.355953 0.380297 0.377178 0.380297 0.00912047 
2029  0 0.380297 0.472195 0.3325 0.380297 0.372323 0.380297 0.0166708 
2030  0 0.380297 0.472195 0.320161 0.380297 0.368362 0.380297 0.0214228 
2031  0 0.380297 0.472195 0.314411 0.380297 0.365822 0.380297 0.0236048 

Total_BiomassBSAI_flats
Year B100 Babc Bofl LowCI_Biom Median_Biom Mean_Biom UpperCI_Biom Stdev_Biom 
2018 1391.42 466.448 444.529 652.825 652.825 652.825 652.825 1.61435e-11 
2019 1391.42 466.448 444.529 662.545 671.745 673.718 691.643 9.65168 
2020 1391.42 466.448 444.529 614.328 636.197 639.389 673.589 20.3512 
2021 1391.42 466.448 444.529 569.969 606.724 611.193 666.278 31.7356 
2022 1391.42 466.448 444.529 531.334 580.46 586.212 657.761 42.1835 
2023 1391.42 466.448 444.529 493.568 556.808 563.13 651.399 51.1678 
2024 1391.42 466.448 444.529 458.934 535.529 541.996 645.826 57.976 
2025 1391.42 466.448 444.529 431.847 516.183 523.314 634.54 62.7687 
2026 1391.42 466.448 444.529 409.609 501.779 507.643 619.958 65.5395 
2027 1391.42 466.448 444.529 398.44 488.81 495.498 615.874 67.0696 
2028 1391.42 466.448 444.529 388.434 477.588 486.066 608.144 68.2977 
2029 1391.42 466.448 444.529 378.651 471.826 479.163 602.335 68.3715 
2030 1391.42 466.448 444.529 376.079 466.488 473.887 592.969 67.8391 
2031 1391.42 466.448 444.529 369.085 464.527 470.207 589.92 67.1692 
Alternative 3 Alternative  Stock: BSAI_flats
Catch BSAI_flats
Year C0 Cabc Cofl LowCI_Catch Median_Catch Mean_Catch UpperCI_Catch Stdev_Catch 
2018  0 38.5606 42.1726 11.305 11.305 11.305 11.305 1.66978e-13 
2019  0 38.5606 42.1726 11.362 11.3624 11.3625 11.3634 0.00046675 
2020  0 38.5606 42.1726 11.6846 11.6892 11.6901 11.6986 0.00467289 
2021  0 38.5606 42.1726 12.1311 12.1562 12.1606 12.205 0.0248808 
2022  0 38.5606 42.1726 12.5791 12.6683 12.6822 12.8262 0.0840891 
2023  0 38.5606 42.1726 12.895 13.1157 13.1486 13.4956 0.202356 
2024  0 38.5606 42.1726 12.9988 13.4324 13.4844 14.1476 0.379451 
2025  0 38.5606 42.1726 12.8878 13.5804 13.6592 14.7444 0.592049 
2026  0 38.5606 42.1726 12.6532 13.5981 13.7169 15.1006 0.808366 
2027  0 38.5606 42.1726 12.3178 13.5445 13.6741 15.4729 1.00326 
2028  0 38.5606 42.1726 11.9065 13.4431 13.5652 15.6696 1.16338 
2029  0 38.5606 42.1726 11.5404 13.2843 13.4269 15.7052 1.28531 
2030  0 38.5606 42.1726 11.2424 13.1345 13.2761 15.6762 1.37279 
2031  0 38.5606 42.1726 11.0234 12.9857 13.1252 15.6916 1.43389 

Spawning_Biomass BSAI_flats
Year SSB100 SSBabc SSBofl LowCI_SSB Median_SSB Mean_SSB UpperCI_SSB Stdev_SSB 
2018 212.06 84.824 74.221 154.355 154.355 154.355 154.355 3.35376e-12 
2019 212.06 84.824 74.221 153.197 153.202 153.203 153.213 0.00519058 
2020 212.06 84.824 74.221 155.702 155.729 155.734 155.781 0.0264908 
2021 212.06 84.824 74.221 162.136 162.244 162.261 162.438 0.102501 
2022 212.06 84.824 74.221 170.752 171.114 171.17 171.747 0.337531 
2023 212.06 84.824 74.221 179.59 180.643 180.793 182.46 0.973349 
2024 212.06 84.824 74.221 186.047 188.783 189.155 193.408 2.46382 
2025 212.06 84.824 74.221 187.224 193.149 193.949 203.132 5.28529 
2026 212.06 84.824 74.221 183.284 194.073 195.257 211.265 9.25317 
2027 212.06 84.824 74.221 176.867 192.23 194.129 217.614 13.302 
2028 212.06 84.824 74.221 169.67 189.629 191.841 220.355 16.5392 
2029 212.06 84.824 74.221 162.365 187.308 189.22 222.431 18.8192 
2030 212.06 84.824 74.221 156.506 184.359 186.547 222.529 20.344 
2031 212.06 84.824 74.221 152.792 182.263 184.012 221.287 21.3081 

Fishing_mortalityBSAI_flats
Year F0 Fabc Fofl LowCI_F Median_F Mean_F UpperCI_F Stdev_F 
2018  0 0.380297 0.472195 0.0603301 0.0603301 0.0603301 0.0603301 6.45317e-16 
2019  0 0.380297 0.472195 0.0598946 0.0598946 0.0598946 0.0598946 1.94289e-16 
2020  0 0.380297 0.472195 0.0598946 0.0598946 0.0598946 0.0598946 1.94289e-16 
2021  0 0.380297 0.472195 0.0598946 0.0598946 0.0598946 0.0598946 1.94289e-16 
2022  0 0.380297 0.472195 0.0598946 0.0598946 0.0598946 0.0598946 1.94289e-16 
2023  0 0.380297 0.472195 0.0598946 0.0598946 0.0598946 0.0598946 1.94289e-16 
2024  0 0.380297 0.472195 0.0598946 0.0598946 0.0598946 0.0598946 1.94289e-16 
2025  0 0.380297 0.472195 0.0598946 0.0598946 0.0598946 0.0598946 1.94289e-16 
2026  0 0.380297 0.472195 0.0598946 0.0598946 0.0598946 0.0598946 1.94289e-16 
2027  0 0.380297 0.472195 0.0598946 0.0598946 0.0598946 0.0598946 1.94289e-16 
2028  0 0.380297 0.472195 0.0598946 0.0598946 0.0598946 0.0598946 1.94289e-16 
2029  0 0.380297 0.472195 0.0598946 0.0598946 0.0598946 0.0598946 1.94289e-16 
2030  0 0.380297 0.472195 0.0598946 0.0598946 0.0598946 0.0598946 1.94289e-16 
2031  0 0.380297 0.472195 0.0598946 0.0598946 0.0598946 0.0598946 1.94289e-16 

Total_BiomassBSAI_flats
Year B100 Babc Bofl LowCI_Biom Median_Biom Mean_Biom UpperCI_Biom Stdev_Biom 
2018 1391.42 466.448 444.529 652.825 652.825 652.825 652.825 1.61435e-11 
2019 1391.42 466.448 444.529 662.545 671.745 673.718 691.643 9.65168 
2020 1391.42 466.448 444.529 662.747 684.621 687.813 722.021 20.3548 
2021 1391.42 466.448 444.529 654.315 691.085 695.566 750.727 31.7674 
2022 1391.42 466.448 444.529 643.094 692.211 698.137 770.098 42.3349 
2023 1391.42 466.448 444.529 626.556 690.336 696.639 785.787 51.6533 
2024 1391.42 466.448 444.529 607.459 685.372 692.308 799.842 59.1368 
2025 1391.42 466.448 444.529 591.755 679.495 686.121 800.429 65.0072 
2026 1391.42 466.448 444.529 576.058 671.984 679.376 800.398 69.1525 
2027 1391.42 466.448 444.529 567.568 667.217 672.891 801.207 72.1406 
2028 1391.42 466.448 444.529 559.198 658.247 666.427 801.549 74.7135 
2029 1391.42 466.448 444.529 549.1 654.232 660.348 794.395 76.1265 
2030 1391.42 466.448 444.529 539.358 648.664 654.221 789.632 76.7943 
2031 1391.42 466.448 444.529 533.181 643.965 648.666 782.768 77.0291 
Alternative 4 Alternative  Stock: BSAI_flats
Catch BSAI_flats
Year C0 Cabc Cofl LowCI_Catch Median_Catch Mean_Catch UpperCI_Catch Stdev_Catch 
2018  0 38.5606 42.1726 11.305 11.305 11.305 11.305 1.66978e-13 
2019  0 38.5606 42.1726 15.5459 15.5466 15.5467 15.5479 0.000642296 
2020  0 38.5606 42.1726 15.8245 15.8308 15.832 15.8438 0.00643001 
2021  0 38.5606 42.1726 16.2916 16.3262 16.3321 16.3932 0.0342288 
2022  0 38.5606 42.1726 16.7739 16.8966 16.9157 17.1137 0.115611 
2023  0 38.5606 42.1726 17.0852 17.3884 17.4334 17.9097 0.277856 
2024  0 38.5606 42.1726 17.1161 17.7109 17.7814 18.6891 0.519903 
2025  0 38.5606 42.1726 16.868 17.8151 17.9207 19.4007 0.808638 
2026  0 38.5606 42.1726 16.4591 17.7459 17.9101 19.7855 1.09959 
2027  0 38.5606 42.1726 15.9384 17.5995 17.7763 20.2234 1.35823 
2028  0 38.5606 42.1726 15.3294 17.3971 17.5673 20.3999 1.56701 
2029  0 38.5606 42.1726 14.8097 17.139 17.3318 20.3812 1.72247 
2030  0 38.5606 42.1726 14.3719 16.9219 17.0923 20.2901 1.83101 
2031  0 38.5606 42.1726 14.0753 16.6816 16.8645 20.2963 1.90469 

Spawning_Biomass BSAI_flats
Year SSB100 SSBabc SSBofl LowCI_SSB Median_SSB Mean_SSB UpperCI_SSB Stdev_SSB 
2018 212.06 84.824 74.221 154.355 154.355 154.355 154.355 3.35376e-12 
2019 212.06 84.824 74.221 153.197 153.202 153.203 153.213 0.00519058 
2020 212.06 84.824 74.221 153.839 153.866 153.87 153.917 0.0264906 
2021 212.06 84.824 74.221 158.65 158.758 158.774 158.952 0.102496 
2022 212.06 84.824 74.221 165.806 166.168 166.223 166.8 0.337455 
2023 212.06 84.824 74.221 173.306 174.358 174.508 176.173 0.972604 
2024 212.06 84.824 74.221 178.529 181.26 181.631 185.874 2.45865 
2025 212.06 84.824 74.221 178.618 184.526 185.312 194.453 5.26058 
2026 212.06 84.824 74.221 173.762 184.476 185.635 201.582 9.17347 
2027 212.06 84.824 74.221 166.655 181.805 183.7 206.796 13.1221 
2028 212.06 84.824 74.221 158.978 178.657 180.784 208.583 16.2282 
2029 212.06 84.824 74.221 151.538 175.823 177.69 209.982 18.3691 
2030 212.06 84.824 74.221 145.359 172.448 174.685 209.006 19.7633 
2031 212.06 84.824 74.221 141.47 170 171.941 207.967 20.6134 

Fishing_mortalityBSAI_flats
Year F0 Fabc Fofl LowCI_F Median_F Mean_F UpperCI_F Stdev_F 
2018  0 0.380297 0.472195 0.0603301 0.0603301 0.0603301 0.0603301 6.45317e-16 
2019  0 0.380297 0.472195 0.0824217 0.0824217 0.0824217 0.0824217 1.20737e-15 
2020  0 0.380297 0.472195 0.0824217 0.0824217 0.0824217 0.0824217 1.20737e-15 
2021  0 0.380297 0.472195 0.0824217 0.0824217 0.0824217 0.0824217 1.20737e-15 
2022  0 0.380297 0.472195 0.0824217 0.0824217 0.0824217 0.0824217 1.20737e-15 
2023  0 0.380297 0.472195 0.0824217 0.0824217 0.0824217 0.0824217 1.20737e-15 
2024  0 0.380297 0.472195 0.0824217 0.0824217 0.0824217 0.0824217 1.20737e-15 
2025  0 0.380297 0.472195 0.0824217 0.0824217 0.0824217 0.0824217 1.20737e-15 
2026  0 0.380297 0.472195 0.0824217 0.0824217 0.0824217 0.0824217 1.20737e-15 
2027  0 0.380297 0.472195 0.0824217 0.0824217 0.0824217 0.0824217 1.20737e-15 
2028  0 0.380297 0.472195 0.0824217 0.0824217 0.0824217 0.0824217 1.20737e-15 
2029  0 0.380297 0.472195 0.0824217 0.0824217 0.0824217 0.0824217 1.20737e-15 
2030  0 0.380297 0.472195 0.0824217 0.0824217 0.0824217 0.0824217 1.20737e-15 
2031  0 0.380297 0.472195 0.0824217 0.0824217 0.0824217 0.0824217 1.20737e-15 

Total_BiomassBSAI_flats
Year B100 Babc Bofl LowCI_Biom Median_Biom Mean_Biom UpperCI_Biom Stdev_Biom 
2018 1391.42 466.448 444.529 652.825 652.825 652.825 652.825 1.61435e-11 
2019 1391.42 466.448 444.529 662.545 671.745 673.718 691.643 9.65168 
2020 1391.42 466.448 444.529 659.073 680.947 684.139 718.346 20.3545 
2021 1391.42 466.448 444.529 647.472 684.242 688.721 743.877 31.7652 
2022 1391.42 466.448 444.529 633.494 682.602 688.515 760.447 42.3242 
2023 1391.42 466.448 444.529 614.517 678.289 684.569 773.655 51.6187 
2024 1391.42 466.448 444.529 593.38 671.156 678.1 785.358 59.0529 
2025 1391.42 466.448 444.529 575.999 663.442 670.102 783.989 64.8414 
2026 1391.42 466.448 444.529 559.036 654.566 661.836 781.586 68.8754 
2027 1391.42 466.448 444.529 549 648.778 654.132 781.88 71.7343 
2028 1391.42 466.448 444.529 539.991 638.982 646.737 780.719 74.1747 
2029 1391.42 466.448 444.529 528.883 633.512 639.968 772.62 75.46 
2030 1391.42 466.448 444.529 519.744 627.73 633.364 767.141 76.0168 
2031 1391.42 466.448 444.529 513.446 622.504 627.511 761.804 76.163 
Alternative 5 Alternative  Stock: BSAI_flats
Catch BSAI_flats
Year C0 Cabc Cofl LowCI_Catch Median_Catch Mean_Catch UpperCI_Catch Stdev_Catch 
2018  0 38.5606 42.1726 11.305 11.305 11.305 11.305 1.66978e-13 
2019  0 38.5606 42.1726 0 0 0 0 0 
2020  0 38.5606 42.1726 0 0 0 0 0 
2021  0 38.5606 42.1726 0 0 0 0 0 
2022  0 38.5606 42.1726 0 0 0 0 0 
2023  0 38.5606 42.1726 0 0 0 0 0 
2024  0 38.5606 42.1726 0 0 0 0 0 
2025  0 38.5606 42.1726 0 0 0 0 0 
2026  0 38.5606 42.1726 0 0 0 0 0 
2027  0 38.5606 42.1726 0 0 0 0 0 
2028  0 38.5606 42.1726 0 0 0 0 0 
2029  0 38.5606 42.1726 0 0 0 0 0 
2030  0 38.5606 42.1726 0 0 0 0 0 
2031  0 38.5606 42.1726 0 0 0 0 0 

Spawning_Biomass BSAI_flats
Year SSB100 SSBabc SSBofl LowCI_SSB Median_SSB Mean_SSB UpperCI_SSB Stdev_SSB 
2018 212.06 84.824 74.221 154.355 154.355 154.355 154.355 3.35376e-12 
2019 212.06 84.824 74.221 153.197 153.202 153.203 153.213 0.00519058 
2020 212.06 84.824 74.221 160.794 160.821 160.825 160.872 0.0264914 
2021 212.06 84.824 74.221 171.908 172.016 172.032 172.21 0.102515 
2022 212.06 84.824 74.221 184.939 185.302 185.357 185.935 0.337734 
2023 212.06 84.824 74.221 197.997 199.052 199.203 200.873 0.975334 
2024 212.06 84.824 74.221 208.483 211.233 211.609 215.887 2.47763 
2025 212.06 84.824 74.221 213.359 219.356 220.166 229.452 5.35168 
2026 212.06 84.824 74.221 212.704 223.718 224.941 241.234 9.46916 
2027 212.06 84.824 74.221 208.991 224.972 226.822 251.374 13.7954 
2028 212.06 84.824 74.221 203.869 224.694 227.044 257.1 17.4056 
2029 212.06 84.824 74.221 198.113 224.429 226.499 262.278 20.0946 
2030 212.06 84.824 74.221 193.235 222.475 225.463 264.738 22.0206 
2031 212.06 84.824 74.221 189.779 222.132 224.162 264.946 23.3518 

Fishing_mortalityBSAI_flats
Year F0 Fabc Fofl LowCI_F Median_F Mean_F UpperCI_F Stdev_F 
2018  0 0.380297 0.472195 0.0603301 0.0603301 0.0603301 0.0603301 6.45317e-16 
2019  0 0.380297 0.472195 0 0 0 0 0 
2020  0 0.380297 0.472195 0 0 0 0 0 
2021  0 0.380297 0.472195 0 0 0 0 0 
2022  0 0.380297 0.472195 0 0 0 0 0 
2023  0 0.380297 0.472195 0 0 0 0 0 
2024  0 0.380297 0.472195 0 0 0 0 0 
2025  0 0.380297 0.472195 0 0 0 0 0 
2026  0 0.380297 0.472195 0 0 0 0 0 
2027  0 0.380297 0.472195 0 0 0 0 0 
2028  0 0.380297 0.472195 0 0 0 0 0 
2029  0 0.380297 0.472195 0 0 0 0 0 
2030  0 0.380297 0.472195 0 0 0 0 0 
2031  0 0.380297 0.472195 0 0 0 0 0 

Total_BiomassBSAI_flats
Year B100 Babc Bofl LowCI_Biom Median_Biom Mean_Biom UpperCI_Biom Stdev_Biom 
2018 1391.42 466.448 444.529 652.825 652.825 652.825 652.825 1.61435e-11 
2019 1391.42 466.448 444.529 662.545 671.745 673.718 691.643 9.65168 
2020 1391.42 466.448 444.529 672.729 694.605 697.796 732.006 20.3555 
2021 1391.42 466.448 444.529 673.29 710.063 714.546 769.722 31.7734 
2022 1391.42 466.448 444.529 670.23 719.369 725.328 797.367 42.3633 
2023 1391.42 466.448 444.529 661.194 725.045 731.358 820.673 51.7454 
2024 1391.42 466.448 444.529 648.669 727.058 733.862 842.136 59.3615 
2025 1391.42 466.448 444.529 638.644 726.909 733.715 849.152 65.4546 
2026 1391.42 466.448 444.529 628.079 724.43 732.292 854.556 69.9078 
2027 1391.42 466.448 444.529 622.723 724.116 730.325 861.077 73.2628 
2028 1391.42 466.448 444.529 617.948 719.418 727.581 866.353 76.2252 
2029 1391.42 466.448 444.529 612.307 718.259 724.522 865.024 78.0284 
2030 1391.42 466.448 444.529 602.204 714.76 720.749 859.647 79.0529 
2031 1391.42 466.448 444.529 597.036 711.639 716.954 853.231 79.5901 
Alternative 6 Alternative  Stock: BSAI_flats
Catch BSAI_flats
Year C0 Cabc Cofl LowCI_Catch Median_Catch Mean_Catch UpperCI_Catch Stdev_Catch 
2018  0 38.5606 42.1726 11.305 11.305 11.305 11.305 1.66978e-13 
2019  0 38.5606 42.1726 80.9136 80.9171 80.9178 80.9247 0.0036792 
2020  0 38.5606 42.1726 69.6966 69.7327 69.7397 69.8072 0.0367964 
2021  0 38.5606 42.1726 63.3777 63.575 63.6088 63.9573 0.195115 
2022  0 38.5606 42.1726 59.4058 60.0972 60.2055 61.3204 0.652009 
2023  0 38.5606 42.1726 55.8659 57.5391 57.7867 60.4555 1.53307 
2024  0 38.5606 42.1726 51.8602 55.0674 55.4053 60.152 2.76535 
2025  0 38.5606 42.1726 47.5597 52.3137 52.8353 60.1528 4.08077 
2026  0 38.5606 42.1726 42.594 49.5424 50.1825 59.2598 5.35628 
2027  0 38.5606 42.1726 35.441 47.1145 46.8768 58.5236 7.21714 
2028  0 38.5606 42.1726 30.7941 44.414 44.1249 57.352 8.28671 
2029  0 38.5606 42.1726 28.6664 42.0875 42.3348 56.0642 8.66353 
2030  0 38.5606 42.1726 27.5037 40.8293 41.2828 55.7112 8.71308 
2031  0 38.5606 42.1726 27.4401 40.0754 40.7503 55.0537 8.69196 

Spawning_Biomass BSAI_flats
Year SSB100 SSBabc SSBofl LowCI_SSB Median_SSB Mean_SSB UpperCI_SSB Stdev_SSB 
2018 212.06 84.824 74.221 154.355 154.355 154.355 154.355 3.35376e-12 
2019 212.06 84.824 74.221 153.197 153.202 153.203 153.213 0.00519058 
2020 212.06 84.824 74.221 125.6 125.627 125.631 125.678 0.0264866 
2021 212.06 84.824 74.221 111.543 111.65 111.667 111.845 0.102403 
2022 212.06 84.824 74.221 105.081 105.441 105.497 106.072 0.336144 
2023 212.06 84.824 74.221 101.981 103.021 103.167 104.81 0.959812 
2024 212.06 84.824 74.221 98.5118 101.144 101.501 105.58 2.3711 
2025 212.06 84.824 74.221 91.9281 97.3631 98.0986 106.479 4.85369 
2026 212.06 84.824 74.221 82.8539 92.1247 93.1556 107.446 7.91822 
2027 212.06 84.824 74.221 74.6493 86.5024 88.1277 106.109 10.3916 
2028 212.06 84.824 74.221 69.1939 82.3608 84.3129 104.868 11.4289 
2029 212.06 84.824 74.221 66.3035 79.9239 81.8327 102.265 11.5185 
2030 212.06 84.824 74.221 64.4906 78.6516 80.3468 100.208 11.2594 
2031 212.06 84.824 74.221 64.135 78.0533 79.546 99.5749 10.9561 

Fishing_mortalityBSAI_flats
Year F0 Fabc Fofl LowCI_F Median_F Mean_F UpperCI_F Stdev_F 
2018  0 0.380297 0.472195 0.0603301 0.0603301 0.0603301 0.0603301 6.45317e-16 
2019  0 0.380297 0.472195 0.472195 0.472195 0.472195 0.472195 1.06026e-14 
2020  0 0.380297 0.472195 0.472195 0.472195 0.472195 0.472195 1.06026e-14 
2021  0 0.380297 0.472195 0.472195 0.472195 0.472195 0.472195 1.06026e-14 
2022  0 0.380297 0.472195 0.472195 0.472195 0.472195 0.472195 1.06026e-14 
2023  0 0.380297 0.472195 0.472195 0.472195 0.472195 0.472195 1.06026e-14 
2024  0 0.380297 0.472195 0.472195 0.472195 0.472195 0.472195 1.06026e-14 
2025  0 0.380297 0.472195 0.472195 0.472195 0.472195 0.472195 1.06026e-14 
2026  0 0.380297 0.472195 0.460651 0.472195 0.470914 0.472195 0.00453086 
2027  0 0.380297 0.472195 0.412574 0.472195 0.458125 0.472195 0.0211883 
2028  0 0.380297 0.472195 0.380607 0.457762 0.444366 0.472195 0.0323898 
2029  0 0.380297 0.472195 0.36367 0.443482 0.435128 0.472195 0.0382475 
2030  0 0.380297 0.472195 0.353047 0.436027 0.429765 0.472195 0.0408602 
2031  0 0.380297 0.472195 0.350963 0.432521 0.427287 0.472195 0.0418689 

Total_BiomassBSAI_flats
Year B100 Babc Bofl LowCI_Biom Median_Biom Mean_Biom UpperCI_Biom Stdev_Biom 
2018 1391.42 466.448 444.529 652.825 652.825 652.825 652.825 1.61435e-11 
2019 1391.42 466.448 444.529 662.545 671.745 673.718 691.643 9.65168 
2020 1391.42 466.448 444.529 601.844 623.711 626.902 661.1 20.3501 
2021 1391.42 466.448 444.529 550.178 586.929 591.394 646.457 31.7265 
2022 1391.42 466.448 444.529 507.155 556.293 561.996 633.427 42.1403 
2023 1391.42 466.448 444.529 466.809 529.859 536.185 624.203 51.0309 
2024 1391.42 466.448 444.529 430.883 507.19 513.447 616.745 57.6555 
2025 1391.42 466.448 444.529 403.265 486.678 494.039 603.358 62.1717 
2026 1391.42 466.448 444.529 381.641 473.113 478.305 589.788 64.6221 
2027 1391.42 466.448 444.529 371.867 459.883 466.689 583.921 65.7865 
2028 1391.42 466.448 444.529 362.138 449.685 458.945 578.851 66.3098 
2029 1391.42 466.448 444.529 357.854 446.219 454.277 570.701 65.8799 
2030 1391.42 466.448 444.529 356.1 443.668 451.066 566.415 65.2348 
2031 1391.42 466.448 444.529 350.663 443.461 449.041 564.083 64.6521 
Alternative 7 Alternative  Stock: BSAI_flats
Catch BSAI_flats
Year C0 Cabc Cofl LowCI_Catch Median_Catch Mean_Catch UpperCI_Catch Stdev_Catch 
2018  0 38.5606 42.1726 11.305 11.305 11.305 11.305 1.66978e-13 
2019  0 38.5606 42.1726 66.6211 66.6239 66.6245 66.63 0.00296326 
2020  0 38.5606 42.1726 59.5867 59.6159 59.6215 59.6759 0.0296429 
2021  0 38.5606 42.1726 67.7104 67.9077 67.9416 68.2902 0.195204 
2022  0 38.5606 42.1726 62.4701 63.1618 63.2701 64.3855 0.652278 
2023  0 38.5606 42.1726 58.0047 59.6787 59.9262 62.5953 1.53362 
2024  0 38.5606 42.1726 53.3237 56.5317 56.8698 61.6185 2.76616 
2025  0 38.5606 42.1726 48.5366 53.2925 53.8138 61.1338 4.0817 
2026  0 38.5606 42.1726 43.7455 50.1828 50.8765 59.9027 5.27956 
2027  0 38.5606 42.1726 35.9561 47.6015 47.4122 58.9326 7.12235 
2028  0 38.5606 42.1726 31.0666 44.8339 44.4385 57.6102 8.27058 
2029  0 38.5606 42.1726 28.7649 42.2648 42.498 56.2226 8.67289 
2030  0 38.5606 42.1726 27.5322 40.8979 41.3601 55.7922 8.72489 
2031  0 38.5606 42.1726 27.4562 40.0789 40.7826 55.0633 8.70025 

Spawning_Biomass BSAI_flats
Year SSB100 SSBabc SSBofl LowCI_SSB Median_SSB Mean_SSB UpperCI_SSB Stdev_SSB 
2018 212.06 84.824 74.221 154.355 154.355 154.355 154.355 3.35376e-12 
2019 212.06 84.824 74.221 153.197 153.202 153.203 153.213 0.00519058 
2020 212.06 84.824 74.221 131.627 131.653 131.658 131.705 0.0264876 
2021 212.06 84.824 74.221 120.714 120.821 120.838 121.015 0.102425 
2022 212.06 84.824 74.221 111.466 111.827 111.883 112.457 0.336214 
2023 212.06 84.824 74.221 106.367 107.408 107.554 109.197 0.960007 
2024 212.06 84.824 74.221 101.456 104.088 104.446 108.525 2.37156 
2025 212.06 84.824 74.221 93.8463 99.2821 100.018 108.399 4.85456 
2026 212.06 84.824 74.221 84.0705 93.343 94.3738 108.664 7.91944 
2027 212.06 84.824 74.221 75.2366 87.2557 88.8592 106.862 10.4205 
2028 212.06 84.824 74.221 69.471 82.8138 84.7013 105.322 11.4875 
2029 212.06 84.824 74.221 66.4295 80.0515 82.0208 102.536 11.5726 
2030 212.06 84.824 74.221 64.5273 78.7138 80.4274 100.323 11.2968 
2031 212.06 84.824 74.221 64.1563 78.0625 79.5737 99.6644 10.9776 

Fishing_mortalityBSAI_flats
Year F0 Fabc Fofl LowCI_F Median_F Mean_F UpperCI_F Stdev_F 
2018  0 0.380297 0.472195 0.0603301 0.0603301 0.0603301 0.0603301 6.45317e-16 
2019  0 0.380297 0.472195 0.380297 0.380297 0.380297 0.380297 1.11022e-15 
2020  0 0.380297 0.472195 0.380297 0.380297 0.380297 0.380297 1.11022e-15 
2021  0 0.380297 0.472195 0.472195 0.472195 0.472195 0.472195 1.06026e-14 
2022  0 0.380297 0.472195 0.472195 0.472195 0.472195 0.472195 1.06026e-14 
2023  0 0.380297 0.472195 0.472195 0.472195 0.472195 0.472195 1.06026e-14 
2024  0 0.380297 0.472195 0.472195 0.472195 0.472195 0.472195 1.06026e-14 
2025  0 0.380297 0.472195 0.472195 0.472195 0.472195 0.472195 1.06026e-14 
2026  0 0.380297 0.472195 0.46778 0.472195 0.47157 0.472195 0.00292516 
2027  0 0.380297 0.472195 0.416015 0.472195 0.459838 0.472195 0.0198129 
2028  0 0.380297 0.472195 0.382231 0.460416 0.445521 0.472195 0.0318488 
2029  0 0.380297 0.472195 0.364408 0.444229 0.435714 0.472195 0.0380732 
2030  0 0.380297 0.472195 0.353262 0.436391 0.430004 0.472195 0.0408196 
2031  0 0.380297 0.472195 0.351088 0.432575 0.42735 0.472195 0.0418705 

Total_BiomassBSAI_flats
Year B100 Babc Bofl LowCI_Biom Median_Biom Mean_Biom UpperCI_Biom Stdev_Biom 
2018 1391.42 466.448 444.529 652.825 652.825 652.825 652.825 1.61435e-11 
2019 1391.42 466.448 444.529 662.545 671.745 673.718 691.643 9.65168 
2020 1391.42 466.448 444.529 614.328 636.197 639.389 673.589 20.3512 
2021 1391.42 466.448 444.529 569.969 606.724 611.193 666.278 31.7356 
2022 1391.42 466.448 444.529 520.746 569.88 575.595 647.053 42.1496 
2023 1391.42 466.448 444.529 475.98 539.038 545.366 633.397 51.0393 
2024 1391.42 466.448 444.529 436.951 513.262 519.527 622.827 57.6623 
2025 1391.42 466.448 444.529 407.205 490.606 497.983 607.3 62.1766 
2026 1391.42 466.448 444.529 384.15 475.617 480.819 592.329 64.6254 
2027 1391.42 466.448 444.529 373.229 461.456 468.217 585.498 65.8224 
2028 1391.42 466.448 444.529 362.809 450.651 459.764 579.825 66.3689 
2029 1391.42 466.448 444.529 358.224 446.811 454.684 571.292 65.9217 
2030 1391.42 466.448 444.529 356.24 443.794 451.253 566.478 65.2565 
2031 1391.42 466.448 444.529 350.76 443.434 449.12 564.188 64.6608 
