
SB0 SB40 SB35 MeanRec HarMeanRec Bnow
196989 78795.7 68946.2 449950 356625 152626 
CV Recruit
0.511558 
Alternative 1 Alternative  Stock: Model_Proj.dat
Catch Model_Proj.dat
Year C0 Cabc Cofl LowCI_Catch Median_Catch Mean_Catch UpperCI_Catch Stdev_Catch 
2016  0 34253.2 37353.4 10312.9 10312.9 10312.9 10312.9 2.54659e-11 
2017  0 34253.2 37353.4 9110.9 9110.9 9110.9 9110.9 1.06552e-06 
2018  0 34253.2 37353.4 11006.6 11006.6 11006.6 11006.6 5.19249e-06 
2019  0 34253.2 37353.4 15858.1 15858.1 15858.1 15858.1 6.23091e-05 
2020  0 34253.2 37353.4 8555.53 8555.53 8555.53 8555.53 0.00134724 

Spawning_Biomass Model_Proj.dat
Year SSB100 SSBabc SSBofl LowCI_SSB Median_SSB Mean_SSB UpperCI_SSB Stdev_SSB 
2016 196989 78795.7 68946.2 152626 152626 152626 152626 8.73115e-11 
2017 196989 78795.7 68946.2 146809 146814 146814 146820 3.88176 
2018 196989 78795.7 68946.2 142132 142157 142160 142191 20.6105 
2019 196989 78795.7 68946.2 138316 138418 138431 138558 82.2624 
2020 196989 78795.7 68946.2 134919 135274 135320 135765 281.507 

Fishing_mortalityModel_Proj.dat
Year F0 Fabc Fofl LowCI_F Median_F Mean_F UpperCI_F Stdev_F 
2016  0 0.358454 0.443921 0.0570558 0.0570558 0.0570558 0.0570558 3.46945e-17 
2017  0 0.358454 0.443921 0.0516694 0.0516733 0.0516729 0.0516756 2.1642e-06 
2018  0 0.358454 0.443921 0.0635386 0.0635834 0.063578 0.0636095 2.51134e-05 
2019  0 0.358454 0.443921 0.0929575 0.0933063 0.0932761 0.0935314 0.000190597 
2020  0 0.358454 0.443921 0.0498955 0.0505498 0.0504978 0.0509494 0.000338546 

Total_BiomassModel_Proj.dat
Year B100 Babc Bofl LowCI_Biom Median_Biom Mean_Biom UpperCI_Biom Stdev_Biom 
2016 1.25489e+06 416278 396196 507561 507561 507561 507561 5.23869e-10 
2017 1.25489e+06 416278 396196 502195 509755 511047 521548 6983.55 
2018 1.25489e+06 416278 396196 495335 515061 516650 543705 14667.6 
2019 1.25489e+06 416278 396196 486033 517577 519956 555985 22828.7 
2020 1.25489e+06 416278 396196 475146 517395 517930 570999 30932.1 
Alternative 2 Alternative  Stock: Model_Proj.dat
Catch Model_Proj.dat
Year C0 Cabc Cofl LowCI_Catch Median_Catch Mean_Catch UpperCI_Catch Stdev_Catch 
2016  0 34253.2 37353.4 10312.9 10312.9 10312.9 10312.9 2.54659e-11 
2017  0 34253.2 37353.4 9110.9 9110.9 9110.9 9110.9 1.06552e-06 
2018  0 34253.2 37353.4 11006.6 11006.6 11006.6 11006.6 5.19249e-06 
2019  0 34253.2 37353.4 15858.1 15858.1 15858.1 15858.1 6.23091e-05 
2020  0 34253.2 37353.4 8555.53 8555.53 8555.53 8555.53 0.00134724 

Spawning_Biomass Model_Proj.dat
Year SSB100 SSBabc SSBofl LowCI_SSB Median_SSB Mean_SSB UpperCI_SSB Stdev_SSB 
2016 196989 78795.7 68946.2 152626 152626 152626 152626 8.73115e-11 
2017 196989 78795.7 68946.2 146809 146814 146814 146820 3.88176 
2018 196989 78795.7 68946.2 142132 142157 142160 142191 20.6105 
2019 196989 78795.7 68946.2 138316 138418 138431 138558 82.2624 
2020 196989 78795.7 68946.2 134919 135274 135320 135765 281.507 

Fishing_mortalityModel_Proj.dat
Year F0 Fabc Fofl LowCI_F Median_F Mean_F UpperCI_F Stdev_F 
2016  0 0.358454 0.443921 0.0570558 0.0570558 0.0570558 0.0570558 3.46945e-17 
2017  0 0.358454 0.443921 0.0516694 0.0516733 0.0516729 0.0516756 2.1642e-06 
2018  0 0.358454 0.443921 0.0635386 0.0635834 0.063578 0.0636095 2.51134e-05 
2019  0 0.358454 0.443921 0.0929575 0.0933063 0.0932761 0.0935314 0.000190597 
2020  0 0.358454 0.443921 0.0498955 0.0505498 0.0504978 0.0509494 0.000338546 

Total_BiomassModel_Proj.dat
Year B100 Babc Bofl LowCI_Biom Median_Biom Mean_Biom UpperCI_Biom Stdev_Biom 
2016 1.25489e+06 416278 396196 507561 507561 507561 507561 5.23869e-10 
2017 1.25489e+06 416278 396196 502195 509755 511047 521548 6983.55 
2018 1.25489e+06 416278 396196 495335 515061 516650 543705 14667.6 
2019 1.25489e+06 416278 396196 486033 517577 519956 555985 22828.7 
2020 1.25489e+06 416278 396196 475146 517395 517930 570999 30932.1 
Alternative 3 Alternative  Stock: Model_Proj.dat
Catch Model_Proj.dat
Year C0 Cabc Cofl LowCI_Catch Median_Catch Mean_Catch UpperCI_Catch Stdev_Catch 
2016  0 34253.2 37353.4 10312.9 10312.9 10312.9 10312.9 2.54659e-11 
2017  0 34253.2 37353.4 9110.9 9110.9 9110.9 9110.9 1.06552e-06 
2018  0 34253.2 37353.4 11006.6 11006.6 11006.6 11006.6 5.19249e-06 
2019  0 34253.2 37353.4 15858.1 15858.1 15858.1 15858.1 6.23091e-05 
2020  0 34253.2 37353.4 8555.53 8555.53 8555.53 8555.53 0.00134724 

Spawning_Biomass Model_Proj.dat
Year SSB100 SSBabc SSBofl LowCI_SSB Median_SSB Mean_SSB UpperCI_SSB Stdev_SSB 
2016 196989 78795.7 68946.2 152626 152626 152626 152626 8.73115e-11 
2017 196989 78795.7 68946.2 146809 146814 146814 146820 3.88176 
2018 196989 78795.7 68946.2 142132 142157 142160 142191 20.6105 
2019 196989 78795.7 68946.2 138316 138418 138431 138558 82.2624 
2020 196989 78795.7 68946.2 134919 135274 135320 135765 281.507 

Fishing_mortalityModel_Proj.dat
Year F0 Fabc Fofl LowCI_F Median_F Mean_F UpperCI_F Stdev_F 
2016  0 0.358454 0.443921 0.0570558 0.0570558 0.0570558 0.0570558 3.46945e-17 
2017  0 0.358454 0.443921 0.0516694 0.0516733 0.0516729 0.0516756 2.1642e-06 
2018  0 0.358454 0.443921 0.0635386 0.0635834 0.063578 0.0636095 2.51134e-05 
2019  0 0.358454 0.443921 0.0929575 0.0933063 0.0932761 0.0935314 0.000190597 
2020  0 0.358454 0.443921 0.0498955 0.0505498 0.0504978 0.0509494 0.000338546 

Total_BiomassModel_Proj.dat
Year B100 Babc Bofl LowCI_Biom Median_Biom Mean_Biom UpperCI_Biom Stdev_Biom 
2016 1.25489e+06 416278 396196 507561 507561 507561 507561 5.23869e-10 
2017 1.25489e+06 416278 396196 502195 509755 511047 521548 6983.55 
2018 1.25489e+06 416278 396196 495335 515061 516650 543705 14667.6 
2019 1.25489e+06 416278 396196 486033 517577 519956 555985 22828.7 
2020 1.25489e+06 416278 396196 475146 517395 517930 570999 30932.1 
Alternative 4 Alternative  Stock: Model_Proj.dat
Catch Model_Proj.dat
Year C0 Cabc Cofl LowCI_Catch Median_Catch Mean_Catch UpperCI_Catch Stdev_Catch 
2016  0 34253.2 37353.4 10312.9 10312.9 10312.9 10312.9 2.54659e-11 
2017  0 34253.2 37353.4 9110.9 9110.9 9110.9 9110.9 1.06552e-06 
2018  0 34253.2 37353.4 11006.6 11006.6 11006.6 11006.6 5.19249e-06 
2019  0 34253.2 37353.4 15858.1 15858.1 15858.1 15858.1 6.23091e-05 
2020  0 34253.2 37353.4 8555.53 8555.53 8555.53 8555.53 0.00134724 

Spawning_Biomass Model_Proj.dat
Year SSB100 SSBabc SSBofl LowCI_SSB Median_SSB Mean_SSB UpperCI_SSB Stdev_SSB 
2016 196989 78795.7 68946.2 152626 152626 152626 152626 8.73115e-11 
2017 196989 78795.7 68946.2 146809 146814 146814 146820 3.88176 
2018 196989 78795.7 68946.2 142132 142157 142160 142191 20.6105 
2019 196989 78795.7 68946.2 138316 138418 138431 138558 82.2624 
2020 196989 78795.7 68946.2 134919 135274 135320 135765 281.507 

Fishing_mortalityModel_Proj.dat
Year F0 Fabc Fofl LowCI_F Median_F Mean_F UpperCI_F Stdev_F 
2016  0 0.358454 0.443921 0.0570558 0.0570558 0.0570558 0.0570558 3.46945e-17 
2017  0 0.358454 0.443921 0.0516694 0.0516733 0.0516729 0.0516756 2.1642e-06 
2018  0 0.358454 0.443921 0.0635386 0.0635834 0.063578 0.0636095 2.51134e-05 
2019  0 0.358454 0.443921 0.0929575 0.0933063 0.0932761 0.0935314 0.000190597 
2020  0 0.358454 0.443921 0.0498955 0.0505498 0.0504978 0.0509494 0.000338546 

Total_BiomassModel_Proj.dat
Year B100 Babc Bofl LowCI_Biom Median_Biom Mean_Biom UpperCI_Biom Stdev_Biom 
2016 1.25489e+06 416278 396196 507561 507561 507561 507561 5.23869e-10 
2017 1.25489e+06 416278 396196 502195 509755 511047 521548 6983.55 
2018 1.25489e+06 416278 396196 495335 515061 516650 543705 14667.6 
2019 1.25489e+06 416278 396196 486033 517577 519956 555985 22828.7 
2020 1.25489e+06 416278 396196 475146 517395 517930 570999 30932.1 
Alternative 5 Alternative  Stock: Model_Proj.dat
Catch Model_Proj.dat
Year C0 Cabc Cofl LowCI_Catch Median_Catch Mean_Catch UpperCI_Catch Stdev_Catch 
2016  0 34253.2 37353.4 10312.9 10312.9 10312.9 10312.9 2.54659e-11 
2017  0 34253.2 37353.4 9110.9 9110.9 9110.9 9110.9 1.06552e-06 
2018  0 34253.2 37353.4 11006.6 11006.6 11006.6 11006.6 5.19249e-06 
2019  0 34253.2 37353.4 15858.1 15858.1 15858.1 15858.1 6.23091e-05 
2020  0 34253.2 37353.4 8555.53 8555.53 8555.53 8555.53 0.00134724 

Spawning_Biomass Model_Proj.dat
Year SSB100 SSBabc SSBofl LowCI_SSB Median_SSB Mean_SSB UpperCI_SSB Stdev_SSB 
2016 196989 78795.7 68946.2 152626 152626 152626 152626 8.73115e-11 
2017 196989 78795.7 68946.2 146809 146814 146814 146820 3.88176 
2018 196989 78795.7 68946.2 142132 142157 142160 142191 20.6105 
2019 196989 78795.7 68946.2 138316 138418 138431 138558 82.2624 
2020 196989 78795.7 68946.2 134919 135274 135320 135765 281.507 

Fishing_mortalityModel_Proj.dat
Year F0 Fabc Fofl LowCI_F Median_F Mean_F UpperCI_F Stdev_F 
2016  0 0.358454 0.443921 0.0570558 0.0570558 0.0570558 0.0570558 3.46945e-17 
2017  0 0.358454 0.443921 0.0516694 0.0516733 0.0516729 0.0516756 2.1642e-06 
2018  0 0.358454 0.443921 0.0635386 0.0635834 0.063578 0.0636095 2.51134e-05 
2019  0 0.358454 0.443921 0.0929575 0.0933063 0.0932761 0.0935314 0.000190597 
2020  0 0.358454 0.443921 0.0498955 0.0505498 0.0504978 0.0509494 0.000338546 

Total_BiomassModel_Proj.dat
Year B100 Babc Bofl LowCI_Biom Median_Biom Mean_Biom UpperCI_Biom Stdev_Biom 
2016 1.25489e+06 416278 396196 507561 507561 507561 507561 5.23869e-10 
2017 1.25489e+06 416278 396196 502195 509755 511047 521548 6983.55 
2018 1.25489e+06 416278 396196 495335 515061 516650 543705 14667.6 
2019 1.25489e+06 416278 396196 486033 517577 519956 555985 22828.7 
2020 1.25489e+06 416278 396196 475146 517395 517930 570999 30932.1 
Alternative 6 Alternative  Stock: Model_Proj.dat
Catch Model_Proj.dat
Year C0 Cabc Cofl LowCI_Catch Median_Catch Mean_Catch UpperCI_Catch Stdev_Catch 
2016  0 34253.2 37353.4 10312.9 10312.9 10312.9 10312.9 2.54659e-11 
2017  0 34253.2 37353.4 70308.4 70311.9 70312.5 70317.4 3.22997 
2018  0 34253.2 37353.4 56776.8 56809.3 56816 56862.4 29.6995 
2019  0 34253.2 37353.4 48266.1 48443.1 48467.1 48694 148.663 
2020  0 34253.2 37353.4 42911.4 43520.2 43602.5 44379 483.167 

Spawning_Biomass Model_Proj.dat
Year SSB100 SSBabc SSBofl LowCI_SSB Median_SSB Mean_SSB UpperCI_SSB Stdev_SSB 
2016 196989 78795.7 68946.2 152626 152626 152626 152626 8.73115e-11 
2017 196989 78795.7 68946.2 146809 146814 146814 146820 3.88176 
2018 196989 78795.7 68946.2 112850 112874 112877 112908 20.4253 
2019 196989 78795.7 68946.2 91523.4 91623.1 91635.9 91760 79.9883 
2020 196989 78795.7 68946.2 79833.6 80167.1 80209.9 80628.6 263.863 

Fishing_mortalityModel_Proj.dat
Year F0 Fabc Fofl LowCI_F Median_F Mean_F UpperCI_F Stdev_F 
2016  0 0.358454 0.443921 0.0570558 0.0570558 0.0570558 0.0570558 3.46945e-17 
2017  0 0.358454 0.443921 0.443921 0.443921 0.443921 0.443921 7.02365e-12 
2018  0 0.358454 0.443921 0.443921 0.443921 0.443921 0.443921 8.02683e-10 
2019  0 0.358454 0.443921 0.443921 0.443921 0.443921 0.443921 5.28564e-09 
2020  0 0.358454 0.443921 0.443921 0.443921 0.443921 0.443921 1.28111e-08 

Total_BiomassModel_Proj.dat
Year B100 Babc Bofl LowCI_Biom Median_Biom Mean_Biom UpperCI_Biom Stdev_Biom 
2016 1.25489e+06 416278 396196 507561 507561 507561 507561 5.23869e-10 
2017 1.25489e+06 416278 396196 502195 509755 511047 521548 6983.55 
2018 1.25489e+06 416278 396196 440945 460669 462252 489299 14663 
2019 1.25489e+06 416278 396196 397896 429401 431764 467710 22791.8 
2020 1.25489e+06 416278 396196 369671 411728 412172 464720 30767.7 
Alternative 7 Alternative  Stock: Model_Proj.dat
Catch Model_Proj.dat
Year C0 Cabc Cofl LowCI_Catch Median_Catch Mean_Catch UpperCI_Catch Stdev_Catch 
2016  0 34253.2 37353.4 10312.9 10312.9 10312.9 10312.9 2.54659e-11 
2017  0 34253.2 37353.4 58082.4 58085.2 58085.7 58089.6 2.60821 
2018  0 34253.2 37353.4 48899.1 48925.4 48930.8 48968.3 24.0061 
2019  0 34253.2 37353.4 51978.1 52155.2 52179.2 52406.3 148.736 
2020  0 34253.2 37353.4 45460.7 46069.7 46152.1 46928.9 483.39 

Spawning_Biomass Model_Proj.dat
Year SSB100 SSBabc SSBofl LowCI_SSB Median_SSB Mean_SSB UpperCI_SSB Stdev_SSB 
2016 196989 78795.7 68946.2 152626 152626 152626 152626 8.73115e-11 
2017 196989 78795.7 68946.2 146809 146814 146814 146820 3.88176 
2018 196989 78795.7 68946.2 118579 118604 118607 118638 20.4261 
2019 196989 78795.7 68946.2 99927.3 100027 100040 100164 80 
2020 196989 78795.7 68946.2 85470.7 85804.2 85847 86265.8 263.92 

Fishing_mortalityModel_Proj.dat
Year F0 Fabc Fofl LowCI_F Median_F Mean_F UpperCI_F Stdev_F 
2016  0 0.358454 0.443921 0.0570558 0.0570558 0.0570558 0.0570558 3.46945e-17 
2017  0 0.358454 0.443921 0.358454 0.358454 0.358454 0.358454 5.58989e-11 
2018  0 0.358454 0.443921 0.358454 0.358454 0.358454 0.358454 1.71972e-07 
2019  0 0.358454 0.443921 0.443921 0.443921 0.443921 0.443921 5.02596e-09 
2020  0 0.358454 0.443921 0.443921 0.443921 0.443921 0.443921 1.25133e-08 

Total_BiomassModel_Proj.dat
Year B100 Babc Bofl LowCI_Biom Median_Biom Mean_Biom UpperCI_Biom Stdev_Biom 
2016 1.25489e+06 416278 396196 507561 507561 507561 507561 5.23869e-10 
2017 1.25489e+06 416278 396196 502195 509755 511047 521548 6983.55 
2018 1.25489e+06 416278 396196 451783 471507 473092 500140 14664 
2019 1.25489e+06 416278 396196 414359 445871 448238 484200 22799.3 
2020 1.25489e+06 416278 396196 380741 422806 423255 475828 30775.3 
