
SB0 SB40 SB35 MeanRec HarMeanRec Bnow
196683 78673.1 68839 449257 353905 165466 
CV Recruit
0.519065 
Alternative 1 Alternative  Stock: Model_Proj.dat
Catch Model_Proj.dat
Year C0 Cabc Cofl LowCI_Catch Median_Catch Mean_Catch UpperCI_Catch Stdev_Catch 
2008  0 35838.1 39114.6 24539.8 24539.8 24539.8 24539.8 6.18456e-11 
2009  0 35838.1 39114.6 19557.9 19557.9 19557.9 19557.9 3.10207e-07 
2010  0 35838.1 39114.6 20127.1 20127.1 20127.1 20127.1 2.25277e-06 

Spawning_Biomass Model_Proj.dat
Year SSB100 SSBabc SSBofl LowCI_SSB Median_SSB Mean_SSB UpperCI_SSB Stdev_SSB 
2008 196683 78673.1 68839 165466 165466 165466 165466 2.91038e-10 
2009 196683 78673.1 68839 160229 160232 160233 160239 3.56794 
2010 196683 78673.1 68839 158660 158682 158685 158720 19.7493 

Fishing_mortalityModel_Proj.dat
Year F0 Fabc Fofl LowCI_F Median_F Mean_F UpperCI_F Stdev_F 
2008  0 0.406856 0.503663 0.134 0.134 0.134 0.134 2.498e-16 
2009  0 0.406856 0.503663 0.108698 0.108708 0.108707 0.108713 4.99299e-06 
2010  0 0.406856 0.503663 0.112443 0.112536 0.112528 0.112582 4.50116e-05 

Total_BiomassModel_Proj.dat
Year B100 Babc Bofl LowCI_Biom Median_Biom Mean_Biom UpperCI_Biom Stdev_Biom 
2008 1.26636e+06 420330 399944 614572 614572 614572 614572 1.39698e-09 
2009 1.26636e+06 420330 399944 588174 594900 595870 605725 6365.34 
2010 1.26636e+06 420330 399944 563644 581473 583515 610236 14830.3 
Alternative 2 Alternative  Stock: Model_Proj.dat
Catch Model_Proj.dat
Year C0 Cabc Cofl LowCI_Catch Median_Catch Mean_Catch UpperCI_Catch Stdev_Catch 
2008  0 35838.1 39114.6 24539.8 24539.8 24539.8 24539.8 6.18456e-11 
2009  0 35838.1 39114.6 19557.9 19557.9 19557.9 19557.9 3.10207e-07 
2010  0 35838.1 39114.6 20127.1 20127.1 20127.1 20127.1 2.25277e-06 

Spawning_Biomass Model_Proj.dat
Year SSB100 SSBabc SSBofl LowCI_SSB Median_SSB Mean_SSB UpperCI_SSB Stdev_SSB 
2008 196683 78673.1 68839 165466 165466 165466 165466 2.91038e-10 
2009 196683 78673.1 68839 160229 160232 160233 160239 3.56794 
2010 196683 78673.1 68839 158660 158682 158685 158720 19.7493 

Fishing_mortalityModel_Proj.dat
Year F0 Fabc Fofl LowCI_F Median_F Mean_F UpperCI_F Stdev_F 
2008  0 0.406856 0.503663 0.134 0.134 0.134 0.134 2.498e-16 
2009  0 0.406856 0.503663 0.108698 0.108708 0.108707 0.108713 4.99299e-06 
2010  0 0.406856 0.503663 0.112443 0.112536 0.112528 0.112582 4.50116e-05 

Total_BiomassModel_Proj.dat
Year B100 Babc Bofl LowCI_Biom Median_Biom Mean_Biom UpperCI_Biom Stdev_Biom 
2008 1.26636e+06 420330 399944 614572 614572 614572 614572 1.39698e-09 
2009 1.26636e+06 420330 399944 588174 594900 595870 605725 6365.34 
2010 1.26636e+06 420330 399944 563644 581473 583515 610236 14830.3 
Alternative 3 Alternative  Stock: Model_Proj.dat
Catch Model_Proj.dat
Year C0 Cabc Cofl LowCI_Catch Median_Catch Mean_Catch UpperCI_Catch Stdev_Catch 
2008  0 35838.1 39114.6 24539.8 24539.8 24539.8 24539.8 6.18456e-11 
2009  0 35838.1 39114.6 19557.9 19557.9 19557.9 19557.9 3.10207e-07 
2010  0 35838.1 39114.6 20127.1 20127.1 20127.1 20127.1 2.25277e-06 

Spawning_Biomass Model_Proj.dat
Year SSB100 SSBabc SSBofl LowCI_SSB Median_SSB Mean_SSB UpperCI_SSB Stdev_SSB 
2008 196683 78673.1 68839 165466 165466 165466 165466 2.91038e-10 
2009 196683 78673.1 68839 160229 160232 160233 160239 3.56794 
2010 196683 78673.1 68839 158660 158682 158685 158720 19.7493 

Fishing_mortalityModel_Proj.dat
Year F0 Fabc Fofl LowCI_F Median_F Mean_F UpperCI_F Stdev_F 
2008  0 0.406856 0.503663 0.134 0.134 0.134 0.134 2.498e-16 
2009  0 0.406856 0.503663 0.108698 0.108708 0.108707 0.108713 4.99299e-06 
2010  0 0.406856 0.503663 0.112443 0.112536 0.112528 0.112582 4.50116e-05 

Total_BiomassModel_Proj.dat
Year B100 Babc Bofl LowCI_Biom Median_Biom Mean_Biom UpperCI_Biom Stdev_Biom 
2008 1.26636e+06 420330 399944 614572 614572 614572 614572 1.39698e-09 
2009 1.26636e+06 420330 399944 588174 594900 595870 605725 6365.34 
2010 1.26636e+06 420330 399944 563644 581473 583515 610236 14830.3 
Alternative 4 Alternative  Stock: Model_Proj.dat
Catch Model_Proj.dat
Year C0 Cabc Cofl LowCI_Catch Median_Catch Mean_Catch UpperCI_Catch Stdev_Catch 
2008  0 35838.1 39114.6 24539.8 24539.8 24539.8 24539.8 6.18456e-11 
2009  0 35838.1 39114.6 19557.9 19557.9 19557.9 19557.9 3.10207e-07 
2010  0 35838.1 39114.6 20127.1 20127.1 20127.1 20127.1 2.25277e-06 

Spawning_Biomass Model_Proj.dat
Year SSB100 SSBabc SSBofl LowCI_SSB Median_SSB Mean_SSB UpperCI_SSB Stdev_SSB 
2008 196683 78673.1 68839 165466 165466 165466 165466 2.91038e-10 
2009 196683 78673.1 68839 160229 160232 160233 160239 3.56794 
2010 196683 78673.1 68839 158660 158682 158685 158720 19.7493 

Fishing_mortalityModel_Proj.dat
Year F0 Fabc Fofl LowCI_F Median_F Mean_F UpperCI_F Stdev_F 
2008  0 0.406856 0.503663 0.134 0.134 0.134 0.134 2.498e-16 
2009  0 0.406856 0.503663 0.108698 0.108708 0.108707 0.108713 4.99299e-06 
2010  0 0.406856 0.503663 0.112443 0.112536 0.112528 0.112582 4.50116e-05 

Total_BiomassModel_Proj.dat
Year B100 Babc Bofl LowCI_Biom Median_Biom Mean_Biom UpperCI_Biom Stdev_Biom 
2008 1.26636e+06 420330 399944 614572 614572 614572 614572 1.39698e-09 
2009 1.26636e+06 420330 399944 588174 594900 595870 605725 6365.34 
2010 1.26636e+06 420330 399944 563644 581473 583515 610236 14830.3 
Alternative 5 Alternative  Stock: Model_Proj.dat
Catch Model_Proj.dat
Year C0 Cabc Cofl LowCI_Catch Median_Catch Mean_Catch UpperCI_Catch Stdev_Catch 
2008  0 35838.1 39114.6 24539.8 24539.8 24539.8 24539.8 6.18456e-11 
2009  0 35838.1 39114.6 19557.9 19557.9 19557.9 19557.9 3.10207e-07 
2010  0 35838.1 39114.6 20127.1 20127.1 20127.1 20127.1 2.25277e-06 

Spawning_Biomass Model_Proj.dat
Year SSB100 SSBabc SSBofl LowCI_SSB Median_SSB Mean_SSB UpperCI_SSB Stdev_SSB 
2008 196683 78673.1 68839 165466 165466 165466 165466 2.91038e-10 
2009 196683 78673.1 68839 160229 160232 160233 160239 3.56794 
2010 196683 78673.1 68839 158660 158682 158685 158720 19.7493 

Fishing_mortalityModel_Proj.dat
Year F0 Fabc Fofl LowCI_F Median_F Mean_F UpperCI_F Stdev_F 
2008  0 0.406856 0.503663 0.134 0.134 0.134 0.134 2.498e-16 
2009  0 0.406856 0.503663 0.108698 0.108708 0.108707 0.108713 4.99299e-06 
2010  0 0.406856 0.503663 0.112443 0.112536 0.112528 0.112582 4.50116e-05 

Total_BiomassModel_Proj.dat
Year B100 Babc Bofl LowCI_Biom Median_Biom Mean_Biom UpperCI_Biom Stdev_Biom 
2008 1.26636e+06 420330 399944 614572 614572 614572 614572 1.39698e-09 
2009 1.26636e+06 420330 399944 588174 594900 595870 605725 6365.34 
2010 1.26636e+06 420330 399944 563644 581473 583515 610236 14830.3 
Alternative 6 Alternative  Stock: Model_Proj.dat
Catch Model_Proj.dat
Year C0 Cabc Cofl LowCI_Catch Median_Catch Mean_Catch UpperCI_Catch Stdev_Catch 
2008  0 35838.1 39114.6 24539.8 24539.8 24539.8 24539.8 6.18456e-11 
2009  0 35838.1 39114.6 82760.6 82764.9 82765.5 82771.8 4.05461 
2010  0 35838.1 39114.6 69844.2 69879.8 69886.2 69949.2 34.8603 

Spawning_Biomass Model_Proj.dat
Year SSB100 SSBabc SSBofl LowCI_SSB Median_SSB Mean_SSB UpperCI_SSB Stdev_SSB 
2008 196683 78673.1 68839 165466 165466 165466 165466 2.91038e-10 
2009 196683 78673.1 68839 160229 160232 160233 160239 3.56794 
2010 196683 78673.1 68839 131237 131259 131262 131297 19.3669 

Fishing_mortalityModel_Proj.dat
Year F0 Fabc Fofl LowCI_F Median_F Mean_F UpperCI_F Stdev_F 
2008  0 0.406856 0.503663 0.134 0.134 0.134 0.134 2.498e-16 
2009  0 0.406856 0.503663 0.503663 0.503663 0.503663 0.503663 7.26771e-11 
2010  0 0.406856 0.503663 0.503663 0.503663 0.503663 0.503663 2.15444e-10 

Total_BiomassModel_Proj.dat
Year B100 Babc Bofl LowCI_Biom Median_Biom Mean_Biom UpperCI_Biom Stdev_Biom 
2008 1.26636e+06 420330 399944 614572 614572 614572 614572 1.39698e-09 
2009 1.26636e+06 420330 399944 588174 594900 595870 605725 6365.34 
2010 1.26636e+06 420330 399944 507717 525538 527581 554288 14825.4 
Alternative 7 Alternative  Stock: Model_Proj.dat
Catch Model_Proj.dat
Year C0 Cabc Cofl LowCI_Catch Median_Catch Mean_Catch UpperCI_Catch Stdev_Catch 
2008  0 35838.1 39114.6 24539.8 24539.8 24539.8 24539.8 6.18456e-11 
2009  0 35838.1 39114.6 68322.4 68325.8 68326.3 68331.4 3.27546 
2010  0 35838.1 39114.6 59945.2 59974 59979.2 60030.1 28.17 

Spawning_Biomass Model_Proj.dat
Year SSB100 SSBabc SSBofl LowCI_SSB Median_SSB Mean_SSB UpperCI_SSB Stdev_SSB 
2008 196683 78673.1 68839 165466 165466 165466 165466 2.91038e-10 
2009 196683 78673.1 68839 160229 160232 160233 160239 3.56794 
2010 196683 78673.1 68839 137382 137403 137407 137441 19.3683 

Fishing_mortalityModel_Proj.dat
Year F0 Fabc Fofl LowCI_F Median_F Mean_F UpperCI_F Stdev_F 
2008  0 0.406856 0.503663 0.134 0.134 0.134 0.134 2.498e-16 
2009  0 0.406856 0.503663 0.406855 0.406855 0.406855 0.406855 5.01877e-11 
2010  0 0.406856 0.503663 0.406855 0.406855 0.406855 0.406855 8.80878e-11 

Total_BiomassModel_Proj.dat
Year B100 Babc Bofl LowCI_Biom Median_Biom Mean_Biom UpperCI_Biom Stdev_Biom 
2008 1.26636e+06 420330 399944 614572 614572 614572 614572 1.39698e-09 
2009 1.26636e+06 420330 399944 588174 594900 595870 605725 6365.34 
2010 1.26636e+06 420330 399944 520470 538293 540335 567045 14826.5 
