Alternative 1 Catch
     Model_Proj.dat 
Equil_Fabc 34253.2 
Year 
2016 10312.9 
2017 9110.9 
2018 11006.6 
2019 15858.1 
2020 8555.53 

Alternative 1 ABCs
     Model_Proj.dat 

Year 
2016 59640.6 
2017 58085.7 
2018 57274.7 
2019 56792.9 
2020 56045.3 

Alternative 1 TACs
     Model_Proj.dat 

Year 
2016  NA 
2017  NA 
2018  NA 
2019  NA 
2020  NA 

Alternative 1 Sp_Biomass
     Model_Proj.dat 
Equil_Fabc 78795.7 
Year 
2016 152626 
2017 146814 
2018 142160 
2019 138431 
2020 135320 

Alternative 1 Fishing Mortality
     Model_Proj.dat 
Equil_Fabc 0.358454 
Year 
2016 0.0570558 
2017 0.0516729 
2018 0.063578 
2019 0.0932761 
2020 0.0504978 

Alternative 1 Biomass
     Model_Proj.dat 

Year 
2016 507561 
2017 511047 
2018 516650 
2019 519956 
2020 517930 

Alternative 1 Implied SPR rate 
     Model_Proj.dat 
Equil_Fabc 0.4 
Year 
2016 0.805016 
2017 0.820026 
2018 0.787567 
2019 0.717 
2020 0.82338 

  Model_Proj.dat 
EquilAvgAgeF0  5.39324 
EquilAvgAgeFabc  4.09852 
AvgAgeYr2020 4.89996 
Alternative 2 Catch
     Model_Proj.dat 
Equil_Fabc 34253.2 
Year 
2016 10312.9 
2017 9110.9 
2018 11006.6 
2019 15858.1 
2020 8555.53 

Alternative 2 ABCs
     Model_Proj.dat 

Year 
2016 59640.6 
2017 58085.7 
2018 57274.7 
2019 56792.9 
2020 56045.3 

Alternative 2 TACs
     Model_Proj.dat 

Year 
2016  NA 
2017  NA 
2018  NA 
2019  NA 
2020  NA 

Alternative 2 Sp_Biomass
     Model_Proj.dat 
Equil_Fabc 78795.7 
Year 
2016 152626 
2017 146814 
2018 142160 
2019 138431 
2020 135320 

Alternative 2 Fishing Mortality
     Model_Proj.dat 
Equil_Fabc 0.358454 
Year 
2016 0.0570558 
2017 0.0516729 
2018 0.063578 
2019 0.0932761 
2020 0.0504978 

Alternative 2 Biomass
     Model_Proj.dat 

Year 
2016 507561 
2017 511047 
2018 516650 
2019 519956 
2020 517930 

Alternative 2 Implied SPR rate 
     Model_Proj.dat 
Equil_Fabc 0.4 
Year 
2016 0.805016 
2017 0.820026 
2018 0.787567 
2019 0.717 
2020 0.82338 

  Model_Proj.dat 
EquilAvgAgeF0  5.39324 
EquilAvgAgeFabc  4.09852 
AvgAgeYr2020 4.89996 
Alternative 3 Catch
     Model_Proj.dat 
Equil_Fabc 34253.2 
Year 
2016 10312.9 
2017 9110.9 
2018 11006.6 
2019 15858.1 
2020 8555.53 

Alternative 3 ABCs
     Model_Proj.dat 

Year 
2016 12519.1 
2017 12193.5 
2018 12012.7 
2019 11893.3 
2020 11716.5 

Alternative 3 TACs
     Model_Proj.dat 

Year 
2016  NA 
2017  NA 
2018  NA 
2019  NA 
2020  NA 

Alternative 3 Sp_Biomass
     Model_Proj.dat 
Equil_Fabc 78795.7 
Year 
2016 152626 
2017 146814 
2018 142160 
2019 138431 
2020 135320 

Alternative 3 Fishing Mortality
     Model_Proj.dat 
Equil_Fabc 0.358454 
Year 
2016 0.0570558 
2017 0.0516729 
2018 0.063578 
2019 0.0932761 
2020 0.0504978 

Alternative 3 Biomass
     Model_Proj.dat 

Year 
2016 507561 
2017 511047 
2018 516650 
2019 519956 
2020 517930 

Alternative 3 Implied SPR rate 
     Model_Proj.dat 
Equil_Fabc 0.4 
Year 
2016 0.805016 
2017 0.820026 
2018 0.787567 
2019 0.717 
2020 0.82338 

  Model_Proj.dat 
EquilAvgAgeF0  5.39324 
EquilAvgAgeFabc  4.09852 
AvgAgeYr2020 4.89996 
Alternative 4 Catch
     Model_Proj.dat 
Equil_Fabc 34253.2 
Year 
2016 10312.9 
2017 9110.9 
2018 11006.6 
2019 15858.1 
2020 8555.53 

Alternative 4 ABCs
     Model_Proj.dat 

Year 
2016 14134.8 
2017 13767.2 
2018 13563.4 
2019 13429.2 
2020 13230.4 

Alternative 4 TACs
     Model_Proj.dat 

Year 
2016  NA 
2017  NA 
2018  NA 
2019  NA 
2020  NA 

Alternative 4 Sp_Biomass
     Model_Proj.dat 
Equil_Fabc 78795.7 
Year 
2016 152626 
2017 146814 
2018 142160 
2019 138431 
2020 135320 

Alternative 4 Fishing Mortality
     Model_Proj.dat 
Equil_Fabc 0.358454 
Year 
2016 0.0570558 
2017 0.0516729 
2018 0.063578 
2019 0.0932761 
2020 0.0504978 

Alternative 4 Biomass
     Model_Proj.dat 

Year 
2016 507561 
2017 511047 
2018 516650 
2019 519956 
2020 517930 

Alternative 4 Implied SPR rate 
     Model_Proj.dat 
Equil_Fabc 0.4 
Year 
2016 0.805016 
2017 0.820026 
2018 0.787567 
2019 0.717 
2020 0.82338 

  Model_Proj.dat 
EquilAvgAgeF0  5.39324 
EquilAvgAgeFabc  4.09852 
AvgAgeYr2020 4.89996 
Alternative 5 Catch
     Model_Proj.dat 
Equil_Fabc 34253.2 
Year 
2016 10312.9 
2017 9110.9 
2018 11006.6 
2019 15858.1 
2020 8555.53 

Alternative 5 ABCs
     Model_Proj.dat 

Year 
2016  NA 
2017  NA 
2018  NA 
2019  NA 
2020  NA 

Alternative 5 TACs
     Model_Proj.dat 

Year 
2016  NA 
2017  NA 
2018  NA 
2019  NA 
2020  NA 

Alternative 5 Sp_Biomass
     Model_Proj.dat 
Equil_Fabc 78795.7 
Year 
2016 152626 
2017 146814 
2018 142160 
2019 138431 
2020 135320 

Alternative 5 Fishing Mortality
     Model_Proj.dat 
Equil_Fabc 0.358454 
Year 
2016 0.0570558 
2017 0.0516729 
2018 0.063578 
2019 0.0932761 
2020 0.0504978 

Alternative 5 Biomass
     Model_Proj.dat 

Year 
2016 507561 
2017 511047 
2018 516650 
2019 519956 
2020 517930 

Alternative 5 Implied SPR rate 
     Model_Proj.dat 
Equil_Fabc 0.4 
Year 
2016 0.805016 
2017 0.820026 
2018 0.787567 
2019 0.717 
2020 0.82338 

  Model_Proj.dat 
EquilAvgAgeF0  5.39324 
EquilAvgAgeFabc  4.09852 
AvgAgeYr2020 4.89996 
Alternative 6 Catch
     Model_Proj.dat 
Equil_Fabc 34253.2 
Year 
2016 10312.9 
2017 70312.5 
2018 56816 
2019 48467.1 
2020 43602.5 

Alternative 6 ABCs
     Model_Proj.dat 

Year 
2016 72194.7 
2017 70312.6 
2018 56816.1 
2019 48467.1 
2020 43602.5 

Alternative 6 TACs
     Model_Proj.dat 

Year 
2016  NA 
2017 70312.6 
2018 56816.1 
2019 48467.1 
2020 43602.5 

Alternative 6 Sp_Biomass
     Model_Proj.dat 
Equil_Fabc 78795.7 
Year 
2016 152626 
2017 146814 
2018 112877 
2019 91635.9 
2020 80209.9 

Alternative 6 Fishing Mortality
     Model_Proj.dat 
Equil_Fabc 0.358454 
Year 
2016 0.0570558 
2017 0.443921 
2018 0.443921 
2019 0.443921 
2020 0.443921 

Alternative 6 Biomass
     Model_Proj.dat 

Year 
2016 507561 
2017 511047 
2018 462252 
2019 431764 
2020 412172 

Alternative 6 Implied SPR rate 
     Model_Proj.dat 
Equil_Fabc 0.4 
Year 
2016 0.805016 
2017 0.35 
2018 0.35 
2019 0.35 
2020 0.35 

  Model_Proj.dat 
EquilAvgAgeF0  5.39324 
EquilAvgAgeFabc  4.09852 
AvgAgeYr2020 4.1378 
Alternative 7 Catch
     Model_Proj.dat 
Equil_Fabc 34253.2 
Year 
2016 10312.9 
2017 58085.7 
2018 48930.8 
2019 52179.2 
2020 46152.1 

Alternative 7 ABCs
     Model_Proj.dat 

Year 
2016 72194.7 
2017 70312.6 
2018 59288.1 
2019 52179.3 
2020 46152.1 

Alternative 7 TACs
     Model_Proj.dat 

Year 
2016  NA 
2017 70312.6 
2018 59288.1 
2019 52179.3 
2020 46152.1 

Alternative 7 Sp_Biomass
     Model_Proj.dat 
Equil_Fabc 78795.7 
Year 
2016 152626 
2017 146814 
2018 118607 
2019 100040 
2020 85847 

Alternative 7 Fishing Mortality
     Model_Proj.dat 
Equil_Fabc 0.358454 
Year 
2016 0.0570558 
2017 0.358454 
2018 0.358454 
2019 0.443921 
2020 0.443921 

Alternative 7 Biomass
     Model_Proj.dat 

Year 
2016 507561 
2017 511047 
2018 473092 
2019 448238 
2020 423255 

Alternative 7 Implied SPR rate 
     Model_Proj.dat 
Equil_Fabc 0.4 
Year 
2016 0.805016 
2017 0.4 
2018 0.4 
2019 0.35 
2020 0.35 

  Model_Proj.dat 
EquilAvgAgeF0  5.39324 
EquilAvgAgeFabc  4.09852 
AvgAgeYr2020 4.18679 
