Alternative 1 Catch
     Model_Proj.dat 
Equil_Fabc 36548.2 
Year 
2020 8555.53 
2021  NA 
2022  NA 

Alternative 1 ABCs
     Model_Proj.dat 

Year 
2020 62201.8 
2021 65156.5 
2022 70668.5 

Alternative 1 TACs
     Model_Proj.dat 

Year 
2020  NA 
2021  NA 
2022  NA 

Alternative 1 Sp_Biomass
     Model_Proj.dat 
Equil_Fabc 84471.7 
Year 
2020 148075 
2021 153867 
2022 166358 

Alternative 1 Fishing Mortality
     Model_Proj.dat 
Equil_Fabc 0.365915 
Year 
2020 0.0464685 
2021  NA 
2022  NA 

Alternative 1 Biomass
     Model_Proj.dat 

Year 
2020 674281 
2021 699317 
2022 724092 

Alternative 1 Implied SPR rate 
     Model_Proj.dat 
Equil_Fabc 0.4 
Year 
2020 0.837767 
2021 1 
2022 1 

  Model_Proj.dat 
EquilAvgAgeF0  5.39324 
EquilAvgAgeFabc  4.0977 
AvgAgeYr2022 5.10794 
Alternative 2 Catch
     Model_Proj.dat 
Equil_Fabc 36548.2 
Year 
2020 8555.53 
2021  NA 
2022  NA 

Alternative 2 ABCs
     Model_Proj.dat 

Year 
2020 62201.8 
2021 65156.5 
2022 70668.5 

Alternative 2 TACs
     Model_Proj.dat 

Year 
2020  NA 
2021  NA 
2022  NA 

Alternative 2 Sp_Biomass
     Model_Proj.dat 
Equil_Fabc 84471.7 
Year 
2020 148075 
2021 153867 
2022 166358 

Alternative 2 Fishing Mortality
     Model_Proj.dat 
Equil_Fabc 0.365915 
Year 
2020 0.0464685 
2021  NA 
2022  NA 

Alternative 2 Biomass
     Model_Proj.dat 

Year 
2020 674281 
2021 699317 
2022 724092 

Alternative 2 Implied SPR rate 
     Model_Proj.dat 
Equil_Fabc 0.4 
Year 
2020 0.837767 
2021 1 
2022 1 

  Model_Proj.dat 
EquilAvgAgeF0  5.39324 
EquilAvgAgeFabc  4.0977 
AvgAgeYr2022 5.10794 
Alternative 3 Catch
     Model_Proj.dat 
Equil_Fabc 36548.2 
Year 
2020 8555.53 
2021  NA 
2022  NA 

Alternative 3 ABCs
     Model_Proj.dat 

Year 
2020 10955.5 
2021 11449.6 
2022 12398.6 

Alternative 3 TACs
     Model_Proj.dat 

Year 
2020  NA 
2021  NA 
2022  NA 

Alternative 3 Sp_Biomass
     Model_Proj.dat 
Equil_Fabc 84471.7 
Year 
2020 148075 
2021 153867 
2022 166358 

Alternative 3 Fishing Mortality
     Model_Proj.dat 
Equil_Fabc 0.365915 
Year 
2020 0.0464685 
2021  NA 
2022  NA 

Alternative 3 Biomass
     Model_Proj.dat 

Year 
2020 674281 
2021 699317 
2022 724092 

Alternative 3 Implied SPR rate 
     Model_Proj.dat 
Equil_Fabc 0.4 
Year 
2020 0.837767 
2021 1 
2022 1 

  Model_Proj.dat 
EquilAvgAgeF0  5.39324 
EquilAvgAgeFabc  4.0977 
AvgAgeYr2022 5.10794 
Alternative 4 Catch
     Model_Proj.dat 
Equil_Fabc 36548.2 
Year 
2020 8555.53 
2021  NA 
2022  NA 

Alternative 4 ABCs
     Model_Proj.dat 

Year 
2020 14650 
2021 15313.1 
2022 16584.2 

Alternative 4 TACs
     Model_Proj.dat 

Year 
2020  NA 
2021  NA 
2022  NA 

Alternative 4 Sp_Biomass
     Model_Proj.dat 
Equil_Fabc 84471.7 
Year 
2020 148075 
2021 153867 
2022 166358 

Alternative 4 Fishing Mortality
     Model_Proj.dat 
Equil_Fabc 0.365915 
Year 
2020 0.0464685 
2021  NA 
2022  NA 

Alternative 4 Biomass
     Model_Proj.dat 

Year 
2020 674281 
2021 699317 
2022 724092 

Alternative 4 Implied SPR rate 
     Model_Proj.dat 
Equil_Fabc 0.4 
Year 
2020 0.837767 
2021 1 
2022 1 

  Model_Proj.dat 
EquilAvgAgeF0  5.39324 
EquilAvgAgeFabc  4.0977 
AvgAgeYr2022 5.10794 
Alternative 5 Catch
     Model_Proj.dat 
Equil_Fabc 36548.2 
Year 
2020 8555.53 
2021  NA 
2022  NA 

Alternative 5 ABCs
     Model_Proj.dat 

Year 
2020  NA 
2021  NA 
2022  NA 

Alternative 5 TACs
     Model_Proj.dat 

Year 
2020  NA 
2021  NA 
2022  NA 

Alternative 5 Sp_Biomass
     Model_Proj.dat 
Equil_Fabc 84471.7 
Year 
2020 148075 
2021 153867 
2022 166358 

Alternative 5 Fishing Mortality
     Model_Proj.dat 
Equil_Fabc 0.365915 
Year 
2020 0.0464685 
2021  NA 
2022  NA 

Alternative 5 Biomass
     Model_Proj.dat 

Year 
2020 674281 
2021 699317 
2022 724092 

Alternative 5 Implied SPR rate 
     Model_Proj.dat 
Equil_Fabc 0.4 
Year 
2020 0.837767 
2021 1 
2022 1 

  Model_Proj.dat 
EquilAvgAgeF0  5.39324 
EquilAvgAgeFabc  4.0977 
AvgAgeYr2022 5.10794 
Alternative 6 Catch
     Model_Proj.dat 
Equil_Fabc 36548.2 
Year 
2020 8555.53 
2021 79048.7 
2022 70788.1 

Alternative 6 ABCs
     Model_Proj.dat 

Year 
2020 75416.2 
2021 79048.7 
2022 70788.2 

Alternative 6 TACs
     Model_Proj.dat 

Year 
2020  NA 
2021 79048.7 
2022 70788.2 

Alternative 6 Sp_Biomass
     Model_Proj.dat 
Equil_Fabc 84471.7 
Year 
2020 148075 
2021 153867 
2022 132146 

Alternative 6 Fishing Mortality
     Model_Proj.dat 
Equil_Fabc 0.365915 
Year 
2020 0.0464685 
2021 0.453097 
2022 0.453097 

Alternative 6 Biomass
     Model_Proj.dat 

Year 
2020 674281 
2021 699317 
2022 653794 

Alternative 6 Implied SPR rate 
     Model_Proj.dat 
Equil_Fabc 0.4 
Year 
2020 0.837767 
2021 0.35 
2022 0.35 

  Model_Proj.dat 
EquilAvgAgeF0  5.39324 
EquilAvgAgeFabc  4.0977 
AvgAgeYr2022 4.59834 
Alternative 7 Catch
     Model_Proj.dat 
Equil_Fabc 36548.2 
Year 
2020 8555.53 
2021 65156.5 
2022 60395.5 

Alternative 7 ABCs
     Model_Proj.dat 

Year 
2020 75416.2 
2021 79048.7 
2022 73371.5 

Alternative 7 TACs
     Model_Proj.dat 

Year 
2020  NA 
2021 79048.7 
2022 73371.5 

Alternative 7 Sp_Biomass
     Model_Proj.dat 
Equil_Fabc 84471.7 
Year 
2020 148075 
2021 153867 
2022 137983 

Alternative 7 Fishing Mortality
     Model_Proj.dat 
Equil_Fabc 0.365915 
Year 
2020 0.0464685 
2021 0.365915 
2022 0.365915 

Alternative 7 Biomass
     Model_Proj.dat 

Year 
2020 674281 
2021 699317 
2022 666119 

Alternative 7 Implied SPR rate 
     Model_Proj.dat 
Equil_Fabc 0.4 
Year 
2020 0.837767 
2021 0.4 
2022 0.4 

  Model_Proj.dat 
EquilAvgAgeF0  5.39324 
EquilAvgAgeFabc  4.0977 
AvgAgeYr2022 4.68139 
