Model_Proj.dat 1 2020 Cabc 36548.2
Model_Proj.dat 1 2020 Cofl 39827.4
Model_Proj.dat 1 2020 CLCI 8555.53
Model_Proj.dat 1 2020 CUCI 8555.53
Model_Proj.dat 1 2020 CMedian 8555.53
Model_Proj.dat 1 2020 CMean 8555.53
Model_Proj.dat 1 2020 CStdn 1.81899e-11
Model_Proj.dat 1 2021 Cabc 36548.2
Model_Proj.dat 1 2021 Cofl 39827.4
Model_Proj.dat 1 2021 CLCI 0
Model_Proj.dat 1 2021 CUCI 0
Model_Proj.dat 1 2021 CMedian 0
Model_Proj.dat 1 2021 CMean 0
Model_Proj.dat 1 2021 CStdn 0
Model_Proj.dat 1 2022 Cabc 36548.2
Model_Proj.dat 1 2022 Cofl 39827.4
Model_Proj.dat 1 2022 CLCI 0
Model_Proj.dat 1 2022 CUCI 0
Model_Proj.dat 1 2022 CMedian 0
Model_Proj.dat 1 2022 CMean 0
Model_Proj.dat 1 2022 CStdn 0
Model_Proj.dat 1 2020 SSBF100 211179
Model_Proj.dat 1 2020 SSBFabc 84471.7
Model_Proj.dat 1 2020 SSBFofl 73912.7
Model_Proj.dat 1 2020 SSBLCI 148075
Model_Proj.dat 1 2020 SSBUCI 148075
Model_Proj.dat 1 2020 SSBMedian 148075
Model_Proj.dat 1 2020 SSBMean 148075
Model_Proj.dat 1 2021 SSBF100 211179
Model_Proj.dat 1 2021 SSBFabc 84471.7
Model_Proj.dat 1 2021 SSBFofl 73912.7
Model_Proj.dat 1 2021 SSBLCI 153863
Model_Proj.dat 1 2021 SSBUCI 153873
Model_Proj.dat 1 2021 SSBMedian 153867
Model_Proj.dat 1 2021 SSBMean 153867
Model_Proj.dat 1 2022 SSBF100 211179
Model_Proj.dat 1 2022 SSBFabc 84471.7
Model_Proj.dat 1 2022 SSBFofl 73912.7
Model_Proj.dat 1 2022 SSBLCI 166331
Model_Proj.dat 1 2022 SSBUCI 166395
Model_Proj.dat 1 2022 SSBMedian 166354
Model_Proj.dat 1 2022 SSBMean 166358
Model_Proj.dat 1 2020 F0 0 
Model_Proj.dat 1 2020 Fabc 0.365915
Model_Proj.dat 1 2020 Fofl 0.453098
Model_Proj.dat 1 2020  F_LCI 0.0464685
Model_Proj.dat 1 2020  F_UCI 0.0464685
Model_Proj.dat 1 2020  F_Median 0.0464685
Model_Proj.dat 1 2020  F_Mean 0.0464685
Model_Proj.dat 1 2021 F0 0 
Model_Proj.dat 1 2021 Fabc 0.365915
Model_Proj.dat 1 2021 Fofl 0.453098
Model_Proj.dat 1 2021  F_LCI 0
Model_Proj.dat 1 2021  F_UCI 0
Model_Proj.dat 1 2021  F_Median 0
Model_Proj.dat 1 2021  F_Mean 0
Model_Proj.dat 1 2022 F0 0 
Model_Proj.dat 1 2022 Fabc 0.365915
Model_Proj.dat 1 2022 Fofl 0.453098
Model_Proj.dat 1 2022  F_LCI 0
Model_Proj.dat 1 2022  F_UCI 0
Model_Proj.dat 1 2022  F_Median 0
Model_Proj.dat 1 2022  F_Mean 0
Model_Proj.dat 2 2020 Cabc 36548.2
Model_Proj.dat 2 2020 Cofl 39827.4
Model_Proj.dat 2 2020 CLCI 8555.53
Model_Proj.dat 2 2020 CUCI 8555.53
Model_Proj.dat 2 2020 CMedian 8555.53
Model_Proj.dat 2 2020 CMean 8555.53
Model_Proj.dat 2 2020 CStdn 1.81899e-11
Model_Proj.dat 2 2021 Cabc 36548.2
Model_Proj.dat 2 2021 Cofl 39827.4
Model_Proj.dat 2 2021 CLCI 0
Model_Proj.dat 2 2021 CUCI 0
Model_Proj.dat 2 2021 CMedian 0
Model_Proj.dat 2 2021 CMean 0
Model_Proj.dat 2 2021 CStdn 0
Model_Proj.dat 2 2022 Cabc 36548.2
Model_Proj.dat 2 2022 Cofl 39827.4
Model_Proj.dat 2 2022 CLCI 0
Model_Proj.dat 2 2022 CUCI 0
Model_Proj.dat 2 2022 CMedian 0
Model_Proj.dat 2 2022 CMean 0
Model_Proj.dat 2 2022 CStdn 0
Model_Proj.dat 2 2020 SSBF100 211179
Model_Proj.dat 2 2020 SSBFabc 84471.7
Model_Proj.dat 2 2020 SSBFofl 73912.7
Model_Proj.dat 2 2020 SSBLCI 148075
Model_Proj.dat 2 2020 SSBUCI 148075
Model_Proj.dat 2 2020 SSBMedian 148075
Model_Proj.dat 2 2020 SSBMean 148075
Model_Proj.dat 2 2021 SSBF100 211179
Model_Proj.dat 2 2021 SSBFabc 84471.7
Model_Proj.dat 2 2021 SSBFofl 73912.7
Model_Proj.dat 2 2021 SSBLCI 153863
Model_Proj.dat 2 2021 SSBUCI 153873
Model_Proj.dat 2 2021 SSBMedian 153867
Model_Proj.dat 2 2021 SSBMean 153867
Model_Proj.dat 2 2022 SSBF100 211179
Model_Proj.dat 2 2022 SSBFabc 84471.7
Model_Proj.dat 2 2022 SSBFofl 73912.7
Model_Proj.dat 2 2022 SSBLCI 166331
Model_Proj.dat 2 2022 SSBUCI 166395
Model_Proj.dat 2 2022 SSBMedian 166354
Model_Proj.dat 2 2022 SSBMean 166358
Model_Proj.dat 2 2020 F0 0 
Model_Proj.dat 2 2020 Fabc 0.365915
Model_Proj.dat 2 2020 Fofl 0.453098
Model_Proj.dat 2 2020  F_LCI 0.0464685
Model_Proj.dat 2 2020  F_UCI 0.0464685
Model_Proj.dat 2 2020  F_Median 0.0464685
Model_Proj.dat 2 2020  F_Mean 0.0464685
Model_Proj.dat 2 2021 F0 0 
Model_Proj.dat 2 2021 Fabc 0.365915
Model_Proj.dat 2 2021 Fofl 0.453098
Model_Proj.dat 2 2021  F_LCI 0
Model_Proj.dat 2 2021  F_UCI 0
Model_Proj.dat 2 2021  F_Median 0
Model_Proj.dat 2 2021  F_Mean 0
Model_Proj.dat 2 2022 F0 0 
Model_Proj.dat 2 2022 Fabc 0.365915
Model_Proj.dat 2 2022 Fofl 0.453098
Model_Proj.dat 2 2022  F_LCI 0
Model_Proj.dat 2 2022  F_UCI 0
Model_Proj.dat 2 2022  F_Median 0
Model_Proj.dat 2 2022  F_Mean 0
Model_Proj.dat 3 2020 Cabc 36548.2
Model_Proj.dat 3 2020 Cofl 39827.4
Model_Proj.dat 3 2020 CLCI 8555.53
Model_Proj.dat 3 2020 CUCI 8555.53
Model_Proj.dat 3 2020 CMedian 8555.53
Model_Proj.dat 3 2020 CMean 8555.53
Model_Proj.dat 3 2020 CStdn 1.81899e-11
Model_Proj.dat 3 2021 Cabc 36548.2
Model_Proj.dat 3 2021 Cofl 39827.4
Model_Proj.dat 3 2021 CLCI 0
Model_Proj.dat 3 2021 CUCI 0
Model_Proj.dat 3 2021 CMedian 0
Model_Proj.dat 3 2021 CMean 0
Model_Proj.dat 3 2021 CStdn 0
Model_Proj.dat 3 2022 Cabc 36548.2
Model_Proj.dat 3 2022 Cofl 39827.4
Model_Proj.dat 3 2022 CLCI 0
Model_Proj.dat 3 2022 CUCI 0
Model_Proj.dat 3 2022 CMedian 0
Model_Proj.dat 3 2022 CMean 0
Model_Proj.dat 3 2022 CStdn 0
Model_Proj.dat 3 2020 SSBF100 211179
Model_Proj.dat 3 2020 SSBFabc 84471.7
Model_Proj.dat 3 2020 SSBFofl 73912.7
Model_Proj.dat 3 2020 SSBLCI 148075
Model_Proj.dat 3 2020 SSBUCI 148075
Model_Proj.dat 3 2020 SSBMedian 148075
Model_Proj.dat 3 2020 SSBMean 148075
Model_Proj.dat 3 2021 SSBF100 211179
Model_Proj.dat 3 2021 SSBFabc 84471.7
Model_Proj.dat 3 2021 SSBFofl 73912.7
Model_Proj.dat 3 2021 SSBLCI 153863
Model_Proj.dat 3 2021 SSBUCI 153873
Model_Proj.dat 3 2021 SSBMedian 153867
Model_Proj.dat 3 2021 SSBMean 153867
Model_Proj.dat 3 2022 SSBF100 211179
Model_Proj.dat 3 2022 SSBFabc 84471.7
Model_Proj.dat 3 2022 SSBFofl 73912.7
Model_Proj.dat 3 2022 SSBLCI 166331
Model_Proj.dat 3 2022 SSBUCI 166395
Model_Proj.dat 3 2022 SSBMedian 166354
Model_Proj.dat 3 2022 SSBMean 166358
Model_Proj.dat 3 2020 F0 0 
Model_Proj.dat 3 2020 Fabc 0.365915
Model_Proj.dat 3 2020 Fofl 0.453098
Model_Proj.dat 3 2020  F_LCI 0.0464685
Model_Proj.dat 3 2020  F_UCI 0.0464685
Model_Proj.dat 3 2020  F_Median 0.0464685
Model_Proj.dat 3 2020  F_Mean 0.0464685
Model_Proj.dat 3 2021 F0 0 
Model_Proj.dat 3 2021 Fabc 0.365915
Model_Proj.dat 3 2021 Fofl 0.453098
Model_Proj.dat 3 2021  F_LCI 0
Model_Proj.dat 3 2021  F_UCI 0
Model_Proj.dat 3 2021  F_Median 0
Model_Proj.dat 3 2021  F_Mean 0
Model_Proj.dat 3 2022 F0 0 
Model_Proj.dat 3 2022 Fabc 0.365915
Model_Proj.dat 3 2022 Fofl 0.453098
Model_Proj.dat 3 2022  F_LCI 0
Model_Proj.dat 3 2022  F_UCI 0
Model_Proj.dat 3 2022  F_Median 0
Model_Proj.dat 3 2022  F_Mean 0
Model_Proj.dat 4 2020 Cabc 36548.2
Model_Proj.dat 4 2020 Cofl 39827.4
Model_Proj.dat 4 2020 CLCI 8555.53
Model_Proj.dat 4 2020 CUCI 8555.53
Model_Proj.dat 4 2020 CMedian 8555.53
Model_Proj.dat 4 2020 CMean 8555.53
Model_Proj.dat 4 2020 CStdn 1.81899e-11
Model_Proj.dat 4 2021 Cabc 36548.2
Model_Proj.dat 4 2021 Cofl 39827.4
Model_Proj.dat 4 2021 CLCI 0
Model_Proj.dat 4 2021 CUCI 0
Model_Proj.dat 4 2021 CMedian 0
Model_Proj.dat 4 2021 CMean 0
Model_Proj.dat 4 2021 CStdn 0
Model_Proj.dat 4 2022 Cabc 36548.2
Model_Proj.dat 4 2022 Cofl 39827.4
Model_Proj.dat 4 2022 CLCI 0
Model_Proj.dat 4 2022 CUCI 0
Model_Proj.dat 4 2022 CMedian 0
Model_Proj.dat 4 2022 CMean 0
Model_Proj.dat 4 2022 CStdn 0
Model_Proj.dat 4 2020 SSBF100 211179
Model_Proj.dat 4 2020 SSBFabc 84471.7
Model_Proj.dat 4 2020 SSBFofl 73912.7
Model_Proj.dat 4 2020 SSBLCI 148075
Model_Proj.dat 4 2020 SSBUCI 148075
Model_Proj.dat 4 2020 SSBMedian 148075
Model_Proj.dat 4 2020 SSBMean 148075
Model_Proj.dat 4 2021 SSBF100 211179
Model_Proj.dat 4 2021 SSBFabc 84471.7
Model_Proj.dat 4 2021 SSBFofl 73912.7
Model_Proj.dat 4 2021 SSBLCI 153863
Model_Proj.dat 4 2021 SSBUCI 153873
Model_Proj.dat 4 2021 SSBMedian 153867
Model_Proj.dat 4 2021 SSBMean 153867
Model_Proj.dat 4 2022 SSBF100 211179
Model_Proj.dat 4 2022 SSBFabc 84471.7
Model_Proj.dat 4 2022 SSBFofl 73912.7
Model_Proj.dat 4 2022 SSBLCI 166331
Model_Proj.dat 4 2022 SSBUCI 166395
Model_Proj.dat 4 2022 SSBMedian 166354
Model_Proj.dat 4 2022 SSBMean 166358
Model_Proj.dat 4 2020 F0 0 
Model_Proj.dat 4 2020 Fabc 0.365915
Model_Proj.dat 4 2020 Fofl 0.453098
Model_Proj.dat 4 2020  F_LCI 0.0464685
Model_Proj.dat 4 2020  F_UCI 0.0464685
Model_Proj.dat 4 2020  F_Median 0.0464685
Model_Proj.dat 4 2020  F_Mean 0.0464685
Model_Proj.dat 4 2021 F0 0 
Model_Proj.dat 4 2021 Fabc 0.365915
Model_Proj.dat 4 2021 Fofl 0.453098
Model_Proj.dat 4 2021  F_LCI 0
Model_Proj.dat 4 2021  F_UCI 0
Model_Proj.dat 4 2021  F_Median 0
Model_Proj.dat 4 2021  F_Mean 0
Model_Proj.dat 4 2022 F0 0 
Model_Proj.dat 4 2022 Fabc 0.365915
Model_Proj.dat 4 2022 Fofl 0.453098
Model_Proj.dat 4 2022  F_LCI 0
Model_Proj.dat 4 2022  F_UCI 0
Model_Proj.dat 4 2022  F_Median 0
Model_Proj.dat 4 2022  F_Mean 0
Model_Proj.dat 5 2020 Cabc 36548.2
Model_Proj.dat 5 2020 Cofl 39827.4
Model_Proj.dat 5 2020 CLCI 8555.53
Model_Proj.dat 5 2020 CUCI 8555.53
Model_Proj.dat 5 2020 CMedian 8555.53
Model_Proj.dat 5 2020 CMean 8555.53
Model_Proj.dat 5 2020 CStdn 1.81899e-11
Model_Proj.dat 5 2021 Cabc 36548.2
Model_Proj.dat 5 2021 Cofl 39827.4
Model_Proj.dat 5 2021 CLCI 0
Model_Proj.dat 5 2021 CUCI 0
Model_Proj.dat 5 2021 CMedian 0
Model_Proj.dat 5 2021 CMean 0
Model_Proj.dat 5 2021 CStdn 0
Model_Proj.dat 5 2022 Cabc 36548.2
Model_Proj.dat 5 2022 Cofl 39827.4
Model_Proj.dat 5 2022 CLCI 0
Model_Proj.dat 5 2022 CUCI 0
Model_Proj.dat 5 2022 CMedian 0
Model_Proj.dat 5 2022 CMean 0
Model_Proj.dat 5 2022 CStdn 0
Model_Proj.dat 5 2020 SSBF100 211179
Model_Proj.dat 5 2020 SSBFabc 84471.7
Model_Proj.dat 5 2020 SSBFofl 73912.7
Model_Proj.dat 5 2020 SSBLCI 148075
Model_Proj.dat 5 2020 SSBUCI 148075
Model_Proj.dat 5 2020 SSBMedian 148075
Model_Proj.dat 5 2020 SSBMean 148075
Model_Proj.dat 5 2021 SSBF100 211179
Model_Proj.dat 5 2021 SSBFabc 84471.7
Model_Proj.dat 5 2021 SSBFofl 73912.7
Model_Proj.dat 5 2021 SSBLCI 153863
Model_Proj.dat 5 2021 SSBUCI 153873
Model_Proj.dat 5 2021 SSBMedian 153867
Model_Proj.dat 5 2021 SSBMean 153867
Model_Proj.dat 5 2022 SSBF100 211179
Model_Proj.dat 5 2022 SSBFabc 84471.7
Model_Proj.dat 5 2022 SSBFofl 73912.7
Model_Proj.dat 5 2022 SSBLCI 166331
Model_Proj.dat 5 2022 SSBUCI 166395
Model_Proj.dat 5 2022 SSBMedian 166354
Model_Proj.dat 5 2022 SSBMean 166358
Model_Proj.dat 5 2020 F0 0 
Model_Proj.dat 5 2020 Fabc 0.365915
Model_Proj.dat 5 2020 Fofl 0.453098
Model_Proj.dat 5 2020  F_LCI 0.0464685
Model_Proj.dat 5 2020  F_UCI 0.0464685
Model_Proj.dat 5 2020  F_Median 0.0464685
Model_Proj.dat 5 2020  F_Mean 0.0464685
Model_Proj.dat 5 2021 F0 0 
Model_Proj.dat 5 2021 Fabc 0.365915
Model_Proj.dat 5 2021 Fofl 0.453098
Model_Proj.dat 5 2021  F_LCI 0
Model_Proj.dat 5 2021  F_UCI 0
Model_Proj.dat 5 2021  F_Median 0
Model_Proj.dat 5 2021  F_Mean 0
Model_Proj.dat 5 2022 F0 0 
Model_Proj.dat 5 2022 Fabc 0.365915
Model_Proj.dat 5 2022 Fofl 0.453098
Model_Proj.dat 5 2022  F_LCI 0
Model_Proj.dat 5 2022  F_UCI 0
Model_Proj.dat 5 2022  F_Median 0
Model_Proj.dat 5 2022  F_Mean 0
Model_Proj.dat 6 2020 Cabc 36548.2
Model_Proj.dat 6 2020 Cofl 39827.4
Model_Proj.dat 6 2020 CLCI 8555.53
Model_Proj.dat 6 2020 CUCI 8555.53
Model_Proj.dat 6 2020 CMedian 8555.53
Model_Proj.dat 6 2020 CMean 8555.53
Model_Proj.dat 6 2020 CStdn 1.81899e-11
Model_Proj.dat 6 2021 Cabc 36548.2
Model_Proj.dat 6 2021 Cofl 39827.4
Model_Proj.dat 6 2021 CLCI 79044.5
Model_Proj.dat 6 2021 CUCI 79054.2
Model_Proj.dat 6 2021 CMedian 79048.2
Model_Proj.dat 6 2021 CMean 79048.7
Model_Proj.dat 6 2021 CStdn 3.53244
Model_Proj.dat 6 2022 Cabc 36548.2
Model_Proj.dat 6 2022 Cofl 39827.4
Model_Proj.dat 6 2022 CLCI 70751.2
Model_Proj.dat 6 2022 CUCI 70843.9
Model_Proj.dat 6 2022 CMedian 70782.3
Model_Proj.dat 6 2022 CMean 70788.1
Model_Proj.dat 6 2022 CStdn 30.8628
Model_Proj.dat 6 2020 SSBF100 211179
Model_Proj.dat 6 2020 SSBFabc 84471.7
Model_Proj.dat 6 2020 SSBFofl 73912.7
Model_Proj.dat 6 2020 SSBLCI 148075
Model_Proj.dat 6 2020 SSBUCI 148075
Model_Proj.dat 6 2020 SSBMedian 148075
Model_Proj.dat 6 2020 SSBMean 148075
Model_Proj.dat 6 2021 SSBF100 211179
Model_Proj.dat 6 2021 SSBFabc 84471.7
Model_Proj.dat 6 2021 SSBFofl 73912.7
Model_Proj.dat 6 2021 SSBLCI 153863
Model_Proj.dat 6 2021 SSBUCI 153873
Model_Proj.dat 6 2021 SSBMedian 153867
Model_Proj.dat 6 2021 SSBMean 153867
Model_Proj.dat 6 2022 SSBF100 211179
Model_Proj.dat 6 2022 SSBFabc 84471.7
Model_Proj.dat 6 2022 SSBFofl 73912.7
Model_Proj.dat 6 2022 SSBLCI 132119
Model_Proj.dat 6 2022 SSBUCI 132184
Model_Proj.dat 6 2022 SSBMedian 132142
Model_Proj.dat 6 2022 SSBMean 132146
Model_Proj.dat 6 2020 F0 0 
Model_Proj.dat 6 2020 Fabc 0.365915
Model_Proj.dat 6 2020 Fofl 0.453098
Model_Proj.dat 6 2020  F_LCI 0.0464685
Model_Proj.dat 6 2020  F_UCI 0.0464685
Model_Proj.dat 6 2020  F_Median 0.0464685
Model_Proj.dat 6 2020  F_Mean 0.0464685
Model_Proj.dat 6 2021 F0 0 
Model_Proj.dat 6 2021 Fabc 0.365915
Model_Proj.dat 6 2021 Fofl 0.453098
Model_Proj.dat 6 2021  F_LCI 0.453097
Model_Proj.dat 6 2021  F_UCI 0.453097
Model_Proj.dat 6 2021  F_Median 0.453097
Model_Proj.dat 6 2021  F_Mean 0.453097
Model_Proj.dat 6 2022 F0 0 
Model_Proj.dat 6 2022 Fabc 0.365915
Model_Proj.dat 6 2022 Fofl 0.453098
Model_Proj.dat 6 2022  F_LCI 0.453097
Model_Proj.dat 6 2022  F_UCI 0.453097
Model_Proj.dat 6 2022  F_Median 0.453097
Model_Proj.dat 6 2022  F_Mean 0.453097
Model_Proj.dat 7 2020 Cabc 36548.2
Model_Proj.dat 7 2020 Cofl 39827.4
Model_Proj.dat 7 2020 CLCI 8555.53
Model_Proj.dat 7 2020 CUCI 8555.53
Model_Proj.dat 7 2020 CMedian 8555.53
Model_Proj.dat 7 2020 CMean 8555.53
Model_Proj.dat 7 2020 CStdn 1.81899e-11
Model_Proj.dat 7 2021 Cabc 36548.2
Model_Proj.dat 7 2021 Cofl 39827.4
Model_Proj.dat 7 2021 CLCI 65153.1
Model_Proj.dat 7 2021 CUCI 65160.9
Model_Proj.dat 7 2021 CMedian 65156.1
Model_Proj.dat 7 2021 CMean 65156.5
Model_Proj.dat 7 2021 CStdn 2.85287
Model_Proj.dat 7 2022 Cabc 36548.2
Model_Proj.dat 7 2022 Cofl 39827.4
Model_Proj.dat 7 2022 CLCI 60365.6
Model_Proj.dat 7 2022 CUCI 60440.5
Model_Proj.dat 7 2022 CMedian 60390.7
Model_Proj.dat 7 2022 CMean 60395.5
Model_Proj.dat 7 2022 CStdn 24.9318
Model_Proj.dat 7 2020 SSBF100 211179
Model_Proj.dat 7 2020 SSBFabc 84471.7
Model_Proj.dat 7 2020 SSBFofl 73912.7
Model_Proj.dat 7 2020 SSBLCI 148075
Model_Proj.dat 7 2020 SSBUCI 148075
Model_Proj.dat 7 2020 SSBMedian 148075
Model_Proj.dat 7 2020 SSBMean 148075
Model_Proj.dat 7 2021 SSBF100 211179
Model_Proj.dat 7 2021 SSBFabc 84471.7
Model_Proj.dat 7 2021 SSBFofl 73912.7
Model_Proj.dat 7 2021 SSBLCI 153863
Model_Proj.dat 7 2021 SSBUCI 153873
Model_Proj.dat 7 2021 SSBMedian 153867
Model_Proj.dat 7 2021 SSBMean 153867
Model_Proj.dat 7 2022 SSBF100 211179
Model_Proj.dat 7 2022 SSBFabc 84471.7
Model_Proj.dat 7 2022 SSBFofl 73912.7
Model_Proj.dat 7 2022 SSBLCI 137956
Model_Proj.dat 7 2022 SSBUCI 138021
Model_Proj.dat 7 2022 SSBMedian 137979
Model_Proj.dat 7 2022 SSBMean 137983
Model_Proj.dat 7 2020 F0 0 
Model_Proj.dat 7 2020 Fabc 0.365915
Model_Proj.dat 7 2020 Fofl 0.453098
Model_Proj.dat 7 2020  F_LCI 0.0464685
Model_Proj.dat 7 2020  F_UCI 0.0464685
Model_Proj.dat 7 2020  F_Median 0.0464685
Model_Proj.dat 7 2020  F_Mean 0.0464685
Model_Proj.dat 7 2021 F0 0 
Model_Proj.dat 7 2021 Fabc 0.365915
Model_Proj.dat 7 2021 Fofl 0.453098
Model_Proj.dat 7 2021  F_LCI 0.365915
Model_Proj.dat 7 2021  F_UCI 0.365915
Model_Proj.dat 7 2021  F_Median 0.365915
Model_Proj.dat 7 2021  F_Mean 0.365915
Model_Proj.dat 7 2022 F0 0 
Model_Proj.dat 7 2022 Fabc 0.365915
Model_Proj.dat 7 2022 Fofl 0.453098
Model_Proj.dat 7 2022  F_LCI 0.365915
Model_Proj.dat 7 2022  F_UCI 0.365915
Model_Proj.dat 7 2022  F_Median 0.365915
Model_Proj.dat 7 2022  F_Mean 0.365915
