
SB0 SB40 SB35 MeanRec HarMeanRec Bnow
211179 84471.7 73912.7 480413 375056 148075 
CV Recruit
0.530011 
Alternative 1 Alternative  Stock: Model_Proj.dat
Catch Model_Proj.dat
Year C0 Cabc Cofl LowCI_Catch Median_Catch Mean_Catch UpperCI_Catch Stdev_Catch 
2020  0 36548.2 39827.4 8555.53 8555.53 8555.53 8555.53 1.81899e-11 
2021  0 36548.2 39827.4 0 0 0 0 0 
2022  0 36548.2 39827.4 0 0 0 0 0 

Spawning_Biomass Model_Proj.dat
Year SSB100 SSBabc SSBofl LowCI_SSB Median_SSB Mean_SSB UpperCI_SSB Stdev_SSB 
2020 211179 84471.7 73912.7 148075 148075 148075 148075 1.45519e-10 
2021 211179 84471.7 73912.7 153863 153867 153867 153873 3.97516 
2022 211179 84471.7 73912.7 166331 166354 166358 166395 21.1435 

Fishing_mortalityModel_Proj.dat
Year F0 Fabc Fofl LowCI_F Median_F Mean_F UpperCI_F Stdev_F 
2020  0 0.365915 0.453098 0.0464685 0.0464685 0.0464685 0.0464685 1.11022e-16 
2021  0 0.365915 0.453098 0 0 0 0 0 
2022  0 0.365915 0.453098 0 0 0 0 0 

Total_BiomassModel_Proj.dat
Year B100 Babc Bofl LowCI_Biom Median_Biom Mean_Biom UpperCI_Biom Stdev_Biom 
2020 1.34833e+06 446977 425346 674281 674281 674281 674281 1.16415e-09 
2021 1.34833e+06 446977 425346 690820 698213 699317 710272 7073.06 
2022 1.34833e+06 446977 425346 702409 721701 724092 753186 16266.3 
Alternative 2 Alternative  Stock: Model_Proj.dat
Catch Model_Proj.dat
Year C0 Cabc Cofl LowCI_Catch Median_Catch Mean_Catch UpperCI_Catch Stdev_Catch 
2020  0 36548.2 39827.4 8555.53 8555.53 8555.53 8555.53 1.81899e-11 
2021  0 36548.2 39827.4 0 0 0 0 0 
2022  0 36548.2 39827.4 0 0 0 0 0 

Spawning_Biomass Model_Proj.dat
Year SSB100 SSBabc SSBofl LowCI_SSB Median_SSB Mean_SSB UpperCI_SSB Stdev_SSB 
2020 211179 84471.7 73912.7 148075 148075 148075 148075 1.45519e-10 
2021 211179 84471.7 73912.7 153863 153867 153867 153873 3.97516 
2022 211179 84471.7 73912.7 166331 166354 166358 166395 21.1435 

Fishing_mortalityModel_Proj.dat
Year F0 Fabc Fofl LowCI_F Median_F Mean_F UpperCI_F Stdev_F 
2020  0 0.365915 0.453098 0.0464685 0.0464685 0.0464685 0.0464685 1.11022e-16 
2021  0 0.365915 0.453098 0 0 0 0 0 
2022  0 0.365915 0.453098 0 0 0 0 0 

Total_BiomassModel_Proj.dat
Year B100 Babc Bofl LowCI_Biom Median_Biom Mean_Biom UpperCI_Biom Stdev_Biom 
2020 1.34833e+06 446977 425346 674281 674281 674281 674281 1.16415e-09 
2021 1.34833e+06 446977 425346 690820 698213 699317 710272 7073.06 
2022 1.34833e+06 446977 425346 702409 721701 724092 753186 16266.3 
Alternative 3 Alternative  Stock: Model_Proj.dat
Catch Model_Proj.dat
Year C0 Cabc Cofl LowCI_Catch Median_Catch Mean_Catch UpperCI_Catch Stdev_Catch 
2020  0 36548.2 39827.4 8555.53 8555.53 8555.53 8555.53 1.81899e-11 
2021  0 36548.2 39827.4 0 0 0 0 0 
2022  0 36548.2 39827.4 0 0 0 0 0 

Spawning_Biomass Model_Proj.dat
Year SSB100 SSBabc SSBofl LowCI_SSB Median_SSB Mean_SSB UpperCI_SSB Stdev_SSB 
2020 211179 84471.7 73912.7 148075 148075 148075 148075 1.45519e-10 
2021 211179 84471.7 73912.7 153863 153867 153867 153873 3.97516 
2022 211179 84471.7 73912.7 166331 166354 166358 166395 21.1435 

Fishing_mortalityModel_Proj.dat
Year F0 Fabc Fofl LowCI_F Median_F Mean_F UpperCI_F Stdev_F 
2020  0 0.365915 0.453098 0.0464685 0.0464685 0.0464685 0.0464685 1.11022e-16 
2021  0 0.365915 0.453098 0 0 0 0 0 
2022  0 0.365915 0.453098 0 0 0 0 0 

Total_BiomassModel_Proj.dat
Year B100 Babc Bofl LowCI_Biom Median_Biom Mean_Biom UpperCI_Biom Stdev_Biom 
2020 1.34833e+06 446977 425346 674281 674281 674281 674281 1.16415e-09 
2021 1.34833e+06 446977 425346 690820 698213 699317 710272 7073.06 
2022 1.34833e+06 446977 425346 702409 721701 724092 753186 16266.3 
Alternative 4 Alternative  Stock: Model_Proj.dat
Catch Model_Proj.dat
Year C0 Cabc Cofl LowCI_Catch Median_Catch Mean_Catch UpperCI_Catch Stdev_Catch 
2020  0 36548.2 39827.4 8555.53 8555.53 8555.53 8555.53 1.81899e-11 
2021  0 36548.2 39827.4 0 0 0 0 0 
2022  0 36548.2 39827.4 0 0 0 0 0 

Spawning_Biomass Model_Proj.dat
Year SSB100 SSBabc SSBofl LowCI_SSB Median_SSB Mean_SSB UpperCI_SSB Stdev_SSB 
2020 211179 84471.7 73912.7 148075 148075 148075 148075 1.45519e-10 
2021 211179 84471.7 73912.7 153863 153867 153867 153873 3.97516 
2022 211179 84471.7 73912.7 166331 166354 166358 166395 21.1435 

Fishing_mortalityModel_Proj.dat
Year F0 Fabc Fofl LowCI_F Median_F Mean_F UpperCI_F Stdev_F 
2020  0 0.365915 0.453098 0.0464685 0.0464685 0.0464685 0.0464685 1.11022e-16 
2021  0 0.365915 0.453098 0 0 0 0 0 
2022  0 0.365915 0.453098 0 0 0 0 0 

Total_BiomassModel_Proj.dat
Year B100 Babc Bofl LowCI_Biom Median_Biom Mean_Biom UpperCI_Biom Stdev_Biom 
2020 1.34833e+06 446977 425346 674281 674281 674281 674281 1.16415e-09 
2021 1.34833e+06 446977 425346 690820 698213 699317 710272 7073.06 
2022 1.34833e+06 446977 425346 702409 721701 724092 753186 16266.3 
Alternative 5 Alternative  Stock: Model_Proj.dat
Catch Model_Proj.dat
Year C0 Cabc Cofl LowCI_Catch Median_Catch Mean_Catch UpperCI_Catch Stdev_Catch 
2020  0 36548.2 39827.4 8555.53 8555.53 8555.53 8555.53 1.81899e-11 
2021  0 36548.2 39827.4 0 0 0 0 0 
2022  0 36548.2 39827.4 0 0 0 0 0 

Spawning_Biomass Model_Proj.dat
Year SSB100 SSBabc SSBofl LowCI_SSB Median_SSB Mean_SSB UpperCI_SSB Stdev_SSB 
2020 211179 84471.7 73912.7 148075 148075 148075 148075 1.45519e-10 
2021 211179 84471.7 73912.7 153863 153867 153867 153873 3.97516 
2022 211179 84471.7 73912.7 166331 166354 166358 166395 21.1435 

Fishing_mortalityModel_Proj.dat
Year F0 Fabc Fofl LowCI_F Median_F Mean_F UpperCI_F Stdev_F 
2020  0 0.365915 0.453098 0.0464685 0.0464685 0.0464685 0.0464685 1.11022e-16 
2021  0 0.365915 0.453098 0 0 0 0 0 
2022  0 0.365915 0.453098 0 0 0 0 0 

Total_BiomassModel_Proj.dat
Year B100 Babc Bofl LowCI_Biom Median_Biom Mean_Biom UpperCI_Biom Stdev_Biom 
2020 1.34833e+06 446977 425346 674281 674281 674281 674281 1.16415e-09 
2021 1.34833e+06 446977 425346 690820 698213 699317 710272 7073.06 
2022 1.34833e+06 446977 425346 702409 721701 724092 753186 16266.3 
Alternative 6 Alternative  Stock: Model_Proj.dat
Catch Model_Proj.dat
Year C0 Cabc Cofl LowCI_Catch Median_Catch Mean_Catch UpperCI_Catch Stdev_Catch 
2020  0 36548.2 39827.4 8555.53 8555.53 8555.53 8555.53 1.81899e-11 
2021  0 36548.2 39827.4 79044.5 79048.2 79048.7 79054.2 3.53244 
2022  0 36548.2 39827.4 70751.2 70782.3 70788.1 70843.9 30.8628 

Spawning_Biomass Model_Proj.dat
Year SSB100 SSBabc SSBofl LowCI_SSB Median_SSB Mean_SSB UpperCI_SSB Stdev_SSB 
2020 211179 84471.7 73912.7 148075 148075 148075 148075 1.45519e-10 
2021 211179 84471.7 73912.7 153863 153867 153867 153873 3.97516 
2022 211179 84471.7 73912.7 132119 132142 132146 132184 21.1382 

Fishing_mortalityModel_Proj.dat
Year F0 Fabc Fofl LowCI_F Median_F Mean_F UpperCI_F Stdev_F 
2020  0 0.365915 0.453098 0.0464685 0.0464685 0.0464685 0.0464685 1.11022e-16 
2021  0 0.365915 0.453098 0.453097 0.453097 0.453097 0.453097 1.36646e-11 
2022  0 0.365915 0.453098 0.453097 0.453097 0.453097 0.453097 2.23459e-10 

Total_BiomassModel_Proj.dat
Year B100 Babc Bofl LowCI_Biom Median_Biom Mean_Biom UpperCI_Biom Stdev_Biom 
2020 1.34833e+06 446977 425346 674281 674281 674281 674281 1.16415e-09 
2021 1.34833e+06 446977 425346 690820 698213 699317 710272 7073.06 
2022 1.34833e+06 446977 425346 632118 651403 653794 682876 16261.7 
Alternative 7 Alternative  Stock: Model_Proj.dat
Catch Model_Proj.dat
Year C0 Cabc Cofl LowCI_Catch Median_Catch Mean_Catch UpperCI_Catch Stdev_Catch 
2020  0 36548.2 39827.4 8555.53 8555.53 8555.53 8555.53 1.81899e-11 
2021  0 36548.2 39827.4 65153.1 65156.1 65156.5 65160.9 2.85287 
2022  0 36548.2 39827.4 60365.6 60390.7 60395.5 60440.5 24.9318 

Spawning_Biomass Model_Proj.dat
Year SSB100 SSBabc SSBofl LowCI_SSB Median_SSB Mean_SSB UpperCI_SSB Stdev_SSB 
2020 211179 84471.7 73912.7 148075 148075 148075 148075 1.45519e-10 
2021 211179 84471.7 73912.7 153863 153867 153867 153873 3.97516 
2022 211179 84471.7 73912.7 137956 137979 137983 138021 21.1392 

Fishing_mortalityModel_Proj.dat
Year F0 Fabc Fofl LowCI_F Median_F Mean_F UpperCI_F Stdev_F 
2020  0 0.365915 0.453098 0.0464685 0.0464685 0.0464685 0.0464685 1.11022e-16 
2021  0 0.365915 0.453098 0.365915 0.365915 0.365915 0.365915 6.955e-12 
2022  0 0.365915 0.453098 0.365915 0.365915 0.365915 0.365915 4.20406e-10 

Total_BiomassModel_Proj.dat
Year B100 Babc Bofl LowCI_Biom Median_Biom Mean_Biom UpperCI_Biom Stdev_Biom 
2020 1.34833e+06 446977 425346 674281 674281 674281 674281 1.16415e-09 
2021 1.34833e+06 446977 425346 690820 698213 699317 710272 7073.06 
2022 1.34833e+06 446977 425346 644442 663728 666119 695203 16262.6 
