Alternative 1 Catch
     Model_Proj.dat 
Equil_Fabc 36548.2 
Year 
2008 24539.8 
2009 19557.9 
2010 20127.1 
2011 13558 

Alternative 1 ABCs
     Model_Proj.dat 

Year 
2008 62201.8 
2009 62563.5 
2010 65178.3 
2011 68520.4 

Alternative 1 TACs
     Model_Proj.dat 

Year 
2008  NA 
2009  NA 
2010  NA 
2011  NA 

Alternative 1 Sp_Biomass
     Model_Proj.dat 
Equil_Fabc 84471.7 
Year 
2008 148075 
2009 146665 
2010 151102 
2011 158685 

Alternative 1 Fishing Mortality
     Model_Proj.dat 
Equil_Fabc 0.365915 
Year 
2008 0.136371 
2009 0.107554 
2010 0.106446 
2011 0.0676847 

Alternative 1 Biomass
     Model_Proj.dat 

Year 
2008 674281 
2009 685890 
2010 693545 
2011 693705 

Alternative 1 Implied SPR rate 
     Model_Proj.dat 
Equil_Fabc 0.4 
Year 
2008 0.63948 
2009 0.691744 
2010 0.693929 
2011 0.780369 

  Model_Proj.dat 
EquilAvgAgeF0  5.39324 
EquilAvgAgeFabc  4.0977 
AvgAgeYr2011 5.08942 
Alternative 2 Catch
     Model_Proj.dat 
Equil_Fabc 36548.2 
Year 
2008 24539.8 
2009 19557.9 
2010 20127.1 
2011 13558 

Alternative 2 ABCs
     Model_Proj.dat 

Year 
2008 62201.8 
2009 62563.5 
2010 65178.3 
2011 68520.4 

Alternative 2 TACs
     Model_Proj.dat 

Year 
2008  NA 
2009  NA 
2010  NA 
2011  NA 

Alternative 2 Sp_Biomass
     Model_Proj.dat 
Equil_Fabc 84471.7 
Year 
2008 148075 
2009 146665 
2010 151102 
2011 158685 

Alternative 2 Fishing Mortality
     Model_Proj.dat 
Equil_Fabc 0.365915 
Year 
2008 0.136371 
2009 0.107554 
2010 0.106446 
2011 0.0676847 

Alternative 2 Biomass
     Model_Proj.dat 

Year 
2008 674281 
2009 685890 
2010 693545 
2011 693705 

Alternative 2 Implied SPR rate 
     Model_Proj.dat 
Equil_Fabc 0.4 
Year 
2008 0.63948 
2009 0.691744 
2010 0.693929 
2011 0.780369 

  Model_Proj.dat 
EquilAvgAgeF0  5.39324 
EquilAvgAgeFabc  4.0977 
AvgAgeYr2011 5.08942 
Alternative 3 Catch
     Model_Proj.dat 
Equil_Fabc 36548.2 
Year 
2008 24539.8 
2009 19557.9 
2010 20127.1 
2011 13558 

Alternative 3 ABCs
     Model_Proj.dat 

Year 
2008 10955.5 
2009 10984.8 
2010 11414.5 
2011 11981.9 

Alternative 3 TACs
     Model_Proj.dat 

Year 
2008  NA 
2009  NA 
2010  NA 
2011  NA 

Alternative 3 Sp_Biomass
     Model_Proj.dat 
Equil_Fabc 84471.7 
Year 
2008 148075 
2009 146665 
2010 151102 
2011 158685 

Alternative 3 Fishing Mortality
     Model_Proj.dat 
Equil_Fabc 0.365915 
Year 
2008 0.136371 
2009 0.107554 
2010 0.106446 
2011 0.0676847 

Alternative 3 Biomass
     Model_Proj.dat 

Year 
2008 674281 
2009 685890 
2010 693545 
2011 693705 

Alternative 3 Implied SPR rate 
     Model_Proj.dat 
Equil_Fabc 0.4 
Year 
2008 0.63948 
2009 0.691744 
2010 0.693929 
2011 0.780369 

  Model_Proj.dat 
EquilAvgAgeF0  5.39324 
EquilAvgAgeFabc  4.0977 
AvgAgeYr2011 5.08942 
Alternative 4 Catch
     Model_Proj.dat 
Equil_Fabc 36548.2 
Year 
2008 24539.8 
2009 19557.9 
2010 20127.1 
2011 13558 

Alternative 4 ABCs
     Model_Proj.dat 

Year 
2008 14650 
2009 14692.3 
2010 15269.7 
2011 16030.4 

Alternative 4 TACs
     Model_Proj.dat 

Year 
2008  NA 
2009  NA 
2010  NA 
2011  NA 

Alternative 4 Sp_Biomass
     Model_Proj.dat 
Equil_Fabc 84471.7 
Year 
2008 148075 
2009 146665 
2010 151102 
2011 158685 

Alternative 4 Fishing Mortality
     Model_Proj.dat 
Equil_Fabc 0.365915 
Year 
2008 0.136371 
2009 0.107554 
2010 0.106446 
2011 0.0676847 

Alternative 4 Biomass
     Model_Proj.dat 

Year 
2008 674281 
2009 685890 
2010 693545 
2011 693705 

Alternative 4 Implied SPR rate 
     Model_Proj.dat 
Equil_Fabc 0.4 
Year 
2008 0.63948 
2009 0.691744 
2010 0.693929 
2011 0.780369 

  Model_Proj.dat 
EquilAvgAgeF0  5.39324 
EquilAvgAgeFabc  4.0977 
AvgAgeYr2011 5.08942 
Alternative 5 Catch
     Model_Proj.dat 
Equil_Fabc 36548.2 
Year 
2008 24539.8 
2009 19557.9 
2010 20127.1 
2011 13558 

Alternative 5 ABCs
     Model_Proj.dat 

Year 
2008  NA 
2009  NA 
2010  NA 
2011  NA 

Alternative 5 TACs
     Model_Proj.dat 

Year 
2008  NA 
2009  NA 
2010  NA 
2011  NA 

Alternative 5 Sp_Biomass
     Model_Proj.dat 
Equil_Fabc 84471.7 
Year 
2008 148075 
2009 146665 
2010 151102 
2011 158685 

Alternative 5 Fishing Mortality
     Model_Proj.dat 
Equil_Fabc 0.365915 
Year 
2008 0.136371 
2009 0.107554 
2010 0.106446 
2011 0.0676847 

Alternative 5 Biomass
     Model_Proj.dat 

Year 
2008 674281 
2009 685890 
2010 693545 
2011 693705 

Alternative 5 Implied SPR rate 
     Model_Proj.dat 
Equil_Fabc 0.4 
Year 
2008 0.63948 
2009 0.691744 
2010 0.693929 
2011 0.780369 

  Model_Proj.dat 
EquilAvgAgeF0  5.39324 
EquilAvgAgeFabc  4.0977 
AvgAgeYr2011 5.08942 
Alternative 6 Catch
     Model_Proj.dat 
Equil_Fabc 36548.2 
Year 
2008 24539.8 
2009 75920.2 
2010 68608.1 
2011 64883.9 

Alternative 6 ABCs
     Model_Proj.dat 

Year 
2008 75416.2 
2009 75920.2 
2010 68608.1 
2011 64883.9 

Alternative 6 TACs
     Model_Proj.dat 

Year 
2008  NA 
2009 75920.2 
2010 68608.1 
2011 64883.9 

Alternative 6 Sp_Biomass
     Model_Proj.dat 
Equil_Fabc 84471.7 
Year 
2008 148075 
2009 146665 
2010 127214 
2011 117554 

Alternative 6 Fishing Mortality
     Model_Proj.dat 
Equil_Fabc 0.365915 
Year 
2008 0.136371 
2009 0.453097 
2010 0.453097 
2011 0.453097 

Alternative 6 Biomass
     Model_Proj.dat 

Year 
2008 674281 
2009 685890 
2010 643435 
2011 606324 

Alternative 6 Implied SPR rate 
     Model_Proj.dat 
Equil_Fabc 0.4 
Year 
2008 0.63948 
2009 0.35 
2010 0.35 
2011 0.35 

  Model_Proj.dat 
EquilAvgAgeF0  5.39324 
EquilAvgAgeFabc  4.0977 
AvgAgeYr2011 4.57314 
Alternative 7 Catch
     Model_Proj.dat 
Equil_Fabc 36548.2 
Year 
2008 24539.8 
2009 62563.5 
2010 58489.4 
2011 68881.8 

Alternative 7 ABCs
     Model_Proj.dat 

Year 
2008 75416.2 
2009 75920.2 
2010 71072.4 
2011 68881.9 

Alternative 7 TACs
     Model_Proj.dat 

Year 
2008  NA 
2009 75920.2 
2010 71072.4 
2011 68881.9 

Alternative 7 Sp_Biomass
     Model_Proj.dat 
Equil_Fabc 84471.7 
Year 
2008 148075 
2009 146665 
2010 132758 
2011 126383 

Alternative 7 Fishing Mortality
     Model_Proj.dat 
Equil_Fabc 0.365915 
Year 
2008 0.136371 
2009 0.365915 
2010 0.365915 
2011 0.453097 

Alternative 7 Biomass
     Model_Proj.dat 

Year 
2008 674281 
2009 685890 
2010 655291 
2011 625809 

Alternative 7 Implied SPR rate 
     Model_Proj.dat 
Equil_Fabc 0.4 
Year 
2008 0.63948 
2009 0.4 
2010 0.4 
2011 0.35 

  Model_Proj.dat 
EquilAvgAgeF0  5.39324 
EquilAvgAgeFabc  4.0977 
AvgAgeYr2011 4.63412 
