Model_Proj.dat 1 2012 Cabc 33964
Model_Proj.dat 1 2012 Cofl 37051.5
Model_Proj.dat 1 2012 CLCI 11367.5
Model_Proj.dat 1 2012 CUCI 11367.5
Model_Proj.dat 1 2012 CMedian 11367.5
Model_Proj.dat 1 2012 CMean 11367.5
Model_Proj.dat 1 2012 CStdn 9.09495e-12
Model_Proj.dat 1 2013 Cabc 33964
Model_Proj.dat 1 2013 Cofl 37051.5
Model_Proj.dat 1 2013 CLCI 17354.8
Model_Proj.dat 1 2013 CUCI 17354.8
Model_Proj.dat 1 2013 CMedian 17354.8
Model_Proj.dat 1 2013 CMean 17354.8
Model_Proj.dat 1 2013 CStdn 1.64999e-05
Model_Proj.dat 1 2014 Cabc 33964
Model_Proj.dat 1 2014 Cofl 37051.5
Model_Proj.dat 1 2014 CLCI 16512.3
Model_Proj.dat 1 2014 CUCI 16512.3
Model_Proj.dat 1 2014 CMedian 16512.3
Model_Proj.dat 1 2014 CMean 16512.3
Model_Proj.dat 1 2014 CStdn 0.00739994
Model_Proj.dat 1 2012 SSBF100 191035
Model_Proj.dat 1 2012 SSBFabc 76414.1
Model_Proj.dat 1 2012 SSBFofl 66862.4
Model_Proj.dat 1 2012 SSBLCI 155439
Model_Proj.dat 1 2012 SSBUCI 155439
Model_Proj.dat 1 2012 SSBMedian 155439
Model_Proj.dat 1 2012 SSBMean 155439
Model_Proj.dat 1 2013 SSBF100 191035
Model_Proj.dat 1 2013 SSBFabc 76414.1
Model_Proj.dat 1 2013 SSBFofl 66862.4
Model_Proj.dat 1 2013 SSBLCI 156091
Model_Proj.dat 1 2013 SSBUCI 156101
Model_Proj.dat 1 2013 SSBMedian 156095
Model_Proj.dat 1 2013 SSBMean 156095
Model_Proj.dat 1 2014 SSBF100 191035
Model_Proj.dat 1 2014 SSBFabc 76414.1
Model_Proj.dat 1 2014 SSBFofl 66862.4
Model_Proj.dat 1 2014 SSBLCI 150228
Model_Proj.dat 1 2014 SSBUCI 150286
Model_Proj.dat 1 2014 SSBMedian 150249
Model_Proj.dat 1 2014 SSBMean 150252
Model_Proj.dat 1 2012 F0 0 
Model_Proj.dat 1 2012 Fabc 0.383378
Model_Proj.dat 1 2012 Fofl 0.474532
Model_Proj.dat 1 2012  F_LCI 0.063905
Model_Proj.dat 1 2012  F_UCI 0.063905
Model_Proj.dat 1 2012  F_Median 0.063905
Model_Proj.dat 1 2012  F_Mean 0.063905
Model_Proj.dat 1 2013 F0 0 
Model_Proj.dat 1 2013 Fabc 0.383378
Model_Proj.dat 1 2013 Fofl 0.474532
Model_Proj.dat 1 2013  F_LCI 0.0999196
Model_Proj.dat 1 2013  F_UCI 0.0999346
Model_Proj.dat 1 2013  F_Median 0.0999296
Model_Proj.dat 1 2013  F_Mean 0.0999289
Model_Proj.dat 1 2014 F0 0 
Model_Proj.dat 1 2014 Fabc 0.383378
Model_Proj.dat 1 2014 Fofl 0.474532
Model_Proj.dat 1 2014  F_LCI 0.0991096
Model_Proj.dat 1 2014  F_UCI 0.0992429
Model_Proj.dat 1 2014  F_Median 0.0991987
Model_Proj.dat 1 2014  F_Mean 0.0991911
Model_Proj.dat 2 2012 Cabc 33964
Model_Proj.dat 2 2012 Cofl 37051.5
Model_Proj.dat 2 2012 CLCI 11367.5
Model_Proj.dat 2 2012 CUCI 11367.5
Model_Proj.dat 2 2012 CMedian 11367.5
Model_Proj.dat 2 2012 CMean 11367.5
Model_Proj.dat 2 2012 CStdn 9.09495e-12
Model_Proj.dat 2 2013 Cabc 33964
Model_Proj.dat 2 2013 Cofl 37051.5
Model_Proj.dat 2 2013 CLCI 17354.8
Model_Proj.dat 2 2013 CUCI 17354.8
Model_Proj.dat 2 2013 CMedian 17354.8
Model_Proj.dat 2 2013 CMean 17354.8
Model_Proj.dat 2 2013 CStdn 1.64999e-05
Model_Proj.dat 2 2014 Cabc 33964
Model_Proj.dat 2 2014 Cofl 37051.5
Model_Proj.dat 2 2014 CLCI 16512.3
Model_Proj.dat 2 2014 CUCI 16512.3
Model_Proj.dat 2 2014 CMedian 16512.3
Model_Proj.dat 2 2014 CMean 16512.3
Model_Proj.dat 2 2014 CStdn 0.00739994
Model_Proj.dat 2 2012 SSBF100 191035
Model_Proj.dat 2 2012 SSBFabc 76414.1
Model_Proj.dat 2 2012 SSBFofl 66862.4
Model_Proj.dat 2 2012 SSBLCI 155439
Model_Proj.dat 2 2012 SSBUCI 155439
Model_Proj.dat 2 2012 SSBMedian 155439
Model_Proj.dat 2 2012 SSBMean 155439
Model_Proj.dat 2 2013 SSBF100 191035
Model_Proj.dat 2 2013 SSBFabc 76414.1
Model_Proj.dat 2 2013 SSBFofl 66862.4
Model_Proj.dat 2 2013 SSBLCI 156091
Model_Proj.dat 2 2013 SSBUCI 156101
Model_Proj.dat 2 2013 SSBMedian 156095
Model_Proj.dat 2 2013 SSBMean 156095
Model_Proj.dat 2 2014 SSBF100 191035
Model_Proj.dat 2 2014 SSBFabc 76414.1
Model_Proj.dat 2 2014 SSBFofl 66862.4
Model_Proj.dat 2 2014 SSBLCI 150228
Model_Proj.dat 2 2014 SSBUCI 150286
Model_Proj.dat 2 2014 SSBMedian 150249
Model_Proj.dat 2 2014 SSBMean 150252
Model_Proj.dat 2 2012 F0 0 
Model_Proj.dat 2 2012 Fabc 0.383378
Model_Proj.dat 2 2012 Fofl 0.474532
Model_Proj.dat 2 2012  F_LCI 0.063905
Model_Proj.dat 2 2012  F_UCI 0.063905
Model_Proj.dat 2 2012  F_Median 0.063905
Model_Proj.dat 2 2012  F_Mean 0.063905
Model_Proj.dat 2 2013 F0 0 
Model_Proj.dat 2 2013 Fabc 0.383378
Model_Proj.dat 2 2013 Fofl 0.474532
Model_Proj.dat 2 2013  F_LCI 0.0999196
Model_Proj.dat 2 2013  F_UCI 0.0999346
Model_Proj.dat 2 2013  F_Median 0.0999296
Model_Proj.dat 2 2013  F_Mean 0.0999289
Model_Proj.dat 2 2014 F0 0 
Model_Proj.dat 2 2014 Fabc 0.383378
Model_Proj.dat 2 2014 Fofl 0.474532
Model_Proj.dat 2 2014  F_LCI 0.0991096
Model_Proj.dat 2 2014  F_UCI 0.0992429
Model_Proj.dat 2 2014  F_Median 0.0991987
Model_Proj.dat 2 2014  F_Mean 0.0991911
Model_Proj.dat 3 2012 Cabc 33964
Model_Proj.dat 3 2012 Cofl 37051.5
Model_Proj.dat 3 2012 CLCI 11367.5
Model_Proj.dat 3 2012 CUCI 11367.5
Model_Proj.dat 3 2012 CMedian 11367.5
Model_Proj.dat 3 2012 CMean 11367.5
Model_Proj.dat 3 2012 CStdn 9.09495e-12
Model_Proj.dat 3 2013 Cabc 33964
Model_Proj.dat 3 2013 Cofl 37051.5
Model_Proj.dat 3 2013 CLCI 17354.8
Model_Proj.dat 3 2013 CUCI 17354.8
Model_Proj.dat 3 2013 CMedian 17354.8
Model_Proj.dat 3 2013 CMean 17354.8
Model_Proj.dat 3 2013 CStdn 1.64999e-05
Model_Proj.dat 3 2014 Cabc 33964
Model_Proj.dat 3 2014 Cofl 37051.5
Model_Proj.dat 3 2014 CLCI 16512.3
Model_Proj.dat 3 2014 CUCI 16512.3
Model_Proj.dat 3 2014 CMedian 16512.3
Model_Proj.dat 3 2014 CMean 16512.3
Model_Proj.dat 3 2014 CStdn 0.00739994
Model_Proj.dat 3 2012 SSBF100 191035
Model_Proj.dat 3 2012 SSBFabc 76414.1
Model_Proj.dat 3 2012 SSBFofl 66862.4
Model_Proj.dat 3 2012 SSBLCI 155439
Model_Proj.dat 3 2012 SSBUCI 155439
Model_Proj.dat 3 2012 SSBMedian 155439
Model_Proj.dat 3 2012 SSBMean 155439
Model_Proj.dat 3 2013 SSBF100 191035
Model_Proj.dat 3 2013 SSBFabc 76414.1
Model_Proj.dat 3 2013 SSBFofl 66862.4
Model_Proj.dat 3 2013 SSBLCI 156091
Model_Proj.dat 3 2013 SSBUCI 156101
Model_Proj.dat 3 2013 SSBMedian 156095
Model_Proj.dat 3 2013 SSBMean 156095
Model_Proj.dat 3 2014 SSBF100 191035
Model_Proj.dat 3 2014 SSBFabc 76414.1
Model_Proj.dat 3 2014 SSBFofl 66862.4
Model_Proj.dat 3 2014 SSBLCI 150228
Model_Proj.dat 3 2014 SSBUCI 150286
Model_Proj.dat 3 2014 SSBMedian 150249
Model_Proj.dat 3 2014 SSBMean 150252
Model_Proj.dat 3 2012 F0 0 
Model_Proj.dat 3 2012 Fabc 0.383378
Model_Proj.dat 3 2012 Fofl 0.474532
Model_Proj.dat 3 2012  F_LCI 0.063905
Model_Proj.dat 3 2012  F_UCI 0.063905
Model_Proj.dat 3 2012  F_Median 0.063905
Model_Proj.dat 3 2012  F_Mean 0.063905
Model_Proj.dat 3 2013 F0 0 
Model_Proj.dat 3 2013 Fabc 0.383378
Model_Proj.dat 3 2013 Fofl 0.474532
Model_Proj.dat 3 2013  F_LCI 0.0999196
Model_Proj.dat 3 2013  F_UCI 0.0999346
Model_Proj.dat 3 2013  F_Median 0.0999296
Model_Proj.dat 3 2013  F_Mean 0.0999289
Model_Proj.dat 3 2014 F0 0 
Model_Proj.dat 3 2014 Fabc 0.383378
Model_Proj.dat 3 2014 Fofl 0.474532
Model_Proj.dat 3 2014  F_LCI 0.0991096
Model_Proj.dat 3 2014  F_UCI 0.0992429
Model_Proj.dat 3 2014  F_Median 0.0991987
Model_Proj.dat 3 2014  F_Mean 0.0991911
Model_Proj.dat 4 2012 Cabc 33964
Model_Proj.dat 4 2012 Cofl 37051.5
Model_Proj.dat 4 2012 CLCI 11367.5
Model_Proj.dat 4 2012 CUCI 11367.5
Model_Proj.dat 4 2012 CMedian 11367.5
Model_Proj.dat 4 2012 CMean 11367.5
Model_Proj.dat 4 2012 CStdn 9.09495e-12
Model_Proj.dat 4 2013 Cabc 33964
Model_Proj.dat 4 2013 Cofl 37051.5
Model_Proj.dat 4 2013 CLCI 17354.8
Model_Proj.dat 4 2013 CUCI 17354.8
Model_Proj.dat 4 2013 CMedian 17354.8
Model_Proj.dat 4 2013 CMean 17354.8
Model_Proj.dat 4 2013 CStdn 1.64999e-05
Model_Proj.dat 4 2014 Cabc 33964
Model_Proj.dat 4 2014 Cofl 37051.5
Model_Proj.dat 4 2014 CLCI 16512.3
Model_Proj.dat 4 2014 CUCI 16512.3
Model_Proj.dat 4 2014 CMedian 16512.3
Model_Proj.dat 4 2014 CMean 16512.3
Model_Proj.dat 4 2014 CStdn 0.00739994
Model_Proj.dat 4 2012 SSBF100 191035
Model_Proj.dat 4 2012 SSBFabc 76414.1
Model_Proj.dat 4 2012 SSBFofl 66862.4
Model_Proj.dat 4 2012 SSBLCI 155439
Model_Proj.dat 4 2012 SSBUCI 155439
Model_Proj.dat 4 2012 SSBMedian 155439
Model_Proj.dat 4 2012 SSBMean 155439
Model_Proj.dat 4 2013 SSBF100 191035
Model_Proj.dat 4 2013 SSBFabc 76414.1
Model_Proj.dat 4 2013 SSBFofl 66862.4
Model_Proj.dat 4 2013 SSBLCI 156091
Model_Proj.dat 4 2013 SSBUCI 156101
Model_Proj.dat 4 2013 SSBMedian 156095
Model_Proj.dat 4 2013 SSBMean 156095
Model_Proj.dat 4 2014 SSBF100 191035
Model_Proj.dat 4 2014 SSBFabc 76414.1
Model_Proj.dat 4 2014 SSBFofl 66862.4
Model_Proj.dat 4 2014 SSBLCI 150228
Model_Proj.dat 4 2014 SSBUCI 150286
Model_Proj.dat 4 2014 SSBMedian 150249
Model_Proj.dat 4 2014 SSBMean 150252
Model_Proj.dat 4 2012 F0 0 
Model_Proj.dat 4 2012 Fabc 0.383378
Model_Proj.dat 4 2012 Fofl 0.474532
Model_Proj.dat 4 2012  F_LCI 0.063905
Model_Proj.dat 4 2012  F_UCI 0.063905
Model_Proj.dat 4 2012  F_Median 0.063905
Model_Proj.dat 4 2012  F_Mean 0.063905
Model_Proj.dat 4 2013 F0 0 
Model_Proj.dat 4 2013 Fabc 0.383378
Model_Proj.dat 4 2013 Fofl 0.474532
Model_Proj.dat 4 2013  F_LCI 0.0999196
Model_Proj.dat 4 2013  F_UCI 0.0999346
Model_Proj.dat 4 2013  F_Median 0.0999296
Model_Proj.dat 4 2013  F_Mean 0.0999289
Model_Proj.dat 4 2014 F0 0 
Model_Proj.dat 4 2014 Fabc 0.383378
Model_Proj.dat 4 2014 Fofl 0.474532
Model_Proj.dat 4 2014  F_LCI 0.0991096
Model_Proj.dat 4 2014  F_UCI 0.0992429
Model_Proj.dat 4 2014  F_Median 0.0991987
Model_Proj.dat 4 2014  F_Mean 0.0991911
Model_Proj.dat 5 2012 Cabc 33964
Model_Proj.dat 5 2012 Cofl 37051.5
Model_Proj.dat 5 2012 CLCI 11367.5
Model_Proj.dat 5 2012 CUCI 11367.5
Model_Proj.dat 5 2012 CMedian 11367.5
Model_Proj.dat 5 2012 CMean 11367.5
Model_Proj.dat 5 2012 CStdn 9.09495e-12
Model_Proj.dat 5 2013 Cabc 33964
Model_Proj.dat 5 2013 Cofl 37051.5
Model_Proj.dat 5 2013 CLCI 17354.8
Model_Proj.dat 5 2013 CUCI 17354.8
Model_Proj.dat 5 2013 CMedian 17354.8
Model_Proj.dat 5 2013 CMean 17354.8
Model_Proj.dat 5 2013 CStdn 1.64999e-05
Model_Proj.dat 5 2014 Cabc 33964
Model_Proj.dat 5 2014 Cofl 37051.5
Model_Proj.dat 5 2014 CLCI 16512.3
Model_Proj.dat 5 2014 CUCI 16512.3
Model_Proj.dat 5 2014 CMedian 16512.3
Model_Proj.dat 5 2014 CMean 16512.3
Model_Proj.dat 5 2014 CStdn 0.00739994
Model_Proj.dat 5 2012 SSBF100 191035
Model_Proj.dat 5 2012 SSBFabc 76414.1
Model_Proj.dat 5 2012 SSBFofl 66862.4
Model_Proj.dat 5 2012 SSBLCI 155439
Model_Proj.dat 5 2012 SSBUCI 155439
Model_Proj.dat 5 2012 SSBMedian 155439
Model_Proj.dat 5 2012 SSBMean 155439
Model_Proj.dat 5 2013 SSBF100 191035
Model_Proj.dat 5 2013 SSBFabc 76414.1
Model_Proj.dat 5 2013 SSBFofl 66862.4
Model_Proj.dat 5 2013 SSBLCI 156091
Model_Proj.dat 5 2013 SSBUCI 156101
Model_Proj.dat 5 2013 SSBMedian 156095
Model_Proj.dat 5 2013 SSBMean 156095
Model_Proj.dat 5 2014 SSBF100 191035
Model_Proj.dat 5 2014 SSBFabc 76414.1
Model_Proj.dat 5 2014 SSBFofl 66862.4
Model_Proj.dat 5 2014 SSBLCI 150228
Model_Proj.dat 5 2014 SSBUCI 150286
Model_Proj.dat 5 2014 SSBMedian 150249
Model_Proj.dat 5 2014 SSBMean 150252
Model_Proj.dat 5 2012 F0 0 
Model_Proj.dat 5 2012 Fabc 0.383378
Model_Proj.dat 5 2012 Fofl 0.474532
Model_Proj.dat 5 2012  F_LCI 0.063905
Model_Proj.dat 5 2012  F_UCI 0.063905
Model_Proj.dat 5 2012  F_Median 0.063905
Model_Proj.dat 5 2012  F_Mean 0.063905
Model_Proj.dat 5 2013 F0 0 
Model_Proj.dat 5 2013 Fabc 0.383378
Model_Proj.dat 5 2013 Fofl 0.474532
Model_Proj.dat 5 2013  F_LCI 0.0999196
Model_Proj.dat 5 2013  F_UCI 0.0999346
Model_Proj.dat 5 2013  F_Median 0.0999296
Model_Proj.dat 5 2013  F_Mean 0.0999289
Model_Proj.dat 5 2014 F0 0 
Model_Proj.dat 5 2014 Fabc 0.383378
Model_Proj.dat 5 2014 Fofl 0.474532
Model_Proj.dat 5 2014  F_LCI 0.0991096
Model_Proj.dat 5 2014  F_UCI 0.0992429
Model_Proj.dat 5 2014  F_Median 0.0991987
Model_Proj.dat 5 2014  F_Mean 0.0991911
Model_Proj.dat 6 2012 Cabc 33964
Model_Proj.dat 6 2012 Cofl 37051.5
Model_Proj.dat 6 2012 CLCI 11367.5
Model_Proj.dat 6 2012 CUCI 11367.5
Model_Proj.dat 6 2012 CMedian 11367.5
Model_Proj.dat 6 2012 CMean 11367.5
Model_Proj.dat 6 2012 CStdn 9.09495e-12
Model_Proj.dat 6 2013 Cabc 33964
Model_Proj.dat 6 2013 Cofl 37051.5
Model_Proj.dat 6 2013 CLCI 75063.9
Model_Proj.dat 6 2013 CUCI 75075
Model_Proj.dat 6 2013 CMedian 75068.2
Model_Proj.dat 6 2013 CMean 75068.8
Model_Proj.dat 6 2013 CStdn 3.99357
Model_Proj.dat 6 2014 Cabc 33964
Model_Proj.dat 6 2014 Cofl 37051.5
Model_Proj.dat 6 2014 CLCI 60078.3
Model_Proj.dat 6 2014 CUCI 60179.2
Model_Proj.dat 6 2014 CMedian 60112.8
Model_Proj.dat 6 2014 CMean 60118.7
Model_Proj.dat 6 2014 CStdn 33.3198
Model_Proj.dat 6 2012 SSBF100 191035
Model_Proj.dat 6 2012 SSBFabc 76414.1
Model_Proj.dat 6 2012 SSBFofl 66862.4
Model_Proj.dat 6 2012 SSBLCI 155439
Model_Proj.dat 6 2012 SSBUCI 155439
Model_Proj.dat 6 2012 SSBMedian 155439
Model_Proj.dat 6 2012 SSBMean 155439
Model_Proj.dat 6 2013 SSBF100 191035
Model_Proj.dat 6 2013 SSBFabc 76414.1
Model_Proj.dat 6 2013 SSBFofl 66862.4
Model_Proj.dat 6 2013 SSBLCI 156091
Model_Proj.dat 6 2013 SSBUCI 156101
Model_Proj.dat 6 2013 SSBMedian 156095
Model_Proj.dat 6 2013 SSBMean 156095
Model_Proj.dat 6 2014 SSBF100 191035
Model_Proj.dat 6 2014 SSBFabc 76414.1
Model_Proj.dat 6 2014 SSBFofl 66862.4
Model_Proj.dat 6 2014 SSBLCI 123333
Model_Proj.dat 6 2014 SSBUCI 123390
Model_Proj.dat 6 2014 SSBMedian 123354
Model_Proj.dat 6 2014 SSBMean 123357
Model_Proj.dat 6 2012 F0 0 
Model_Proj.dat 6 2012 Fabc 0.383378
Model_Proj.dat 6 2012 Fofl 0.474532
Model_Proj.dat 6 2012  F_LCI 0.063905
Model_Proj.dat 6 2012  F_UCI 0.063905
Model_Proj.dat 6 2012  F_Median 0.063905
Model_Proj.dat 6 2012  F_Mean 0.063905
Model_Proj.dat 6 2013 F0 0 
Model_Proj.dat 6 2013 Fabc 0.383378
Model_Proj.dat 6 2013 Fofl 0.474532
Model_Proj.dat 6 2013  F_LCI 0.474532
Model_Proj.dat 6 2013  F_UCI 0.474532
Model_Proj.dat 6 2013  F_Median 0.474532
Model_Proj.dat 6 2013  F_Mean 0.474532
Model_Proj.dat 6 2014 F0 0 
Model_Proj.dat 6 2014 Fabc 0.383378
Model_Proj.dat 6 2014 Fofl 0.474532
Model_Proj.dat 6 2014  F_LCI 0.474532
Model_Proj.dat 6 2014  F_UCI 0.474532
Model_Proj.dat 6 2014  F_Median 0.474532
Model_Proj.dat 6 2014  F_Mean 0.474532
Model_Proj.dat 7 2012 Cabc 33964
Model_Proj.dat 7 2012 Cofl 37051.5
Model_Proj.dat 7 2012 CLCI 11367.5
Model_Proj.dat 7 2012 CUCI 11367.5
Model_Proj.dat 7 2012 CMedian 11367.5
Model_Proj.dat 7 2012 CMean 11367.5
Model_Proj.dat 7 2012 CStdn 9.09495e-12
Model_Proj.dat 7 2013 Cabc 33964
Model_Proj.dat 7 2013 Cofl 37051.5
Model_Proj.dat 7 2013 CLCI 62010
Model_Proj.dat 7 2013 CUCI 62018.9
Model_Proj.dat 7 2013 CMedian 62013.4
Model_Proj.dat 7 2013 CMean 62013.9
Model_Proj.dat 7 2013 CStdn 3.22661
Model_Proj.dat 7 2014 Cabc 33964
Model_Proj.dat 7 2014 Cofl 37051.5
Model_Proj.dat 7 2014 CLCI 51791.1
Model_Proj.dat 7 2014 CUCI 51872.6
Model_Proj.dat 7 2014 CMedian 51818.9
Model_Proj.dat 7 2014 CMean 51823.7
Model_Proj.dat 7 2014 CStdn 26.9293
Model_Proj.dat 7 2012 SSBF100 191035
Model_Proj.dat 7 2012 SSBFabc 76414.1
Model_Proj.dat 7 2012 SSBFofl 66862.4
Model_Proj.dat 7 2012 SSBLCI 155439
Model_Proj.dat 7 2012 SSBUCI 155439
Model_Proj.dat 7 2012 SSBMedian 155439
Model_Proj.dat 7 2012 SSBMean 155439
Model_Proj.dat 7 2013 SSBF100 191035
Model_Proj.dat 7 2013 SSBFabc 76414.1
Model_Proj.dat 7 2013 SSBFofl 66862.4
Model_Proj.dat 7 2013 SSBLCI 156091
Model_Proj.dat 7 2013 SSBUCI 156101
Model_Proj.dat 7 2013 SSBMedian 156095
Model_Proj.dat 7 2013 SSBMean 156095
Model_Proj.dat 7 2014 SSBF100 191035
Model_Proj.dat 7 2014 SSBFabc 76414.1
Model_Proj.dat 7 2014 SSBFofl 66862.4
Model_Proj.dat 7 2014 SSBLCI 129322
Model_Proj.dat 7 2014 SSBUCI 129380
Model_Proj.dat 7 2014 SSBMedian 129343
Model_Proj.dat 7 2014 SSBMean 129346
Model_Proj.dat 7 2012 F0 0 
Model_Proj.dat 7 2012 Fabc 0.383378
Model_Proj.dat 7 2012 Fofl 0.474532
Model_Proj.dat 7 2012  F_LCI 0.063905
Model_Proj.dat 7 2012  F_UCI 0.063905
Model_Proj.dat 7 2012  F_Median 0.063905
Model_Proj.dat 7 2012  F_Mean 0.063905
Model_Proj.dat 7 2013 F0 0 
Model_Proj.dat 7 2013 Fabc 0.383378
Model_Proj.dat 7 2013 Fofl 0.474532
Model_Proj.dat 7 2013  F_LCI 0.383378
Model_Proj.dat 7 2013  F_UCI 0.383378
Model_Proj.dat 7 2013  F_Median 0.383378
Model_Proj.dat 7 2013  F_Mean 0.383378
Model_Proj.dat 7 2014 F0 0 
Model_Proj.dat 7 2014 Fabc 0.383378
Model_Proj.dat 7 2014 Fofl 0.474532
Model_Proj.dat 7 2014  F_LCI 0.383378
Model_Proj.dat 7 2014  F_UCI 0.383378
Model_Proj.dat 7 2014  F_Median 0.383378
Model_Proj.dat 7 2014  F_Mean 0.383378
