Model_Proj.dat 1 2016 Cabc 34253.2
Model_Proj.dat 1 2016 Cofl 37353.4
Model_Proj.dat 1 2016 CLCI 10312.9
Model_Proj.dat 1 2016 CUCI 10312.9
Model_Proj.dat 1 2016 CMedian 10312.9
Model_Proj.dat 1 2016 CMean 10312.9
Model_Proj.dat 1 2016 CStdn 2.54659e-11
Model_Proj.dat 1 2017 Cabc 34253.2
Model_Proj.dat 1 2017 Cofl 37353.4
Model_Proj.dat 1 2017 CLCI 9110.9
Model_Proj.dat 1 2017 CUCI 9110.9
Model_Proj.dat 1 2017 CMedian 9110.9
Model_Proj.dat 1 2017 CMean 9110.9
Model_Proj.dat 1 2017 CStdn 1.06552e-06
Model_Proj.dat 1 2018 Cabc 34253.2
Model_Proj.dat 1 2018 Cofl 37353.4
Model_Proj.dat 1 2018 CLCI 11006.6
Model_Proj.dat 1 2018 CUCI 11006.6
Model_Proj.dat 1 2018 CMedian 11006.6
Model_Proj.dat 1 2018 CMean 11006.6
Model_Proj.dat 1 2018 CStdn 5.19249e-06
Model_Proj.dat 1 2019 Cabc 34253.2
Model_Proj.dat 1 2019 Cofl 37353.4
Model_Proj.dat 1 2019 CLCI 15858.1
Model_Proj.dat 1 2019 CUCI 15858.1
Model_Proj.dat 1 2019 CMedian 15858.1
Model_Proj.dat 1 2019 CMean 15858.1
Model_Proj.dat 1 2019 CStdn 6.23091e-05
Model_Proj.dat 1 2020 Cabc 34253.2
Model_Proj.dat 1 2020 Cofl 37353.4
Model_Proj.dat 1 2020 CLCI 8555.53
Model_Proj.dat 1 2020 CUCI 8555.53
Model_Proj.dat 1 2020 CMedian 8555.53
Model_Proj.dat 1 2020 CMean 8555.53
Model_Proj.dat 1 2020 CStdn 0.00134724
Model_Proj.dat 1 2016 SSBF100 196989
Model_Proj.dat 1 2016 SSBFabc 78795.7
Model_Proj.dat 1 2016 SSBFofl 68946.2
Model_Proj.dat 1 2016 SSBLCI 152626
Model_Proj.dat 1 2016 SSBUCI 152626
Model_Proj.dat 1 2016 SSBMedian 152626
Model_Proj.dat 1 2016 SSBMean 152626
Model_Proj.dat 1 2017 SSBF100 196989
Model_Proj.dat 1 2017 SSBFabc 78795.7
Model_Proj.dat 1 2017 SSBFofl 68946.2
Model_Proj.dat 1 2017 SSBLCI 146809
Model_Proj.dat 1 2017 SSBUCI 146820
Model_Proj.dat 1 2017 SSBMedian 146814
Model_Proj.dat 1 2017 SSBMean 146814
Model_Proj.dat 1 2018 SSBF100 196989
Model_Proj.dat 1 2018 SSBFabc 78795.7
Model_Proj.dat 1 2018 SSBFofl 68946.2
Model_Proj.dat 1 2018 SSBLCI 142132
Model_Proj.dat 1 2018 SSBUCI 142191
Model_Proj.dat 1 2018 SSBMedian 142157
Model_Proj.dat 1 2018 SSBMean 142160
Model_Proj.dat 1 2019 SSBF100 196989
Model_Proj.dat 1 2019 SSBFabc 78795.7
Model_Proj.dat 1 2019 SSBFofl 68946.2
Model_Proj.dat 1 2019 SSBLCI 138316
Model_Proj.dat 1 2019 SSBUCI 138558
Model_Proj.dat 1 2019 SSBMedian 138418
Model_Proj.dat 1 2019 SSBMean 138431
Model_Proj.dat 1 2020 SSBF100 196989
Model_Proj.dat 1 2020 SSBFabc 78795.7
Model_Proj.dat 1 2020 SSBFofl 68946.2
Model_Proj.dat 1 2020 SSBLCI 134919
Model_Proj.dat 1 2020 SSBUCI 135765
Model_Proj.dat 1 2020 SSBMedian 135274
Model_Proj.dat 1 2020 SSBMean 135320
Model_Proj.dat 1 2016 F0 0 
Model_Proj.dat 1 2016 Fabc 0.358454
Model_Proj.dat 1 2016 Fofl 0.443921
Model_Proj.dat 1 2016  F_LCI 0.0570558
Model_Proj.dat 1 2016  F_UCI 0.0570558
Model_Proj.dat 1 2016  F_Median 0.0570558
Model_Proj.dat 1 2016  F_Mean 0.0570558
Model_Proj.dat 1 2017 F0 0 
Model_Proj.dat 1 2017 Fabc 0.358454
Model_Proj.dat 1 2017 Fofl 0.443921
Model_Proj.dat 1 2017  F_LCI 0.0516694
Model_Proj.dat 1 2017  F_UCI 0.0516756
Model_Proj.dat 1 2017  F_Median 0.0516733
Model_Proj.dat 1 2017  F_Mean 0.0516729
Model_Proj.dat 1 2018 F0 0 
Model_Proj.dat 1 2018 Fabc 0.358454
Model_Proj.dat 1 2018 Fofl 0.443921
Model_Proj.dat 1 2018  F_LCI 0.0635386
Model_Proj.dat 1 2018  F_UCI 0.0636095
Model_Proj.dat 1 2018  F_Median 0.0635834
Model_Proj.dat 1 2018  F_Mean 0.063578
Model_Proj.dat 1 2019 F0 0 
Model_Proj.dat 1 2019 Fabc 0.358454
Model_Proj.dat 1 2019 Fofl 0.443921
Model_Proj.dat 1 2019  F_LCI 0.0929575
Model_Proj.dat 1 2019  F_UCI 0.0935314
Model_Proj.dat 1 2019  F_Median 0.0933063
Model_Proj.dat 1 2019  F_Mean 0.0932761
Model_Proj.dat 1 2020 F0 0 
Model_Proj.dat 1 2020 Fabc 0.358454
Model_Proj.dat 1 2020 Fofl 0.443921
Model_Proj.dat 1 2020  F_LCI 0.0498955
Model_Proj.dat 1 2020  F_UCI 0.0509494
Model_Proj.dat 1 2020  F_Median 0.0505498
Model_Proj.dat 1 2020  F_Mean 0.0504978
Model_Proj.dat 2 2016 Cabc 34253.2
Model_Proj.dat 2 2016 Cofl 37353.4
Model_Proj.dat 2 2016 CLCI 10312.9
Model_Proj.dat 2 2016 CUCI 10312.9
Model_Proj.dat 2 2016 CMedian 10312.9
Model_Proj.dat 2 2016 CMean 10312.9
Model_Proj.dat 2 2016 CStdn 2.54659e-11
Model_Proj.dat 2 2017 Cabc 34253.2
Model_Proj.dat 2 2017 Cofl 37353.4
Model_Proj.dat 2 2017 CLCI 9110.9
Model_Proj.dat 2 2017 CUCI 9110.9
Model_Proj.dat 2 2017 CMedian 9110.9
Model_Proj.dat 2 2017 CMean 9110.9
Model_Proj.dat 2 2017 CStdn 1.06552e-06
Model_Proj.dat 2 2018 Cabc 34253.2
Model_Proj.dat 2 2018 Cofl 37353.4
Model_Proj.dat 2 2018 CLCI 11006.6
Model_Proj.dat 2 2018 CUCI 11006.6
Model_Proj.dat 2 2018 CMedian 11006.6
Model_Proj.dat 2 2018 CMean 11006.6
Model_Proj.dat 2 2018 CStdn 5.19249e-06
Model_Proj.dat 2 2019 Cabc 34253.2
Model_Proj.dat 2 2019 Cofl 37353.4
Model_Proj.dat 2 2019 CLCI 15858.1
Model_Proj.dat 2 2019 CUCI 15858.1
Model_Proj.dat 2 2019 CMedian 15858.1
Model_Proj.dat 2 2019 CMean 15858.1
Model_Proj.dat 2 2019 CStdn 6.23091e-05
Model_Proj.dat 2 2020 Cabc 34253.2
Model_Proj.dat 2 2020 Cofl 37353.4
Model_Proj.dat 2 2020 CLCI 8555.53
Model_Proj.dat 2 2020 CUCI 8555.53
Model_Proj.dat 2 2020 CMedian 8555.53
Model_Proj.dat 2 2020 CMean 8555.53
Model_Proj.dat 2 2020 CStdn 0.00134724
Model_Proj.dat 2 2016 SSBF100 196989
Model_Proj.dat 2 2016 SSBFabc 78795.7
Model_Proj.dat 2 2016 SSBFofl 68946.2
Model_Proj.dat 2 2016 SSBLCI 152626
Model_Proj.dat 2 2016 SSBUCI 152626
Model_Proj.dat 2 2016 SSBMedian 152626
Model_Proj.dat 2 2016 SSBMean 152626
Model_Proj.dat 2 2017 SSBF100 196989
Model_Proj.dat 2 2017 SSBFabc 78795.7
Model_Proj.dat 2 2017 SSBFofl 68946.2
Model_Proj.dat 2 2017 SSBLCI 146809
Model_Proj.dat 2 2017 SSBUCI 146820
Model_Proj.dat 2 2017 SSBMedian 146814
Model_Proj.dat 2 2017 SSBMean 146814
Model_Proj.dat 2 2018 SSBF100 196989
Model_Proj.dat 2 2018 SSBFabc 78795.7
Model_Proj.dat 2 2018 SSBFofl 68946.2
Model_Proj.dat 2 2018 SSBLCI 142132
Model_Proj.dat 2 2018 SSBUCI 142191
Model_Proj.dat 2 2018 SSBMedian 142157
Model_Proj.dat 2 2018 SSBMean 142160
Model_Proj.dat 2 2019 SSBF100 196989
Model_Proj.dat 2 2019 SSBFabc 78795.7
Model_Proj.dat 2 2019 SSBFofl 68946.2
Model_Proj.dat 2 2019 SSBLCI 138316
Model_Proj.dat 2 2019 SSBUCI 138558
Model_Proj.dat 2 2019 SSBMedian 138418
Model_Proj.dat 2 2019 SSBMean 138431
Model_Proj.dat 2 2020 SSBF100 196989
Model_Proj.dat 2 2020 SSBFabc 78795.7
Model_Proj.dat 2 2020 SSBFofl 68946.2
Model_Proj.dat 2 2020 SSBLCI 134919
Model_Proj.dat 2 2020 SSBUCI 135765
Model_Proj.dat 2 2020 SSBMedian 135274
Model_Proj.dat 2 2020 SSBMean 135320
Model_Proj.dat 2 2016 F0 0 
Model_Proj.dat 2 2016 Fabc 0.358454
Model_Proj.dat 2 2016 Fofl 0.443921
Model_Proj.dat 2 2016  F_LCI 0.0570558
Model_Proj.dat 2 2016  F_UCI 0.0570558
Model_Proj.dat 2 2016  F_Median 0.0570558
Model_Proj.dat 2 2016  F_Mean 0.0570558
Model_Proj.dat 2 2017 F0 0 
Model_Proj.dat 2 2017 Fabc 0.358454
Model_Proj.dat 2 2017 Fofl 0.443921
Model_Proj.dat 2 2017  F_LCI 0.0516694
Model_Proj.dat 2 2017  F_UCI 0.0516756
Model_Proj.dat 2 2017  F_Median 0.0516733
Model_Proj.dat 2 2017  F_Mean 0.0516729
Model_Proj.dat 2 2018 F0 0 
Model_Proj.dat 2 2018 Fabc 0.358454
Model_Proj.dat 2 2018 Fofl 0.443921
Model_Proj.dat 2 2018  F_LCI 0.0635386
Model_Proj.dat 2 2018  F_UCI 0.0636095
Model_Proj.dat 2 2018  F_Median 0.0635834
Model_Proj.dat 2 2018  F_Mean 0.063578
Model_Proj.dat 2 2019 F0 0 
Model_Proj.dat 2 2019 Fabc 0.358454
Model_Proj.dat 2 2019 Fofl 0.443921
Model_Proj.dat 2 2019  F_LCI 0.0929575
Model_Proj.dat 2 2019  F_UCI 0.0935314
Model_Proj.dat 2 2019  F_Median 0.0933063
Model_Proj.dat 2 2019  F_Mean 0.0932761
Model_Proj.dat 2 2020 F0 0 
Model_Proj.dat 2 2020 Fabc 0.358454
Model_Proj.dat 2 2020 Fofl 0.443921
Model_Proj.dat 2 2020  F_LCI 0.0498955
Model_Proj.dat 2 2020  F_UCI 0.0509494
Model_Proj.dat 2 2020  F_Median 0.0505498
Model_Proj.dat 2 2020  F_Mean 0.0504978
Model_Proj.dat 3 2016 Cabc 34253.2
Model_Proj.dat 3 2016 Cofl 37353.4
Model_Proj.dat 3 2016 CLCI 10312.9
Model_Proj.dat 3 2016 CUCI 10312.9
Model_Proj.dat 3 2016 CMedian 10312.9
Model_Proj.dat 3 2016 CMean 10312.9
Model_Proj.dat 3 2016 CStdn 2.54659e-11
Model_Proj.dat 3 2017 Cabc 34253.2
Model_Proj.dat 3 2017 Cofl 37353.4
Model_Proj.dat 3 2017 CLCI 9110.9
Model_Proj.dat 3 2017 CUCI 9110.9
Model_Proj.dat 3 2017 CMedian 9110.9
Model_Proj.dat 3 2017 CMean 9110.9
Model_Proj.dat 3 2017 CStdn 1.06552e-06
Model_Proj.dat 3 2018 Cabc 34253.2
Model_Proj.dat 3 2018 Cofl 37353.4
Model_Proj.dat 3 2018 CLCI 11006.6
Model_Proj.dat 3 2018 CUCI 11006.6
Model_Proj.dat 3 2018 CMedian 11006.6
Model_Proj.dat 3 2018 CMean 11006.6
Model_Proj.dat 3 2018 CStdn 5.19249e-06
Model_Proj.dat 3 2019 Cabc 34253.2
Model_Proj.dat 3 2019 Cofl 37353.4
Model_Proj.dat 3 2019 CLCI 15858.1
Model_Proj.dat 3 2019 CUCI 15858.1
Model_Proj.dat 3 2019 CMedian 15858.1
Model_Proj.dat 3 2019 CMean 15858.1
Model_Proj.dat 3 2019 CStdn 6.23091e-05
Model_Proj.dat 3 2020 Cabc 34253.2
Model_Proj.dat 3 2020 Cofl 37353.4
Model_Proj.dat 3 2020 CLCI 8555.53
Model_Proj.dat 3 2020 CUCI 8555.53
Model_Proj.dat 3 2020 CMedian 8555.53
Model_Proj.dat 3 2020 CMean 8555.53
Model_Proj.dat 3 2020 CStdn 0.00134724
Model_Proj.dat 3 2016 SSBF100 196989
Model_Proj.dat 3 2016 SSBFabc 78795.7
Model_Proj.dat 3 2016 SSBFofl 68946.2
Model_Proj.dat 3 2016 SSBLCI 152626
Model_Proj.dat 3 2016 SSBUCI 152626
Model_Proj.dat 3 2016 SSBMedian 152626
Model_Proj.dat 3 2016 SSBMean 152626
Model_Proj.dat 3 2017 SSBF100 196989
Model_Proj.dat 3 2017 SSBFabc 78795.7
Model_Proj.dat 3 2017 SSBFofl 68946.2
Model_Proj.dat 3 2017 SSBLCI 146809
Model_Proj.dat 3 2017 SSBUCI 146820
Model_Proj.dat 3 2017 SSBMedian 146814
Model_Proj.dat 3 2017 SSBMean 146814
Model_Proj.dat 3 2018 SSBF100 196989
Model_Proj.dat 3 2018 SSBFabc 78795.7
Model_Proj.dat 3 2018 SSBFofl 68946.2
Model_Proj.dat 3 2018 SSBLCI 142132
Model_Proj.dat 3 2018 SSBUCI 142191
Model_Proj.dat 3 2018 SSBMedian 142157
Model_Proj.dat 3 2018 SSBMean 142160
Model_Proj.dat 3 2019 SSBF100 196989
Model_Proj.dat 3 2019 SSBFabc 78795.7
Model_Proj.dat 3 2019 SSBFofl 68946.2
Model_Proj.dat 3 2019 SSBLCI 138316
Model_Proj.dat 3 2019 SSBUCI 138558
Model_Proj.dat 3 2019 SSBMedian 138418
Model_Proj.dat 3 2019 SSBMean 138431
Model_Proj.dat 3 2020 SSBF100 196989
Model_Proj.dat 3 2020 SSBFabc 78795.7
Model_Proj.dat 3 2020 SSBFofl 68946.2
Model_Proj.dat 3 2020 SSBLCI 134919
Model_Proj.dat 3 2020 SSBUCI 135765
Model_Proj.dat 3 2020 SSBMedian 135274
Model_Proj.dat 3 2020 SSBMean 135320
Model_Proj.dat 3 2016 F0 0 
Model_Proj.dat 3 2016 Fabc 0.358454
Model_Proj.dat 3 2016 Fofl 0.443921
Model_Proj.dat 3 2016  F_LCI 0.0570558
Model_Proj.dat 3 2016  F_UCI 0.0570558
Model_Proj.dat 3 2016  F_Median 0.0570558
Model_Proj.dat 3 2016  F_Mean 0.0570558
Model_Proj.dat 3 2017 F0 0 
Model_Proj.dat 3 2017 Fabc 0.358454
Model_Proj.dat 3 2017 Fofl 0.443921
Model_Proj.dat 3 2017  F_LCI 0.0516694
Model_Proj.dat 3 2017  F_UCI 0.0516756
Model_Proj.dat 3 2017  F_Median 0.0516733
Model_Proj.dat 3 2017  F_Mean 0.0516729
Model_Proj.dat 3 2018 F0 0 
Model_Proj.dat 3 2018 Fabc 0.358454
Model_Proj.dat 3 2018 Fofl 0.443921
Model_Proj.dat 3 2018  F_LCI 0.0635386
Model_Proj.dat 3 2018  F_UCI 0.0636095
Model_Proj.dat 3 2018  F_Median 0.0635834
Model_Proj.dat 3 2018  F_Mean 0.063578
Model_Proj.dat 3 2019 F0 0 
Model_Proj.dat 3 2019 Fabc 0.358454
Model_Proj.dat 3 2019 Fofl 0.443921
Model_Proj.dat 3 2019  F_LCI 0.0929575
Model_Proj.dat 3 2019  F_UCI 0.0935314
Model_Proj.dat 3 2019  F_Median 0.0933063
Model_Proj.dat 3 2019  F_Mean 0.0932761
Model_Proj.dat 3 2020 F0 0 
Model_Proj.dat 3 2020 Fabc 0.358454
Model_Proj.dat 3 2020 Fofl 0.443921
Model_Proj.dat 3 2020  F_LCI 0.0498955
Model_Proj.dat 3 2020  F_UCI 0.0509494
Model_Proj.dat 3 2020  F_Median 0.0505498
Model_Proj.dat 3 2020  F_Mean 0.0504978
Model_Proj.dat 4 2016 Cabc 34253.2
Model_Proj.dat 4 2016 Cofl 37353.4
Model_Proj.dat 4 2016 CLCI 10312.9
Model_Proj.dat 4 2016 CUCI 10312.9
Model_Proj.dat 4 2016 CMedian 10312.9
Model_Proj.dat 4 2016 CMean 10312.9
Model_Proj.dat 4 2016 CStdn 2.54659e-11
Model_Proj.dat 4 2017 Cabc 34253.2
Model_Proj.dat 4 2017 Cofl 37353.4
Model_Proj.dat 4 2017 CLCI 9110.9
Model_Proj.dat 4 2017 CUCI 9110.9
Model_Proj.dat 4 2017 CMedian 9110.9
Model_Proj.dat 4 2017 CMean 9110.9
Model_Proj.dat 4 2017 CStdn 1.06552e-06
Model_Proj.dat 4 2018 Cabc 34253.2
Model_Proj.dat 4 2018 Cofl 37353.4
Model_Proj.dat 4 2018 CLCI 11006.6
Model_Proj.dat 4 2018 CUCI 11006.6
Model_Proj.dat 4 2018 CMedian 11006.6
Model_Proj.dat 4 2018 CMean 11006.6
Model_Proj.dat 4 2018 CStdn 5.19249e-06
Model_Proj.dat 4 2019 Cabc 34253.2
Model_Proj.dat 4 2019 Cofl 37353.4
Model_Proj.dat 4 2019 CLCI 15858.1
Model_Proj.dat 4 2019 CUCI 15858.1
Model_Proj.dat 4 2019 CMedian 15858.1
Model_Proj.dat 4 2019 CMean 15858.1
Model_Proj.dat 4 2019 CStdn 6.23091e-05
Model_Proj.dat 4 2020 Cabc 34253.2
Model_Proj.dat 4 2020 Cofl 37353.4
Model_Proj.dat 4 2020 CLCI 8555.53
Model_Proj.dat 4 2020 CUCI 8555.53
Model_Proj.dat 4 2020 CMedian 8555.53
Model_Proj.dat 4 2020 CMean 8555.53
Model_Proj.dat 4 2020 CStdn 0.00134724
Model_Proj.dat 4 2016 SSBF100 196989
Model_Proj.dat 4 2016 SSBFabc 78795.7
Model_Proj.dat 4 2016 SSBFofl 68946.2
Model_Proj.dat 4 2016 SSBLCI 152626
Model_Proj.dat 4 2016 SSBUCI 152626
Model_Proj.dat 4 2016 SSBMedian 152626
Model_Proj.dat 4 2016 SSBMean 152626
Model_Proj.dat 4 2017 SSBF100 196989
Model_Proj.dat 4 2017 SSBFabc 78795.7
Model_Proj.dat 4 2017 SSBFofl 68946.2
Model_Proj.dat 4 2017 SSBLCI 146809
Model_Proj.dat 4 2017 SSBUCI 146820
Model_Proj.dat 4 2017 SSBMedian 146814
Model_Proj.dat 4 2017 SSBMean 146814
Model_Proj.dat 4 2018 SSBF100 196989
Model_Proj.dat 4 2018 SSBFabc 78795.7
Model_Proj.dat 4 2018 SSBFofl 68946.2
Model_Proj.dat 4 2018 SSBLCI 142132
Model_Proj.dat 4 2018 SSBUCI 142191
Model_Proj.dat 4 2018 SSBMedian 142157
Model_Proj.dat 4 2018 SSBMean 142160
Model_Proj.dat 4 2019 SSBF100 196989
Model_Proj.dat 4 2019 SSBFabc 78795.7
Model_Proj.dat 4 2019 SSBFofl 68946.2
Model_Proj.dat 4 2019 SSBLCI 138316
Model_Proj.dat 4 2019 SSBUCI 138558
Model_Proj.dat 4 2019 SSBMedian 138418
Model_Proj.dat 4 2019 SSBMean 138431
Model_Proj.dat 4 2020 SSBF100 196989
Model_Proj.dat 4 2020 SSBFabc 78795.7
Model_Proj.dat 4 2020 SSBFofl 68946.2
Model_Proj.dat 4 2020 SSBLCI 134919
Model_Proj.dat 4 2020 SSBUCI 135765
Model_Proj.dat 4 2020 SSBMedian 135274
Model_Proj.dat 4 2020 SSBMean 135320
Model_Proj.dat 4 2016 F0 0 
Model_Proj.dat 4 2016 Fabc 0.358454
Model_Proj.dat 4 2016 Fofl 0.443921
Model_Proj.dat 4 2016  F_LCI 0.0570558
Model_Proj.dat 4 2016  F_UCI 0.0570558
Model_Proj.dat 4 2016  F_Median 0.0570558
Model_Proj.dat 4 2016  F_Mean 0.0570558
Model_Proj.dat 4 2017 F0 0 
Model_Proj.dat 4 2017 Fabc 0.358454
Model_Proj.dat 4 2017 Fofl 0.443921
Model_Proj.dat 4 2017  F_LCI 0.0516694
Model_Proj.dat 4 2017  F_UCI 0.0516756
Model_Proj.dat 4 2017  F_Median 0.0516733
Model_Proj.dat 4 2017  F_Mean 0.0516729
Model_Proj.dat 4 2018 F0 0 
Model_Proj.dat 4 2018 Fabc 0.358454
Model_Proj.dat 4 2018 Fofl 0.443921
Model_Proj.dat 4 2018  F_LCI 0.0635386
Model_Proj.dat 4 2018  F_UCI 0.0636095
Model_Proj.dat 4 2018  F_Median 0.0635834
Model_Proj.dat 4 2018  F_Mean 0.063578
Model_Proj.dat 4 2019 F0 0 
Model_Proj.dat 4 2019 Fabc 0.358454
Model_Proj.dat 4 2019 Fofl 0.443921
Model_Proj.dat 4 2019  F_LCI 0.0929575
Model_Proj.dat 4 2019  F_UCI 0.0935314
Model_Proj.dat 4 2019  F_Median 0.0933063
Model_Proj.dat 4 2019  F_Mean 0.0932761
Model_Proj.dat 4 2020 F0 0 
Model_Proj.dat 4 2020 Fabc 0.358454
Model_Proj.dat 4 2020 Fofl 0.443921
Model_Proj.dat 4 2020  F_LCI 0.0498955
Model_Proj.dat 4 2020  F_UCI 0.0509494
Model_Proj.dat 4 2020  F_Median 0.0505498
Model_Proj.dat 4 2020  F_Mean 0.0504978
Model_Proj.dat 5 2016 Cabc 34253.2
Model_Proj.dat 5 2016 Cofl 37353.4
Model_Proj.dat 5 2016 CLCI 10312.9
Model_Proj.dat 5 2016 CUCI 10312.9
Model_Proj.dat 5 2016 CMedian 10312.9
Model_Proj.dat 5 2016 CMean 10312.9
Model_Proj.dat 5 2016 CStdn 2.54659e-11
Model_Proj.dat 5 2017 Cabc 34253.2
Model_Proj.dat 5 2017 Cofl 37353.4
Model_Proj.dat 5 2017 CLCI 9110.9
Model_Proj.dat 5 2017 CUCI 9110.9
Model_Proj.dat 5 2017 CMedian 9110.9
Model_Proj.dat 5 2017 CMean 9110.9
Model_Proj.dat 5 2017 CStdn 1.06552e-06
Model_Proj.dat 5 2018 Cabc 34253.2
Model_Proj.dat 5 2018 Cofl 37353.4
Model_Proj.dat 5 2018 CLCI 11006.6
Model_Proj.dat 5 2018 CUCI 11006.6
Model_Proj.dat 5 2018 CMedian 11006.6
Model_Proj.dat 5 2018 CMean 11006.6
Model_Proj.dat 5 2018 CStdn 5.19249e-06
Model_Proj.dat 5 2019 Cabc 34253.2
Model_Proj.dat 5 2019 Cofl 37353.4
Model_Proj.dat 5 2019 CLCI 15858.1
Model_Proj.dat 5 2019 CUCI 15858.1
Model_Proj.dat 5 2019 CMedian 15858.1
Model_Proj.dat 5 2019 CMean 15858.1
Model_Proj.dat 5 2019 CStdn 6.23091e-05
Model_Proj.dat 5 2020 Cabc 34253.2
Model_Proj.dat 5 2020 Cofl 37353.4
Model_Proj.dat 5 2020 CLCI 8555.53
Model_Proj.dat 5 2020 CUCI 8555.53
Model_Proj.dat 5 2020 CMedian 8555.53
Model_Proj.dat 5 2020 CMean 8555.53
Model_Proj.dat 5 2020 CStdn 0.00134724
Model_Proj.dat 5 2016 SSBF100 196989
Model_Proj.dat 5 2016 SSBFabc 78795.7
Model_Proj.dat 5 2016 SSBFofl 68946.2
Model_Proj.dat 5 2016 SSBLCI 152626
Model_Proj.dat 5 2016 SSBUCI 152626
Model_Proj.dat 5 2016 SSBMedian 152626
Model_Proj.dat 5 2016 SSBMean 152626
Model_Proj.dat 5 2017 SSBF100 196989
Model_Proj.dat 5 2017 SSBFabc 78795.7
Model_Proj.dat 5 2017 SSBFofl 68946.2
Model_Proj.dat 5 2017 SSBLCI 146809
Model_Proj.dat 5 2017 SSBUCI 146820
Model_Proj.dat 5 2017 SSBMedian 146814
Model_Proj.dat 5 2017 SSBMean 146814
Model_Proj.dat 5 2018 SSBF100 196989
Model_Proj.dat 5 2018 SSBFabc 78795.7
Model_Proj.dat 5 2018 SSBFofl 68946.2
Model_Proj.dat 5 2018 SSBLCI 142132
Model_Proj.dat 5 2018 SSBUCI 142191
Model_Proj.dat 5 2018 SSBMedian 142157
Model_Proj.dat 5 2018 SSBMean 142160
Model_Proj.dat 5 2019 SSBF100 196989
Model_Proj.dat 5 2019 SSBFabc 78795.7
Model_Proj.dat 5 2019 SSBFofl 68946.2
Model_Proj.dat 5 2019 SSBLCI 138316
Model_Proj.dat 5 2019 SSBUCI 138558
Model_Proj.dat 5 2019 SSBMedian 138418
Model_Proj.dat 5 2019 SSBMean 138431
Model_Proj.dat 5 2020 SSBF100 196989
Model_Proj.dat 5 2020 SSBFabc 78795.7
Model_Proj.dat 5 2020 SSBFofl 68946.2
Model_Proj.dat 5 2020 SSBLCI 134919
Model_Proj.dat 5 2020 SSBUCI 135765
Model_Proj.dat 5 2020 SSBMedian 135274
Model_Proj.dat 5 2020 SSBMean 135320
Model_Proj.dat 5 2016 F0 0 
Model_Proj.dat 5 2016 Fabc 0.358454
Model_Proj.dat 5 2016 Fofl 0.443921
Model_Proj.dat 5 2016  F_LCI 0.0570558
Model_Proj.dat 5 2016  F_UCI 0.0570558
Model_Proj.dat 5 2016  F_Median 0.0570558
Model_Proj.dat 5 2016  F_Mean 0.0570558
Model_Proj.dat 5 2017 F0 0 
Model_Proj.dat 5 2017 Fabc 0.358454
Model_Proj.dat 5 2017 Fofl 0.443921
Model_Proj.dat 5 2017  F_LCI 0.0516694
Model_Proj.dat 5 2017  F_UCI 0.0516756
Model_Proj.dat 5 2017  F_Median 0.0516733
Model_Proj.dat 5 2017  F_Mean 0.0516729
Model_Proj.dat 5 2018 F0 0 
Model_Proj.dat 5 2018 Fabc 0.358454
Model_Proj.dat 5 2018 Fofl 0.443921
Model_Proj.dat 5 2018  F_LCI 0.0635386
Model_Proj.dat 5 2018  F_UCI 0.0636095
Model_Proj.dat 5 2018  F_Median 0.0635834
Model_Proj.dat 5 2018  F_Mean 0.063578
Model_Proj.dat 5 2019 F0 0 
Model_Proj.dat 5 2019 Fabc 0.358454
Model_Proj.dat 5 2019 Fofl 0.443921
Model_Proj.dat 5 2019  F_LCI 0.0929575
Model_Proj.dat 5 2019  F_UCI 0.0935314
Model_Proj.dat 5 2019  F_Median 0.0933063
Model_Proj.dat 5 2019  F_Mean 0.0932761
Model_Proj.dat 5 2020 F0 0 
Model_Proj.dat 5 2020 Fabc 0.358454
Model_Proj.dat 5 2020 Fofl 0.443921
Model_Proj.dat 5 2020  F_LCI 0.0498955
Model_Proj.dat 5 2020  F_UCI 0.0509494
Model_Proj.dat 5 2020  F_Median 0.0505498
Model_Proj.dat 5 2020  F_Mean 0.0504978
Model_Proj.dat 6 2016 Cabc 34253.2
Model_Proj.dat 6 2016 Cofl 37353.4
Model_Proj.dat 6 2016 CLCI 10312.9
Model_Proj.dat 6 2016 CUCI 10312.9
Model_Proj.dat 6 2016 CMedian 10312.9
Model_Proj.dat 6 2016 CMean 10312.9
Model_Proj.dat 6 2016 CStdn 2.54659e-11
Model_Proj.dat 6 2017 Cabc 34253.2
Model_Proj.dat 6 2017 Cofl 37353.4
Model_Proj.dat 6 2017 CLCI 70308.4
Model_Proj.dat 6 2017 CUCI 70317.4
Model_Proj.dat 6 2017 CMedian 70311.9
Model_Proj.dat 6 2017 CMean 70312.5
Model_Proj.dat 6 2017 CStdn 3.22997
Model_Proj.dat 6 2018 Cabc 34253.2
Model_Proj.dat 6 2018 Cofl 37353.4
Model_Proj.dat 6 2018 CLCI 56776.8
Model_Proj.dat 6 2018 CUCI 56862.4
Model_Proj.dat 6 2018 CMedian 56809.3
Model_Proj.dat 6 2018 CMean 56816
Model_Proj.dat 6 2018 CStdn 29.6995
Model_Proj.dat 6 2019 Cabc 34253.2
Model_Proj.dat 6 2019 Cofl 37353.4
Model_Proj.dat 6 2019 CLCI 48266.1
Model_Proj.dat 6 2019 CUCI 48694
Model_Proj.dat 6 2019 CMedian 48443.1
Model_Proj.dat 6 2019 CMean 48467.1
Model_Proj.dat 6 2019 CStdn 148.663
Model_Proj.dat 6 2020 Cabc 34253.2
Model_Proj.dat 6 2020 Cofl 37353.4
Model_Proj.dat 6 2020 CLCI 42911.4
Model_Proj.dat 6 2020 CUCI 44379
Model_Proj.dat 6 2020 CMedian 43520.2
Model_Proj.dat 6 2020 CMean 43602.5
Model_Proj.dat 6 2020 CStdn 483.167
Model_Proj.dat 6 2016 SSBF100 196989
Model_Proj.dat 6 2016 SSBFabc 78795.7
Model_Proj.dat 6 2016 SSBFofl 68946.2
Model_Proj.dat 6 2016 SSBLCI 152626
Model_Proj.dat 6 2016 SSBUCI 152626
Model_Proj.dat 6 2016 SSBMedian 152626
Model_Proj.dat 6 2016 SSBMean 152626
Model_Proj.dat 6 2017 SSBF100 196989
Model_Proj.dat 6 2017 SSBFabc 78795.7
Model_Proj.dat 6 2017 SSBFofl 68946.2
Model_Proj.dat 6 2017 SSBLCI 146809
Model_Proj.dat 6 2017 SSBUCI 146820
Model_Proj.dat 6 2017 SSBMedian 146814
Model_Proj.dat 6 2017 SSBMean 146814
Model_Proj.dat 6 2018 SSBF100 196989
Model_Proj.dat 6 2018 SSBFabc 78795.7
Model_Proj.dat 6 2018 SSBFofl 68946.2
Model_Proj.dat 6 2018 SSBLCI 112850
Model_Proj.dat 6 2018 SSBUCI 112908
Model_Proj.dat 6 2018 SSBMedian 112874
Model_Proj.dat 6 2018 SSBMean 112877
Model_Proj.dat 6 2019 SSBF100 196989
Model_Proj.dat 6 2019 SSBFabc 78795.7
Model_Proj.dat 6 2019 SSBFofl 68946.2
Model_Proj.dat 6 2019 SSBLCI 91523.4
Model_Proj.dat 6 2019 SSBUCI 91760
Model_Proj.dat 6 2019 SSBMedian 91623.1
Model_Proj.dat 6 2019 SSBMean 91635.9
Model_Proj.dat 6 2020 SSBF100 196989
Model_Proj.dat 6 2020 SSBFabc 78795.7
Model_Proj.dat 6 2020 SSBFofl 68946.2
Model_Proj.dat 6 2020 SSBLCI 79833.6
Model_Proj.dat 6 2020 SSBUCI 80628.6
Model_Proj.dat 6 2020 SSBMedian 80167.1
Model_Proj.dat 6 2020 SSBMean 80209.9
Model_Proj.dat 6 2016 F0 0 
Model_Proj.dat 6 2016 Fabc 0.358454
Model_Proj.dat 6 2016 Fofl 0.443921
Model_Proj.dat 6 2016  F_LCI 0.0570558
Model_Proj.dat 6 2016  F_UCI 0.0570558
Model_Proj.dat 6 2016  F_Median 0.0570558
Model_Proj.dat 6 2016  F_Mean 0.0570558
Model_Proj.dat 6 2017 F0 0 
Model_Proj.dat 6 2017 Fabc 0.358454
Model_Proj.dat 6 2017 Fofl 0.443921
Model_Proj.dat 6 2017  F_LCI 0.443921
Model_Proj.dat 6 2017  F_UCI 0.443921
Model_Proj.dat 6 2017  F_Median 0.443921
Model_Proj.dat 6 2017  F_Mean 0.443921
Model_Proj.dat 6 2018 F0 0 
Model_Proj.dat 6 2018 Fabc 0.358454
Model_Proj.dat 6 2018 Fofl 0.443921
Model_Proj.dat 6 2018  F_LCI 0.443921
Model_Proj.dat 6 2018  F_UCI 0.443921
Model_Proj.dat 6 2018  F_Median 0.443921
Model_Proj.dat 6 2018  F_Mean 0.443921
Model_Proj.dat 6 2019 F0 0 
Model_Proj.dat 6 2019 Fabc 0.358454
Model_Proj.dat 6 2019 Fofl 0.443921
Model_Proj.dat 6 2019  F_LCI 0.443921
Model_Proj.dat 6 2019  F_UCI 0.443921
Model_Proj.dat 6 2019  F_Median 0.443921
Model_Proj.dat 6 2019  F_Mean 0.443921
Model_Proj.dat 6 2020 F0 0 
Model_Proj.dat 6 2020 Fabc 0.358454
Model_Proj.dat 6 2020 Fofl 0.443921
Model_Proj.dat 6 2020  F_LCI 0.443921
Model_Proj.dat 6 2020  F_UCI 0.443921
Model_Proj.dat 6 2020  F_Median 0.443921
Model_Proj.dat 6 2020  F_Mean 0.443921
Model_Proj.dat 7 2016 Cabc 34253.2
Model_Proj.dat 7 2016 Cofl 37353.4
Model_Proj.dat 7 2016 CLCI 10312.9
Model_Proj.dat 7 2016 CUCI 10312.9
Model_Proj.dat 7 2016 CMedian 10312.9
Model_Proj.dat 7 2016 CMean 10312.9
Model_Proj.dat 7 2016 CStdn 2.54659e-11
Model_Proj.dat 7 2017 Cabc 34253.2
Model_Proj.dat 7 2017 Cofl 37353.4
Model_Proj.dat 7 2017 CLCI 58082.4
Model_Proj.dat 7 2017 CUCI 58089.6
Model_Proj.dat 7 2017 CMedian 58085.2
Model_Proj.dat 7 2017 CMean 58085.7
Model_Proj.dat 7 2017 CStdn 2.60821
Model_Proj.dat 7 2018 Cabc 34253.2
Model_Proj.dat 7 2018 Cofl 37353.4
Model_Proj.dat 7 2018 CLCI 48899.1
Model_Proj.dat 7 2018 CUCI 48968.3
Model_Proj.dat 7 2018 CMedian 48925.4
Model_Proj.dat 7 2018 CMean 48930.8
Model_Proj.dat 7 2018 CStdn 24.0061
Model_Proj.dat 7 2019 Cabc 34253.2
Model_Proj.dat 7 2019 Cofl 37353.4
Model_Proj.dat 7 2019 CLCI 51978.1
Model_Proj.dat 7 2019 CUCI 52406.3
Model_Proj.dat 7 2019 CMedian 52155.2
Model_Proj.dat 7 2019 CMean 52179.2
Model_Proj.dat 7 2019 CStdn 148.736
Model_Proj.dat 7 2020 Cabc 34253.2
Model_Proj.dat 7 2020 Cofl 37353.4
Model_Proj.dat 7 2020 CLCI 45460.7
Model_Proj.dat 7 2020 CUCI 46928.9
Model_Proj.dat 7 2020 CMedian 46069.7
Model_Proj.dat 7 2020 CMean 46152.1
Model_Proj.dat 7 2020 CStdn 483.39
Model_Proj.dat 7 2016 SSBF100 196989
Model_Proj.dat 7 2016 SSBFabc 78795.7
Model_Proj.dat 7 2016 SSBFofl 68946.2
Model_Proj.dat 7 2016 SSBLCI 152626
Model_Proj.dat 7 2016 SSBUCI 152626
Model_Proj.dat 7 2016 SSBMedian 152626
Model_Proj.dat 7 2016 SSBMean 152626
Model_Proj.dat 7 2017 SSBF100 196989
Model_Proj.dat 7 2017 SSBFabc 78795.7
Model_Proj.dat 7 2017 SSBFofl 68946.2
Model_Proj.dat 7 2017 SSBLCI 146809
Model_Proj.dat 7 2017 SSBUCI 146820
Model_Proj.dat 7 2017 SSBMedian 146814
Model_Proj.dat 7 2017 SSBMean 146814
Model_Proj.dat 7 2018 SSBF100 196989
Model_Proj.dat 7 2018 SSBFabc 78795.7
Model_Proj.dat 7 2018 SSBFofl 68946.2
Model_Proj.dat 7 2018 SSBLCI 118579
Model_Proj.dat 7 2018 SSBUCI 118638
Model_Proj.dat 7 2018 SSBMedian 118604
Model_Proj.dat 7 2018 SSBMean 118607
Model_Proj.dat 7 2019 SSBF100 196989
Model_Proj.dat 7 2019 SSBFabc 78795.7
Model_Proj.dat 7 2019 SSBFofl 68946.2
Model_Proj.dat 7 2019 SSBLCI 99927.3
Model_Proj.dat 7 2019 SSBUCI 100164
Model_Proj.dat 7 2019 SSBMedian 100027
Model_Proj.dat 7 2019 SSBMean 100040
Model_Proj.dat 7 2020 SSBF100 196989
Model_Proj.dat 7 2020 SSBFabc 78795.7
Model_Proj.dat 7 2020 SSBFofl 68946.2
Model_Proj.dat 7 2020 SSBLCI 85470.7
Model_Proj.dat 7 2020 SSBUCI 86265.8
Model_Proj.dat 7 2020 SSBMedian 85804.2
Model_Proj.dat 7 2020 SSBMean 85847
Model_Proj.dat 7 2016 F0 0 
Model_Proj.dat 7 2016 Fabc 0.358454
Model_Proj.dat 7 2016 Fofl 0.443921
Model_Proj.dat 7 2016  F_LCI 0.0570558
Model_Proj.dat 7 2016  F_UCI 0.0570558
Model_Proj.dat 7 2016  F_Median 0.0570558
Model_Proj.dat 7 2016  F_Mean 0.0570558
Model_Proj.dat 7 2017 F0 0 
Model_Proj.dat 7 2017 Fabc 0.358454
Model_Proj.dat 7 2017 Fofl 0.443921
Model_Proj.dat 7 2017  F_LCI 0.358454
Model_Proj.dat 7 2017  F_UCI 0.358454
Model_Proj.dat 7 2017  F_Median 0.358454
Model_Proj.dat 7 2017  F_Mean 0.358454
Model_Proj.dat 7 2018 F0 0 
Model_Proj.dat 7 2018 Fabc 0.358454
Model_Proj.dat 7 2018 Fofl 0.443921
Model_Proj.dat 7 2018  F_LCI 0.358454
Model_Proj.dat 7 2018  F_UCI 0.358454
Model_Proj.dat 7 2018  F_Median 0.358454
Model_Proj.dat 7 2018  F_Mean 0.358454
Model_Proj.dat 7 2019 F0 0 
Model_Proj.dat 7 2019 Fabc 0.358454
Model_Proj.dat 7 2019 Fofl 0.443921
Model_Proj.dat 7 2019  F_LCI 0.443921
Model_Proj.dat 7 2019  F_UCI 0.443921
Model_Proj.dat 7 2019  F_Median 0.443921
Model_Proj.dat 7 2019  F_Mean 0.443921
Model_Proj.dat 7 2020 F0 0 
Model_Proj.dat 7 2020 Fabc 0.358454
Model_Proj.dat 7 2020 Fofl 0.443921
Model_Proj.dat 7 2020  F_LCI 0.443921
Model_Proj.dat 7 2020  F_UCI 0.443921
Model_Proj.dat 7 2020  F_Median 0.443921
Model_Proj.dat 7 2020  F_Mean 0.443921
