
SB0 SB40 SB35 MeanRec HarMeanRec Bnow
191035 76414.1 66862.4 435854 344712 155439 
CV Recruit
0.514196 
Alternative 1 Alternative  Stock: Model_Proj.dat
Catch Model_Proj.dat
Year C0 Cabc Cofl LowCI_Catch Median_Catch Mean_Catch UpperCI_Catch Stdev_Catch 
2012  0 33964 37051.5 11367.5 11367.5 11367.5 11367.5 9.09495e-12 
2013  0 33964 37051.5 17354.8 17354.8 17354.8 17354.8 1.64999e-05 
2014  0 33964 37051.5 16512.3 16512.3 16512.3 16512.3 0.00739994 

Spawning_Biomass Model_Proj.dat
Year SSB100 SSBabc SSBofl LowCI_SSB Median_SSB Mean_SSB UpperCI_SSB Stdev_SSB 
2012 191035 76414.1 66862.4 155439 155439 155439 155439 0 
2013 191035 76414.1 66862.4 156091 156095 156095 156101 3.475 
2014 191035 76414.1 66862.4 150228 150249 150252 150286 19.0433 

Fishing_mortalityModel_Proj.dat
Year F0 Fabc Fofl LowCI_F Median_F Mean_F UpperCI_F Stdev_F 
2012  0 0.383378 0.474532 0.063905 0.063905 0.063905 0.063905 1.38778e-17 
2013  0 0.383378 0.474532 0.0999196 0.0999296 0.0999289 0.0999346 4.97032e-06 
2014  0 0.383378 0.474532 0.0991096 0.0991987 0.0991911 0.0992429 4.3198e-05 

Total_BiomassModel_Proj.dat
Year B100 Babc Bofl LowCI_Biom Median_Biom Mean_Biom UpperCI_Biom Stdev_Biom 
2012 1.22421e+06 406234 386575 501407 501407 501407 501407 1.10595e-09 
2013 1.22421e+06 406234 386575 483440 490111 491058 500784 6283.24 
2014 1.22421e+06 406234 386575 462125 479473 481480 507270 14431.4 
Alternative 2 Alternative  Stock: Model_Proj.dat
Catch Model_Proj.dat
Year C0 Cabc Cofl LowCI_Catch Median_Catch Mean_Catch UpperCI_Catch Stdev_Catch 
2012  0 33964 37051.5 11367.5 11367.5 11367.5 11367.5 9.09495e-12 
2013  0 33964 37051.5 17354.8 17354.8 17354.8 17354.8 1.64999e-05 
2014  0 33964 37051.5 16512.3 16512.3 16512.3 16512.3 0.00739994 

Spawning_Biomass Model_Proj.dat
Year SSB100 SSBabc SSBofl LowCI_SSB Median_SSB Mean_SSB UpperCI_SSB Stdev_SSB 
2012 191035 76414.1 66862.4 155439 155439 155439 155439 0 
2013 191035 76414.1 66862.4 156091 156095 156095 156101 3.475 
2014 191035 76414.1 66862.4 150228 150249 150252 150286 19.0433 

Fishing_mortalityModel_Proj.dat
Year F0 Fabc Fofl LowCI_F Median_F Mean_F UpperCI_F Stdev_F 
2012  0 0.383378 0.474532 0.063905 0.063905 0.063905 0.063905 1.38778e-17 
2013  0 0.383378 0.474532 0.0999196 0.0999296 0.0999289 0.0999346 4.97032e-06 
2014  0 0.383378 0.474532 0.0991096 0.0991987 0.0991911 0.0992429 4.3198e-05 

Total_BiomassModel_Proj.dat
Year B100 Babc Bofl LowCI_Biom Median_Biom Mean_Biom UpperCI_Biom Stdev_Biom 
2012 1.22421e+06 406234 386575 501407 501407 501407 501407 1.10595e-09 
2013 1.22421e+06 406234 386575 483440 490111 491058 500784 6283.24 
2014 1.22421e+06 406234 386575 462125 479473 481480 507270 14431.4 
Alternative 3 Alternative  Stock: Model_Proj.dat
Catch Model_Proj.dat
Year C0 Cabc Cofl LowCI_Catch Median_Catch Mean_Catch UpperCI_Catch Stdev_Catch 
2012  0 33964 37051.5 11367.5 11367.5 11367.5 11367.5 9.09495e-12 
2013  0 33964 37051.5 17354.8 17354.8 17354.8 17354.8 1.64999e-05 
2014  0 33964 37051.5 16512.3 16512.3 16512.3 16512.3 0.00739994 

Spawning_Biomass Model_Proj.dat
Year SSB100 SSBabc SSBofl LowCI_SSB Median_SSB Mean_SSB UpperCI_SSB Stdev_SSB 
2012 191035 76414.1 66862.4 155439 155439 155439 155439 0 
2013 191035 76414.1 66862.4 156091 156095 156095 156101 3.475 
2014 191035 76414.1 66862.4 150228 150249 150252 150286 19.0433 

Fishing_mortalityModel_Proj.dat
Year F0 Fabc Fofl LowCI_F Median_F Mean_F UpperCI_F Stdev_F 
2012  0 0.383378 0.474532 0.063905 0.063905 0.063905 0.063905 1.38778e-17 
2013  0 0.383378 0.474532 0.0999196 0.0999296 0.0999289 0.0999346 4.97032e-06 
2014  0 0.383378 0.474532 0.0991096 0.0991987 0.0991911 0.0992429 4.3198e-05 

Total_BiomassModel_Proj.dat
Year B100 Babc Bofl LowCI_Biom Median_Biom Mean_Biom UpperCI_Biom Stdev_Biom 
2012 1.22421e+06 406234 386575 501407 501407 501407 501407 1.10595e-09 
2013 1.22421e+06 406234 386575 483440 490111 491058 500784 6283.24 
2014 1.22421e+06 406234 386575 462125 479473 481480 507270 14431.4 
Alternative 4 Alternative  Stock: Model_Proj.dat
Catch Model_Proj.dat
Year C0 Cabc Cofl LowCI_Catch Median_Catch Mean_Catch UpperCI_Catch Stdev_Catch 
2012  0 33964 37051.5 11367.5 11367.5 11367.5 11367.5 9.09495e-12 
2013  0 33964 37051.5 17354.8 17354.8 17354.8 17354.8 1.64999e-05 
2014  0 33964 37051.5 16512.3 16512.3 16512.3 16512.3 0.00739994 

Spawning_Biomass Model_Proj.dat
Year SSB100 SSBabc SSBofl LowCI_SSB Median_SSB Mean_SSB UpperCI_SSB Stdev_SSB 
2012 191035 76414.1 66862.4 155439 155439 155439 155439 0 
2013 191035 76414.1 66862.4 156091 156095 156095 156101 3.475 
2014 191035 76414.1 66862.4 150228 150249 150252 150286 19.0433 

Fishing_mortalityModel_Proj.dat
Year F0 Fabc Fofl LowCI_F Median_F Mean_F UpperCI_F Stdev_F 
2012  0 0.383378 0.474532 0.063905 0.063905 0.063905 0.063905 1.38778e-17 
2013  0 0.383378 0.474532 0.0999196 0.0999296 0.0999289 0.0999346 4.97032e-06 
2014  0 0.383378 0.474532 0.0991096 0.0991987 0.0991911 0.0992429 4.3198e-05 

Total_BiomassModel_Proj.dat
Year B100 Babc Bofl LowCI_Biom Median_Biom Mean_Biom UpperCI_Biom Stdev_Biom 
2012 1.22421e+06 406234 386575 501407 501407 501407 501407 1.10595e-09 
2013 1.22421e+06 406234 386575 483440 490111 491058 500784 6283.24 
2014 1.22421e+06 406234 386575 462125 479473 481480 507270 14431.4 
Alternative 5 Alternative  Stock: Model_Proj.dat
Catch Model_Proj.dat
Year C0 Cabc Cofl LowCI_Catch Median_Catch Mean_Catch UpperCI_Catch Stdev_Catch 
2012  0 33964 37051.5 11367.5 11367.5 11367.5 11367.5 9.09495e-12 
2013  0 33964 37051.5 17354.8 17354.8 17354.8 17354.8 1.64999e-05 
2014  0 33964 37051.5 16512.3 16512.3 16512.3 16512.3 0.00739994 

Spawning_Biomass Model_Proj.dat
Year SSB100 SSBabc SSBofl LowCI_SSB Median_SSB Mean_SSB UpperCI_SSB Stdev_SSB 
2012 191035 76414.1 66862.4 155439 155439 155439 155439 0 
2013 191035 76414.1 66862.4 156091 156095 156095 156101 3.475 
2014 191035 76414.1 66862.4 150228 150249 150252 150286 19.0433 

Fishing_mortalityModel_Proj.dat
Year F0 Fabc Fofl LowCI_F Median_F Mean_F UpperCI_F Stdev_F 
2012  0 0.383378 0.474532 0.063905 0.063905 0.063905 0.063905 1.38778e-17 
2013  0 0.383378 0.474532 0.0999196 0.0999296 0.0999289 0.0999346 4.97032e-06 
2014  0 0.383378 0.474532 0.0991096 0.0991987 0.0991911 0.0992429 4.3198e-05 

Total_BiomassModel_Proj.dat
Year B100 Babc Bofl LowCI_Biom Median_Biom Mean_Biom UpperCI_Biom Stdev_Biom 
2012 1.22421e+06 406234 386575 501407 501407 501407 501407 1.10595e-09 
2013 1.22421e+06 406234 386575 483440 490111 491058 500784 6283.24 
2014 1.22421e+06 406234 386575 462125 479473 481480 507270 14431.4 
Alternative 6 Alternative  Stock: Model_Proj.dat
Catch Model_Proj.dat
Year C0 Cabc Cofl LowCI_Catch Median_Catch Mean_Catch UpperCI_Catch Stdev_Catch 
2012  0 33964 37051.5 11367.5 11367.5 11367.5 11367.5 9.09495e-12 
2013  0 33964 37051.5 75063.9 75068.2 75068.8 75075 3.99357 
2014  0 33964 37051.5 60078.3 60112.8 60118.7 60179.2 33.3198 

Spawning_Biomass Model_Proj.dat
Year SSB100 SSBabc SSBofl LowCI_SSB Median_SSB Mean_SSB UpperCI_SSB Stdev_SSB 
2012 191035 76414.1 66862.4 155439 155439 155439 155439 0 
2013 191035 76414.1 66862.4 156091 156095 156095 156101 3.475 
2014 191035 76414.1 66862.4 123333 123354 123357 123390 18.6519 

Fishing_mortalityModel_Proj.dat
Year F0 Fabc Fofl LowCI_F Median_F Mean_F UpperCI_F Stdev_F 
2012  0 0.383378 0.474532 0.063905 0.063905 0.063905 0.063905 1.38778e-17 
2013  0 0.383378 0.474532 0.474532 0.474532 0.474532 0.474532 1.11538e-11 
2014  0 0.383378 0.474532 0.474532 0.474532 0.474532 0.474532 7.99732e-11 

Total_BiomassModel_Proj.dat
Year B100 Babc Bofl LowCI_Biom Median_Biom Mean_Biom UpperCI_Biom Stdev_Biom 
2012 1.22421e+06 406234 386575 501407 501407 501407 501407 1.10595e-09 
2013 1.22421e+06 406234 386575 483440 490111 491058 500784 6283.24 
2014 1.22421e+06 406234 386575 411126 428467 430474 456250 14426.6 
Alternative 7 Alternative  Stock: Model_Proj.dat
Catch Model_Proj.dat
Year C0 Cabc Cofl LowCI_Catch Median_Catch Mean_Catch UpperCI_Catch Stdev_Catch 
2012  0 33964 37051.5 11367.5 11367.5 11367.5 11367.5 9.09495e-12 
2013  0 33964 37051.5 62010 62013.4 62013.9 62018.9 3.22661 
2014  0 33964 37051.5 51791.1 51818.9 51823.7 51872.6 26.9293 

Spawning_Biomass Model_Proj.dat
Year SSB100 SSBabc SSBofl LowCI_SSB Median_SSB Mean_SSB UpperCI_SSB Stdev_SSB 
2012 191035 76414.1 66862.4 155439 155439 155439 155439 0 
2013 191035 76414.1 66862.4 156091 156095 156095 156101 3.475 
2014 191035 76414.1 66862.4 129322 129343 129346 129380 18.653 

Fishing_mortalityModel_Proj.dat
Year F0 Fabc Fofl LowCI_F Median_F Mean_F UpperCI_F Stdev_F 
2012  0 0.383378 0.474532 0.063905 0.063905 0.063905 0.063905 1.38778e-17 
2013  0 0.383378 0.474532 0.383378 0.383378 0.383378 0.383378 2.39998e-12 
2014  0 0.383378 0.474532 0.383378 0.383378 0.383378 0.383378 1.89939e-10 

Total_BiomassModel_Proj.dat
Year B100 Babc Bofl LowCI_Biom Median_Biom Mean_Biom UpperCI_Biom Stdev_Biom 
2012 1.22421e+06 406234 386575 501407 501407 501407 501407 1.10595e-09 
2013 1.22421e+06 406234 386575 483440 490111 491058 500784 6283.24 
2014 1.22421e+06 406234 386575 422636 439979 441986 467765 14427.6 
