Model_Proj.dat 1 2008 Cabc 35838.1
Model_Proj.dat 1 2008 Cofl 39114.6
Model_Proj.dat 1 2008 CLCI 24539.8
Model_Proj.dat 1 2008 CUCI 24539.8
Model_Proj.dat 1 2008 CMedian 24539.8
Model_Proj.dat 1 2008 CMean 24539.8
Model_Proj.dat 1 2008 CStdn 6.18456e-11
Model_Proj.dat 1 2009 Cabc 35838.1
Model_Proj.dat 1 2009 Cofl 39114.6
Model_Proj.dat 1 2009 CLCI 19557.9
Model_Proj.dat 1 2009 CUCI 19557.9
Model_Proj.dat 1 2009 CMedian 19557.9
Model_Proj.dat 1 2009 CMean 19557.9
Model_Proj.dat 1 2009 CStdn 3.10207e-07
Model_Proj.dat 1 2010 Cabc 35838.1
Model_Proj.dat 1 2010 Cofl 39114.6
Model_Proj.dat 1 2010 CLCI 20127.1
Model_Proj.dat 1 2010 CUCI 20127.1
Model_Proj.dat 1 2010 CMedian 20127.1
Model_Proj.dat 1 2010 CMean 20127.1
Model_Proj.dat 1 2010 CStdn 2.25277e-06
Model_Proj.dat 1 2008 SSBF100 196683
Model_Proj.dat 1 2008 SSBFabc 78673.1
Model_Proj.dat 1 2008 SSBFofl 68839
Model_Proj.dat 1 2008 SSBLCI 165466
Model_Proj.dat 1 2008 SSBUCI 165466
Model_Proj.dat 1 2008 SSBMedian 165466
Model_Proj.dat 1 2008 SSBMean 165466
Model_Proj.dat 1 2009 SSBF100 196683
Model_Proj.dat 1 2009 SSBFabc 78673.1
Model_Proj.dat 1 2009 SSBFofl 68839
Model_Proj.dat 1 2009 SSBLCI 160229
Model_Proj.dat 1 2009 SSBUCI 160239
Model_Proj.dat 1 2009 SSBMedian 160232
Model_Proj.dat 1 2009 SSBMean 160233
Model_Proj.dat 1 2010 SSBF100 196683
Model_Proj.dat 1 2010 SSBFabc 78673.1
Model_Proj.dat 1 2010 SSBFofl 68839
Model_Proj.dat 1 2010 SSBLCI 158660
Model_Proj.dat 1 2010 SSBUCI 158720
Model_Proj.dat 1 2010 SSBMedian 158682
Model_Proj.dat 1 2010 SSBMean 158685
Model_Proj.dat 1 2008 F0 0 
Model_Proj.dat 1 2008 Fabc 0.406856
Model_Proj.dat 1 2008 Fofl 0.503663
Model_Proj.dat 1 2008  F_LCI 0.134
Model_Proj.dat 1 2008  F_UCI 0.134
Model_Proj.dat 1 2008  F_Median 0.134
Model_Proj.dat 1 2008  F_Mean 0.134
Model_Proj.dat 1 2009 F0 0 
Model_Proj.dat 1 2009 Fabc 0.406856
Model_Proj.dat 1 2009 Fofl 0.503663
Model_Proj.dat 1 2009  F_LCI 0.108698
Model_Proj.dat 1 2009  F_UCI 0.108713
Model_Proj.dat 1 2009  F_Median 0.108708
Model_Proj.dat 1 2009  F_Mean 0.108707
Model_Proj.dat 1 2010 F0 0 
Model_Proj.dat 1 2010 Fabc 0.406856
Model_Proj.dat 1 2010 Fofl 0.503663
Model_Proj.dat 1 2010  F_LCI 0.112443
Model_Proj.dat 1 2010  F_UCI 0.112582
Model_Proj.dat 1 2010  F_Median 0.112536
Model_Proj.dat 1 2010  F_Mean 0.112528
Model_Proj.dat 2 2008 Cabc 35838.1
Model_Proj.dat 2 2008 Cofl 39114.6
Model_Proj.dat 2 2008 CLCI 24539.8
Model_Proj.dat 2 2008 CUCI 24539.8
Model_Proj.dat 2 2008 CMedian 24539.8
Model_Proj.dat 2 2008 CMean 24539.8
Model_Proj.dat 2 2008 CStdn 6.18456e-11
Model_Proj.dat 2 2009 Cabc 35838.1
Model_Proj.dat 2 2009 Cofl 39114.6
Model_Proj.dat 2 2009 CLCI 19557.9
Model_Proj.dat 2 2009 CUCI 19557.9
Model_Proj.dat 2 2009 CMedian 19557.9
Model_Proj.dat 2 2009 CMean 19557.9
Model_Proj.dat 2 2009 CStdn 3.10207e-07
Model_Proj.dat 2 2010 Cabc 35838.1
Model_Proj.dat 2 2010 Cofl 39114.6
Model_Proj.dat 2 2010 CLCI 20127.1
Model_Proj.dat 2 2010 CUCI 20127.1
Model_Proj.dat 2 2010 CMedian 20127.1
Model_Proj.dat 2 2010 CMean 20127.1
Model_Proj.dat 2 2010 CStdn 2.25277e-06
Model_Proj.dat 2 2008 SSBF100 196683
Model_Proj.dat 2 2008 SSBFabc 78673.1
Model_Proj.dat 2 2008 SSBFofl 68839
Model_Proj.dat 2 2008 SSBLCI 165466
Model_Proj.dat 2 2008 SSBUCI 165466
Model_Proj.dat 2 2008 SSBMedian 165466
Model_Proj.dat 2 2008 SSBMean 165466
Model_Proj.dat 2 2009 SSBF100 196683
Model_Proj.dat 2 2009 SSBFabc 78673.1
Model_Proj.dat 2 2009 SSBFofl 68839
Model_Proj.dat 2 2009 SSBLCI 160229
Model_Proj.dat 2 2009 SSBUCI 160239
Model_Proj.dat 2 2009 SSBMedian 160232
Model_Proj.dat 2 2009 SSBMean 160233
Model_Proj.dat 2 2010 SSBF100 196683
Model_Proj.dat 2 2010 SSBFabc 78673.1
Model_Proj.dat 2 2010 SSBFofl 68839
Model_Proj.dat 2 2010 SSBLCI 158660
Model_Proj.dat 2 2010 SSBUCI 158720
Model_Proj.dat 2 2010 SSBMedian 158682
Model_Proj.dat 2 2010 SSBMean 158685
Model_Proj.dat 2 2008 F0 0 
Model_Proj.dat 2 2008 Fabc 0.406856
Model_Proj.dat 2 2008 Fofl 0.503663
Model_Proj.dat 2 2008  F_LCI 0.134
Model_Proj.dat 2 2008  F_UCI 0.134
Model_Proj.dat 2 2008  F_Median 0.134
Model_Proj.dat 2 2008  F_Mean 0.134
Model_Proj.dat 2 2009 F0 0 
Model_Proj.dat 2 2009 Fabc 0.406856
Model_Proj.dat 2 2009 Fofl 0.503663
Model_Proj.dat 2 2009  F_LCI 0.108698
Model_Proj.dat 2 2009  F_UCI 0.108713
Model_Proj.dat 2 2009  F_Median 0.108708
Model_Proj.dat 2 2009  F_Mean 0.108707
Model_Proj.dat 2 2010 F0 0 
Model_Proj.dat 2 2010 Fabc 0.406856
Model_Proj.dat 2 2010 Fofl 0.503663
Model_Proj.dat 2 2010  F_LCI 0.112443
Model_Proj.dat 2 2010  F_UCI 0.112582
Model_Proj.dat 2 2010  F_Median 0.112536
Model_Proj.dat 2 2010  F_Mean 0.112528
Model_Proj.dat 3 2008 Cabc 35838.1
Model_Proj.dat 3 2008 Cofl 39114.6
Model_Proj.dat 3 2008 CLCI 24539.8
Model_Proj.dat 3 2008 CUCI 24539.8
Model_Proj.dat 3 2008 CMedian 24539.8
Model_Proj.dat 3 2008 CMean 24539.8
Model_Proj.dat 3 2008 CStdn 6.18456e-11
Model_Proj.dat 3 2009 Cabc 35838.1
Model_Proj.dat 3 2009 Cofl 39114.6
Model_Proj.dat 3 2009 CLCI 19557.9
Model_Proj.dat 3 2009 CUCI 19557.9
Model_Proj.dat 3 2009 CMedian 19557.9
Model_Proj.dat 3 2009 CMean 19557.9
Model_Proj.dat 3 2009 CStdn 3.10207e-07
Model_Proj.dat 3 2010 Cabc 35838.1
Model_Proj.dat 3 2010 Cofl 39114.6
Model_Proj.dat 3 2010 CLCI 20127.1
Model_Proj.dat 3 2010 CUCI 20127.1
Model_Proj.dat 3 2010 CMedian 20127.1
Model_Proj.dat 3 2010 CMean 20127.1
Model_Proj.dat 3 2010 CStdn 2.25277e-06
Model_Proj.dat 3 2008 SSBF100 196683
Model_Proj.dat 3 2008 SSBFabc 78673.1
Model_Proj.dat 3 2008 SSBFofl 68839
Model_Proj.dat 3 2008 SSBLCI 165466
Model_Proj.dat 3 2008 SSBUCI 165466
Model_Proj.dat 3 2008 SSBMedian 165466
Model_Proj.dat 3 2008 SSBMean 165466
Model_Proj.dat 3 2009 SSBF100 196683
Model_Proj.dat 3 2009 SSBFabc 78673.1
Model_Proj.dat 3 2009 SSBFofl 68839
Model_Proj.dat 3 2009 SSBLCI 160229
Model_Proj.dat 3 2009 SSBUCI 160239
Model_Proj.dat 3 2009 SSBMedian 160232
Model_Proj.dat 3 2009 SSBMean 160233
Model_Proj.dat 3 2010 SSBF100 196683
Model_Proj.dat 3 2010 SSBFabc 78673.1
Model_Proj.dat 3 2010 SSBFofl 68839
Model_Proj.dat 3 2010 SSBLCI 158660
Model_Proj.dat 3 2010 SSBUCI 158720
Model_Proj.dat 3 2010 SSBMedian 158682
Model_Proj.dat 3 2010 SSBMean 158685
Model_Proj.dat 3 2008 F0 0 
Model_Proj.dat 3 2008 Fabc 0.406856
Model_Proj.dat 3 2008 Fofl 0.503663
Model_Proj.dat 3 2008  F_LCI 0.134
Model_Proj.dat 3 2008  F_UCI 0.134
Model_Proj.dat 3 2008  F_Median 0.134
Model_Proj.dat 3 2008  F_Mean 0.134
Model_Proj.dat 3 2009 F0 0 
Model_Proj.dat 3 2009 Fabc 0.406856
Model_Proj.dat 3 2009 Fofl 0.503663
Model_Proj.dat 3 2009  F_LCI 0.108698
Model_Proj.dat 3 2009  F_UCI 0.108713
Model_Proj.dat 3 2009  F_Median 0.108708
Model_Proj.dat 3 2009  F_Mean 0.108707
Model_Proj.dat 3 2010 F0 0 
Model_Proj.dat 3 2010 Fabc 0.406856
Model_Proj.dat 3 2010 Fofl 0.503663
Model_Proj.dat 3 2010  F_LCI 0.112443
Model_Proj.dat 3 2010  F_UCI 0.112582
Model_Proj.dat 3 2010  F_Median 0.112536
Model_Proj.dat 3 2010  F_Mean 0.112528
Model_Proj.dat 4 2008 Cabc 35838.1
Model_Proj.dat 4 2008 Cofl 39114.6
Model_Proj.dat 4 2008 CLCI 24539.8
Model_Proj.dat 4 2008 CUCI 24539.8
Model_Proj.dat 4 2008 CMedian 24539.8
Model_Proj.dat 4 2008 CMean 24539.8
Model_Proj.dat 4 2008 CStdn 6.18456e-11
Model_Proj.dat 4 2009 Cabc 35838.1
Model_Proj.dat 4 2009 Cofl 39114.6
Model_Proj.dat 4 2009 CLCI 19557.9
Model_Proj.dat 4 2009 CUCI 19557.9
Model_Proj.dat 4 2009 CMedian 19557.9
Model_Proj.dat 4 2009 CMean 19557.9
Model_Proj.dat 4 2009 CStdn 3.10207e-07
Model_Proj.dat 4 2010 Cabc 35838.1
Model_Proj.dat 4 2010 Cofl 39114.6
Model_Proj.dat 4 2010 CLCI 20127.1
Model_Proj.dat 4 2010 CUCI 20127.1
Model_Proj.dat 4 2010 CMedian 20127.1
Model_Proj.dat 4 2010 CMean 20127.1
Model_Proj.dat 4 2010 CStdn 2.25277e-06
Model_Proj.dat 4 2008 SSBF100 196683
Model_Proj.dat 4 2008 SSBFabc 78673.1
Model_Proj.dat 4 2008 SSBFofl 68839
Model_Proj.dat 4 2008 SSBLCI 165466
Model_Proj.dat 4 2008 SSBUCI 165466
Model_Proj.dat 4 2008 SSBMedian 165466
Model_Proj.dat 4 2008 SSBMean 165466
Model_Proj.dat 4 2009 SSBF100 196683
Model_Proj.dat 4 2009 SSBFabc 78673.1
Model_Proj.dat 4 2009 SSBFofl 68839
Model_Proj.dat 4 2009 SSBLCI 160229
Model_Proj.dat 4 2009 SSBUCI 160239
Model_Proj.dat 4 2009 SSBMedian 160232
Model_Proj.dat 4 2009 SSBMean 160233
Model_Proj.dat 4 2010 SSBF100 196683
Model_Proj.dat 4 2010 SSBFabc 78673.1
Model_Proj.dat 4 2010 SSBFofl 68839
Model_Proj.dat 4 2010 SSBLCI 158660
Model_Proj.dat 4 2010 SSBUCI 158720
Model_Proj.dat 4 2010 SSBMedian 158682
Model_Proj.dat 4 2010 SSBMean 158685
Model_Proj.dat 4 2008 F0 0 
Model_Proj.dat 4 2008 Fabc 0.406856
Model_Proj.dat 4 2008 Fofl 0.503663
Model_Proj.dat 4 2008  F_LCI 0.134
Model_Proj.dat 4 2008  F_UCI 0.134
Model_Proj.dat 4 2008  F_Median 0.134
Model_Proj.dat 4 2008  F_Mean 0.134
Model_Proj.dat 4 2009 F0 0 
Model_Proj.dat 4 2009 Fabc 0.406856
Model_Proj.dat 4 2009 Fofl 0.503663
Model_Proj.dat 4 2009  F_LCI 0.108698
Model_Proj.dat 4 2009  F_UCI 0.108713
Model_Proj.dat 4 2009  F_Median 0.108708
Model_Proj.dat 4 2009  F_Mean 0.108707
Model_Proj.dat 4 2010 F0 0 
Model_Proj.dat 4 2010 Fabc 0.406856
Model_Proj.dat 4 2010 Fofl 0.503663
Model_Proj.dat 4 2010  F_LCI 0.112443
Model_Proj.dat 4 2010  F_UCI 0.112582
Model_Proj.dat 4 2010  F_Median 0.112536
Model_Proj.dat 4 2010  F_Mean 0.112528
Model_Proj.dat 5 2008 Cabc 35838.1
Model_Proj.dat 5 2008 Cofl 39114.6
Model_Proj.dat 5 2008 CLCI 24539.8
Model_Proj.dat 5 2008 CUCI 24539.8
Model_Proj.dat 5 2008 CMedian 24539.8
Model_Proj.dat 5 2008 CMean 24539.8
Model_Proj.dat 5 2008 CStdn 6.18456e-11
Model_Proj.dat 5 2009 Cabc 35838.1
Model_Proj.dat 5 2009 Cofl 39114.6
Model_Proj.dat 5 2009 CLCI 19557.9
Model_Proj.dat 5 2009 CUCI 19557.9
Model_Proj.dat 5 2009 CMedian 19557.9
Model_Proj.dat 5 2009 CMean 19557.9
Model_Proj.dat 5 2009 CStdn 3.10207e-07
Model_Proj.dat 5 2010 Cabc 35838.1
Model_Proj.dat 5 2010 Cofl 39114.6
Model_Proj.dat 5 2010 CLCI 20127.1
Model_Proj.dat 5 2010 CUCI 20127.1
Model_Proj.dat 5 2010 CMedian 20127.1
Model_Proj.dat 5 2010 CMean 20127.1
Model_Proj.dat 5 2010 CStdn 2.25277e-06
Model_Proj.dat 5 2008 SSBF100 196683
Model_Proj.dat 5 2008 SSBFabc 78673.1
Model_Proj.dat 5 2008 SSBFofl 68839
Model_Proj.dat 5 2008 SSBLCI 165466
Model_Proj.dat 5 2008 SSBUCI 165466
Model_Proj.dat 5 2008 SSBMedian 165466
Model_Proj.dat 5 2008 SSBMean 165466
Model_Proj.dat 5 2009 SSBF100 196683
Model_Proj.dat 5 2009 SSBFabc 78673.1
Model_Proj.dat 5 2009 SSBFofl 68839
Model_Proj.dat 5 2009 SSBLCI 160229
Model_Proj.dat 5 2009 SSBUCI 160239
Model_Proj.dat 5 2009 SSBMedian 160232
Model_Proj.dat 5 2009 SSBMean 160233
Model_Proj.dat 5 2010 SSBF100 196683
Model_Proj.dat 5 2010 SSBFabc 78673.1
Model_Proj.dat 5 2010 SSBFofl 68839
Model_Proj.dat 5 2010 SSBLCI 158660
Model_Proj.dat 5 2010 SSBUCI 158720
Model_Proj.dat 5 2010 SSBMedian 158682
Model_Proj.dat 5 2010 SSBMean 158685
Model_Proj.dat 5 2008 F0 0 
Model_Proj.dat 5 2008 Fabc 0.406856
Model_Proj.dat 5 2008 Fofl 0.503663
Model_Proj.dat 5 2008  F_LCI 0.134
Model_Proj.dat 5 2008  F_UCI 0.134
Model_Proj.dat 5 2008  F_Median 0.134
Model_Proj.dat 5 2008  F_Mean 0.134
Model_Proj.dat 5 2009 F0 0 
Model_Proj.dat 5 2009 Fabc 0.406856
Model_Proj.dat 5 2009 Fofl 0.503663
Model_Proj.dat 5 2009  F_LCI 0.108698
Model_Proj.dat 5 2009  F_UCI 0.108713
Model_Proj.dat 5 2009  F_Median 0.108708
Model_Proj.dat 5 2009  F_Mean 0.108707
Model_Proj.dat 5 2010 F0 0 
Model_Proj.dat 5 2010 Fabc 0.406856
Model_Proj.dat 5 2010 Fofl 0.503663
Model_Proj.dat 5 2010  F_LCI 0.112443
Model_Proj.dat 5 2010  F_UCI 0.112582
Model_Proj.dat 5 2010  F_Median 0.112536
Model_Proj.dat 5 2010  F_Mean 0.112528
Model_Proj.dat 6 2008 Cabc 35838.1
Model_Proj.dat 6 2008 Cofl 39114.6
Model_Proj.dat 6 2008 CLCI 24539.8
Model_Proj.dat 6 2008 CUCI 24539.8
Model_Proj.dat 6 2008 CMedian 24539.8
Model_Proj.dat 6 2008 CMean 24539.8
Model_Proj.dat 6 2008 CStdn 6.18456e-11
Model_Proj.dat 6 2009 Cabc 35838.1
Model_Proj.dat 6 2009 Cofl 39114.6
Model_Proj.dat 6 2009 CLCI 82760.6
Model_Proj.dat 6 2009 CUCI 82771.8
Model_Proj.dat 6 2009 CMedian 82764.9
Model_Proj.dat 6 2009 CMean 82765.5
Model_Proj.dat 6 2009 CStdn 4.05461
Model_Proj.dat 6 2010 Cabc 35838.1
Model_Proj.dat 6 2010 Cofl 39114.6
Model_Proj.dat 6 2010 CLCI 69844.2
Model_Proj.dat 6 2010 CUCI 69949.2
Model_Proj.dat 6 2010 CMedian 69879.8
Model_Proj.dat 6 2010 CMean 69886.2
Model_Proj.dat 6 2010 CStdn 34.8603
Model_Proj.dat 6 2008 SSBF100 196683
Model_Proj.dat 6 2008 SSBFabc 78673.1
Model_Proj.dat 6 2008 SSBFofl 68839
Model_Proj.dat 6 2008 SSBLCI 165466
Model_Proj.dat 6 2008 SSBUCI 165466
Model_Proj.dat 6 2008 SSBMedian 165466
Model_Proj.dat 6 2008 SSBMean 165466
Model_Proj.dat 6 2009 SSBF100 196683
Model_Proj.dat 6 2009 SSBFabc 78673.1
Model_Proj.dat 6 2009 SSBFofl 68839
Model_Proj.dat 6 2009 SSBLCI 160229
Model_Proj.dat 6 2009 SSBUCI 160239
Model_Proj.dat 6 2009 SSBMedian 160232
Model_Proj.dat 6 2009 SSBMean 160233
Model_Proj.dat 6 2010 SSBF100 196683
Model_Proj.dat 6 2010 SSBFabc 78673.1
Model_Proj.dat 6 2010 SSBFofl 68839
Model_Proj.dat 6 2010 SSBLCI 131237
Model_Proj.dat 6 2010 SSBUCI 131297
Model_Proj.dat 6 2010 SSBMedian 131259
Model_Proj.dat 6 2010 SSBMean 131262
Model_Proj.dat 6 2008 F0 0 
Model_Proj.dat 6 2008 Fabc 0.406856
Model_Proj.dat 6 2008 Fofl 0.503663
Model_Proj.dat 6 2008  F_LCI 0.134
Model_Proj.dat 6 2008  F_UCI 0.134
Model_Proj.dat 6 2008  F_Median 0.134
Model_Proj.dat 6 2008  F_Mean 0.134
Model_Proj.dat 6 2009 F0 0 
Model_Proj.dat 6 2009 Fabc 0.406856
Model_Proj.dat 6 2009 Fofl 0.503663
Model_Proj.dat 6 2009  F_LCI 0.503663
Model_Proj.dat 6 2009  F_UCI 0.503663
Model_Proj.dat 6 2009  F_Median 0.503663
Model_Proj.dat 6 2009  F_Mean 0.503663
Model_Proj.dat 6 2010 F0 0 
Model_Proj.dat 6 2010 Fabc 0.406856
Model_Proj.dat 6 2010 Fofl 0.503663
Model_Proj.dat 6 2010  F_LCI 0.503663
Model_Proj.dat 6 2010  F_UCI 0.503663
Model_Proj.dat 6 2010  F_Median 0.503663
Model_Proj.dat 6 2010  F_Mean 0.503663
Model_Proj.dat 7 2008 Cabc 35838.1
Model_Proj.dat 7 2008 Cofl 39114.6
Model_Proj.dat 7 2008 CLCI 24539.8
Model_Proj.dat 7 2008 CUCI 24539.8
Model_Proj.dat 7 2008 CMedian 24539.8
Model_Proj.dat 7 2008 CMean 24539.8
Model_Proj.dat 7 2008 CStdn 6.18456e-11
Model_Proj.dat 7 2009 Cabc 35838.1
Model_Proj.dat 7 2009 Cofl 39114.6
Model_Proj.dat 7 2009 CLCI 68322.4
Model_Proj.dat 7 2009 CUCI 68331.4
Model_Proj.dat 7 2009 CMedian 68325.8
Model_Proj.dat 7 2009 CMean 68326.3
Model_Proj.dat 7 2009 CStdn 3.27546
Model_Proj.dat 7 2010 Cabc 35838.1
Model_Proj.dat 7 2010 Cofl 39114.6
Model_Proj.dat 7 2010 CLCI 59945.2
Model_Proj.dat 7 2010 CUCI 60030.1
Model_Proj.dat 7 2010 CMedian 59974
Model_Proj.dat 7 2010 CMean 59979.2
Model_Proj.dat 7 2010 CStdn 28.17
Model_Proj.dat 7 2008 SSBF100 196683
Model_Proj.dat 7 2008 SSBFabc 78673.1
Model_Proj.dat 7 2008 SSBFofl 68839
Model_Proj.dat 7 2008 SSBLCI 165466
Model_Proj.dat 7 2008 SSBUCI 165466
Model_Proj.dat 7 2008 SSBMedian 165466
Model_Proj.dat 7 2008 SSBMean 165466
Model_Proj.dat 7 2009 SSBF100 196683
Model_Proj.dat 7 2009 SSBFabc 78673.1
Model_Proj.dat 7 2009 SSBFofl 68839
Model_Proj.dat 7 2009 SSBLCI 160229
Model_Proj.dat 7 2009 SSBUCI 160239
Model_Proj.dat 7 2009 SSBMedian 160232
Model_Proj.dat 7 2009 SSBMean 160233
Model_Proj.dat 7 2010 SSBF100 196683
Model_Proj.dat 7 2010 SSBFabc 78673.1
Model_Proj.dat 7 2010 SSBFofl 68839
Model_Proj.dat 7 2010 SSBLCI 137382
Model_Proj.dat 7 2010 SSBUCI 137441
Model_Proj.dat 7 2010 SSBMedian 137403
Model_Proj.dat 7 2010 SSBMean 137407
Model_Proj.dat 7 2008 F0 0 
Model_Proj.dat 7 2008 Fabc 0.406856
Model_Proj.dat 7 2008 Fofl 0.503663
Model_Proj.dat 7 2008  F_LCI 0.134
Model_Proj.dat 7 2008  F_UCI 0.134
Model_Proj.dat 7 2008  F_Median 0.134
Model_Proj.dat 7 2008  F_Mean 0.134
Model_Proj.dat 7 2009 F0 0 
Model_Proj.dat 7 2009 Fabc 0.406856
Model_Proj.dat 7 2009 Fofl 0.503663
Model_Proj.dat 7 2009  F_LCI 0.406855
Model_Proj.dat 7 2009  F_UCI 0.406855
Model_Proj.dat 7 2009  F_Median 0.406855
Model_Proj.dat 7 2009  F_Mean 0.406855
Model_Proj.dat 7 2010 F0 0 
Model_Proj.dat 7 2010 Fabc 0.406856
Model_Proj.dat 7 2010 Fofl 0.503663
Model_Proj.dat 7 2010  F_LCI 0.406855
Model_Proj.dat 7 2010  F_UCI 0.406855
Model_Proj.dat 7 2010  F_Median 0.406855
Model_Proj.dat 7 2010  F_Mean 0.406855
